Data graph path: /fdu-zyj/labelSK
Query graph path: /fdu-zyj/query/query.txt
Output graph path: /fdu-zyj/output
Partition Method: 
Preprocess Method: 0
Filter Method: 0
Order Method: random
Enumerate Method: 1
=================Start loading data graph ...=====================
Load Graph Time : 51.795826 seconds
=================Start loading query...===================
Worker 0: "hdfs://master:9000/fdu-zyj/query/query.txt" loaded
Communication Time : 0.000110 seconds
- Serialization Time : 0.000009 seconds
- Transfer Time : 0.000100 seconds
Load Query Time : 0.480736 seconds
=================Start building query tree...===================
this->nodes size: 5
Node 0
Label: 97
Branch number: 0
Neighbors: [1, 2]
Backward neighbors: []
Backward same labels: []
It has 1 children.
Node 1
Label: 98
Branch number: 0
Neighbors: [0, 2]
Backward neighbors: []
Backward same labels: []
It has 1 children.
Node 2
Label: 99
Branch number: 0
Neighbors: [0, 1, 3]
Backward neighbors: [0]
Backward same labels: []
It has 1 children.
Node 3
Label: 98
Branch number: 0
Neighbors: [2, 4]
Backward neighbors: []
Backward same labels: [1]
It has 1 children.
Node 4
Label: 100
Branch number: 0
Neighbors: [3]
Backward neighbors: []
Backward same labels: []
It has 0 children.
Build Query Tree Time : 0.000637 seconds
================Start matching...======================
Superstep 1 done.Time elapsed: 0.137938 seconds
#msgs: 34624
Superstep 2 done.Time elapsed: 0.729155 seconds
#msgs: 22113
Superstep 3 done.Time elapsed: 0.283392 seconds
#msgs: 12698
Superstep 4 done.Time elapsed: 2.319 seconds
#msgs: 15481
Superstep 5 done.Time elapsed: 1.14996 seconds
#msgs: 0
Subgraph matching done. 
Communication Time : 1.238212 seconds
- Serialization Time : 0.474568 seconds
- Transfer Time : 0.763299 seconds
Total Computational Time : 4.697621 seconds
Total #msgs=84916, Total #vadd=0
From start to end: total time: 12.5617 s
Loop through messages 12.1522 s
Time of first step: 0.430366 s
1. To be selected (check feasibility): 1.16103 s
2. Append current vertex id: 5.62553 s
3. Add dummy vertex: 0.552127 s
4. Continue mapping and clear bucket: 0.149436 s
 - Continue mapping: 0.135837 s
================Start enumerating...===================
Superstep 1 done.Time elapsed: 0.032824 seconds
#msgs: 0
Subgraph enumeration done. 
Communication Time : 0.018316 seconds
- Serialization Time : 0.000113 seconds
- Transfer Time : 0.018082 seconds
Total Computational Time : 0.080215 seconds
Total #msgs=0, Total #vadd=0
From start to end: total time: 0.0021112 s
 - continue enumerating: 0 s
 - expand time: 0 s
================ Final Report ===============
Mapping count: 7.84184e+06
Load time: 52.2766 s.
Dump time: 0 s.
Compute time: 4.77877 s.
Offline time: 55.7217 s.
Online time: 5.69567 s.
