Data graph path: /fdu-zyj/labelyou
Query graph path: /fdu-zyj/query/query.txt
Output graph path: /fdu-zyj/output
Partition Method: 
Preprocess Method: 0
Filter Method: 0
Order Method: random
Enumerate Method: 1
=================Start loading data graph ...=====================
Load Graph Time : 21.404981 seconds
=================Start loading query...===================
Worker 0: "hdfs://master:9000/fdu-zyj/query/query.txt" loaded
Communication Time : 0.000113 seconds
- Serialization Time : 0.000022 seconds
- Transfer Time : 0.000091 seconds
Load Query Time : 0.594872 seconds
=================Start building query tree...===================
this->nodes size: 5
Node 0
Label: 97
Branch number: 0
Neighbors: [1, 2]
Backward neighbors: []
Backward same labels: []
It has 1 children.
Node 1
Label: 98
Branch number: 0
Neighbors: [0, 2]
Backward neighbors: []
Backward same labels: []
It has 1 children.
Node 2
Label: 99
Branch number: 0
Neighbors: [0, 1, 3]
Backward neighbors: [0]
Backward same labels: []
It has 1 children.
Node 3
Label: 98
Branch number: 0
Neighbors: [2, 4]
Backward neighbors: []
Backward same labels: [1]
It has 1 children.
Node 4
Label: 100
Branch number: 0
Neighbors: [3]
Backward neighbors: []
Backward same labels: []
It has 0 children.
Build Query Tree Time : 0.000652 seconds
================Start matching...======================
Superstep 1 done.Time elapsed: 0.107203 seconds
#msgs: 8620
Superstep 2 done.Time elapsed: 0.0746109 seconds
#msgs: 5023
Superstep 3 done.Time elapsed: 0.0685341 seconds
#msgs: 2798
Superstep 4 done.Time elapsed: 0.0959151 seconds
#msgs: 3187
Superstep 5 done.Time elapsed: 0.0931051 seconds
#msgs: 0
Subgraph matching done. 
Communication Time : 0.230234 seconds
- Serialization Time : 0.014194 seconds
- Transfer Time : 0.213067 seconds
Total Computational Time : 0.463886 seconds
Total #msgs=19628, Total #vadd=0
From start to end: total time: 0.628427 s
Loop through messages 0.402309 s
Time of first step: 0.289928 s
1. To be selected (check feasibility): 0.0373991 s
2. Append current vertex id: 0.192867 s
3. Add dummy vertex: 0.0259619 s
4. Continue mapping and clear bucket: 0.0445366 s
 - Continue mapping: 0.0376778 s
================Start enumerating...===================
Superstep 1 done.Time elapsed: 0.053194 seconds
#msgs: 0
Subgraph enumeration done. 
Communication Time : 0.006729 seconds
- Serialization Time : 0.000103 seconds
- Transfer Time : 0.006533 seconds
Total Computational Time : 0.074441 seconds
Total #msgs=0, Total #vadd=0
From start to end: total time: 0.000562429 s
 - continue enumerating: 0 s
 - expand time: 0 s
================ Final Report ===============
Mapping count: 238901
Load time: 21.9999 s.
Dump time: 0 s.
Compute time: 0.53928 s.
Offline time: 25.8094 s.
Online time: 1.31875 s.
