#
# A fatal error has been detected by the Java Runtime Environment:
#
#  SIGSEGV (0xb) at pc=0x00000000004958e3, pid=15533, tid=0x00007fe7b57a2740
#
# JRE version: OpenJDK Runtime Environment (8.0_265-b01) (build 1.8.0_265-8u265-b01-0ubuntu2~20.04-b01)
# Java VM: OpenJDK 64-Bit Server VM (25.265-b01 mixed mode linux-amd64 compressed oops)
# Problematic frame:
# C  [subgraph+0x958e3]  SIVertex::enumerate_new(std::vector<SIMessage, std::allocator<SIMessage> >&)+0x263
#
# Failed to write core dump. Core dumps have been disabled. To enable core dumping, try "ulimit -c unlimited" before starting Java again
#
# If you would like to submit a bug report, please visit:
#   http://bugreport.java.com/bugreport/crash.jsp
# The crash happened outside the Java Virtual Machine in native code.
# See problematic frame for where to report the bug.
#

---------------  T H R E A D  ---------------

Current thread (0x0000000001141800):  JavaThread "main" [_thread_in_native, id=15533, stack(0x00007ffec1f10000,0x00007ffec2010000)]

siginfo: si_signo: 11 (SIGSEGV), si_code: 1 (SEGV_MAPERR), si_addr: 0xffffffff0803e1c0

Registers:
RAX=0xffffffff0803e1c0, RBX=0x0000000000000000, RCX=0x0000000000000000, RDX=0xffffffff080321c0
RSP=0x00007ffec200c8c0, RBP=0x00007ffec200caa0, RSI=0xffffffffc200c870, RDI=0x0000000100000000
R8 =0x0000000001c92550, R9 =0x00007ffec200c700, R10=0x0000000000000001, R11=0x0000000000000000
R12=0x0000000000000005, R13=0x00007ffec200cfa0, R14=0x0000000000000000, R15=0x0000000000000000
RIP=0x00000000004958e3, EFLAGS=0x0000000000010286, CSGSFS=0x002b000000000033, ERR=0x0000000000000005
  TRAPNO=0x000000000000000e

Top of Stack: (sp=0x00007ffec200c8c0)
0x00007ffec200c8c0:   0000000001c82ca0 0000000001cf8200
0x00007ffec200c8d0:   0107f01000000000 00007ffe00000003
0x00007ffec200c8e0:   0000000200000000 0000000000000000
0x00007ffec200c8f0:   0000000000000000 00007fe7b5e26e77
0x00007ffec200c900:   00007ffec200cc10 0000000100000000
0x00007ffec200c910:   00007ffec200ca18 0000000001c839d0
0x00007ffec200c920:   0000000001c8a750 0000000001cf8260
0x00007ffec200c930:   0000000000000002 0000000000000001
0x00007ffec200c940:   0000000000000000 0000000000000000
0x00007ffec200c950:   0000000000000000 1485d4c55801e900
0x00007ffec200c960:   0000000000000000 0000000000000000
0x00007ffec200c970:   0000000000000000 0000000000516400
0x00007ffec200c980:   0000000000000002 0000000001bddfe0
0x00007ffec200c990:   0000000001bddfe8 0000000001bddfe8
0x00007ffec200c9a0:   0000000000515800 0000000001c91870
0x00007ffec200c9b0:   0000000001c91e78 0000000001c91e78
0x00007ffec200c9c0:   0000000000000000 0000000400000000
0x00007ffec200c9d0:   0000000001be91b0 0000000001be91b4
0x00007ffec200c9e0:   0000000001be91b4 0000000000000000
0x00007ffec200c9f0:   0000000000000000 0000000000000000
0x00007ffec200ca00:   0000000000000000 0000000001cf8260
0x00007ffec200ca10:   0000000001bddfc4 0000000000000000
0x00007ffec200ca20:   0000000000000000 0000000000000000
0x00007ffec200ca30:   0000000500000003 0000000001bddfc4
0x00007ffec200ca40:   0000000000000000 0000000000000000
0x00007ffec200ca50:   0000000000000000 0000000001c839b0
0x00007ffec200ca60:   0000000001c839b4 0000000001c839b4
0x00007ffec200ca70:   0000000000000000 0000000000000000
0x00007ffec200ca80:   0000000000000000 1485d4c55801e900
0x00007ffec200ca90:   0000000001cf8200 0000000000000002
0x00007ffec200caa0:   00007ffec200cb00 00000000004a60dc
0x00007ffec200cab0:   000000000000000a 00007ffec200cb70 

Instructions: (pc=0x00000000004958e3)
0x00000000004958c3:   ff 89 d6 48 89 c7 e8 76 ed ff ff 48 63 d0 48 8b
0x00000000004958d3:   85 68 fe ff ff 48 89 d6 48 89 c7 e8 33 3a 00 00
0x00000000004958e3:   8b 00 89 85 44 fe ff ff c7 85 38 fe ff ff 00 00
0x00000000004958f3:   00 00 8b 95 40 fe ff ff 48 8b 85 60 fe ff ff 89 

Register to memory mapping:

RAX=0xffffffff0803e1c0 is an unknown value
RBX=0x0000000000000000 is an unknown value
RCX=0x0000000000000000 is an unknown value
RDX=0xffffffff080321c0 is an unknown value
RSP=0x00007ffec200c8c0 is pointing into the stack for thread: 0x0000000001141800
RBP=0x00007ffec200caa0 is pointing into the stack for thread: 0x0000000001141800
RSI=0xffffffffc200c870 is an unknown value
RDI=0x0000000100000000 is pointing into metadata
R8 =0x0000000001c92550 is an unknown value
R9 =0x00007ffec200c700 is pointing into the stack for thread: 0x0000000001141800
R10=0x0000000000000001 is an unknown value
R11=0x0000000000000000 is an unknown value
R12=0x0000000000000005 is an unknown value
R13=0x00007ffec200cfa0 is pointing into the stack for thread: 0x0000000001141800
R14=0x0000000000000000 is an unknown value
R15=0x0000000000000000 is an unknown value


Stack: [0x00007ffec1f10000,0x00007ffec2010000],  sp=0x00007ffec200c8c0,  free space=1010k
Native frames: (J=compiled Java code, j=interpreted, Vv=VM code, C=native code)
C  [subgraph+0x958e3]  SIVertex::enumerate_new(std::vector<SIMessage, std::allocator<SIMessage> >&)+0x263
C  [subgraph+0xa60dc]  Worker<SIVertex, SIQuery, DummyAgg>::active_compute(int, WorkerParams, int)+0x200
C  [subgraph+0x9c950]  Worker<SIVertex, SIQuery, DummyAgg>::run_type(int, WorkerParams const&)+0x282
C  [subgraph+0x8c27f]  pregel_subgraph(WorkerParams const&)+0xee
C  [subgraph+0x8c45d]  main+0x13b
C  [libc.so.6+0x270b3]  __libc_start_main+0xf3


---------------  P R O C E S S  ---------------

Java Threads: ( => current thread )
  0x0000000001d05000 JavaThread "org.apache.hadoop.hdfs.PeerCache@7b205dbd" daemon [_thread_blocked, id=15567, stack(0x00007fe798ec9000,0x00007fe798fca000)]
  0x0000000001c27000 JavaThread "client DomainSocketWatcher" daemon [_thread_in_native, id=15558, stack(0x00007fe7993cc000,0x00007fe7994cd000)]
  0x0000000001a25000 JavaThread "org.apache.hadoop.fs.FileSystem$Statistics$StatisticsDataReferenceCleaner" daemon [_thread_blocked, id=15557, stack(0x00007fe799cfd000,0x00007fe799dfe000)]
  0x00000000019c7000 JavaThread "process reaper" daemon [_thread_blocked, id=15555, stack(0x00007fe799dfe000,0x00007fe799e37000)]
  0x00000000011f6800 JavaThread "Service Thread" daemon [_thread_blocked, id=15549, stack(0x00007fe79a616000,0x00007fe79a717000)]
  0x00000000011f3800 JavaThread "C1 CompilerThread2" daemon [_thread_blocked, id=15548, stack(0x00007fe79a718000,0x00007fe79a818000)]
  0x00000000011f2000 JavaThread "C2 CompilerThread1" daemon [_thread_blocked, id=15547, stack(0x00007fe79a819000,0x00007fe79a919000)]
  0x00000000011ef000 JavaThread "C2 CompilerThread0" daemon [_thread_in_native, id=15546, stack(0x00007fe79a91a000,0x00007fe79aa1a000)]
  0x00000000011ed800 JavaThread "Signal Dispatcher" daemon [_thread_blocked, id=15545, stack(0x00007fe79aa1a000,0x00007fe79ab1b000)]
  0x00000000011bc800 JavaThread "Finalizer" daemon [_thread_blocked, id=15544, stack(0x00007fe79b8f9000,0x00007fe79b9fa000)]
  0x00000000011b8000 JavaThread "Reference Handler" daemon [_thread_blocked, id=15543, stack(0x00007fe79b9fa000,0x00007fe79bafb000)]
=>0x0000000001141800 JavaThread "main" [_thread_in_native, id=15533, stack(0x00007ffec1f10000,0x00007ffec2010000)]

Other Threads:
  0x00000000011ae800 VMThread [stack: 0x00007fe79bafc000,0x00007fe79bbfc000] [id=15542]
  0x00000000011f9000 WatcherThread [stack: 0x00007fe79a516000,0x00007fe79a616000] [id=15550]

VM state:not at safepoint (normal execution)

VM Mutex/Monitor currently owned by a thread: None

heap address: 0x00000000c2800000, size: 984 MB, Compressed Oops mode: 32-bit
Narrow klass base: 0x0000000000000000, Narrow klass shift: 3
Compressed class space size: 1073741824 Address: 0x0000000100000000

Heap:
 PSYoungGen      total 68608K, used 28531K [0x00000000eb800000, 0x00000000f0200000, 0x0000000100000000)
  eden space 62976K, 37% used [0x00000000eb800000,0x00000000ecee4cd8,0x00000000ef580000)
  from space 5632K, 90% used [0x00000000efb80000,0x00000000f00781a0,0x00000000f0100000)
  to   space 6144K, 0% used [0x00000000ef580000,0x00000000ef580000,0x00000000efb80000)
 ParOldGen       total 42496K, used 6062K [0x00000000c2800000, 0x00000000c5180000, 0x00000000eb800000)
  object space 42496K, 14% used [0x00000000c2800000,0x00000000c2deb9d0,0x00000000c5180000)
 Metaspace       used 20407K, capacity 20568K, committed 20864K, reserved 1067008K
  class space    used 2287K, capacity 2340K, committed 2432K, reserved 1048576K

Card table byte_map: [0x00007fe7a1e2b000,0x00007fe7a2018000] byte_map_base: 0x00007fe7a1817000

Marking Bits: (ParMarkBitMap*) 0x00007fe7b6bfa520
 Begin Bits: [0x00007fe78fa1f000, 0x00007fe79097f000)
 End Bits:   [0x00007fe79097f000, 0x00007fe7918df000)

Polling page: 0x00007fe7b5d15000

CodeCache: size=245760Kb used=4242Kb max_used=4242Kb free=241517Kb
 bounds [0x00007fe7a23d8000, 0x00007fe7a2808000, 0x00007fe7b13d8000]
 total_blobs=1429 nmethods=1006 adapters=336
 compilation: enabled

Compilation events (10 events):
Event: 2.808 Thread 0x00000000011f3800 1006       3       java.net.URI$Parser::scan (50 bytes)
Event: 2.808 Thread 0x00000000011f3800 nmethod 1006 0x00007fe7a27f2c50 code [0x00007fe7a27f2e20, 0x00007fe7a27f36c8]
Event: 2.808 Thread 0x00000000011f3800 1009       3       com.google.protobuf.CodedOutputStream::computeRawVarint32Size (39 bytes)
Event: 2.808 Thread 0x00000000011f3800 nmethod 1009 0x00007fe7a27f3b50 code [0x00007fe7a27f3cc0, 0x00007fe7a27f3f50]
Event: 2.808 Thread 0x00000000011f3800 1007       3       java.lang.Integer::parseInt (7 bytes)
Event: 2.808 Thread 0x00000000011f3800 nmethod 1007 0x00007fe7a27f3fd0 code [0x00007fe7a27f4140, 0x00007fe7a27f42a8]
Event: 2.808 Thread 0x00000000011f3800 1005       1       java.util.Collections$EmptyIterator::hasNext (2 bytes)
Event: 2.808 Thread 0x00000000011f3800 nmethod 1005 0x00007fe7a27f4350 code [0x00007fe7a27f44a0, 0x00007fe7a27f45b0]
Event: 2.808 Thread 0x00000000011f3800 1008       1       java.net.InetAddress::holder (5 bytes)
Event: 2.809 Thread 0x00000000011f3800 nmethod 1008 0x00007fe7a27f4610 code [0x00007fe7a27f4760, 0x00007fe7a27f4870]

GC Heap History (10 events):
Event: 0.777 GC heap before
{Heap before GC invocations=2 (full 0):
 PSYoungGen      total 18432K, used 18424K [0x00000000eb800000, 0x00000000ecc80000, 0x0000000100000000)
  eden space 15872K, 100% used [0x00000000eb800000,0x00000000ec780000,0x00000000ec780000)
  from space 2560K, 99% used [0x00000000ec780000,0x00000000ec9fe1d8,0x00000000eca00000)
  to   space 2560K, 0% used [0x00000000eca00000,0x00000000eca00000,0x00000000ecc80000)
 ParOldGen       total 42496K, used 175K [0x00000000c2800000, 0x00000000c5180000, 0x00000000eb800000)
  object space 42496K, 0% used [0x00000000c2800000,0x00000000c282bc70,0x00000000c5180000)
 Metaspace       used 8044K, capacity 8156K, committed 8448K, reserved 1056768K
  class space    used 876K, capacity 912K, committed 1024K, reserved 1048576K
Event: 0.786 GC heap after
Heap after GC invocations=2 (full 0):
 PSYoungGen      total 18432K, used 2550K [0x00000000eb800000, 0x00000000edc00000, 0x0000000100000000)
  eden space 15872K, 0% used [0x00000000eb800000,0x00000000eb800000,0x00000000ec780000)
  from space 2560K, 99% used [0x00000000eca00000,0x00000000ecc7d9e0,0x00000000ecc80000)
  to   space 2560K, 0% used [0x00000000ec780000,0x00000000ec780000,0x00000000eca00000)
 ParOldGen       total 42496K, used 982K [0x00000000c2800000, 0x00000000c5180000, 0x00000000eb800000)
  object space 42496K, 2% used [0x00000000c2800000,0x00000000c28f58b8,0x00000000c5180000)
 Metaspace       used 8044K, capacity 8156K, committed 8448K, reserved 1056768K
  class space    used 876K, capacity 912K, committed 1024K, reserved 1048576K
}
Event: 1.224 GC heap before
{Heap before GC invocations=3 (full 0):
 PSYoungGen      total 18432K, used 18422K [0x00000000eb800000, 0x00000000edc00000, 0x0000000100000000)
  eden space 15872K, 100% used [0x00000000eb800000,0x00000000ec780000,0x00000000ec780000)
  from space 2560K, 99% used [0x00000000eca00000,0x00000000ecc7d9e0,0x00000000ecc80000)
  to   space 2560K, 0% used [0x00000000ec780000,0x00000000ec780000,0x00000000eca00000)
 ParOldGen       total 42496K, used 982K [0x00000000c2800000, 0x00000000c5180000, 0x00000000eb800000)
  object space 42496K, 2% used [0x00000000c2800000,0x00000000c28f58b8,0x00000000c5180000)
 Metaspace       used 10835K, capacity 11062K, committed 11392K, reserved 1058816K
  class space    used 1201K, capacity 1283K, committed 1408K, reserved 1048576K
Event: 1.228 GC heap after
Heap after GC invocations=3 (full 0):
 PSYoungGen      total 18432K, used 2534K [0x00000000eb800000, 0x00000000edc00000, 0x0000000100000000)
  eden space 15872K, 0% used [0x00000000eb800000,0x00000000eb800000,0x00000000ec780000)
  from space 2560K, 99% used [0x00000000ec780000,0x00000000ec9f9af0,0x00000000eca00000)
  to   space 2560K, 0% used [0x00000000ed980000,0x00000000ed980000,0x00000000edc00000)
 ParOldGen       total 42496K, used 1831K [0x00000000c2800000, 0x00000000c5180000, 0x00000000eb800000)
  object space 42496K, 4% used [0x00000000c2800000,0x00000000c29c9f18,0x00000000c5180000)
 Metaspace       used 10835K, capacity 11062K, committed 11392K, reserved 1058816K
  class space    used 1201K, capacity 1283K, committed 1408K, reserved 1048576K
}
Event: 1.397 GC heap before
{Heap before GC invocations=4 (full 0):
 PSYoungGen      total 18432K, used 18406K [0x00000000eb800000, 0x00000000edc00000, 0x0000000100000000)
  eden space 15872K, 100% used [0x00000000eb800000,0x00000000ec780000,0x00000000ec780000)
  from space 2560K, 99% used [0x00000000ec780000,0x00000000ec9f9af0,0x00000000eca00000)
  to   space 2560K, 0% used [0x00000000ed980000,0x00000000ed980000,0x00000000edc00000)
 ParOldGen       total 42496K, used 1831K [0x00000000c2800000, 0x00000000c5180000, 0x00000000eb800000)
  object space 42496K, 4% used [0x00000000c2800000,0x00000000c29c9f18,0x00000000c5180000)
 Metaspace       used 13095K, capacity 13302K, committed 13696K, reserved 1060864K
  class space    used 1475K, capacity 1539K, committed 1664K, reserved 1048576K
Event: 1.402 GC heap after
Heap after GC invocations=4 (full 0):
 PSYoungGen      total 34304K, used 2544K [0x00000000eb800000, 0x00000000edc00000, 0x0000000100000000)
  eden space 31744K, 0% used [0x00000000eb800000,0x00000000eb800000,0x00000000ed700000)
  from space 2560K, 99% used [0x00000000ed980000,0x00000000edbfc010,0x00000000edc00000)
  to   space 2560K, 0% used [0x00000000ed700000,0x00000000ed700000,0x00000000ed980000)
 ParOldGen       total 42496K, used 3270K [0x00000000c2800000, 0x00000000c5180000, 0x00000000eb800000)
  object space 42496K, 7% used [0x00000000c2800000,0x00000000c2b31af8,0x00000000c5180000)
 Metaspace       used 13095K, capacity 13302K, committed 13696K, reserved 1060864K
  class space    used 1475K, capacity 1539K, committed 1664K, reserved 1048576K
}
Event: 1.551 GC heap before
{Heap before GC invocations=5 (full 0):
 PSYoungGen      total 34304K, used 34288K [0x00000000eb800000, 0x00000000edc00000, 0x0000000100000000)
  eden space 31744K, 100% used [0x00000000eb800000,0x00000000ed700000,0x00000000ed700000)
  from space 2560K, 99% used [0x00000000ed980000,0x00000000edbfc010,0x00000000edc00000)
  to   space 2560K, 0% used [0x00000000ed700000,0x00000000ed700000,0x00000000ed980000)
 ParOldGen       total 42496K, used 3270K [0x00000000c2800000, 0x00000000c5180000, 0x00000000eb800000)
  object space 42496K, 7% used [0x00000000c2800000,0x00000000c2b31af8,0x00000000c5180000)
 Metaspace       used 15689K, capacity 15862K, committed 16256K, reserved 1062912K
  class space    used 1728K, capacity 1795K, committed 1920K, reserved 1048576K
Event: 1.556 GC heap after
Heap after GC invocations=5 (full 0):
 PSYoungGen      total 34304K, used 2560K [0x00000000eb800000, 0x00000000f0100000, 0x0000000100000000)
  eden space 31744K, 0% used [0x00000000eb800000,0x00000000eb800000,0x00000000ed700000)
  from space 2560K, 100% used [0x00000000ed700000,0x00000000ed980000,0x00000000ed980000)
  to   space 5632K, 0% used [0x00000000efb80000,0x00000000efb80000,0x00000000f0100000)
 ParOldGen       total 42496K, used 6054K [0x00000000c2800000, 0x00000000c5180000, 0x00000000eb800000)
  object space 42496K, 14% used [0x00000000c2800000,0x00000000c2de99d0,0x00000000c5180000)
 Metaspace       used 15689K, capacity 15862K, committed 16256K, reserved 1062912K
  class space    used 1728K, capacity 1795K, committed 1920K, reserved 1048576K
}
Event: 1.932 GC heap before
{Heap before GC invocations=6 (full 0):
 PSYoungGen      total 34304K, used 34304K [0x00000000eb800000, 0x00000000f0100000, 0x0000000100000000)
  eden space 31744K, 100% used [0x00000000eb800000,0x00000000ed700000,0x00000000ed700000)
  from space 2560K, 100% used [0x00000000ed700000,0x00000000ed980000,0x00000000ed980000)
  to   space 5632K, 0% used [0x00000000efb80000,0x00000000efb80000,0x00000000f0100000)
 ParOldGen       total 42496K, used 6054K [0x00000000c2800000, 0x00000000c5180000, 0x00000000eb800000)
  object space 42496K, 14% used [0x00000000c2800000,0x00000000c2de99d0,0x00000000c5180000)
 Metaspace       used 18770K, capacity 18936K, committed 19200K, reserved 1067008K
  class space    used 2120K, capacity 2180K, committed 2304K, reserved 1048576K
Event: 1.939 GC heap after
Heap after GC invocations=6 (full 0):
 PSYoungGen      total 68608K, used 5088K [0x00000000eb800000, 0x00000000f0200000, 0x0000000100000000)
  eden space 62976K, 0% used [0x00000000eb800000,0x00000000eb800000,0x00000000ef580000)
  from space 5632K, 90% used [0x00000000efb80000,0x00000000f00781a0,0x00000000f0100000)
  to   space 6144K, 0% used [0x00000000ef580000,0x00000000ef580000,0x00000000efb80000)
 ParOldGen       total 42496K, used 6062K [0x00000000c2800000, 0x00000000c5180000, 0x00000000eb800000)
  object space 42496K, 14% used [0x00000000c2800000,0x00000000c2deb9d0,0x00000000c5180000)
 Metaspace       used 18770K, capacity 18936K, committed 19200K, reserved 1067008K
  class space    used 2120K, capacity 2180K, committed 2304K, reserved 1048576K
}

Deoptimization events (10 events):
Event: 0.315 Thread 0x0000000001141800 Uncommon trap: reason=unstable_if action=reinterpret pc=0x00007fe7a255836c method=java.lang.String.indexOf([CII[CIII)I @ 134
Event: 1.041 Thread 0x0000000001141800 Uncommon trap: reason=unstable_if action=reinterpret pc=0x00007fe7a26841b4 method=com.ctc.wstx.io.WstxInputData.isNameChar(C)Z @ 31
Event: 1.194 Thread 0x0000000001141800 Uncommon trap: reason=unstable_if action=reinterpret pc=0x00007fe7a268f588 method=com.ctc.wstx.sr.BasicStreamReader.readTextPrimary(C)Z @ 191
Event: 2.145 Thread 0x0000000001141800 Uncommon trap: reason=predicate action=maybe_recompile pc=0x00007fe7a27bd58c method=java.util.LinkedList.toArray([Ljava/lang/Object;)[Ljava/lang/Object; @ 45
Event: 2.341 Thread 0x0000000001141800 Uncommon trap: reason=bimorphic action=maybe_recompile pc=0x00007fe7a2764974 method=java.io.DataOutputStream.writeShort(I)V @ 12
Event: 2.631 Thread 0x0000000001141800 Uncommon trap: reason=array_check action=maybe_recompile pc=0x00007fe7a27e35d0 method=java.util.LinkedList.toArray([Ljava/lang/Object;)[Ljava/lang/Object; @ 55
Event: 2.631 Thread 0x0000000001141800 Uncommon trap: reason=array_check action=maybe_recompile pc=0x00007fe7a27e35d0 method=java.util.LinkedList.toArray([Ljava/lang/Object;)[Ljava/lang/Object; @ 55
Event: 2.631 Thread 0x0000000001141800 Uncommon trap: reason=array_check action=maybe_recompile pc=0x00007fe7a27e35d0 method=java.util.LinkedList.toArray([Ljava/lang/Object;)[Ljava/lang/Object; @ 55
Event: 2.631 Thread 0x0000000001141800 Uncommon trap: reason=array_check action=maybe_recompile pc=0x00007fe7a27e35d0 method=java.util.LinkedList.toArray([Ljava/lang/Object;)[Ljava/lang/Object; @ 55
Event: 2.808 Thread 0x0000000001141800 Uncommon trap: reason=bimorphic action=maybe_recompile pc=0x00007fe7a2764974 method=java.io.DataOutputStream.writeShort(I)V @ 12

Classes redefined (0 events):
No events

Internal exceptions (10 events):
Event: 1.159 Thread 0x0000000001141800 Exception <a 'java/lang/NoSuchFieldError': method resolution failed> (0x00000000ec4e7728) thrown at [/build/openjdk-8-ncNGZp/openjdk-8-8u265-b01/src/hotspot/src/share/vm/prims/methodHandles.cpp, line 1169]
Event: 1.214 Thread 0x0000000001141800 Exception <a 'java/io/FileNotFoundException'> (0x00000000ec67e878) thrown at [/build/openjdk-8-ncNGZp/openjdk-8-8u265-b01/src/hotspot/src/share/vm/prims/jni.cpp, line 711]
Event: 1.214 Thread 0x0000000001141800 Exception <a 'java/security/PrivilegedActionException'> (0x00000000ec67ece0) thrown at [/build/openjdk-8-ncNGZp/openjdk-8-8u265-b01/src/hotspot/src/share/vm/prims/jvm.cpp, line 1510]
Event: 1.215 Thread 0x0000000001141800 Exception <a 'java/lang/reflect/InvocationTargetException'> (0x00000000ec680e28) thrown at [/build/openjdk-8-ncNGZp/openjdk-8-8u265-b01/src/hotspot/src/share/vm/runtime/reflection.cpp, line 1090]
Event: 1.972 Thread 0x0000000001c5a800 Exception <a 'java/lang/InterruptedException'> (0x00000000eb9330e0) thrown at [/build/openjdk-8-ncNGZp/openjdk-8-8u265-b01/src/hotspot/src/share/vm/runtime/objectMonitor.cpp, line 1692]
Event: 2.096 Thread 0x0000000001c7d800 Exception <a 'java/lang/InterruptedException'> (0x00000000ebb26190) thrown at [/build/openjdk-8-ncNGZp/openjdk-8-8u265-b01/src/hotspot/src/share/vm/runtime/objectMonitor.cpp, line 1692]
Event: 2.373 Thread 0x0000000001c92000 Exception <a 'java/lang/InterruptedException'> (0x00000000ebd2c638) thrown at [/build/openjdk-8-ncNGZp/openjdk-8-8u265-b01/src/hotspot/src/share/vm/runtime/objectMonitor.cpp, line 1692]
Event: 2.618 Thread 0x0000000001c92000 Exception <a 'java/lang/InterruptedException'> (0x00000000ecb383e8) thrown at [/build/openjdk-8-ncNGZp/openjdk-8-8u265-b01/src/hotspot/src/share/vm/runtime/objectMonitor.cpp, line 1692]
Event: 2.658 Thread 0x0000000001c92000 Exception <a 'java/lang/InterruptedException'> (0x00000000ecd40360) thrown at [/build/openjdk-8-ncNGZp/openjdk-8-8u265-b01/src/hotspot/src/share/vm/runtime/objectMonitor.cpp, line 1692]
Event: 2.810 Thread 0x0000000001c92000 Exception <a 'java/lang/InterruptedException'> (0x00000000ece13448) thrown at [/build/openjdk-8-ncNGZp/openjdk-8-8u265-b01/src/hotspot/src/share/vm/runtime/objectMonitor.cpp, line 1692]

Events (10 events):
Event: 2.655 Thread 0x0000000001d04000 Thread added: 0x0000000001d04000
Event: 2.658 Thread 0x0000000001c92000 Thread exited: 0x0000000001c92000
Event: 2.670 Thread 0x0000000001d04000 Thread exited: 0x0000000001d04000
Event: 2.787 Thread 0x0000000001c92000 Thread added: 0x0000000001c92000
Event: 2.805 Thread 0x0000000001d04000 Thread added: 0x0000000001d04000
Event: 2.808 Thread 0x0000000001141800 Uncommon trap: trap_request=0xffffffc6 fr.pc=0x00007fe7a2764974
Event: 2.808 Thread 0x0000000001141800 DEOPT PACKING pc=0x00007fe7a2764974 sp=0x00007ffec1ffbd10
Event: 2.808 Thread 0x0000000001141800 DEOPT UNPACKING pc=0x00007fe7a241d47a sp=0x00007ffec1ffbd20 mode 2
Event: 2.810 Thread 0x0000000001c92000 Thread exited: 0x0000000001c92000
Event: 2.821 Thread 0x0000000001d04000 Thread exited: 0x0000000001d04000


Dynamic libraries:
00400000-00485000 r--p 00000000 08:05 803621                             /home/yuejia/Documents/Pregel+/subgraph/Debug/subgraph
00485000-004e5000 r-xp 00085000 08:05 803621                             /home/yuejia/Documents/Pregel+/subgraph/Debug/subgraph
004e5000-00513000 r--p 000e5000 08:05 803621                             /home/yuejia/Documents/Pregel+/subgraph/Debug/subgraph
00513000-00515000 r--p 00112000 08:05 803621                             /home/yuejia/Documents/Pregel+/subgraph/Debug/subgraph
00515000-00516000 rw-p 00114000 08:05 803621                             /home/yuejia/Documents/Pregel+/subgraph/Debug/subgraph
00516000-00518000 rw-p 00000000 00:00 0 
0107f000-01d16000 rw-p 00000000 00:00 0                                  [heap]
c2800000-c5180000 rw-p 00000000 00:00 0 
c5180000-eb800000 ---p 00000000 00:00 0 
eb800000-f0200000 rw-p 00000000 00:00 0 
f0200000-100000000 ---p 00000000 00:00 0 
100000000-100260000 rw-p 00000000 00:00 0 
100260000-140000000 ---p 00000000 00:00 0 
7fe748000000-7fe748021000 rw-p 00000000 00:00 0 
7fe748021000-7fe74c000000 ---p 00000000 00:00 0 
7fe74c000000-7fe74c021000 rw-p 00000000 00:00 0 
7fe74c021000-7fe750000000 ---p 00000000 00:00 0 
7fe750000000-7fe750021000 rw-p 00000000 00:00 0 
7fe750021000-7fe754000000 ---p 00000000 00:00 0 
7fe754000000-7fe754024000 rw-p 00000000 00:00 0 
7fe754024000-7fe758000000 ---p 00000000 00:00 0 
7fe758000000-7fe758021000 rw-p 00000000 00:00 0 
7fe758021000-7fe75c000000 ---p 00000000 00:00 0 
7fe75c000000-7fe75c021000 rw-p 00000000 00:00 0 
7fe75c021000-7fe760000000 ---p 00000000 00:00 0 
7fe760000000-7fe760021000 rw-p 00000000 00:00 0 
7fe760021000-7fe764000000 ---p 00000000 00:00 0 
7fe764000000-7fe764021000 rw-p 00000000 00:00 0 
7fe764021000-7fe768000000 ---p 00000000 00:00 0 
7fe768000000-7fe7684db000 rw-p 00000000 00:00 0 
7fe7684db000-7fe76c000000 ---p 00000000 00:00 0 
7fe76c000000-7fe76c4aa000 rw-p 00000000 00:00 0 
7fe76c4aa000-7fe770000000 ---p 00000000 00:00 0 
7fe770000000-7fe770021000 rw-p 00000000 00:00 0 
7fe770021000-7fe774000000 ---p 00000000 00:00 0 
7fe774000000-7fe7753f1000 rw-p 00000000 00:00 0 
7fe7753f1000-7fe778000000 ---p 00000000 00:00 0 
7fe778000000-7fe778021000 rw-p 00000000 00:00 0 
7fe778021000-7fe77c000000 ---p 00000000 00:00 0 
7fe77c000000-7fe77c021000 rw-p 00000000 00:00 0 
7fe77c021000-7fe780000000 ---p 00000000 00:00 0 
7fe780000000-7fe780021000 rw-p 00000000 00:00 0 
7fe780021000-7fe784000000 ---p 00000000 00:00 0 
7fe784000000-7fe784021000 rw-p 00000000 00:00 0 
7fe784021000-7fe788000000 ---p 00000000 00:00 0 
7fe788000000-7fe788021000 rw-p 00000000 00:00 0 
7fe788021000-7fe78c000000 ---p 00000000 00:00 0 
7fe78fa1f000-7fe7918df000 rw-p 00000000 00:00 0 
7fe794000000-7fe794021000 rw-p 00000000 00:00 0 
7fe794021000-7fe798000000 ---p 00000000 00:00 0 
7fe798ec9000-7fe798ecc000 ---p 00000000 00:00 0 
7fe798ecc000-7fe798fca000 rw-p 00000000 00:00 0 
7fe798fca000-7fe798fcd000 ---p 00000000 00:00 0 
7fe798fcd000-7fe7990cb000 rw-p 00000000 00:00 0 
7fe7990cb000-7fe7990ce000 ---p 00000000 00:00 0 
7fe7990ce000-7fe7993cc000 rw-p 00000000 00:00 0 
7fe7993cc000-7fe7993cf000 ---p 00000000 00:00 0 
7fe7993cf000-7fe7996cd000 rw-p 00000000 00:00 0 
7fe7996cd000-7fe7998cd000 rw-p 00000000 00:00 0 
7fe7998cd000-7fe7998cf000 r--s 00016000 08:05 577                        /usr/lib/jvm/java-8-openjdk-amd64/jre/lib/jce.jar
7fe7998cf000-7fe7998d4000 r--s 000a7000 08:05 579                        /usr/lib/jvm/java-8-openjdk-amd64/jre/lib/jsse.jar
7fe7998d4000-7fe799ad4000 rw-p 00000000 00:00 0 
7fe799ad4000-7fe799ad5000 r--p 00000000 08:05 527                        /usr/lib/jvm/java-8-openjdk-amd64/jre/lib/amd64/libjaas_unix.so
7fe799ad5000-7fe799ad6000 r-xp 00001000 08:05 527                        /usr/lib/jvm/java-8-openjdk-amd64/jre/lib/amd64/libjaas_unix.so
7fe799ad6000-7fe799ad7000 r--p 00002000 08:05 527                        /usr/lib/jvm/java-8-openjdk-amd64/jre/lib/amd64/libjaas_unix.so
7fe799ad7000-7fe799ad8000 r--p 00002000 08:05 527                        /usr/lib/jvm/java-8-openjdk-amd64/jre/lib/amd64/libjaas_unix.so
7fe799ad8000-7fe799ad9000 rw-p 00003000 08:05 527                        /usr/lib/jvm/java-8-openjdk-amd64/jre/lib/amd64/libjaas_unix.so
7fe799ad9000-7fe799afc000 r-xp 00000000 08:05 292203                     /usr/local/hadoop-2.10.0/lib/native/libhadoop.so.1.0.0
7fe799afc000-7fe799cfb000 ---p 00023000 08:05 292203                     /usr/local/hadoop-2.10.0/lib/native/libhadoop.so.1.0.0
7fe799cfb000-7fe799cfc000 r--p 00022000 08:05 292203                     /usr/local/hadoop-2.10.0/lib/native/libhadoop.so.1.0.0
7fe799cfc000-7fe799cfd000 rw-p 00023000 08:05 292203                     /usr/local/hadoop-2.10.0/lib/native/libhadoop.so.1.0.0
7fe799cfd000-7fe799d00000 ---p 00000000 00:00 0 
7fe799d00000-7fe799dfe000 rw-p 00000000 00:00 0 
7fe799dfe000-7fe799e01000 ---p 00000000 00:00 0 
7fe799e01000-7fe79a037000 rw-p 00000000 00:00 0 
7fe79a037000-7fe79a03b000 r--p 00000000 08:05 537                        /usr/lib/jvm/java-8-openjdk-amd64/jre/lib/amd64/libmanagement.so
7fe79a03b000-7fe79a03f000 r-xp 00004000 08:05 537                        /usr/lib/jvm/java-8-openjdk-amd64/jre/lib/amd64/libmanagement.so
7fe79a03f000-7fe79a041000 r--p 00008000 08:05 537                        /usr/lib/jvm/java-8-openjdk-amd64/jre/lib/amd64/libmanagement.so
7fe79a041000-7fe79a042000 r--p 00009000 08:05 537                        /usr/lib/jvm/java-8-openjdk-amd64/jre/lib/amd64/libmanagement.so
7fe79a042000-7fe79a043000 rw-p 0000a000 08:05 537                        /usr/lib/jvm/java-8-openjdk-amd64/jre/lib/amd64/libmanagement.so
7fe79a043000-7fe79a048000 r--s 0003e000 08:05 330697                     /usr/local/hadoop-2.10.0/share/hadoop/hdfs/hadoop-hdfs-rbf-2.10.0-tests.jar
7fe79a048000-7fe79a058000 r--s 000d5000 08:05 330695                     /usr/local/hadoop-2.10.0/share/hadoop/hdfs/hadoop-hdfs-rbf-2.10.0.jar
7fe79a058000-7fe79a05a000 r--s 0001f000 08:05 330696                     /usr/local/hadoop-2.10.0/share/hadoop/hdfs/hadoop-hdfs-nfs-2.10.0.jar
7fe79a05a000-7fe79a05b000 r--s 00007000 08:05 330698                     /usr/local/hadoop-2.10.0/share/hadoop/hdfs/hadoop-hdfs-native-client-2.10.0-tests.jar
7fe79a05b000-7fe79a05c000 r--s 00007000 08:05 330694                     /usr/local/hadoop-2.10.0/share/hadoop/hdfs/hadoop-hdfs-native-client-2.10.0.jar
7fe79a05c000-7fe79a05f000 r--s 0001d000 08:05 330632                     /usr/local/hadoop-2.10.0/share/hadoop/hdfs/hadoop-hdfs-client-2.10.0-tests.jar
7fe79a05f000-7fe79a09a000 r--s 003cf000 08:05 330641                     /usr/local/hadoop-2.10.0/share/hadoop/hdfs/hadoop-hdfs-client-2.10.0.jar
7fe79a09a000-7fe79a0c8000 r--s 00403000 08:05 330691                     /usr/local/hadoop-2.10.0/share/hadoop/hdfs/hadoop-hdfs-2.10.0-tests.jar
7fe79a0c8000-7fe79a108000 r--s 004b1000 08:05 330692                     /usr/local/hadoop-2.10.0/share/hadoop/hdfs/hadoop-hdfs-2.10.0.jar
7fe79a108000-7fe79a10d000 r--s 0002a000 08:05 330928                     /usr/local/hadoop-2.10.0/share/hadoop/common/hadoop-nfs-2.10.0.jar
7fe79a10d000-7fe79a136000 r--s 00262000 08:05 330838                     /usr/local/hadoop-2.10.0/share/hadoop/common/hadoop-common-2.10.0-tests.jar
7fe79a136000-7fe79a167000 rw-p 00000000 00:00 0 
7fe79a167000-7fe79a16b000 r--p 00000000 08:05 539                        /usr/lib/jvm/java-8-openjdk-amd64/jre/lib/amd64/libnet.so
7fe79a16b000-7fe79a17c000 r-xp 00004000 08:05 539                        /usr/lib/jvm/java-8-openjdk-amd64/jre/lib/amd64/libnet.so
7fe79a17c000-7fe79a180000 r--p 00015000 08:05 539                        /usr/lib/jvm/java-8-openjdk-amd64/jre/lib/amd64/libnet.so
7fe79a180000-7fe79a181000 r--p 00018000 08:05 539                        /usr/lib/jvm/java-8-openjdk-amd64/jre/lib/amd64/libnet.so
7fe79a181000-7fe79a182000 rw-p 00019000 08:05 539                        /usr/lib/jvm/java-8-openjdk-amd64/jre/lib/amd64/libnet.so
7fe79a182000-7fe79a189000 r--p 00000000 08:05 540                        /usr/lib/jvm/java-8-openjdk-amd64/jre/lib/amd64/libnio.so
7fe79a189000-7fe79a192000 r-xp 00007000 08:05 540                        /usr/lib/jvm/java-8-openjdk-amd64/jre/lib/amd64/libnio.so
7fe79a192000-7fe79a195000 r--p 00010000 08:05 540                        /usr/lib/jvm/java-8-openjdk-amd64/jre/lib/amd64/libnio.so
7fe79a195000-7fe79a196000 r--p 00012000 08:05 540                        /usr/lib/jvm/java-8-openjdk-amd64/jre/lib/amd64/libnio.so
7fe79a196000-7fe79a197000 rw-p 00013000 08:05 540                        /usr/lib/jvm/java-8-openjdk-amd64/jre/lib/amd64/libnio.so
7fe79a197000-7fe79a1d4000 r--s 0038d000 08:05 330857                     /usr/local/hadoop-2.10.0/share/hadoop/common/hadoop-common-2.10.0.jar
7fe79a1d4000-7fe79a1d5000 r--s 00003000 08:05 330607                     /usr/local/hadoop-2.10.0/share/hadoop/hdfs/lib/xmlenc-0.52.jar
7fe79a1d5000-7fe79a1de000 r--s 0002d000 08:05 330608                     /usr/local/hadoop-2.10.0/share/hadoop/hdfs/lib/xml-apis-1.4.01.jar
7fe79a1de000-7fe79a1f7000 r--s 0013a000 08:05 330603                     /usr/local/hadoop-2.10.0/share/hadoop/hdfs/lib/xercesImpl-2.12.0.jar
7fe79a1f7000-7fe79a1f9000 r--s 00018000 08:05 330610                     /usr/local/hadoop-2.10.0/share/hadoop/hdfs/lib/servlet-api-2.5.jar
7fe79a1f9000-7fe79a201000 r--s 0007b000 08:05 330622                     /usr/local/hadoop-2.10.0/share/hadoop/hdfs/lib/protobuf-java-2.5.0.jar
7fe79a201000-7fe79a203000 r--s 0000f000 08:05 330606                     /usr/local/hadoop-2.10.0/share/hadoop/hdfs/lib/okio-1.6.0.jar
7fe79a203000-7fe79a208000 r--s 0004c000 08:05 330609                     /usr/local/hadoop-2.10.0/share/hadoop/hdfs/lib/okhttp-2.7.5.jar
7fe79a208000-7fe79a225000 r--s 00196000 08:05 330625                     /usr/local/hadoop-2.10.0/share/hadoop/hdfs/lib/netty-all-4.0.23.Final.jar
7fe79a225000-7fe79a23e000 r--s 00123000 08:05 330605                     /usr/local/hadoop-2.10.0/share/hadoop/hdfs/lib/netty-3.10.6.Final.jar
7fe79a23e000-7fe79a247000 r--s 0006f000 08:05 330623                     /usr/local/hadoop-2.10.0/share/hadoop/hdfs/lib/log4j-1.2.17.jar
7fe79a247000-7fe79a24a000 r--s 000fd000 08:05 330630                     /usr/local/hadoop-2.10.0/share/hadoop/hdfs/lib/leveldbjni-all-1.8.jar
7fe79a24a000-7fe79a24d000 r--s 00006000 08:05 330619                     /usr/local/hadoop-2.10.0/share/hadoop/hdfs/lib/jsr305-3.0.0.jar
7fe79a24d000-7fe79a251000 r--s 00028000 08:05 330627                     /usr/local/hadoop-2.10.0/share/hadoop/hdfs/lib/jetty-util-6.1.26.jar
7fe79a251000-7fe79a258000 r--s 0007d000 08:05 330602                     /usr/local/hadoop-2.10.0/share/hadoop/hdfs/lib/jetty-6.1.26.jar
7fe79a258000-7fe79a26a000 r--s 0009d000 08:05 330614                     /usr/local/hadoop-2.10.0/share/hadoop/hdfs/lib/jersey-server-1.9.jar
7fe79a26a000-7fe79a274000 r--s 00066000 08:05 330601                     /usr/local/hadoop-2.10.0/share/hadoop/hdfs/lib/jersey-core-1.9.jar
7fe79a274000-7fe79a282000 r--s 000b1000 08:05 330616                     /usr/local/hadoop-2.10.0/share/hadoop/hdfs/lib/jackson-mapper-asl-1.9.13.jar
7fe79a282000-7fe79a293000 r--s 00116000 08:05 330628                     /usr/local/hadoop-2.10.0/share/hadoop/hdfs/lib/jackson-databind-2.7.8.jar
7fe79a293000-7fe79a297000 r--s 00035000 08:05 330631                     /usr/local/hadoop-2.10.0/share/hadoop/hdfs/lib/jackson-core-asl-1.9.13.jar
7fe79a297000-7fe79a29a000 r--s 0003b000 08:05 330620                     /usr/local/hadoop-2.10.0/share/hadoop/hdfs/lib/jackson-core-2.7.8.jar
7fe79a29a000-7fe79a29d000 r--s 0000a000 08:05 330615                     /usr/local/hadoop-2.10.0/share/hadoop/hdfs/lib/jackson-annotations-2.7.8.jar
7fe79a29d000-7fe79a2b7000 r--s 00155000 08:05 330629                     /usr/local/hadoop-2.10.0/share/hadoop/hdfs/lib/htrace-core4-4.1.0-incubating.jar
7fe79a2b7000-7fe79a2f2000 r--s 003cf000 08:05 330618                     /usr/local/hadoop-2.10.0/share/hadoop/hdfs/lib/hadoop-hdfs-client-2.10.0.jar
7fe79a2f2000-7fe79a313000 r--s 00172000 08:05 330612                     /usr/local/hadoop-2.10.0/share/hadoop/hdfs/lib/guava-11.0.2.jar
7fe79a313000-7fe79a315000 r--s 0000e000 08:05 330626                     /usr/local/hadoop-2.10.0/share/hadoop/hdfs/lib/commons-logging-1.1.3.jar
7fe79a315000-7fe79a31a000 r--s 00041000 08:05 330613                     /usr/local/hadoop-2.10.0/share/hadoop/hdfs/lib/commons-lang-2.6.jar
7fe79a31a000-7fe79a31e000 r--s 0002a000 08:05 330604                     /usr/local/hadoop-2.10.0/share/hadoop/hdfs/lib/commons-io-2.4.jar
7fe79a31e000-7fe79a31f000 r--s 00005000 08:05 330617                     /usr/local/hadoop-2.10.0/share/hadoop/hdfs/lib/commons-daemon-1.0.13.jar
7fe79a31f000-7fe79a321000 r--s 0000d000 08:05 330624                     /usr/local/hadoop-2.10.0/share/hadoop/hdfs/lib/commons-codec-1.4.jar
7fe79a321000-7fe79a323000 r--s 00009000 08:05 330621                     /usr/local/hadoop-2.10.0/share/hadoop/hdfs/lib/commons-cli-1.2.jar
7fe79a323000-7fe79a324000 r--s 0000a000 08:05 330611                     /usr/local/hadoop-2.10.0/share/hadoop/hdfs/lib/asm-3.2.jar
7fe79a324000-7fe79a331000 r--s 000b9000 08:05 330915                     /usr/local/hadoop-2.10.0/share/hadoop/common/lib/zookeeper-3.4.9.jar
7fe79a331000-7fe79a332000 r--s 00003000 08:05 330870                     /usr/local/hadoop-2.10.0/share/hadoop/common/lib/xmlenc-0.52.jar
7fe79a332000-7fe79a338000 r--s 00078000 08:05 330923                     /usr/local/hadoop-2.10.0/share/hadoop/common/lib/woodstox-core-5.0.3.jar
7fe79a338000-7fe79a33a000 r--s 00004000 08:05 330882                     /usr/local/hadoop-2.10.0/share/hadoop/common/lib/stax-api-1.0-2.jar
7fe79a33a000-7fe79a33e000 r--s 00024000 08:05 330903                     /usr/local/hadoop-2.10.0/share/hadoop/common/lib/stax2-api-3.1.4.jar
7fe79a33e000-7fe79a340000 r--s 00130000 08:05 330871                     /usr/local/hadoop-2.10.0/share/hadoop/common/lib/snappy-java-1.0.5.jar
7fe79a340000-7fe79a341000 r--s 00002000 08:05 330867                     /usr/local/hadoop-2.10.0/share/hadoop/common/lib/slf4j-log4j12-1.7.25.jar
7fe79a341000-7fe79a343000 r--s 00009000 08:05 330865                     /usr/local/hadoop-2.10.0/share/hadoop/common/lib/slf4j-api-1.7.25.jar
7fe79a343000-7fe79a345000 r--s 00018000 08:05 330876                     /usr/local/hadoop-2.10.0/share/hadoop/common/lib/servlet-api-2.5.jar
7fe79a345000-7fe79a34d000 r--s 0007b000 08:05 330905                     /usr/local/hadoop-2.10.0/share/hadoop/common/lib/protobuf-java-2.5.0.jar
7fe79a34d000-7fe79a34f000 r--s 00006000 08:05 330892                     /usr/local/hadoop-2.10.0/share/hadoop/common/lib/paranamer-2.3.jar
7fe79a34f000-7fe79a355000 r--s 00044000 08:05 330889                     /usr/local/hadoop-2.10.0/share/hadoop/common/lib/nimbus-jose-jwt-4.41.1.jar
7fe79a355000-7fe79a36e000 r--s 00123000 08:05 330866                     /usr/local/hadoop-2.10.0/share/hadoop/common/lib/netty-3.10.6.Final.jar
7fe79a36e000-7fe79a38b000 r--s 0013e000 08:05 330913                     /usr/local/hadoop-2.10.0/share/hadoop/common/lib/mockito-all-1.8.5.jar
7fe79a38b000-7fe79a394000 r--s 0006f000 08:05 330909                     /usr/local/hadoop-2.10.0/share/hadoop/common/lib/log4j-1.2.17.jar
7fe79a394000-7fe79a39a000 r--s 00036000 08:05 330904                     /usr/local/hadoop-2.10.0/share/hadoop/common/lib/junit-4.11.jar
7fe79a39a000-7fe79a39d000 r--s 00006000 08:05 330897                     /usr/local/hadoop-2.10.0/share/hadoop/common/lib/jsr305-3.0.0.jar
7fe79a39d000-7fe79a3a0000 r--s 00016000 08:05 330921                     /usr/local/hadoop-2.10.0/share/hadoop/common/lib/jsp-api-2.1.jar
7fe79a3a0000-7fe79a3a3000 r--s 00011000 08:05 330864                     /usr/local/hadoop-2.10.0/share/hadoop/common/lib/json-smart-1.3.1.jar
7fe79a3a3000-7fe79a3a8000 r--s 00040000 08:05 330910                     /usr/local/hadoop-2.10.0/share/hadoop/common/lib/jsch-0.1.54.jar
7fe79a3a8000-7fe79a3ac000 r--s 00028000 08:05 330917                     /usr/local/hadoop-2.10.0/share/hadoop/common/lib/jetty-util-6.1.26.jar
7fe79a3ac000-7fe79a3ad000 r--s 00004000 08:05 330907                     /usr/local/hadoop-2.10.0/share/hadoop/common/lib/jetty-sslengine-6.1.26.jar
7fe79a3ad000-7fe79a3b4000 r--s 0007d000 08:05 330860                     /usr/local/hadoop-2.10.0/share/hadoop/common/lib/jetty-6.1.26.jar
7fe79a3b4000-7fe79a3b6000 r--s 0000f000 08:05 330901                     /usr/local/hadoop-2.10.0/share/hadoop/common/lib/jettison-1.1.jar
7fe79a3b6000-7fe79a3bf000 r--s 0007b000 08:05 330863                     /usr/local/hadoop-2.10.0/share/hadoop/common/lib/jets3t-0.9.0.jar
7fe79a3bf000-7fe79a3d1000 r--s 0009d000 08:05 330888                     /usr/local/hadoop-2.10.0/share/hadoop/common/lib/jersey-server-1.9.jar
7fe79a3d1000-7fe79a3d5000 r--s 00021000 08:05 330885                     /usr/local/hadoop-2.10.0/share/hadoop/common/lib/jersey-json-1.9.jar
7fe79a3d5000-7fe79a3df000 r--s 00066000 08:05 330859                     /usr/local/hadoop-2.10.0/share/hadoop/common/lib/jersey-core-1.9.jar
7fe79a3df000-7fe79a3e1000 r--s 00000000 08:05 330881                     /usr/local/hadoop-2.10.0/share/hadoop/common/lib/jcip-annotations-1.0-1.jar
7fe79a3e1000-7fe79a3f4000 r--s 000c7000 08:05 330874                     /usr/local/hadoop-2.10.0/share/hadoop/common/lib/jaxb-impl-2.2.3-1.jar
7fe79a3f4000-7fe79a3f7000 r--s 00017000 08:05 330894                     /usr/local/hadoop-2.10.0/share/hadoop/common/lib/jaxb-api-2.2.2.jar
7fe79a3f7000-7fe79a3f8000 r--s 00004000 08:05 330884                     /usr/local/hadoop-2.10.0/share/hadoop/common/lib/java-xmlbuilder-0.4.jar
7fe79a3f8000-7fe79a3f9000 r--s 00006000 08:05 330878                     /usr/local/hadoop-2.10.0/share/hadoop/common/lib/jackson-xc-1.9.13.jar
7fe79a3f9000-7fe79a407000 r--s 000b1000 08:05 330890                     /usr/local/hadoop-2.10.0/share/hadoop/common/lib/jackson-mapper-asl-1.9.13.jar
7fe79a407000-7fe79a40b000 r--s 00035000 08:05 330920                     /usr/local/hadoop-2.10.0/share/hadoop/common/lib/jackson-core-asl-1.9.13.jar
7fe79a40b000-7fe79a412000 r--s 00049000 08:05 330906                     /usr/local/hadoop-2.10.0/share/hadoop/common/lib/httpcore-4.4.4.jar
7fe79a412000-7fe79a41f000 r--s 000a7000 08:05 330872                     /usr/local/hadoop-2.10.0/share/hadoop/common/lib/httpclient-4.5.2.jar
7fe79a41f000-7fe79a439000 r--s 00155000 08:05 330918                     /usr/local/hadoop-2.10.0/share/hadoop/common/lib/htrace-core4-4.1.0-incubating.jar
7fe79a439000-7fe79a43b000 r--s 00009000 08:05 330899                     /usr/local/hadoop-2.10.0/share/hadoop/common/lib/hamcrest-core-1.3.jar
7fe79a43b000-7fe79a43e000 r--s 0001c000 08:05 330858                     /usr/local/hadoop-2.10.0/share/hadoop/common/lib/hadoop-auth-2.10.0.jar
7fe79a43e000-7fe79a440000 r--s 0000a000 08:05 330924                     /usr/local/hadoop-2.10.0/share/hadoop/common/lib/hadoop-annotations-2.10.0.jar
7fe79a440000-7fe79a461000 r--s 00172000 08:05 330883                     /usr/local/hadoop-2.10.0/share/hadoop/common/lib/guava-11.0.2.jar
7fe79a461000-7fe79a466000 r--s 0002a000 08:05 330912                     /usr/local/hadoop-2.10.0/share/hadoop/common/lib/gson-2.2.4.jar
7fe79a466000-7fe79a46e000 r--s 0003b000 08:05 330877                     /usr/local/hadoop-2.10.0/share/hadoop/common/lib/curator-recipes-2.7.1.jar
7fe79a46e000-7fe79a474000 r--s 00028000 08:05 330875                     /usr/local/hadoop-2.10.0/share/hadoop/common/lib/curator-framework-2.7.1.jar
7fe79a474000-7fe79a476000 r--s 0000f000 08:05 330908                     /usr/local/hadoop-2.10.0/share/hadoop/common/lib/curator-client-2.7.1.jar
7fe79a476000-7fe79a47b000 r--s 0003e000 08:05 330893                     /usr/local/hadoop-2.10.0/share/hadoop/common/lib/commons-net-3.1.jar
7fe79a47b000-7fe79a498000 r--s 0016a000 08:05 330911                     /usr/local/hadoop-2.10.0/share/hadoop/common/lib/commons-math3-3.1.1.jar
7fe79a498000-7fe79a49a000 r--s 0000e000 08:05 330916                     /usr/local/hadoop-2.10.0/share/hadoop/common/lib/commons-logging-1.1.3.jar
7fe79a49a000-7fe79a4a1000 r--s 00064000 08:05 330869                     /usr/local/hadoop-2.10.0/share/hadoop/common/lib/commons-lang3-3.4.jar
7fe79a4a1000-7fe79a4a6000 r--s 00041000 08:05 330887                     /usr/local/hadoop-2.10.0/share/hadoop/common/lib/commons-lang-2.6.jar
7fe79a4a6000-7fe79a4aa000 r--s 0002a000 08:05 330862                     /usr/local/hadoop-2.10.0/share/hadoop/common/lib/commons-io-2.4.jar
7fe79a4aa000-7fe79a4ae000 r--s 00020000 08:05 330922                     /usr/local/hadoop-2.10.0/share/hadoop/common/lib/commons-digester-1.8.jar
7fe79a4ae000-7fe79a4b4000 r--s 00043000 08:05 330891                     /usr/local/hadoop-2.10.0/share/hadoop/common/lib/commons-configuration-1.6.jar
7fe79a4b4000-7fe79a4c0000 r--s 0008b000 08:05 330886                     /usr/local/hadoop-2.10.0/share/hadoop/common/lib/commons-compress-1.19.jar
7fe79a4c0000-7fe79a4cd000 r--s 00083000 08:05 330896                     /usr/local/hadoop-2.10.0/share/hadoop/common/lib/commons-collections-3.2.2.jar
7fe79a4cd000-7fe79a4cf000 r--s 0000d000 08:05 330914                     /usr/local/hadoop-2.10.0/share/hadoop/common/lib/commons-codec-1.4.jar
7fe79a4cf000-7fe79a4d1000 r--s 00009000 08:05 330902                     /usr/local/hadoop-2.10.0/share/hadoop/common/lib/commons-cli-1.2.jar
7fe79a4d1000-7fe79a4d6000 r--s 00038000 08:05 330919                     /usr/local/hadoop-2.10.0/share/hadoop/common/lib/commons-beanutils-1.9.4.jar
7fe79a4d6000-7fe79a4df000 r--s 00062000 08:05 330879                     /usr/local/hadoop-2.10.0/share/hadoop/common/lib/avro-1.7.7.jar
7fe79a4df000-7fe79a4fa000 r--s 00394000 08:05 558                        /usr/lib/jvm/java-8-openjdk-amd64/jre/lib/ext/cldrdata.jar
7fe79a4fa000-7fe79a515000 r--s 001d6000 08:05 563                        /usr/lib/jvm/java-8-openjdk-amd64/jre/lib/ext/nashorn.jar
7fe79a515000-7fe79a516000 ---p 00000000 00:00 0 
7fe79a516000-7fe79a616000 rw-p 00000000 00:00 0 
7fe79a616000-7fe79a619000 ---p 00000000 00:00 0 
7fe79a619000-7fe79a717000 rw-p 00000000 00:00 0 
7fe79a717000-7fe79a718000 ---p 00000000 00:00 0 
7fe79a718000-7fe79a71b000 ---p 00000000 00:00 0 
7fe79a71b000-7fe79a818000 rw-p 00000000 00:00 0 
7fe79a818000-7fe79a819000 ---p 00000000 00:00 0 
7fe79a819000-7fe79a81c000 ---p 00000000 00:00 0 
7fe79a81c000-7fe79a919000 rw-p 00000000 00:00 0 
7fe79a919000-7fe79a91a000 ---p 00000000 00:00 0 
7fe79a91a000-7fe79a91d000 ---p 00000000 00:00 0 
7fe79a91d000-7fe79aa1a000 rw-p 00000000 00:00 0 
7fe79aa1a000-7fe79aa1d000 ---p 00000000 00:00 0 
7fe79aa1d000-7fe79ab1b000 rw-p 00000000 00:00 0 
7fe79ab1b000-7fe79b8f9000 r--p 00000000 08:05 140685                     /usr/lib/locale/locale-archive
7fe79b8f9000-7fe79b8fc000 ---p 00000000 00:00 0 
7fe79b8fc000-7fe79b9fa000 rw-p 00000000 00:00 0 
7fe79b9fa000-7fe79b9fd000 ---p 00000000 00:00 0 
7fe79b9fd000-7fe79bafb000 rw-p 00000000 00:00 0 
7fe79bafb000-7fe79bafc000 ---p 00000000 00:00 0 
7fe79bafc000-7fe79c000000 rw-p 00000000 00:00 0 
7fe79c000000-7fe79c021000 rw-p 00000000 00:00 0 
7fe79c021000-7fe7a0000000 ---p 00000000 00:00 0 
7fe7a0000000-7fe7a0002000 r--s 00012000 08:05 330861                     /usr/local/hadoop-2.10.0/share/hadoop/common/lib/api-util-1.0.0-M20.jar
7fe7a0002000-7fe7a0004000 r--s 00003000 08:05 330895                     /usr/local/hadoop-2.10.0/share/hadoop/common/lib/api-asn1-api-1.0.0-M20.jar
7fe7a0004000-7fe7a0016000 r--s 00097000 08:05 330898                     /usr/local/hadoop-2.10.0/share/hadoop/common/lib/apacheds-kerberos-codec-2.0.0-M15.jar
7fe7a0016000-7fe7a0c14000 rw-p 00000000 00:00 0 
7fe7a0c14000-7fe7a0de6000 r--s 03ca8000 08:05 584                        /usr/lib/jvm/java-8-openjdk-amd64/jre/lib/rt.jar
7fe7a0de6000-7fe7a18df000 rw-p 00000000 00:00 0 
7fe7a18df000-7fe7a18e0000 ---p 00000000 00:00 0 
7fe7a18e0000-7fe7a19e0000 rw-p 00000000 00:00 0 
7fe7a19e0000-7fe7a19e1000 ---p 00000000 00:00 0 
7fe7a19e1000-7fe7a1ae1000 rw-p 00000000 00:00 0 
7fe7a1ae1000-7fe7a1ae2000 ---p 00000000 00:00 0 
7fe7a1ae2000-7fe7a1be2000 rw-p 00000000 00:00 0 
7fe7a1be2000-7fe7a1be3000 ---p 00000000 00:00 0 
7fe7a1be3000-7fe7a1cf8000 rw-p 00000000 00:00 0 
7fe7a1cf8000-7fe7a1e2b000 ---p 00000000 00:00 0 
7fe7a1e2b000-7fe7a1e40000 rw-p 00000000 00:00 0 
7fe7a1e40000-7fe7a1f73000 ---p 00000000 00:00 0 
7fe7a1f73000-7fe7a1f98000 rw-p 00000000 00:00 0 
7fe7a1f98000-7fe7a2017000 ---p 00000000 00:00 0 
7fe7a2017000-7fe7a2029000 rw-p 00000000 00:00 0 
7fe7a2029000-7fe7a23d8000 ---p 00000000 00:00 0 
7fe7a23d8000-7fe7a2818000 rwxp 00000000 00:00 0 
7fe7a2818000-7fe7b13d8000 ---p 00000000 00:00 0 
7fe7b13d8000-7fe7b13da000 r--p 00000000 08:05 146202                     /usr/lib/x86_64-linux-gnu/libz.so.1.2.11
7fe7b13da000-7fe7b13eb000 r-xp 00002000 08:05 146202                     /usr/lib/x86_64-linux-gnu/libz.so.1.2.11
7fe7b13eb000-7fe7b13f1000 r--p 00013000 08:05 146202                     /usr/lib/x86_64-linux-gnu/libz.so.1.2.11
7fe7b13f1000-7fe7b13f2000 ---p 00019000 08:05 146202                     /usr/lib/x86_64-linux-gnu/libz.so.1.2.11
7fe7b13f2000-7fe7b13f3000 r--p 00019000 08:05 146202                     /usr/lib/x86_64-linux-gnu/libz.so.1.2.11
7fe7b13f3000-7fe7b13f4000 rw-p 0001a000 08:05 146202                     /usr/lib/x86_64-linux-gnu/libz.so.1.2.11
7fe7b13f4000-7fe7b13f5000 r--s 00004000 08:05 330873                     /usr/local/hadoop-2.10.0/share/hadoop/common/lib/jackson-jaxrs-1.9.13.jar
7fe7b13f5000-7fe7b13f7000 r--s 0000e000 08:05 330900                     /usr/local/hadoop-2.10.0/share/hadoop/common/lib/activation-1.1.jar
7fe7b13f7000-7fe7b13fb000 r--s 0003a000 08:05 566                        /usr/lib/jvm/java-8-openjdk-amd64/jre/lib/ext/sunpkcs11.jar
7fe7b13fb000-7fe7b1405000 r--s 00117000 08:05 562                        /usr/lib/jvm/java-8-openjdk-amd64/jre/lib/ext/localedata.jar
7fe7b1405000-7fe7b1412000 r--p 00000000 08:05 528                        /usr/lib/jvm/java-8-openjdk-amd64/jre/lib/amd64/libjava.so
7fe7b1412000-7fe7b142a000 r-xp 0000d000 08:05 528                        /usr/lib/jvm/java-8-openjdk-amd64/jre/lib/amd64/libjava.so
7fe7b142a000-7fe7b1431000 r--p 00025000 08:05 528                        /usr/lib/jvm/java-8-openjdk-amd64/jre/lib/amd64/libjava.so
7fe7b1431000-7fe7b1432000 r--p 0002b000 08:05 528                        /usr/lib/jvm/java-8-openjdk-amd64/jre/lib/amd64/libjava.so
7fe7b1432000-7fe7b1434000 rw-p 0002c000 08:05 528                        /usr/lib/jvm/java-8-openjdk-amd64/jre/lib/amd64/libjava.so
7fe7b1434000-7fe7b5436000 rw-s 00000000 08:05 930817                     /tmp/openmpi-sessions-yuejia@yuejia-VirtualBox_0/3763/1/shared_mem_pool.yuejia-VirtualBox (deleted)
7fe7b5436000-7fe7b55b8000 rw-p 00000000 00:00 0 
7fe7b55b8000-7fe7b55bb000 r--p 00000000 08:05 289463                     /usr/local/lib/openmpi/mca_osc_rdma.so
7fe7b55bb000-7fe7b55c5000 r-xp 00003000 08:05 289463                     /usr/local/lib/openmpi/mca_osc_rdma.so
7fe7b55c5000-7fe7b55c7000 r--p 0000d000 08:05 289463                     /usr/local/lib/openmpi/mca_osc_rdma.so
7fe7b55c7000-7fe7b55c8000 r--p 0000e000 08:05 289463                     /usr/local/lib/openmpi/mca_osc_rdma.so
7fe7b55c8000-7fe7b55c9000 rw-p 0000f000 08:05 289463                     /usr/local/lib/openmpi/mca_osc_rdma.so
7fe7b55c9000-7fe7b55cc000 r--p 00000000 08:05 289461                     /usr/local/lib/openmpi/mca_osc_pt2pt.so
7fe7b55cc000-7fe7b55d3000 r-xp 00003000 08:05 289461                     /usr/local/lib/openmpi/mca_osc_pt2pt.so
7fe7b55d3000-7fe7b55d5000 r--p 0000a000 08:05 289461                     /usr/local/lib/openmpi/mca_osc_pt2pt.so
7fe7b55d5000-7fe7b55d6000 r--p 0000b000 08:05 289461                     /usr/local/lib/openmpi/mca_osc_pt2pt.so
7fe7b55d6000-7fe7b55d7000 rw-p 0000c000 08:05 289461                     /usr/local/lib/openmpi/mca_osc_pt2pt.so
7fe7b55d7000-7fe7b55dc000 r--p 00000000 08:05 289448                     /usr/local/lib/openmpi/mca_coll_tuned.so
7fe7b55dc000-7fe7b55ed000 r-xp 00005000 08:05 289448                     /usr/local/lib/openmpi/mca_coll_tuned.so
7fe7b55ed000-7fe7b55f4000 r--p 00016000 08:05 289448                     /usr/local/lib/openmpi/mca_coll_tuned.so
7fe7b55f4000-7fe7b55f5000 r--p 0001c000 08:05 289448                     /usr/local/lib/openmpi/mca_coll_tuned.so
7fe7b55f5000-7fe7b55f6000 rw-p 0001d000 08:05 289448                     /usr/local/lib/openmpi/mca_coll_tuned.so
7fe7b55f6000-7fe7b55f7000 r--p 00000000 08:05 289446                     /usr/local/lib/openmpi/mca_coll_sync.so
7fe7b55f7000-7fe7b55f9000 r-xp 00001000 08:05 289446                     /usr/local/lib/openmpi/mca_coll_sync.so
7fe7b55f9000-7fe7b55fa000 r--p 00003000 08:05 289446                     /usr/local/lib/openmpi/mca_coll_sync.so
7fe7b55fa000-7fe7b55fb000 r--p 00003000 08:05 289446                     /usr/local/lib/openmpi/mca_coll_sync.so
7fe7b55fb000-7fe7b55fc000 rw-p 00004000 08:05 289446                     /usr/local/lib/openmpi/mca_coll_sync.so
7fe7b55fc000-7fe7b55fe000 r--p 00000000 08:05 289443                     /usr/local/lib/openmpi/mca_coll_sm.so
7fe7b55fe000-7fe7b5601000 r-xp 00002000 08:05 289443                     /usr/local/lib/openmpi/mca_coll_sm.so
7fe7b5601000-7fe7b5602000 r--p 00005000 08:05 289443                     /usr/local/lib/openmpi/mca_coll_sm.so
7fe7b5602000-7fe7b5603000 ---p 00006000 08:05 289443                     /usr/local/lib/openmpi/mca_coll_sm.so
7fe7b5603000-7fe7b5604000 r--p 00006000 08:05 289443                     /usr/local/lib/openmpi/mca_coll_sm.so
7fe7b5604000-7fe7b5605000 rw-p 00007000 08:05 289443                     /usr/local/lib/openmpi/mca_coll_sm.so
7fe7b5605000-7fe7b5606000 r--p 00000000 08:05 289440                     /usr/local/lib/openmpi/mca_coll_self.so
7fe7b5606000-7fe7b5607000 r-xp 00001000 08:05 289440                     /usr/local/lib/openmpi/mca_coll_self.so
7fe7b5607000-7fe7b5608000 r--p 00002000 08:05 289440                     /usr/local/lib/openmpi/mca_coll_self.so
7fe7b5608000-7fe7b5609000 r--p 00002000 08:05 289440                     /usr/local/lib/openmpi/mca_coll_self.so
7fe7b5609000-7fe7b560a000 rw-p 00003000 08:05 289440                     /usr/local/lib/openmpi/mca_coll_self.so
7fe7b560a000-7fe7b560b000 r--p 00000000 08:05 289438                     /usr/local/lib/openmpi/mca_coll_inter.so
7fe7b560b000-7fe7b560d000 r-xp 00001000 08:05 289438                     /usr/local/lib/openmpi/mca_coll_inter.so
7fe7b560d000-7fe7b560e000 r--p 00003000 08:05 289438                     /usr/local/lib/openmpi/mca_coll_inter.so
7fe7b560e000-7fe7b560f000 r--p 00003000 08:05 289438                     /usr/local/lib/openmpi/mca_coll_inter.so
7fe7b560f000-7fe7b5610000 rw-p 00004000 08:05 289438                     /usr/local/lib/openmpi/mca_coll_inter.so
7fe7b5610000-7fe7b5612000 r--p 00000000 08:05 289434                     /usr/local/lib/openmpi/mca_coll_basic.so
7fe7b5612000-7fe7b5618000 r-xp 00002000 08:05 289434                     /usr/local/lib/openmpi/mca_coll_basic.so
7fe7b5618000-7fe7b561a000 r--p 00008000 08:05 289434                     /usr/local/lib/openmpi/mca_coll_basic.so
7fe7b561a000-7fe7b561b000 r--p 00009000 08:05 289434                     /usr/local/lib/openmpi/mca_coll_basic.so
7fe7b561b000-7fe7b561c000 rw-p 0000a000 08:05 289434                     /usr/local/lib/openmpi/mca_coll_basic.so
7fe7b561c000-7fe7b561f000 r--p 00000000 08:05 289432                     /usr/local/lib/openmpi/mca_btl_tcp.so
7fe7b561f000-7fe7b5626000 r-xp 00003000 08:05 289432                     /usr/local/lib/openmpi/mca_btl_tcp.so
7fe7b5626000-7fe7b5628000 r--p 0000a000 08:05 289432                     /usr/local/lib/openmpi/mca_btl_tcp.so
7fe7b5628000-7fe7b5629000 ---p 0000c000 08:05 289432                     /usr/local/lib/openmpi/mca_btl_tcp.so
7fe7b5629000-7fe7b562a000 r--p 0000c000 08:05 289432                     /usr/local/lib/openmpi/mca_btl_tcp.so
7fe7b562a000-7fe7b562b000 rw-p 0000d000 08:05 289432                     /usr/local/lib/openmpi/mca_btl_tcp.so
7fe7b562b000-7fe7b56ab000 rw-p 00000000 00:00 0 
7fe7b56ab000-7fe7b56ad000 r--p 00000000 08:05 289429                     /usr/local/lib/openmpi/mca_btl_sm.so
7fe7b56ad000-7fe7b56b1000 r-xp 00002000 08:05 289429                     /usr/local/lib/openmpi/mca_btl_sm.so
7fe7b56b1000-7fe7b56b2000 r--p 00006000 08:05 289429                     /usr/local/lib/openmpi/mca_btl_sm.so
7fe7b56b2000-7fe7b56b3000 r--p 00006000 08:05 289429                     /usr/local/lib/openmpi/mca_btl_sm.so
7fe7b56b3000-7fe7b56b4000 rw-p 00007000 08:05 289429                     /usr/local/lib/openmpi/mca_btl_sm.so
7fe7b56b4000-7fe7b56b6000 r--p 00000000 08:05 289426                     /usr/local/lib/openmpi/mca_btl_self.so
7fe7b56b6000-7fe7b56b8000 r-xp 00002000 08:05 289426                     /usr/local/lib/openmpi/mca_btl_self.so
7fe7b56b8000-7fe7b56b9000 r--p 00004000 08:05 289426                     /usr/local/lib/openmpi/mca_btl_self.so
7fe7b56b9000-7fe7b56ba000 r--p 00004000 08:05 289426                     /usr/local/lib/openmpi/mca_btl_self.so
7fe7b56ba000-7fe7b56bb000 rw-p 00005000 08:05 289426                     /usr/local/lib/openmpi/mca_btl_self.so
7fe7b56bb000-7fe7b56bd000 r--p 00000000 08:05 289424                     /usr/local/lib/openmpi/mca_bml_r2.so
7fe7b56bd000-7fe7b56c0000 r-xp 00002000 08:05 289424                     /usr/local/lib/openmpi/mca_bml_r2.so
7fe7b56c0000-7fe7b56c1000 r--p 00005000 08:05 289424                     /usr/local/lib/openmpi/mca_bml_r2.so
7fe7b56c1000-7fe7b56c2000 r--p 00005000 08:05 289424                     /usr/local/lib/openmpi/mca_bml_r2.so
7fe7b56c2000-7fe7b56c3000 rw-p 00006000 08:05 289424                     /usr/local/lib/openmpi/mca_bml_r2.so
7fe7b56c3000-7fe7b56c5000 r--s 0000c000 08:05 543910                     /usr/share/java/java-atk-wrapper.jar
7fe7b56c5000-7fe7b56c8000 r--s 0000f000 08:05 560                        /usr/lib/jvm/java-8-openjdk-amd64/jre/lib/ext/icedtea-sound.jar
7fe7b56c8000-7fe7b56ca000 r--s 00001000 08:05 559                        /usr/lib/jvm/java-8-openjdk-amd64/jre/lib/ext/dnsns.jar
7fe7b56ca000-7fe7b56cd000 r--p 00000000 08:05 289474                     /usr/local/lib/openmpi/mca_pml_ob1.so
7fe7b56cd000-7fe7b56de000 r-xp 00003000 08:05 289474                     /usr/local/lib/openmpi/mca_pml_ob1.so
7fe7b56de000-7fe7b56e0000 r--p 00014000 08:05 289474                     /usr/local/lib/openmpi/mca_pml_ob1.so
7fe7b56e0000-7fe7b56e1000 ---p 00016000 08:05 289474                     /usr/local/lib/openmpi/mca_pml_ob1.so
7fe7b56e1000-7fe7b56e2000 r--p 00016000 08:05 289474                     /usr/local/lib/openmpi/mca_pml_ob1.so
7fe7b56e2000-7fe7b56e3000 rw-p 00017000 08:05 289474                     /usr/local/lib/openmpi/mca_pml_ob1.so
7fe7b56e3000-7fe7b56e4000 r--s 0000a000 08:05 330880                     /usr/local/hadoop-2.10.0/share/hadoop/common/lib/asm-3.2.jar
7fe7b56e4000-7fe7b56ea000 r--s 0003d000 08:05 565                        /usr/lib/jvm/java-8-openjdk-amd64/jre/lib/ext/sunjce_provider.jar
7fe7b56ea000-7fe7b56ed000 r--p 00000000 08:05 547                        /usr/lib/jvm/java-8-openjdk-amd64/jre/lib/amd64/libzip.so
7fe7b56ed000-7fe7b56f2000 r-xp 00003000 08:05 547                        /usr/lib/jvm/java-8-openjdk-amd64/jre/lib/amd64/libzip.so
7fe7b56f2000-7fe7b56f4000 r--p 00008000 08:05 547                        /usr/lib/jvm/java-8-openjdk-amd64/jre/lib/amd64/libzip.so
7fe7b56f4000-7fe7b56f5000 r--p 00009000 08:05 547                        /usr/lib/jvm/java-8-openjdk-amd64/jre/lib/amd64/libzip.so
7fe7b56f5000-7fe7b56f6000 rw-p 0000a000 08:05 547                        /usr/lib/jvm/java-8-openjdk-amd64/jre/lib/amd64/libzip.so
7fe7b56f6000-7fe7b56fe000 rw-s 00000000 08:05 701054                     /tmp/hsperfdata_yuejia/15533
7fe7b56fe000-7fe7b5700000 r--p 00000000 08:05 289436                     /usr/local/lib/openmpi/mca_coll_hierarch.so
7fe7b5700000-7fe7b5704000 r-xp 00002000 08:05 289436                     /usr/local/lib/openmpi/mca_coll_hierarch.so
7fe7b5704000-7fe7b5705000 r--p 00006000 08:05 289436                     /usr/local/lib/openmpi/mca_coll_hierarch.so
7fe7b5705000-7fe7b5706000 ---p 00007000 08:05 289436                     /usr/local/lib/openmpi/mca_coll_hierarch.so
7fe7b5706000-7fe7b5707000 r--p 00007000 08:05 289436                     /usr/local/lib/openmpi/mca_coll_hierarch.so
7fe7b5707000-7fe7b5708000 rw-p 00008000 08:05 289436                     /usr/local/lib/openmpi/mca_coll_hierarch.so
7fe7b5708000-7fe7b5709000 r--s 0000a000 08:05 330868                     /usr/local/hadoop-2.10.0/share/hadoop/common/lib/apacheds-i18n-2.0.0-M15.jar
7fe7b5709000-7fe7b570e000 r--p 00000000 08:05 546                        /usr/lib/jvm/java-8-openjdk-amd64/jre/lib/amd64/libverify.so
7fe7b570e000-7fe7b5717000 r-xp 00005000 08:05 546                        /usr/lib/jvm/java-8-openjdk-amd64/jre/lib/amd64/libverify.so
7fe7b5717000-7fe7b5719000 r--p 0000e000 08:05 546                        /usr/lib/jvm/java-8-openjdk-amd64/jre/lib/amd64/libverify.so
7fe7b5719000-7fe7b571b000 r--p 0000f000 08:05 546                        /usr/lib/jvm/java-8-openjdk-amd64/jre/lib/amd64/libverify.so
7fe7b571b000-7fe7b571c000 rw-p 00011000 08:05 546                        /usr/lib/jvm/java-8-openjdk-amd64/jre/lib/amd64/libverify.so
7fe7b571c000-7fe7b571e000 r--p 00000000 08:05 289451                     /usr/local/lib/openmpi/mca_dpm_orte.so
7fe7b571e000-7fe7b5721000 r-xp 00002000 08:05 289451                     /usr/local/lib/openmpi/mca_dpm_orte.so
7fe7b5721000-7fe7b5722000 r--p 00005000 08:05 289451                     /usr/local/lib/openmpi/mca_dpm_orte.so
7fe7b5722000-7fe7b5723000 r--p 00005000 08:05 289451                     /usr/local/lib/openmpi/mca_dpm_orte.so
7fe7b5723000-7fe7b5724000 rw-p 00006000 08:05 289451                     /usr/local/lib/openmpi/mca_dpm_orte.so
7fe7b5724000-7fe7b5725000 r--p 00000000 08:05 289481                     /usr/local/lib/openmpi/mca_pubsub_orte.so
7fe7b5725000-7fe7b5727000 r-xp 00001000 08:05 289481                     /usr/local/lib/openmpi/mca_pubsub_orte.so
7fe7b5727000-7fe7b5728000 r--p 00003000 08:05 289481                     /usr/local/lib/openmpi/mca_pubsub_orte.so
7fe7b5728000-7fe7b5729000 r--p 00003000 08:05 289481                     /usr/local/lib/openmpi/mca_pubsub_orte.so
7fe7b5729000-7fe7b572a000 rw-p 00004000 08:05 289481                     /usr/local/lib/openmpi/mca_pubsub_orte.so
7fe7b572a000-7fe7b572b000 r--p 00000000 08:05 289414                     /usr/local/lib/libmca_common_sm.so.3.0.1
7fe7b572b000-7fe7b572c000 r-xp 00001000 08:05 289414                     /usr/local/lib/libmca_common_sm.so.3.0.1
7fe7b572c000-7fe7b572d000 r--p 00002000 08:05 289414                     /usr/local/lib/libmca_common_sm.so.3.0.1
7fe7b572d000-7fe7b572e000 r--p 00002000 08:05 289414                     /usr/local/lib/libmca_common_sm.so.3.0.1
7fe7b572e000-7fe7b572f000 rw-p 00003000 08:05 289414                     /usr/local/lib/libmca_common_sm.so.3.0.1
7fe7b572f000-7fe7b5730000 rw-p 00000000 00:00 0 
7fe7b5730000-7fe7b5731000 r--p 00000000 08:05 289459                     /usr/local/lib/openmpi/mca_mpool_sm.so
7fe7b5731000-7fe7b5732000 r-xp 00001000 08:05 289459                     /usr/local/lib/openmpi/mca_mpool_sm.so
7fe7b5732000-7fe7b5733000 r--p 00002000 08:05 289459                     /usr/local/lib/openmpi/mca_mpool_sm.so
7fe7b5733000-7fe7b5734000 r--p 00002000 08:05 289459                     /usr/local/lib/openmpi/mca_mpool_sm.so
7fe7b5734000-7fe7b5735000 rw-p 00003000 08:05 289459                     /usr/local/lib/openmpi/mca_mpool_sm.so
7fe7b5735000-7fe7b5737000 r--p 00000000 08:05 289457                     /usr/local/lib/openmpi/mca_mpool_rdma.so
7fe7b5737000-7fe7b5739000 r-xp 00002000 08:05 289457                     /usr/local/lib/openmpi/mca_mpool_rdma.so
7fe7b5739000-7fe7b573a000 r--p 00004000 08:05 289457                     /usr/local/lib/openmpi/mca_mpool_rdma.so
7fe7b573a000-7fe7b573b000 r--p 00004000 08:05 289457                     /usr/local/lib/openmpi/mca_mpool_rdma.so
7fe7b573b000-7fe7b573c000 rw-p 00005000 08:05 289457                     /usr/local/lib/openmpi/mca_mpool_rdma.so
7fe7b573c000-7fe7b573d000 r--p 00000000 08:05 289455                     /usr/local/lib/openmpi/mca_mpool_fake.so
7fe7b573d000-7fe7b573e000 r-xp 00001000 08:05 289455                     /usr/local/lib/openmpi/mca_mpool_fake.so
7fe7b573e000-7fe7b573f000 r--p 00002000 08:05 289455                     /usr/local/lib/openmpi/mca_mpool_fake.so
7fe7b573f000-7fe7b5740000 r--p 00002000 08:05 289455                     /usr/local/lib/openmpi/mca_mpool_fake.so
7fe7b5740000-7fe7b5741000 rw-p 00003000 08:05 289455                     /usr/local/lib/openmpi/mca_mpool_fake.so
7fe7b5741000-7fe7b5744000 r--p 00000000 08:05 145636                     /usr/lib/x86_64-linux-gnu/libnss_files-2.31.so
7fe7b5744000-7fe7b574b000 r-xp 00003000 08:05 145636                     /usr/lib/x86_64-linux-gnu/libnss_files-2.31.so
7fe7b574b000-7fe7b574d000 r--p 0000a000 08:05 145636                     /usr/lib/x86_64-linux-gnu/libnss_files-2.31.so
7fe7b574d000-7fe7b574e000 r--p 0000b000 08:05 145636                     /usr/lib/x86_64-linux-gnu/libnss_files-2.31.so
7fe7b574e000-7fe7b574f000 rw-p 0000c000 08:05 145636                     /usr/lib/x86_64-linux-gnu/libnss_files-2.31.so
7fe7b574f000-7fe7b5755000 rw-p 00000000 00:00 0 
7fe7b5755000-7fe7b5756000 r--s 00010000 08:05 567                        /usr/lib/jvm/java-8-openjdk-amd64/jre/lib/ext/zipfs.jar
7fe7b5756000-7fe7b5757000 r--p 00000000 08:05 289483                     /usr/local/lib/openmpi/mca_rcache_vma.so
7fe7b5757000-7fe7b5759000 r-xp 00001000 08:05 289483                     /usr/local/lib/openmpi/mca_rcache_vma.so
7fe7b5759000-7fe7b575a000 r--p 00003000 08:05 289483                     /usr/local/lib/openmpi/mca_rcache_vma.so
7fe7b575a000-7fe7b575b000 r--p 00003000 08:05 289483                     /usr/local/lib/openmpi/mca_rcache_vma.so
7fe7b575b000-7fe7b575c000 rw-p 00004000 08:05 289483                     /usr/local/lib/openmpi/mca_rcache_vma.so
7fe7b575c000-7fe7b575d000 r--p 00000000 08:05 289421                     /usr/local/lib/openmpi/mca_allocator_bucket.so
7fe7b575d000-7fe7b575e000 r-xp 00001000 08:05 289421                     /usr/local/lib/openmpi/mca_allocator_bucket.so
7fe7b575e000-7fe7b575f000 r--p 00002000 08:05 289421                     /usr/local/lib/openmpi/mca_allocator_bucket.so
7fe7b575f000-7fe7b5760000 r--p 00002000 08:05 289421                     /usr/local/lib/openmpi/mca_allocator_bucket.so
7fe7b5760000-7fe7b5761000 rw-p 00003000 08:05 289421                     /usr/local/lib/openmpi/mca_allocator_bucket.so
7fe7b5761000-7fe7b5762000 r--p 00000000 08:05 289419                     /usr/local/lib/openmpi/mca_allocator_basic.so
7fe7b5762000-7fe7b5763000 r-xp 00001000 08:05 289419                     /usr/local/lib/openmpi/mca_allocator_basic.so
7fe7b5763000-7fe7b5764000 r--p 00002000 08:05 289419                     /usr/local/lib/openmpi/mca_allocator_basic.so
7fe7b5764000-7fe7b5765000 r--p 00002000 08:05 289419                     /usr/local/lib/openmpi/mca_allocator_basic.so
7fe7b5765000-7fe7b5766000 rw-p 00003000 08:05 289419                     /usr/local/lib/openmpi/mca_allocator_basic.so
7fe7b5766000-7fe7b5768000 r--p 00000000 08:05 288956                     /usr/local/lib/openmpi/mca_grpcomm_bad.so
7fe7b5768000-7fe7b576b000 r-xp 00002000 08:05 288956                     /usr/local/lib/openmpi/mca_grpcomm_bad.so
7fe7b576b000-7fe7b576c000 r--p 00005000 08:05 288956                     /usr/local/lib/openmpi/mca_grpcomm_bad.so
7fe7b576c000-7fe7b576d000 r--p 00005000 08:05 288956                     /usr/local/lib/openmpi/mca_grpcomm_bad.so
7fe7b576d000-7fe7b576e000 rw-p 00006000 08:05 288956                     /usr/local/lib/openmpi/mca_grpcomm_bad.so
7fe7b576e000-7fe7b5772000 r--p 00000000 08:05 288977                     /usr/local/lib/openmpi/mca_oob_tcp.so
7fe7b5772000-7fe7b577c000 r-xp 00004000 08:05 288977                     /usr/local/lib/openmpi/mca_oob_tcp.so
7fe7b577c000-7fe7b577f000 r--p 0000e000 08:05 288977                     /usr/local/lib/openmpi/mca_oob_tcp.so
7fe7b577f000-7fe7b5780000 r--p 00010000 08:05 288977                     /usr/local/lib/openmpi/mca_oob_tcp.so
7fe7b5780000-7fe7b5781000 rw-p 00011000 08:05 288977                     /usr/local/lib/openmpi/mca_oob_tcp.so
7fe7b5781000-7fe7b5784000 r--p 00000000 08:05 145838                     /usr/lib/x86_64-linux-gnu/librt-2.31.so
7fe7b5784000-7fe7b5788000 r-xp 00003000 08:05 145838                     /usr/lib/x86_64-linux-gnu/librt-2.31.so
7fe7b5788000-7fe7b5789000 r--p 00007000 08:05 145838                     /usr/lib/x86_64-linux-gnu/librt-2.31.so
7fe7b5789000-7fe7b578a000 ---p 00008000 08:05 145838                     /usr/lib/x86_64-linux-gnu/librt-2.31.so
7fe7b578a000-7fe7b578b000 r--p 00008000 08:05 145838                     /usr/lib/x86_64-linux-gnu/librt-2.31.so
7fe7b578b000-7fe7b578c000 rw-p 00009000 08:05 145838                     /usr/lib/x86_64-linux-gnu/librt-2.31.so
7fe7b578c000-7fe7b578d000 r--s 0000d000 08:05 564                        /usr/lib/jvm/java-8-openjdk-amd64/jre/lib/ext/sunec.jar
7fe7b578d000-7fe7b578e000 r--s 0000a000 08:05 561                        /usr/lib/jvm/java-8-openjdk-amd64/jre/lib/ext/jaccess.jar
7fe7b578e000-7fe7b5790000 r--p 00000000 08:05 289012                     /usr/local/lib/openmpi/mca_routed_binomial.so
7fe7b5790000-7fe7b5792000 r-xp 00002000 08:05 289012                     /usr/local/lib/openmpi/mca_routed_binomial.so
7fe7b5792000-7fe7b5793000 r--p 00004000 08:05 289012                     /usr/local/lib/openmpi/mca_routed_binomial.so
7fe7b5793000-7fe7b5794000 r--p 00004000 08:05 289012                     /usr/local/lib/openmpi/mca_routed_binomial.so
7fe7b5794000-7fe7b5795000 rw-p 00005000 08:05 289012                     /usr/local/lib/openmpi/mca_routed_binomial.so
7fe7b5795000-7fe7b5797000 r--p 00000000 08:05 289010                     /usr/local/lib/openmpi/mca_rml_oob.so
7fe7b5797000-7fe7b579a000 r-xp 00002000 08:05 289010                     /usr/local/lib/openmpi/mca_rml_oob.so
7fe7b579a000-7fe7b579b000 r--p 00005000 08:05 289010                     /usr/local/lib/openmpi/mca_rml_oob.so
7fe7b579b000-7fe7b579c000 r--p 00005000 08:05 289010                     /usr/local/lib/openmpi/mca_rml_oob.so
7fe7b579c000-7fe7b579d000 rw-p 00006000 08:05 289010                     /usr/local/lib/openmpi/mca_rml_oob.so
7fe7b579d000-7fe7b579e000 r--p 00000000 08:05 288939                     /usr/local/lib/openmpi/mca_ess_env.so
7fe7b579e000-7fe7b579f000 r-xp 00001000 08:05 288939                     /usr/local/lib/openmpi/mca_ess_env.so
7fe7b579f000-7fe7b57a0000 r--p 00002000 08:05 288939                     /usr/local/lib/openmpi/mca_ess_env.so
7fe7b57a0000-7fe7b57a1000 r--p 00002000 08:05 288939                     /usr/local/lib/openmpi/mca_ess_env.so
7fe7b57a1000-7fe7b57a2000 rw-p 00003000 08:05 288939                     /usr/local/lib/openmpi/mca_ess_env.so
7fe7b57a2000-7fe7b57a7000 rw-p 00000000 00:00 0 
7fe7b57a7000-7fe7b57a8000 r--p 00000000 08:05 146049                     /usr/lib/x86_64-linux-gnu/libutil-2.31.so
7fe7b57a8000-7fe7b57a9000 r-xp 00001000 08:05 146049                     /usr/lib/x86_64-linux-gnu/libutil-2.31.so
7fe7b57a9000-7fe7b57aa000 r--p 00002000 08:05 146049                     /usr/lib/x86_64-linux-gnu/libutil-2.31.so
7fe7b57aa000-7fe7b57ab000 r--p 00002000 08:05 146049                     /usr/lib/x86_64-linux-gnu/libutil-2.31.so
7fe7b57ab000-7fe7b57ac000 rw-p 00003000 08:05 146049                     /usr/lib/x86_64-linux-gnu/libutil-2.31.so
7fe7b57ac000-7fe7b57ad000 r--p 00000000 08:05 145009                     /usr/lib/x86_64-linux-gnu/libdl-2.31.so
7fe7b57ad000-7fe7b57af000 r-xp 00001000 08:05 145009                     /usr/lib/x86_64-linux-gnu/libdl-2.31.so
7fe7b57af000-7fe7b57b0000 r--p 00003000 08:05 145009                     /usr/lib/x86_64-linux-gnu/libdl-2.31.so
7fe7b57b0000-7fe7b57b1000 r--p 00003000 08:05 145009                     /usr/lib/x86_64-linux-gnu/libdl-2.31.so
7fe7b57b1000-7fe7b57b2000 rw-p 00004000 08:05 145009                     /usr/lib/x86_64-linux-gnu/libdl-2.31.so
7fe7b57b2000-7fe7b57c1000 r--p 00000000 08:05 145512                     /usr/lib/x86_64-linux-gnu/libm-2.31.so
7fe7b57c1000-7fe7b5868000 r-xp 0000f000 08:05 145512                     /usr/lib/x86_64-linux-gnu/libm-2.31.so
7fe7b5868000-7fe7b58ff000 r--p 000b6000 08:05 145512                     /usr/lib/x86_64-linux-gnu/libm-2.31.so
7fe7b58ff000-7fe7b5900000 r--p 0014c000 08:05 145512                     /usr/lib/x86_64-linux-gnu/libm-2.31.so
7fe7b5900000-7fe7b5901000 rw-p 0014d000 08:05 145512                     /usr/lib/x86_64-linux-gnu/libm-2.31.so
7fe7b5901000-7fe7b5926000 r--p 00000000 08:05 144874                     /usr/lib/x86_64-linux-gnu/libc-2.31.so
7fe7b5926000-7fe7b5a9e000 r-xp 00025000 08:05 144874                     /usr/lib/x86_64-linux-gnu/libc-2.31.so
7fe7b5a9e000-7fe7b5ae8000 r--p 0019d000 08:05 144874                     /usr/lib/x86_64-linux-gnu/libc-2.31.so
7fe7b5ae8000-7fe7b5ae9000 ---p 001e7000 08:05 144874                     /usr/lib/x86_64-linux-gnu/libc-2.31.so
7fe7b5ae9000-7fe7b5aec000 r--p 001e7000 08:05 144874                     /usr/lib/x86_64-linux-gnu/libc-2.31.so
7fe7b5aec000-7fe7b5aef000 rw-p 001ea000 08:05 144874                     /usr/lib/x86_64-linux-gnu/libc-2.31.so
7fe7b5aef000-7fe7b5af5000 rw-p 00000000 00:00 0 
7fe7b5af5000-7fe7b5afc000 r--p 00000000 08:05 145777                     /usr/lib/x86_64-linux-gnu/libpthread-2.31.so
7fe7b5afc000-7fe7b5b0d000 r-xp 00007000 08:05 145777                     /usr/lib/x86_64-linux-gnu/libpthread-2.31.so
7fe7b5b0d000-7fe7b5b12000 r--p 00018000 08:05 145777                     /usr/lib/x86_64-linux-gnu/libpthread-2.31.so
7fe7b5b12000-7fe7b5b13000 r--p 0001c000 08:05 145777                     /usr/lib/x86_64-linux-gnu/libpthread-2.31.so
7fe7b5b13000-7fe7b5b14000 rw-p 0001d000 08:05 145777                     /usr/lib/x86_64-linux-gnu/libpthread-2.31.so
7fe7b5b14000-7fe7b5b18000 rw-p 00000000 00:00 0 
7fe7b5b18000-7fe7b5b1b000 r--p 00000000 08:05 145159                     /usr/lib/x86_64-linux-gnu/libgcc_s.so.1
7fe7b5b1b000-7fe7b5b2d000 r-xp 00003000 08:05 145159                     /usr/lib/x86_64-linux-gnu/libgcc_s.so.1
7fe7b5b2d000-7fe7b5b31000 r--p 00015000 08:05 145159                     /usr/lib/x86_64-linux-gnu/libgcc_s.so.1
7fe7b5b31000-7fe7b5b32000 r--p 00018000 08:05 145159                     /usr/lib/x86_64-linux-gnu/libgcc_s.so.1
7fe7b5b32000-7fe7b5b33000 rw-p 00019000 08:05 145159                     /usr/lib/x86_64-linux-gnu/libgcc_s.so.1
7fe7b5b33000-7fe7b5bc9000 r--p 00000000 08:05 145940                     /usr/lib/x86_64-linux-gnu/libstdc++.so.6.0.28
7fe7b5bc9000-7fe7b5cb9000 r-xp 00096000 08:05 145940                     /usr/lib/x86_64-linux-gnu/libstdc++.so.6.0.28
7fe7b5cb9000-7fe7b5d02000 r--p 00186000 08:05 145940                     /usr/lib/x86_64-linux-gnu/libstdc++.so.6.0.28
7fe7b5d02000-7fe7b5d03000 ---p 001cf000 08:05 145940                     /usr/lib/x86_64-linux-gnu/libstdc++.so.6.0.28
7fe7b5d03000-7fe7b5d0e000 r--p 001cf000 08:05 145940                     /usr/lib/x86_64-linux-gnu/libstdc++.so.6.0.28
7fe7b5d0e000-7fe7b5d11000 rw-p 001da000 08:05 145940                     /usr/lib/x86_64-linux-gnu/libstdc++.so.6.0.28
7fe7b5d11000-7fe7b5d15000 rw-p 00000000 00:00 0 
7fe7b5d15000-7fe7b5d16000 r--p 00000000 00:00 0 
7fe7b5d16000-7fe7b5d17000 r--p 00000000 08:05 288904                     /usr/local/lib/openmpi/mca_shmem_mmap.so
7fe7b5d17000-7fe7b5d18000 r-xp 00001000 08:05 288904                     /usr/local/lib/openmpi/mca_shmem_mmap.so
7fe7b5d18000-7fe7b5d19000 r--p 00002000 08:05 288904                     /usr/local/lib/openmpi/mca_shmem_mmap.so
7fe7b5d19000-7fe7b5d1a000 r--p 00002000 08:05 288904                     /usr/local/lib/openmpi/mca_shmem_mmap.so
7fe7b5d1a000-7fe7b5d1b000 rw-p 00003000 08:05 288904                     /usr/local/lib/openmpi/mca_shmem_mmap.so
7fe7b5d1b000-7fe7b5d1c000 r--p 00000000 08:05 288880                     /usr/local/lib/openmpi/mca_carto_auto_detect.so
7fe7b5d1c000-7fe7b5d1d000 r-xp 00001000 08:05 288880                     /usr/local/lib/openmpi/mca_carto_auto_detect.so
7fe7b5d1d000-7fe7b5d1e000 r--p 00002000 08:05 288880                     /usr/local/lib/openmpi/mca_carto_auto_detect.so
7fe7b5d1e000-7fe7b5d1f000 r--p 00002000 08:05 288880                     /usr/local/lib/openmpi/mca_carto_auto_detect.so
7fe7b5d1f000-7fe7b5d20000 rw-p 00003000 08:05 288880                     /usr/local/lib/openmpi/mca_carto_auto_detect.so
7fe7b5d20000-7fe7b5d21000 r--p 00000000 08:05 288899                     /usr/local/lib/openmpi/mca_paffinity_hwloc.so
7fe7b5d21000-7fe7b5d22000 r-xp 00001000 08:05 288899                     /usr/local/lib/openmpi/mca_paffinity_hwloc.so
7fe7b5d22000-7fe7b5d23000 r--p 00002000 08:05 288899                     /usr/local/lib/openmpi/mca_paffinity_hwloc.so
7fe7b5d23000-7fe7b5d24000 r--p 00002000 08:05 288899                     /usr/local/lib/openmpi/mca_paffinity_hwloc.so
7fe7b5d24000-7fe7b5d25000 rw-p 00003000 08:05 288899                     /usr/local/lib/openmpi/mca_paffinity_hwloc.so
7fe7b5d25000-7fe7b5d68000 r--p 00000000 08:05 284051                     /usr/local/lib/libmpi.so.1.0.8
7fe7b5d68000-7fe7b5e4c000 r-xp 00043000 08:05 284051                     /usr/local/lib/libmpi.so.1.0.8
7fe7b5e4c000-7fe7b5e8e000 r--p 00127000 08:05 284051                     /usr/local/lib/libmpi.so.1.0.8
7fe7b5e8e000-7fe7b5e93000 r--p 00168000 08:05 284051                     /usr/local/lib/libmpi.so.1.0.8
7fe7b5e93000-7fe7b5ea5000 rw-p 0016d000 08:05 284051                     /usr/local/lib/libmpi.so.1.0.8
7fe7b5ea5000-7fe7b5ebb000 rw-p 00000000 00:00 0 
7fe7b5ebb000-7fe7b5ec9000 r--p 00000000 08:05 289379                     /usr/local/lib/libmpi_cxx.so.1.0.2
7fe7b5ec9000-7fe7b5ed1000 r-xp 0000e000 08:05 289379                     /usr/local/lib/libmpi_cxx.so.1.0.2
7fe7b5ed1000-7fe7b5ed4000 r--p 00016000 08:05 289379                     /usr/local/lib/libmpi_cxx.so.1.0.2
7fe7b5ed4000-7fe7b5ed5000 ---p 00019000 08:05 289379                     /usr/local/lib/libmpi_cxx.so.1.0.2
7fe7b5ed5000-7fe7b5ed7000 r--p 00019000 08:05 289379                     /usr/local/lib/libmpi_cxx.so.1.0.2
7fe7b5ed7000-7fe7b5ed8000 rw-p 0001b000 08:05 289379                     /usr/local/lib/libmpi_cxx.so.1.0.2
7fe7b5ed8000-7fe7b60c9000 r--p 00000000 08:05 549                        /usr/lib/jvm/java-8-openjdk-amd64/jre/lib/amd64/server/libjvm.so
7fe7b60c9000-7fe7b698a000 r-xp 001f1000 08:05 549                        /usr/lib/jvm/java-8-openjdk-amd64/jre/lib/amd64/server/libjvm.so
7fe7b698a000-7fe7b6b29000 r--p 00ab2000 08:05 549                        /usr/lib/jvm/java-8-openjdk-amd64/jre/lib/amd64/server/libjvm.so
7fe7b6b29000-7fe7b6bbe000 r--p 00c50000 08:05 549                        /usr/lib/jvm/java-8-openjdk-amd64/jre/lib/amd64/server/libjvm.so
7fe7b6bbe000-7fe7b6be7000 rw-p 00ce5000 08:05 549                        /usr/lib/jvm/java-8-openjdk-amd64/jre/lib/amd64/server/libjvm.so
7fe7b6be7000-7fe7b6c19000 rw-p 00000000 00:00 0 
7fe7b6c19000-7fe7b6c1a000 r--p 00000000 08:05 144661                     /usr/lib/x86_64-linux-gnu/ld-2.31.so
7fe7b6c1a000-7fe7b6c3d000 r-xp 00001000 08:05 144661                     /usr/lib/x86_64-linux-gnu/ld-2.31.so
7fe7b6c3d000-7fe7b6c45000 r--p 00024000 08:05 144661                     /usr/lib/x86_64-linux-gnu/ld-2.31.so
7fe7b6c45000-7fe7b6c46000 rw-s 00000000 08:05 930824                     /tmp/openmpi-sessions-yuejia@yuejia-VirtualBox_0/3763/1/shared_mem_btl_module.yuejia-VirtualBox (deleted)
7fe7b6c46000-7fe7b6c47000 r--p 0002c000 08:05 144661                     /usr/lib/x86_64-linux-gnu/ld-2.31.so
7fe7b6c47000-7fe7b6c48000 rw-p 0002d000 08:05 144661                     /usr/lib/x86_64-linux-gnu/ld-2.31.so
7fe7b6c48000-7fe7b6c49000 rw-p 00000000 00:00 0 
7ffec1f10000-7ffec1f13000 ---p 00000000 00:00 0 
7ffec1f13000-7ffec2010000 rw-p 00000000 00:00 0                          [stack]
7ffec21b3000-7ffec21b6000 r--p 00000000 00:00 0                          [vvar]
7ffec21b6000-7ffec21b7000 r-xp 00000000 00:00 0                          [vdso]
ffffffffff600000-ffffffffff601000 --xp 00000000 00:00 0                  [vsyscall]

VM Arguments:
java_command: <unknown>
java_class_path (initial): :/usr/local/hadoop-2.10.0/etc/hadoop:/usr/local/hadoop-2.10.0/share/hadoop/common/lib/activation-1.1.jar:/usr/local/hadoop-2.10.0/share/hadoop/common/lib/apacheds-i18n-2.0.0-M15.jar:/usr/local/hadoop-2.10.0/share/hadoop/common/lib/apacheds-kerberos-codec-2.0.0-M15.jar:/usr/local/hadoop-2.10.0/share/hadoop/common/lib/api-asn1-api-1.0.0-M20.jar:/usr/local/hadoop-2.10.0/share/hadoop/common/lib/api-util-1.0.0-M20.jar:/usr/local/hadoop-2.10.0/share/hadoop/common/lib/asm-3.2.jar:/usr/local/hadoop-2.10.0/share/hadoop/common/lib/avro-1.7.7.jar:/usr/local/hadoop-2.10.0/share/hadoop/common/lib/commons-beanutils-1.9.4.jar:/usr/local/hadoop-2.10.0/share/hadoop/common/lib/commons-cli-1.2.jar:/usr/local/hadoop-2.10.0/share/hadoop/common/lib/commons-codec-1.4.jar:/usr/local/hadoop-2.10.0/share/hadoop/common/lib/commons-collections-3.2.2.jar:/usr/local/hadoop-2.10.0/share/hadoop/common/lib/commons-compress-1.19.jar:/usr/local/hadoop-2.10.0/share/hadoop/common/lib/commons-configuration-1.6.jar:/usr/local/hadoop-2.10.0/share/hadoop/common/lib/commons-digester-1.8.jar:/usr/local/hadoop-2.10.0/share/hadoop/common/lib/commons-io-2.4.jar:/usr/local/hadoop-2.10.0/share/hadoop/common/lib/commons-lang-2.6.jar:/usr/local/hadoop-2.10.0/share/hadoop/common/lib/commons-lang3-3.4.jar:/usr/local/hadoop-2.10.0/share/hadoop/common/lib/commons-logging-1.1.3.jar:/usr/local/hadoop-2.10.0/share/hadoop/common/lib/commons-math3-3.1.1.jar:/usr/local/hadoop-2.10.0/share/hadoop/common/lib/commons-net-3.1.jar:/usr/local/hadoop-2.10.0/share/hadoop/common/lib/curator-client-2.7.1.jar:/usr/local/hadoop-2.10.0/share/hadoop/common/lib/curator-framework-2.7.1.jar:/usr/local/hadoop-2.10.0/share/hadoop/common/lib/curator-recipes-2.7.1.jar:/usr/local/hadoop-2.10.0/share/hadoop/common/lib/gson-2.2.4.jar:/usr/local/hadoop-2.10.0/share/hadoop/common/lib/guava-11.0.2.jar:/usr/local/hadoop-2.10.0/share/hadoop/common/lib/hadoop-annotations-2.10.0.jar:/usr/local/hadoop-2.10.0/share/hadoop/common
Launcher Type: generic

Environment Variables:
PATH=/usr/local/sbin:/usr/local/bin:/usr/sbin:/usr/bin:/sbin:/bin:/usr/games:/usr/local/games:/snap/bin
USERNAME=yuejia
LD_LIBRARY_PATH=:/usr/lib/jvm/java-8-openjdk-amd64/jre/lib/amd64/server:/usr/local/hadoop-2.10.0/lib/native:/usr/local/lib
SHELL=/bin/bash
DISPLAY=:0

Signal Handlers:
SIGSEGV: [libjvm.so+0xa8c6a0], sa_mask[0]=11111111011111111101111111111110, sa_flags=SA_RESTART|SA_SIGINFO
SIGBUS: [libjvm.so+0xa8c6a0], sa_mask[0]=11111111011111111101111111111110, sa_flags=SA_RESTART|SA_SIGINFO
SIGFPE: [libjvm.so+0x8e14c0], sa_mask[0]=11111111011111111101111111111110, sa_flags=SA_RESTART|SA_SIGINFO
SIGPIPE: [libjvm.so+0x8e14c0], sa_mask[0]=11111111011111111101111111111110, sa_flags=SA_RESTART|SA_SIGINFO
SIGXFSZ: [libjvm.so+0x8e14c0], sa_mask[0]=11111111011111111101111111111110, sa_flags=SA_RESTART|SA_SIGINFO
SIGILL: [libjvm.so+0x8e14c0], sa_mask[0]=11111111011111111101111111111110, sa_flags=SA_RESTART|SA_SIGINFO
SIGUSR1: SIG_DFL, sa_mask[0]=00000000000000000000000000000000, sa_flags=none
SIGUSR2: [libjvm.so+0x8e1370], sa_mask[0]=00000000000000000000000000000000, sa_flags=SA_RESTART|SA_SIGINFO
SIGHUP: [libjvm.so+0x8e1740], sa_mask[0]=11111111011111111101111111111110, sa_flags=SA_RESTART|SA_SIGINFO
SIGINT: [libjvm.so+0x8e1740], sa_mask[0]=11111111011111111101111111111110, sa_flags=SA_RESTART|SA_SIGINFO
SIGTERM: [libjvm.so+0x8e1740], sa_mask[0]=11111111011111111101111111111110, sa_flags=SA_RESTART|SA_SIGINFO
SIGQUIT: [libjvm.so+0x8e1740], sa_mask[0]=11111111011111111101111111111110, sa_flags=SA_RESTART|SA_SIGINFO


---------------  S Y S T E M  ---------------

OS:DISTRIB_ID=Ubuntu
DISTRIB_RELEASE=20.04
DISTRIB_CODENAME=focal
DISTRIB_DESCRIPTION="Ubuntu 20.04.1 LTS"

uname:Linux 5.4.0-45-generic #49-Ubuntu SMP Wed Aug 26 13:38:52 UTC 2020 x86_64
libc:glibc 2.31 NPTL 2.31 
rlimit: STACK 8192k, CORE 0k, NPROC 15522, NOFILE 1048576, AS infinity
load average:2.30 1.06 0.71

/proc/meminfo:
MemTotal:        4030228 kB
MemFree:          217344 kB
MemAvailable:     673984 kB
Buffers:           22476 kB
Cached:           758168 kB
SwapCached:         4108 kB
Active:          2303708 kB
Inactive:        1200488 kB
Active(anon):    1938628 kB
Inactive(anon):   953228 kB
Active(file):     365080 kB
Inactive(file):   247260 kB
Unevictable:          16 kB
Mlocked:              16 kB
SwapTotal:        459260 kB
SwapFree:         366588 kB
Dirty:             11836 kB
Writeback:             0 kB
AnonPages:       2721700 kB
Mapped:           504052 kB
Shmem:            168964 kB
KReclaimable:      94684 kB
Slab:             203908 kB
SReclaimable:      94684 kB
SUnreclaim:       109224 kB
KernelStack:       16348 kB
PageTables:        26524 kB
NFS_Unstable:          0 kB
Bounce:                0 kB
WritebackTmp:          0 kB
CommitLimit:     2474372 kB
Committed_AS:    7979720 kB
VmallocTotal:   34359738367 kB
VmallocUsed:       50480 kB
VmallocChunk:          0 kB
Percpu:             2784 kB
HardwareCorrupted:     0 kB
AnonHugePages:         0 kB
ShmemHugePages:        0 kB
ShmemPmdMapped:        0 kB
FileHugePages:         0 kB
FilePmdMapped:         0 kB
CmaTotal:              0 kB
CmaFree:               0 kB
HugePages_Total:       0
HugePages_Free:        0
HugePages_Rsvd:        0
HugePages_Surp:        0
Hugepagesize:       2048 kB
Hugetlb:               0 kB
DirectMap4k:      239552 kB
DirectMap2M:     3954688 kB

container (cgroup) information:
container_type: cgroupv1
cpu_cpuset_cpus: 0-3
cpu_memory_nodes: 0
active_processor_count: 4
cpu_quota: -1
cpu_period: 100000
cpu_shares: -1
memory_limit_in_bytes: -1
memory_and_swap_limit_in_bytes: -2
memory_soft_limit_in_bytes: -1
memory_usage_in_bytes: 2558709760
memory_max_usage_in_bytes: 2691633152


CPU:total 4 (initial active 4) (4 cores per cpu, 1 threads per core) family 6 model 142 stepping 12, cmov, cx8, fxsr, mmx, sse, sse2, sse3, ssse3, sse4.1, sse4.2, popcnt, avx, avx2, aes, clmul, 3dnowpref, lzcnt, tsc, tscinvbit

/proc/cpuinfo:
processor	: 0
vendor_id	: GenuineIntel
cpu family	: 6
model		: 142
model name	: Intel(R) Core(TM) i7-8565U CPU @ 1.80GHz
stepping	: 12
cpu MHz		: 1991.997
cache size	: 8192 KB
physical id	: 0
siblings	: 4
core id		: 0
cpu cores	: 4
apicid		: 0
initial apicid	: 0
fpu		: yes
fpu_exception	: yes
cpuid level	: 22
wp		: yes
flags		: fpu vme de pse tsc msr pae mce cx8 apic sep mtrr pge mca cmov pat pse36 clflush mmx fxsr sse sse2 ht syscall nx rdtscp lm constant_tsc rep_good nopl xtopology nonstop_tsc cpuid tsc_known_freq pni pclmulqdq ssse3 cx16 pcid sse4_1 sse4_2 x2apic movbe popcnt aes xsave avx rdrand hypervisor lahf_lm abm 3dnowprefetch invpcid_single fsgsbase avx2 invpcid rdseed clflushopt md_clear flush_l1d arch_capabilities
bugs		: spectre_v1 spectre_v2 spec_store_bypass swapgs itlb_multihit srbds
bogomips	: 3983.99
clflush size	: 64
cache_alignment	: 64
address sizes	: 39 bits physical, 48 bits virtual
power management:

processor	: 1
vendor_id	: GenuineIntel
cpu family	: 6
model		: 142
model name	: Intel(R) Core(TM) i7-8565U CPU @ 1.80GHz
stepping	: 12
cpu MHz		: 1991.997
cache size	: 8192 KB
physical id	: 0
siblings	: 4
core id		: 1
cpu cores	: 4
apicid		: 1
initial apicid	: 1
fpu		: yes
fpu_exception	: yes
cpuid level	: 22
wp		: yes
flags		: fpu vme de pse tsc msr pae mce cx8 apic sep mtrr pge mca cmov pat pse36 clflush mmx fxsr sse sse2 ht syscall nx rdtscp lm constant_tsc rep_good nopl xtopology nonstop_tsc cpuid tsc_known_freq pni pclmulqdq ssse3 cx16 pcid sse4_1 sse4_2 x2apic movbe popcnt aes xsave avx rdrand hypervisor lahf_lm abm 3dnowprefetch invpcid_single fsgsbase avx2 invpcid rdseed clflushopt md_clear flush_l1d arch_capabilities
bugs		: spectre_v1 spectre_v2 spec_store_bypass swapgs itlb_multihit srbds
bogomips	: 3983.99
clflush size	: 64
cache_alignment	: 64
address sizes	: 39 bits physical, 48 bits virtual
power management:

processor	: 2
vendor_id	: GenuineIntel
cpu family	: 6
model		: 142
model name	: Intel(R) Core(TM) i7-8565U CPU @ 1.80GHz
stepping	: 12
cpu MHz		: 1991.997
cache size	: 8192 KB
physical id	: 0
siblings	: 4
core id		: 2
cpu cores	: 4
apicid		: 2
initial apicid	: 2
fpu		: yes
fpu_exception	: yes
cpuid level	: 22
wp		: yes
flags		: fpu vme de pse tsc msr pae mce cx8 apic sep mtrr pge mca cmov pat pse36 clflush mmx fxsr sse sse2 ht syscall nx rdtscp lm constant_tsc rep_good nopl xtopology nonstop_tsc cpuid tsc_known_freq pni pclmulqdq ssse3 cx16 pcid sse4_1 sse4_2 x2apic movbe popcnt aes xsave avx rdrand hypervisor lahf_lm abm 3dnowprefetch invpcid_single fsgsbase avx2 invpcid rdseed clflushopt md_clear flush_l1d arch_capabilities
bugs		: spectre_v1 spectre_v2 spec_store_bypass swapgs itlb_multihit srbds
bogomips	: 3983.99
clflush size	: 64
cache_alignment	: 64
address sizes	: 39 bits physical, 48 bits virtual
power management:

processor	: 3
vendor_id	: GenuineIntel
cpu family	: 6
model		: 142
model name	: Intel(R) Core(TM) i7-8565U CPU @ 1.80GHz
stepping	: 12
cpu MHz		: 1991.997
cache size	: 8192 KB
physical id	: 0
siblings	: 4
core id		: 3
cpu cores	: 4
apicid		: 3
initial apicid	: 3
fpu		: yes
fpu_exception	: yes
cpuid level	: 22
wp		: yes
flags		: fpu vme de pse tsc msr pae mce cx8 apic sep mtrr pge mca cmov pat pse36 clflush mmx fxsr sse sse2 ht syscall nx rdtscp lm constant_tsc rep_good nopl xtopology nonstop_tsc cpuid tsc_known_freq pni pclmulqdq ssse3 cx16 pcid sse4_1 sse4_2 x2apic movbe popcnt aes xsave avx rdrand hypervisor lahf_lm abm 3dnowprefetch invpcid_single fsgsbase avx2 invpcid rdseed clflushopt md_clear flush_l1d arch_capabilities
bugs		: spectre_v1 spectre_v2 spec_store_bypass swapgs itlb_multihit srbds
bogomips	: 3983.99
clflush size	: 64
cache_alignment	: 64
address sizes	: 39 bits physical, 48 bits virtual
power management:



Memory: 4k page, physical 4030228k(217344k free), swap 459260k(366588k free)

vm_info: OpenJDK 64-Bit Server VM (25.265-b01) for linux-amd64 JRE (1.8.0_265-8u265-b01-0ubuntu2~20.04-b01), built on Aug  3 2020 01:16:56 by "buildd" with gcc 9.3.0

time: Tue Sep  8 17:39:50 2020
timezone: CST
elapsed time: 3 seconds (0d 0h 0m 3s)

