#
# A fatal error has been detected by the Java Runtime Environment:
#
#  SIGSEGV (0xb) at pc=0x0000000000495799, pid=16050, tid=0x00007f1815ab7740
#
# JRE version: OpenJDK Runtime Environment (8.0_265-b01) (build 1.8.0_265-8u265-b01-0ubuntu2~20.04-b01)
# Java VM: OpenJDK 64-Bit Server VM (25.265-b01 mixed mode linux-amd64 compressed oops)
# Problematic frame:
# C  [subgraph+0x95799]  SIVertex::enumerate_new(std::vector<SIMessage, std::allocator<SIMessage> >&)+0x119
#
# Failed to write core dump. Core dumps have been disabled. To enable core dumping, try "ulimit -c unlimited" before starting Java again
#
# If you would like to submit a bug report, please visit:
#   http://bugreport.java.com/bugreport/crash.jsp
# The crash happened outside the Java Virtual Machine in native code.
# See problematic frame for where to report the bug.
#

---------------  T H R E A D  ---------------

Current thread (0x0000000000d9c800):  JavaThread "main" [_thread_in_native, id=16050, stack(0x00007fff8a5f1000,0x00007fff8a6f1000)]

siginfo: si_signo: 11 (SIGSEGV), si_code: 1 (SEGV_MAPERR), si_addr: 0x0000000000000028

Registers:
RAX=0x0000000000000028, RBX=0x0000000000517600, RCX=0x0000000000000000, RDX=0x0000000000000020
RSP=0x00007fff8a6ec5a0, RBP=0x00007fff8a6ec780, RSI=0x00007fff8a6ec6e0, RDI=0x00007fff8a6ec600
R8 =0x0000000000f2f320, R9 =0x00007fff8a6ec400, R10=0x0000000000000001, R11=0x0000000000000000
R12=0x0000000000000009, R13=0x00007fff8a6ecc80, R14=0x0000000000000000, R15=0x0000000000000000
RIP=0x0000000000495799, EFLAGS=0x0000000000010206, CSGSFS=0x002b000000000033, ERR=0x0000000000000004
  TRAPNO=0x000000000000000e

Top of Stack: (sp=0x00007fff8a6ec5a0)
0x00007fff8a6ec5a0:   00000000019b0f38 0000000001a40140
0x00007fff8a6ec5b0:   0000003100000000 0000000000000002
0x00007fff8a6ec5c0:   0000000100000001 0000000000000000
0x00007fff8a6ec5d0:   0000000000000001 0000000000000000
0x00007fff8a6ec5e0:   00007fff8a6ec8f0 0000000001a4f200
0x00007fff8a6ec5f0:   00007fff8a6ec6f8 0000000000f2e730
0x00007fff8a6ec600:   0000000000000020 0000000001a401a0
0x00007fff8a6ec610:   0000000000000000 00007fff8a6ec680
0x00007fff8a6ec620:   0000000000f2ea60 0000000000f2ea64
0x00007fff8a6ec630:   0000000000f2ea64 fdbde37bdc243900
0x00007fff8a6ec640:   0000000000f2e750 0000000000f2e754
0x00007fff8a6ec650:   0000000000f2e754 0000000000516400
0x00007fff8a6ec660:   0000000000000001 0000000001a48d90
0x00007fff8a6ec670:   0000000001a48d94 0000000001a48d94
0x00007fff8a6ec680:   0000000000515800 00000000019dd3f0
0x00007fff8a6ec690:   00000000019dd9f8 00000000019dd9f8
0x00007fff8a6ec6a0:   0000000000000000 0000000400000000
0x00007fff8a6ec6b0:   0000000001a3fbc0 0000000001a3fbc4
0x00007fff8a6ec6c0:   0000000001a3fbc4 0000000000000000
0x00007fff8a6ec6d0:   0000000000000000 0000000000000000
0x00007fff8a6ec6e0:   0000000000000000 0000000001a401a0
0x00007fff8a6ec6f0:   0000000000f2e714 0000000000000000
0x00007fff8a6ec700:   0000000000000000 0000000000000000
0x00007fff8a6ec710:   0000000900000003 0000000000f2e714
0x00007fff8a6ec720:   0000000000000000 0000000000000000
0x00007fff8a6ec730:   0000000000000000 00000000019d0810
0x00007fff8a6ec740:   00000000019d0814 00000000019d0814
0x00007fff8a6ec750:   0000000000000000 0000000000000000
0x00007fff8a6ec760:   0000000000000000 fdbde37bdc243900
0x00007fff8a6ec770:   0000000001a40140 0000000000000002
0x00007fff8a6ec780:   00007fff8a6ec7e0 00000000004a6126
0x00007fff8a6ec790:   000000000000000a 00007fff8a6ec850 

Instructions: (pc=0x0000000000495799)
0x0000000000495779:   d6 48 89 c7 e8 18 57 00 00 84 c0 0f 84 97 04 00
0x0000000000495789:   00 48 8d 85 80 fe ff ff 48 89 c7 e8 87 57 00 00
0x0000000000495799:   8b 00 89 85 34 fe ff ff 8b 95 34 fe ff ff 48 8b
0x00000000004957a9:   85 60 fe ff ff 89 d6 48 89 c7 e8 bc ee ff ff 89 

Register to memory mapping:

RAX=0x0000000000000028 is an unknown value
RBX=0x0000000000517600: _ZSt4cout+0 in /home/yuejia/Documents/Pregel+/subgraph/Debug/subgraph at 0x0000000000400000
RCX=0x0000000000000000 is an unknown value
RDX=0x0000000000000020 is an unknown value
RSP=0x00007fff8a6ec5a0 is pointing into the stack for thread: 0x0000000000d9c800
RBP=0x00007fff8a6ec780 is pointing into the stack for thread: 0x0000000000d9c800
RSI=0x00007fff8a6ec6e0 is pointing into the stack for thread: 0x0000000000d9c800
RDI=0x00007fff8a6ec600 is pointing into the stack for thread: 0x0000000000d9c800
R8 =0x0000000000f2f320 is an unknown value
R9 =0x00007fff8a6ec400 is pointing into the stack for thread: 0x0000000000d9c800
R10=0x0000000000000001 is an unknown value
R11=0x0000000000000000 is an unknown value
R12=0x0000000000000009 is an unknown value
R13=0x00007fff8a6ecc80 is pointing into the stack for thread: 0x0000000000d9c800
R14=0x0000000000000000 is an unknown value
R15=0x0000000000000000 is an unknown value


Stack: [0x00007fff8a5f1000,0x00007fff8a6f1000],  sp=0x00007fff8a6ec5a0,  free space=1005k
Native frames: (J=compiled Java code, j=interpreted, Vv=VM code, C=native code)
C  [subgraph+0x95799]  SIVertex::enumerate_new(std::vector<SIMessage, std::allocator<SIMessage> >&)+0x119
C  [subgraph+0xa6126]  Worker<SIVertex, SIQuery, DummyAgg>::active_compute(int, WorkerParams, int)+0x200
C  [subgraph+0x9c99a]  Worker<SIVertex, SIQuery, DummyAgg>::run_type(int, WorkerParams const&)+0x282
C  [subgraph+0x8c27f]  pregel_subgraph(WorkerParams const&)+0xee
C  [subgraph+0x8c45d]  main+0x13b
C  [libc.so.6+0x270b3]  __libc_start_main+0xf3


---------------  P R O C E S S  ---------------

Java Threads: ( => current thread )
  0x0000000001a4e000 JavaThread "org.apache.hadoop.hdfs.PeerCache@7b205dbd" daemon [_thread_blocked, id=16082, stack(0x00007f17bf2d9000,0x00007f17bf3da000)]
  0x0000000001970800 JavaThread "client DomainSocketWatcher" daemon [_thread_in_native, id=16074, stack(0x00007f17fc045000,0x00007f17fc146000)]
  0x0000000001684800 JavaThread "org.apache.hadoop.fs.FileSystem$Statistics$StatisticsDataReferenceCleaner" daemon [_thread_blocked, id=16073, stack(0x00007f17fc152000,0x00007f17fc253000)]
  0x000000000164a800 JavaThread "process reaper" daemon [_thread_blocked, id=16071, stack(0x00007f17fc253000,0x00007f17fc28c000)]
  0x0000000000e51800 JavaThread "Service Thread" daemon [_thread_blocked, id=16066, stack(0x00007f17fca81000,0x00007f17fcb82000)]
  0x0000000000e4e800 JavaThread "C1 CompilerThread2" daemon [_thread_blocked, id=16065, stack(0x00007f17fcb83000,0x00007f17fcc83000)]
  0x0000000000e4d000 JavaThread "C2 CompilerThread1" daemon [_thread_blocked, id=16064, stack(0x00007f17fcc84000,0x00007f17fcd84000)]
  0x0000000000e4a000 JavaThread "C2 CompilerThread0" daemon [_thread_blocked, id=16063, stack(0x00007f17fcd85000,0x00007f17fce85000)]
  0x0000000000e48800 JavaThread "Signal Dispatcher" daemon [_thread_blocked, id=16062, stack(0x00007f17fce85000,0x00007f17fcf86000)]
  0x0000000000e17800 JavaThread "Finalizer" daemon [_thread_blocked, id=16060, stack(0x00007f17fdd64000,0x00007f17fde65000)]
  0x0000000000e13000 JavaThread "Reference Handler" daemon [_thread_blocked, id=16059, stack(0x00007f17fde65000,0x00007f17fdf66000)]
=>0x0000000000d9c800 JavaThread "main" [_thread_in_native, id=16050, stack(0x00007fff8a5f1000,0x00007fff8a6f1000)]

Other Threads:
  0x0000000000e09800 VMThread [stack: 0x00007f17fdf67000,0x00007f17fe067000] [id=16058]
  0x0000000000e54000 WatcherThread [stack: 0x00007f17fc981000,0x00007f17fca81000] [id=16067]

VM state:not at safepoint (normal execution)

VM Mutex/Monitor currently owned by a thread: None

heap address: 0x00000000c2800000, size: 984 MB, Compressed Oops mode: 32-bit
Narrow klass base: 0x0000000000000000, Narrow klass shift: 3
Compressed class space size: 1073741824 Address: 0x0000000100000000

Heap:
 PSYoungGen      total 68608K, used 28320K [0x00000000eb800000, 0x00000000f0200000, 0x0000000100000000)
  eden space 62976K, 37% used [0x00000000eb800000,0x00000000ecec9970,0x00000000ef580000)
  from space 5632K, 88% used [0x00000000efb80000,0x00000000f005e878,0x00000000f0100000)
  to   space 6144K, 0% used [0x00000000ef580000,0x00000000ef580000,0x00000000efb80000)
 ParOldGen       total 42496K, used 6094K [0x00000000c2800000, 0x00000000c5180000, 0x00000000eb800000)
  object space 42496K, 14% used [0x00000000c2800000,0x00000000c2df3b60,0x00000000c5180000)
 Metaspace       used 20430K, capacity 20640K, committed 20864K, reserved 1067008K
  class space    used 2287K, capacity 2340K, committed 2432K, reserved 1048576K

Card table byte_map: [0x00007f1802140000,0x00007f180232d000] byte_map_base: 0x00007f1801b2c000

Marking Bits: (ParMarkBitMap*) 0x00007f1816f0f520
 Begin Bits: [0x00007f17ffd34000, 0x00007f1800c94000)
 End Bits:   [0x00007f1800c94000, 0x00007f1801bf4000)

Polling page: 0x00007f181602a000

CodeCache: size=245760Kb used=4292Kb max_used=4332Kb free=241468Kb
 bounds [0x00007f18026ed000, 0x00007f1802b2d000, 0x00007f18116ed000]
 total_blobs=1448 nmethods=1027 adapters=336
 compilation: enabled

Compilation events (10 events):
Event: 2.318 Thread 0x0000000000e4e800 nmethod 1023 0x00007f1802b100d0 code [0x00007f1802b10240, 0x00007f1802b10468]
Event: 2.318 Thread 0x0000000000e4e800 1024       3       com.google.protobuf.LiteralByteString::size (6 bytes)
Event: 2.326 Thread 0x0000000000e4e800 nmethod 1024 0x00007f1802b10510 code [0x00007f1802b10680, 0x00007f1802b107d0]
Event: 2.326 Thread 0x0000000000e4e800 1025       1       java.util.Collections$EmptyIterator::hasNext (2 bytes)
Event: 2.326 Thread 0x0000000000e4e800 nmethod 1025 0x00007f1802b00790 code [0x00007f1802b008e0, 0x00007f1802b009f0]
Event: 2.326 Thread 0x0000000000e4e800 1026       3       java.lang.Integer::parseInt (7 bytes)
Event: 2.326 Thread 0x0000000000e4e800 nmethod 1026 0x00007f1802b10890 code [0x00007f1802b10a00, 0x00007f1802b10b68]
Event: 2.326 Thread 0x0000000000e4e800 1027       1       java.net.InetAddress::holder (5 bytes)
Event: 2.326 Thread 0x0000000000e4e800 nmethod 1027 0x00007f1802b10c10 code [0x00007f1802b10d60, 0x00007f1802b10e70]
Event: 2.720 Thread 0x0000000000e4d000 nmethod 982% 0x00007f1802b1aed0 code [0x00007f1802b1b960, 0x00007f1802b24bc8]

GC Heap History (10 events):
Event: 0.713 GC heap before
{Heap before GC invocations=2 (full 0):
 PSYoungGen      total 18432K, used 18406K [0x00000000eb800000, 0x00000000ecc80000, 0x0000000100000000)
  eden space 15872K, 100% used [0x00000000eb800000,0x00000000ec780000,0x00000000ec780000)
  from space 2560K, 98% used [0x00000000ec780000,0x00000000ec9f9988,0x00000000eca00000)
  to   space 2560K, 0% used [0x00000000eca00000,0x00000000eca00000,0x00000000ecc80000)
 ParOldGen       total 42496K, used 210K [0x00000000c2800000, 0x00000000c5180000, 0x00000000eb800000)
  object space 42496K, 0% used [0x00000000c2800000,0x00000000c2834998,0x00000000c5180000)
 Metaspace       used 8065K, capacity 8164K, committed 8448K, reserved 1056768K
  class space    used 876K, capacity 912K, committed 1024K, reserved 1048576K
Event: 0.722 GC heap after
Heap after GC invocations=2 (full 0):
 PSYoungGen      total 18432K, used 2558K [0x00000000eb800000, 0x00000000edc00000, 0x0000000100000000)
  eden space 15872K, 0% used [0x00000000eb800000,0x00000000eb800000,0x00000000ec780000)
  from space 2560K, 99% used [0x00000000eca00000,0x00000000ecc7fba0,0x00000000ecc80000)
  to   space 2560K, 0% used [0x00000000ec780000,0x00000000ec780000,0x00000000eca00000)
 ParOldGen       total 42496K, used 1008K [0x00000000c2800000, 0x00000000c5180000, 0x00000000eb800000)
  object space 42496K, 2% used [0x00000000c2800000,0x00000000c28fc198,0x00000000c5180000)
 Metaspace       used 8065K, capacity 8164K, committed 8448K, reserved 1056768K
  class space    used 876K, capacity 912K, committed 1024K, reserved 1048576K
}
Event: 1.147 GC heap before
{Heap before GC invocations=3 (full 0):
 PSYoungGen      total 18432K, used 18430K [0x00000000eb800000, 0x00000000edc00000, 0x0000000100000000)
  eden space 15872K, 100% used [0x00000000eb800000,0x00000000ec780000,0x00000000ec780000)
  from space 2560K, 99% used [0x00000000eca00000,0x00000000ecc7fba0,0x00000000ecc80000)
  to   space 2560K, 0% used [0x00000000ec780000,0x00000000ec780000,0x00000000eca00000)
 ParOldGen       total 42496K, used 1008K [0x00000000c2800000, 0x00000000c5180000, 0x00000000eb800000)
  object space 42496K, 2% used [0x00000000c2800000,0x00000000c28fc198,0x00000000c5180000)
 Metaspace       used 10866K, capacity 11070K, committed 11392K, reserved 1058816K
  class space    used 1201K, capacity 1283K, committed 1408K, reserved 1048576K
Event: 1.160 GC heap after
Heap after GC invocations=3 (full 0):
 PSYoungGen      total 18432K, used 2554K [0x00000000eb800000, 0x00000000edc00000, 0x0000000100000000)
  eden space 15872K, 0% used [0x00000000eb800000,0x00000000eb800000,0x00000000ec780000)
  from space 2560K, 99% used [0x00000000ec780000,0x00000000ec9fe820,0x00000000eca00000)
  to   space 2560K, 0% used [0x00000000ed980000,0x00000000ed980000,0x00000000edc00000)
 ParOldGen       total 42496K, used 1823K [0x00000000c2800000, 0x00000000c5180000, 0x00000000eb800000)
  object space 42496K, 4% used [0x00000000c2800000,0x00000000c29c7cc0,0x00000000c5180000)
 Metaspace       used 10866K, capacity 11070K, committed 11392K, reserved 1058816K
  class space    used 1201K, capacity 1283K, committed 1408K, reserved 1048576K
}
Event: 1.304 GC heap before
{Heap before GC invocations=4 (full 0):
 PSYoungGen      total 18432K, used 18426K [0x00000000eb800000, 0x00000000edc00000, 0x0000000100000000)
  eden space 15872K, 100% used [0x00000000eb800000,0x00000000ec780000,0x00000000ec780000)
  from space 2560K, 99% used [0x00000000ec780000,0x00000000ec9fe820,0x00000000eca00000)
  to   space 2560K, 0% used [0x00000000ed980000,0x00000000ed980000,0x00000000edc00000)
 ParOldGen       total 42496K, used 1823K [0x00000000c2800000, 0x00000000c5180000, 0x00000000eb800000)
  object space 42496K, 4% used [0x00000000c2800000,0x00000000c29c7cc0,0x00000000c5180000)
 Metaspace       used 13117K, capacity 13310K, committed 13696K, reserved 1060864K
  class space    used 1475K, capacity 1539K, committed 1664K, reserved 1048576K
Event: 1.313 GC heap after
Heap after GC invocations=4 (full 0):
 PSYoungGen      total 34304K, used 2544K [0x00000000eb800000, 0x00000000edc00000, 0x0000000100000000)
  eden space 31744K, 0% used [0x00000000eb800000,0x00000000eb800000,0x00000000ed700000)
  from space 2560K, 99% used [0x00000000ed980000,0x00000000edbfc010,0x00000000edc00000)
  to   space 2560K, 0% used [0x00000000ed700000,0x00000000ed700000,0x00000000ed980000)
 ParOldGen       total 42496K, used 3244K [0x00000000c2800000, 0x00000000c5180000, 0x00000000eb800000)
  object space 42496K, 7% used [0x00000000c2800000,0x00000000c2b2b1d8,0x00000000c5180000)
 Metaspace       used 13117K, capacity 13310K, committed 13696K, reserved 1060864K
  class space    used 1475K, capacity 1539K, committed 1664K, reserved 1048576K
}
Event: 1.450 GC heap before
{Heap before GC invocations=5 (full 0):
 PSYoungGen      total 34304K, used 34288K [0x00000000eb800000, 0x00000000edc00000, 0x0000000100000000)
  eden space 31744K, 100% used [0x00000000eb800000,0x00000000ed700000,0x00000000ed700000)
  from space 2560K, 99% used [0x00000000ed980000,0x00000000edbfc010,0x00000000edc00000)
  to   space 2560K, 0% used [0x00000000ed700000,0x00000000ed700000,0x00000000ed980000)
 ParOldGen       total 42496K, used 3244K [0x00000000c2800000, 0x00000000c5180000, 0x00000000eb800000)
  object space 42496K, 7% used [0x00000000c2800000,0x00000000c2b2b1d8,0x00000000c5180000)
 Metaspace       used 15700K, capacity 15870K, committed 16256K, reserved 1062912K
  class space    used 1726K, capacity 1795K, committed 1920K, reserved 1048576K
Event: 1.483 GC heap after
Heap after GC invocations=5 (full 0):
 PSYoungGen      total 34304K, used 2544K [0x00000000eb800000, 0x00000000f0100000, 0x0000000100000000)
  eden space 31744K, 0% used [0x00000000eb800000,0x00000000eb800000,0x00000000ed700000)
  from space 2560K, 99% used [0x00000000ed700000,0x00000000ed97c030,0x00000000ed980000)
  to   space 5632K, 0% used [0x00000000efb80000,0x00000000efb80000,0x00000000f0100000)
 ParOldGen       total 42496K, used 6086K [0x00000000c2800000, 0x00000000c5180000, 0x00000000eb800000)
  object space 42496K, 14% used [0x00000000c2800000,0x00000000c2df1b60,0x00000000c5180000)
 Metaspace       used 15700K, capacity 15870K, committed 16256K, reserved 1062912K
  class space    used 1726K, capacity 1795K, committed 1920K, reserved 1048576K
}
Event: 1.713 GC heap before
{Heap before GC invocations=6 (full 0):
 PSYoungGen      total 34304K, used 34288K [0x00000000eb800000, 0x00000000f0100000, 0x0000000100000000)
  eden space 31744K, 100% used [0x00000000eb800000,0x00000000ed700000,0x00000000ed700000)
  from space 2560K, 99% used [0x00000000ed700000,0x00000000ed97c030,0x00000000ed980000)
  to   space 5632K, 0% used [0x00000000efb80000,0x00000000efb80000,0x00000000f0100000)
 ParOldGen       total 42496K, used 6086K [0x00000000c2800000, 0x00000000c5180000, 0x00000000eb800000)
  object space 42496K, 14% used [0x00000000c2800000,0x00000000c2df1b60,0x00000000c5180000)
 Metaspace       used 18805K, capacity 19008K, committed 19200K, reserved 1067008K
  class space    used 2120K, capacity 2180K, committed 2304K, reserved 1048576K
Event: 1.724 GC heap after
Heap after GC invocations=6 (full 0):
 PSYoungGen      total 68608K, used 4986K [0x00000000eb800000, 0x00000000f0200000, 0x0000000100000000)
  eden space 62976K, 0% used [0x00000000eb800000,0x00000000eb800000,0x00000000ef580000)
  from space 5632K, 88% used [0x00000000efb80000,0x00000000f005e878,0x00000000f0100000)
  to   space 6144K, 0% used [0x00000000ef580000,0x00000000ef580000,0x00000000efb80000)
 ParOldGen       total 42496K, used 6094K [0x00000000c2800000, 0x00000000c5180000, 0x00000000eb800000)
  object space 42496K, 14% used [0x00000000c2800000,0x00000000c2df3b60,0x00000000c5180000)
 Metaspace       used 18805K, capacity 19008K, committed 19200K, reserved 1067008K
  class space    used 2120K, capacity 2180K, committed 2304K, reserved 1048576K
}

Deoptimization events (10 events):
Event: 1.690 Thread 0x0000000000d9c800 Uncommon trap: reason=class_check action=maybe_recompile pc=0x00007f1802a71894 method=java.io.DataOutputStream.write(I)V @ 5
Event: 1.690 Thread 0x0000000000d9c800 Uncommon trap: reason=class_check action=maybe_recompile pc=0x00007f1802a71894 method=java.io.DataOutputStream.write(I)V @ 5
Event: 1.753 Thread 0x0000000000d9c800 Uncommon trap: reason=class_check action=maybe_recompile pc=0x00007f1802a71894 method=java.io.DataOutputStream.write(I)V @ 5
Event: 1.779 Thread 0x0000000000d9c800 Uncommon trap: reason=predicate action=maybe_recompile pc=0x00007f1802a931cc method=java.util.LinkedList.toArray([Ljava/lang/Object;)[Ljava/lang/Object; @ 45
Event: 1.796 Thread 0x0000000000d9c800 Uncommon trap: reason=array_check action=maybe_recompile pc=0x00007f1802a97390 method=java.util.LinkedList.toArray([Ljava/lang/Object;)[Ljava/lang/Object; @ 55
Event: 1.796 Thread 0x0000000000d9c800 Uncommon trap: reason=array_check action=maybe_recompile pc=0x00007f1802a97390 method=java.util.LinkedList.toArray([Ljava/lang/Object;)[Ljava/lang/Object; @ 55
Event: 1.796 Thread 0x0000000000d9c800 Uncommon trap: reason=array_check action=maybe_recompile pc=0x00007f1802a97390 method=java.util.LinkedList.toArray([Ljava/lang/Object;)[Ljava/lang/Object; @ 55
Event: 1.796 Thread 0x0000000000d9c800 Uncommon trap: reason=array_check action=maybe_recompile pc=0x00007f1802a97390 method=java.util.LinkedList.toArray([Ljava/lang/Object;)[Ljava/lang/Object; @ 55
Event: 2.055 Thread 0x0000000000d9c800 Uncommon trap: reason=bimorphic action=maybe_recompile pc=0x00007f1802a663b4 method=java.io.DataOutputStream.writeShort(I)V @ 12
Event: 2.317 Thread 0x0000000000d9c800 Uncommon trap: reason=bimorphic action=maybe_recompile pc=0x00007f1802a663b4 method=java.io.DataOutputStream.writeShort(I)V @ 12

Classes redefined (0 events):
No events

Internal exceptions (10 events):
Event: 1.027 Thread 0x0000000000d9c800 Exception <a 'java/lang/NoSuchFieldError': method resolution failed> (0x00000000ec4ea990) thrown at [/build/openjdk-8-ncNGZp/openjdk-8-8u265-b01/src/hotspot/src/share/vm/prims/methodHandles.cpp, line 1169]
Event: 1.134 Thread 0x0000000000d9c800 Exception <a 'java/io/FileNotFoundException'> (0x00000000ec680e00) thrown at [/build/openjdk-8-ncNGZp/openjdk-8-8u265-b01/src/hotspot/src/share/vm/prims/jni.cpp, line 711]
Event: 1.134 Thread 0x0000000000d9c800 Exception <a 'java/security/PrivilegedActionException'> (0x00000000ec681268) thrown at [/build/openjdk-8-ncNGZp/openjdk-8-8u265-b01/src/hotspot/src/share/vm/prims/jvm.cpp, line 1510]
Event: 1.137 Thread 0x0000000000d9c800 Exception <a 'java/lang/reflect/InvocationTargetException'> (0x00000000ec6833b0) thrown at [/build/openjdk-8-ncNGZp/openjdk-8-8u265-b01/src/hotspot/src/share/vm/runtime/reflection.cpp, line 1090]
Event: 1.731 Thread 0x00000000019b2800 Exception <a 'java/lang/InterruptedException'> (0x00000000eb932070) thrown at [/build/openjdk-8-ncNGZp/openjdk-8-8u265-b01/src/hotspot/src/share/vm/runtime/objectMonitor.cpp, line 1692]
Event: 1.759 Thread 0x0000000000f35000 Exception <a 'java/lang/InterruptedException'> (0x00000000ebb05e68) thrown at [/build/openjdk-8-ncNGZp/openjdk-8-8u265-b01/src/hotspot/src/share/vm/runtime/objectMonitor.cpp, line 1692]
Event: 2.078 Thread 0x0000000000f35800 Exception <a 'java/lang/InterruptedException'> (0x00000000ebd27538) thrown at [/build/openjdk-8-ncNGZp/openjdk-8-8u265-b01/src/hotspot/src/share/vm/runtime/objectMonitor.cpp, line 1692]
Event: 2.142 Thread 0x00000000019dd800 Exception <a 'java/lang/InterruptedException'> (0x00000000ecb1ff78) thrown at [/build/openjdk-8-ncNGZp/openjdk-8-8u265-b01/src/hotspot/src/share/vm/runtime/objectMonitor.cpp, line 1692]
Event: 2.243 Thread 0x0000000000f35800 Exception <a 'java/lang/InterruptedException'> (0x00000000ecd24ed0) thrown at [/build/openjdk-8-ncNGZp/openjdk-8-8u265-b01/src/hotspot/src/share/vm/runtime/objectMonitor.cpp, line 1692]
Event: 2.318 Thread 0x00000000019dd800 Exception <a 'java/lang/InterruptedException'> (0x00000000ecdf8040) thrown at [/build/openjdk-8-ncNGZp/openjdk-8-8u265-b01/src/hotspot/src/share/vm/runtime/objectMonitor.cpp, line 1692]

Events (10 events):
Event: 2.238 Thread 0x00000000019dd800 Thread added: 0x00000000019dd800
Event: 2.243 Thread 0x0000000000f35800 Thread exited: 0x0000000000f35800
Event: 2.253 Thread 0x00000000019dd800 Thread exited: 0x00000000019dd800
Event: 2.302 Thread 0x00000000019dd800 Thread added: 0x00000000019dd800
Event: 2.314 Thread 0x0000000000f35800 Thread added: 0x0000000000f35800
Event: 2.317 Thread 0x0000000000d9c800 Uncommon trap: trap_request=0xffffffc6 fr.pc=0x00007f1802a663b4
Event: 2.317 Thread 0x0000000000d9c800 DEOPT PACKING pc=0x00007f1802a663b4 sp=0x00007fff8a6db9f0
Event: 2.317 Thread 0x0000000000d9c800 DEOPT UNPACKING pc=0x00007f180273247a sp=0x00007fff8a6dba00 mode 2
Event: 2.326 Thread 0x00000000019dd800 Thread exited: 0x00000000019dd800
Event: 2.328 Thread 0x0000000000f35800 Thread exited: 0x0000000000f35800


Dynamic libraries:
00400000-00485000 r--p 00000000 08:05 803621                             /home/yuejia/Documents/Pregel+/subgraph/Debug/subgraph
00485000-004e5000 r-xp 00085000 08:05 803621                             /home/yuejia/Documents/Pregel+/subgraph/Debug/subgraph
004e5000-00513000 r--p 000e5000 08:05 803621                             /home/yuejia/Documents/Pregel+/subgraph/Debug/subgraph
00513000-00515000 r--p 00112000 08:05 803621                             /home/yuejia/Documents/Pregel+/subgraph/Debug/subgraph
00515000-00516000 rw-p 00114000 08:05 803621                             /home/yuejia/Documents/Pregel+/subgraph/Debug/subgraph
00516000-00518000 rw-p 00000000 00:00 0 
00cda000-01a69000 rw-p 00000000 00:00 0                                  [heap]
c2800000-c5180000 rw-p 00000000 00:00 0 
c5180000-eb800000 ---p 00000000 00:00 0 
eb800000-f0200000 rw-p 00000000 00:00 0 
f0200000-100000000 ---p 00000000 00:00 0 
100000000-100260000 rw-p 00000000 00:00 0 
100260000-140000000 ---p 00000000 00:00 0 
7f17a8000000-7f17a8021000 rw-p 00000000 00:00 0 
7f17a8021000-7f17ac000000 ---p 00000000 00:00 0 
7f17b0000000-7f17b0024000 rw-p 00000000 00:00 0 
7f17b0024000-7f17b4000000 ---p 00000000 00:00 0 
7f17b4000000-7f17b4021000 rw-p 00000000 00:00 0 
7f17b4021000-7f17b8000000 ---p 00000000 00:00 0 
7f17b8000000-7f17b8021000 rw-p 00000000 00:00 0 
7f17b8021000-7f17bc000000 ---p 00000000 00:00 0 
7f17bf2d9000-7f17bf2dc000 ---p 00000000 00:00 0 
7f17bf2dc000-7f17bf3da000 rw-p 00000000 00:00 0 
7f17bf3da000-7f17bf3dd000 ---p 00000000 00:00 0 
7f17bf3dd000-7f17bf4db000 rw-p 00000000 00:00 0 
7f17bf4db000-7f17bf4de000 ---p 00000000 00:00 0 
7f17bf4de000-7f17bf7dc000 rw-p 00000000 00:00 0 
7f17bf7dc000-7f17bf9dc000 rw-p 00000000 00:00 0 
7f17bf9dc000-7f17bfbdc000 rw-p 00000000 00:00 0 
7f17bfbdc000-7f17bfddc000 rw-p 00000000 00:00 0 
7f17bfddc000-7f17bfdff000 r-xp 00000000 08:05 292203                     /usr/local/hadoop-2.10.0/lib/native/libhadoop.so.1.0.0
7f17bfdff000-7f17bfffe000 ---p 00023000 08:05 292203                     /usr/local/hadoop-2.10.0/lib/native/libhadoop.so.1.0.0
7f17bfffe000-7f17bffff000 r--p 00022000 08:05 292203                     /usr/local/hadoop-2.10.0/lib/native/libhadoop.so.1.0.0
7f17bffff000-7f17c0000000 rw-p 00023000 08:05 292203                     /usr/local/hadoop-2.10.0/lib/native/libhadoop.so.1.0.0
7f17c0000000-7f17c0021000 rw-p 00000000 00:00 0 
7f17c0021000-7f17c4000000 ---p 00000000 00:00 0 
7f17c4000000-7f17c4021000 rw-p 00000000 00:00 0 
7f17c4021000-7f17c8000000 ---p 00000000 00:00 0 
7f17c8000000-7f17c8021000 rw-p 00000000 00:00 0 
7f17c8021000-7f17cc000000 ---p 00000000 00:00 0 
7f17cc000000-7f17cc021000 rw-p 00000000 00:00 0 
7f17cc021000-7f17d0000000 ---p 00000000 00:00 0 
7f17d0000000-7f17d0f0b000 rw-p 00000000 00:00 0 
7f17d0f0b000-7f17d4000000 ---p 00000000 00:00 0 
7f17d4000000-7f17d4520000 rw-p 00000000 00:00 0 
7f17d4520000-7f17d8000000 ---p 00000000 00:00 0 
7f17d8000000-7f17d8021000 rw-p 00000000 00:00 0 
7f17d8021000-7f17dc000000 ---p 00000000 00:00 0 
7f17dc000000-7f17dc432000 rw-p 00000000 00:00 0 
7f17dc432000-7f17e0000000 ---p 00000000 00:00 0 
7f17e0000000-7f17e0021000 rw-p 00000000 00:00 0 
7f17e0021000-7f17e4000000 ---p 00000000 00:00 0 
7f17e4000000-7f17e4021000 rw-p 00000000 00:00 0 
7f17e4021000-7f17e8000000 ---p 00000000 00:00 0 
7f17e8000000-7f17e8021000 rw-p 00000000 00:00 0 
7f17e8021000-7f17ec000000 ---p 00000000 00:00 0 
7f17ec000000-7f17ec021000 rw-p 00000000 00:00 0 
7f17ec021000-7f17f0000000 ---p 00000000 00:00 0 
7f17f0000000-7f17f0021000 rw-p 00000000 00:00 0 
7f17f0021000-7f17f4000000 ---p 00000000 00:00 0 
7f17f4000000-7f17f4021000 rw-p 00000000 00:00 0 
7f17f4021000-7f17f8000000 ---p 00000000 00:00 0 
7f17f8000000-7f17f8021000 rw-p 00000000 00:00 0 
7f17f8021000-7f17fc000000 ---p 00000000 00:00 0 
7f17fc045000-7f17fc048000 ---p 00000000 00:00 0 
7f17fc048000-7f17fc146000 rw-p 00000000 00:00 0 
7f17fc146000-7f17fc148000 r--s 00016000 08:05 577                        /usr/lib/jvm/java-8-openjdk-amd64/jre/lib/jce.jar
7f17fc148000-7f17fc14d000 r--s 000a7000 08:05 579                        /usr/lib/jvm/java-8-openjdk-amd64/jre/lib/jsse.jar
7f17fc14d000-7f17fc14e000 r--p 00000000 08:05 527                        /usr/lib/jvm/java-8-openjdk-amd64/jre/lib/amd64/libjaas_unix.so
7f17fc14e000-7f17fc14f000 r-xp 00001000 08:05 527                        /usr/lib/jvm/java-8-openjdk-amd64/jre/lib/amd64/libjaas_unix.so
7f17fc14f000-7f17fc150000 r--p 00002000 08:05 527                        /usr/lib/jvm/java-8-openjdk-amd64/jre/lib/amd64/libjaas_unix.so
7f17fc150000-7f17fc151000 r--p 00002000 08:05 527                        /usr/lib/jvm/java-8-openjdk-amd64/jre/lib/amd64/libjaas_unix.so
7f17fc151000-7f17fc152000 rw-p 00003000 08:05 527                        /usr/lib/jvm/java-8-openjdk-amd64/jre/lib/amd64/libjaas_unix.so
7f17fc152000-7f17fc155000 ---p 00000000 00:00 0 
7f17fc155000-7f17fc253000 rw-p 00000000 00:00 0 
7f17fc253000-7f17fc256000 ---p 00000000 00:00 0 
7f17fc256000-7f17fc48c000 rw-p 00000000 00:00 0 
7f17fc48c000-7f17fc490000 r--p 00000000 08:05 537                        /usr/lib/jvm/java-8-openjdk-amd64/jre/lib/amd64/libmanagement.so
7f17fc490000-7f17fc494000 r-xp 00004000 08:05 537                        /usr/lib/jvm/java-8-openjdk-amd64/jre/lib/amd64/libmanagement.so
7f17fc494000-7f17fc496000 r--p 00008000 08:05 537                        /usr/lib/jvm/java-8-openjdk-amd64/jre/lib/amd64/libmanagement.so
7f17fc496000-7f17fc497000 r--p 00009000 08:05 537                        /usr/lib/jvm/java-8-openjdk-amd64/jre/lib/amd64/libmanagement.so
7f17fc497000-7f17fc498000 rw-p 0000a000 08:05 537                        /usr/lib/jvm/java-8-openjdk-amd64/jre/lib/amd64/libmanagement.so
7f17fc498000-7f17fc49d000 r--s 0003e000 08:05 330697                     /usr/local/hadoop-2.10.0/share/hadoop/hdfs/hadoop-hdfs-rbf-2.10.0-tests.jar
7f17fc49d000-7f17fc4ad000 r--s 000d5000 08:05 330695                     /usr/local/hadoop-2.10.0/share/hadoop/hdfs/hadoop-hdfs-rbf-2.10.0.jar
7f17fc4ad000-7f17fc4af000 r--s 0001f000 08:05 330696                     /usr/local/hadoop-2.10.0/share/hadoop/hdfs/hadoop-hdfs-nfs-2.10.0.jar
7f17fc4af000-7f17fc4b0000 r--s 00007000 08:05 330698                     /usr/local/hadoop-2.10.0/share/hadoop/hdfs/hadoop-hdfs-native-client-2.10.0-tests.jar
7f17fc4b0000-7f17fc4b1000 r--s 00007000 08:05 330694                     /usr/local/hadoop-2.10.0/share/hadoop/hdfs/hadoop-hdfs-native-client-2.10.0.jar
7f17fc4b1000-7f17fc4b4000 r--s 0001d000 08:05 330632                     /usr/local/hadoop-2.10.0/share/hadoop/hdfs/hadoop-hdfs-client-2.10.0-tests.jar
7f17fc4b4000-7f17fc4ef000 r--s 003cf000 08:05 330641                     /usr/local/hadoop-2.10.0/share/hadoop/hdfs/hadoop-hdfs-client-2.10.0.jar
7f17fc4ef000-7f17fc51d000 r--s 00403000 08:05 330691                     /usr/local/hadoop-2.10.0/share/hadoop/hdfs/hadoop-hdfs-2.10.0-tests.jar
7f17fc51d000-7f17fc55d000 r--s 004b1000 08:05 330692                     /usr/local/hadoop-2.10.0/share/hadoop/hdfs/hadoop-hdfs-2.10.0.jar
7f17fc55d000-7f17fc562000 r--s 0002a000 08:05 330928                     /usr/local/hadoop-2.10.0/share/hadoop/common/hadoop-nfs-2.10.0.jar
7f17fc562000-7f17fc58b000 r--s 00262000 08:05 330838                     /usr/local/hadoop-2.10.0/share/hadoop/common/hadoop-common-2.10.0-tests.jar
7f17fc58b000-7f17fc5bc000 rw-p 00000000 00:00 0 
7f17fc5bc000-7f17fc5c0000 r--p 00000000 08:05 539                        /usr/lib/jvm/java-8-openjdk-amd64/jre/lib/amd64/libnet.so
7f17fc5c0000-7f17fc5d1000 r-xp 00004000 08:05 539                        /usr/lib/jvm/java-8-openjdk-amd64/jre/lib/amd64/libnet.so
7f17fc5d1000-7f17fc5d5000 r--p 00015000 08:05 539                        /usr/lib/jvm/java-8-openjdk-amd64/jre/lib/amd64/libnet.so
7f17fc5d5000-7f17fc5d6000 r--p 00018000 08:05 539                        /usr/lib/jvm/java-8-openjdk-amd64/jre/lib/amd64/libnet.so
7f17fc5d6000-7f17fc5d7000 rw-p 00019000 08:05 539                        /usr/lib/jvm/java-8-openjdk-amd64/jre/lib/amd64/libnet.so
7f17fc5d7000-7f17fc5de000 r--p 00000000 08:05 540                        /usr/lib/jvm/java-8-openjdk-amd64/jre/lib/amd64/libnio.so
7f17fc5de000-7f17fc5e7000 r-xp 00007000 08:05 540                        /usr/lib/jvm/java-8-openjdk-amd64/jre/lib/amd64/libnio.so
7f17fc5e7000-7f17fc5ea000 r--p 00010000 08:05 540                        /usr/lib/jvm/java-8-openjdk-amd64/jre/lib/amd64/libnio.so
7f17fc5ea000-7f17fc5eb000 r--p 00012000 08:05 540                        /usr/lib/jvm/java-8-openjdk-amd64/jre/lib/amd64/libnio.so
7f17fc5eb000-7f17fc5ec000 rw-p 00013000 08:05 540                        /usr/lib/jvm/java-8-openjdk-amd64/jre/lib/amd64/libnio.so
7f17fc5ec000-7f17fc629000 r--s 0038d000 08:05 330857                     /usr/local/hadoop-2.10.0/share/hadoop/common/hadoop-common-2.10.0.jar
7f17fc629000-7f17fc62a000 r--s 00003000 08:05 330607                     /usr/local/hadoop-2.10.0/share/hadoop/hdfs/lib/xmlenc-0.52.jar
7f17fc62a000-7f17fc633000 r--s 0002d000 08:05 330608                     /usr/local/hadoop-2.10.0/share/hadoop/hdfs/lib/xml-apis-1.4.01.jar
7f17fc633000-7f17fc64c000 r--s 0013a000 08:05 330603                     /usr/local/hadoop-2.10.0/share/hadoop/hdfs/lib/xercesImpl-2.12.0.jar
7f17fc64c000-7f17fc64e000 r--s 00018000 08:05 330610                     /usr/local/hadoop-2.10.0/share/hadoop/hdfs/lib/servlet-api-2.5.jar
7f17fc64e000-7f17fc656000 r--s 0007b000 08:05 330622                     /usr/local/hadoop-2.10.0/share/hadoop/hdfs/lib/protobuf-java-2.5.0.jar
7f17fc656000-7f17fc658000 r--s 0000f000 08:05 330606                     /usr/local/hadoop-2.10.0/share/hadoop/hdfs/lib/okio-1.6.0.jar
7f17fc658000-7f17fc65d000 r--s 0004c000 08:05 330609                     /usr/local/hadoop-2.10.0/share/hadoop/hdfs/lib/okhttp-2.7.5.jar
7f17fc65d000-7f17fc67a000 r--s 00196000 08:05 330625                     /usr/local/hadoop-2.10.0/share/hadoop/hdfs/lib/netty-all-4.0.23.Final.jar
7f17fc67a000-7f17fc693000 r--s 00123000 08:05 330605                     /usr/local/hadoop-2.10.0/share/hadoop/hdfs/lib/netty-3.10.6.Final.jar
7f17fc693000-7f17fc69c000 r--s 0006f000 08:05 330623                     /usr/local/hadoop-2.10.0/share/hadoop/hdfs/lib/log4j-1.2.17.jar
7f17fc69c000-7f17fc69f000 r--s 000fd000 08:05 330630                     /usr/local/hadoop-2.10.0/share/hadoop/hdfs/lib/leveldbjni-all-1.8.jar
7f17fc69f000-7f17fc6a2000 r--s 00006000 08:05 330619                     /usr/local/hadoop-2.10.0/share/hadoop/hdfs/lib/jsr305-3.0.0.jar
7f17fc6a2000-7f17fc6a6000 r--s 00028000 08:05 330627                     /usr/local/hadoop-2.10.0/share/hadoop/hdfs/lib/jetty-util-6.1.26.jar
7f17fc6a6000-7f17fc6ad000 r--s 0007d000 08:05 330602                     /usr/local/hadoop-2.10.0/share/hadoop/hdfs/lib/jetty-6.1.26.jar
7f17fc6ad000-7f17fc6bf000 r--s 0009d000 08:05 330614                     /usr/local/hadoop-2.10.0/share/hadoop/hdfs/lib/jersey-server-1.9.jar
7f17fc6bf000-7f17fc6c9000 r--s 00066000 08:05 330601                     /usr/local/hadoop-2.10.0/share/hadoop/hdfs/lib/jersey-core-1.9.jar
7f17fc6c9000-7f17fc6d7000 r--s 000b1000 08:05 330616                     /usr/local/hadoop-2.10.0/share/hadoop/hdfs/lib/jackson-mapper-asl-1.9.13.jar
7f17fc6d7000-7f17fc6e8000 r--s 00116000 08:05 330628                     /usr/local/hadoop-2.10.0/share/hadoop/hdfs/lib/jackson-databind-2.7.8.jar
7f17fc6e8000-7f17fc6ec000 r--s 00035000 08:05 330631                     /usr/local/hadoop-2.10.0/share/hadoop/hdfs/lib/jackson-core-asl-1.9.13.jar
7f17fc6ec000-7f17fc6ef000 r--s 0003b000 08:05 330620                     /usr/local/hadoop-2.10.0/share/hadoop/hdfs/lib/jackson-core-2.7.8.jar
7f17fc6ef000-7f17fc6f2000 r--s 0000a000 08:05 330615                     /usr/local/hadoop-2.10.0/share/hadoop/hdfs/lib/jackson-annotations-2.7.8.jar
7f17fc6f2000-7f17fc70c000 r--s 00155000 08:05 330629                     /usr/local/hadoop-2.10.0/share/hadoop/hdfs/lib/htrace-core4-4.1.0-incubating.jar
7f17fc70c000-7f17fc747000 r--s 003cf000 08:05 330618                     /usr/local/hadoop-2.10.0/share/hadoop/hdfs/lib/hadoop-hdfs-client-2.10.0.jar
7f17fc747000-7f17fc768000 r--s 00172000 08:05 330612                     /usr/local/hadoop-2.10.0/share/hadoop/hdfs/lib/guava-11.0.2.jar
7f17fc768000-7f17fc76a000 r--s 0000e000 08:05 330626                     /usr/local/hadoop-2.10.0/share/hadoop/hdfs/lib/commons-logging-1.1.3.jar
7f17fc76a000-7f17fc76f000 r--s 00041000 08:05 330613                     /usr/local/hadoop-2.10.0/share/hadoop/hdfs/lib/commons-lang-2.6.jar
7f17fc76f000-7f17fc773000 r--s 0002a000 08:05 330604                     /usr/local/hadoop-2.10.0/share/hadoop/hdfs/lib/commons-io-2.4.jar
7f17fc773000-7f17fc774000 r--s 00005000 08:05 330617                     /usr/local/hadoop-2.10.0/share/hadoop/hdfs/lib/commons-daemon-1.0.13.jar
7f17fc774000-7f17fc776000 r--s 0000d000 08:05 330624                     /usr/local/hadoop-2.10.0/share/hadoop/hdfs/lib/commons-codec-1.4.jar
7f17fc776000-7f17fc778000 r--s 00009000 08:05 330621                     /usr/local/hadoop-2.10.0/share/hadoop/hdfs/lib/commons-cli-1.2.jar
7f17fc778000-7f17fc779000 r--s 0000a000 08:05 330611                     /usr/local/hadoop-2.10.0/share/hadoop/hdfs/lib/asm-3.2.jar
7f17fc779000-7f17fc786000 r--s 000b9000 08:05 330915                     /usr/local/hadoop-2.10.0/share/hadoop/common/lib/zookeeper-3.4.9.jar
7f17fc786000-7f17fc787000 r--s 00003000 08:05 330870                     /usr/local/hadoop-2.10.0/share/hadoop/common/lib/xmlenc-0.52.jar
7f17fc787000-7f17fc78d000 r--s 00078000 08:05 330923                     /usr/local/hadoop-2.10.0/share/hadoop/common/lib/woodstox-core-5.0.3.jar
7f17fc78d000-7f17fc78f000 r--s 00004000 08:05 330882                     /usr/local/hadoop-2.10.0/share/hadoop/common/lib/stax-api-1.0-2.jar
7f17fc78f000-7f17fc793000 r--s 00024000 08:05 330903                     /usr/local/hadoop-2.10.0/share/hadoop/common/lib/stax2-api-3.1.4.jar
7f17fc793000-7f17fc795000 r--s 00130000 08:05 330871                     /usr/local/hadoop-2.10.0/share/hadoop/common/lib/snappy-java-1.0.5.jar
7f17fc795000-7f17fc796000 r--s 00002000 08:05 330867                     /usr/local/hadoop-2.10.0/share/hadoop/common/lib/slf4j-log4j12-1.7.25.jar
7f17fc796000-7f17fc798000 r--s 00009000 08:05 330865                     /usr/local/hadoop-2.10.0/share/hadoop/common/lib/slf4j-api-1.7.25.jar
7f17fc798000-7f17fc79a000 r--s 00018000 08:05 330876                     /usr/local/hadoop-2.10.0/share/hadoop/common/lib/servlet-api-2.5.jar
7f17fc79a000-7f17fc7a2000 r--s 0007b000 08:05 330905                     /usr/local/hadoop-2.10.0/share/hadoop/common/lib/protobuf-java-2.5.0.jar
7f17fc7a2000-7f17fc7a4000 r--s 00006000 08:05 330892                     /usr/local/hadoop-2.10.0/share/hadoop/common/lib/paranamer-2.3.jar
7f17fc7a4000-7f17fc7aa000 r--s 00044000 08:05 330889                     /usr/local/hadoop-2.10.0/share/hadoop/common/lib/nimbus-jose-jwt-4.41.1.jar
7f17fc7aa000-7f17fc7c3000 r--s 00123000 08:05 330866                     /usr/local/hadoop-2.10.0/share/hadoop/common/lib/netty-3.10.6.Final.jar
7f17fc7c3000-7f17fc7e0000 r--s 0013e000 08:05 330913                     /usr/local/hadoop-2.10.0/share/hadoop/common/lib/mockito-all-1.8.5.jar
7f17fc7e0000-7f17fc7e9000 r--s 0006f000 08:05 330909                     /usr/local/hadoop-2.10.0/share/hadoop/common/lib/log4j-1.2.17.jar
7f17fc7e9000-7f17fc7ef000 r--s 00036000 08:05 330904                     /usr/local/hadoop-2.10.0/share/hadoop/common/lib/junit-4.11.jar
7f17fc7ef000-7f17fc7f2000 r--s 00006000 08:05 330897                     /usr/local/hadoop-2.10.0/share/hadoop/common/lib/jsr305-3.0.0.jar
7f17fc7f2000-7f17fc7f5000 r--s 00016000 08:05 330921                     /usr/local/hadoop-2.10.0/share/hadoop/common/lib/jsp-api-2.1.jar
7f17fc7f5000-7f17fc7f8000 r--s 00011000 08:05 330864                     /usr/local/hadoop-2.10.0/share/hadoop/common/lib/json-smart-1.3.1.jar
7f17fc7f8000-7f17fc7fd000 r--s 00040000 08:05 330910                     /usr/local/hadoop-2.10.0/share/hadoop/common/lib/jsch-0.1.54.jar
7f17fc7fd000-7f17fc801000 r--s 00028000 08:05 330917                     /usr/local/hadoop-2.10.0/share/hadoop/common/lib/jetty-util-6.1.26.jar
7f17fc801000-7f17fc802000 r--s 00004000 08:05 330907                     /usr/local/hadoop-2.10.0/share/hadoop/common/lib/jetty-sslengine-6.1.26.jar
7f17fc802000-7f17fc809000 r--s 0007d000 08:05 330860                     /usr/local/hadoop-2.10.0/share/hadoop/common/lib/jetty-6.1.26.jar
7f17fc809000-7f17fc80b000 r--s 0000f000 08:05 330901                     /usr/local/hadoop-2.10.0/share/hadoop/common/lib/jettison-1.1.jar
7f17fc80b000-7f17fc814000 r--s 0007b000 08:05 330863                     /usr/local/hadoop-2.10.0/share/hadoop/common/lib/jets3t-0.9.0.jar
7f17fc814000-7f17fc826000 r--s 0009d000 08:05 330888                     /usr/local/hadoop-2.10.0/share/hadoop/common/lib/jersey-server-1.9.jar
7f17fc826000-7f17fc82a000 r--s 00021000 08:05 330885                     /usr/local/hadoop-2.10.0/share/hadoop/common/lib/jersey-json-1.9.jar
7f17fc82a000-7f17fc834000 r--s 00066000 08:05 330859                     /usr/local/hadoop-2.10.0/share/hadoop/common/lib/jersey-core-1.9.jar
7f17fc834000-7f17fc836000 r--s 00000000 08:05 330881                     /usr/local/hadoop-2.10.0/share/hadoop/common/lib/jcip-annotations-1.0-1.jar
7f17fc836000-7f17fc849000 r--s 000c7000 08:05 330874                     /usr/local/hadoop-2.10.0/share/hadoop/common/lib/jaxb-impl-2.2.3-1.jar
7f17fc849000-7f17fc84c000 r--s 00017000 08:05 330894                     /usr/local/hadoop-2.10.0/share/hadoop/common/lib/jaxb-api-2.2.2.jar
7f17fc84c000-7f17fc84d000 r--s 00004000 08:05 330884                     /usr/local/hadoop-2.10.0/share/hadoop/common/lib/java-xmlbuilder-0.4.jar
7f17fc84d000-7f17fc84e000 r--s 00006000 08:05 330878                     /usr/local/hadoop-2.10.0/share/hadoop/common/lib/jackson-xc-1.9.13.jar
7f17fc84e000-7f17fc85c000 r--s 000b1000 08:05 330890                     /usr/local/hadoop-2.10.0/share/hadoop/common/lib/jackson-mapper-asl-1.9.13.jar
7f17fc85c000-7f17fc860000 r--s 00035000 08:05 330920                     /usr/local/hadoop-2.10.0/share/hadoop/common/lib/jackson-core-asl-1.9.13.jar
7f17fc860000-7f17fc867000 r--s 00049000 08:05 330906                     /usr/local/hadoop-2.10.0/share/hadoop/common/lib/httpcore-4.4.4.jar
7f17fc867000-7f17fc874000 r--s 000a7000 08:05 330872                     /usr/local/hadoop-2.10.0/share/hadoop/common/lib/httpclient-4.5.2.jar
7f17fc874000-7f17fc88e000 r--s 00155000 08:05 330918                     /usr/local/hadoop-2.10.0/share/hadoop/common/lib/htrace-core4-4.1.0-incubating.jar
7f17fc88e000-7f17fc890000 r--s 00009000 08:05 330899                     /usr/local/hadoop-2.10.0/share/hadoop/common/lib/hamcrest-core-1.3.jar
7f17fc890000-7f17fc893000 r--s 0001c000 08:05 330858                     /usr/local/hadoop-2.10.0/share/hadoop/common/lib/hadoop-auth-2.10.0.jar
7f17fc893000-7f17fc895000 r--s 0000a000 08:05 330924                     /usr/local/hadoop-2.10.0/share/hadoop/common/lib/hadoop-annotations-2.10.0.jar
7f17fc895000-7f17fc8b6000 r--s 00172000 08:05 330883                     /usr/local/hadoop-2.10.0/share/hadoop/common/lib/guava-11.0.2.jar
7f17fc8b6000-7f17fc8bb000 r--s 0002a000 08:05 330912                     /usr/local/hadoop-2.10.0/share/hadoop/common/lib/gson-2.2.4.jar
7f17fc8bb000-7f17fc8c3000 r--s 0003b000 08:05 330877                     /usr/local/hadoop-2.10.0/share/hadoop/common/lib/curator-recipes-2.7.1.jar
7f17fc8c3000-7f17fc8c9000 r--s 00028000 08:05 330875                     /usr/local/hadoop-2.10.0/share/hadoop/common/lib/curator-framework-2.7.1.jar
7f17fc8c9000-7f17fc8cb000 r--s 0000f000 08:05 330908                     /usr/local/hadoop-2.10.0/share/hadoop/common/lib/curator-client-2.7.1.jar
7f17fc8cb000-7f17fc8d0000 r--s 0003e000 08:05 330893                     /usr/local/hadoop-2.10.0/share/hadoop/common/lib/commons-net-3.1.jar
7f17fc8d0000-7f17fc8ed000 r--s 0016a000 08:05 330911                     /usr/local/hadoop-2.10.0/share/hadoop/common/lib/commons-math3-3.1.1.jar
7f17fc8ed000-7f17fc8ef000 r--s 0000e000 08:05 330916                     /usr/local/hadoop-2.10.0/share/hadoop/common/lib/commons-logging-1.1.3.jar
7f17fc8ef000-7f17fc8f6000 r--s 00064000 08:05 330869                     /usr/local/hadoop-2.10.0/share/hadoop/common/lib/commons-lang3-3.4.jar
7f17fc8f6000-7f17fc8fb000 r--s 00041000 08:05 330887                     /usr/local/hadoop-2.10.0/share/hadoop/common/lib/commons-lang-2.6.jar
7f17fc8fb000-7f17fc8ff000 r--s 0002a000 08:05 330862                     /usr/local/hadoop-2.10.0/share/hadoop/common/lib/commons-io-2.4.jar
7f17fc8ff000-7f17fc903000 r--s 00020000 08:05 330922                     /usr/local/hadoop-2.10.0/share/hadoop/common/lib/commons-digester-1.8.jar
7f17fc903000-7f17fc909000 r--s 00043000 08:05 330891                     /usr/local/hadoop-2.10.0/share/hadoop/common/lib/commons-configuration-1.6.jar
7f17fc909000-7f17fc915000 r--s 0008b000 08:05 330886                     /usr/local/hadoop-2.10.0/share/hadoop/common/lib/commons-compress-1.19.jar
7f17fc915000-7f17fc922000 r--s 00083000 08:05 330896                     /usr/local/hadoop-2.10.0/share/hadoop/common/lib/commons-collections-3.2.2.jar
7f17fc922000-7f17fc924000 r--s 0000d000 08:05 330914                     /usr/local/hadoop-2.10.0/share/hadoop/common/lib/commons-codec-1.4.jar
7f17fc924000-7f17fc926000 r--s 00009000 08:05 330902                     /usr/local/hadoop-2.10.0/share/hadoop/common/lib/commons-cli-1.2.jar
7f17fc926000-7f17fc92b000 r--s 00038000 08:05 330919                     /usr/local/hadoop-2.10.0/share/hadoop/common/lib/commons-beanutils-1.9.4.jar
7f17fc92b000-7f17fc934000 r--s 00062000 08:05 330879                     /usr/local/hadoop-2.10.0/share/hadoop/common/lib/avro-1.7.7.jar
7f17fc934000-7f17fc936000 r--s 00012000 08:05 330861                     /usr/local/hadoop-2.10.0/share/hadoop/common/lib/api-util-1.0.0-M20.jar
7f17fc936000-7f17fc938000 r--s 00003000 08:05 330895                     /usr/local/hadoop-2.10.0/share/hadoop/common/lib/api-asn1-api-1.0.0-M20.jar
7f17fc938000-7f17fc94a000 r--s 00097000 08:05 330898                     /usr/local/hadoop-2.10.0/share/hadoop/common/lib/apacheds-kerberos-codec-2.0.0-M15.jar
7f17fc94a000-7f17fc965000 r--s 00394000 08:05 558                        /usr/lib/jvm/java-8-openjdk-amd64/jre/lib/ext/cldrdata.jar
7f17fc965000-7f17fc980000 r--s 001d6000 08:05 563                        /usr/lib/jvm/java-8-openjdk-amd64/jre/lib/ext/nashorn.jar
7f17fc980000-7f17fc981000 ---p 00000000 00:00 0 
7f17fc981000-7f17fca81000 rw-p 00000000 00:00 0 
7f17fca81000-7f17fca84000 ---p 00000000 00:00 0 
7f17fca84000-7f17fcb82000 rw-p 00000000 00:00 0 
7f17fcb82000-7f17fcb83000 ---p 00000000 00:00 0 
7f17fcb83000-7f17fcb86000 ---p 00000000 00:00 0 
7f17fcb86000-7f17fcc83000 rw-p 00000000 00:00 0 
7f17fcc83000-7f17fcc84000 ---p 00000000 00:00 0 
7f17fcc84000-7f17fcc87000 ---p 00000000 00:00 0 
7f17fcc87000-7f17fcd84000 rw-p 00000000 00:00 0 
7f17fcd84000-7f17fcd85000 ---p 00000000 00:00 0 
7f17fcd85000-7f17fcd88000 ---p 00000000 00:00 0 
7f17fcd88000-7f17fce85000 rw-p 00000000 00:00 0 
7f17fce85000-7f17fce88000 ---p 00000000 00:00 0 
7f17fce88000-7f17fcf86000 rw-p 00000000 00:00 0 
7f17fcf86000-7f17fdd64000 r--p 00000000 08:05 140685                     /usr/lib/locale/locale-archive
7f17fdd64000-7f17fdd67000 ---p 00000000 00:00 0 
7f17fdd67000-7f17fde65000 rw-p 00000000 00:00 0 
7f17fde65000-7f17fde68000 ---p 00000000 00:00 0 
7f17fde68000-7f17fdf66000 rw-p 00000000 00:00 0 
7f17fdf66000-7f17fdf67000 ---p 00000000 00:00 0 
7f17fdf67000-7f17ff069000 rw-p 00000000 00:00 0 
7f17ff069000-7f17ff23b000 r--s 03ca8000 08:05 584                        /usr/lib/jvm/java-8-openjdk-amd64/jre/lib/rt.jar
7f17ff23b000-7f1801bf4000 rw-p 00000000 00:00 0 
7f1801bf4000-7f1801bf5000 ---p 00000000 00:00 0 
7f1801bf5000-7f1801cf5000 rw-p 00000000 00:00 0 
7f1801cf5000-7f1801cf6000 ---p 00000000 00:00 0 
7f1801cf6000-7f1801df6000 rw-p 00000000 00:00 0 
7f1801df6000-7f1801df7000 ---p 00000000 00:00 0 
7f1801df7000-7f1801ef7000 rw-p 00000000 00:00 0 
7f1801ef7000-7f1801ef8000 ---p 00000000 00:00 0 
7f1801ef8000-7f180200d000 rw-p 00000000 00:00 0 
7f180200d000-7f1802140000 ---p 00000000 00:00 0 
7f1802140000-7f1802155000 rw-p 00000000 00:00 0 
7f1802155000-7f1802288000 ---p 00000000 00:00 0 
7f1802288000-7f18022ad000 rw-p 00000000 00:00 0 
7f18022ad000-7f180232c000 ---p 00000000 00:00 0 
7f180232c000-7f180233e000 rw-p 00000000 00:00 0 
7f180233e000-7f18026ed000 ---p 00000000 00:00 0 
7f18026ed000-7f1802b2d000 rwxp 00000000 00:00 0 
7f1802b2d000-7f18116ed000 ---p 00000000 00:00 0 
7f18116ed000-7f18116ef000 r--p 00000000 08:05 146202                     /usr/lib/x86_64-linux-gnu/libz.so.1.2.11
7f18116ef000-7f1811700000 r-xp 00002000 08:05 146202                     /usr/lib/x86_64-linux-gnu/libz.so.1.2.11
7f1811700000-7f1811706000 r--p 00013000 08:05 146202                     /usr/lib/x86_64-linux-gnu/libz.so.1.2.11
7f1811706000-7f1811707000 ---p 00019000 08:05 146202                     /usr/lib/x86_64-linux-gnu/libz.so.1.2.11
7f1811707000-7f1811708000 r--p 00019000 08:05 146202                     /usr/lib/x86_64-linux-gnu/libz.so.1.2.11
7f1811708000-7f1811709000 rw-p 0001a000 08:05 146202                     /usr/lib/x86_64-linux-gnu/libz.so.1.2.11
7f1811709000-7f181170a000 r--s 00004000 08:05 330873                     /usr/local/hadoop-2.10.0/share/hadoop/common/lib/jackson-jaxrs-1.9.13.jar
7f181170a000-7f181170c000 r--s 0000e000 08:05 330900                     /usr/local/hadoop-2.10.0/share/hadoop/common/lib/activation-1.1.jar
7f181170c000-7f1811710000 r--s 0003a000 08:05 566                        /usr/lib/jvm/java-8-openjdk-amd64/jre/lib/ext/sunpkcs11.jar
7f1811710000-7f181171a000 r--s 00117000 08:05 562                        /usr/lib/jvm/java-8-openjdk-amd64/jre/lib/ext/localedata.jar
7f181171a000-7f1811727000 r--p 00000000 08:05 528                        /usr/lib/jvm/java-8-openjdk-amd64/jre/lib/amd64/libjava.so
7f1811727000-7f181173f000 r-xp 0000d000 08:05 528                        /usr/lib/jvm/java-8-openjdk-amd64/jre/lib/amd64/libjava.so
7f181173f000-7f1811746000 r--p 00025000 08:05 528                        /usr/lib/jvm/java-8-openjdk-amd64/jre/lib/amd64/libjava.so
7f1811746000-7f1811747000 r--p 0002b000 08:05 528                        /usr/lib/jvm/java-8-openjdk-amd64/jre/lib/amd64/libjava.so
7f1811747000-7f1811749000 rw-p 0002c000 08:05 528                        /usr/lib/jvm/java-8-openjdk-amd64/jre/lib/amd64/libjava.so
7f1811749000-7f181574b000 rw-s 00000000 08:05 930817                     /tmp/openmpi-sessions-yuejia@yuejia-VirtualBox_0/3254/1/shared_mem_pool.yuejia-VirtualBox (deleted)
7f181574b000-7f18158cd000 rw-p 00000000 00:00 0 
7f18158cd000-7f18158d0000 r--p 00000000 08:05 289463                     /usr/local/lib/openmpi/mca_osc_rdma.so
7f18158d0000-7f18158da000 r-xp 00003000 08:05 289463                     /usr/local/lib/openmpi/mca_osc_rdma.so
7f18158da000-7f18158dc000 r--p 0000d000 08:05 289463                     /usr/local/lib/openmpi/mca_osc_rdma.so
7f18158dc000-7f18158dd000 r--p 0000e000 08:05 289463                     /usr/local/lib/openmpi/mca_osc_rdma.so
7f18158dd000-7f18158de000 rw-p 0000f000 08:05 289463                     /usr/local/lib/openmpi/mca_osc_rdma.so
7f18158de000-7f18158e1000 r--p 00000000 08:05 289461                     /usr/local/lib/openmpi/mca_osc_pt2pt.so
7f18158e1000-7f18158e8000 r-xp 00003000 08:05 289461                     /usr/local/lib/openmpi/mca_osc_pt2pt.so
7f18158e8000-7f18158ea000 r--p 0000a000 08:05 289461                     /usr/local/lib/openmpi/mca_osc_pt2pt.so
7f18158ea000-7f18158eb000 r--p 0000b000 08:05 289461                     /usr/local/lib/openmpi/mca_osc_pt2pt.so
7f18158eb000-7f18158ec000 rw-p 0000c000 08:05 289461                     /usr/local/lib/openmpi/mca_osc_pt2pt.so
7f18158ec000-7f18158f1000 r--p 00000000 08:05 289448                     /usr/local/lib/openmpi/mca_coll_tuned.so
7f18158f1000-7f1815902000 r-xp 00005000 08:05 289448                     /usr/local/lib/openmpi/mca_coll_tuned.so
7f1815902000-7f1815909000 r--p 00016000 08:05 289448                     /usr/local/lib/openmpi/mca_coll_tuned.so
7f1815909000-7f181590a000 r--p 0001c000 08:05 289448                     /usr/local/lib/openmpi/mca_coll_tuned.so
7f181590a000-7f181590b000 rw-p 0001d000 08:05 289448                     /usr/local/lib/openmpi/mca_coll_tuned.so
7f181590b000-7f181590c000 r--p 00000000 08:05 289446                     /usr/local/lib/openmpi/mca_coll_sync.so
7f181590c000-7f181590e000 r-xp 00001000 08:05 289446                     /usr/local/lib/openmpi/mca_coll_sync.so
7f181590e000-7f181590f000 r--p 00003000 08:05 289446                     /usr/local/lib/openmpi/mca_coll_sync.so
7f181590f000-7f1815910000 r--p 00003000 08:05 289446                     /usr/local/lib/openmpi/mca_coll_sync.so
7f1815910000-7f1815911000 rw-p 00004000 08:05 289446                     /usr/local/lib/openmpi/mca_coll_sync.so
7f1815911000-7f1815913000 r--p 00000000 08:05 289443                     /usr/local/lib/openmpi/mca_coll_sm.so
7f1815913000-7f1815916000 r-xp 00002000 08:05 289443                     /usr/local/lib/openmpi/mca_coll_sm.so
7f1815916000-7f1815917000 r--p 00005000 08:05 289443                     /usr/local/lib/openmpi/mca_coll_sm.so
7f1815917000-7f1815918000 ---p 00006000 08:05 289443                     /usr/local/lib/openmpi/mca_coll_sm.so
7f1815918000-7f1815919000 r--p 00006000 08:05 289443                     /usr/local/lib/openmpi/mca_coll_sm.so
7f1815919000-7f181591a000 rw-p 00007000 08:05 289443                     /usr/local/lib/openmpi/mca_coll_sm.so
7f181591a000-7f181591b000 r--p 00000000 08:05 289440                     /usr/local/lib/openmpi/mca_coll_self.so
7f181591b000-7f181591c000 r-xp 00001000 08:05 289440                     /usr/local/lib/openmpi/mca_coll_self.so
7f181591c000-7f181591d000 r--p 00002000 08:05 289440                     /usr/local/lib/openmpi/mca_coll_self.so
7f181591d000-7f181591e000 r--p 00002000 08:05 289440                     /usr/local/lib/openmpi/mca_coll_self.so
7f181591e000-7f181591f000 rw-p 00003000 08:05 289440                     /usr/local/lib/openmpi/mca_coll_self.so
7f181591f000-7f1815920000 r--p 00000000 08:05 289438                     /usr/local/lib/openmpi/mca_coll_inter.so
7f1815920000-7f1815922000 r-xp 00001000 08:05 289438                     /usr/local/lib/openmpi/mca_coll_inter.so
7f1815922000-7f1815923000 r--p 00003000 08:05 289438                     /usr/local/lib/openmpi/mca_coll_inter.so
7f1815923000-7f1815924000 r--p 00003000 08:05 289438                     /usr/local/lib/openmpi/mca_coll_inter.so
7f1815924000-7f1815925000 rw-p 00004000 08:05 289438                     /usr/local/lib/openmpi/mca_coll_inter.so
7f1815925000-7f1815927000 r--p 00000000 08:05 289434                     /usr/local/lib/openmpi/mca_coll_basic.so
7f1815927000-7f181592d000 r-xp 00002000 08:05 289434                     /usr/local/lib/openmpi/mca_coll_basic.so
7f181592d000-7f181592f000 r--p 00008000 08:05 289434                     /usr/local/lib/openmpi/mca_coll_basic.so
7f181592f000-7f1815930000 r--p 00009000 08:05 289434                     /usr/local/lib/openmpi/mca_coll_basic.so
7f1815930000-7f1815931000 rw-p 0000a000 08:05 289434                     /usr/local/lib/openmpi/mca_coll_basic.so
7f1815931000-7f1815934000 r--p 00000000 08:05 289432                     /usr/local/lib/openmpi/mca_btl_tcp.so
7f1815934000-7f181593b000 r-xp 00003000 08:05 289432                     /usr/local/lib/openmpi/mca_btl_tcp.so
7f181593b000-7f181593d000 r--p 0000a000 08:05 289432                     /usr/local/lib/openmpi/mca_btl_tcp.so
7f181593d000-7f181593e000 ---p 0000c000 08:05 289432                     /usr/local/lib/openmpi/mca_btl_tcp.so
7f181593e000-7f181593f000 r--p 0000c000 08:05 289432                     /usr/local/lib/openmpi/mca_btl_tcp.so
7f181593f000-7f1815940000 rw-p 0000d000 08:05 289432                     /usr/local/lib/openmpi/mca_btl_tcp.so
7f1815940000-7f18159c0000 rw-p 00000000 00:00 0 
7f18159c0000-7f18159c2000 r--p 00000000 08:05 289429                     /usr/local/lib/openmpi/mca_btl_sm.so
7f18159c2000-7f18159c6000 r-xp 00002000 08:05 289429                     /usr/local/lib/openmpi/mca_btl_sm.so
7f18159c6000-7f18159c7000 r--p 00006000 08:05 289429                     /usr/local/lib/openmpi/mca_btl_sm.so
7f18159c7000-7f18159c8000 r--p 00006000 08:05 289429                     /usr/local/lib/openmpi/mca_btl_sm.so
7f18159c8000-7f18159c9000 rw-p 00007000 08:05 289429                     /usr/local/lib/openmpi/mca_btl_sm.so
7f18159c9000-7f18159cb000 r--p 00000000 08:05 289426                     /usr/local/lib/openmpi/mca_btl_self.so
7f18159cb000-7f18159cd000 r-xp 00002000 08:05 289426                     /usr/local/lib/openmpi/mca_btl_self.so
7f18159cd000-7f18159ce000 r--p 00004000 08:05 289426                     /usr/local/lib/openmpi/mca_btl_self.so
7f18159ce000-7f18159cf000 r--p 00004000 08:05 289426                     /usr/local/lib/openmpi/mca_btl_self.so
7f18159cf000-7f18159d0000 rw-p 00005000 08:05 289426                     /usr/local/lib/openmpi/mca_btl_self.so
7f18159d0000-7f18159d2000 r--p 00000000 08:05 289424                     /usr/local/lib/openmpi/mca_bml_r2.so
7f18159d2000-7f18159d5000 r-xp 00002000 08:05 289424                     /usr/local/lib/openmpi/mca_bml_r2.so
7f18159d5000-7f18159d6000 r--p 00005000 08:05 289424                     /usr/local/lib/openmpi/mca_bml_r2.so
7f18159d6000-7f18159d7000 r--p 00005000 08:05 289424                     /usr/local/lib/openmpi/mca_bml_r2.so
7f18159d7000-7f18159d8000 rw-p 00006000 08:05 289424                     /usr/local/lib/openmpi/mca_bml_r2.so
7f18159d8000-7f18159da000 r--s 0000c000 08:05 543910                     /usr/share/java/java-atk-wrapper.jar
7f18159da000-7f18159dd000 r--s 0000f000 08:05 560                        /usr/lib/jvm/java-8-openjdk-amd64/jre/lib/ext/icedtea-sound.jar
7f18159dd000-7f18159df000 r--s 00001000 08:05 559                        /usr/lib/jvm/java-8-openjdk-amd64/jre/lib/ext/dnsns.jar
7f18159df000-7f18159e2000 r--p 00000000 08:05 289474                     /usr/local/lib/openmpi/mca_pml_ob1.so
7f18159e2000-7f18159f3000 r-xp 00003000 08:05 289474                     /usr/local/lib/openmpi/mca_pml_ob1.so
7f18159f3000-7f18159f5000 r--p 00014000 08:05 289474                     /usr/local/lib/openmpi/mca_pml_ob1.so
7f18159f5000-7f18159f6000 ---p 00016000 08:05 289474                     /usr/local/lib/openmpi/mca_pml_ob1.so
7f18159f6000-7f18159f7000 r--p 00016000 08:05 289474                     /usr/local/lib/openmpi/mca_pml_ob1.so
7f18159f7000-7f18159f8000 rw-p 00017000 08:05 289474                     /usr/local/lib/openmpi/mca_pml_ob1.so
7f18159f8000-7f18159f9000 r--s 0000a000 08:05 330880                     /usr/local/hadoop-2.10.0/share/hadoop/common/lib/asm-3.2.jar
7f18159f9000-7f18159ff000 r--s 0003d000 08:05 565                        /usr/lib/jvm/java-8-openjdk-amd64/jre/lib/ext/sunjce_provider.jar
7f18159ff000-7f1815a02000 r--p 00000000 08:05 547                        /usr/lib/jvm/java-8-openjdk-amd64/jre/lib/amd64/libzip.so
7f1815a02000-7f1815a07000 r-xp 00003000 08:05 547                        /usr/lib/jvm/java-8-openjdk-amd64/jre/lib/amd64/libzip.so
7f1815a07000-7f1815a09000 r--p 00008000 08:05 547                        /usr/lib/jvm/java-8-openjdk-amd64/jre/lib/amd64/libzip.so
7f1815a09000-7f1815a0a000 r--p 00009000 08:05 547                        /usr/lib/jvm/java-8-openjdk-amd64/jre/lib/amd64/libzip.so
7f1815a0a000-7f1815a0b000 rw-p 0000a000 08:05 547                        /usr/lib/jvm/java-8-openjdk-amd64/jre/lib/amd64/libzip.so
7f1815a0b000-7f1815a13000 rw-s 00000000 08:05 701347                     /tmp/hsperfdata_yuejia/16050
7f1815a13000-7f1815a15000 r--p 00000000 08:05 289436                     /usr/local/lib/openmpi/mca_coll_hierarch.so
7f1815a15000-7f1815a19000 r-xp 00002000 08:05 289436                     /usr/local/lib/openmpi/mca_coll_hierarch.so
7f1815a19000-7f1815a1a000 r--p 00006000 08:05 289436                     /usr/local/lib/openmpi/mca_coll_hierarch.so
7f1815a1a000-7f1815a1b000 ---p 00007000 08:05 289436                     /usr/local/lib/openmpi/mca_coll_hierarch.so
7f1815a1b000-7f1815a1c000 r--p 00007000 08:05 289436                     /usr/local/lib/openmpi/mca_coll_hierarch.so
7f1815a1c000-7f1815a1d000 rw-p 00008000 08:05 289436                     /usr/local/lib/openmpi/mca_coll_hierarch.so
7f1815a1d000-7f1815a1e000 r--s 0000a000 08:05 330868                     /usr/local/hadoop-2.10.0/share/hadoop/common/lib/apacheds-i18n-2.0.0-M15.jar
7f1815a1e000-7f1815a23000 r--p 00000000 08:05 546                        /usr/lib/jvm/java-8-openjdk-amd64/jre/lib/amd64/libverify.so
7f1815a23000-7f1815a2c000 r-xp 00005000 08:05 546                        /usr/lib/jvm/java-8-openjdk-amd64/jre/lib/amd64/libverify.so
7f1815a2c000-7f1815a2e000 r--p 0000e000 08:05 546                        /usr/lib/jvm/java-8-openjdk-amd64/jre/lib/amd64/libverify.so
7f1815a2e000-7f1815a30000 r--p 0000f000 08:05 546                        /usr/lib/jvm/java-8-openjdk-amd64/jre/lib/amd64/libverify.so
7f1815a30000-7f1815a31000 rw-p 00011000 08:05 546                        /usr/lib/jvm/java-8-openjdk-amd64/jre/lib/amd64/libverify.so
7f1815a31000-7f1815a33000 r--p 00000000 08:05 289451                     /usr/local/lib/openmpi/mca_dpm_orte.so
7f1815a33000-7f1815a36000 r-xp 00002000 08:05 289451                     /usr/local/lib/openmpi/mca_dpm_orte.so
7f1815a36000-7f1815a37000 r--p 00005000 08:05 289451                     /usr/local/lib/openmpi/mca_dpm_orte.so
7f1815a37000-7f1815a38000 r--p 00005000 08:05 289451                     /usr/local/lib/openmpi/mca_dpm_orte.so
7f1815a38000-7f1815a39000 rw-p 00006000 08:05 289451                     /usr/local/lib/openmpi/mca_dpm_orte.so
7f1815a39000-7f1815a3a000 r--p 00000000 08:05 289481                     /usr/local/lib/openmpi/mca_pubsub_orte.so
7f1815a3a000-7f1815a3c000 r-xp 00001000 08:05 289481                     /usr/local/lib/openmpi/mca_pubsub_orte.so
7f1815a3c000-7f1815a3d000 r--p 00003000 08:05 289481                     /usr/local/lib/openmpi/mca_pubsub_orte.so
7f1815a3d000-7f1815a3e000 r--p 00003000 08:05 289481                     /usr/local/lib/openmpi/mca_pubsub_orte.so
7f1815a3e000-7f1815a3f000 rw-p 00004000 08:05 289481                     /usr/local/lib/openmpi/mca_pubsub_orte.so
7f1815a3f000-7f1815a40000 r--p 00000000 08:05 289414                     /usr/local/lib/libmca_common_sm.so.3.0.1
7f1815a40000-7f1815a41000 r-xp 00001000 08:05 289414                     /usr/local/lib/libmca_common_sm.so.3.0.1
7f1815a41000-7f1815a42000 r--p 00002000 08:05 289414                     /usr/local/lib/libmca_common_sm.so.3.0.1
7f1815a42000-7f1815a43000 r--p 00002000 08:05 289414                     /usr/local/lib/libmca_common_sm.so.3.0.1
7f1815a43000-7f1815a44000 rw-p 00003000 08:05 289414                     /usr/local/lib/libmca_common_sm.so.3.0.1
7f1815a44000-7f1815a45000 rw-p 00000000 00:00 0 
7f1815a45000-7f1815a46000 r--p 00000000 08:05 289459                     /usr/local/lib/openmpi/mca_mpool_sm.so
7f1815a46000-7f1815a47000 r-xp 00001000 08:05 289459                     /usr/local/lib/openmpi/mca_mpool_sm.so
7f1815a47000-7f1815a48000 r--p 00002000 08:05 289459                     /usr/local/lib/openmpi/mca_mpool_sm.so
7f1815a48000-7f1815a49000 r--p 00002000 08:05 289459                     /usr/local/lib/openmpi/mca_mpool_sm.so
7f1815a49000-7f1815a4a000 rw-p 00003000 08:05 289459                     /usr/local/lib/openmpi/mca_mpool_sm.so
7f1815a4a000-7f1815a4c000 r--p 00000000 08:05 289457                     /usr/local/lib/openmpi/mca_mpool_rdma.so
7f1815a4c000-7f1815a4e000 r-xp 00002000 08:05 289457                     /usr/local/lib/openmpi/mca_mpool_rdma.so
7f1815a4e000-7f1815a4f000 r--p 00004000 08:05 289457                     /usr/local/lib/openmpi/mca_mpool_rdma.so
7f1815a4f000-7f1815a50000 r--p 00004000 08:05 289457                     /usr/local/lib/openmpi/mca_mpool_rdma.so
7f1815a50000-7f1815a51000 rw-p 00005000 08:05 289457                     /usr/local/lib/openmpi/mca_mpool_rdma.so
7f1815a51000-7f1815a52000 r--p 00000000 08:05 289455                     /usr/local/lib/openmpi/mca_mpool_fake.so
7f1815a52000-7f1815a53000 r-xp 00001000 08:05 289455                     /usr/local/lib/openmpi/mca_mpool_fake.so
7f1815a53000-7f1815a54000 r--p 00002000 08:05 289455                     /usr/local/lib/openmpi/mca_mpool_fake.so
7f1815a54000-7f1815a55000 r--p 00002000 08:05 289455                     /usr/local/lib/openmpi/mca_mpool_fake.so
7f1815a55000-7f1815a56000 rw-p 00003000 08:05 289455                     /usr/local/lib/openmpi/mca_mpool_fake.so
7f1815a56000-7f1815a59000 r--p 00000000 08:05 145636                     /usr/lib/x86_64-linux-gnu/libnss_files-2.31.so
7f1815a59000-7f1815a60000 r-xp 00003000 08:05 145636                     /usr/lib/x86_64-linux-gnu/libnss_files-2.31.so
7f1815a60000-7f1815a62000 r--p 0000a000 08:05 145636                     /usr/lib/x86_64-linux-gnu/libnss_files-2.31.so
7f1815a62000-7f1815a63000 r--p 0000b000 08:05 145636                     /usr/lib/x86_64-linux-gnu/libnss_files-2.31.so
7f1815a63000-7f1815a64000 rw-p 0000c000 08:05 145636                     /usr/lib/x86_64-linux-gnu/libnss_files-2.31.so
7f1815a64000-7f1815a6a000 rw-p 00000000 00:00 0 
7f1815a6a000-7f1815a6b000 r--s 00010000 08:05 567                        /usr/lib/jvm/java-8-openjdk-amd64/jre/lib/ext/zipfs.jar
7f1815a6b000-7f1815a6c000 r--p 00000000 08:05 289483                     /usr/local/lib/openmpi/mca_rcache_vma.so
7f1815a6c000-7f1815a6e000 r-xp 00001000 08:05 289483                     /usr/local/lib/openmpi/mca_rcache_vma.so
7f1815a6e000-7f1815a6f000 r--p 00003000 08:05 289483                     /usr/local/lib/openmpi/mca_rcache_vma.so
7f1815a6f000-7f1815a70000 r--p 00003000 08:05 289483                     /usr/local/lib/openmpi/mca_rcache_vma.so
7f1815a70000-7f1815a71000 rw-p 00004000 08:05 289483                     /usr/local/lib/openmpi/mca_rcache_vma.so
7f1815a71000-7f1815a72000 r--p 00000000 08:05 289421                     /usr/local/lib/openmpi/mca_allocator_bucket.so
7f1815a72000-7f1815a73000 r-xp 00001000 08:05 289421                     /usr/local/lib/openmpi/mca_allocator_bucket.so
7f1815a73000-7f1815a74000 r--p 00002000 08:05 289421                     /usr/local/lib/openmpi/mca_allocator_bucket.so
7f1815a74000-7f1815a75000 r--p 00002000 08:05 289421                     /usr/local/lib/openmpi/mca_allocator_bucket.so
7f1815a75000-7f1815a76000 rw-p 00003000 08:05 289421                     /usr/local/lib/openmpi/mca_allocator_bucket.so
7f1815a76000-7f1815a77000 r--p 00000000 08:05 289419                     /usr/local/lib/openmpi/mca_allocator_basic.so
7f1815a77000-7f1815a78000 r-xp 00001000 08:05 289419                     /usr/local/lib/openmpi/mca_allocator_basic.so
7f1815a78000-7f1815a79000 r--p 00002000 08:05 289419                     /usr/local/lib/openmpi/mca_allocator_basic.so
7f1815a79000-7f1815a7a000 r--p 00002000 08:05 289419                     /usr/local/lib/openmpi/mca_allocator_basic.so
7f1815a7a000-7f1815a7b000 rw-p 00003000 08:05 289419                     /usr/local/lib/openmpi/mca_allocator_basic.so
7f1815a7b000-7f1815a7d000 r--p 00000000 08:05 288956                     /usr/local/lib/openmpi/mca_grpcomm_bad.so
7f1815a7d000-7f1815a80000 r-xp 00002000 08:05 288956                     /usr/local/lib/openmpi/mca_grpcomm_bad.so
7f1815a80000-7f1815a81000 r--p 00005000 08:05 288956                     /usr/local/lib/openmpi/mca_grpcomm_bad.so
7f1815a81000-7f1815a82000 r--p 00005000 08:05 288956                     /usr/local/lib/openmpi/mca_grpcomm_bad.so
7f1815a82000-7f1815a83000 rw-p 00006000 08:05 288956                     /usr/local/lib/openmpi/mca_grpcomm_bad.so
7f1815a83000-7f1815a87000 r--p 00000000 08:05 288977                     /usr/local/lib/openmpi/mca_oob_tcp.so
7f1815a87000-7f1815a91000 r-xp 00004000 08:05 288977                     /usr/local/lib/openmpi/mca_oob_tcp.so
7f1815a91000-7f1815a94000 r--p 0000e000 08:05 288977                     /usr/local/lib/openmpi/mca_oob_tcp.so
7f1815a94000-7f1815a95000 r--p 00010000 08:05 288977                     /usr/local/lib/openmpi/mca_oob_tcp.so
7f1815a95000-7f1815a96000 rw-p 00011000 08:05 288977                     /usr/local/lib/openmpi/mca_oob_tcp.so
7f1815a96000-7f1815a99000 r--p 00000000 08:05 145838                     /usr/lib/x86_64-linux-gnu/librt-2.31.so
7f1815a99000-7f1815a9d000 r-xp 00003000 08:05 145838                     /usr/lib/x86_64-linux-gnu/librt-2.31.so
7f1815a9d000-7f1815a9e000 r--p 00007000 08:05 145838                     /usr/lib/x86_64-linux-gnu/librt-2.31.so
7f1815a9e000-7f1815a9f000 ---p 00008000 08:05 145838                     /usr/lib/x86_64-linux-gnu/librt-2.31.so
7f1815a9f000-7f1815aa0000 r--p 00008000 08:05 145838                     /usr/lib/x86_64-linux-gnu/librt-2.31.so
7f1815aa0000-7f1815aa1000 rw-p 00009000 08:05 145838                     /usr/lib/x86_64-linux-gnu/librt-2.31.so
7f1815aa1000-7f1815aa2000 r--s 0000d000 08:05 564                        /usr/lib/jvm/java-8-openjdk-amd64/jre/lib/ext/sunec.jar
7f1815aa2000-7f1815aa3000 r--s 0000a000 08:05 561                        /usr/lib/jvm/java-8-openjdk-amd64/jre/lib/ext/jaccess.jar
7f1815aa3000-7f1815aa5000 r--p 00000000 08:05 289012                     /usr/local/lib/openmpi/mca_routed_binomial.so
7f1815aa5000-7f1815aa7000 r-xp 00002000 08:05 289012                     /usr/local/lib/openmpi/mca_routed_binomial.so
7f1815aa7000-7f1815aa8000 r--p 00004000 08:05 289012                     /usr/local/lib/openmpi/mca_routed_binomial.so
7f1815aa8000-7f1815aa9000 r--p 00004000 08:05 289012                     /usr/local/lib/openmpi/mca_routed_binomial.so
7f1815aa9000-7f1815aaa000 rw-p 00005000 08:05 289012                     /usr/local/lib/openmpi/mca_routed_binomial.so
7f1815aaa000-7f1815aac000 r--p 00000000 08:05 289010                     /usr/local/lib/openmpi/mca_rml_oob.so
7f1815aac000-7f1815aaf000 r-xp 00002000 08:05 289010                     /usr/local/lib/openmpi/mca_rml_oob.so
7f1815aaf000-7f1815ab0000 r--p 00005000 08:05 289010                     /usr/local/lib/openmpi/mca_rml_oob.so
7f1815ab0000-7f1815ab1000 r--p 00005000 08:05 289010                     /usr/local/lib/openmpi/mca_rml_oob.so
7f1815ab1000-7f1815ab2000 rw-p 00006000 08:05 289010                     /usr/local/lib/openmpi/mca_rml_oob.so
7f1815ab2000-7f1815ab3000 r--p 00000000 08:05 288939                     /usr/local/lib/openmpi/mca_ess_env.so
7f1815ab3000-7f1815ab4000 r-xp 00001000 08:05 288939                     /usr/local/lib/openmpi/mca_ess_env.so
7f1815ab4000-7f1815ab5000 r--p 00002000 08:05 288939                     /usr/local/lib/openmpi/mca_ess_env.so
7f1815ab5000-7f1815ab6000 r--p 00002000 08:05 288939                     /usr/local/lib/openmpi/mca_ess_env.so
7f1815ab6000-7f1815ab7000 rw-p 00003000 08:05 288939                     /usr/local/lib/openmpi/mca_ess_env.so
7f1815ab7000-7f1815abc000 rw-p 00000000 00:00 0 
7f1815abc000-7f1815abd000 r--p 00000000 08:05 146049                     /usr/lib/x86_64-linux-gnu/libutil-2.31.so
7f1815abd000-7f1815abe000 r-xp 00001000 08:05 146049                     /usr/lib/x86_64-linux-gnu/libutil-2.31.so
7f1815abe000-7f1815abf000 r--p 00002000 08:05 146049                     /usr/lib/x86_64-linux-gnu/libutil-2.31.so
7f1815abf000-7f1815ac0000 r--p 00002000 08:05 146049                     /usr/lib/x86_64-linux-gnu/libutil-2.31.so
7f1815ac0000-7f1815ac1000 rw-p 00003000 08:05 146049                     /usr/lib/x86_64-linux-gnu/libutil-2.31.so
7f1815ac1000-7f1815ac2000 r--p 00000000 08:05 145009                     /usr/lib/x86_64-linux-gnu/libdl-2.31.so
7f1815ac2000-7f1815ac4000 r-xp 00001000 08:05 145009                     /usr/lib/x86_64-linux-gnu/libdl-2.31.so
7f1815ac4000-7f1815ac5000 r--p 00003000 08:05 145009                     /usr/lib/x86_64-linux-gnu/libdl-2.31.so
7f1815ac5000-7f1815ac6000 r--p 00003000 08:05 145009                     /usr/lib/x86_64-linux-gnu/libdl-2.31.so
7f1815ac6000-7f1815ac7000 rw-p 00004000 08:05 145009                     /usr/lib/x86_64-linux-gnu/libdl-2.31.so
7f1815ac7000-7f1815ad6000 r--p 00000000 08:05 145512                     /usr/lib/x86_64-linux-gnu/libm-2.31.so
7f1815ad6000-7f1815b7d000 r-xp 0000f000 08:05 145512                     /usr/lib/x86_64-linux-gnu/libm-2.31.so
7f1815b7d000-7f1815c14000 r--p 000b6000 08:05 145512                     /usr/lib/x86_64-linux-gnu/libm-2.31.so
7f1815c14000-7f1815c15000 r--p 0014c000 08:05 145512                     /usr/lib/x86_64-linux-gnu/libm-2.31.so
7f1815c15000-7f1815c16000 rw-p 0014d000 08:05 145512                     /usr/lib/x86_64-linux-gnu/libm-2.31.so
7f1815c16000-7f1815c3b000 r--p 00000000 08:05 144874                     /usr/lib/x86_64-linux-gnu/libc-2.31.so
7f1815c3b000-7f1815db3000 r-xp 00025000 08:05 144874                     /usr/lib/x86_64-linux-gnu/libc-2.31.so
7f1815db3000-7f1815dfd000 r--p 0019d000 08:05 144874                     /usr/lib/x86_64-linux-gnu/libc-2.31.so
7f1815dfd000-7f1815dfe000 ---p 001e7000 08:05 144874                     /usr/lib/x86_64-linux-gnu/libc-2.31.so
7f1815dfe000-7f1815e01000 r--p 001e7000 08:05 144874                     /usr/lib/x86_64-linux-gnu/libc-2.31.so
7f1815e01000-7f1815e04000 rw-p 001ea000 08:05 144874                     /usr/lib/x86_64-linux-gnu/libc-2.31.so
7f1815e04000-7f1815e0a000 rw-p 00000000 00:00 0 
7f1815e0a000-7f1815e11000 r--p 00000000 08:05 145777                     /usr/lib/x86_64-linux-gnu/libpthread-2.31.so
7f1815e11000-7f1815e22000 r-xp 00007000 08:05 145777                     /usr/lib/x86_64-linux-gnu/libpthread-2.31.so
7f1815e22000-7f1815e27000 r--p 00018000 08:05 145777                     /usr/lib/x86_64-linux-gnu/libpthread-2.31.so
7f1815e27000-7f1815e28000 r--p 0001c000 08:05 145777                     /usr/lib/x86_64-linux-gnu/libpthread-2.31.so
7f1815e28000-7f1815e29000 rw-p 0001d000 08:05 145777                     /usr/lib/x86_64-linux-gnu/libpthread-2.31.so
7f1815e29000-7f1815e2d000 rw-p 00000000 00:00 0 
7f1815e2d000-7f1815e30000 r--p 00000000 08:05 145159                     /usr/lib/x86_64-linux-gnu/libgcc_s.so.1
7f1815e30000-7f1815e42000 r-xp 00003000 08:05 145159                     /usr/lib/x86_64-linux-gnu/libgcc_s.so.1
7f1815e42000-7f1815e46000 r--p 00015000 08:05 145159                     /usr/lib/x86_64-linux-gnu/libgcc_s.so.1
7f1815e46000-7f1815e47000 r--p 00018000 08:05 145159                     /usr/lib/x86_64-linux-gnu/libgcc_s.so.1
7f1815e47000-7f1815e48000 rw-p 00019000 08:05 145159                     /usr/lib/x86_64-linux-gnu/libgcc_s.so.1
7f1815e48000-7f1815ede000 r--p 00000000 08:05 145940                     /usr/lib/x86_64-linux-gnu/libstdc++.so.6.0.28
7f1815ede000-7f1815fce000 r-xp 00096000 08:05 145940                     /usr/lib/x86_64-linux-gnu/libstdc++.so.6.0.28
7f1815fce000-7f1816017000 r--p 00186000 08:05 145940                     /usr/lib/x86_64-linux-gnu/libstdc++.so.6.0.28
7f1816017000-7f1816018000 ---p 001cf000 08:05 145940                     /usr/lib/x86_64-linux-gnu/libstdc++.so.6.0.28
7f1816018000-7f1816023000 r--p 001cf000 08:05 145940                     /usr/lib/x86_64-linux-gnu/libstdc++.so.6.0.28
7f1816023000-7f1816026000 rw-p 001da000 08:05 145940                     /usr/lib/x86_64-linux-gnu/libstdc++.so.6.0.28
7f1816026000-7f181602a000 rw-p 00000000 00:00 0 
7f181602a000-7f181602b000 r--p 00000000 00:00 0 
7f181602b000-7f181602c000 r--p 00000000 08:05 288904                     /usr/local/lib/openmpi/mca_shmem_mmap.so
7f181602c000-7f181602d000 r-xp 00001000 08:05 288904                     /usr/local/lib/openmpi/mca_shmem_mmap.so
7f181602d000-7f181602e000 r--p 00002000 08:05 288904                     /usr/local/lib/openmpi/mca_shmem_mmap.so
7f181602e000-7f181602f000 r--p 00002000 08:05 288904                     /usr/local/lib/openmpi/mca_shmem_mmap.so
7f181602f000-7f1816030000 rw-p 00003000 08:05 288904                     /usr/local/lib/openmpi/mca_shmem_mmap.so
7f1816030000-7f1816031000 r--p 00000000 08:05 288880                     /usr/local/lib/openmpi/mca_carto_auto_detect.so
7f1816031000-7f1816032000 r-xp 00001000 08:05 288880                     /usr/local/lib/openmpi/mca_carto_auto_detect.so
7f1816032000-7f1816033000 r--p 00002000 08:05 288880                     /usr/local/lib/openmpi/mca_carto_auto_detect.so
7f1816033000-7f1816034000 r--p 00002000 08:05 288880                     /usr/local/lib/openmpi/mca_carto_auto_detect.so
7f1816034000-7f1816035000 rw-p 00003000 08:05 288880                     /usr/local/lib/openmpi/mca_carto_auto_detect.so
7f1816035000-7f1816036000 r--p 00000000 08:05 288899                     /usr/local/lib/openmpi/mca_paffinity_hwloc.so
7f1816036000-7f1816037000 r-xp 00001000 08:05 288899                     /usr/local/lib/openmpi/mca_paffinity_hwloc.so
7f1816037000-7f1816038000 r--p 00002000 08:05 288899                     /usr/local/lib/openmpi/mca_paffinity_hwloc.so
7f1816038000-7f1816039000 r--p 00002000 08:05 288899                     /usr/local/lib/openmpi/mca_paffinity_hwloc.so
7f1816039000-7f181603a000 rw-p 00003000 08:05 288899                     /usr/local/lib/openmpi/mca_paffinity_hwloc.so
7f181603a000-7f181607d000 r--p 00000000 08:05 284051                     /usr/local/lib/libmpi.so.1.0.8
7f181607d000-7f1816161000 r-xp 00043000 08:05 284051                     /usr/local/lib/libmpi.so.1.0.8
7f1816161000-7f18161a3000 r--p 00127000 08:05 284051                     /usr/local/lib/libmpi.so.1.0.8
7f18161a3000-7f18161a8000 r--p 00168000 08:05 284051                     /usr/local/lib/libmpi.so.1.0.8
7f18161a8000-7f18161ba000 rw-p 0016d000 08:05 284051                     /usr/local/lib/libmpi.so.1.0.8
7f18161ba000-7f18161d0000 rw-p 00000000 00:00 0 
7f18161d0000-7f18161de000 r--p 00000000 08:05 289379                     /usr/local/lib/libmpi_cxx.so.1.0.2
7f18161de000-7f18161e6000 r-xp 0000e000 08:05 289379                     /usr/local/lib/libmpi_cxx.so.1.0.2
7f18161e6000-7f18161e9000 r--p 00016000 08:05 289379                     /usr/local/lib/libmpi_cxx.so.1.0.2
7f18161e9000-7f18161ea000 ---p 00019000 08:05 289379                     /usr/local/lib/libmpi_cxx.so.1.0.2
7f18161ea000-7f18161ec000 r--p 00019000 08:05 289379                     /usr/local/lib/libmpi_cxx.so.1.0.2
7f18161ec000-7f18161ed000 rw-p 0001b000 08:05 289379                     /usr/local/lib/libmpi_cxx.so.1.0.2
7f18161ed000-7f18163de000 r--p 00000000 08:05 549                        /usr/lib/jvm/java-8-openjdk-amd64/jre/lib/amd64/server/libjvm.so
7f18163de000-7f1816c9f000 r-xp 001f1000 08:05 549                        /usr/lib/jvm/java-8-openjdk-amd64/jre/lib/amd64/server/libjvm.so
7f1816c9f000-7f1816e3e000 r--p 00ab2000 08:05 549                        /usr/lib/jvm/java-8-openjdk-amd64/jre/lib/amd64/server/libjvm.so
7f1816e3e000-7f1816ed3000 r--p 00c50000 08:05 549                        /usr/lib/jvm/java-8-openjdk-amd64/jre/lib/amd64/server/libjvm.so
7f1816ed3000-7f1816efc000 rw-p 00ce5000 08:05 549                        /usr/lib/jvm/java-8-openjdk-amd64/jre/lib/amd64/server/libjvm.so
7f1816efc000-7f1816f2e000 rw-p 00000000 00:00 0 
7f1816f2e000-7f1816f2f000 r--p 00000000 08:05 144661                     /usr/lib/x86_64-linux-gnu/ld-2.31.so
7f1816f2f000-7f1816f52000 r-xp 00001000 08:05 144661                     /usr/lib/x86_64-linux-gnu/ld-2.31.so
7f1816f52000-7f1816f5a000 r--p 00024000 08:05 144661                     /usr/lib/x86_64-linux-gnu/ld-2.31.so
7f1816f5a000-7f1816f5b000 rw-s 00000000 08:05 930824                     /tmp/openmpi-sessions-yuejia@yuejia-VirtualBox_0/3254/1/shared_mem_btl_module.yuejia-VirtualBox (deleted)
7f1816f5b000-7f1816f5c000 r--p 0002c000 08:05 144661                     /usr/lib/x86_64-linux-gnu/ld-2.31.so
7f1816f5c000-7f1816f5d000 rw-p 0002d000 08:05 144661                     /usr/lib/x86_64-linux-gnu/ld-2.31.so
7f1816f5d000-7f1816f5e000 rw-p 00000000 00:00 0 
7fff8a5f1000-7fff8a5f4000 ---p 00000000 00:00 0 
7fff8a5f4000-7fff8a6f1000 rw-p 00000000 00:00 0                          [stack]
7fff8a7cb000-7fff8a7ce000 r--p 00000000 00:00 0                          [vvar]
7fff8a7ce000-7fff8a7cf000 r-xp 00000000 00:00 0                          [vdso]
ffffffffff600000-ffffffffff601000 --xp 00000000 00:00 0                  [vsyscall]

VM Arguments:
java_command: <unknown>
java_class_path (initial): :/usr/local/hadoop-2.10.0/etc/hadoop:/usr/local/hadoop-2.10.0/share/hadoop/common/lib/activation-1.1.jar:/usr/local/hadoop-2.10.0/share/hadoop/common/lib/apacheds-i18n-2.0.0-M15.jar:/usr/local/hadoop-2.10.0/share/hadoop/common/lib/apacheds-kerberos-codec-2.0.0-M15.jar:/usr/local/hadoop-2.10.0/share/hadoop/common/lib/api-asn1-api-1.0.0-M20.jar:/usr/local/hadoop-2.10.0/share/hadoop/common/lib/api-util-1.0.0-M20.jar:/usr/local/hadoop-2.10.0/share/hadoop/common/lib/asm-3.2.jar:/usr/local/hadoop-2.10.0/share/hadoop/common/lib/avro-1.7.7.jar:/usr/local/hadoop-2.10.0/share/hadoop/common/lib/commons-beanutils-1.9.4.jar:/usr/local/hadoop-2.10.0/share/hadoop/common/lib/commons-cli-1.2.jar:/usr/local/hadoop-2.10.0/share/hadoop/common/lib/commons-codec-1.4.jar:/usr/local/hadoop-2.10.0/share/hadoop/common/lib/commons-collections-3.2.2.jar:/usr/local/hadoop-2.10.0/share/hadoop/common/lib/commons-compress-1.19.jar:/usr/local/hadoop-2.10.0/share/hadoop/common/lib/commons-configuration-1.6.jar:/usr/local/hadoop-2.10.0/share/hadoop/common/lib/commons-digester-1.8.jar:/usr/local/hadoop-2.10.0/share/hadoop/common/lib/commons-io-2.4.jar:/usr/local/hadoop-2.10.0/share/hadoop/common/lib/commons-lang-2.6.jar:/usr/local/hadoop-2.10.0/share/hadoop/common/lib/commons-lang3-3.4.jar:/usr/local/hadoop-2.10.0/share/hadoop/common/lib/commons-logging-1.1.3.jar:/usr/local/hadoop-2.10.0/share/hadoop/common/lib/commons-math3-3.1.1.jar:/usr/local/hadoop-2.10.0/share/hadoop/common/lib/commons-net-3.1.jar:/usr/local/hadoop-2.10.0/share/hadoop/common/lib/curator-client-2.7.1.jar:/usr/local/hadoop-2.10.0/share/hadoop/common/lib/curator-framework-2.7.1.jar:/usr/local/hadoop-2.10.0/share/hadoop/common/lib/curator-recipes-2.7.1.jar:/usr/local/hadoop-2.10.0/share/hadoop/common/lib/gson-2.2.4.jar:/usr/local/hadoop-2.10.0/share/hadoop/common/lib/guava-11.0.2.jar:/usr/local/hadoop-2.10.0/share/hadoop/common/lib/hadoop-annotations-2.10.0.jar:/usr/local/hadoop-2.10.0/share/hadoop/common
Launcher Type: generic

Environment Variables:
PATH=/usr/local/sbin:/usr/local/bin:/usr/sbin:/usr/bin:/sbin:/bin:/usr/games:/usr/local/games:/snap/bin
USERNAME=yuejia
LD_LIBRARY_PATH=:/usr/lib/jvm/java-8-openjdk-amd64/jre/lib/amd64/server:/usr/local/hadoop-2.10.0/lib/native:/usr/local/lib
SHELL=/bin/bash
DISPLAY=:0

Signal Handlers:
SIGSEGV: [libjvm.so+0xa8c6a0], sa_mask[0]=11111111011111111101111111111110, sa_flags=SA_RESTART|SA_SIGINFO
SIGBUS: [libjvm.so+0xa8c6a0], sa_mask[0]=11111111011111111101111111111110, sa_flags=SA_RESTART|SA_SIGINFO
SIGFPE: [libjvm.so+0x8e14c0], sa_mask[0]=11111111011111111101111111111110, sa_flags=SA_RESTART|SA_SIGINFO
SIGPIPE: [libjvm.so+0x8e14c0], sa_mask[0]=11111111011111111101111111111110, sa_flags=SA_RESTART|SA_SIGINFO
SIGXFSZ: [libjvm.so+0x8e14c0], sa_mask[0]=11111111011111111101111111111110, sa_flags=SA_RESTART|SA_SIGINFO
SIGILL: [libjvm.so+0x8e14c0], sa_mask[0]=11111111011111111101111111111110, sa_flags=SA_RESTART|SA_SIGINFO
SIGUSR1: SIG_DFL, sa_mask[0]=00000000000000000000000000000000, sa_flags=none
SIGUSR2: [libjvm.so+0x8e1370], sa_mask[0]=00000000000000000000000000000000, sa_flags=SA_RESTART|SA_SIGINFO
SIGHUP: [libjvm.so+0x8e1740], sa_mask[0]=11111111011111111101111111111110, sa_flags=SA_RESTART|SA_SIGINFO
SIGINT: [libjvm.so+0x8e1740], sa_mask[0]=11111111011111111101111111111110, sa_flags=SA_RESTART|SA_SIGINFO
SIGTERM: [libjvm.so+0x8e1740], sa_mask[0]=11111111011111111101111111111110, sa_flags=SA_RESTART|SA_SIGINFO
SIGQUIT: [libjvm.so+0x8e1740], sa_mask[0]=11111111011111111101111111111110, sa_flags=SA_RESTART|SA_SIGINFO


---------------  S Y S T E M  ---------------

OS:DISTRIB_ID=Ubuntu
DISTRIB_RELEASE=20.04
DISTRIB_CODENAME=focal
DISTRIB_DESCRIPTION="Ubuntu 20.04.1 LTS"

uname:Linux 5.4.0-45-generic #49-Ubuntu SMP Wed Aug 26 13:38:52 UTC 2020 x86_64
libc:glibc 2.31 NPTL 2.31 
rlimit: STACK 8192k, CORE 0k, NPROC 15522, NOFILE 1048576, AS infinity
load average:1.46 1.13 0.79

/proc/meminfo:
MemTotal:        4030228 kB
MemFree:          383684 kB
MemAvailable:     716808 kB
Buffers:           17896 kB
Cached:           643260 kB
SwapCached:         4660 kB
Active:          2227844 kB
Inactive:        1110788 kB
Active(anon):    1928448 kB
Inactive(anon):   920968 kB
Active(file):     299396 kB
Inactive(file):   189820 kB
Unevictable:          16 kB
Mlocked:              16 kB
SwapTotal:        459260 kB
SwapFree:         335868 kB
Dirty:              2080 kB
Writeback:             0 kB
AnonPages:       2674836 kB
Mapped:           454760 kB
Shmem:            173184 kB
KReclaimable:      93904 kB
Slab:             203380 kB
SReclaimable:      93904 kB
SUnreclaim:       109476 kB
KernelStack:       16200 kB
PageTables:        26676 kB
NFS_Unstable:          0 kB
Bounce:                0 kB
WritebackTmp:          0 kB
CommitLimit:     2474372 kB
Committed_AS:    8047460 kB
VmallocTotal:   34359738367 kB
VmallocUsed:       50304 kB
VmallocChunk:          0 kB
Percpu:             2784 kB
HardwareCorrupted:     0 kB
AnonHugePages:         0 kB
ShmemHugePages:        0 kB
ShmemPmdMapped:        0 kB
FileHugePages:         0 kB
FilePmdMapped:         0 kB
CmaTotal:              0 kB
CmaFree:               0 kB
HugePages_Total:       0
HugePages_Free:        0
HugePages_Rsvd:        0
HugePages_Surp:        0
Hugepagesize:       2048 kB
Hugetlb:               0 kB
DirectMap4k:      243648 kB
DirectMap2M:     3950592 kB

container (cgroup) information:
container_type: cgroupv1
cpu_cpuset_cpus: 0-3
cpu_memory_nodes: 0
active_processor_count: 4
cpu_quota: -1
cpu_period: 100000
cpu_shares: -1
memory_limit_in_bytes: -1
memory_and_swap_limit_in_bytes: -2
memory_soft_limit_in_bytes: -1
memory_usage_in_bytes: 2457391104
memory_max_usage_in_bytes: 2751098880


CPU:total 4 (initial active 4) (4 cores per cpu, 1 threads per core) family 6 model 142 stepping 12, cmov, cx8, fxsr, mmx, sse, sse2, sse3, ssse3, sse4.1, sse4.2, popcnt, avx, avx2, aes, clmul, 3dnowpref, lzcnt, tsc, tscinvbit

/proc/cpuinfo:
processor	: 0
vendor_id	: GenuineIntel
cpu family	: 6
model		: 142
model name	: Intel(R) Core(TM) i7-8565U CPU @ 1.80GHz
stepping	: 12
cpu MHz		: 1991.997
cache size	: 8192 KB
physical id	: 0
siblings	: 4
core id		: 0
cpu cores	: 4
apicid		: 0
initial apicid	: 0
fpu		: yes
fpu_exception	: yes
cpuid level	: 22
wp		: yes
flags		: fpu vme de pse tsc msr pae mce cx8 apic sep mtrr pge mca cmov pat pse36 clflush mmx fxsr sse sse2 ht syscall nx rdtscp lm constant_tsc rep_good nopl xtopology nonstop_tsc cpuid tsc_known_freq pni pclmulqdq ssse3 cx16 pcid sse4_1 sse4_2 x2apic movbe popcnt aes xsave avx rdrand hypervisor lahf_lm abm 3dnowprefetch invpcid_single fsgsbase avx2 invpcid rdseed clflushopt md_clear flush_l1d arch_capabilities
bugs		: spectre_v1 spectre_v2 spec_store_bypass swapgs itlb_multihit srbds
bogomips	: 3983.99
clflush size	: 64
cache_alignment	: 64
address sizes	: 39 bits physical, 48 bits virtual
power management:

processor	: 1
vendor_id	: GenuineIntel
cpu family	: 6
model		: 142
model name	: Intel(R) Core(TM) i7-8565U CPU @ 1.80GHz
stepping	: 12
cpu MHz		: 1991.997
cache size	: 8192 KB
physical id	: 0
siblings	: 4
core id		: 1
cpu cores	: 4
apicid		: 1
initial apicid	: 1
fpu		: yes
fpu_exception	: yes
cpuid level	: 22
wp		: yes
flags		: fpu vme de pse tsc msr pae mce cx8 apic sep mtrr pge mca cmov pat pse36 clflush mmx fxsr sse sse2 ht syscall nx rdtscp lm constant_tsc rep_good nopl xtopology nonstop_tsc cpuid tsc_known_freq pni pclmulqdq ssse3 cx16 pcid sse4_1 sse4_2 x2apic movbe popcnt aes xsave avx rdrand hypervisor lahf_lm abm 3dnowprefetch invpcid_single fsgsbase avx2 invpcid rdseed clflushopt md_clear flush_l1d arch_capabilities
bugs		: spectre_v1 spectre_v2 spec_store_bypass swapgs itlb_multihit srbds
bogomips	: 3983.99
clflush size	: 64
cache_alignment	: 64
address sizes	: 39 bits physical, 48 bits virtual
power management:

processor	: 2
vendor_id	: GenuineIntel
cpu family	: 6
model		: 142
model name	: Intel(R) Core(TM) i7-8565U CPU @ 1.80GHz
stepping	: 12
cpu MHz		: 1991.997
cache size	: 8192 KB
physical id	: 0
siblings	: 4
core id		: 2
cpu cores	: 4
apicid		: 2
initial apicid	: 2
fpu		: yes
fpu_exception	: yes
cpuid level	: 22
wp		: yes
flags		: fpu vme de pse tsc msr pae mce cx8 apic sep mtrr pge mca cmov pat pse36 clflush mmx fxsr sse sse2 ht syscall nx rdtscp lm constant_tsc rep_good nopl xtopology nonstop_tsc cpuid tsc_known_freq pni pclmulqdq ssse3 cx16 pcid sse4_1 sse4_2 x2apic movbe popcnt aes xsave avx rdrand hypervisor lahf_lm abm 3dnowprefetch invpcid_single fsgsbase avx2 invpcid rdseed clflushopt md_clear flush_l1d arch_capabilities
bugs		: spectre_v1 spectre_v2 spec_store_bypass swapgs itlb_multihit srbds
bogomips	: 3983.99
clflush size	: 64
cache_alignment	: 64
address sizes	: 39 bits physical, 48 bits virtual
power management:

processor	: 3
vendor_id	: GenuineIntel
cpu family	: 6
model		: 142
model name	: Intel(R) Core(TM) i7-8565U CPU @ 1.80GHz
stepping	: 12
cpu MHz		: 1991.997
cache size	: 8192 KB
physical id	: 0
siblings	: 4
core id		: 3
cpu cores	: 4
apicid		: 3
initial apicid	: 3
fpu		: yes
fpu_exception	: yes
cpuid level	: 22
wp		: yes
flags		: fpu vme de pse tsc msr pae mce cx8 apic sep mtrr pge mca cmov pat pse36 clflush mmx fxsr sse sse2 ht syscall nx rdtscp lm constant_tsc rep_good nopl xtopology nonstop_tsc cpuid tsc_known_freq pni pclmulqdq ssse3 cx16 pcid sse4_1 sse4_2 x2apic movbe popcnt aes xsave avx rdrand hypervisor lahf_lm abm 3dnowprefetch invpcid_single fsgsbase avx2 invpcid rdseed clflushopt md_clear flush_l1d arch_capabilities
bugs		: spectre_v1 spectre_v2 spec_store_bypass swapgs itlb_multihit srbds
bogomips	: 3983.99
clflush size	: 64
cache_alignment	: 64
address sizes	: 39 bits physical, 48 bits virtual
power management:



Memory: 4k page, physical 4030228k(383180k free), swap 459260k(335868k free)

vm_info: OpenJDK 64-Bit Server VM (25.265-b01) for linux-amd64 JRE (1.8.0_265-8u265-b01-0ubuntu2~20.04-b01), built on Aug  3 2020 01:16:56 by "buildd" with gcc 9.3.0

time: Tue Sep  8 17:42:37 2020
timezone: CST
elapsed time: 2 seconds (0d 0h 0m 2s)

