#
# A fatal error has been detected by the Java Runtime Environment:
#
#  SIGSEGV (0xb) at pc=0x00000000004c4a2b, pid=4472, tid=0x00007f00f9acb740
#
# JRE version: OpenJDK Runtime Environment (8.0_265-b01) (build 1.8.0_265-8u265-b01-0ubuntu2~20.04-b01)
# Java VM: OpenJDK 64-Bit Server VM (25.265-b01 mixed mode linux-amd64 compressed oops)
# Problematic frame:
# C  [subgraph+0xc4a2b]  SIVertex::filter(std::vector<SIMessage, std::allocator<SIMessage> >&)+0x2d9
#
# Failed to write core dump. Core dumps have been disabled. To enable core dumping, try "ulimit -c unlimited" before starting Java again
#
# If you would like to submit a bug report, please visit:
#   http://bugreport.java.com/bugreport/crash.jsp
# The crash happened outside the Java Virtual Machine in native code.
# See problematic frame for where to report the bug.
#

---------------  T H R E A D  ---------------

Current thread (0x0000000002516800):  JavaThread "main" [_thread_in_native, id=4472, stack(0x00007ffe7da02000,0x00007ffe7db02000)]

siginfo: si_signo: 11 (SIGSEGV), si_code: 1 (SEGV_MAPERR), si_addr: 0x0000000000000008

Registers:
RAX=0x0000000000000008, RBX=0x0000000000564600, RCX=0x00000000206f7420, RDX=0x00007f00fa0343d0
RSP=0x00007ffe7dafd2e0, RBP=0x00007ffe7dafd480, RSI=0x00000000206f7420, RDI=0x00007ffe7dafd330
R8 =0x0000000000000004, R9 =0x00007ffe7dafd100, R10=0x0000000000000001, R11=0x0000000000000000
R12=0x0000000000000003, R13=0x00007ffe7dafda50, R14=0x0000000000000000, R15=0x0000000000000000
RIP=0x00000000004c4a2b, EFLAGS=0x0000000000010202, CSGSFS=0x002b000000000033, ERR=0x0000000000000004
  TRAPNO=0x000000000000000e

Top of Stack: (sp=0x00007ffe7dafd2e0)
0x00007ffe7dafd2e0:   00000000031e8b30 0000000003207090
0x00007ffe7dafd2f0:   00007f00fa1d05d2 0000000000564720
0x00007ffe7dafd300:   00007ffe7dafd670 00000000032070c0
0x00007ffe7dafd310:   00007ffe7dafd4e4 00007f00fa0abbc5
0x00007ffe7dafd320:   0000000000000002 0000000000000001
0x00007ffe7dafd330:   0000000000000000 00000000032070c0
0x00007ffe7dafd340:   0000000000000000 0000000003207118
0x00007ffe7dafd350:   0000000000000000 00000000032070c0
0x00007ffe7dafd360:   0000000000564720 0000000000563400
0x00007ffe7dafd370:   00000000031e81c0 00007ffe7dafd4e4
0x00007ffe7dafd380:   0000000000000000 0000000000000000
0x00007ffe7dafd390:   0000000000000000 00007f00fa1ca9c0
0x00007ffe7dafd3a0:   0000000000000000 0000000003207118
0x00007ffe7dafd3b0:   0000000000000000 0000000000000000
0x00007ffe7dafd3c0:   00007ffe00000005 0000000000000004
0x00007ffe7dafd3d0:   0000000000000000 0000000000000000
0x00007ffe7dafd3e0:   0000000000000000 00000001f9cbc00d
0x00007ffe7dafd3f0:   00000000031e8c00 00000000031e8c04
0x00007ffe7dafd400:   00000000031e8c04 0000000000000000
0x00007ffe7dafd410:   0000000000000000 0000000000000000
0x00007ffe7dafd420:   0000000000000000 0000000000000000
0x00007ffe7dafd430:   0000000000000000 0000000000000000
0x00007ffe7dafd440:   0000000000000000 0000000000000000
0x00007ffe7dafd450:   00007ffe7dafd4dc 41c9b4708048e400
0x00007ffe7dafd460:   0000000003207090 0000000000000003
0x00007ffe7dafd470:   00007ffe7dafda50 0000000000000000
0x00007ffe7dafd480:   00007ffe7dafd4f0 00000000004db6f9
0x00007ffe7dafd490:   00007ffe7dafd590 00007ffe7dafd570
0x00007ffe7dafd4a0:   0000000300000001 00007ffe7dafd6f0
0x00007ffe7dafd4b0:   0000000000564970 000000007dafd4f0
0x00007ffe7dafd4c0:   0000000000000000 00000000024ff530
0x00007ffe7dafd4d0:   00000000024ff598 00007ffe7dafd570 

Instructions: (pc=0x00000000004c4a2b)
0x00000000004c4a0b:   8d 35 5d 3b 06 00 48 89 c7 e8 17 ed fe ff 48 89
0x00000000004c4a1b:   c3 48 8d 85 b0 fe ff ff 48 89 c7 e8 d7 71 00 00
0x00000000004c4a2b:   8b 00 89 c6 48 89 df e8 59 f3 fe ff 48 8d 35 7e
0x00000000004c4a3b:   3b 06 00 48 89 c7 e8 ea ec fe ff 48 8d 35 71 3b 

Register to memory mapping:

RAX=0x0000000000000008 is an unknown value
RBX=0x0000000000564600: _ZSt4cout+0 in /home/yuejia/Documents/Pregel+/subgraph/Debug/subgraph at 0x0000000000400000
RCX=0x00000000206f7420 is an unknown value
RDX=0x00007f00fa0343d0: _ZTVSo+0x18 in /lib/x86_64-linux-gnu/libstdc++.so.6 at 0x00007f00f9e5c000
RSP=0x00007ffe7dafd2e0 is pointing into the stack for thread: 0x0000000002516800
RBP=0x00007ffe7dafd480 is pointing into the stack for thread: 0x0000000002516800
RSI=0x00000000206f7420 is an unknown value
RDI=0x00007ffe7dafd330 is pointing into the stack for thread: 0x0000000002516800
R8 =0x0000000000000004 is an unknown value
R9 =0x00007ffe7dafd100 is pointing into the stack for thread: 0x0000000002516800
R10=0x0000000000000001 is an unknown value
R11=0x0000000000000000 is an unknown value
R12=0x0000000000000003 is an unknown value
R13=0x00007ffe7dafda50 is pointing into the stack for thread: 0x0000000002516800
R14=0x0000000000000000 is an unknown value
R15=0x0000000000000000 is an unknown value


Stack: [0x00007ffe7da02000,0x00007ffe7db02000],  sp=0x00007ffe7dafd2e0,  free space=1004k
Native frames: (J=compiled Java code, j=interpreted, Vv=VM code, C=native code)
C  [subgraph+0xc4a2b]  SIVertex::filter(std::vector<SIMessage, std::allocator<SIMessage> >&)+0x2d9
C  [subgraph+0xdb6f9]  Worker<SIVertex, SIQuery, DummyAgg>::active_compute(int, WorkerParams, int)+0x1c7
C  [subgraph+0xce471]  Worker<SIVertex, SIQuery, DummyAgg>::run_type(int, WorkerParams const&)+0x2d9
C  [subgraph+0xba386]  pregel_subgraph(WorkerParams const&)+0x1cb
C  [subgraph+0xba885]  main+0x1b3
C  [libc.so.6+0x270b3]  __libc_start_main+0xf3


---------------  P R O C E S S  ---------------

Java Threads: ( => current thread )
  0x0000000003216800 JavaThread "org.apache.hadoop.hdfs.PeerCache@7b205dbd" daemon [_thread_blocked, id=4522, stack(0x00007f00db2c5000,0x00007f00db3c6000)]
  0x00000000030f6800 JavaThread "client DomainSocketWatcher" daemon [_thread_in_native, id=4514, stack(0x00007f00db6c7000,0x00007f00db7c8000)]
  0x0000000002e12000 JavaThread "org.apache.hadoop.fs.FileSystem$Statistics$StatisticsDataReferenceCleaner" daemon [_thread_blocked, id=4496, stack(0x00007f00e017a000,0x00007f00e027b000)]
  0x0000000002db4000 JavaThread "process reaper" daemon [_thread_blocked, id=4494, stack(0x00007f00e027b000,0x00007f00e02b4000)]
  0x00000000025cc000 JavaThread "Service Thread" daemon [_thread_blocked, id=4490, stack(0x00007f00e0aa9000,0x00007f00e0baa000)]
  0x00000000025c8800 JavaThread "C1 CompilerThread2" daemon [_thread_blocked, id=4489, stack(0x00007f00e0bab000,0x00007f00e0cab000)]
  0x00000000025c7000 JavaThread "C2 CompilerThread1" daemon [_thread_blocked, id=4488, stack(0x00007f00e0cac000,0x00007f00e0dac000)]
  0x00000000025c4000 JavaThread "C2 CompilerThread0" daemon [_thread_in_native, id=4487, stack(0x00007f00e0dad000,0x00007f00e0ead000)]
  0x00000000025c2800 JavaThread "Signal Dispatcher" daemon [_thread_blocked, id=4486, stack(0x00007f00e0ead000,0x00007f00e0fae000)]
  0x0000000002592000 JavaThread "Finalizer" daemon [_thread_blocked, id=4485, stack(0x00007f00e1d8c000,0x00007f00e1e8d000)]
  0x000000000258d800 JavaThread "Reference Handler" daemon [_thread_blocked, id=4484, stack(0x00007f00e1e8d000,0x00007f00e1f8e000)]
=>0x0000000002516800 JavaThread "main" [_thread_in_native, id=4472, stack(0x00007ffe7da02000,0x00007ffe7db02000)]

Other Threads:
  0x0000000002583800 VMThread [stack: 0x00007f00e1f8f000,0x00007f00e208f000] [id=4483]
  0x00000000025ce800 WatcherThread [stack: 0x00007f00e09a9000,0x00007f00e0aa9000] [id=4491]

VM state:not at safepoint (normal execution)

VM Mutex/Monitor currently owned by a thread: None

heap address: 0x00000000c2800000, size: 984 MB, Compressed Oops mode: 32-bit
Narrow klass base: 0x0000000000000000, Narrow klass shift: 3
Compressed class space size: 1073741824 Address: 0x0000000100000000

Heap:
 PSYoungGen      total 36352K, used 25266K [0x00000000eb800000, 0x00000000efe00000, 0x0000000100000000)
  eden space 31232K, 68% used [0x00000000eb800000,0x00000000ecce74f0,0x00000000ed680000)
  from space 5120K, 75% used [0x00000000ed680000,0x00000000eda456e0,0x00000000edb80000)
  to   space 4608K, 0% used [0x00000000ef980000,0x00000000ef980000,0x00000000efe00000)
 ParOldGen       total 42496K, used 6304K [0x00000000c2800000, 0x00000000c5180000, 0x00000000eb800000)
  object space 42496K, 14% used [0x00000000c2800000,0x00000000c2e28220,0x00000000c5180000)
 Metaspace       used 20427K, capacity 20636K, committed 20864K, reserved 1067008K
  class space    used 2287K, capacity 2340K, committed 2432K, reserved 1048576K

Card table byte_map: [0x00007f00e6154000,0x00007f00e6341000] byte_map_base: 0x00007f00e5b40000

Marking Bits: (ParMarkBitMap*) 0x00007f00faf23520
 Begin Bits: [0x00007f00e3d48000, 0x00007f00e4ca8000)
 End Bits:   [0x00007f00e4ca8000, 0x00007f00e5c08000)

Polling page: 0x00007f00fa03e000

CodeCache: size=245760Kb used=4306Kb max_used=4308Kb free=241453Kb
 bounds [0x00007f00e6701000, 0x00007f00e6b41000, 0x00007f00f5701000]
 total_blobs=1459 nmethods=1038 adapters=336
 compilation: enabled

Compilation events (10 events):
Event: 3.036 Thread 0x00000000025c8800 1038       3       com.google.protobuf.CodedInputStream::isAtEnd (25 bytes)
Event: 3.036 Thread 0x00000000025c8800 nmethod 1038 0x00007f00e6b36610 code [0x00007f00e6b36780, 0x00007f00e6b369a8]
Event: 3.036 Thread 0x00000000025c8800 1039       3       com.google.protobuf.LiteralByteString::size (6 bytes)
Event: 3.037 Thread 0x00000000025c8800 nmethod 1039 0x00007f00e6b36290 code [0x00007f00e6b36400, 0x00007f00e6b36550]
Event: 3.037 Thread 0x00000000025c8800 1040       1       java.util.Collections$EmptyIterator::hasNext (2 bytes)
Event: 3.037 Thread 0x00000000025c8800 nmethod 1040 0x00007f00e6b35fd0 code [0x00007f00e6b36120, 0x00007f00e6b36230]
Event: 3.037 Thread 0x00000000025c8800 1041       1       java.net.InetAddress::holder (5 bytes)
Event: 3.037 Thread 0x00000000025c8800 nmethod 1041 0x00007f00e6b35d10 code [0x00007f00e6b35e60, 0x00007f00e6b35f70]
Event: 3.042 Thread 0x00000000025c8800 1042       3       com.google.protobuf.CodedOutputStream::computeRawVarint32Size (39 bytes)
Event: 3.043 Thread 0x00000000025c8800 nmethod 1042 0x00007f00e6b35890 code [0x00007f00e6b35a00, 0x00007f00e6b35c90]

GC Heap History (10 events):
Event: 1.478 GC heap before
{Heap before GC invocations=3 (full 0):
 PSYoungGen      total 18432K, used 18416K [0x00000000eb800000, 0x00000000ecc80000, 0x0000000100000000)
  eden space 15872K, 100% used [0x00000000eb800000,0x00000000ec780000,0x00000000ec780000)
  from space 2560K, 99% used [0x00000000eca00000,0x00000000ecc7c180,0x00000000ecc80000)
  to   space 2560K, 0% used [0x00000000ec780000,0x00000000ec780000,0x00000000eca00000)
 ParOldGen       total 42496K, used 1159K [0x00000000c2800000, 0x00000000c5180000, 0x00000000eb800000)
  object space 42496K, 2% used [0x00000000c2800000,0x00000000c2921da0,0x00000000c5180000)
 Metaspace       used 10851K, capacity 11066K, committed 11392K, reserved 1058816K
  class space    used 1201K, capacity 1283K, committed 1408K, reserved 1048576K
Event: 1.482 GC heap after
Heap after GC invocations=3 (full 0):
 PSYoungGen      total 18432K, used 2538K [0x00000000eb800000, 0x00000000ecc80000, 0x0000000100000000)
  eden space 15872K, 0% used [0x00000000eb800000,0x00000000eb800000,0x00000000ec780000)
  from space 2560K, 99% used [0x00000000ec780000,0x00000000ec9fa9c8,0x00000000eca00000)
  to   space 2560K, 0% used [0x00000000eca00000,0x00000000eca00000,0x00000000ecc80000)
 ParOldGen       total 42496K, used 2072K [0x00000000c2800000, 0x00000000c5180000, 0x00000000eb800000)
  object space 42496K, 4% used [0x00000000c2800000,0x00000000c2a061b0,0x00000000c5180000)
 Metaspace       used 10851K, capacity 11066K, committed 11392K, reserved 1058816K
  class space    used 1201K, capacity 1283K, committed 1408K, reserved 1048576K
}
Event: 1.684 GC heap before
{Heap before GC invocations=4 (full 0):
 PSYoungGen      total 18432K, used 18410K [0x00000000eb800000, 0x00000000ecc80000, 0x0000000100000000)
  eden space 15872K, 100% used [0x00000000eb800000,0x00000000ec780000,0x00000000ec780000)
  from space 2560K, 99% used [0x00000000ec780000,0x00000000ec9fa9c8,0x00000000eca00000)
  to   space 2560K, 0% used [0x00000000eca00000,0x00000000eca00000,0x00000000ecc80000)
 ParOldGen       total 42496K, used 2072K [0x00000000c2800000, 0x00000000c5180000, 0x00000000eb800000)
  object space 42496K, 4% used [0x00000000c2800000,0x00000000c2a061b0,0x00000000c5180000)
 Metaspace       used 13106K, capacity 13306K, committed 13696K, reserved 1060864K
  class space    used 1475K, capacity 1539K, committed 1664K, reserved 1048576K
Event: 1.688 GC heap after
Heap after GC invocations=4 (full 0):
 PSYoungGen      total 18432K, used 2544K [0x00000000eb800000, 0x00000000edc00000, 0x0000000100000000)
  eden space 15872K, 0% used [0x00000000eb800000,0x00000000eb800000,0x00000000ec780000)
  from space 2560K, 99% used [0x00000000eca00000,0x00000000ecc7c010,0x00000000ecc80000)
  to   space 2560K, 0% used [0x00000000ec780000,0x00000000ec780000,0x00000000eca00000)
 ParOldGen       total 42496K, used 3524K [0x00000000c2800000, 0x00000000c5180000, 0x00000000eb800000)
  object space 42496K, 8% used [0x00000000c2800000,0x00000000c2b712e0,0x00000000c5180000)
 Metaspace       used 13106K, capacity 13306K, committed 13696K, reserved 1060864K
  class space    used 1475K, capacity 1539K, committed 1664K, reserved 1048576K
}
Event: 1.814 GC heap before
{Heap before GC invocations=5 (full 0):
 PSYoungGen      total 18432K, used 18416K [0x00000000eb800000, 0x00000000edc00000, 0x0000000100000000)
  eden space 15872K, 100% used [0x00000000eb800000,0x00000000ec780000,0x00000000ec780000)
  from space 2560K, 99% used [0x00000000eca00000,0x00000000ecc7c010,0x00000000ecc80000)
  to   space 2560K, 0% used [0x00000000ec780000,0x00000000ec780000,0x00000000eca00000)
 ParOldGen       total 42496K, used 3524K [0x00000000c2800000, 0x00000000c5180000, 0x00000000eb800000)
  object space 42496K, 8% used [0x00000000c2800000,0x00000000c2b712e0,0x00000000c5180000)
 Metaspace       used 14386K, capacity 14586K, committed 14848K, reserved 1062912K
  class space    used 1604K, capacity 1667K, committed 1792K, reserved 1048576K
Event: 1.818 GC heap after
Heap after GC invocations=5 (full 0):
 PSYoungGen      total 18432K, used 2544K [0x00000000eb800000, 0x00000000ee000000, 0x0000000100000000)
  eden space 15872K, 0% used [0x00000000eb800000,0x00000000eb800000,0x00000000ec780000)
  from space 2560K, 99% used [0x00000000ec780000,0x00000000ec9fc010,0x00000000eca00000)
  to   space 4608K, 0% used [0x00000000edb80000,0x00000000edb80000,0x00000000ee000000)
 ParOldGen       total 42496K, used 4886K [0x00000000c2800000, 0x00000000c5180000, 0x00000000eb800000)
  object space 42496K, 11% used [0x00000000c2800000,0x00000000c2cc5bc8,0x00000000c5180000)
 Metaspace       used 14386K, capacity 14586K, committed 14848K, reserved 1062912K
  class space    used 1604K, capacity 1667K, committed 1792K, reserved 1048576K
}
Event: 1.961 GC heap before
{Heap before GC invocations=6 (full 0):
 PSYoungGen      total 18432K, used 18416K [0x00000000eb800000, 0x00000000ee000000, 0x0000000100000000)
  eden space 15872K, 100% used [0x00000000eb800000,0x00000000ec780000,0x00000000ec780000)
  from space 2560K, 99% used [0x00000000ec780000,0x00000000ec9fc010,0x00000000eca00000)
  to   space 4608K, 0% used [0x00000000edb80000,0x00000000edb80000,0x00000000ee000000)
 ParOldGen       total 42496K, used 4886K [0x00000000c2800000, 0x00000000c5180000, 0x00000000eb800000)
  object space 42496K, 11% used [0x00000000c2800000,0x00000000c2cc5bc8,0x00000000c5180000)
 Metaspace       used 15701K, capacity 15866K, committed 16256K, reserved 1062912K
  class space    used 1728K, capacity 1795K, committed 1920K, reserved 1048576K
Event: 1.965 GC heap after
Heap after GC invocations=6 (full 0):
 PSYoungGen      total 35840K, used 4155K [0x00000000eb800000, 0x00000000ee100000, 0x0000000100000000)
  eden space 31232K, 0% used [0x00000000eb800000,0x00000000eb800000,0x00000000ed680000)
  from space 4608K, 90% used [0x00000000edb80000,0x00000000edf8ee58,0x00000000ee000000)
  to   space 5120K, 0% used [0x00000000ed680000,0x00000000ed680000,0x00000000edb80000)
 ParOldGen       total 42496K, used 4894K [0x00000000c2800000, 0x00000000c5180000, 0x00000000eb800000)
  object space 42496K, 11% used [0x00000000c2800000,0x00000000c2cc7bc8,0x00000000c5180000)
 Metaspace       used 15701K, capacity 15866K, committed 16256K, reserved 1062912K
  class space    used 1728K, capacity 1795K, committed 1920K, reserved 1048576K
}
Event: 2.371 GC heap before
{Heap before GC invocations=7 (full 0):
 PSYoungGen      total 35840K, used 35387K [0x00000000eb800000, 0x00000000ee100000, 0x0000000100000000)
  eden space 31232K, 100% used [0x00000000eb800000,0x00000000ed680000,0x00000000ed680000)
  from space 4608K, 90% used [0x00000000edb80000,0x00000000edf8ee58,0x00000000ee000000)
  to   space 5120K, 0% used [0x00000000ed680000,0x00000000ed680000,0x00000000edb80000)
 ParOldGen       total 42496K, used 4894K [0x00000000c2800000, 0x00000000c5180000, 0x00000000eb800000)
  object space 42496K, 11% used [0x00000000c2800000,0x00000000c2cc7bc8,0x00000000c5180000)
 Metaspace       used 18686K, capacity 18876K, committed 19200K, reserved 1067008K
  class space    used 2119K, capacity 2180K, committed 2304K, reserved 1048576K
Event: 2.397 GC heap after
Heap after GC invocations=7 (full 0):
 PSYoungGen      total 36352K, used 3861K [0x00000000eb800000, 0x00000000efe00000, 0x0000000100000000)
  eden space 31232K, 0% used [0x00000000eb800000,0x00000000eb800000,0x00000000ed680000)
  from space 5120K, 75% used [0x00000000ed680000,0x00000000eda456e0,0x00000000edb80000)
  to   space 4608K, 0% used [0x00000000ef980000,0x00000000ef980000,0x00000000efe00000)
 ParOldGen       total 42496K, used 6304K [0x00000000c2800000, 0x00000000c5180000, 0x00000000eb800000)
  object space 42496K, 14% used [0x00000000c2800000,0x00000000c2e28220,0x00000000c5180000)
 Metaspace       used 18686K, capacity 18876K, committed 19200K, reserved 1067008K
  class space    used 2119K, capacity 2180K, committed 2304K, reserved 1048576K
}

Deoptimization events (10 events):
Event: 2.308 Thread 0x0000000002516800 Uncommon trap: reason=class_check action=maybe_recompile pc=0x00007f00e6a9a514 method=java.io.DataOutputStream.write(I)V @ 5
Event: 2.308 Thread 0x0000000002516800 Uncommon trap: reason=class_check action=maybe_recompile pc=0x00007f00e6a9a514 method=java.io.DataOutputStream.write(I)V @ 5
Event: 2.488 Thread 0x0000000002516800 Uncommon trap: reason=class_check action=maybe_recompile pc=0x00007f00e6a9a514 method=java.io.DataOutputStream.write(I)V @ 5
Event: 2.512 Thread 0x0000000002516800 Uncommon trap: reason=predicate action=maybe_recompile pc=0x00007f00e6a9d14c method=java.util.LinkedList.toArray([Ljava/lang/Object;)[Ljava/lang/Object; @ 45
Event: 2.515 Thread 0x0000000002516800 Uncommon trap: reason=array_check action=maybe_recompile pc=0x00007f00e6a9cd10 method=java.util.LinkedList.toArray([Ljava/lang/Object;)[Ljava/lang/Object; @ 55
Event: 2.515 Thread 0x0000000002516800 Uncommon trap: reason=array_check action=maybe_recompile pc=0x00007f00e6a9cd10 method=java.util.LinkedList.toArray([Ljava/lang/Object;)[Ljava/lang/Object; @ 55
Event: 2.515 Thread 0x0000000002516800 Uncommon trap: reason=array_check action=maybe_recompile pc=0x00007f00e6a9cd10 method=java.util.LinkedList.toArray([Ljava/lang/Object;)[Ljava/lang/Object; @ 55
Event: 2.515 Thread 0x0000000002516800 Uncommon trap: reason=array_check action=maybe_recompile pc=0x00007f00e6a9cd10 method=java.util.LinkedList.toArray([Ljava/lang/Object;)[Ljava/lang/Object; @ 55
Event: 2.734 Thread 0x0000000002516800 Uncommon trap: reason=bimorphic action=maybe_recompile pc=0x00007f00e6aaac1c method=java.io.DataOutputStream.writeShort(I)V @ 12
Event: 3.037 Thread 0x0000000002516800 Uncommon trap: reason=bimorphic action=maybe_recompile pc=0x00007f00e6aaac1c method=java.io.DataOutputStream.writeShort(I)V @ 12

Classes redefined (0 events):
No events

Internal exceptions (10 events):
Event: 1.359 Thread 0x0000000002516800 Exception <a 'java/lang/NoSuchFieldError': method resolution failed> (0x00000000ec4e8680) thrown at [/build/openjdk-8-ncNGZp/openjdk-8-8u265-b01/src/hotspot/src/share/vm/prims/methodHandles.cpp, line 1169]
Event: 1.458 Thread 0x0000000002516800 Exception <a 'java/io/FileNotFoundException'> (0x00000000ec67f7e0) thrown at [/build/openjdk-8-ncNGZp/openjdk-8-8u265-b01/src/hotspot/src/share/vm/prims/jni.cpp, line 711]
Event: 1.458 Thread 0x0000000002516800 Exception <a 'java/security/PrivilegedActionException'> (0x00000000ec67fc48) thrown at [/build/openjdk-8-ncNGZp/openjdk-8-8u265-b01/src/hotspot/src/share/vm/prims/jvm.cpp, line 1510]
Event: 1.459 Thread 0x0000000002516800 Exception <a 'java/lang/reflect/InvocationTargetException'> (0x00000000ec681d90) thrown at [/build/openjdk-8-ncNGZp/openjdk-8-8u265-b01/src/hotspot/src/share/vm/runtime/reflection.cpp, line 1090]
Event: 2.430 Thread 0x0000000003137000 Exception <a 'java/lang/InterruptedException'> (0x00000000eb930ca0) thrown at [/build/openjdk-8-ncNGZp/openjdk-8-8u265-b01/src/hotspot/src/share/vm/runtime/objectMonitor.cpp, line 1692]
Event: 2.503 Thread 0x0000000003161000 Exception <a 'java/lang/InterruptedException'> (0x00000000ebac0718) thrown at [/build/openjdk-8-ncNGZp/openjdk-8-8u265-b01/src/hotspot/src/share/vm/runtime/objectMonitor.cpp, line 1692]
Event: 2.777 Thread 0x000000000316f800 Exception <a 'java/lang/InterruptedException'> (0x00000000ebcf4fc0) thrown at [/build/openjdk-8-ncNGZp/openjdk-8-8u265-b01/src/hotspot/src/share/vm/runtime/objectMonitor.cpp, line 1692]
Event: 2.898 Thread 0x0000000003170000 Exception <a 'java/lang/InterruptedException'> (0x00000000ec9e4058) thrown at [/build/openjdk-8-ncNGZp/openjdk-8-8u265-b01/src/hotspot/src/share/vm/runtime/objectMonitor.cpp, line 1692]
Event: 2.978 Thread 0x0000000003170000 Exception <a 'java/lang/InterruptedException'> (0x00000000ecb7df50) thrown at [/build/openjdk-8-ncNGZp/openjdk-8-8u265-b01/src/hotspot/src/share/vm/runtime/objectMonitor.cpp, line 1692]
Event: 3.039 Thread 0x0000000003170000 Exception <a 'java/lang/InterruptedException'> (0x00000000ecc7f968) thrown at [/build/openjdk-8-ncNGZp/openjdk-8-8u265-b01/src/hotspot/src/share/vm/runtime/objectMonitor.cpp, line 1692]

Events (10 events):
Event: 2.968 Thread 0x000000000320f800 Thread added: 0x000000000320f800
Event: 2.978 Thread 0x0000000003170000 Thread exited: 0x0000000003170000
Event: 2.988 Thread 0x000000000320f800 Thread exited: 0x000000000320f800
Event: 3.024 Thread 0x0000000003170000 Thread added: 0x0000000003170000
Event: 3.032 Thread 0x000000000320f800 Thread added: 0x000000000320f800
Event: 3.037 Thread 0x0000000002516800 Uncommon trap: trap_request=0xffffffc6 fr.pc=0x00007f00e6aaac1c
Event: 3.037 Thread 0x0000000002516800 DEOPT PACKING pc=0x00007f00e6aaac1c sp=0x00007ffe7daec730
Event: 3.037 Thread 0x0000000002516800 DEOPT UNPACKING pc=0x00007f00e674647a sp=0x00007ffe7daec760 mode 2
Event: 3.039 Thread 0x0000000003170000 Thread exited: 0x0000000003170000
Event: 3.049 Thread 0x000000000320f800 Thread exited: 0x000000000320f800


Dynamic libraries:
00400000-004b3000 r--p 00000000 08:05 803621                             /home/yuejia/Documents/Pregel+/subgraph/Debug/subgraph
004b3000-00528000 r-xp 000b3000 08:05 803621                             /home/yuejia/Documents/Pregel+/subgraph/Debug/subgraph
00528000-00560000 r--p 00128000 08:05 803621                             /home/yuejia/Documents/Pregel+/subgraph/Debug/subgraph
00560000-00562000 r--p 0015f000 08:05 803621                             /home/yuejia/Documents/Pregel+/subgraph/Debug/subgraph
00562000-00563000 rw-p 00161000 08:05 803621                             /home/yuejia/Documents/Pregel+/subgraph/Debug/subgraph
00563000-00565000 rw-p 00000000 00:00 0 
02454000-03230000 rw-p 00000000 00:00 0                                  [heap]
c2800000-c5180000 rw-p 00000000 00:00 0 
c5180000-eb800000 ---p 00000000 00:00 0 
eb800000-efe00000 rw-p 00000000 00:00 0 
efe00000-100000000 ---p 00000000 00:00 0 
100000000-100260000 rw-p 00000000 00:00 0 
100260000-140000000 ---p 00000000 00:00 0 
7f008c000000-7f008c021000 rw-p 00000000 00:00 0 
7f008c021000-7f0090000000 ---p 00000000 00:00 0 
7f0090000000-7f0090021000 rw-p 00000000 00:00 0 
7f0090021000-7f0094000000 ---p 00000000 00:00 0 
7f0094000000-7f0094021000 rw-p 00000000 00:00 0 
7f0094021000-7f0098000000 ---p 00000000 00:00 0 
7f0098000000-7f0098026000 rw-p 00000000 00:00 0 
7f0098026000-7f009c000000 ---p 00000000 00:00 0 
7f009c000000-7f009c021000 rw-p 00000000 00:00 0 
7f009c021000-7f00a0000000 ---p 00000000 00:00 0 
7f00a0000000-7f00a0021000 rw-p 00000000 00:00 0 
7f00a0021000-7f00a4000000 ---p 00000000 00:00 0 
7f00a4000000-7f00a4021000 rw-p 00000000 00:00 0 
7f00a4021000-7f00a8000000 ---p 00000000 00:00 0 
7f00a8000000-7f00a8021000 rw-p 00000000 00:00 0 
7f00a8021000-7f00ac000000 ---p 00000000 00:00 0 
7f00ac000000-7f00ac367000 rw-p 00000000 00:00 0 
7f00ac367000-7f00b0000000 ---p 00000000 00:00 0 
7f00b0000000-7f00b04c0000 rw-p 00000000 00:00 0 
7f00b04c0000-7f00b4000000 ---p 00000000 00:00 0 
7f00b4000000-7f00b4021000 rw-p 00000000 00:00 0 
7f00b4021000-7f00b8000000 ---p 00000000 00:00 0 
7f00b8000000-7f00b8f03000 rw-p 00000000 00:00 0 
7f00b8f03000-7f00bc000000 ---p 00000000 00:00 0 
7f00bc000000-7f00bc021000 rw-p 00000000 00:00 0 
7f00bc021000-7f00c0000000 ---p 00000000 00:00 0 
7f00c0000000-7f00c0021000 rw-p 00000000 00:00 0 
7f00c0021000-7f00c4000000 ---p 00000000 00:00 0 
7f00c4000000-7f00c4021000 rw-p 00000000 00:00 0 
7f00c4021000-7f00c8000000 ---p 00000000 00:00 0 
7f00c8000000-7f00c8021000 rw-p 00000000 00:00 0 
7f00c8021000-7f00cc000000 ---p 00000000 00:00 0 
7f00cc000000-7f00cc021000 rw-p 00000000 00:00 0 
7f00cc021000-7f00d0000000 ---p 00000000 00:00 0 
7f00d4000000-7f00d4021000 rw-p 00000000 00:00 0 
7f00d4021000-7f00d8000000 ---p 00000000 00:00 0 
7f00db0d0000-7f00db2c5000 rw-p 00000000 00:00 0 
7f00db2c5000-7f00db2c8000 ---p 00000000 00:00 0 
7f00db2c8000-7f00db3c6000 rw-p 00000000 00:00 0 
7f00db3c6000-7f00db3c9000 ---p 00000000 00:00 0 
7f00db3c9000-7f00db6c7000 rw-p 00000000 00:00 0 
7f00db6c7000-7f00db6ca000 ---p 00000000 00:00 0 
7f00db6ca000-7f00db9c8000 rw-p 00000000 00:00 0 
7f00db9c8000-7f00dbbc8000 rw-p 00000000 00:00 0 
7f00dbbc8000-7f00dbdc8000 rw-p 00000000 00:00 0 
7f00dbdc8000-7f00dbdeb000 r-xp 00000000 08:05 292203                     /usr/local/hadoop-2.10.0/lib/native/libhadoop.so.1.0.0
7f00dbdeb000-7f00dbfea000 ---p 00023000 08:05 292203                     /usr/local/hadoop-2.10.0/lib/native/libhadoop.so.1.0.0
7f00dbfea000-7f00dbfeb000 r--p 00022000 08:05 292203                     /usr/local/hadoop-2.10.0/lib/native/libhadoop.so.1.0.0
7f00dbfeb000-7f00dbfec000 rw-p 00023000 08:05 292203                     /usr/local/hadoop-2.10.0/lib/native/libhadoop.so.1.0.0
7f00dbfec000-7f00dc000000 rw-p 00000000 00:00 0 
7f00dc000000-7f00dc021000 rw-p 00000000 00:00 0 
7f00dc021000-7f00e0000000 ---p 00000000 00:00 0 
7f00e006d000-7f00e0070000 ---p 00000000 00:00 0 
7f00e0070000-7f00e016e000 rw-p 00000000 00:00 0 
7f00e016e000-7f00e0170000 r--s 00016000 08:05 577                        /usr/lib/jvm/java-8-openjdk-amd64/jre/lib/jce.jar
7f00e0170000-7f00e0175000 r--s 000a7000 08:05 579                        /usr/lib/jvm/java-8-openjdk-amd64/jre/lib/jsse.jar
7f00e0175000-7f00e0176000 r--p 00000000 08:05 527                        /usr/lib/jvm/java-8-openjdk-amd64/jre/lib/amd64/libjaas_unix.so
7f00e0176000-7f00e0177000 r-xp 00001000 08:05 527                        /usr/lib/jvm/java-8-openjdk-amd64/jre/lib/amd64/libjaas_unix.so
7f00e0177000-7f00e0178000 r--p 00002000 08:05 527                        /usr/lib/jvm/java-8-openjdk-amd64/jre/lib/amd64/libjaas_unix.so
7f00e0178000-7f00e0179000 r--p 00002000 08:05 527                        /usr/lib/jvm/java-8-openjdk-amd64/jre/lib/amd64/libjaas_unix.so
7f00e0179000-7f00e017a000 rw-p 00003000 08:05 527                        /usr/lib/jvm/java-8-openjdk-amd64/jre/lib/amd64/libjaas_unix.so
7f00e017a000-7f00e017d000 ---p 00000000 00:00 0 
7f00e017d000-7f00e027b000 rw-p 00000000 00:00 0 
7f00e027b000-7f00e027e000 ---p 00000000 00:00 0 
7f00e027e000-7f00e04b4000 rw-p 00000000 00:00 0 
7f00e04b4000-7f00e04b8000 r--p 00000000 08:05 537                        /usr/lib/jvm/java-8-openjdk-amd64/jre/lib/amd64/libmanagement.so
7f00e04b8000-7f00e04bc000 r-xp 00004000 08:05 537                        /usr/lib/jvm/java-8-openjdk-amd64/jre/lib/amd64/libmanagement.so
7f00e04bc000-7f00e04be000 r--p 00008000 08:05 537                        /usr/lib/jvm/java-8-openjdk-amd64/jre/lib/amd64/libmanagement.so
7f00e04be000-7f00e04bf000 r--p 00009000 08:05 537                        /usr/lib/jvm/java-8-openjdk-amd64/jre/lib/amd64/libmanagement.so
7f00e04bf000-7f00e04c0000 rw-p 0000a000 08:05 537                        /usr/lib/jvm/java-8-openjdk-amd64/jre/lib/amd64/libmanagement.so
7f00e04c0000-7f00e04c5000 r--s 0003e000 08:05 330697                     /usr/local/hadoop-2.10.0/share/hadoop/hdfs/hadoop-hdfs-rbf-2.10.0-tests.jar
7f00e04c5000-7f00e04d5000 r--s 000d5000 08:05 330695                     /usr/local/hadoop-2.10.0/share/hadoop/hdfs/hadoop-hdfs-rbf-2.10.0.jar
7f00e04d5000-7f00e04d7000 r--s 0001f000 08:05 330696                     /usr/local/hadoop-2.10.0/share/hadoop/hdfs/hadoop-hdfs-nfs-2.10.0.jar
7f00e04d7000-7f00e04d8000 r--s 00007000 08:05 330698                     /usr/local/hadoop-2.10.0/share/hadoop/hdfs/hadoop-hdfs-native-client-2.10.0-tests.jar
7f00e04d8000-7f00e04d9000 r--s 00007000 08:05 330694                     /usr/local/hadoop-2.10.0/share/hadoop/hdfs/hadoop-hdfs-native-client-2.10.0.jar
7f00e04d9000-7f00e04dc000 r--s 0001d000 08:05 330632                     /usr/local/hadoop-2.10.0/share/hadoop/hdfs/hadoop-hdfs-client-2.10.0-tests.jar
7f00e04dc000-7f00e0517000 r--s 003cf000 08:05 330641                     /usr/local/hadoop-2.10.0/share/hadoop/hdfs/hadoop-hdfs-client-2.10.0.jar
7f00e0517000-7f00e0545000 r--s 00403000 08:05 330691                     /usr/local/hadoop-2.10.0/share/hadoop/hdfs/hadoop-hdfs-2.10.0-tests.jar
7f00e0545000-7f00e0585000 r--s 004b1000 08:05 330692                     /usr/local/hadoop-2.10.0/share/hadoop/hdfs/hadoop-hdfs-2.10.0.jar
7f00e0585000-7f00e058a000 r--s 0002a000 08:05 330928                     /usr/local/hadoop-2.10.0/share/hadoop/common/hadoop-nfs-2.10.0.jar
7f00e058a000-7f00e05b3000 r--s 00262000 08:05 330838                     /usr/local/hadoop-2.10.0/share/hadoop/common/hadoop-common-2.10.0-tests.jar
7f00e05b3000-7f00e05e4000 rw-p 00000000 00:00 0 
7f00e05e4000-7f00e05e8000 r--p 00000000 08:05 539                        /usr/lib/jvm/java-8-openjdk-amd64/jre/lib/amd64/libnet.so
7f00e05e8000-7f00e05f9000 r-xp 00004000 08:05 539                        /usr/lib/jvm/java-8-openjdk-amd64/jre/lib/amd64/libnet.so
7f00e05f9000-7f00e05fd000 r--p 00015000 08:05 539                        /usr/lib/jvm/java-8-openjdk-amd64/jre/lib/amd64/libnet.so
7f00e05fd000-7f00e05fe000 r--p 00018000 08:05 539                        /usr/lib/jvm/java-8-openjdk-amd64/jre/lib/amd64/libnet.so
7f00e05fe000-7f00e05ff000 rw-p 00019000 08:05 539                        /usr/lib/jvm/java-8-openjdk-amd64/jre/lib/amd64/libnet.so
7f00e05ff000-7f00e0606000 r--p 00000000 08:05 540                        /usr/lib/jvm/java-8-openjdk-amd64/jre/lib/amd64/libnio.so
7f00e0606000-7f00e060f000 r-xp 00007000 08:05 540                        /usr/lib/jvm/java-8-openjdk-amd64/jre/lib/amd64/libnio.so
7f00e060f000-7f00e0612000 r--p 00010000 08:05 540                        /usr/lib/jvm/java-8-openjdk-amd64/jre/lib/amd64/libnio.so
7f00e0612000-7f00e0613000 r--p 00012000 08:05 540                        /usr/lib/jvm/java-8-openjdk-amd64/jre/lib/amd64/libnio.so
7f00e0613000-7f00e0614000 rw-p 00013000 08:05 540                        /usr/lib/jvm/java-8-openjdk-amd64/jre/lib/amd64/libnio.so
7f00e0614000-7f00e0651000 r--s 0038d000 08:05 330857                     /usr/local/hadoop-2.10.0/share/hadoop/common/hadoop-common-2.10.0.jar
7f00e0651000-7f00e0652000 r--s 00003000 08:05 330607                     /usr/local/hadoop-2.10.0/share/hadoop/hdfs/lib/xmlenc-0.52.jar
7f00e0652000-7f00e065b000 r--s 0002d000 08:05 330608                     /usr/local/hadoop-2.10.0/share/hadoop/hdfs/lib/xml-apis-1.4.01.jar
7f00e065b000-7f00e0674000 r--s 0013a000 08:05 330603                     /usr/local/hadoop-2.10.0/share/hadoop/hdfs/lib/xercesImpl-2.12.0.jar
7f00e0674000-7f00e0676000 r--s 00018000 08:05 330610                     /usr/local/hadoop-2.10.0/share/hadoop/hdfs/lib/servlet-api-2.5.jar
7f00e0676000-7f00e067e000 r--s 0007b000 08:05 330622                     /usr/local/hadoop-2.10.0/share/hadoop/hdfs/lib/protobuf-java-2.5.0.jar
7f00e067e000-7f00e0680000 r--s 0000f000 08:05 330606                     /usr/local/hadoop-2.10.0/share/hadoop/hdfs/lib/okio-1.6.0.jar
7f00e0680000-7f00e0685000 r--s 0004c000 08:05 330609                     /usr/local/hadoop-2.10.0/share/hadoop/hdfs/lib/okhttp-2.7.5.jar
7f00e0685000-7f00e06a2000 r--s 00196000 08:05 330625                     /usr/local/hadoop-2.10.0/share/hadoop/hdfs/lib/netty-all-4.0.23.Final.jar
7f00e06a2000-7f00e06bb000 r--s 00123000 08:05 330605                     /usr/local/hadoop-2.10.0/share/hadoop/hdfs/lib/netty-3.10.6.Final.jar
7f00e06bb000-7f00e06c4000 r--s 0006f000 08:05 330623                     /usr/local/hadoop-2.10.0/share/hadoop/hdfs/lib/log4j-1.2.17.jar
7f00e06c4000-7f00e06c7000 r--s 000fd000 08:05 330630                     /usr/local/hadoop-2.10.0/share/hadoop/hdfs/lib/leveldbjni-all-1.8.jar
7f00e06c7000-7f00e06ca000 r--s 00006000 08:05 330619                     /usr/local/hadoop-2.10.0/share/hadoop/hdfs/lib/jsr305-3.0.0.jar
7f00e06ca000-7f00e06ce000 r--s 00028000 08:05 330627                     /usr/local/hadoop-2.10.0/share/hadoop/hdfs/lib/jetty-util-6.1.26.jar
7f00e06ce000-7f00e06d5000 r--s 0007d000 08:05 330602                     /usr/local/hadoop-2.10.0/share/hadoop/hdfs/lib/jetty-6.1.26.jar
7f00e06d5000-7f00e06e7000 r--s 0009d000 08:05 330614                     /usr/local/hadoop-2.10.0/share/hadoop/hdfs/lib/jersey-server-1.9.jar
7f00e06e7000-7f00e06f1000 r--s 00066000 08:05 330601                     /usr/local/hadoop-2.10.0/share/hadoop/hdfs/lib/jersey-core-1.9.jar
7f00e06f1000-7f00e06ff000 r--s 000b1000 08:05 330616                     /usr/local/hadoop-2.10.0/share/hadoop/hdfs/lib/jackson-mapper-asl-1.9.13.jar
7f00e06ff000-7f00e0710000 r--s 00116000 08:05 330628                     /usr/local/hadoop-2.10.0/share/hadoop/hdfs/lib/jackson-databind-2.7.8.jar
7f00e0710000-7f00e0714000 r--s 00035000 08:05 330631                     /usr/local/hadoop-2.10.0/share/hadoop/hdfs/lib/jackson-core-asl-1.9.13.jar
7f00e0714000-7f00e0717000 r--s 0003b000 08:05 330620                     /usr/local/hadoop-2.10.0/share/hadoop/hdfs/lib/jackson-core-2.7.8.jar
7f00e0717000-7f00e071a000 r--s 0000a000 08:05 330615                     /usr/local/hadoop-2.10.0/share/hadoop/hdfs/lib/jackson-annotations-2.7.8.jar
7f00e071a000-7f00e0734000 r--s 00155000 08:05 330629                     /usr/local/hadoop-2.10.0/share/hadoop/hdfs/lib/htrace-core4-4.1.0-incubating.jar
7f00e0734000-7f00e076f000 r--s 003cf000 08:05 330618                     /usr/local/hadoop-2.10.0/share/hadoop/hdfs/lib/hadoop-hdfs-client-2.10.0.jar
7f00e076f000-7f00e0790000 r--s 00172000 08:05 330612                     /usr/local/hadoop-2.10.0/share/hadoop/hdfs/lib/guava-11.0.2.jar
7f00e0790000-7f00e0792000 r--s 0000e000 08:05 330626                     /usr/local/hadoop-2.10.0/share/hadoop/hdfs/lib/commons-logging-1.1.3.jar
7f00e0792000-7f00e0797000 r--s 00041000 08:05 330613                     /usr/local/hadoop-2.10.0/share/hadoop/hdfs/lib/commons-lang-2.6.jar
7f00e0797000-7f00e079b000 r--s 0002a000 08:05 330604                     /usr/local/hadoop-2.10.0/share/hadoop/hdfs/lib/commons-io-2.4.jar
7f00e079b000-7f00e079c000 r--s 00005000 08:05 330617                     /usr/local/hadoop-2.10.0/share/hadoop/hdfs/lib/commons-daemon-1.0.13.jar
7f00e079c000-7f00e079e000 r--s 0000d000 08:05 330624                     /usr/local/hadoop-2.10.0/share/hadoop/hdfs/lib/commons-codec-1.4.jar
7f00e079e000-7f00e07a0000 r--s 00009000 08:05 330621                     /usr/local/hadoop-2.10.0/share/hadoop/hdfs/lib/commons-cli-1.2.jar
7f00e07a0000-7f00e07a1000 r--s 0000a000 08:05 330611                     /usr/local/hadoop-2.10.0/share/hadoop/hdfs/lib/asm-3.2.jar
7f00e07a1000-7f00e07ae000 r--s 000b9000 08:05 330915                     /usr/local/hadoop-2.10.0/share/hadoop/common/lib/zookeeper-3.4.9.jar
7f00e07ae000-7f00e07af000 r--s 00003000 08:05 330870                     /usr/local/hadoop-2.10.0/share/hadoop/common/lib/xmlenc-0.52.jar
7f00e07af000-7f00e07b5000 r--s 00078000 08:05 330923                     /usr/local/hadoop-2.10.0/share/hadoop/common/lib/woodstox-core-5.0.3.jar
7f00e07b5000-7f00e07b7000 r--s 00004000 08:05 330882                     /usr/local/hadoop-2.10.0/share/hadoop/common/lib/stax-api-1.0-2.jar
7f00e07b7000-7f00e07bb000 r--s 00024000 08:05 330903                     /usr/local/hadoop-2.10.0/share/hadoop/common/lib/stax2-api-3.1.4.jar
7f00e07bb000-7f00e07bd000 r--s 00130000 08:05 330871                     /usr/local/hadoop-2.10.0/share/hadoop/common/lib/snappy-java-1.0.5.jar
7f00e07bd000-7f00e07be000 r--s 00002000 08:05 330867                     /usr/local/hadoop-2.10.0/share/hadoop/common/lib/slf4j-log4j12-1.7.25.jar
7f00e07be000-7f00e07c0000 r--s 00009000 08:05 330865                     /usr/local/hadoop-2.10.0/share/hadoop/common/lib/slf4j-api-1.7.25.jar
7f00e07c0000-7f00e07c2000 r--s 00018000 08:05 330876                     /usr/local/hadoop-2.10.0/share/hadoop/common/lib/servlet-api-2.5.jar
7f00e07c2000-7f00e07ca000 r--s 0007b000 08:05 330905                     /usr/local/hadoop-2.10.0/share/hadoop/common/lib/protobuf-java-2.5.0.jar
7f00e07ca000-7f00e07cc000 r--s 00006000 08:05 330892                     /usr/local/hadoop-2.10.0/share/hadoop/common/lib/paranamer-2.3.jar
7f00e07cc000-7f00e07d2000 r--s 00044000 08:05 330889                     /usr/local/hadoop-2.10.0/share/hadoop/common/lib/nimbus-jose-jwt-4.41.1.jar
7f00e07d2000-7f00e07eb000 r--s 00123000 08:05 330866                     /usr/local/hadoop-2.10.0/share/hadoop/common/lib/netty-3.10.6.Final.jar
7f00e07eb000-7f00e0808000 r--s 0013e000 08:05 330913                     /usr/local/hadoop-2.10.0/share/hadoop/common/lib/mockito-all-1.8.5.jar
7f00e0808000-7f00e0811000 r--s 0006f000 08:05 330909                     /usr/local/hadoop-2.10.0/share/hadoop/common/lib/log4j-1.2.17.jar
7f00e0811000-7f00e0817000 r--s 00036000 08:05 330904                     /usr/local/hadoop-2.10.0/share/hadoop/common/lib/junit-4.11.jar
7f00e0817000-7f00e081a000 r--s 00006000 08:05 330897                     /usr/local/hadoop-2.10.0/share/hadoop/common/lib/jsr305-3.0.0.jar
7f00e081a000-7f00e081d000 r--s 00016000 08:05 330921                     /usr/local/hadoop-2.10.0/share/hadoop/common/lib/jsp-api-2.1.jar
7f00e081d000-7f00e0820000 r--s 00011000 08:05 330864                     /usr/local/hadoop-2.10.0/share/hadoop/common/lib/json-smart-1.3.1.jar
7f00e0820000-7f00e0825000 r--s 00040000 08:05 330910                     /usr/local/hadoop-2.10.0/share/hadoop/common/lib/jsch-0.1.54.jar
7f00e0825000-7f00e0829000 r--s 00028000 08:05 330917                     /usr/local/hadoop-2.10.0/share/hadoop/common/lib/jetty-util-6.1.26.jar
7f00e0829000-7f00e082a000 r--s 00004000 08:05 330907                     /usr/local/hadoop-2.10.0/share/hadoop/common/lib/jetty-sslengine-6.1.26.jar
7f00e082a000-7f00e0831000 r--s 0007d000 08:05 330860                     /usr/local/hadoop-2.10.0/share/hadoop/common/lib/jetty-6.1.26.jar
7f00e0831000-7f00e0833000 r--s 0000f000 08:05 330901                     /usr/local/hadoop-2.10.0/share/hadoop/common/lib/jettison-1.1.jar
7f00e0833000-7f00e083c000 r--s 0007b000 08:05 330863                     /usr/local/hadoop-2.10.0/share/hadoop/common/lib/jets3t-0.9.0.jar
7f00e083c000-7f00e084e000 r--s 0009d000 08:05 330888                     /usr/local/hadoop-2.10.0/share/hadoop/common/lib/jersey-server-1.9.jar
7f00e084e000-7f00e0852000 r--s 00021000 08:05 330885                     /usr/local/hadoop-2.10.0/share/hadoop/common/lib/jersey-json-1.9.jar
7f00e0852000-7f00e085c000 r--s 00066000 08:05 330859                     /usr/local/hadoop-2.10.0/share/hadoop/common/lib/jersey-core-1.9.jar
7f00e085c000-7f00e085e000 r--s 00000000 08:05 330881                     /usr/local/hadoop-2.10.0/share/hadoop/common/lib/jcip-annotations-1.0-1.jar
7f00e085e000-7f00e0871000 r--s 000c7000 08:05 330874                     /usr/local/hadoop-2.10.0/share/hadoop/common/lib/jaxb-impl-2.2.3-1.jar
7f00e0871000-7f00e0874000 r--s 00017000 08:05 330894                     /usr/local/hadoop-2.10.0/share/hadoop/common/lib/jaxb-api-2.2.2.jar
7f00e0874000-7f00e0875000 r--s 00004000 08:05 330884                     /usr/local/hadoop-2.10.0/share/hadoop/common/lib/java-xmlbuilder-0.4.jar
7f00e0875000-7f00e0876000 r--s 00006000 08:05 330878                     /usr/local/hadoop-2.10.0/share/hadoop/common/lib/jackson-xc-1.9.13.jar
7f00e0876000-7f00e0884000 r--s 000b1000 08:05 330890                     /usr/local/hadoop-2.10.0/share/hadoop/common/lib/jackson-mapper-asl-1.9.13.jar
7f00e0884000-7f00e0888000 r--s 00035000 08:05 330920                     /usr/local/hadoop-2.10.0/share/hadoop/common/lib/jackson-core-asl-1.9.13.jar
7f00e0888000-7f00e088f000 r--s 00049000 08:05 330906                     /usr/local/hadoop-2.10.0/share/hadoop/common/lib/httpcore-4.4.4.jar
7f00e088f000-7f00e089c000 r--s 000a7000 08:05 330872                     /usr/local/hadoop-2.10.0/share/hadoop/common/lib/httpclient-4.5.2.jar
7f00e089c000-7f00e08b6000 r--s 00155000 08:05 330918                     /usr/local/hadoop-2.10.0/share/hadoop/common/lib/htrace-core4-4.1.0-incubating.jar
7f00e08b6000-7f00e08b8000 r--s 00009000 08:05 330899                     /usr/local/hadoop-2.10.0/share/hadoop/common/lib/hamcrest-core-1.3.jar
7f00e08b8000-7f00e08bb000 r--s 0001c000 08:05 330858                     /usr/local/hadoop-2.10.0/share/hadoop/common/lib/hadoop-auth-2.10.0.jar
7f00e08bb000-7f00e08bd000 r--s 0000a000 08:05 330924                     /usr/local/hadoop-2.10.0/share/hadoop/common/lib/hadoop-annotations-2.10.0.jar
7f00e08bd000-7f00e08de000 r--s 00172000 08:05 330883                     /usr/local/hadoop-2.10.0/share/hadoop/common/lib/guava-11.0.2.jar
7f00e08de000-7f00e08e3000 r--s 0002a000 08:05 330912                     /usr/local/hadoop-2.10.0/share/hadoop/common/lib/gson-2.2.4.jar
7f00e08e3000-7f00e08eb000 r--s 0003b000 08:05 330877                     /usr/local/hadoop-2.10.0/share/hadoop/common/lib/curator-recipes-2.7.1.jar
7f00e08eb000-7f00e08f1000 r--s 00028000 08:05 330875                     /usr/local/hadoop-2.10.0/share/hadoop/common/lib/curator-framework-2.7.1.jar
7f00e08f1000-7f00e08f3000 r--s 0000f000 08:05 330908                     /usr/local/hadoop-2.10.0/share/hadoop/common/lib/curator-client-2.7.1.jar
7f00e08f3000-7f00e08f8000 r--s 0003e000 08:05 330893                     /usr/local/hadoop-2.10.0/share/hadoop/common/lib/commons-net-3.1.jar
7f00e08f8000-7f00e0915000 r--s 0016a000 08:05 330911                     /usr/local/hadoop-2.10.0/share/hadoop/common/lib/commons-math3-3.1.1.jar
7f00e0915000-7f00e0917000 r--s 0000e000 08:05 330916                     /usr/local/hadoop-2.10.0/share/hadoop/common/lib/commons-logging-1.1.3.jar
7f00e0917000-7f00e091e000 r--s 00064000 08:05 330869                     /usr/local/hadoop-2.10.0/share/hadoop/common/lib/commons-lang3-3.4.jar
7f00e091e000-7f00e0923000 r--s 00041000 08:05 330887                     /usr/local/hadoop-2.10.0/share/hadoop/common/lib/commons-lang-2.6.jar
7f00e0923000-7f00e0927000 r--s 0002a000 08:05 330862                     /usr/local/hadoop-2.10.0/share/hadoop/common/lib/commons-io-2.4.jar
7f00e0927000-7f00e092b000 r--s 00020000 08:05 330922                     /usr/local/hadoop-2.10.0/share/hadoop/common/lib/commons-digester-1.8.jar
7f00e092b000-7f00e0931000 r--s 00043000 08:05 330891                     /usr/local/hadoop-2.10.0/share/hadoop/common/lib/commons-configuration-1.6.jar
7f00e0931000-7f00e093d000 r--s 0008b000 08:05 330886                     /usr/local/hadoop-2.10.0/share/hadoop/common/lib/commons-compress-1.19.jar
7f00e093d000-7f00e094a000 r--s 00083000 08:05 330896                     /usr/local/hadoop-2.10.0/share/hadoop/common/lib/commons-collections-3.2.2.jar
7f00e094a000-7f00e094c000 r--s 0000d000 08:05 330914                     /usr/local/hadoop-2.10.0/share/hadoop/common/lib/commons-codec-1.4.jar
7f00e094c000-7f00e094e000 r--s 00009000 08:05 330902                     /usr/local/hadoop-2.10.0/share/hadoop/common/lib/commons-cli-1.2.jar
7f00e094e000-7f00e0953000 r--s 00038000 08:05 330919                     /usr/local/hadoop-2.10.0/share/hadoop/common/lib/commons-beanutils-1.9.4.jar
7f00e0953000-7f00e095c000 r--s 00062000 08:05 330879                     /usr/local/hadoop-2.10.0/share/hadoop/common/lib/avro-1.7.7.jar
7f00e095c000-7f00e095e000 r--s 00012000 08:05 330861                     /usr/local/hadoop-2.10.0/share/hadoop/common/lib/api-util-1.0.0-M20.jar
7f00e095e000-7f00e0960000 r--s 00003000 08:05 330895                     /usr/local/hadoop-2.10.0/share/hadoop/common/lib/api-asn1-api-1.0.0-M20.jar
7f00e0960000-7f00e0972000 r--s 00097000 08:05 330898                     /usr/local/hadoop-2.10.0/share/hadoop/common/lib/apacheds-kerberos-codec-2.0.0-M15.jar
7f00e0972000-7f00e098d000 r--s 00394000 08:05 558                        /usr/lib/jvm/java-8-openjdk-amd64/jre/lib/ext/cldrdata.jar
7f00e098d000-7f00e09a8000 r--s 001d6000 08:05 563                        /usr/lib/jvm/java-8-openjdk-amd64/jre/lib/ext/nashorn.jar
7f00e09a8000-7f00e09a9000 ---p 00000000 00:00 0 
7f00e09a9000-7f00e0aa9000 rw-p 00000000 00:00 0 
7f00e0aa9000-7f00e0aac000 ---p 00000000 00:00 0 
7f00e0aac000-7f00e0baa000 rw-p 00000000 00:00 0 
7f00e0baa000-7f00e0bab000 ---p 00000000 00:00 0 
7f00e0bab000-7f00e0bae000 ---p 00000000 00:00 0 
7f00e0bae000-7f00e0cab000 rw-p 00000000 00:00 0 
7f00e0cab000-7f00e0cac000 ---p 00000000 00:00 0 
7f00e0cac000-7f00e0caf000 ---p 00000000 00:00 0 
7f00e0caf000-7f00e0dac000 rw-p 00000000 00:00 0 
7f00e0dac000-7f00e0dad000 ---p 00000000 00:00 0 
7f00e0dad000-7f00e0db0000 ---p 00000000 00:00 0 
7f00e0db0000-7f00e0ead000 rw-p 00000000 00:00 0 
7f00e0ead000-7f00e0eb0000 ---p 00000000 00:00 0 
7f00e0eb0000-7f00e0fae000 rw-p 00000000 00:00 0 
7f00e0fae000-7f00e1d8c000 r--p 00000000 08:05 140685                     /usr/lib/locale/locale-archive
7f00e1d8c000-7f00e1d8f000 ---p 00000000 00:00 0 
7f00e1d8f000-7f00e1e8d000 rw-p 00000000 00:00 0 
7f00e1e8d000-7f00e1e90000 ---p 00000000 00:00 0 
7f00e1e90000-7f00e1f8e000 rw-p 00000000 00:00 0 
7f00e1f8e000-7f00e1f8f000 ---p 00000000 00:00 0 
7f00e1f8f000-7f00e3091000 rw-p 00000000 00:00 0 
7f00e3091000-7f00e3263000 r--s 03ca8000 08:05 584                        /usr/lib/jvm/java-8-openjdk-amd64/jre/lib/rt.jar
7f00e3263000-7f00e5c08000 rw-p 00000000 00:00 0 
7f00e5c08000-7f00e5c09000 ---p 00000000 00:00 0 
7f00e5c09000-7f00e5d09000 rw-p 00000000 00:00 0 
7f00e5d09000-7f00e5d0a000 ---p 00000000 00:00 0 
7f00e5d0a000-7f00e5e0a000 rw-p 00000000 00:00 0 
7f00e5e0a000-7f00e5e0b000 ---p 00000000 00:00 0 
7f00e5e0b000-7f00e5f0b000 rw-p 00000000 00:00 0 
7f00e5f0b000-7f00e5f0c000 ---p 00000000 00:00 0 
7f00e5f0c000-7f00e6021000 rw-p 00000000 00:00 0 
7f00e6021000-7f00e6154000 ---p 00000000 00:00 0 
7f00e6154000-7f00e6169000 rw-p 00000000 00:00 0 
7f00e6169000-7f00e629c000 ---p 00000000 00:00 0 
7f00e629c000-7f00e62bf000 rw-p 00000000 00:00 0 
7f00e62bf000-7f00e6340000 ---p 00000000 00:00 0 
7f00e6340000-7f00e6352000 rw-p 00000000 00:00 0 
7f00e6352000-7f00e6701000 ---p 00000000 00:00 0 
7f00e6701000-7f00e6b41000 rwxp 00000000 00:00 0 
7f00e6b41000-7f00f5701000 ---p 00000000 00:00 0 
7f00f5701000-7f00f5703000 r--p 00000000 08:05 146202                     /usr/lib/x86_64-linux-gnu/libz.so.1.2.11
7f00f5703000-7f00f5714000 r-xp 00002000 08:05 146202                     /usr/lib/x86_64-linux-gnu/libz.so.1.2.11
7f00f5714000-7f00f571a000 r--p 00013000 08:05 146202                     /usr/lib/x86_64-linux-gnu/libz.so.1.2.11
7f00f571a000-7f00f571b000 ---p 00019000 08:05 146202                     /usr/lib/x86_64-linux-gnu/libz.so.1.2.11
7f00f571b000-7f00f571c000 r--p 00019000 08:05 146202                     /usr/lib/x86_64-linux-gnu/libz.so.1.2.11
7f00f571c000-7f00f571d000 rw-p 0001a000 08:05 146202                     /usr/lib/x86_64-linux-gnu/libz.so.1.2.11
7f00f571d000-7f00f571e000 r--s 00004000 08:05 330873                     /usr/local/hadoop-2.10.0/share/hadoop/common/lib/jackson-jaxrs-1.9.13.jar
7f00f571e000-7f00f5720000 r--s 0000e000 08:05 330900                     /usr/local/hadoop-2.10.0/share/hadoop/common/lib/activation-1.1.jar
7f00f5720000-7f00f5724000 r--s 0003a000 08:05 566                        /usr/lib/jvm/java-8-openjdk-amd64/jre/lib/ext/sunpkcs11.jar
7f00f5724000-7f00f572e000 r--s 00117000 08:05 562                        /usr/lib/jvm/java-8-openjdk-amd64/jre/lib/ext/localedata.jar
7f00f572e000-7f00f573b000 r--p 00000000 08:05 528                        /usr/lib/jvm/java-8-openjdk-amd64/jre/lib/amd64/libjava.so
7f00f573b000-7f00f5753000 r-xp 0000d000 08:05 528                        /usr/lib/jvm/java-8-openjdk-amd64/jre/lib/amd64/libjava.so
7f00f5753000-7f00f575a000 r--p 00025000 08:05 528                        /usr/lib/jvm/java-8-openjdk-amd64/jre/lib/amd64/libjava.so
7f00f575a000-7f00f575b000 r--p 0002b000 08:05 528                        /usr/lib/jvm/java-8-openjdk-amd64/jre/lib/amd64/libjava.so
7f00f575b000-7f00f575d000 rw-p 0002c000 08:05 528                        /usr/lib/jvm/java-8-openjdk-amd64/jre/lib/amd64/libjava.so
7f00f575d000-7f00f975f000 rw-s 00000000 08:05 1192078                    /tmp/openmpi-sessions-yuejia@yuejia-VirtualBox_0/9065/1/shared_mem_pool.yuejia-VirtualBox (deleted)
7f00f975f000-7f00f98e1000 rw-p 00000000 00:00 0 
7f00f98e1000-7f00f98e4000 r--p 00000000 08:05 289463                     /usr/local/lib/openmpi/mca_osc_rdma.so
7f00f98e4000-7f00f98ee000 r-xp 00003000 08:05 289463                     /usr/local/lib/openmpi/mca_osc_rdma.so
7f00f98ee000-7f00f98f0000 r--p 0000d000 08:05 289463                     /usr/local/lib/openmpi/mca_osc_rdma.so
7f00f98f0000-7f00f98f1000 r--p 0000e000 08:05 289463                     /usr/local/lib/openmpi/mca_osc_rdma.so
7f00f98f1000-7f00f98f2000 rw-p 0000f000 08:05 289463                     /usr/local/lib/openmpi/mca_osc_rdma.so
7f00f98f2000-7f00f98f5000 r--p 00000000 08:05 289461                     /usr/local/lib/openmpi/mca_osc_pt2pt.so
7f00f98f5000-7f00f98fc000 r-xp 00003000 08:05 289461                     /usr/local/lib/openmpi/mca_osc_pt2pt.so
7f00f98fc000-7f00f98fe000 r--p 0000a000 08:05 289461                     /usr/local/lib/openmpi/mca_osc_pt2pt.so
7f00f98fe000-7f00f98ff000 r--p 0000b000 08:05 289461                     /usr/local/lib/openmpi/mca_osc_pt2pt.so
7f00f98ff000-7f00f9900000 rw-p 0000c000 08:05 289461                     /usr/local/lib/openmpi/mca_osc_pt2pt.so
7f00f9900000-7f00f9905000 r--p 00000000 08:05 289448                     /usr/local/lib/openmpi/mca_coll_tuned.so
7f00f9905000-7f00f9916000 r-xp 00005000 08:05 289448                     /usr/local/lib/openmpi/mca_coll_tuned.so
7f00f9916000-7f00f991d000 r--p 00016000 08:05 289448                     /usr/local/lib/openmpi/mca_coll_tuned.so
7f00f991d000-7f00f991e000 r--p 0001c000 08:05 289448                     /usr/local/lib/openmpi/mca_coll_tuned.so
7f00f991e000-7f00f991f000 rw-p 0001d000 08:05 289448                     /usr/local/lib/openmpi/mca_coll_tuned.so
7f00f991f000-7f00f9920000 r--p 00000000 08:05 289446                     /usr/local/lib/openmpi/mca_coll_sync.so
7f00f9920000-7f00f9922000 r-xp 00001000 08:05 289446                     /usr/local/lib/openmpi/mca_coll_sync.so
7f00f9922000-7f00f9923000 r--p 00003000 08:05 289446                     /usr/local/lib/openmpi/mca_coll_sync.so
7f00f9923000-7f00f9924000 r--p 00003000 08:05 289446                     /usr/local/lib/openmpi/mca_coll_sync.so
7f00f9924000-7f00f9925000 rw-p 00004000 08:05 289446                     /usr/local/lib/openmpi/mca_coll_sync.so
7f00f9925000-7f00f9927000 r--p 00000000 08:05 289443                     /usr/local/lib/openmpi/mca_coll_sm.so
7f00f9927000-7f00f992a000 r-xp 00002000 08:05 289443                     /usr/local/lib/openmpi/mca_coll_sm.so
7f00f992a000-7f00f992b000 r--p 00005000 08:05 289443                     /usr/local/lib/openmpi/mca_coll_sm.so
7f00f992b000-7f00f992c000 ---p 00006000 08:05 289443                     /usr/local/lib/openmpi/mca_coll_sm.so
7f00f992c000-7f00f992d000 r--p 00006000 08:05 289443                     /usr/local/lib/openmpi/mca_coll_sm.so
7f00f992d000-7f00f992e000 rw-p 00007000 08:05 289443                     /usr/local/lib/openmpi/mca_coll_sm.so
7f00f992e000-7f00f992f000 r--p 00000000 08:05 289440                     /usr/local/lib/openmpi/mca_coll_self.so
7f00f992f000-7f00f9930000 r-xp 00001000 08:05 289440                     /usr/local/lib/openmpi/mca_coll_self.so
7f00f9930000-7f00f9931000 r--p 00002000 08:05 289440                     /usr/local/lib/openmpi/mca_coll_self.so
7f00f9931000-7f00f9932000 r--p 00002000 08:05 289440                     /usr/local/lib/openmpi/mca_coll_self.so
7f00f9932000-7f00f9933000 rw-p 00003000 08:05 289440                     /usr/local/lib/openmpi/mca_coll_self.so
7f00f9933000-7f00f9934000 r--p 00000000 08:05 289438                     /usr/local/lib/openmpi/mca_coll_inter.so
7f00f9934000-7f00f9936000 r-xp 00001000 08:05 289438                     /usr/local/lib/openmpi/mca_coll_inter.so
7f00f9936000-7f00f9937000 r--p 00003000 08:05 289438                     /usr/local/lib/openmpi/mca_coll_inter.so
7f00f9937000-7f00f9938000 r--p 00003000 08:05 289438                     /usr/local/lib/openmpi/mca_coll_inter.so
7f00f9938000-7f00f9939000 rw-p 00004000 08:05 289438                     /usr/local/lib/openmpi/mca_coll_inter.so
7f00f9939000-7f00f993b000 r--p 00000000 08:05 289434                     /usr/local/lib/openmpi/mca_coll_basic.so
7f00f993b000-7f00f9941000 r-xp 00002000 08:05 289434                     /usr/local/lib/openmpi/mca_coll_basic.so
7f00f9941000-7f00f9943000 r--p 00008000 08:05 289434                     /usr/local/lib/openmpi/mca_coll_basic.so
7f00f9943000-7f00f9944000 r--p 00009000 08:05 289434                     /usr/local/lib/openmpi/mca_coll_basic.so
7f00f9944000-7f00f9945000 rw-p 0000a000 08:05 289434                     /usr/local/lib/openmpi/mca_coll_basic.so
7f00f9945000-7f00f9948000 r--p 00000000 08:05 289432                     /usr/local/lib/openmpi/mca_btl_tcp.so
7f00f9948000-7f00f994f000 r-xp 00003000 08:05 289432                     /usr/local/lib/openmpi/mca_btl_tcp.so
7f00f994f000-7f00f9951000 r--p 0000a000 08:05 289432                     /usr/local/lib/openmpi/mca_btl_tcp.so
7f00f9951000-7f00f9952000 ---p 0000c000 08:05 289432                     /usr/local/lib/openmpi/mca_btl_tcp.so
7f00f9952000-7f00f9953000 r--p 0000c000 08:05 289432                     /usr/local/lib/openmpi/mca_btl_tcp.so
7f00f9953000-7f00f9954000 rw-p 0000d000 08:05 289432                     /usr/local/lib/openmpi/mca_btl_tcp.so
7f00f9954000-7f00f99d4000 rw-p 00000000 00:00 0 
7f00f99d4000-7f00f99d6000 r--p 00000000 08:05 289429                     /usr/local/lib/openmpi/mca_btl_sm.so
7f00f99d6000-7f00f99da000 r-xp 00002000 08:05 289429                     /usr/local/lib/openmpi/mca_btl_sm.so
7f00f99da000-7f00f99db000 r--p 00006000 08:05 289429                     /usr/local/lib/openmpi/mca_btl_sm.so
7f00f99db000-7f00f99dc000 r--p 00006000 08:05 289429                     /usr/local/lib/openmpi/mca_btl_sm.so
7f00f99dc000-7f00f99dd000 rw-p 00007000 08:05 289429                     /usr/local/lib/openmpi/mca_btl_sm.so
7f00f99dd000-7f00f99df000 r--p 00000000 08:05 289426                     /usr/local/lib/openmpi/mca_btl_self.so
7f00f99df000-7f00f99e1000 r-xp 00002000 08:05 289426                     /usr/local/lib/openmpi/mca_btl_self.so
7f00f99e1000-7f00f99e2000 r--p 00004000 08:05 289426                     /usr/local/lib/openmpi/mca_btl_self.so
7f00f99e2000-7f00f99e3000 r--p 00004000 08:05 289426                     /usr/local/lib/openmpi/mca_btl_self.so
7f00f99e3000-7f00f99e4000 rw-p 00005000 08:05 289426                     /usr/local/lib/openmpi/mca_btl_self.so
7f00f99e4000-7f00f99e6000 r--p 00000000 08:05 289424                     /usr/local/lib/openmpi/mca_bml_r2.so
7f00f99e6000-7f00f99e9000 r-xp 00002000 08:05 289424                     /usr/local/lib/openmpi/mca_bml_r2.so
7f00f99e9000-7f00f99ea000 r--p 00005000 08:05 289424                     /usr/local/lib/openmpi/mca_bml_r2.so
7f00f99ea000-7f00f99eb000 r--p 00005000 08:05 289424                     /usr/local/lib/openmpi/mca_bml_r2.so
7f00f99eb000-7f00f99ec000 rw-p 00006000 08:05 289424                     /usr/local/lib/openmpi/mca_bml_r2.so
7f00f99ec000-7f00f99ee000 r--s 0000c000 08:05 543910                     /usr/share/java/java-atk-wrapper.jar
7f00f99ee000-7f00f99f1000 r--s 0000f000 08:05 560                        /usr/lib/jvm/java-8-openjdk-amd64/jre/lib/ext/icedtea-sound.jar
7f00f99f1000-7f00f99f3000 r--s 00001000 08:05 559                        /usr/lib/jvm/java-8-openjdk-amd64/jre/lib/ext/dnsns.jar
7f00f99f3000-7f00f99f6000 r--p 00000000 08:05 289474                     /usr/local/lib/openmpi/mca_pml_ob1.so
7f00f99f6000-7f00f9a07000 r-xp 00003000 08:05 289474                     /usr/local/lib/openmpi/mca_pml_ob1.so
7f00f9a07000-7f00f9a09000 r--p 00014000 08:05 289474                     /usr/local/lib/openmpi/mca_pml_ob1.so
7f00f9a09000-7f00f9a0a000 ---p 00016000 08:05 289474                     /usr/local/lib/openmpi/mca_pml_ob1.so
7f00f9a0a000-7f00f9a0b000 r--p 00016000 08:05 289474                     /usr/local/lib/openmpi/mca_pml_ob1.so
7f00f9a0b000-7f00f9a0c000 rw-p 00017000 08:05 289474                     /usr/local/lib/openmpi/mca_pml_ob1.so
7f00f9a0c000-7f00f9a0d000 r--s 0000a000 08:05 330880                     /usr/local/hadoop-2.10.0/share/hadoop/common/lib/asm-3.2.jar
7f00f9a0d000-7f00f9a13000 r--s 0003d000 08:05 565                        /usr/lib/jvm/java-8-openjdk-amd64/jre/lib/ext/sunjce_provider.jar
7f00f9a13000-7f00f9a16000 r--p 00000000 08:05 547                        /usr/lib/jvm/java-8-openjdk-amd64/jre/lib/amd64/libzip.so
7f00f9a16000-7f00f9a1b000 r-xp 00003000 08:05 547                        /usr/lib/jvm/java-8-openjdk-amd64/jre/lib/amd64/libzip.so
7f00f9a1b000-7f00f9a1d000 r--p 00008000 08:05 547                        /usr/lib/jvm/java-8-openjdk-amd64/jre/lib/amd64/libzip.so
7f00f9a1d000-7f00f9a1e000 r--p 00009000 08:05 547                        /usr/lib/jvm/java-8-openjdk-amd64/jre/lib/amd64/libzip.so
7f00f9a1e000-7f00f9a1f000 rw-p 0000a000 08:05 547                        /usr/lib/jvm/java-8-openjdk-amd64/jre/lib/amd64/libzip.so
7f00f9a1f000-7f00f9a27000 rw-s 00000000 08:05 1192080                    /tmp/hsperfdata_yuejia/4472
7f00f9a27000-7f00f9a29000 r--p 00000000 08:05 289436                     /usr/local/lib/openmpi/mca_coll_hierarch.so
7f00f9a29000-7f00f9a2d000 r-xp 00002000 08:05 289436                     /usr/local/lib/openmpi/mca_coll_hierarch.so
7f00f9a2d000-7f00f9a2e000 r--p 00006000 08:05 289436                     /usr/local/lib/openmpi/mca_coll_hierarch.so
7f00f9a2e000-7f00f9a2f000 ---p 00007000 08:05 289436                     /usr/local/lib/openmpi/mca_coll_hierarch.so
7f00f9a2f000-7f00f9a30000 r--p 00007000 08:05 289436                     /usr/local/lib/openmpi/mca_coll_hierarch.so
7f00f9a30000-7f00f9a31000 rw-p 00008000 08:05 289436                     /usr/local/lib/openmpi/mca_coll_hierarch.so
7f00f9a31000-7f00f9a32000 r--s 0000a000 08:05 330868                     /usr/local/hadoop-2.10.0/share/hadoop/common/lib/apacheds-i18n-2.0.0-M15.jar
7f00f9a32000-7f00f9a37000 r--p 00000000 08:05 546                        /usr/lib/jvm/java-8-openjdk-amd64/jre/lib/amd64/libverify.so
7f00f9a37000-7f00f9a40000 r-xp 00005000 08:05 546                        /usr/lib/jvm/java-8-openjdk-amd64/jre/lib/amd64/libverify.so
7f00f9a40000-7f00f9a42000 r--p 0000e000 08:05 546                        /usr/lib/jvm/java-8-openjdk-amd64/jre/lib/amd64/libverify.so
7f00f9a42000-7f00f9a44000 r--p 0000f000 08:05 546                        /usr/lib/jvm/java-8-openjdk-amd64/jre/lib/amd64/libverify.so
7f00f9a44000-7f00f9a45000 rw-p 00011000 08:05 546                        /usr/lib/jvm/java-8-openjdk-amd64/jre/lib/amd64/libverify.so
7f00f9a45000-7f00f9a47000 r--p 00000000 08:05 289451                     /usr/local/lib/openmpi/mca_dpm_orte.so
7f00f9a47000-7f00f9a4a000 r-xp 00002000 08:05 289451                     /usr/local/lib/openmpi/mca_dpm_orte.so
7f00f9a4a000-7f00f9a4b000 r--p 00005000 08:05 289451                     /usr/local/lib/openmpi/mca_dpm_orte.so
7f00f9a4b000-7f00f9a4c000 r--p 00005000 08:05 289451                     /usr/local/lib/openmpi/mca_dpm_orte.so
7f00f9a4c000-7f00f9a4d000 rw-p 00006000 08:05 289451                     /usr/local/lib/openmpi/mca_dpm_orte.so
7f00f9a4d000-7f00f9a4e000 r--p 00000000 08:05 289481                     /usr/local/lib/openmpi/mca_pubsub_orte.so
7f00f9a4e000-7f00f9a50000 r-xp 00001000 08:05 289481                     /usr/local/lib/openmpi/mca_pubsub_orte.so
7f00f9a50000-7f00f9a51000 r--p 00003000 08:05 289481                     /usr/local/lib/openmpi/mca_pubsub_orte.so
7f00f9a51000-7f00f9a52000 r--p 00003000 08:05 289481                     /usr/local/lib/openmpi/mca_pubsub_orte.so
7f00f9a52000-7f00f9a53000 rw-p 00004000 08:05 289481                     /usr/local/lib/openmpi/mca_pubsub_orte.so
7f00f9a53000-7f00f9a54000 r--p 00000000 08:05 289414                     /usr/local/lib/libmca_common_sm.so.3.0.1
7f00f9a54000-7f00f9a55000 r-xp 00001000 08:05 289414                     /usr/local/lib/libmca_common_sm.so.3.0.1
7f00f9a55000-7f00f9a56000 r--p 00002000 08:05 289414                     /usr/local/lib/libmca_common_sm.so.3.0.1
7f00f9a56000-7f00f9a57000 r--p 00002000 08:05 289414                     /usr/local/lib/libmca_common_sm.so.3.0.1
7f00f9a57000-7f00f9a58000 rw-p 00003000 08:05 289414                     /usr/local/lib/libmca_common_sm.so.3.0.1
7f00f9a58000-7f00f9a59000 rw-p 00000000 00:00 0 
7f00f9a59000-7f00f9a5a000 r--p 00000000 08:05 289459                     /usr/local/lib/openmpi/mca_mpool_sm.so
7f00f9a5a000-7f00f9a5b000 r-xp 00001000 08:05 289459                     /usr/local/lib/openmpi/mca_mpool_sm.so
7f00f9a5b000-7f00f9a5c000 r--p 00002000 08:05 289459                     /usr/local/lib/openmpi/mca_mpool_sm.so
7f00f9a5c000-7f00f9a5d000 r--p 00002000 08:05 289459                     /usr/local/lib/openmpi/mca_mpool_sm.so
7f00f9a5d000-7f00f9a5e000 rw-p 00003000 08:05 289459                     /usr/local/lib/openmpi/mca_mpool_sm.so
7f00f9a5e000-7f00f9a60000 r--p 00000000 08:05 289457                     /usr/local/lib/openmpi/mca_mpool_rdma.so
7f00f9a60000-7f00f9a62000 r-xp 00002000 08:05 289457                     /usr/local/lib/openmpi/mca_mpool_rdma.so
7f00f9a62000-7f00f9a63000 r--p 00004000 08:05 289457                     /usr/local/lib/openmpi/mca_mpool_rdma.so
7f00f9a63000-7f00f9a64000 r--p 00004000 08:05 289457                     /usr/local/lib/openmpi/mca_mpool_rdma.so
7f00f9a64000-7f00f9a65000 rw-p 00005000 08:05 289457                     /usr/local/lib/openmpi/mca_mpool_rdma.so
7f00f9a65000-7f00f9a66000 r--p 00000000 08:05 289455                     /usr/local/lib/openmpi/mca_mpool_fake.so
7f00f9a66000-7f00f9a67000 r-xp 00001000 08:05 289455                     /usr/local/lib/openmpi/mca_mpool_fake.so
7f00f9a67000-7f00f9a68000 r--p 00002000 08:05 289455                     /usr/local/lib/openmpi/mca_mpool_fake.so
7f00f9a68000-7f00f9a69000 r--p 00002000 08:05 289455                     /usr/local/lib/openmpi/mca_mpool_fake.so
7f00f9a69000-7f00f9a6a000 rw-p 00003000 08:05 289455                     /usr/local/lib/openmpi/mca_mpool_fake.so
7f00f9a6a000-7f00f9a6d000 r--p 00000000 08:05 145636                     /usr/lib/x86_64-linux-gnu/libnss_files-2.31.so
7f00f9a6d000-7f00f9a74000 r-xp 00003000 08:05 145636                     /usr/lib/x86_64-linux-gnu/libnss_files-2.31.so
7f00f9a74000-7f00f9a76000 r--p 0000a000 08:05 145636                     /usr/lib/x86_64-linux-gnu/libnss_files-2.31.so
7f00f9a76000-7f00f9a77000 r--p 0000b000 08:05 145636                     /usr/lib/x86_64-linux-gnu/libnss_files-2.31.so
7f00f9a77000-7f00f9a78000 rw-p 0000c000 08:05 145636                     /usr/lib/x86_64-linux-gnu/libnss_files-2.31.so
7f00f9a78000-7f00f9a7e000 rw-p 00000000 00:00 0 
7f00f9a7e000-7f00f9a7f000 r--s 00010000 08:05 567                        /usr/lib/jvm/java-8-openjdk-amd64/jre/lib/ext/zipfs.jar
7f00f9a7f000-7f00f9a80000 r--p 00000000 08:05 289483                     /usr/local/lib/openmpi/mca_rcache_vma.so
7f00f9a80000-7f00f9a82000 r-xp 00001000 08:05 289483                     /usr/local/lib/openmpi/mca_rcache_vma.so
7f00f9a82000-7f00f9a83000 r--p 00003000 08:05 289483                     /usr/local/lib/openmpi/mca_rcache_vma.so
7f00f9a83000-7f00f9a84000 r--p 00003000 08:05 289483                     /usr/local/lib/openmpi/mca_rcache_vma.so
7f00f9a84000-7f00f9a85000 rw-p 00004000 08:05 289483                     /usr/local/lib/openmpi/mca_rcache_vma.so
7f00f9a85000-7f00f9a86000 r--p 00000000 08:05 289421                     /usr/local/lib/openmpi/mca_allocator_bucket.so
7f00f9a86000-7f00f9a87000 r-xp 00001000 08:05 289421                     /usr/local/lib/openmpi/mca_allocator_bucket.so
7f00f9a87000-7f00f9a88000 r--p 00002000 08:05 289421                     /usr/local/lib/openmpi/mca_allocator_bucket.so
7f00f9a88000-7f00f9a89000 r--p 00002000 08:05 289421                     /usr/local/lib/openmpi/mca_allocator_bucket.so
7f00f9a89000-7f00f9a8a000 rw-p 00003000 08:05 289421                     /usr/local/lib/openmpi/mca_allocator_bucket.so
7f00f9a8a000-7f00f9a8b000 r--p 00000000 08:05 289419                     /usr/local/lib/openmpi/mca_allocator_basic.so
7f00f9a8b000-7f00f9a8c000 r-xp 00001000 08:05 289419                     /usr/local/lib/openmpi/mca_allocator_basic.so
7f00f9a8c000-7f00f9a8d000 r--p 00002000 08:05 289419                     /usr/local/lib/openmpi/mca_allocator_basic.so
7f00f9a8d000-7f00f9a8e000 r--p 00002000 08:05 289419                     /usr/local/lib/openmpi/mca_allocator_basic.so
7f00f9a8e000-7f00f9a8f000 rw-p 00003000 08:05 289419                     /usr/local/lib/openmpi/mca_allocator_basic.so
7f00f9a8f000-7f00f9a91000 r--p 00000000 08:05 288956                     /usr/local/lib/openmpi/mca_grpcomm_bad.so
7f00f9a91000-7f00f9a94000 r-xp 00002000 08:05 288956                     /usr/local/lib/openmpi/mca_grpcomm_bad.so
7f00f9a94000-7f00f9a95000 r--p 00005000 08:05 288956                     /usr/local/lib/openmpi/mca_grpcomm_bad.so
7f00f9a95000-7f00f9a96000 r--p 00005000 08:05 288956                     /usr/local/lib/openmpi/mca_grpcomm_bad.so
7f00f9a96000-7f00f9a97000 rw-p 00006000 08:05 288956                     /usr/local/lib/openmpi/mca_grpcomm_bad.so
7f00f9a97000-7f00f9a9b000 r--p 00000000 08:05 288977                     /usr/local/lib/openmpi/mca_oob_tcp.so
7f00f9a9b000-7f00f9aa5000 r-xp 00004000 08:05 288977                     /usr/local/lib/openmpi/mca_oob_tcp.so
7f00f9aa5000-7f00f9aa8000 r--p 0000e000 08:05 288977                     /usr/local/lib/openmpi/mca_oob_tcp.so
7f00f9aa8000-7f00f9aa9000 r--p 00010000 08:05 288977                     /usr/local/lib/openmpi/mca_oob_tcp.so
7f00f9aa9000-7f00f9aaa000 rw-p 00011000 08:05 288977                     /usr/local/lib/openmpi/mca_oob_tcp.so
7f00f9aaa000-7f00f9aad000 r--p 00000000 08:05 145838                     /usr/lib/x86_64-linux-gnu/librt-2.31.so
7f00f9aad000-7f00f9ab1000 r-xp 00003000 08:05 145838                     /usr/lib/x86_64-linux-gnu/librt-2.31.so
7f00f9ab1000-7f00f9ab2000 r--p 00007000 08:05 145838                     /usr/lib/x86_64-linux-gnu/librt-2.31.so
7f00f9ab2000-7f00f9ab3000 ---p 00008000 08:05 145838                     /usr/lib/x86_64-linux-gnu/librt-2.31.so
7f00f9ab3000-7f00f9ab4000 r--p 00008000 08:05 145838                     /usr/lib/x86_64-linux-gnu/librt-2.31.so
7f00f9ab4000-7f00f9ab5000 rw-p 00009000 08:05 145838                     /usr/lib/x86_64-linux-gnu/librt-2.31.so
7f00f9ab5000-7f00f9ab6000 r--s 0000d000 08:05 564                        /usr/lib/jvm/java-8-openjdk-amd64/jre/lib/ext/sunec.jar
7f00f9ab6000-7f00f9ab7000 r--s 0000a000 08:05 561                        /usr/lib/jvm/java-8-openjdk-amd64/jre/lib/ext/jaccess.jar
7f00f9ab7000-7f00f9ab9000 r--p 00000000 08:05 289012                     /usr/local/lib/openmpi/mca_routed_binomial.so
7f00f9ab9000-7f00f9abb000 r-xp 00002000 08:05 289012                     /usr/local/lib/openmpi/mca_routed_binomial.so
7f00f9abb000-7f00f9abc000 r--p 00004000 08:05 289012                     /usr/local/lib/openmpi/mca_routed_binomial.so
7f00f9abc000-7f00f9abd000 r--p 00004000 08:05 289012                     /usr/local/lib/openmpi/mca_routed_binomial.so
7f00f9abd000-7f00f9abe000 rw-p 00005000 08:05 289012                     /usr/local/lib/openmpi/mca_routed_binomial.so
7f00f9abe000-7f00f9ac0000 r--p 00000000 08:05 289010                     /usr/local/lib/openmpi/mca_rml_oob.so
7f00f9ac0000-7f00f9ac3000 r-xp 00002000 08:05 289010                     /usr/local/lib/openmpi/mca_rml_oob.so
7f00f9ac3000-7f00f9ac4000 r--p 00005000 08:05 289010                     /usr/local/lib/openmpi/mca_rml_oob.so
7f00f9ac4000-7f00f9ac5000 r--p 00005000 08:05 289010                     /usr/local/lib/openmpi/mca_rml_oob.so
7f00f9ac5000-7f00f9ac6000 rw-p 00006000 08:05 289010                     /usr/local/lib/openmpi/mca_rml_oob.so
7f00f9ac6000-7f00f9ac7000 r--p 00000000 08:05 288939                     /usr/local/lib/openmpi/mca_ess_env.so
7f00f9ac7000-7f00f9ac8000 r-xp 00001000 08:05 288939                     /usr/local/lib/openmpi/mca_ess_env.so
7f00f9ac8000-7f00f9ac9000 r--p 00002000 08:05 288939                     /usr/local/lib/openmpi/mca_ess_env.so
7f00f9ac9000-7f00f9aca000 r--p 00002000 08:05 288939                     /usr/local/lib/openmpi/mca_ess_env.so
7f00f9aca000-7f00f9acb000 rw-p 00003000 08:05 288939                     /usr/local/lib/openmpi/mca_ess_env.so
7f00f9acb000-7f00f9ad0000 rw-p 00000000 00:00 0 
7f00f9ad0000-7f00f9ad1000 r--p 00000000 08:05 146049                     /usr/lib/x86_64-linux-gnu/libutil-2.31.so
7f00f9ad1000-7f00f9ad2000 r-xp 00001000 08:05 146049                     /usr/lib/x86_64-linux-gnu/libutil-2.31.so
7f00f9ad2000-7f00f9ad3000 r--p 00002000 08:05 146049                     /usr/lib/x86_64-linux-gnu/libutil-2.31.so
7f00f9ad3000-7f00f9ad4000 r--p 00002000 08:05 146049                     /usr/lib/x86_64-linux-gnu/libutil-2.31.so
7f00f9ad4000-7f00f9ad5000 rw-p 00003000 08:05 146049                     /usr/lib/x86_64-linux-gnu/libutil-2.31.so
7f00f9ad5000-7f00f9ad6000 r--p 00000000 08:05 145009                     /usr/lib/x86_64-linux-gnu/libdl-2.31.so
7f00f9ad6000-7f00f9ad8000 r-xp 00001000 08:05 145009                     /usr/lib/x86_64-linux-gnu/libdl-2.31.so
7f00f9ad8000-7f00f9ad9000 r--p 00003000 08:05 145009                     /usr/lib/x86_64-linux-gnu/libdl-2.31.so
7f00f9ad9000-7f00f9ada000 r--p 00003000 08:05 145009                     /usr/lib/x86_64-linux-gnu/libdl-2.31.so
7f00f9ada000-7f00f9adb000 rw-p 00004000 08:05 145009                     /usr/lib/x86_64-linux-gnu/libdl-2.31.so
7f00f9adb000-7f00f9aea000 r--p 00000000 08:05 145512                     /usr/lib/x86_64-linux-gnu/libm-2.31.so
7f00f9aea000-7f00f9b91000 r-xp 0000f000 08:05 145512                     /usr/lib/x86_64-linux-gnu/libm-2.31.so
7f00f9b91000-7f00f9c28000 r--p 000b6000 08:05 145512                     /usr/lib/x86_64-linux-gnu/libm-2.31.so
7f00f9c28000-7f00f9c29000 r--p 0014c000 08:05 145512                     /usr/lib/x86_64-linux-gnu/libm-2.31.so
7f00f9c29000-7f00f9c2a000 rw-p 0014d000 08:05 145512                     /usr/lib/x86_64-linux-gnu/libm-2.31.so
7f00f9c2a000-7f00f9c4f000 r--p 00000000 08:05 144874                     /usr/lib/x86_64-linux-gnu/libc-2.31.so
7f00f9c4f000-7f00f9dc7000 r-xp 00025000 08:05 144874                     /usr/lib/x86_64-linux-gnu/libc-2.31.so
7f00f9dc7000-7f00f9e11000 r--p 0019d000 08:05 144874                     /usr/lib/x86_64-linux-gnu/libc-2.31.so
7f00f9e11000-7f00f9e12000 ---p 001e7000 08:05 144874                     /usr/lib/x86_64-linux-gnu/libc-2.31.so
7f00f9e12000-7f00f9e15000 r--p 001e7000 08:05 144874                     /usr/lib/x86_64-linux-gnu/libc-2.31.so
7f00f9e15000-7f00f9e18000 rw-p 001ea000 08:05 144874                     /usr/lib/x86_64-linux-gnu/libc-2.31.so
7f00f9e18000-7f00f9e1e000 rw-p 00000000 00:00 0 
7f00f9e1e000-7f00f9e25000 r--p 00000000 08:05 145777                     /usr/lib/x86_64-linux-gnu/libpthread-2.31.so
7f00f9e25000-7f00f9e36000 r-xp 00007000 08:05 145777                     /usr/lib/x86_64-linux-gnu/libpthread-2.31.so
7f00f9e36000-7f00f9e3b000 r--p 00018000 08:05 145777                     /usr/lib/x86_64-linux-gnu/libpthread-2.31.so
7f00f9e3b000-7f00f9e3c000 r--p 0001c000 08:05 145777                     /usr/lib/x86_64-linux-gnu/libpthread-2.31.so
7f00f9e3c000-7f00f9e3d000 rw-p 0001d000 08:05 145777                     /usr/lib/x86_64-linux-gnu/libpthread-2.31.so
7f00f9e3d000-7f00f9e41000 rw-p 00000000 00:00 0 
7f00f9e41000-7f00f9e44000 r--p 00000000 08:05 145159                     /usr/lib/x86_64-linux-gnu/libgcc_s.so.1
7f00f9e44000-7f00f9e56000 r-xp 00003000 08:05 145159                     /usr/lib/x86_64-linux-gnu/libgcc_s.so.1
7f00f9e56000-7f00f9e5a000 r--p 00015000 08:05 145159                     /usr/lib/x86_64-linux-gnu/libgcc_s.so.1
7f00f9e5a000-7f00f9e5b000 r--p 00018000 08:05 145159                     /usr/lib/x86_64-linux-gnu/libgcc_s.so.1
7f00f9e5b000-7f00f9e5c000 rw-p 00019000 08:05 145159                     /usr/lib/x86_64-linux-gnu/libgcc_s.so.1
7f00f9e5c000-7f00f9ef2000 r--p 00000000 08:05 145940                     /usr/lib/x86_64-linux-gnu/libstdc++.so.6.0.28
7f00f9ef2000-7f00f9fe2000 r-xp 00096000 08:05 145940                     /usr/lib/x86_64-linux-gnu/libstdc++.so.6.0.28
7f00f9fe2000-7f00fa02b000 r--p 00186000 08:05 145940                     /usr/lib/x86_64-linux-gnu/libstdc++.so.6.0.28
7f00fa02b000-7f00fa02c000 ---p 001cf000 08:05 145940                     /usr/lib/x86_64-linux-gnu/libstdc++.so.6.0.28
7f00fa02c000-7f00fa037000 r--p 001cf000 08:05 145940                     /usr/lib/x86_64-linux-gnu/libstdc++.so.6.0.28
7f00fa037000-7f00fa03a000 rw-p 001da000 08:05 145940                     /usr/lib/x86_64-linux-gnu/libstdc++.so.6.0.28
7f00fa03a000-7f00fa03e000 rw-p 00000000 00:00 0 
7f00fa03e000-7f00fa03f000 r--p 00000000 00:00 0 
7f00fa03f000-7f00fa040000 r--p 00000000 08:05 288904                     /usr/local/lib/openmpi/mca_shmem_mmap.so
7f00fa040000-7f00fa041000 r-xp 00001000 08:05 288904                     /usr/local/lib/openmpi/mca_shmem_mmap.so
7f00fa041000-7f00fa042000 r--p 00002000 08:05 288904                     /usr/local/lib/openmpi/mca_shmem_mmap.so
7f00fa042000-7f00fa043000 r--p 00002000 08:05 288904                     /usr/local/lib/openmpi/mca_shmem_mmap.so
7f00fa043000-7f00fa044000 rw-p 00003000 08:05 288904                     /usr/local/lib/openmpi/mca_shmem_mmap.so
7f00fa044000-7f00fa045000 r--p 00000000 08:05 288880                     /usr/local/lib/openmpi/mca_carto_auto_detect.so
7f00fa045000-7f00fa046000 r-xp 00001000 08:05 288880                     /usr/local/lib/openmpi/mca_carto_auto_detect.so
7f00fa046000-7f00fa047000 r--p 00002000 08:05 288880                     /usr/local/lib/openmpi/mca_carto_auto_detect.so
7f00fa047000-7f00fa048000 r--p 00002000 08:05 288880                     /usr/local/lib/openmpi/mca_carto_auto_detect.so
7f00fa048000-7f00fa049000 rw-p 00003000 08:05 288880                     /usr/local/lib/openmpi/mca_carto_auto_detect.so
7f00fa049000-7f00fa04a000 r--p 00000000 08:05 288899                     /usr/local/lib/openmpi/mca_paffinity_hwloc.so
7f00fa04a000-7f00fa04b000 r-xp 00001000 08:05 288899                     /usr/local/lib/openmpi/mca_paffinity_hwloc.so
7f00fa04b000-7f00fa04c000 r--p 00002000 08:05 288899                     /usr/local/lib/openmpi/mca_paffinity_hwloc.so
7f00fa04c000-7f00fa04d000 r--p 00002000 08:05 288899                     /usr/local/lib/openmpi/mca_paffinity_hwloc.so
7f00fa04d000-7f00fa04e000 rw-p 00003000 08:05 288899                     /usr/local/lib/openmpi/mca_paffinity_hwloc.so
7f00fa04e000-7f00fa091000 r--p 00000000 08:05 284051                     /usr/local/lib/libmpi.so.1.0.8
7f00fa091000-7f00fa175000 r-xp 00043000 08:05 284051                     /usr/local/lib/libmpi.so.1.0.8
7f00fa175000-7f00fa1b7000 r--p 00127000 08:05 284051                     /usr/local/lib/libmpi.so.1.0.8
7f00fa1b7000-7f00fa1bc000 r--p 00168000 08:05 284051                     /usr/local/lib/libmpi.so.1.0.8
7f00fa1bc000-7f00fa1ce000 rw-p 0016d000 08:05 284051                     /usr/local/lib/libmpi.so.1.0.8
7f00fa1ce000-7f00fa1e4000 rw-p 00000000 00:00 0 
7f00fa1e4000-7f00fa1f2000 r--p 00000000 08:05 289379                     /usr/local/lib/libmpi_cxx.so.1.0.2
7f00fa1f2000-7f00fa1fa000 r-xp 0000e000 08:05 289379                     /usr/local/lib/libmpi_cxx.so.1.0.2
7f00fa1fa000-7f00fa1fd000 r--p 00016000 08:05 289379                     /usr/local/lib/libmpi_cxx.so.1.0.2
7f00fa1fd000-7f00fa1fe000 ---p 00019000 08:05 289379                     /usr/local/lib/libmpi_cxx.so.1.0.2
7f00fa1fe000-7f00fa200000 r--p 00019000 08:05 289379                     /usr/local/lib/libmpi_cxx.so.1.0.2
7f00fa200000-7f00fa201000 rw-p 0001b000 08:05 289379                     /usr/local/lib/libmpi_cxx.so.1.0.2
7f00fa201000-7f00fa3f2000 r--p 00000000 08:05 549                        /usr/lib/jvm/java-8-openjdk-amd64/jre/lib/amd64/server/libjvm.so
7f00fa3f2000-7f00facb3000 r-xp 001f1000 08:05 549                        /usr/lib/jvm/java-8-openjdk-amd64/jre/lib/amd64/server/libjvm.so
7f00facb3000-7f00fae52000 r--p 00ab2000 08:05 549                        /usr/lib/jvm/java-8-openjdk-amd64/jre/lib/amd64/server/libjvm.so
7f00fae52000-7f00faee7000 r--p 00c50000 08:05 549                        /usr/lib/jvm/java-8-openjdk-amd64/jre/lib/amd64/server/libjvm.so
7f00faee7000-7f00faf10000 rw-p 00ce5000 08:05 549                        /usr/lib/jvm/java-8-openjdk-amd64/jre/lib/amd64/server/libjvm.so
7f00faf10000-7f00faf42000 rw-p 00000000 00:00 0 
7f00faf42000-7f00faf43000 r--p 00000000 08:05 144661                     /usr/lib/x86_64-linux-gnu/ld-2.31.so
7f00faf43000-7f00faf66000 r-xp 00001000 08:05 144661                     /usr/lib/x86_64-linux-gnu/ld-2.31.so
7f00faf66000-7f00faf6e000 r--p 00024000 08:05 144661                     /usr/lib/x86_64-linux-gnu/ld-2.31.so
7f00faf6e000-7f00faf6f000 rw-s 00000000 08:05 1192079                    /tmp/openmpi-sessions-yuejia@yuejia-VirtualBox_0/9065/1/shared_mem_btl_module.yuejia-VirtualBox (deleted)
7f00faf6f000-7f00faf70000 r--p 0002c000 08:05 144661                     /usr/lib/x86_64-linux-gnu/ld-2.31.so
7f00faf70000-7f00faf71000 rw-p 0002d000 08:05 144661                     /usr/lib/x86_64-linux-gnu/ld-2.31.so
7f00faf71000-7f00faf72000 rw-p 00000000 00:00 0 
7ffe7da02000-7ffe7da05000 ---p 00000000 00:00 0 
7ffe7da05000-7ffe7db02000 rw-p 00000000 00:00 0                          [stack]
7ffe7db3c000-7ffe7db3f000 r--p 00000000 00:00 0                          [vvar]
7ffe7db3f000-7ffe7db40000 r-xp 00000000 00:00 0                          [vdso]
ffffffffff600000-ffffffffff601000 --xp 00000000 00:00 0                  [vsyscall]

VM Arguments:
java_command: <unknown>
java_class_path (initial): :/usr/local/hadoop-2.10.0/etc/hadoop:/usr/local/hadoop-2.10.0/share/hadoop/common/lib/activation-1.1.jar:/usr/local/hadoop-2.10.0/share/hadoop/common/lib/apacheds-i18n-2.0.0-M15.jar:/usr/local/hadoop-2.10.0/share/hadoop/common/lib/apacheds-kerberos-codec-2.0.0-M15.jar:/usr/local/hadoop-2.10.0/share/hadoop/common/lib/api-asn1-api-1.0.0-M20.jar:/usr/local/hadoop-2.10.0/share/hadoop/common/lib/api-util-1.0.0-M20.jar:/usr/local/hadoop-2.10.0/share/hadoop/common/lib/asm-3.2.jar:/usr/local/hadoop-2.10.0/share/hadoop/common/lib/avro-1.7.7.jar:/usr/local/hadoop-2.10.0/share/hadoop/common/lib/commons-beanutils-1.9.4.jar:/usr/local/hadoop-2.10.0/share/hadoop/common/lib/commons-cli-1.2.jar:/usr/local/hadoop-2.10.0/share/hadoop/common/lib/commons-codec-1.4.jar:/usr/local/hadoop-2.10.0/share/hadoop/common/lib/commons-collections-3.2.2.jar:/usr/local/hadoop-2.10.0/share/hadoop/common/lib/commons-compress-1.19.jar:/usr/local/hadoop-2.10.0/share/hadoop/common/lib/commons-configuration-1.6.jar:/usr/local/hadoop-2.10.0/share/hadoop/common/lib/commons-digester-1.8.jar:/usr/local/hadoop-2.10.0/share/hadoop/common/lib/commons-io-2.4.jar:/usr/local/hadoop-2.10.0/share/hadoop/common/lib/commons-lang-2.6.jar:/usr/local/hadoop-2.10.0/share/hadoop/common/lib/commons-lang3-3.4.jar:/usr/local/hadoop-2.10.0/share/hadoop/common/lib/commons-logging-1.1.3.jar:/usr/local/hadoop-2.10.0/share/hadoop/common/lib/commons-math3-3.1.1.jar:/usr/local/hadoop-2.10.0/share/hadoop/common/lib/commons-net-3.1.jar:/usr/local/hadoop-2.10.0/share/hadoop/common/lib/curator-client-2.7.1.jar:/usr/local/hadoop-2.10.0/share/hadoop/common/lib/curator-framework-2.7.1.jar:/usr/local/hadoop-2.10.0/share/hadoop/common/lib/curator-recipes-2.7.1.jar:/usr/local/hadoop-2.10.0/share/hadoop/common/lib/gson-2.2.4.jar:/usr/local/hadoop-2.10.0/share/hadoop/common/lib/guava-11.0.2.jar:/usr/local/hadoop-2.10.0/share/hadoop/common/lib/hadoop-annotations-2.10.0.jar:/usr/local/hadoop-2.10.0/share/hadoop/common
Launcher Type: generic

Environment Variables:
PATH=/usr/local/sbin:/usr/local/bin:/usr/sbin:/usr/bin:/sbin:/bin:/usr/games:/usr/local/games:/snap/bin
USERNAME=yuejia
LD_LIBRARY_PATH=:/usr/lib/jvm/java-8-openjdk-amd64/jre/lib/amd64/server:/usr/local/hadoop-2.10.0/lib/native:/usr/local/lib
SHELL=/bin/bash
DISPLAY=:0

Signal Handlers:
SIGSEGV: [libjvm.so+0xa8c6a0], sa_mask[0]=11111111011111111101111111111110, sa_flags=SA_RESTART|SA_SIGINFO
SIGBUS: [libjvm.so+0xa8c6a0], sa_mask[0]=11111111011111111101111111111110, sa_flags=SA_RESTART|SA_SIGINFO
SIGFPE: [libjvm.so+0x8e14c0], sa_mask[0]=11111111011111111101111111111110, sa_flags=SA_RESTART|SA_SIGINFO
SIGPIPE: [libjvm.so+0x8e14c0], sa_mask[0]=11111111011111111101111111111110, sa_flags=SA_RESTART|SA_SIGINFO
SIGXFSZ: [libjvm.so+0x8e14c0], sa_mask[0]=11111111011111111101111111111110, sa_flags=SA_RESTART|SA_SIGINFO
SIGILL: [libjvm.so+0x8e14c0], sa_mask[0]=11111111011111111101111111111110, sa_flags=SA_RESTART|SA_SIGINFO
SIGUSR1: SIG_DFL, sa_mask[0]=00000000000000000000000000000000, sa_flags=none
SIGUSR2: [libjvm.so+0x8e1370], sa_mask[0]=00000000000000000000000000000000, sa_flags=SA_RESTART|SA_SIGINFO
SIGHUP: [libjvm.so+0x8e1740], sa_mask[0]=11111111011111111101111111111110, sa_flags=SA_RESTART|SA_SIGINFO
SIGINT: [libjvm.so+0x8e1740], sa_mask[0]=11111111011111111101111111111110, sa_flags=SA_RESTART|SA_SIGINFO
SIGTERM: [libjvm.so+0x8e1740], sa_mask[0]=11111111011111111101111111111110, sa_flags=SA_RESTART|SA_SIGINFO
SIGQUIT: [libjvm.so+0x8e1740], sa_mask[0]=11111111011111111101111111111110, sa_flags=SA_RESTART|SA_SIGINFO


---------------  S Y S T E M  ---------------

OS:DISTRIB_ID=Ubuntu
DISTRIB_RELEASE=20.04
DISTRIB_CODENAME=focal
DISTRIB_DESCRIPTION="Ubuntu 20.04.1 LTS"

uname:Linux 5.4.0-47-generic #51-Ubuntu SMP Fri Sep 4 19:50:52 UTC 2020 x86_64
libc:glibc 2.31 NPTL 2.31 
rlimit: STACK 8192k, CORE 0k, NPROC 15522, NOFILE 1048576, AS infinity
load average:1.89 0.77 0.53

/proc/meminfo:
MemTotal:        4030228 kB
MemFree:          401548 kB
MemAvailable:    1538160 kB
Buffers:          127592 kB
Cached:          1161148 kB
SwapCached:          616 kB
Active:          2275076 kB
Inactive:        1025716 kB
Active(anon):    1699104 kB
Inactive(anon):   338884 kB
Active(file):     575972 kB
Inactive(file):   686832 kB
Unevictable:           0 kB
Mlocked:               0 kB
SwapTotal:        459260 kB
SwapFree:         456176 kB
Dirty:             15292 kB
Writeback:             0 kB
AnonPages:       2011728 kB
Mapped:           435776 kB
Shmem:             30336 kB
KReclaimable:     153700 kB
Slab:             248088 kB
SReclaimable:     153700 kB
SUnreclaim:        94388 kB
KernelStack:       12064 kB
PageTables:        19720 kB
NFS_Unstable:          0 kB
Bounce:                0 kB
WritebackTmp:          0 kB
CommitLimit:     2474372 kB
Committed_AS:    6588976 kB
VmallocTotal:   34359738367 kB
VmallocUsed:       36768 kB
VmallocChunk:          0 kB
Percpu:             2720 kB
HardwareCorrupted:     0 kB
AnonHugePages:         0 kB
ShmemHugePages:        0 kB
ShmemPmdMapped:        0 kB
FileHugePages:         0 kB
FilePmdMapped:         0 kB
CmaTotal:              0 kB
CmaFree:               0 kB
HugePages_Total:       0
HugePages_Free:        0
HugePages_Rsvd:        0
HugePages_Surp:        0
Hugepagesize:       2048 kB
Hugetlb:               0 kB
DirectMap4k:      182208 kB
DirectMap2M:     4012032 kB

container (cgroup) information:
container_type: cgroupv1
cpu_cpuset_cpus: 0-3
cpu_memory_nodes: 0
active_processor_count: 4
cpu_quota: -1
cpu_period: 100000
cpu_shares: -1
memory_limit_in_bytes: -1
memory_and_swap_limit_in_bytes: -2
memory_soft_limit_in_bytes: -1
memory_usage_in_bytes: 1963614208
memory_max_usage_in_bytes: 2242899968


CPU:total 4 (initial active 4) (4 cores per cpu, 1 threads per core) family 6 model 142 stepping 12, cmov, cx8, fxsr, mmx, sse, sse2, sse3, ssse3, sse4.1, sse4.2, popcnt, avx, avx2, aes, clmul, 3dnowpref, lzcnt, tsc, tscinvbit

/proc/cpuinfo:
processor	: 0
vendor_id	: GenuineIntel
cpu family	: 6
model		: 142
model name	: Intel(R) Core(TM) i7-8565U CPU @ 1.80GHz
stepping	: 12
cpu MHz		: 1992.001
cache size	: 8192 KB
physical id	: 0
siblings	: 4
core id		: 0
cpu cores	: 4
apicid		: 0
initial apicid	: 0
fpu		: yes
fpu_exception	: yes
cpuid level	: 22
wp		: yes
flags		: fpu vme de pse tsc msr pae mce cx8 apic sep mtrr pge mca cmov pat pse36 clflush mmx fxsr sse sse2 ht syscall nx rdtscp lm constant_tsc rep_good nopl xtopology nonstop_tsc cpuid tsc_known_freq pni pclmulqdq ssse3 cx16 pcid sse4_1 sse4_2 x2apic movbe popcnt aes xsave avx rdrand hypervisor lahf_lm abm 3dnowprefetch invpcid_single fsgsbase avx2 invpcid rdseed clflushopt md_clear flush_l1d arch_capabilities
bugs		: spectre_v1 spectre_v2 spec_store_bypass swapgs itlb_multihit srbds
bogomips	: 3984.00
clflush size	: 64
cache_alignment	: 64
address sizes	: 39 bits physical, 48 bits virtual
power management:

processor	: 1
vendor_id	: GenuineIntel
cpu family	: 6
model		: 142
model name	: Intel(R) Core(TM) i7-8565U CPU @ 1.80GHz
stepping	: 12
cpu MHz		: 1992.001
cache size	: 8192 KB
physical id	: 0
siblings	: 4
core id		: 1
cpu cores	: 4
apicid		: 1
initial apicid	: 1
fpu		: yes
fpu_exception	: yes
cpuid level	: 22
wp		: yes
flags		: fpu vme de pse tsc msr pae mce cx8 apic sep mtrr pge mca cmov pat pse36 clflush mmx fxsr sse sse2 ht syscall nx rdtscp lm constant_tsc rep_good nopl xtopology nonstop_tsc cpuid tsc_known_freq pni pclmulqdq ssse3 cx16 pcid sse4_1 sse4_2 x2apic movbe popcnt aes xsave avx rdrand hypervisor lahf_lm abm 3dnowprefetch invpcid_single fsgsbase avx2 invpcid rdseed clflushopt md_clear flush_l1d arch_capabilities
bugs		: spectre_v1 spectre_v2 spec_store_bypass swapgs itlb_multihit srbds
bogomips	: 3984.00
clflush size	: 64
cache_alignment	: 64
address sizes	: 39 bits physical, 48 bits virtual
power management:

processor	: 2
vendor_id	: GenuineIntel
cpu family	: 6
model		: 142
model name	: Intel(R) Core(TM) i7-8565U CPU @ 1.80GHz
stepping	: 12
cpu MHz		: 1992.001
cache size	: 8192 KB
physical id	: 0
siblings	: 4
core id		: 2
cpu cores	: 4
apicid		: 2
initial apicid	: 2
fpu		: yes
fpu_exception	: yes
cpuid level	: 22
wp		: yes
flags		: fpu vme de pse tsc msr pae mce cx8 apic sep mtrr pge mca cmov pat pse36 clflush mmx fxsr sse sse2 ht syscall nx rdtscp lm constant_tsc rep_good nopl xtopology nonstop_tsc cpuid tsc_known_freq pni pclmulqdq ssse3 cx16 pcid sse4_1 sse4_2 x2apic movbe popcnt aes xsave avx rdrand hypervisor lahf_lm abm 3dnowprefetch invpcid_single fsgsbase avx2 invpcid rdseed clflushopt md_clear flush_l1d arch_capabilities
bugs		: spectre_v1 spectre_v2 spec_store_bypass swapgs itlb_multihit srbds
bogomips	: 3984.00
clflush size	: 64
cache_alignment	: 64
address sizes	: 39 bits physical, 48 bits virtual
power management:

processor	: 3
vendor_id	: GenuineIntel
cpu family	: 6
model		: 142
model name	: Intel(R) Core(TM) i7-8565U CPU @ 1.80GHz
stepping	: 12
cpu MHz		: 1992.001
cache size	: 8192 KB
physical id	: 0
siblings	: 4
core id		: 3
cpu cores	: 4
apicid		: 3
initial apicid	: 3
fpu		: yes
fpu_exception	: yes
cpuid level	: 22
wp		: yes
flags		: fpu vme de pse tsc msr pae mce cx8 apic sep mtrr pge mca cmov pat pse36 clflush mmx fxsr sse sse2 ht syscall nx rdtscp lm constant_tsc rep_good nopl xtopology nonstop_tsc cpuid tsc_known_freq pni pclmulqdq ssse3 cx16 pcid sse4_1 sse4_2 x2apic movbe popcnt aes xsave avx rdrand hypervisor lahf_lm abm 3dnowprefetch invpcid_single fsgsbase avx2 invpcid rdseed clflushopt md_clear flush_l1d arch_capabilities
bugs		: spectre_v1 spectre_v2 spec_store_bypass swapgs itlb_multihit srbds
bogomips	: 3984.00
clflush size	: 64
cache_alignment	: 64
address sizes	: 39 bits physical, 48 bits virtual
power management:



Memory: 4k page, physical 4030228k(401296k free), swap 459260k(456176k free)

vm_info: OpenJDK 64-Bit Server VM (25.265-b01) for linux-amd64 JRE (1.8.0_265-8u265-b01-0ubuntu2~20.04-b01), built on Aug  3 2020 01:16:56 by "buildd" with gcc 9.3.0

time: Sun Sep 13 15:16:38 2020
timezone: CST
elapsed time: 3 seconds (0d 0h 0m 3s)

