#
# A fatal error has been detected by the Java Runtime Environment:
#
#  SIGSEGV (0xb) at pc=0x00000000004c49ff, pid=4303, tid=0x00007feab0962740
#
# JRE version: OpenJDK Runtime Environment (8.0_265-b01) (build 1.8.0_265-8u265-b01-0ubuntu2~20.04-b01)
# Java VM: OpenJDK 64-Bit Server VM (25.265-b01 mixed mode linux-amd64 compressed oops)
# Problematic frame:
# C  [subgraph+0xc49ff]  SIVertex::filter(std::vector<SIMessage, std::allocator<SIMessage> >&)+0x2d9
#
# Failed to write core dump. Core dumps have been disabled. To enable core dumping, try "ulimit -c unlimited" before starting Java again
#
# If you would like to submit a bug report, please visit:
#   http://bugreport.java.com/bugreport/crash.jsp
# The crash happened outside the Java Virtual Machine in native code.
# See problematic frame for where to report the bug.
#

---------------  T H R E A D  ---------------

Current thread (0x00000000024d0800):  JavaThread "main" [_thread_in_native, id=4303, stack(0x00007ffc49f14000,0x00007ffc4a014000)]

siginfo: si_signo: 11 (SIGSEGV), si_code: 1 (SEGV_MAPERR), si_addr: 0x0000000000000008

Registers:
RAX=0x0000000000000008, RBX=0x0000000000564600, RCX=0x00000000206f7420, RDX=0x00007feab0ecb3d0
RSP=0x00007ffc4a010240, RBP=0x00007ffc4a0103e0, RSI=0x00000000206f7420, RDI=0x00007ffc4a010290
R8 =0x0000000000000004, R9 =0x00007ffc4a010100, R10=0x0000000000000001, R11=0x0000000000000000
R12=0x0000000000000003, R13=0x00007ffc4a0109b0, R14=0x0000000000000000, R15=0x0000000000000000
RIP=0x00000000004c49ff, EFLAGS=0x0000000000010202, CSGSFS=0x002b000000000033, ERR=0x0000000000000004
  TRAPNO=0x000000000000000e

Top of Stack: (sp=0x00007ffc4a010240)
0x00007ffc4a010240:   0000000003161dd0 0000000003161a30
0x00007ffc4a010250:   00007feab10675d2 0000000000564720
0x00007ffc4a010260:   00007ffc4a0105d0 0000000003161a60
0x00007ffc4a010270:   00007ffc4a010444 00007feab0f42bc5
0x00007ffc4a010280:   0000000000000002 0000000000000001
0x00007ffc4a010290:   0000000000000000 0000000003161a60
0x00007ffc4a0102a0:   0000000000000000 0000000003161ab8
0x00007ffc4a0102b0:   0000000000000000 0000000003161a60
0x00007ffc4a0102c0:   0000000000564720 0000000000563400
0x00007ffc4a0102d0:   0000000003166d20 00007ffc4a010444
0x00007ffc4a0102e0:   0000000000000000 0000000000000000
0x00007ffc4a0102f0:   0000000000000000 00007feab10619c0
0x00007ffc4a010300:   0000000000000000 0000000003161ab8
0x00007ffc4a010310:   0000000000000000 0000000000000000
0x00007ffc4a010320:   00007ffc00000005 0000000000000004
0x00007ffc4a010330:   0000000000000000 0000000000000000
0x00007ffc4a010340:   0000000000000000 00000001b0b5300d
0x00007ffc4a010350:   0000000003100600 0000000003100604
0x00007ffc4a010360:   0000000003100604 0000000000000000
0x00007ffc4a010370:   0000000000000000 0000000000000000
0x00007ffc4a010380:   0000000000000000 0000000000000000
0x00007ffc4a010390:   0000000000000000 0000000000000000
0x00007ffc4a0103a0:   0000000000000000 0000000000000000
0x00007ffc4a0103b0:   00007ffc4a01043c 091e9cd1a1aea800
0x00007ffc4a0103c0:   0000000003161a30 0000000000000003
0x00007ffc4a0103d0:   00007ffc4a0109b0 0000000000000000
0x00007ffc4a0103e0:   00007ffc4a010450 00000000004db6cd
0x00007ffc4a0103f0:   00007ffc4a0104f0 00007ffc4a0104d0
0x00007ffc4a010400:   0000000300000001 00007ffc4a010650
0x00007ffc4a010410:   0000000000564970 000000004a010450
0x00007ffc4a010420:   0000000000000000 00000000024b9530
0x00007ffc4a010430:   00000000024b9598 00007ffc4a0104d0 

Instructions: (pc=0x00000000004c49ff)
0x00000000004c49df:   8d 35 89 3b 06 00 48 89 c7 e8 43 ed fe ff 48 89
0x00000000004c49ef:   c3 48 8d 85 b0 fe ff ff 48 89 c7 e8 d7 71 00 00
0x00000000004c49ff:   8b 00 89 c6 48 89 df e8 85 f3 fe ff 48 8d 35 aa
0x00000000004c4a0f:   3b 06 00 48 89 c7 e8 16 ed fe ff 48 8d 35 9d 3b 

Register to memory mapping:

RAX=0x0000000000000008 is an unknown value
RBX=0x0000000000564600: _ZSt4cout+0 in /home/yuejia/Documents/Pregel+/subgraph/Debug/subgraph at 0x0000000000400000
RCX=0x00000000206f7420 is an unknown value
RDX=0x00007feab0ecb3d0: _ZTVSo+0x18 in /lib/x86_64-linux-gnu/libstdc++.so.6 at 0x00007feab0cf3000
RSP=0x00007ffc4a010240 is pointing into the stack for thread: 0x00000000024d0800
RBP=0x00007ffc4a0103e0 is pointing into the stack for thread: 0x00000000024d0800
RSI=0x00000000206f7420 is an unknown value
RDI=0x00007ffc4a010290 is pointing into the stack for thread: 0x00000000024d0800
R8 =0x0000000000000004 is an unknown value
R9 =0x00007ffc4a010100 is pointing into the stack for thread: 0x00000000024d0800
R10=0x0000000000000001 is an unknown value
R11=0x0000000000000000 is an unknown value
R12=0x0000000000000003 is an unknown value
R13=0x00007ffc4a0109b0 is pointing into the stack for thread: 0x00000000024d0800
R14=0x0000000000000000 is an unknown value
R15=0x0000000000000000 is an unknown value


Stack: [0x00007ffc49f14000,0x00007ffc4a014000],  sp=0x00007ffc4a010240,  free space=1008k
Native frames: (J=compiled Java code, j=interpreted, Vv=VM code, C=native code)
C  [subgraph+0xc49ff]  SIVertex::filter(std::vector<SIMessage, std::allocator<SIMessage> >&)+0x2d9
C  [subgraph+0xdb6cd]  Worker<SIVertex, SIQuery, DummyAgg>::active_compute(int, WorkerParams, int)+0x1c7
C  [subgraph+0xce445]  Worker<SIVertex, SIQuery, DummyAgg>::run_type(int, WorkerParams const&)+0x2d9
C  [subgraph+0xba35a]  pregel_subgraph(WorkerParams const&)+0x1cb
C  [subgraph+0xba859]  main+0x1b3
C  [libc.so.6+0x270b3]  __libc_start_main+0xf3


---------------  P R O C E S S  ---------------

Java Threads: ( => current thread )
  0x000000000317b800 JavaThread "org.apache.hadoop.hdfs.PeerCache@7b205dbd" daemon [_thread_blocked, id=4357, stack(0x00007fea820f9000,0x00007fea821fa000)]
  0x0000000003088000 JavaThread "client DomainSocketWatcher" daemon [_thread_in_native, id=4348, stack(0x00007fea825fc000,0x00007fea826fd000)]
  0x0000000002dd1800 JavaThread "org.apache.hadoop.fs.FileSystem$Statistics$StatisticsDataReferenceCleaner" daemon [_thread_blocked, id=4331, stack(0x00007fea82f21000,0x00007fea83022000)]
  0x0000000002d69800 JavaThread "process reaper" daemon [_thread_blocked, id=4328, stack(0x00007fea980dc000,0x00007fea98115000)]
  0x0000000002586000 JavaThread "Service Thread" daemon [_thread_blocked, id=4322, stack(0x00007fea9870a000,0x00007fea9880b000)]
  0x0000000002582800 JavaThread "C1 CompilerThread2" daemon [_thread_blocked, id=4321, stack(0x00007fea9880c000,0x00007fea9890c000)]
  0x0000000002581000 JavaThread "C2 CompilerThread1" daemon [_thread_in_native, id=4320, stack(0x00007fea9890d000,0x00007fea98a0d000)]
  0x000000000257e000 JavaThread "C2 CompilerThread0" daemon [_thread_blocked, id=4319, stack(0x00007fea98a0e000,0x00007fea98b0e000)]
  0x000000000257c800 JavaThread "Signal Dispatcher" daemon [_thread_blocked, id=4318, stack(0x00007fea98b0e000,0x00007fea98c0f000)]
  0x000000000254c000 JavaThread "Finalizer" daemon [_thread_blocked, id=4317, stack(0x00007fea98c0f000,0x00007fea98d10000)]
  0x0000000002547800 JavaThread "Reference Handler" daemon [_thread_blocked, id=4316, stack(0x00007fea98d10000,0x00007fea98e11000)]
=>0x00000000024d0800 JavaThread "main" [_thread_in_native, id=4303, stack(0x00007ffc49f14000,0x00007ffc4a014000)]

Other Threads:
  0x000000000253d800 VMThread [stack: 0x00007fea98e12000,0x00007fea98f12000] [id=4315]
  0x0000000002588800 WatcherThread [stack: 0x00007fea9860a000,0x00007fea9870a000] [id=4323]

VM state:not at safepoint (normal execution)

VM Mutex/Monitor currently owned by a thread: None

heap address: 0x00000000c2800000, size: 984 MB, Compressed Oops mode: 32-bit
Narrow klass base: 0x0000000000000000, Narrow klass shift: 3
Compressed class space size: 1073741824 Address: 0x0000000100000000

Heap:
 PSYoungGen      total 66048K, used 60776K [0x00000000eb800000, 0x00000000efb00000, 0x0000000100000000)
  eden space 63488K, 91% used [0x00000000eb800000,0x00000000ef0de198,0x00000000ef600000)
  from space 2560K, 99% used [0x00000000ef880000,0x00000000efafc030,0x00000000efb00000)
  to   space 2560K, 0% used [0x00000000ef600000,0x00000000ef600000,0x00000000ef880000)
 ParOldGen       total 42496K, used 6349K [0x00000000c2800000, 0x00000000c5180000, 0x00000000eb800000)
  object space 42496K, 14% used [0x00000000c2800000,0x00000000c2e334c8,0x00000000c5180000)
 Metaspace       used 20428K, capacity 20632K, committed 20864K, reserved 1067008K
  class space    used 2289K, capacity 2340K, committed 2432K, reserved 1048576K

Card table byte_map: [0x00007fea9cfeb000,0x00007fea9d1d8000] byte_map_base: 0x00007fea9c9d7000

Marking Bits: (ParMarkBitMap*) 0x00007feab1dba520
 Begin Bits: [0x00007fea9abdf000, 0x00007fea9bb3f000)
 End Bits:   [0x00007fea9bb3f000, 0x00007fea9ca9f000)

Polling page: 0x00007feab0ed5000

CodeCache: size=245760Kb used=4232Kb max_used=4232Kb free=241527Kb
 bounds [0x00007fea9d598000, 0x00007fea9d9c8000, 0x00007feaac598000]
 total_blobs=1442 nmethods=1021 adapters=336
 compilation: enabled

Compilation events (10 events):
Event: 3.157 Thread 0x0000000002582800 1019       3       java.net.URI$Parser::scan (50 bytes)
Event: 3.157 Thread 0x0000000002582800 nmethod 1019 0x00007fea9d9bb210 code [0x00007fea9d9bb3e0, 0x00007fea9d9bbc88]
Event: 3.157 Thread 0x0000000002582800 1018       1       java.util.Collections$EmptyIterator::hasNext (2 bytes)
Event: 3.157 Thread 0x0000000002582800 nmethod 1018 0x00007fea9d9bc110 code [0x00007fea9d9bc260, 0x00007fea9d9bc370]
Event: 3.157 Thread 0x0000000002582800 1022       3       com.google.protobuf.CodedOutputStream::computeRawVarint32Size (39 bytes)
Event: 3.157 Thread 0x0000000002582800 nmethod 1022 0x00007fea9d9bc3d0 code [0x00007fea9d9bc540, 0x00007fea9d9bc7d0]
Event: 3.157 Thread 0x0000000002582800 1020       3       java.lang.Integer::parseInt (7 bytes)
Event: 3.158 Thread 0x0000000002582800 nmethod 1020 0x00007fea9d9bc850 code [0x00007fea9d9bc9c0, 0x00007fea9d9bcb28]
Event: 3.158 Thread 0x0000000002582800 1021       1       java.net.InetAddress::holder (5 bytes)
Event: 3.158 Thread 0x0000000002582800 nmethod 1021 0x00007fea9d9bcbd0 code [0x00007fea9d9bcd20, 0x00007fea9d9bce30]

GC Heap History (8 events):
Event: 0.639 GC heap before
{Heap before GC invocations=1 (full 0):
 PSYoungGen      total 18432K, used 15872K [0x00000000eb800000, 0x00000000ecc80000, 0x0000000100000000)
  eden space 15872K, 100% used [0x00000000eb800000,0x00000000ec780000,0x00000000ec780000)
  from space 2560K, 0% used [0x00000000eca00000,0x00000000eca00000,0x00000000ecc80000)
  to   space 2560K, 0% used [0x00000000ec780000,0x00000000ec780000,0x00000000eca00000)
 ParOldGen       total 42496K, used 0K [0x00000000c2800000, 0x00000000c5180000, 0x00000000eb800000)
  object space 42496K, 0% used [0x00000000c2800000,0x00000000c2800000,0x00000000c5180000)
 Metaspace       used 5773K, capacity 5812K, committed 6016K, reserved 1056768K
  class space    used 613K, capacity 624K, committed 640K, reserved 1048576K
Event: 0.654 GC heap after
Heap after GC invocations=1 (full 0):
 PSYoungGen      total 18432K, used 2534K [0x00000000eb800000, 0x00000000edc00000, 0x0000000100000000)
  eden space 15872K, 0% used [0x00000000eb800000,0x00000000eb800000,0x00000000ec780000)
  from space 2560K, 98% used [0x00000000ec780000,0x00000000ec9f9988,0x00000000eca00000)
  to   space 2560K, 0% used [0x00000000ed980000,0x00000000ed980000,0x00000000edc00000)
 ParOldGen       total 42496K, used 202K [0x00000000c2800000, 0x00000000c5180000, 0x00000000eb800000)
  object space 42496K, 0% used [0x00000000c2800000,0x00000000c2832998,0x00000000c5180000)
 Metaspace       used 5773K, capacity 5812K, committed 6016K, reserved 1056768K
  class space    used 613K, capacity 624K, committed 640K, reserved 1048576K
}
Event: 0.999 GC heap before
{Heap before GC invocations=2 (full 0):
 PSYoungGen      total 18432K, used 18406K [0x00000000eb800000, 0x00000000edc00000, 0x0000000100000000)
  eden space 15872K, 100% used [0x00000000eb800000,0x00000000ec780000,0x00000000ec780000)
  from space 2560K, 98% used [0x00000000ec780000,0x00000000ec9f9988,0x00000000eca00000)
  to   space 2560K, 0% used [0x00000000ed980000,0x00000000ed980000,0x00000000edc00000)
 ParOldGen       total 42496K, used 202K [0x00000000c2800000, 0x00000000c5180000, 0x00000000eb800000)
  object space 42496K, 0% used [0x00000000c2800000,0x00000000c2832998,0x00000000c5180000)
 Metaspace       used 8057K, capacity 8156K, committed 8448K, reserved 1056768K
  class space    used 876K, capacity 912K, committed 1024K, reserved 1048576K
Event: 1.005 GC heap after
Heap after GC invocations=2 (full 0):
 PSYoungGen      total 34304K, used 2541K [0x00000000eb800000, 0x00000000edc00000, 0x0000000100000000)
  eden space 31744K, 0% used [0x00000000eb800000,0x00000000eb800000,0x00000000ed700000)
  from space 2560K, 99% used [0x00000000ed980000,0x00000000edbfb530,0x00000000edc00000)
  to   space 2560K, 0% used [0x00000000ed700000,0x00000000ed700000,0x00000000ed980000)
 ParOldGen       total 42496K, used 1000K [0x00000000c2800000, 0x00000000c5180000, 0x00000000eb800000)
  object space 42496K, 2% used [0x00000000c2800000,0x00000000c28fa198,0x00000000c5180000)
 Metaspace       used 8057K, capacity 8156K, committed 8448K, reserved 1056768K
  class space    used 876K, capacity 912K, committed 1024K, reserved 1048576K
}
Event: 1.735 GC heap before
{Heap before GC invocations=3 (full 0):
 PSYoungGen      total 34304K, used 34285K [0x00000000eb800000, 0x00000000edc00000, 0x0000000100000000)
  eden space 31744K, 100% used [0x00000000eb800000,0x00000000ed700000,0x00000000ed700000)
  from space 2560K, 99% used [0x00000000ed980000,0x00000000edbfb530,0x00000000edc00000)
  to   space 2560K, 0% used [0x00000000ed700000,0x00000000ed700000,0x00000000ed980000)
 ParOldGen       total 42496K, used 1000K [0x00000000c2800000, 0x00000000c5180000, 0x00000000eb800000)
  object space 42496K, 2% used [0x00000000c2800000,0x00000000c28fa198,0x00000000c5180000)
 Metaspace       used 13050K, capacity 13238K, committed 13440K, reserved 1060864K
  class space    used 1470K, capacity 1539K, committed 1664K, reserved 1048576K
Event: 1.743 GC heap after
Heap after GC invocations=3 (full 0):
 PSYoungGen      total 34304K, used 2544K [0x00000000eb800000, 0x00000000efb00000, 0x0000000100000000)
  eden space 31744K, 0% used [0x00000000eb800000,0x00000000eb800000,0x00000000ed700000)
  from space 2560K, 99% used [0x00000000ed700000,0x00000000ed97c010,0x00000000ed980000)
  to   space 2560K, 0% used [0x00000000ef880000,0x00000000ef880000,0x00000000efb00000)
 ParOldGen       total 42496K, used 3566K [0x00000000c2800000, 0x00000000c5180000, 0x00000000eb800000)
  object space 42496K, 8% used [0x00000000c2800000,0x00000000c2b7ba68,0x00000000c5180000)
 Metaspace       used 13050K, capacity 13238K, committed 13440K, reserved 1060864K
  class space    used 1470K, capacity 1539K, committed 1664K, reserved 1048576K
}
Event: 2.069 GC heap before
{Heap before GC invocations=4 (full 0):
 PSYoungGen      total 34304K, used 34288K [0x00000000eb800000, 0x00000000efb00000, 0x0000000100000000)
  eden space 31744K, 100% used [0x00000000eb800000,0x00000000ed700000,0x00000000ed700000)
  from space 2560K, 99% used [0x00000000ed700000,0x00000000ed97c010,0x00000000ed980000)
  to   space 2560K, 0% used [0x00000000ef880000,0x00000000ef880000,0x00000000efb00000)
 ParOldGen       total 42496K, used 3566K [0x00000000c2800000, 0x00000000c5180000, 0x00000000eb800000)
  object space 42496K, 8% used [0x00000000c2800000,0x00000000c2b7ba68,0x00000000c5180000)
 Metaspace       used 15644K, capacity 15798K, committed 16000K, reserved 1062912K
  class space    used 1723K, capacity 1795K, committed 1920K, reserved 1048576K
Event: 2.081 GC heap after
Heap after GC invocations=4 (full 0):
 PSYoungGen      total 66048K, used 2544K [0x00000000eb800000, 0x00000000efb00000, 0x0000000100000000)
  eden space 63488K, 0% used [0x00000000eb800000,0x00000000eb800000,0x00000000ef600000)
  from space 2560K, 99% used [0x00000000ef880000,0x00000000efafc030,0x00000000efb00000)
  to   space 2560K, 0% used [0x00000000ef600000,0x00000000ef600000,0x00000000ef880000)
 ParOldGen       total 42496K, used 6349K [0x00000000c2800000, 0x00000000c5180000, 0x00000000eb800000)
  object space 42496K, 14% used [0x00000000c2800000,0x00000000c2e334c8,0x00000000c5180000)
 Metaspace       used 15644K, capacity 15798K, committed 16000K, reserved 1062912K
  class space    used 1723K, capacity 1795K, committed 1920K, reserved 1048576K
}

Deoptimization events (10 events):
Event: 1.205 Thread 0x00000000024d0800 Uncommon trap: reason=unstable_if action=reinterpret pc=0x00007fea9d842e34 method=com.ctc.wstx.io.WstxInputData.isNameChar(C)Z @ 31
Event: 1.205 Thread 0x00000000024d0800 Uncommon trap: reason=unstable_if action=reinterpret pc=0x00007fea9d85204c method=com.ctc.wstx.sr.BasicStreamReader.readTextPrimary(C)Z @ 191
Event: 1.483 Thread 0x00000000024d0800 Uncommon trap: reason=unstable_if action=reinterpret pc=0x00007fea9d86691c method=com.ctc.wstx.io.UTF8Reader.read([CII)I @ 269
Event: 2.568 Thread 0x00000000024d0800 Uncommon trap: reason=predicate action=maybe_recompile pc=0x00007fea9d93734c method=java.util.LinkedList.toArray([Ljava/lang/Object;)[Ljava/lang/Object; @ 45
Event: 2.572 Thread 0x00000000024d0800 Uncommon trap: reason=array_check action=maybe_recompile pc=0x00007fea9d936f10 method=java.util.LinkedList.toArray([Ljava/lang/Object;)[Ljava/lang/Object; @ 55
Event: 2.572 Thread 0x00000000024d0800 Uncommon trap: reason=array_check action=maybe_recompile pc=0x00007fea9d936f10 method=java.util.LinkedList.toArray([Ljava/lang/Object;)[Ljava/lang/Object; @ 55
Event: 2.572 Thread 0x00000000024d0800 Uncommon trap: reason=array_check action=maybe_recompile pc=0x00007fea9d936f10 method=java.util.LinkedList.toArray([Ljava/lang/Object;)[Ljava/lang/Object; @ 55
Event: 2.572 Thread 0x00000000024d0800 Uncommon trap: reason=array_check action=maybe_recompile pc=0x00007fea9d936f10 method=java.util.LinkedList.toArray([Ljava/lang/Object;)[Ljava/lang/Object; @ 55
Event: 2.807 Thread 0x00000000024d0800 Uncommon trap: reason=bimorphic action=maybe_recompile pc=0x00007fea9d90a4f4 method=java.io.DataOutputStream.writeShort(I)V @ 12
Event: 3.157 Thread 0x00000000024d0800 Uncommon trap: reason=bimorphic action=maybe_recompile pc=0x00007fea9d90a4f4 method=java.io.DataOutputStream.writeShort(I)V @ 12

Classes redefined (0 events):
No events

Internal exceptions (10 events):
Event: 1.375 Thread 0x00000000024d0800 Exception <a 'java/lang/NoSuchFieldError': method resolution failed> (0x00000000ec5553e8) thrown at [/build/openjdk-8-ncNGZp/openjdk-8-8u265-b01/src/hotspot/src/share/vm/prims/methodHandles.cpp, line 1169]
Event: 1.511 Thread 0x00000000024d0800 Exception <a 'java/io/FileNotFoundException'> (0x00000000ec712698) thrown at [/build/openjdk-8-ncNGZp/openjdk-8-8u265-b01/src/hotspot/src/share/vm/prims/jni.cpp, line 711]
Event: 1.511 Thread 0x00000000024d0800 Exception <a 'java/security/PrivilegedActionException'> (0x00000000ec712b00) thrown at [/build/openjdk-8-ncNGZp/openjdk-8-8u265-b01/src/hotspot/src/share/vm/prims/jvm.cpp, line 1510]
Event: 1.512 Thread 0x00000000024d0800 Exception <a 'java/lang/reflect/InvocationTargetException'> (0x00000000ec714c48) thrown at [/build/openjdk-8-ncNGZp/openjdk-8-8u265-b01/src/hotspot/src/share/vm/runtime/reflection.cpp, line 1090]
Event: 2.503 Thread 0x00000000030c9000 Exception <a 'java/lang/InterruptedException'> (0x00000000ed69b050) thrown at [/build/openjdk-8-ncNGZp/openjdk-8-8u265-b01/src/hotspot/src/share/vm/runtime/objectMonitor.cpp, line 1692]
Event: 2.557 Thread 0x00000000030e8000 Exception <a 'java/lang/InterruptedException'> (0x00000000edabb978) thrown at [/build/openjdk-8-ncNGZp/openjdk-8-8u265-b01/src/hotspot/src/share/vm/runtime/objectMonitor.cpp, line 1692]
Event: 2.852 Thread 0x00000000030fb800 Exception <a 'java/lang/InterruptedException'> (0x00000000ede6d6c8) thrown at [/build/openjdk-8-ncNGZp/openjdk-8-8u265-b01/src/hotspot/src/share/vm/runtime/objectMonitor.cpp, line 1692]
Event: 3.003 Thread 0x00000000030fb800 Exception <a 'java/lang/InterruptedException'> (0x00000000eebea730) thrown at [/build/openjdk-8-ncNGZp/openjdk-8-8u265-b01/src/hotspot/src/share/vm/runtime/objectMonitor.cpp, line 1692]
Event: 3.088 Thread 0x00000000030fb800 Exception <a 'java/lang/InterruptedException'> (0x00000000eee62658) thrown at [/build/openjdk-8-ncNGZp/openjdk-8-8u265-b01/src/hotspot/src/share/vm/runtime/objectMonitor.cpp, line 1692]
Event: 3.159 Thread 0x00000000030fb800 Exception <a 'java/lang/InterruptedException'> (0x00000000eefa1020) thrown at [/build/openjdk-8-ncNGZp/openjdk-8-8u265-b01/src/hotspot/src/share/vm/runtime/objectMonitor.cpp, line 1692]

Events (10 events):
Event: 3.086 Thread 0x0000000003162800 Thread added: 0x0000000003162800
Event: 3.088 Thread 0x00000000030fb800 Thread exited: 0x00000000030fb800
Event: 3.099 Thread 0x0000000003162800 Thread exited: 0x0000000003162800
Event: 3.140 Thread 0x00000000030fb800 Thread added: 0x00000000030fb800
Event: 3.153 Thread 0x0000000003162800 Thread added: 0x0000000003162800
Event: 3.157 Thread 0x00000000024d0800 Uncommon trap: trap_request=0xffffffc6 fr.pc=0x00007fea9d90a4f4
Event: 3.157 Thread 0x00000000024d0800 DEOPT PACKING pc=0x00007fea9d90a4f4 sp=0x00007ffc49fff6b0
Event: 3.157 Thread 0x00000000024d0800 DEOPT UNPACKING pc=0x00007fea9d5dd47a sp=0x00007ffc49fff6c0 mode 2
Event: 3.159 Thread 0x00000000030fb800 Thread exited: 0x00000000030fb800
Event: 3.170 Thread 0x0000000003162800 Thread exited: 0x0000000003162800


Dynamic libraries:
00400000-004b3000 r--p 00000000 08:05 803621                             /home/yuejia/Documents/Pregel+/subgraph/Debug/subgraph
004b3000-00528000 r-xp 000b3000 08:05 803621                             /home/yuejia/Documents/Pregel+/subgraph/Debug/subgraph
00528000-00560000 r--p 00128000 08:05 803621                             /home/yuejia/Documents/Pregel+/subgraph/Debug/subgraph
00560000-00562000 r--p 0015f000 08:05 803621                             /home/yuejia/Documents/Pregel+/subgraph/Debug/subgraph
00562000-00563000 rw-p 00161000 08:05 803621                             /home/yuejia/Documents/Pregel+/subgraph/Debug/subgraph
00563000-00565000 rw-p 00000000 00:00 0 
0240e000-031a9000 rw-p 00000000 00:00 0                                  [heap]
c2800000-c5180000 rw-p 00000000 00:00 0 
c5180000-eb800000 ---p 00000000 00:00 0 
eb800000-efb00000 rw-p 00000000 00:00 0 
efb00000-100000000 ---p 00000000 00:00 0 
100000000-100260000 rw-p 00000000 00:00 0 
100260000-140000000 ---p 00000000 00:00 0 
7fea48000000-7fea48021000 rw-p 00000000 00:00 0 
7fea48021000-7fea4c000000 ---p 00000000 00:00 0 
7fea4c000000-7fea4c021000 rw-p 00000000 00:00 0 
7fea4c021000-7fea50000000 ---p 00000000 00:00 0 
7fea50000000-7fea50021000 rw-p 00000000 00:00 0 
7fea50021000-7fea54000000 ---p 00000000 00:00 0 
7fea54000000-7fea54024000 rw-p 00000000 00:00 0 
7fea54024000-7fea58000000 ---p 00000000 00:00 0 
7fea58000000-7fea58021000 rw-p 00000000 00:00 0 
7fea58021000-7fea5c000000 ---p 00000000 00:00 0 
7fea5c000000-7fea5c021000 rw-p 00000000 00:00 0 
7fea5c021000-7fea60000000 ---p 00000000 00:00 0 
7fea60000000-7fea60021000 rw-p 00000000 00:00 0 
7fea60021000-7fea64000000 ---p 00000000 00:00 0 
7fea64000000-7fea64021000 rw-p 00000000 00:00 0 
7fea64021000-7fea68000000 ---p 00000000 00:00 0 
7fea68000000-7fea68ba1000 rw-p 00000000 00:00 0 
7fea68ba1000-7fea6c000000 ---p 00000000 00:00 0 
7fea6c000000-7fea6c43e000 rw-p 00000000 00:00 0 
7fea6c43e000-7fea70000000 ---p 00000000 00:00 0 
7fea70000000-7fea70021000 rw-p 00000000 00:00 0 
7fea70021000-7fea74000000 ---p 00000000 00:00 0 
7fea74000000-7fea74429000 rw-p 00000000 00:00 0 
7fea74429000-7fea78000000 ---p 00000000 00:00 0 
7fea78000000-7fea78021000 rw-p 00000000 00:00 0 
7fea78021000-7fea7c000000 ---p 00000000 00:00 0 
7fea7c000000-7fea7c021000 rw-p 00000000 00:00 0 
7fea7c021000-7fea80000000 ---p 00000000 00:00 0 
7fea81f5a000-7fea820f9000 rw-p 00000000 00:00 0 
7fea820f9000-7fea820fc000 ---p 00000000 00:00 0 
7fea820fc000-7fea821fa000 rw-p 00000000 00:00 0 
7fea821fa000-7fea821fd000 ---p 00000000 00:00 0 
7fea821fd000-7fea822fb000 rw-p 00000000 00:00 0 
7fea822fb000-7fea822fe000 ---p 00000000 00:00 0 
7fea822fe000-7fea825fc000 rw-p 00000000 00:00 0 
7fea825fc000-7fea825ff000 ---p 00000000 00:00 0 
7fea825ff000-7fea828fd000 rw-p 00000000 00:00 0 
7fea828fd000-7fea82afd000 rw-p 00000000 00:00 0 
7fea82afd000-7fea82cfd000 rw-p 00000000 00:00 0 
7fea82cfd000-7fea82d20000 r-xp 00000000 08:05 292203                     /usr/local/hadoop-2.10.0/lib/native/libhadoop.so.1.0.0
7fea82d20000-7fea82f1f000 ---p 00023000 08:05 292203                     /usr/local/hadoop-2.10.0/lib/native/libhadoop.so.1.0.0
7fea82f1f000-7fea82f20000 r--p 00022000 08:05 292203                     /usr/local/hadoop-2.10.0/lib/native/libhadoop.so.1.0.0
7fea82f20000-7fea82f21000 rw-p 00023000 08:05 292203                     /usr/local/hadoop-2.10.0/lib/native/libhadoop.so.1.0.0
7fea82f21000-7fea82f24000 ---p 00000000 00:00 0 
7fea82f24000-7fea83222000 rw-p 00000000 00:00 0 
7fea83222000-7fea84000000 r--p 00000000 08:05 140685                     /usr/lib/locale/locale-archive
7fea84000000-7fea84021000 rw-p 00000000 00:00 0 
7fea84021000-7fea88000000 ---p 00000000 00:00 0 
7fea88000000-7fea88021000 rw-p 00000000 00:00 0 
7fea88021000-7fea8c000000 ---p 00000000 00:00 0 
7fea8c000000-7fea8c021000 rw-p 00000000 00:00 0 
7fea8c021000-7fea90000000 ---p 00000000 00:00 0 
7fea90000000-7fea90021000 rw-p 00000000 00:00 0 
7fea90021000-7fea94000000 ---p 00000000 00:00 0 
7fea94000000-7fea94021000 rw-p 00000000 00:00 0 
7fea94021000-7fea98000000 ---p 00000000 00:00 0 
7fea980d0000-7fea980d2000 r--s 00016000 08:05 577                        /usr/lib/jvm/java-8-openjdk-amd64/jre/lib/jce.jar
7fea980d2000-7fea980d7000 r--s 000a7000 08:05 579                        /usr/lib/jvm/java-8-openjdk-amd64/jre/lib/jsse.jar
7fea980d7000-7fea980d8000 r--p 00000000 08:05 527                        /usr/lib/jvm/java-8-openjdk-amd64/jre/lib/amd64/libjaas_unix.so
7fea980d8000-7fea980d9000 r-xp 00001000 08:05 527                        /usr/lib/jvm/java-8-openjdk-amd64/jre/lib/amd64/libjaas_unix.so
7fea980d9000-7fea980da000 r--p 00002000 08:05 527                        /usr/lib/jvm/java-8-openjdk-amd64/jre/lib/amd64/libjaas_unix.so
7fea980da000-7fea980db000 r--p 00002000 08:05 527                        /usr/lib/jvm/java-8-openjdk-amd64/jre/lib/amd64/libjaas_unix.so
7fea980db000-7fea980dc000 rw-p 00003000 08:05 527                        /usr/lib/jvm/java-8-openjdk-amd64/jre/lib/amd64/libjaas_unix.so
7fea980dc000-7fea980df000 ---p 00000000 00:00 0 
7fea980df000-7fea98115000 rw-p 00000000 00:00 0 
7fea98115000-7fea98119000 r--p 00000000 08:05 537                        /usr/lib/jvm/java-8-openjdk-amd64/jre/lib/amd64/libmanagement.so
7fea98119000-7fea9811d000 r-xp 00004000 08:05 537                        /usr/lib/jvm/java-8-openjdk-amd64/jre/lib/amd64/libmanagement.so
7fea9811d000-7fea9811f000 r--p 00008000 08:05 537                        /usr/lib/jvm/java-8-openjdk-amd64/jre/lib/amd64/libmanagement.so
7fea9811f000-7fea98120000 r--p 00009000 08:05 537                        /usr/lib/jvm/java-8-openjdk-amd64/jre/lib/amd64/libmanagement.so
7fea98120000-7fea98121000 rw-p 0000a000 08:05 537                        /usr/lib/jvm/java-8-openjdk-amd64/jre/lib/amd64/libmanagement.so
7fea98121000-7fea98126000 r--s 0003e000 08:05 330697                     /usr/local/hadoop-2.10.0/share/hadoop/hdfs/hadoop-hdfs-rbf-2.10.0-tests.jar
7fea98126000-7fea98136000 r--s 000d5000 08:05 330695                     /usr/local/hadoop-2.10.0/share/hadoop/hdfs/hadoop-hdfs-rbf-2.10.0.jar
7fea98136000-7fea98138000 r--s 0001f000 08:05 330696                     /usr/local/hadoop-2.10.0/share/hadoop/hdfs/hadoop-hdfs-nfs-2.10.0.jar
7fea98138000-7fea98139000 r--s 00007000 08:05 330698                     /usr/local/hadoop-2.10.0/share/hadoop/hdfs/hadoop-hdfs-native-client-2.10.0-tests.jar
7fea98139000-7fea9813a000 r--s 00007000 08:05 330694                     /usr/local/hadoop-2.10.0/share/hadoop/hdfs/hadoop-hdfs-native-client-2.10.0.jar
7fea9813a000-7fea9813d000 r--s 0001d000 08:05 330632                     /usr/local/hadoop-2.10.0/share/hadoop/hdfs/hadoop-hdfs-client-2.10.0-tests.jar
7fea9813d000-7fea98178000 r--s 003cf000 08:05 330641                     /usr/local/hadoop-2.10.0/share/hadoop/hdfs/hadoop-hdfs-client-2.10.0.jar
7fea98178000-7fea981a6000 r--s 00403000 08:05 330691                     /usr/local/hadoop-2.10.0/share/hadoop/hdfs/hadoop-hdfs-2.10.0-tests.jar
7fea981a6000-7fea981e6000 r--s 004b1000 08:05 330692                     /usr/local/hadoop-2.10.0/share/hadoop/hdfs/hadoop-hdfs-2.10.0.jar
7fea981e6000-7fea981eb000 r--s 0002a000 08:05 330928                     /usr/local/hadoop-2.10.0/share/hadoop/common/hadoop-nfs-2.10.0.jar
7fea981eb000-7fea98214000 r--s 00262000 08:05 330838                     /usr/local/hadoop-2.10.0/share/hadoop/common/hadoop-common-2.10.0-tests.jar
7fea98214000-7fea98245000 rw-p 00000000 00:00 0 
7fea98245000-7fea98249000 r--p 00000000 08:05 539                        /usr/lib/jvm/java-8-openjdk-amd64/jre/lib/amd64/libnet.so
7fea98249000-7fea9825a000 r-xp 00004000 08:05 539                        /usr/lib/jvm/java-8-openjdk-amd64/jre/lib/amd64/libnet.so
7fea9825a000-7fea9825e000 r--p 00015000 08:05 539                        /usr/lib/jvm/java-8-openjdk-amd64/jre/lib/amd64/libnet.so
7fea9825e000-7fea9825f000 r--p 00018000 08:05 539                        /usr/lib/jvm/java-8-openjdk-amd64/jre/lib/amd64/libnet.so
7fea9825f000-7fea98260000 rw-p 00019000 08:05 539                        /usr/lib/jvm/java-8-openjdk-amd64/jre/lib/amd64/libnet.so
7fea98260000-7fea98267000 r--p 00000000 08:05 540                        /usr/lib/jvm/java-8-openjdk-amd64/jre/lib/amd64/libnio.so
7fea98267000-7fea98270000 r-xp 00007000 08:05 540                        /usr/lib/jvm/java-8-openjdk-amd64/jre/lib/amd64/libnio.so
7fea98270000-7fea98273000 r--p 00010000 08:05 540                        /usr/lib/jvm/java-8-openjdk-amd64/jre/lib/amd64/libnio.so
7fea98273000-7fea98274000 r--p 00012000 08:05 540                        /usr/lib/jvm/java-8-openjdk-amd64/jre/lib/amd64/libnio.so
7fea98274000-7fea98275000 rw-p 00013000 08:05 540                        /usr/lib/jvm/java-8-openjdk-amd64/jre/lib/amd64/libnio.so
7fea98275000-7fea982b2000 r--s 0038d000 08:05 330857                     /usr/local/hadoop-2.10.0/share/hadoop/common/hadoop-common-2.10.0.jar
7fea982b2000-7fea982b3000 r--s 00003000 08:05 330607                     /usr/local/hadoop-2.10.0/share/hadoop/hdfs/lib/xmlenc-0.52.jar
7fea982b3000-7fea982bc000 r--s 0002d000 08:05 330608                     /usr/local/hadoop-2.10.0/share/hadoop/hdfs/lib/xml-apis-1.4.01.jar
7fea982bc000-7fea982d5000 r--s 0013a000 08:05 330603                     /usr/local/hadoop-2.10.0/share/hadoop/hdfs/lib/xercesImpl-2.12.0.jar
7fea982d5000-7fea982d7000 r--s 00018000 08:05 330610                     /usr/local/hadoop-2.10.0/share/hadoop/hdfs/lib/servlet-api-2.5.jar
7fea982d7000-7fea982df000 r--s 0007b000 08:05 330622                     /usr/local/hadoop-2.10.0/share/hadoop/hdfs/lib/protobuf-java-2.5.0.jar
7fea982df000-7fea982e1000 r--s 0000f000 08:05 330606                     /usr/local/hadoop-2.10.0/share/hadoop/hdfs/lib/okio-1.6.0.jar
7fea982e1000-7fea982e6000 r--s 0004c000 08:05 330609                     /usr/local/hadoop-2.10.0/share/hadoop/hdfs/lib/okhttp-2.7.5.jar
7fea982e6000-7fea98303000 r--s 00196000 08:05 330625                     /usr/local/hadoop-2.10.0/share/hadoop/hdfs/lib/netty-all-4.0.23.Final.jar
7fea98303000-7fea9831c000 r--s 00123000 08:05 330605                     /usr/local/hadoop-2.10.0/share/hadoop/hdfs/lib/netty-3.10.6.Final.jar
7fea9831c000-7fea98325000 r--s 0006f000 08:05 330623                     /usr/local/hadoop-2.10.0/share/hadoop/hdfs/lib/log4j-1.2.17.jar
7fea98325000-7fea98328000 r--s 000fd000 08:05 330630                     /usr/local/hadoop-2.10.0/share/hadoop/hdfs/lib/leveldbjni-all-1.8.jar
7fea98328000-7fea9832b000 r--s 00006000 08:05 330619                     /usr/local/hadoop-2.10.0/share/hadoop/hdfs/lib/jsr305-3.0.0.jar
7fea9832b000-7fea9832f000 r--s 00028000 08:05 330627                     /usr/local/hadoop-2.10.0/share/hadoop/hdfs/lib/jetty-util-6.1.26.jar
7fea9832f000-7fea98336000 r--s 0007d000 08:05 330602                     /usr/local/hadoop-2.10.0/share/hadoop/hdfs/lib/jetty-6.1.26.jar
7fea98336000-7fea98348000 r--s 0009d000 08:05 330614                     /usr/local/hadoop-2.10.0/share/hadoop/hdfs/lib/jersey-server-1.9.jar
7fea98348000-7fea98352000 r--s 00066000 08:05 330601                     /usr/local/hadoop-2.10.0/share/hadoop/hdfs/lib/jersey-core-1.9.jar
7fea98352000-7fea98360000 r--s 000b1000 08:05 330616                     /usr/local/hadoop-2.10.0/share/hadoop/hdfs/lib/jackson-mapper-asl-1.9.13.jar
7fea98360000-7fea98371000 r--s 00116000 08:05 330628                     /usr/local/hadoop-2.10.0/share/hadoop/hdfs/lib/jackson-databind-2.7.8.jar
7fea98371000-7fea98375000 r--s 00035000 08:05 330631                     /usr/local/hadoop-2.10.0/share/hadoop/hdfs/lib/jackson-core-asl-1.9.13.jar
7fea98375000-7fea98378000 r--s 0003b000 08:05 330620                     /usr/local/hadoop-2.10.0/share/hadoop/hdfs/lib/jackson-core-2.7.8.jar
7fea98378000-7fea9837b000 r--s 0000a000 08:05 330615                     /usr/local/hadoop-2.10.0/share/hadoop/hdfs/lib/jackson-annotations-2.7.8.jar
7fea9837b000-7fea98395000 r--s 00155000 08:05 330629                     /usr/local/hadoop-2.10.0/share/hadoop/hdfs/lib/htrace-core4-4.1.0-incubating.jar
7fea98395000-7fea983d0000 r--s 003cf000 08:05 330618                     /usr/local/hadoop-2.10.0/share/hadoop/hdfs/lib/hadoop-hdfs-client-2.10.0.jar
7fea983d0000-7fea983f1000 r--s 00172000 08:05 330612                     /usr/local/hadoop-2.10.0/share/hadoop/hdfs/lib/guava-11.0.2.jar
7fea983f1000-7fea983f3000 r--s 0000e000 08:05 330626                     /usr/local/hadoop-2.10.0/share/hadoop/hdfs/lib/commons-logging-1.1.3.jar
7fea983f3000-7fea983f8000 r--s 00041000 08:05 330613                     /usr/local/hadoop-2.10.0/share/hadoop/hdfs/lib/commons-lang-2.6.jar
7fea983f8000-7fea983fc000 r--s 0002a000 08:05 330604                     /usr/local/hadoop-2.10.0/share/hadoop/hdfs/lib/commons-io-2.4.jar
7fea983fc000-7fea983fd000 r--s 00005000 08:05 330617                     /usr/local/hadoop-2.10.0/share/hadoop/hdfs/lib/commons-daemon-1.0.13.jar
7fea983fd000-7fea983ff000 r--s 0000d000 08:05 330624                     /usr/local/hadoop-2.10.0/share/hadoop/hdfs/lib/commons-codec-1.4.jar
7fea983ff000-7fea98401000 r--s 00009000 08:05 330621                     /usr/local/hadoop-2.10.0/share/hadoop/hdfs/lib/commons-cli-1.2.jar
7fea98401000-7fea98402000 r--s 0000a000 08:05 330611                     /usr/local/hadoop-2.10.0/share/hadoop/hdfs/lib/asm-3.2.jar
7fea98402000-7fea9840f000 r--s 000b9000 08:05 330915                     /usr/local/hadoop-2.10.0/share/hadoop/common/lib/zookeeper-3.4.9.jar
7fea9840f000-7fea98410000 r--s 00003000 08:05 330870                     /usr/local/hadoop-2.10.0/share/hadoop/common/lib/xmlenc-0.52.jar
7fea98410000-7fea98416000 r--s 00078000 08:05 330923                     /usr/local/hadoop-2.10.0/share/hadoop/common/lib/woodstox-core-5.0.3.jar
7fea98416000-7fea98418000 r--s 00004000 08:05 330882                     /usr/local/hadoop-2.10.0/share/hadoop/common/lib/stax-api-1.0-2.jar
7fea98418000-7fea9841c000 r--s 00024000 08:05 330903                     /usr/local/hadoop-2.10.0/share/hadoop/common/lib/stax2-api-3.1.4.jar
7fea9841c000-7fea9841e000 r--s 00130000 08:05 330871                     /usr/local/hadoop-2.10.0/share/hadoop/common/lib/snappy-java-1.0.5.jar
7fea9841e000-7fea9841f000 r--s 00002000 08:05 330867                     /usr/local/hadoop-2.10.0/share/hadoop/common/lib/slf4j-log4j12-1.7.25.jar
7fea9841f000-7fea98421000 r--s 00009000 08:05 330865                     /usr/local/hadoop-2.10.0/share/hadoop/common/lib/slf4j-api-1.7.25.jar
7fea98421000-7fea98423000 r--s 00018000 08:05 330876                     /usr/local/hadoop-2.10.0/share/hadoop/common/lib/servlet-api-2.5.jar
7fea98423000-7fea9842b000 r--s 0007b000 08:05 330905                     /usr/local/hadoop-2.10.0/share/hadoop/common/lib/protobuf-java-2.5.0.jar
7fea9842b000-7fea9842d000 r--s 00006000 08:05 330892                     /usr/local/hadoop-2.10.0/share/hadoop/common/lib/paranamer-2.3.jar
7fea9842d000-7fea98433000 r--s 00044000 08:05 330889                     /usr/local/hadoop-2.10.0/share/hadoop/common/lib/nimbus-jose-jwt-4.41.1.jar
7fea98433000-7fea9844c000 r--s 00123000 08:05 330866                     /usr/local/hadoop-2.10.0/share/hadoop/common/lib/netty-3.10.6.Final.jar
7fea9844c000-7fea98469000 r--s 0013e000 08:05 330913                     /usr/local/hadoop-2.10.0/share/hadoop/common/lib/mockito-all-1.8.5.jar
7fea98469000-7fea98472000 r--s 0006f000 08:05 330909                     /usr/local/hadoop-2.10.0/share/hadoop/common/lib/log4j-1.2.17.jar
7fea98472000-7fea98478000 r--s 00036000 08:05 330904                     /usr/local/hadoop-2.10.0/share/hadoop/common/lib/junit-4.11.jar
7fea98478000-7fea9847b000 r--s 00006000 08:05 330897                     /usr/local/hadoop-2.10.0/share/hadoop/common/lib/jsr305-3.0.0.jar
7fea9847b000-7fea9847e000 r--s 00016000 08:05 330921                     /usr/local/hadoop-2.10.0/share/hadoop/common/lib/jsp-api-2.1.jar
7fea9847e000-7fea98481000 r--s 00011000 08:05 330864                     /usr/local/hadoop-2.10.0/share/hadoop/common/lib/json-smart-1.3.1.jar
7fea98481000-7fea98486000 r--s 00040000 08:05 330910                     /usr/local/hadoop-2.10.0/share/hadoop/common/lib/jsch-0.1.54.jar
7fea98486000-7fea9848a000 r--s 00028000 08:05 330917                     /usr/local/hadoop-2.10.0/share/hadoop/common/lib/jetty-util-6.1.26.jar
7fea9848a000-7fea9848b000 r--s 00004000 08:05 330907                     /usr/local/hadoop-2.10.0/share/hadoop/common/lib/jetty-sslengine-6.1.26.jar
7fea9848b000-7fea98492000 r--s 0007d000 08:05 330860                     /usr/local/hadoop-2.10.0/share/hadoop/common/lib/jetty-6.1.26.jar
7fea98492000-7fea98494000 r--s 0000f000 08:05 330901                     /usr/local/hadoop-2.10.0/share/hadoop/common/lib/jettison-1.1.jar
7fea98494000-7fea9849d000 r--s 0007b000 08:05 330863                     /usr/local/hadoop-2.10.0/share/hadoop/common/lib/jets3t-0.9.0.jar
7fea9849d000-7fea984af000 r--s 0009d000 08:05 330888                     /usr/local/hadoop-2.10.0/share/hadoop/common/lib/jersey-server-1.9.jar
7fea984af000-7fea984b3000 r--s 00021000 08:05 330885                     /usr/local/hadoop-2.10.0/share/hadoop/common/lib/jersey-json-1.9.jar
7fea984b3000-7fea984bd000 r--s 00066000 08:05 330859                     /usr/local/hadoop-2.10.0/share/hadoop/common/lib/jersey-core-1.9.jar
7fea984bd000-7fea984bf000 r--s 00000000 08:05 330881                     /usr/local/hadoop-2.10.0/share/hadoop/common/lib/jcip-annotations-1.0-1.jar
7fea984bf000-7fea984d2000 r--s 000c7000 08:05 330874                     /usr/local/hadoop-2.10.0/share/hadoop/common/lib/jaxb-impl-2.2.3-1.jar
7fea984d2000-7fea984d5000 r--s 00017000 08:05 330894                     /usr/local/hadoop-2.10.0/share/hadoop/common/lib/jaxb-api-2.2.2.jar
7fea984d5000-7fea984d6000 r--s 00004000 08:05 330884                     /usr/local/hadoop-2.10.0/share/hadoop/common/lib/java-xmlbuilder-0.4.jar
7fea984d6000-7fea984d7000 r--s 00006000 08:05 330878                     /usr/local/hadoop-2.10.0/share/hadoop/common/lib/jackson-xc-1.9.13.jar
7fea984d7000-7fea984e5000 r--s 000b1000 08:05 330890                     /usr/local/hadoop-2.10.0/share/hadoop/common/lib/jackson-mapper-asl-1.9.13.jar
7fea984e5000-7fea984e9000 r--s 00035000 08:05 330920                     /usr/local/hadoop-2.10.0/share/hadoop/common/lib/jackson-core-asl-1.9.13.jar
7fea984e9000-7fea984f0000 r--s 00049000 08:05 330906                     /usr/local/hadoop-2.10.0/share/hadoop/common/lib/httpcore-4.4.4.jar
7fea984f0000-7fea984fd000 r--s 000a7000 08:05 330872                     /usr/local/hadoop-2.10.0/share/hadoop/common/lib/httpclient-4.5.2.jar
7fea984fd000-7fea98517000 r--s 00155000 08:05 330918                     /usr/local/hadoop-2.10.0/share/hadoop/common/lib/htrace-core4-4.1.0-incubating.jar
7fea98517000-7fea98519000 r--s 00009000 08:05 330899                     /usr/local/hadoop-2.10.0/share/hadoop/common/lib/hamcrest-core-1.3.jar
7fea98519000-7fea9851c000 r--s 0001c000 08:05 330858                     /usr/local/hadoop-2.10.0/share/hadoop/common/lib/hadoop-auth-2.10.0.jar
7fea9851c000-7fea9851e000 r--s 0000a000 08:05 330924                     /usr/local/hadoop-2.10.0/share/hadoop/common/lib/hadoop-annotations-2.10.0.jar
7fea9851e000-7fea9853f000 r--s 00172000 08:05 330883                     /usr/local/hadoop-2.10.0/share/hadoop/common/lib/guava-11.0.2.jar
7fea9853f000-7fea98544000 r--s 0002a000 08:05 330912                     /usr/local/hadoop-2.10.0/share/hadoop/common/lib/gson-2.2.4.jar
7fea98544000-7fea9854c000 r--s 0003b000 08:05 330877                     /usr/local/hadoop-2.10.0/share/hadoop/common/lib/curator-recipes-2.7.1.jar
7fea9854c000-7fea98552000 r--s 00028000 08:05 330875                     /usr/local/hadoop-2.10.0/share/hadoop/common/lib/curator-framework-2.7.1.jar
7fea98552000-7fea98554000 r--s 0000f000 08:05 330908                     /usr/local/hadoop-2.10.0/share/hadoop/common/lib/curator-client-2.7.1.jar
7fea98554000-7fea98559000 r--s 0003e000 08:05 330893                     /usr/local/hadoop-2.10.0/share/hadoop/common/lib/commons-net-3.1.jar
7fea98559000-7fea98576000 r--s 0016a000 08:05 330911                     /usr/local/hadoop-2.10.0/share/hadoop/common/lib/commons-math3-3.1.1.jar
7fea98576000-7fea98578000 r--s 0000e000 08:05 330916                     /usr/local/hadoop-2.10.0/share/hadoop/common/lib/commons-logging-1.1.3.jar
7fea98578000-7fea9857f000 r--s 00064000 08:05 330869                     /usr/local/hadoop-2.10.0/share/hadoop/common/lib/commons-lang3-3.4.jar
7fea9857f000-7fea98584000 r--s 00041000 08:05 330887                     /usr/local/hadoop-2.10.0/share/hadoop/common/lib/commons-lang-2.6.jar
7fea98584000-7fea98588000 r--s 0002a000 08:05 330862                     /usr/local/hadoop-2.10.0/share/hadoop/common/lib/commons-io-2.4.jar
7fea98588000-7fea9858c000 r--s 00020000 08:05 330922                     /usr/local/hadoop-2.10.0/share/hadoop/common/lib/commons-digester-1.8.jar
7fea9858c000-7fea98592000 r--s 00043000 08:05 330891                     /usr/local/hadoop-2.10.0/share/hadoop/common/lib/commons-configuration-1.6.jar
7fea98592000-7fea9859e000 r--s 0008b000 08:05 330886                     /usr/local/hadoop-2.10.0/share/hadoop/common/lib/commons-compress-1.19.jar
7fea9859e000-7fea985ab000 r--s 00083000 08:05 330896                     /usr/local/hadoop-2.10.0/share/hadoop/common/lib/commons-collections-3.2.2.jar
7fea985ab000-7fea985ad000 r--s 0000d000 08:05 330914                     /usr/local/hadoop-2.10.0/share/hadoop/common/lib/commons-codec-1.4.jar
7fea985ad000-7fea985af000 r--s 00009000 08:05 330902                     /usr/local/hadoop-2.10.0/share/hadoop/common/lib/commons-cli-1.2.jar
7fea985af000-7fea985b4000 r--s 00038000 08:05 330919                     /usr/local/hadoop-2.10.0/share/hadoop/common/lib/commons-beanutils-1.9.4.jar
7fea985b4000-7fea985bd000 r--s 00062000 08:05 330879                     /usr/local/hadoop-2.10.0/share/hadoop/common/lib/avro-1.7.7.jar
7fea985bd000-7fea985bf000 r--s 00012000 08:05 330861                     /usr/local/hadoop-2.10.0/share/hadoop/common/lib/api-util-1.0.0-M20.jar
7fea985bf000-7fea985c1000 r--s 00003000 08:05 330895                     /usr/local/hadoop-2.10.0/share/hadoop/common/lib/api-asn1-api-1.0.0-M20.jar
7fea985c1000-7fea985d3000 r--s 00097000 08:05 330898                     /usr/local/hadoop-2.10.0/share/hadoop/common/lib/apacheds-kerberos-codec-2.0.0-M15.jar
7fea985d3000-7fea985ee000 r--s 00394000 08:05 558                        /usr/lib/jvm/java-8-openjdk-amd64/jre/lib/ext/cldrdata.jar
7fea985ee000-7fea98609000 r--s 001d6000 08:05 563                        /usr/lib/jvm/java-8-openjdk-amd64/jre/lib/ext/nashorn.jar
7fea98609000-7fea9860a000 ---p 00000000 00:00 0 
7fea9860a000-7fea9870a000 rw-p 00000000 00:00 0 
7fea9870a000-7fea9870d000 ---p 00000000 00:00 0 
7fea9870d000-7fea9880b000 rw-p 00000000 00:00 0 
7fea9880b000-7fea9880c000 ---p 00000000 00:00 0 
7fea9880c000-7fea9880f000 ---p 00000000 00:00 0 
7fea9880f000-7fea9890c000 rw-p 00000000 00:00 0 
7fea9890c000-7fea9890d000 ---p 00000000 00:00 0 
7fea9890d000-7fea98910000 ---p 00000000 00:00 0 
7fea98910000-7fea98a0d000 rw-p 00000000 00:00 0 
7fea98a0d000-7fea98a0e000 ---p 00000000 00:00 0 
7fea98a0e000-7fea98a11000 ---p 00000000 00:00 0 
7fea98a11000-7fea98b0e000 rw-p 00000000 00:00 0 
7fea98b0e000-7fea98b11000 ---p 00000000 00:00 0 
7fea98b11000-7fea98c0f000 rw-p 00000000 00:00 0 
7fea98c0f000-7fea98c12000 ---p 00000000 00:00 0 
7fea98c12000-7fea98d10000 rw-p 00000000 00:00 0 
7fea98d10000-7fea98d13000 ---p 00000000 00:00 0 
7fea98d13000-7fea98e11000 rw-p 00000000 00:00 0 
7fea98e11000-7fea98e12000 ---p 00000000 00:00 0 
7fea98e12000-7fea99f14000 rw-p 00000000 00:00 0 
7fea99f14000-7fea9a0e6000 r--s 03ca8000 08:05 584                        /usr/lib/jvm/java-8-openjdk-amd64/jre/lib/rt.jar
7fea9a0e6000-7fea9ca9f000 rw-p 00000000 00:00 0 
7fea9ca9f000-7fea9caa0000 ---p 00000000 00:00 0 
7fea9caa0000-7fea9cba0000 rw-p 00000000 00:00 0 
7fea9cba0000-7fea9cba1000 ---p 00000000 00:00 0 
7fea9cba1000-7fea9cca1000 rw-p 00000000 00:00 0 
7fea9cca1000-7fea9cca2000 ---p 00000000 00:00 0 
7fea9cca2000-7fea9cda2000 rw-p 00000000 00:00 0 
7fea9cda2000-7fea9cda3000 ---p 00000000 00:00 0 
7fea9cda3000-7fea9ceb8000 rw-p 00000000 00:00 0 
7fea9ceb8000-7fea9cfeb000 ---p 00000000 00:00 0 
7fea9cfeb000-7fea9d000000 rw-p 00000000 00:00 0 
7fea9d000000-7fea9d133000 ---p 00000000 00:00 0 
7fea9d133000-7fea9d155000 rw-p 00000000 00:00 0 
7fea9d155000-7fea9d1d7000 ---p 00000000 00:00 0 
7fea9d1d7000-7fea9d1e9000 rw-p 00000000 00:00 0 
7fea9d1e9000-7fea9d598000 ---p 00000000 00:00 0 
7fea9d598000-7fea9d9c8000 rwxp 00000000 00:00 0 
7fea9d9c8000-7feaac598000 ---p 00000000 00:00 0 
7feaac598000-7feaac59a000 r--p 00000000 08:05 146202                     /usr/lib/x86_64-linux-gnu/libz.so.1.2.11
7feaac59a000-7feaac5ab000 r-xp 00002000 08:05 146202                     /usr/lib/x86_64-linux-gnu/libz.so.1.2.11
7feaac5ab000-7feaac5b1000 r--p 00013000 08:05 146202                     /usr/lib/x86_64-linux-gnu/libz.so.1.2.11
7feaac5b1000-7feaac5b2000 ---p 00019000 08:05 146202                     /usr/lib/x86_64-linux-gnu/libz.so.1.2.11
7feaac5b2000-7feaac5b3000 r--p 00019000 08:05 146202                     /usr/lib/x86_64-linux-gnu/libz.so.1.2.11
7feaac5b3000-7feaac5b4000 rw-p 0001a000 08:05 146202                     /usr/lib/x86_64-linux-gnu/libz.so.1.2.11
7feaac5b4000-7feaac5b5000 r--s 00004000 08:05 330873                     /usr/local/hadoop-2.10.0/share/hadoop/common/lib/jackson-jaxrs-1.9.13.jar
7feaac5b5000-7feaac5b7000 r--s 0000e000 08:05 330900                     /usr/local/hadoop-2.10.0/share/hadoop/common/lib/activation-1.1.jar
7feaac5b7000-7feaac5bb000 r--s 0003a000 08:05 566                        /usr/lib/jvm/java-8-openjdk-amd64/jre/lib/ext/sunpkcs11.jar
7feaac5bb000-7feaac5c5000 r--s 00117000 08:05 562                        /usr/lib/jvm/java-8-openjdk-amd64/jre/lib/ext/localedata.jar
7feaac5c5000-7feaac5d2000 r--p 00000000 08:05 528                        /usr/lib/jvm/java-8-openjdk-amd64/jre/lib/amd64/libjava.so
7feaac5d2000-7feaac5ea000 r-xp 0000d000 08:05 528                        /usr/lib/jvm/java-8-openjdk-amd64/jre/lib/amd64/libjava.so
7feaac5ea000-7feaac5f1000 r--p 00025000 08:05 528                        /usr/lib/jvm/java-8-openjdk-amd64/jre/lib/amd64/libjava.so
7feaac5f1000-7feaac5f2000 r--p 0002b000 08:05 528                        /usr/lib/jvm/java-8-openjdk-amd64/jre/lib/amd64/libjava.so
7feaac5f2000-7feaac5f4000 rw-p 0002c000 08:05 528                        /usr/lib/jvm/java-8-openjdk-amd64/jre/lib/amd64/libjava.so
7feaac5f4000-7feab05f6000 rw-s 00000000 08:05 1192078                    /tmp/openmpi-sessions-yuejia@yuejia-VirtualBox_0/8913/1/shared_mem_pool.yuejia-VirtualBox (deleted)
7feab05f6000-7feab0778000 rw-p 00000000 00:00 0 
7feab0778000-7feab077b000 r--p 00000000 08:05 289463                     /usr/local/lib/openmpi/mca_osc_rdma.so
7feab077b000-7feab0785000 r-xp 00003000 08:05 289463                     /usr/local/lib/openmpi/mca_osc_rdma.so
7feab0785000-7feab0787000 r--p 0000d000 08:05 289463                     /usr/local/lib/openmpi/mca_osc_rdma.so
7feab0787000-7feab0788000 r--p 0000e000 08:05 289463                     /usr/local/lib/openmpi/mca_osc_rdma.so
7feab0788000-7feab0789000 rw-p 0000f000 08:05 289463                     /usr/local/lib/openmpi/mca_osc_rdma.so
7feab0789000-7feab078c000 r--p 00000000 08:05 289461                     /usr/local/lib/openmpi/mca_osc_pt2pt.so
7feab078c000-7feab0793000 r-xp 00003000 08:05 289461                     /usr/local/lib/openmpi/mca_osc_pt2pt.so
7feab0793000-7feab0795000 r--p 0000a000 08:05 289461                     /usr/local/lib/openmpi/mca_osc_pt2pt.so
7feab0795000-7feab0796000 r--p 0000b000 08:05 289461                     /usr/local/lib/openmpi/mca_osc_pt2pt.so
7feab0796000-7feab0797000 rw-p 0000c000 08:05 289461                     /usr/local/lib/openmpi/mca_osc_pt2pt.so
7feab0797000-7feab079c000 r--p 00000000 08:05 289448                     /usr/local/lib/openmpi/mca_coll_tuned.so
7feab079c000-7feab07ad000 r-xp 00005000 08:05 289448                     /usr/local/lib/openmpi/mca_coll_tuned.so
7feab07ad000-7feab07b4000 r--p 00016000 08:05 289448                     /usr/local/lib/openmpi/mca_coll_tuned.so
7feab07b4000-7feab07b5000 r--p 0001c000 08:05 289448                     /usr/local/lib/openmpi/mca_coll_tuned.so
7feab07b5000-7feab07b6000 rw-p 0001d000 08:05 289448                     /usr/local/lib/openmpi/mca_coll_tuned.so
7feab07b6000-7feab07b7000 r--p 00000000 08:05 289446                     /usr/local/lib/openmpi/mca_coll_sync.so
7feab07b7000-7feab07b9000 r-xp 00001000 08:05 289446                     /usr/local/lib/openmpi/mca_coll_sync.so
7feab07b9000-7feab07ba000 r--p 00003000 08:05 289446                     /usr/local/lib/openmpi/mca_coll_sync.so
7feab07ba000-7feab07bb000 r--p 00003000 08:05 289446                     /usr/local/lib/openmpi/mca_coll_sync.so
7feab07bb000-7feab07bc000 rw-p 00004000 08:05 289446                     /usr/local/lib/openmpi/mca_coll_sync.so
7feab07bc000-7feab07be000 r--p 00000000 08:05 289443                     /usr/local/lib/openmpi/mca_coll_sm.so
7feab07be000-7feab07c1000 r-xp 00002000 08:05 289443                     /usr/local/lib/openmpi/mca_coll_sm.so
7feab07c1000-7feab07c2000 r--p 00005000 08:05 289443                     /usr/local/lib/openmpi/mca_coll_sm.so
7feab07c2000-7feab07c3000 ---p 00006000 08:05 289443                     /usr/local/lib/openmpi/mca_coll_sm.so
7feab07c3000-7feab07c4000 r--p 00006000 08:05 289443                     /usr/local/lib/openmpi/mca_coll_sm.so
7feab07c4000-7feab07c5000 rw-p 00007000 08:05 289443                     /usr/local/lib/openmpi/mca_coll_sm.so
7feab07c5000-7feab07c6000 r--p 00000000 08:05 289440                     /usr/local/lib/openmpi/mca_coll_self.so
7feab07c6000-7feab07c7000 r-xp 00001000 08:05 289440                     /usr/local/lib/openmpi/mca_coll_self.so
7feab07c7000-7feab07c8000 r--p 00002000 08:05 289440                     /usr/local/lib/openmpi/mca_coll_self.so
7feab07c8000-7feab07c9000 r--p 00002000 08:05 289440                     /usr/local/lib/openmpi/mca_coll_self.so
7feab07c9000-7feab07ca000 rw-p 00003000 08:05 289440                     /usr/local/lib/openmpi/mca_coll_self.so
7feab07ca000-7feab07cb000 r--p 00000000 08:05 289438                     /usr/local/lib/openmpi/mca_coll_inter.so
7feab07cb000-7feab07cd000 r-xp 00001000 08:05 289438                     /usr/local/lib/openmpi/mca_coll_inter.so
7feab07cd000-7feab07ce000 r--p 00003000 08:05 289438                     /usr/local/lib/openmpi/mca_coll_inter.so
7feab07ce000-7feab07cf000 r--p 00003000 08:05 289438                     /usr/local/lib/openmpi/mca_coll_inter.so
7feab07cf000-7feab07d0000 rw-p 00004000 08:05 289438                     /usr/local/lib/openmpi/mca_coll_inter.so
7feab07d0000-7feab07d2000 r--p 00000000 08:05 289434                     /usr/local/lib/openmpi/mca_coll_basic.so
7feab07d2000-7feab07d8000 r-xp 00002000 08:05 289434                     /usr/local/lib/openmpi/mca_coll_basic.so
7feab07d8000-7feab07da000 r--p 00008000 08:05 289434                     /usr/local/lib/openmpi/mca_coll_basic.so
7feab07da000-7feab07db000 r--p 00009000 08:05 289434                     /usr/local/lib/openmpi/mca_coll_basic.so
7feab07db000-7feab07dc000 rw-p 0000a000 08:05 289434                     /usr/local/lib/openmpi/mca_coll_basic.so
7feab07dc000-7feab07df000 r--p 00000000 08:05 289432                     /usr/local/lib/openmpi/mca_btl_tcp.so
7feab07df000-7feab07e6000 r-xp 00003000 08:05 289432                     /usr/local/lib/openmpi/mca_btl_tcp.so
7feab07e6000-7feab07e8000 r--p 0000a000 08:05 289432                     /usr/local/lib/openmpi/mca_btl_tcp.so
7feab07e8000-7feab07e9000 ---p 0000c000 08:05 289432                     /usr/local/lib/openmpi/mca_btl_tcp.so
7feab07e9000-7feab07ea000 r--p 0000c000 08:05 289432                     /usr/local/lib/openmpi/mca_btl_tcp.so
7feab07ea000-7feab07eb000 rw-p 0000d000 08:05 289432                     /usr/local/lib/openmpi/mca_btl_tcp.so
7feab07eb000-7feab086b000 rw-p 00000000 00:00 0 
7feab086b000-7feab086d000 r--p 00000000 08:05 289429                     /usr/local/lib/openmpi/mca_btl_sm.so
7feab086d000-7feab0871000 r-xp 00002000 08:05 289429                     /usr/local/lib/openmpi/mca_btl_sm.so
7feab0871000-7feab0872000 r--p 00006000 08:05 289429                     /usr/local/lib/openmpi/mca_btl_sm.so
7feab0872000-7feab0873000 r--p 00006000 08:05 289429                     /usr/local/lib/openmpi/mca_btl_sm.so
7feab0873000-7feab0874000 rw-p 00007000 08:05 289429                     /usr/local/lib/openmpi/mca_btl_sm.so
7feab0874000-7feab0876000 r--p 00000000 08:05 289426                     /usr/local/lib/openmpi/mca_btl_self.so
7feab0876000-7feab0878000 r-xp 00002000 08:05 289426                     /usr/local/lib/openmpi/mca_btl_self.so
7feab0878000-7feab0879000 r--p 00004000 08:05 289426                     /usr/local/lib/openmpi/mca_btl_self.so
7feab0879000-7feab087a000 r--p 00004000 08:05 289426                     /usr/local/lib/openmpi/mca_btl_self.so
7feab087a000-7feab087b000 rw-p 00005000 08:05 289426                     /usr/local/lib/openmpi/mca_btl_self.so
7feab087b000-7feab087d000 r--p 00000000 08:05 289424                     /usr/local/lib/openmpi/mca_bml_r2.so
7feab087d000-7feab0880000 r-xp 00002000 08:05 289424                     /usr/local/lib/openmpi/mca_bml_r2.so
7feab0880000-7feab0881000 r--p 00005000 08:05 289424                     /usr/local/lib/openmpi/mca_bml_r2.so
7feab0881000-7feab0882000 r--p 00005000 08:05 289424                     /usr/local/lib/openmpi/mca_bml_r2.so
7feab0882000-7feab0883000 rw-p 00006000 08:05 289424                     /usr/local/lib/openmpi/mca_bml_r2.so
7feab0883000-7feab0885000 r--s 0000c000 08:05 543910                     /usr/share/java/java-atk-wrapper.jar
7feab0885000-7feab0888000 r--s 0000f000 08:05 560                        /usr/lib/jvm/java-8-openjdk-amd64/jre/lib/ext/icedtea-sound.jar
7feab0888000-7feab088a000 r--s 00001000 08:05 559                        /usr/lib/jvm/java-8-openjdk-amd64/jre/lib/ext/dnsns.jar
7feab088a000-7feab088d000 r--p 00000000 08:05 289474                     /usr/local/lib/openmpi/mca_pml_ob1.so
7feab088d000-7feab089e000 r-xp 00003000 08:05 289474                     /usr/local/lib/openmpi/mca_pml_ob1.so
7feab089e000-7feab08a0000 r--p 00014000 08:05 289474                     /usr/local/lib/openmpi/mca_pml_ob1.so
7feab08a0000-7feab08a1000 ---p 00016000 08:05 289474                     /usr/local/lib/openmpi/mca_pml_ob1.so
7feab08a1000-7feab08a2000 r--p 00016000 08:05 289474                     /usr/local/lib/openmpi/mca_pml_ob1.so
7feab08a2000-7feab08a3000 rw-p 00017000 08:05 289474                     /usr/local/lib/openmpi/mca_pml_ob1.so
7feab08a3000-7feab08a4000 r--s 0000a000 08:05 330880                     /usr/local/hadoop-2.10.0/share/hadoop/common/lib/asm-3.2.jar
7feab08a4000-7feab08aa000 r--s 0003d000 08:05 565                        /usr/lib/jvm/java-8-openjdk-amd64/jre/lib/ext/sunjce_provider.jar
7feab08aa000-7feab08ad000 r--p 00000000 08:05 547                        /usr/lib/jvm/java-8-openjdk-amd64/jre/lib/amd64/libzip.so
7feab08ad000-7feab08b2000 r-xp 00003000 08:05 547                        /usr/lib/jvm/java-8-openjdk-amd64/jre/lib/amd64/libzip.so
7feab08b2000-7feab08b4000 r--p 00008000 08:05 547                        /usr/lib/jvm/java-8-openjdk-amd64/jre/lib/amd64/libzip.so
7feab08b4000-7feab08b5000 r--p 00009000 08:05 547                        /usr/lib/jvm/java-8-openjdk-amd64/jre/lib/amd64/libzip.so
7feab08b5000-7feab08b6000 rw-p 0000a000 08:05 547                        /usr/lib/jvm/java-8-openjdk-amd64/jre/lib/amd64/libzip.so
7feab08b6000-7feab08be000 rw-s 00000000 08:05 1192080                    /tmp/hsperfdata_yuejia/4303
7feab08be000-7feab08c0000 r--p 00000000 08:05 289436                     /usr/local/lib/openmpi/mca_coll_hierarch.so
7feab08c0000-7feab08c4000 r-xp 00002000 08:05 289436                     /usr/local/lib/openmpi/mca_coll_hierarch.so
7feab08c4000-7feab08c5000 r--p 00006000 08:05 289436                     /usr/local/lib/openmpi/mca_coll_hierarch.so
7feab08c5000-7feab08c6000 ---p 00007000 08:05 289436                     /usr/local/lib/openmpi/mca_coll_hierarch.so
7feab08c6000-7feab08c7000 r--p 00007000 08:05 289436                     /usr/local/lib/openmpi/mca_coll_hierarch.so
7feab08c7000-7feab08c8000 rw-p 00008000 08:05 289436                     /usr/local/lib/openmpi/mca_coll_hierarch.so
7feab08c8000-7feab08c9000 r--s 0000a000 08:05 330868                     /usr/local/hadoop-2.10.0/share/hadoop/common/lib/apacheds-i18n-2.0.0-M15.jar
7feab08c9000-7feab08ce000 r--p 00000000 08:05 546                        /usr/lib/jvm/java-8-openjdk-amd64/jre/lib/amd64/libverify.so
7feab08ce000-7feab08d7000 r-xp 00005000 08:05 546                        /usr/lib/jvm/java-8-openjdk-amd64/jre/lib/amd64/libverify.so
7feab08d7000-7feab08d9000 r--p 0000e000 08:05 546                        /usr/lib/jvm/java-8-openjdk-amd64/jre/lib/amd64/libverify.so
7feab08d9000-7feab08db000 r--p 0000f000 08:05 546                        /usr/lib/jvm/java-8-openjdk-amd64/jre/lib/amd64/libverify.so
7feab08db000-7feab08dc000 rw-p 00011000 08:05 546                        /usr/lib/jvm/java-8-openjdk-amd64/jre/lib/amd64/libverify.so
7feab08dc000-7feab08de000 r--p 00000000 08:05 289451                     /usr/local/lib/openmpi/mca_dpm_orte.so
7feab08de000-7feab08e1000 r-xp 00002000 08:05 289451                     /usr/local/lib/openmpi/mca_dpm_orte.so
7feab08e1000-7feab08e2000 r--p 00005000 08:05 289451                     /usr/local/lib/openmpi/mca_dpm_orte.so
7feab08e2000-7feab08e3000 r--p 00005000 08:05 289451                     /usr/local/lib/openmpi/mca_dpm_orte.so
7feab08e3000-7feab08e4000 rw-p 00006000 08:05 289451                     /usr/local/lib/openmpi/mca_dpm_orte.so
7feab08e4000-7feab08e5000 r--p 00000000 08:05 289481                     /usr/local/lib/openmpi/mca_pubsub_orte.so
7feab08e5000-7feab08e7000 r-xp 00001000 08:05 289481                     /usr/local/lib/openmpi/mca_pubsub_orte.so
7feab08e7000-7feab08e8000 r--p 00003000 08:05 289481                     /usr/local/lib/openmpi/mca_pubsub_orte.so
7feab08e8000-7feab08e9000 r--p 00003000 08:05 289481                     /usr/local/lib/openmpi/mca_pubsub_orte.so
7feab08e9000-7feab08ea000 rw-p 00004000 08:05 289481                     /usr/local/lib/openmpi/mca_pubsub_orte.so
7feab08ea000-7feab08eb000 r--p 00000000 08:05 289414                     /usr/local/lib/libmca_common_sm.so.3.0.1
7feab08eb000-7feab08ec000 r-xp 00001000 08:05 289414                     /usr/local/lib/libmca_common_sm.so.3.0.1
7feab08ec000-7feab08ed000 r--p 00002000 08:05 289414                     /usr/local/lib/libmca_common_sm.so.3.0.1
7feab08ed000-7feab08ee000 r--p 00002000 08:05 289414                     /usr/local/lib/libmca_common_sm.so.3.0.1
7feab08ee000-7feab08ef000 rw-p 00003000 08:05 289414                     /usr/local/lib/libmca_common_sm.so.3.0.1
7feab08ef000-7feab08f0000 rw-p 00000000 00:00 0 
7feab08f0000-7feab08f1000 r--p 00000000 08:05 289459                     /usr/local/lib/openmpi/mca_mpool_sm.so
7feab08f1000-7feab08f2000 r-xp 00001000 08:05 289459                     /usr/local/lib/openmpi/mca_mpool_sm.so
7feab08f2000-7feab08f3000 r--p 00002000 08:05 289459                     /usr/local/lib/openmpi/mca_mpool_sm.so
7feab08f3000-7feab08f4000 r--p 00002000 08:05 289459                     /usr/local/lib/openmpi/mca_mpool_sm.so
7feab08f4000-7feab08f5000 rw-p 00003000 08:05 289459                     /usr/local/lib/openmpi/mca_mpool_sm.so
7feab08f5000-7feab08f7000 r--p 00000000 08:05 289457                     /usr/local/lib/openmpi/mca_mpool_rdma.so
7feab08f7000-7feab08f9000 r-xp 00002000 08:05 289457                     /usr/local/lib/openmpi/mca_mpool_rdma.so
7feab08f9000-7feab08fa000 r--p 00004000 08:05 289457                     /usr/local/lib/openmpi/mca_mpool_rdma.so
7feab08fa000-7feab08fb000 r--p 00004000 08:05 289457                     /usr/local/lib/openmpi/mca_mpool_rdma.so
7feab08fb000-7feab08fc000 rw-p 00005000 08:05 289457                     /usr/local/lib/openmpi/mca_mpool_rdma.so
7feab08fc000-7feab08fd000 r--p 00000000 08:05 289455                     /usr/local/lib/openmpi/mca_mpool_fake.so
7feab08fd000-7feab08fe000 r-xp 00001000 08:05 289455                     /usr/local/lib/openmpi/mca_mpool_fake.so
7feab08fe000-7feab08ff000 r--p 00002000 08:05 289455                     /usr/local/lib/openmpi/mca_mpool_fake.so
7feab08ff000-7feab0900000 r--p 00002000 08:05 289455                     /usr/local/lib/openmpi/mca_mpool_fake.so
7feab0900000-7feab0901000 rw-p 00003000 08:05 289455                     /usr/local/lib/openmpi/mca_mpool_fake.so
7feab0901000-7feab0904000 r--p 00000000 08:05 145636                     /usr/lib/x86_64-linux-gnu/libnss_files-2.31.so
7feab0904000-7feab090b000 r-xp 00003000 08:05 145636                     /usr/lib/x86_64-linux-gnu/libnss_files-2.31.so
7feab090b000-7feab090d000 r--p 0000a000 08:05 145636                     /usr/lib/x86_64-linux-gnu/libnss_files-2.31.so
7feab090d000-7feab090e000 r--p 0000b000 08:05 145636                     /usr/lib/x86_64-linux-gnu/libnss_files-2.31.so
7feab090e000-7feab090f000 rw-p 0000c000 08:05 145636                     /usr/lib/x86_64-linux-gnu/libnss_files-2.31.so
7feab090f000-7feab0915000 rw-p 00000000 00:00 0 
7feab0915000-7feab0916000 r--s 00010000 08:05 567                        /usr/lib/jvm/java-8-openjdk-amd64/jre/lib/ext/zipfs.jar
7feab0916000-7feab0917000 r--p 00000000 08:05 289483                     /usr/local/lib/openmpi/mca_rcache_vma.so
7feab0917000-7feab0919000 r-xp 00001000 08:05 289483                     /usr/local/lib/openmpi/mca_rcache_vma.so
7feab0919000-7feab091a000 r--p 00003000 08:05 289483                     /usr/local/lib/openmpi/mca_rcache_vma.so
7feab091a000-7feab091b000 r--p 00003000 08:05 289483                     /usr/local/lib/openmpi/mca_rcache_vma.so
7feab091b000-7feab091c000 rw-p 00004000 08:05 289483                     /usr/local/lib/openmpi/mca_rcache_vma.so
7feab091c000-7feab091d000 r--p 00000000 08:05 289421                     /usr/local/lib/openmpi/mca_allocator_bucket.so
7feab091d000-7feab091e000 r-xp 00001000 08:05 289421                     /usr/local/lib/openmpi/mca_allocator_bucket.so
7feab091e000-7feab091f000 r--p 00002000 08:05 289421                     /usr/local/lib/openmpi/mca_allocator_bucket.so
7feab091f000-7feab0920000 r--p 00002000 08:05 289421                     /usr/local/lib/openmpi/mca_allocator_bucket.so
7feab0920000-7feab0921000 rw-p 00003000 08:05 289421                     /usr/local/lib/openmpi/mca_allocator_bucket.so
7feab0921000-7feab0922000 r--p 00000000 08:05 289419                     /usr/local/lib/openmpi/mca_allocator_basic.so
7feab0922000-7feab0923000 r-xp 00001000 08:05 289419                     /usr/local/lib/openmpi/mca_allocator_basic.so
7feab0923000-7feab0924000 r--p 00002000 08:05 289419                     /usr/local/lib/openmpi/mca_allocator_basic.so
7feab0924000-7feab0925000 r--p 00002000 08:05 289419                     /usr/local/lib/openmpi/mca_allocator_basic.so
7feab0925000-7feab0926000 rw-p 00003000 08:05 289419                     /usr/local/lib/openmpi/mca_allocator_basic.so
7feab0926000-7feab0928000 r--p 00000000 08:05 288956                     /usr/local/lib/openmpi/mca_grpcomm_bad.so
7feab0928000-7feab092b000 r-xp 00002000 08:05 288956                     /usr/local/lib/openmpi/mca_grpcomm_bad.so
7feab092b000-7feab092c000 r--p 00005000 08:05 288956                     /usr/local/lib/openmpi/mca_grpcomm_bad.so
7feab092c000-7feab092d000 r--p 00005000 08:05 288956                     /usr/local/lib/openmpi/mca_grpcomm_bad.so
7feab092d000-7feab092e000 rw-p 00006000 08:05 288956                     /usr/local/lib/openmpi/mca_grpcomm_bad.so
7feab092e000-7feab0932000 r--p 00000000 08:05 288977                     /usr/local/lib/openmpi/mca_oob_tcp.so
7feab0932000-7feab093c000 r-xp 00004000 08:05 288977                     /usr/local/lib/openmpi/mca_oob_tcp.so
7feab093c000-7feab093f000 r--p 0000e000 08:05 288977                     /usr/local/lib/openmpi/mca_oob_tcp.so
7feab093f000-7feab0940000 r--p 00010000 08:05 288977                     /usr/local/lib/openmpi/mca_oob_tcp.so
7feab0940000-7feab0941000 rw-p 00011000 08:05 288977                     /usr/local/lib/openmpi/mca_oob_tcp.so
7feab0941000-7feab0944000 r--p 00000000 08:05 145838                     /usr/lib/x86_64-linux-gnu/librt-2.31.so
7feab0944000-7feab0948000 r-xp 00003000 08:05 145838                     /usr/lib/x86_64-linux-gnu/librt-2.31.so
7feab0948000-7feab0949000 r--p 00007000 08:05 145838                     /usr/lib/x86_64-linux-gnu/librt-2.31.so
7feab0949000-7feab094a000 ---p 00008000 08:05 145838                     /usr/lib/x86_64-linux-gnu/librt-2.31.so
7feab094a000-7feab094b000 r--p 00008000 08:05 145838                     /usr/lib/x86_64-linux-gnu/librt-2.31.so
7feab094b000-7feab094c000 rw-p 00009000 08:05 145838                     /usr/lib/x86_64-linux-gnu/librt-2.31.so
7feab094c000-7feab094d000 r--s 0000d000 08:05 564                        /usr/lib/jvm/java-8-openjdk-amd64/jre/lib/ext/sunec.jar
7feab094d000-7feab094e000 r--s 0000a000 08:05 561                        /usr/lib/jvm/java-8-openjdk-amd64/jre/lib/ext/jaccess.jar
7feab094e000-7feab0950000 r--p 00000000 08:05 289012                     /usr/local/lib/openmpi/mca_routed_binomial.so
7feab0950000-7feab0952000 r-xp 00002000 08:05 289012                     /usr/local/lib/openmpi/mca_routed_binomial.so
7feab0952000-7feab0953000 r--p 00004000 08:05 289012                     /usr/local/lib/openmpi/mca_routed_binomial.so
7feab0953000-7feab0954000 r--p 00004000 08:05 289012                     /usr/local/lib/openmpi/mca_routed_binomial.so
7feab0954000-7feab0955000 rw-p 00005000 08:05 289012                     /usr/local/lib/openmpi/mca_routed_binomial.so
7feab0955000-7feab0957000 r--p 00000000 08:05 289010                     /usr/local/lib/openmpi/mca_rml_oob.so
7feab0957000-7feab095a000 r-xp 00002000 08:05 289010                     /usr/local/lib/openmpi/mca_rml_oob.so
7feab095a000-7feab095b000 r--p 00005000 08:05 289010                     /usr/local/lib/openmpi/mca_rml_oob.so
7feab095b000-7feab095c000 r--p 00005000 08:05 289010                     /usr/local/lib/openmpi/mca_rml_oob.so
7feab095c000-7feab095d000 rw-p 00006000 08:05 289010                     /usr/local/lib/openmpi/mca_rml_oob.so
7feab095d000-7feab095e000 r--p 00000000 08:05 288939                     /usr/local/lib/openmpi/mca_ess_env.so
7feab095e000-7feab095f000 r-xp 00001000 08:05 288939                     /usr/local/lib/openmpi/mca_ess_env.so
7feab095f000-7feab0960000 r--p 00002000 08:05 288939                     /usr/local/lib/openmpi/mca_ess_env.so
7feab0960000-7feab0961000 r--p 00002000 08:05 288939                     /usr/local/lib/openmpi/mca_ess_env.so
7feab0961000-7feab0962000 rw-p 00003000 08:05 288939                     /usr/local/lib/openmpi/mca_ess_env.so
7feab0962000-7feab0967000 rw-p 00000000 00:00 0 
7feab0967000-7feab0968000 r--p 00000000 08:05 146049                     /usr/lib/x86_64-linux-gnu/libutil-2.31.so
7feab0968000-7feab0969000 r-xp 00001000 08:05 146049                     /usr/lib/x86_64-linux-gnu/libutil-2.31.so
7feab0969000-7feab096a000 r--p 00002000 08:05 146049                     /usr/lib/x86_64-linux-gnu/libutil-2.31.so
7feab096a000-7feab096b000 r--p 00002000 08:05 146049                     /usr/lib/x86_64-linux-gnu/libutil-2.31.so
7feab096b000-7feab096c000 rw-p 00003000 08:05 146049                     /usr/lib/x86_64-linux-gnu/libutil-2.31.so
7feab096c000-7feab096d000 r--p 00000000 08:05 145009                     /usr/lib/x86_64-linux-gnu/libdl-2.31.so
7feab096d000-7feab096f000 r-xp 00001000 08:05 145009                     /usr/lib/x86_64-linux-gnu/libdl-2.31.so
7feab096f000-7feab0970000 r--p 00003000 08:05 145009                     /usr/lib/x86_64-linux-gnu/libdl-2.31.so
7feab0970000-7feab0971000 r--p 00003000 08:05 145009                     /usr/lib/x86_64-linux-gnu/libdl-2.31.so
7feab0971000-7feab0972000 rw-p 00004000 08:05 145009                     /usr/lib/x86_64-linux-gnu/libdl-2.31.so
7feab0972000-7feab0981000 r--p 00000000 08:05 145512                     /usr/lib/x86_64-linux-gnu/libm-2.31.so
7feab0981000-7feab0a28000 r-xp 0000f000 08:05 145512                     /usr/lib/x86_64-linux-gnu/libm-2.31.so
7feab0a28000-7feab0abf000 r--p 000b6000 08:05 145512                     /usr/lib/x86_64-linux-gnu/libm-2.31.so
7feab0abf000-7feab0ac0000 r--p 0014c000 08:05 145512                     /usr/lib/x86_64-linux-gnu/libm-2.31.so
7feab0ac0000-7feab0ac1000 rw-p 0014d000 08:05 145512                     /usr/lib/x86_64-linux-gnu/libm-2.31.so
7feab0ac1000-7feab0ae6000 r--p 00000000 08:05 144874                     /usr/lib/x86_64-linux-gnu/libc-2.31.so
7feab0ae6000-7feab0c5e000 r-xp 00025000 08:05 144874                     /usr/lib/x86_64-linux-gnu/libc-2.31.so
7feab0c5e000-7feab0ca8000 r--p 0019d000 08:05 144874                     /usr/lib/x86_64-linux-gnu/libc-2.31.so
7feab0ca8000-7feab0ca9000 ---p 001e7000 08:05 144874                     /usr/lib/x86_64-linux-gnu/libc-2.31.so
7feab0ca9000-7feab0cac000 r--p 001e7000 08:05 144874                     /usr/lib/x86_64-linux-gnu/libc-2.31.so
7feab0cac000-7feab0caf000 rw-p 001ea000 08:05 144874                     /usr/lib/x86_64-linux-gnu/libc-2.31.so
7feab0caf000-7feab0cb5000 rw-p 00000000 00:00 0 
7feab0cb5000-7feab0cbc000 r--p 00000000 08:05 145777                     /usr/lib/x86_64-linux-gnu/libpthread-2.31.so
7feab0cbc000-7feab0ccd000 r-xp 00007000 08:05 145777                     /usr/lib/x86_64-linux-gnu/libpthread-2.31.so
7feab0ccd000-7feab0cd2000 r--p 00018000 08:05 145777                     /usr/lib/x86_64-linux-gnu/libpthread-2.31.so
7feab0cd2000-7feab0cd3000 r--p 0001c000 08:05 145777                     /usr/lib/x86_64-linux-gnu/libpthread-2.31.so
7feab0cd3000-7feab0cd4000 rw-p 0001d000 08:05 145777                     /usr/lib/x86_64-linux-gnu/libpthread-2.31.so
7feab0cd4000-7feab0cd8000 rw-p 00000000 00:00 0 
7feab0cd8000-7feab0cdb000 r--p 00000000 08:05 145159                     /usr/lib/x86_64-linux-gnu/libgcc_s.so.1
7feab0cdb000-7feab0ced000 r-xp 00003000 08:05 145159                     /usr/lib/x86_64-linux-gnu/libgcc_s.so.1
7feab0ced000-7feab0cf1000 r--p 00015000 08:05 145159                     /usr/lib/x86_64-linux-gnu/libgcc_s.so.1
7feab0cf1000-7feab0cf2000 r--p 00018000 08:05 145159                     /usr/lib/x86_64-linux-gnu/libgcc_s.so.1
7feab0cf2000-7feab0cf3000 rw-p 00019000 08:05 145159                     /usr/lib/x86_64-linux-gnu/libgcc_s.so.1
7feab0cf3000-7feab0d89000 r--p 00000000 08:05 145940                     /usr/lib/x86_64-linux-gnu/libstdc++.so.6.0.28
7feab0d89000-7feab0e79000 r-xp 00096000 08:05 145940                     /usr/lib/x86_64-linux-gnu/libstdc++.so.6.0.28
7feab0e79000-7feab0ec2000 r--p 00186000 08:05 145940                     /usr/lib/x86_64-linux-gnu/libstdc++.so.6.0.28
7feab0ec2000-7feab0ec3000 ---p 001cf000 08:05 145940                     /usr/lib/x86_64-linux-gnu/libstdc++.so.6.0.28
7feab0ec3000-7feab0ece000 r--p 001cf000 08:05 145940                     /usr/lib/x86_64-linux-gnu/libstdc++.so.6.0.28
7feab0ece000-7feab0ed1000 rw-p 001da000 08:05 145940                     /usr/lib/x86_64-linux-gnu/libstdc++.so.6.0.28
7feab0ed1000-7feab0ed5000 rw-p 00000000 00:00 0 
7feab0ed5000-7feab0ed6000 r--p 00000000 00:00 0 
7feab0ed6000-7feab0ed7000 r--p 00000000 08:05 288904                     /usr/local/lib/openmpi/mca_shmem_mmap.so
7feab0ed7000-7feab0ed8000 r-xp 00001000 08:05 288904                     /usr/local/lib/openmpi/mca_shmem_mmap.so
7feab0ed8000-7feab0ed9000 r--p 00002000 08:05 288904                     /usr/local/lib/openmpi/mca_shmem_mmap.so
7feab0ed9000-7feab0eda000 r--p 00002000 08:05 288904                     /usr/local/lib/openmpi/mca_shmem_mmap.so
7feab0eda000-7feab0edb000 rw-p 00003000 08:05 288904                     /usr/local/lib/openmpi/mca_shmem_mmap.so
7feab0edb000-7feab0edc000 r--p 00000000 08:05 288880                     /usr/local/lib/openmpi/mca_carto_auto_detect.so
7feab0edc000-7feab0edd000 r-xp 00001000 08:05 288880                     /usr/local/lib/openmpi/mca_carto_auto_detect.so
7feab0edd000-7feab0ede000 r--p 00002000 08:05 288880                     /usr/local/lib/openmpi/mca_carto_auto_detect.so
7feab0ede000-7feab0edf000 r--p 00002000 08:05 288880                     /usr/local/lib/openmpi/mca_carto_auto_detect.so
7feab0edf000-7feab0ee0000 rw-p 00003000 08:05 288880                     /usr/local/lib/openmpi/mca_carto_auto_detect.so
7feab0ee0000-7feab0ee1000 r--p 00000000 08:05 288899                     /usr/local/lib/openmpi/mca_paffinity_hwloc.so
7feab0ee1000-7feab0ee2000 r-xp 00001000 08:05 288899                     /usr/local/lib/openmpi/mca_paffinity_hwloc.so
7feab0ee2000-7feab0ee3000 r--p 00002000 08:05 288899                     /usr/local/lib/openmpi/mca_paffinity_hwloc.so
7feab0ee3000-7feab0ee4000 r--p 00002000 08:05 288899                     /usr/local/lib/openmpi/mca_paffinity_hwloc.so
7feab0ee4000-7feab0ee5000 rw-p 00003000 08:05 288899                     /usr/local/lib/openmpi/mca_paffinity_hwloc.so
7feab0ee5000-7feab0f28000 r--p 00000000 08:05 284051                     /usr/local/lib/libmpi.so.1.0.8
7feab0f28000-7feab100c000 r-xp 00043000 08:05 284051                     /usr/local/lib/libmpi.so.1.0.8
7feab100c000-7feab104e000 r--p 00127000 08:05 284051                     /usr/local/lib/libmpi.so.1.0.8
7feab104e000-7feab1053000 r--p 00168000 08:05 284051                     /usr/local/lib/libmpi.so.1.0.8
7feab1053000-7feab1065000 rw-p 0016d000 08:05 284051                     /usr/local/lib/libmpi.so.1.0.8
7feab1065000-7feab107b000 rw-p 00000000 00:00 0 
7feab107b000-7feab1089000 r--p 00000000 08:05 289379                     /usr/local/lib/libmpi_cxx.so.1.0.2
7feab1089000-7feab1091000 r-xp 0000e000 08:05 289379                     /usr/local/lib/libmpi_cxx.so.1.0.2
7feab1091000-7feab1094000 r--p 00016000 08:05 289379                     /usr/local/lib/libmpi_cxx.so.1.0.2
7feab1094000-7feab1095000 ---p 00019000 08:05 289379                     /usr/local/lib/libmpi_cxx.so.1.0.2
7feab1095000-7feab1097000 r--p 00019000 08:05 289379                     /usr/local/lib/libmpi_cxx.so.1.0.2
7feab1097000-7feab1098000 rw-p 0001b000 08:05 289379                     /usr/local/lib/libmpi_cxx.so.1.0.2
7feab1098000-7feab1289000 r--p 00000000 08:05 549                        /usr/lib/jvm/java-8-openjdk-amd64/jre/lib/amd64/server/libjvm.so
7feab1289000-7feab1b4a000 r-xp 001f1000 08:05 549                        /usr/lib/jvm/java-8-openjdk-amd64/jre/lib/amd64/server/libjvm.so
7feab1b4a000-7feab1ce9000 r--p 00ab2000 08:05 549                        /usr/lib/jvm/java-8-openjdk-amd64/jre/lib/amd64/server/libjvm.so
7feab1ce9000-7feab1d7e000 r--p 00c50000 08:05 549                        /usr/lib/jvm/java-8-openjdk-amd64/jre/lib/amd64/server/libjvm.so
7feab1d7e000-7feab1da7000 rw-p 00ce5000 08:05 549                        /usr/lib/jvm/java-8-openjdk-amd64/jre/lib/amd64/server/libjvm.so
7feab1da7000-7feab1dd9000 rw-p 00000000 00:00 0 
7feab1dd9000-7feab1dda000 r--p 00000000 08:05 144661                     /usr/lib/x86_64-linux-gnu/ld-2.31.so
7feab1dda000-7feab1dfd000 r-xp 00001000 08:05 144661                     /usr/lib/x86_64-linux-gnu/ld-2.31.so
7feab1dfd000-7feab1e05000 r--p 00024000 08:05 144661                     /usr/lib/x86_64-linux-gnu/ld-2.31.so
7feab1e05000-7feab1e06000 rw-s 00000000 08:05 1192079                    /tmp/openmpi-sessions-yuejia@yuejia-VirtualBox_0/8913/1/shared_mem_btl_module.yuejia-VirtualBox (deleted)
7feab1e06000-7feab1e07000 r--p 0002c000 08:05 144661                     /usr/lib/x86_64-linux-gnu/ld-2.31.so
7feab1e07000-7feab1e08000 rw-p 0002d000 08:05 144661                     /usr/lib/x86_64-linux-gnu/ld-2.31.so
7feab1e08000-7feab1e09000 rw-p 00000000 00:00 0 
7ffc49f14000-7ffc49f17000 ---p 00000000 00:00 0 
7ffc49f17000-7ffc4a014000 rw-p 00000000 00:00 0                          [stack]
7ffc4a154000-7ffc4a157000 r--p 00000000 00:00 0                          [vvar]
7ffc4a157000-7ffc4a158000 r-xp 00000000 00:00 0                          [vdso]
ffffffffff600000-ffffffffff601000 --xp 00000000 00:00 0                  [vsyscall]

VM Arguments:
java_command: <unknown>
java_class_path (initial): :/usr/local/hadoop-2.10.0/etc/hadoop:/usr/local/hadoop-2.10.0/share/hadoop/common/lib/activation-1.1.jar:/usr/local/hadoop-2.10.0/share/hadoop/common/lib/apacheds-i18n-2.0.0-M15.jar:/usr/local/hadoop-2.10.0/share/hadoop/common/lib/apacheds-kerberos-codec-2.0.0-M15.jar:/usr/local/hadoop-2.10.0/share/hadoop/common/lib/api-asn1-api-1.0.0-M20.jar:/usr/local/hadoop-2.10.0/share/hadoop/common/lib/api-util-1.0.0-M20.jar:/usr/local/hadoop-2.10.0/share/hadoop/common/lib/asm-3.2.jar:/usr/local/hadoop-2.10.0/share/hadoop/common/lib/avro-1.7.7.jar:/usr/local/hadoop-2.10.0/share/hadoop/common/lib/commons-beanutils-1.9.4.jar:/usr/local/hadoop-2.10.0/share/hadoop/common/lib/commons-cli-1.2.jar:/usr/local/hadoop-2.10.0/share/hadoop/common/lib/commons-codec-1.4.jar:/usr/local/hadoop-2.10.0/share/hadoop/common/lib/commons-collections-3.2.2.jar:/usr/local/hadoop-2.10.0/share/hadoop/common/lib/commons-compress-1.19.jar:/usr/local/hadoop-2.10.0/share/hadoop/common/lib/commons-configuration-1.6.jar:/usr/local/hadoop-2.10.0/share/hadoop/common/lib/commons-digester-1.8.jar:/usr/local/hadoop-2.10.0/share/hadoop/common/lib/commons-io-2.4.jar:/usr/local/hadoop-2.10.0/share/hadoop/common/lib/commons-lang-2.6.jar:/usr/local/hadoop-2.10.0/share/hadoop/common/lib/commons-lang3-3.4.jar:/usr/local/hadoop-2.10.0/share/hadoop/common/lib/commons-logging-1.1.3.jar:/usr/local/hadoop-2.10.0/share/hadoop/common/lib/commons-math3-3.1.1.jar:/usr/local/hadoop-2.10.0/share/hadoop/common/lib/commons-net-3.1.jar:/usr/local/hadoop-2.10.0/share/hadoop/common/lib/curator-client-2.7.1.jar:/usr/local/hadoop-2.10.0/share/hadoop/common/lib/curator-framework-2.7.1.jar:/usr/local/hadoop-2.10.0/share/hadoop/common/lib/curator-recipes-2.7.1.jar:/usr/local/hadoop-2.10.0/share/hadoop/common/lib/gson-2.2.4.jar:/usr/local/hadoop-2.10.0/share/hadoop/common/lib/guava-11.0.2.jar:/usr/local/hadoop-2.10.0/share/hadoop/common/lib/hadoop-annotations-2.10.0.jar:/usr/local/hadoop-2.10.0/share/hadoop/common
Launcher Type: generic

Environment Variables:
PATH=/usr/local/sbin:/usr/local/bin:/usr/sbin:/usr/bin:/sbin:/bin:/usr/games:/usr/local/games:/snap/bin
USERNAME=yuejia
LD_LIBRARY_PATH=:/usr/lib/jvm/java-8-openjdk-amd64/jre/lib/amd64/server:/usr/local/hadoop-2.10.0/lib/native:/usr/local/lib
SHELL=/bin/bash
DISPLAY=:0

Signal Handlers:
SIGSEGV: [libjvm.so+0xa8c6a0], sa_mask[0]=11111111011111111101111111111110, sa_flags=SA_RESTART|SA_SIGINFO
SIGBUS: [libjvm.so+0xa8c6a0], sa_mask[0]=11111111011111111101111111111110, sa_flags=SA_RESTART|SA_SIGINFO
SIGFPE: [libjvm.so+0x8e14c0], sa_mask[0]=11111111011111111101111111111110, sa_flags=SA_RESTART|SA_SIGINFO
SIGPIPE: [libjvm.so+0x8e14c0], sa_mask[0]=11111111011111111101111111111110, sa_flags=SA_RESTART|SA_SIGINFO
SIGXFSZ: [libjvm.so+0x8e14c0], sa_mask[0]=11111111011111111101111111111110, sa_flags=SA_RESTART|SA_SIGINFO
SIGILL: [libjvm.so+0x8e14c0], sa_mask[0]=11111111011111111101111111111110, sa_flags=SA_RESTART|SA_SIGINFO
SIGUSR1: SIG_DFL, sa_mask[0]=00000000000000000000000000000000, sa_flags=none
SIGUSR2: [libjvm.so+0x8e1370], sa_mask[0]=00000000000000000000000000000000, sa_flags=SA_RESTART|SA_SIGINFO
SIGHUP: [libjvm.so+0x8e1740], sa_mask[0]=11111111011111111101111111111110, sa_flags=SA_RESTART|SA_SIGINFO
SIGINT: [libjvm.so+0x8e1740], sa_mask[0]=11111111011111111101111111111110, sa_flags=SA_RESTART|SA_SIGINFO
SIGTERM: [libjvm.so+0x8e1740], sa_mask[0]=11111111011111111101111111111110, sa_flags=SA_RESTART|SA_SIGINFO
SIGQUIT: [libjvm.so+0x8e1740], sa_mask[0]=11111111011111111101111111111110, sa_flags=SA_RESTART|SA_SIGINFO


---------------  S Y S T E M  ---------------

OS:DISTRIB_ID=Ubuntu
DISTRIB_RELEASE=20.04
DISTRIB_CODENAME=focal
DISTRIB_DESCRIPTION="Ubuntu 20.04.1 LTS"

uname:Linux 5.4.0-47-generic #51-Ubuntu SMP Fri Sep 4 19:50:52 UTC 2020 x86_64
libc:glibc 2.31 NPTL 2.31 
rlimit: STACK 8192k, CORE 0k, NPROC 15522, NOFILE 1048576, AS infinity
load average:0.76 0.43 0.42

/proc/meminfo:
MemTotal:        4030228 kB
MemFree:          382056 kB
MemAvailable:    1517824 kB
Buffers:          127444 kB
Cached:          1160424 kB
SwapCached:          576 kB
Active:          2288760 kB
Inactive:        1029368 kB
Active(anon):    1717336 kB
Inactive(anon):   338816 kB
Active(file):     571424 kB
Inactive(file):   690552 kB
Unevictable:           0 kB
Mlocked:               0 kB
SwapTotal:        459260 kB
SwapFree:         456176 kB
Dirty:             16672 kB
Writeback:             0 kB
AnonPages:       2029812 kB
Mapped:           435652 kB
Shmem:             30268 kB
KReclaimable:     153672 kB
Slab:             248068 kB
SReclaimable:     153672 kB
SUnreclaim:        94396 kB
KernelStack:       11976 kB
PageTables:        19752 kB
NFS_Unstable:          0 kB
Bounce:                0 kB
WritebackTmp:          0 kB
CommitLimit:     2474372 kB
Committed_AS:    6597572 kB
VmallocTotal:   34359738367 kB
VmallocUsed:       36736 kB
VmallocChunk:          0 kB
Percpu:             2720 kB
HardwareCorrupted:     0 kB
AnonHugePages:         0 kB
ShmemHugePages:        0 kB
ShmemPmdMapped:        0 kB
FileHugePages:         0 kB
FilePmdMapped:         0 kB
CmaTotal:              0 kB
CmaFree:               0 kB
HugePages_Total:       0
HugePages_Free:        0
HugePages_Rsvd:        0
HugePages_Surp:        0
Hugepagesize:       2048 kB
Hugetlb:               0 kB
DirectMap4k:      180160 kB
DirectMap2M:     4014080 kB

container (cgroup) information:
container_type: cgroupv1
cpu_cpuset_cpus: 0-3
cpu_memory_nodes: 0
active_processor_count: 4
cpu_quota: -1
cpu_period: 100000
cpu_shares: -1
memory_limit_in_bytes: -1
memory_and_swap_limit_in_bytes: -2
memory_soft_limit_in_bytes: -1
memory_usage_in_bytes: 1971728384
memory_max_usage_in_bytes: 2242899968


CPU:total 4 (initial active 4) (4 cores per cpu, 1 threads per core) family 6 model 142 stepping 12, cmov, cx8, fxsr, mmx, sse, sse2, sse3, ssse3, sse4.1, sse4.2, popcnt, avx, avx2, aes, clmul, 3dnowpref, lzcnt, tsc, tscinvbit

/proc/cpuinfo:
processor	: 0
vendor_id	: GenuineIntel
cpu family	: 6
model		: 142
model name	: Intel(R) Core(TM) i7-8565U CPU @ 1.80GHz
stepping	: 12
cpu MHz		: 1992.001
cache size	: 8192 KB
physical id	: 0
siblings	: 4
core id		: 0
cpu cores	: 4
apicid		: 0
initial apicid	: 0
fpu		: yes
fpu_exception	: yes
cpuid level	: 22
wp		: yes
flags		: fpu vme de pse tsc msr pae mce cx8 apic sep mtrr pge mca cmov pat pse36 clflush mmx fxsr sse sse2 ht syscall nx rdtscp lm constant_tsc rep_good nopl xtopology nonstop_tsc cpuid tsc_known_freq pni pclmulqdq ssse3 cx16 pcid sse4_1 sse4_2 x2apic movbe popcnt aes xsave avx rdrand hypervisor lahf_lm abm 3dnowprefetch invpcid_single fsgsbase avx2 invpcid rdseed clflushopt md_clear flush_l1d arch_capabilities
bugs		: spectre_v1 spectre_v2 spec_store_bypass swapgs itlb_multihit srbds
bogomips	: 3984.00
clflush size	: 64
cache_alignment	: 64
address sizes	: 39 bits physical, 48 bits virtual
power management:

processor	: 1
vendor_id	: GenuineIntel
cpu family	: 6
model		: 142
model name	: Intel(R) Core(TM) i7-8565U CPU @ 1.80GHz
stepping	: 12
cpu MHz		: 1992.001
cache size	: 8192 KB
physical id	: 0
siblings	: 4
core id		: 1
cpu cores	: 4
apicid		: 1
initial apicid	: 1
fpu		: yes
fpu_exception	: yes
cpuid level	: 22
wp		: yes
flags		: fpu vme de pse tsc msr pae mce cx8 apic sep mtrr pge mca cmov pat pse36 clflush mmx fxsr sse sse2 ht syscall nx rdtscp lm constant_tsc rep_good nopl xtopology nonstop_tsc cpuid tsc_known_freq pni pclmulqdq ssse3 cx16 pcid sse4_1 sse4_2 x2apic movbe popcnt aes xsave avx rdrand hypervisor lahf_lm abm 3dnowprefetch invpcid_single fsgsbase avx2 invpcid rdseed clflushopt md_clear flush_l1d arch_capabilities
bugs		: spectre_v1 spectre_v2 spec_store_bypass swapgs itlb_multihit srbds
bogomips	: 3984.00
clflush size	: 64
cache_alignment	: 64
address sizes	: 39 bits physical, 48 bits virtual
power management:

processor	: 2
vendor_id	: GenuineIntel
cpu family	: 6
model		: 142
model name	: Intel(R) Core(TM) i7-8565U CPU @ 1.80GHz
stepping	: 12
cpu MHz		: 1992.001
cache size	: 8192 KB
physical id	: 0
siblings	: 4
core id		: 2
cpu cores	: 4
apicid		: 2
initial apicid	: 2
fpu		: yes
fpu_exception	: yes
cpuid level	: 22
wp		: yes
flags		: fpu vme de pse tsc msr pae mce cx8 apic sep mtrr pge mca cmov pat pse36 clflush mmx fxsr sse sse2 ht syscall nx rdtscp lm constant_tsc rep_good nopl xtopology nonstop_tsc cpuid tsc_known_freq pni pclmulqdq ssse3 cx16 pcid sse4_1 sse4_2 x2apic movbe popcnt aes xsave avx rdrand hypervisor lahf_lm abm 3dnowprefetch invpcid_single fsgsbase avx2 invpcid rdseed clflushopt md_clear flush_l1d arch_capabilities
bugs		: spectre_v1 spectre_v2 spec_store_bypass swapgs itlb_multihit srbds
bogomips	: 3984.00
clflush size	: 64
cache_alignment	: 64
address sizes	: 39 bits physical, 48 bits virtual
power management:

processor	: 3
vendor_id	: GenuineIntel
cpu family	: 6
model		: 142
model name	: Intel(R) Core(TM) i7-8565U CPU @ 1.80GHz
stepping	: 12
cpu MHz		: 1992.001
cache size	: 8192 KB
physical id	: 0
siblings	: 4
core id		: 3
cpu cores	: 4
apicid		: 3
initial apicid	: 3
fpu		: yes
fpu_exception	: yes
cpuid level	: 22
wp		: yes
flags		: fpu vme de pse tsc msr pae mce cx8 apic sep mtrr pge mca cmov pat pse36 clflush mmx fxsr sse sse2 ht syscall nx rdtscp lm constant_tsc rep_good nopl xtopology nonstop_tsc cpuid tsc_known_freq pni pclmulqdq ssse3 cx16 pcid sse4_1 sse4_2 x2apic movbe popcnt aes xsave avx rdrand hypervisor lahf_lm abm 3dnowprefetch invpcid_single fsgsbase avx2 invpcid rdseed clflushopt md_clear flush_l1d arch_capabilities
bugs		: spectre_v1 spectre_v2 spec_store_bypass swapgs itlb_multihit srbds
bogomips	: 3984.00
clflush size	: 64
cache_alignment	: 64
address sizes	: 39 bits physical, 48 bits virtual
power management:



Memory: 4k page, physical 4030228k(382352k free), swap 459260k(456176k free)

vm_info: OpenJDK 64-Bit Server VM (25.265-b01) for linux-amd64 JRE (1.8.0_265-8u265-b01-0ubuntu2~20.04-b01), built on Aug  3 2020 01:16:56 by "buildd" with gcc 9.3.0

time: Sun Sep 13 15:15:04 2020
timezone: CST
elapsed time: 3 seconds (0d 0h 0m 3s)

