Data graph path: /g-thinker/newdata/youtube_f.txt
Query graph path: /fdu-zyj/query/query.txt
Output graph path: /fdu-zyj/output
Partition Method: 
Preprocess Method: 0
Filter Method: 0
Order Method: random
Enumerate Method: 1
=================Start loading data graph ...=====================
Load Graph Time : 22.089106 seconds
=================Start loading query...===================
Worker 0: "hdfs://master:9000/fdu-zyj/query/query.txt" loaded
Communication Time : 0.000130 seconds
- Serialization Time : 0.000008 seconds
- Transfer Time : 0.000121 seconds
Load Query Time : 0.675723 seconds
=================Start building query tree...===================
this->nodes size: 5
Node 0
Label: 97
Branch number: 0
Neighbors: [1, 2]
Backward neighbors: []
Backward same labels: []
It has 1 children.
Node 1
Label: 98
Branch number: 0
Neighbors: [0, 2]
Backward neighbors: []
Backward same labels: []
It has 1 children.
Node 2
Label: 99
Branch number: 0
Neighbors: [0, 1, 3]
Backward neighbors: [0]
Backward same labels: []
It has 1 children.
Node 3
Label: 98
Branch number: 0
Neighbors: [2, 4]
Backward neighbors: []
Backward same labels: [1]
It has 1 children.
Node 4
Label: 100
Branch number: 0
Neighbors: [3]
Backward neighbors: []
Backward same labels: []
It has 0 children.
Build Query Tree Time : 0.000634 seconds
================Start matching...======================
Superstep 1 done.Time elapsed: 0.182884 seconds
#msgs: 122246
Superstep 2 done.Time elapsed: 1.21198 seconds
#msgs: 87234
Superstep 3 done.Time elapsed: 2.16201 seconds
#msgs: 59339
Superstep 4 done.Time elapsed: 12.788 seconds
#msgs: 71457
Superstep 5 done.Time elapsed: 8.8162 seconds
#msgs: 0
Subgraph matching done. 
Communication Time : 13.417409 seconds
- Serialization Time : 3.663661 seconds
- Transfer Time : 9.719327 seconds
Total Computational Time : 25.204081 seconds
Total #msgs=340276, Total #vadd=0
From start to end: total time: 139.666 s
Loop through messages 138.926 s
Time of first step: 0.508156 s
1. To be selected (check feasibility): 9.35077 s
2. Append current vertex id: 70.0206 s
3. Add dummy vertex: 7.36187 s
4. Continue mapping and clear bucket: 0.443103 s
 - Continue mapping: 0.404036 s
================Start enumerating...===================
Superstep 1 done.Time elapsed: 0.0332019 seconds
#msgs: 0
Subgraph enumeration done. 
Communication Time : 0.012680 seconds
- Serialization Time : 0.000104 seconds
- Transfer Time : 0.012470 seconds
Total Computational Time : 0.059278 seconds
Total #msgs=0, Total #vadd=0
From start to end: total time: 0.00693822 s
 - continue enumerating: 0 s
 - expand time: 0 s
================ Final Report ===============
Mapping count: 1.00402e+08
Load time: 22.7648 s.
Dump time: 0 s.
Compute time: 25.2643 s.
Offline time: 26.8241 s.
Online time: 26.2388 s.
