Data graph path: /fdu-zyj/labelSK
Query graph path: /fdu-zyj/query/query.txt
Output graph path: /fdu-zyj/output
Partition Method: 
Preprocess Method: 0
Filter Method: 0
Order Method: random
Enumerate Method: 1
=================Start loading data graph ...=====================
Load Graph Time : 45.163667 seconds
=================Start loading query...===================
Worker 0: "hdfs://master:9000/fdu-zyj/query/query.txt" loaded
Communication Time : 0.000115 seconds
- Serialization Time : 0.000010 seconds
- Transfer Time : 0.000105 seconds
Load Query Time : 0.675796 seconds
=================Start building query tree...===================
this->nodes size: 5
Node 0
Label: 97
Branch number: 0
Neighbors: [1, 2]
Backward neighbors: []
Backward same labels: []
It has 1 children.
Node 1
Label: 98
Branch number: 0
Neighbors: [0, 2]
Backward neighbors: []
Backward same labels: []
It has 1 children.
Node 2
Label: 99
Branch number: 0
Neighbors: [0, 1, 3]
Backward neighbors: [0]
Backward same labels: []
It has 1 children.
Node 3
Label: 98
Branch number: 0
Neighbors: [2, 4]
Backward neighbors: []
Backward same labels: [1]
It has 1 children.
Node 4
Label: 100
Branch number: 0
Neighbors: [3]
Backward neighbors: []
Backward same labels: []
It has 0 children.
Build Query Tree Time : 0.000633 seconds
================Start matching...======================
Superstep 1 done.Time elapsed: 0.121518 seconds
#msgs: 34624
Superstep 2 done.Time elapsed: 1.93064 seconds
#msgs: 22113
Superstep 3 done.Time elapsed: 0.516051 seconds
#msgs: 12698
Superstep 4 done.Time elapsed: 5.30483 seconds
#msgs: 15481
Superstep 5 done.Time elapsed: 1.00028 seconds
#msgs: 0
Subgraph matching done. 
Communication Time : 1.689177 seconds
- Serialization Time : 0.738856 seconds
- Transfer Time : 0.923024 seconds
Total Computational Time : 8.891470 seconds
Total #msgs=84916, Total #vadd=0
From start to end: total time: 21.7445 s
1. To be selected in the first step: 0.00857139 s
1. To be selected (check feasibility): 1.86907 s
 - Check label uniqueness: 0.751911 s
 - Check backward neighbors: 1.11716 s
2. Append current vertex id: 6.03051 s
3. Add dummy vertex: 0.537212 s
4. Continue mapping and clear bucket: 11.298 s
 - Continue mapping: 11.2401 s
5. Sync Time: 0.368673 s
================Start enumerating...===================
Superstep 1 done.Time elapsed: 0.120486 seconds
#msgs: 0
Subgraph enumeration done. 
Communication Time : 0.044247 seconds
- Serialization Time : 0.000120 seconds
- Transfer Time : 0.043998 seconds
Total Computational Time : 0.200817 seconds
Total #msgs=0, Total #vadd=0
From start to end: total time: 0.00221491 s
 - continue enumerating: 0 s
 - expand time: 0 s
Sync Time: 0.446047 s
================ Final Report ===============
Mapping count: 7.84184e+06
Load time: 45.8395 s.
Dump time: 0 s.
Compute time: 9.0996 s.
Offline time: 49.5943 s.
Online time: 9.92975 s.
