Data graph path: /g-thinker/newdata/orkut_f.txt
Query graph path: /fdu-zyj/query1125/query2.txt
Output graph path: /fdu-zyj/output
Partition Method: 
Preprocess Method: 1
Filter Method: 0
Order Method: random
Enumerate Method: 1

Loading data graph...
Loading data graph time : 130.431031 seconds
Preprocessing...
Preprocessing time : 2.816928 seconds
In total, offline time : 133.248083 seconds

Loading query graph...
Worker 0: "hdfs://master:9000/fdu-zyj/query1125/query2.txt" loaded
Loading query graph time : 0.699677 seconds
Filtering...
Filtering time : 0.000001 seconds
Building query tree...
# Query Vertices: 5
Node 0: [Label: 97 Neighbors: [1, 2] Level: 0 Backward neighbors: []]. with 1 children and 0 pseudo children.
Node 1: [Label: 98 Neighbors: [0, 2] Level: 1 Backward neighbors: []]. with 1 children and 0 pseudo children.
Node 2: [Label: 99 Neighbors: [0, 1, 3] Level: 2 Backward neighbors: [0]]. with 1 children and 0 pseudo children.
Node 3: [Label: 98 Neighbors: [2, 4] Level: 3 Backward neighbors: []]. with 0 children and 1 pseudo children.
{100*1 }
Node 4: [Label: 100 Neighbors: [3] Level: 4 Backward neighbors: []]. with 0 children and 0 pseudo children.
Building query tree time : 0.000628 seconds
**Subgraph matching**
Superstep 1 done.Time elapsed: 0.688451 seconds
#msgs: 2974161, #vadd: 0
Superstep 2 done.Time elapsed: 1.55557 seconds
#msgs: 2933453, #vadd: 0
Superstep 3 done.Time elapsed: 4.36923 seconds
#msgs: 2749818, #vadd: 0
Superstep 4 done.Time elapsed: 2.11295 seconds
#msgs: 0, #vadd: 0
Subgraph matching done. 
Total Computational Time : 8.755081 seconds
 - Active Compute Time : 3.294824 seconds
 - Sync Message Time : 5.424059 seconds
 - Agg Time : 0.027196 seconds
 - Sync Time (load imbalance) : 0.001786 seconds
 - Communication Time : 4.736644 seconds
    - Serialization Time : 2.327683 seconds
    - Transfer Time : 2.407654 seconds
Total #msgs=8657432, Total #vadd=0
Subgraph matching time : 8.755200 seconds
[Detailed report]
1. Arrange messages: 1.1967 s
2. Main Computation: 45.1553 s
2.1. Check feasibility: 39.7469 s
2.2. Continue mapping: 5.18872 s
2.2.0. Initiate neighbor map: 0.4201 s
2.2.1. Construct neighbor map: 1.20218 s
2.2.2. Update out messages buffer: 2.60804 s
2.2.3. Clear out neighbor map: 0.0586679 s
2.2.4. Leaf query vertex counting: 0.263539 s
**Subgraph enumeration**
Subgraph enumeration time : 0.048586 seconds
Dumping results...
Dumping results time : 0.000001 seconds
In total, online time : 9.504571 seconds
================ Final Report ===============
Mapping count: 100335671249
COMPUTE Time : 8.804849 seconds
