Load Time : 4.336554 seconds
结果：the # of matched graph = 0

============ PROGRESS REPORT ============
Total number of tasks processed: 1
Worker 0: 0 tasks processed
Worker 1: 0 tasks processed
Worker 2: 0 tasks processed
Worker 3: 0 tasks processed
Worker 4: 0 tasks processed
Worker 5: 0 tasks processed
Worker 6: 0 tasks processed
Worker 7: 1 tasks processed
Worker 8: 0 tasks processed
Worker 9: 0 tasks processed
Worker 10: 0 tasks processed

Task Time : 0.608842 seconds
结果：the # of matched graph = 1856

============ PROGRESS REPORT ============
Total number of tasks processed: 786
Worker 0: 76 tasks processed (+ 76)
Worker 1: 74 tasks processed (+ 74)
Worker 2: 67 tasks processed (+ 67)
Worker 3: 67 tasks processed (+ 67)
Worker 4: 59 tasks processed (+ 59)
Worker 5: 71 tasks processed (+ 71)
Worker 6: 84 tasks processed (+ 84)
Worker 7: 77 tasks processed (+ 76)
Worker 8: 74 tasks processed (+ 74)
Worker 9: 68 tasks processed (+ 68)
Worker 10: 69 tasks processed (+ 69)

