Data graph path: /g-thinker/labelyou.txt
Query graph path: /fdu-zyj/query1125/query2.txt
Output graph path: /fdu-zyj/output
Partition Method: 
Preprocess Method: 1
Filter Method: 0
Order Method: random
Enumerate Method: 1

Loading data graph...
Loading data graph time : 19.869637 seconds
Preprocessing...
Preprocessing time : 0.124853 seconds
In total, offline time : 19.994601 seconds

Loading query graph...
Worker 0: "hdfs://master:9000/fdu-zyj/query1125/query2.txt" loaded
Loading query graph time : 0.847794 seconds
Filtering...
Filtering time : 0.000000 seconds
Building query tree...
# Query Vertices: 5
Node 0: [Label: 97 Neighbors: [1, 2] Level: 0 Backward neighbors: []]. with 1 children and 0 pseudo children.
Node 1: [Label: 98 Neighbors: [0, 2] Level: 1 Backward neighbors: []]. with 1 children and 0 pseudo children.
Node 2: [Label: 99 Neighbors: [0, 1, 3] Level: 2 Backward neighbors: [0]]. with 1 children and 0 pseudo children.
Node 3: [Label: 98 Neighbors: [2, 4] Level: 3 Backward neighbors: []]. with 0 children and 1 pseudo children.
{100*1 }
Node 4: [Label: 100 Neighbors: [3] Level: 4 Backward neighbors: []]. with 0 children and 0 pseudo children.
Building query tree time : 0.000642 seconds
**Subgraph matching**
Superstep 1 done.Time elapsed: 0.031153 seconds
#msgs: 7608, #vadd: 0
Superstep 2 done.Time elapsed: 0.00974703 seconds
#msgs: 3949, #vadd: 0
Superstep 3 done.Time elapsed: 0.00924897 seconds
#msgs: 1687, #vadd: 0
Superstep 4 done.Time elapsed: 0.00936985 seconds
#msgs: 0, #vadd: 0
Subgraph matching done. 
Total Computational Time : 0.071661 seconds
 - Active Compute Time : 0.040231 seconds
 - Sync Message Time : 0.013913 seconds
 - Agg Time : 0.010453 seconds
 - Sync Time (load imbalance) : 0.002960 seconds
 - Communication Time : 0.013530 seconds
    - Serialization Time : 0.000637 seconds
    - Transfer Time : 0.012809 seconds
Total #msgs=13244, Total #vadd=0
Subgraph matching time : 0.072437 seconds
[Detailed report]
1. Arrange messages: 0.0133162 s
2. Main Computation: 0.0883365 s
2.1. Check feasibility: 0.0157413 s
2.2. Continue mapping: 0.063781 s
2.2.0. Initiate neighbor map: 0.010015 s
2.2.1. Construct neighbor map: 0.0125945 s
2.2.2. Update out messages buffer: 0.0115964 s
2.2.3. Clear out neighbor map: 0.00352144 s
2.2.4. Leaf query vertex counting: 0.00324035 s
**Subgraph enumeration**
Subgraph enumeration time : 0.021224 seconds
Dumping results...
Dumping results time : 0.000000 seconds
In total, online time : 0.942366 seconds
================ Final Report ===============
Mapping count: 238901
COMPUTE Time : 0.094532 seconds
