Data graph path: /g-thinker/newdata/youtube_f.txt
Query graph path: /fdu-zyj/query1125/query2.txt
Output graph path: /fdu-zyj/output
Partition Method: 
Preprocess Method: 1
Filter Method: 0
Order Method: random
Enumerate Method: 1

Loading data graph...
Loading data graph time : 19.978662 seconds
Preprocessing...
Preprocessing time : 0.117557 seconds
In total, offline time : 20.096340 seconds

Loading query graph...
Worker 0: "hdfs://master:9000/fdu-zyj/query1125/query2.txt" loaded
Loading query graph time : 0.578230 seconds
Filtering...
Filtering time : 0.000000 seconds
Building query tree...
# Query Vertices: 5
Node 0: [Label: 97 Neighbors: [1, 2] Level: 0 Backward neighbors: []]. with 1 children and 0 pseudo children.
Node 1: [Label: 98 Neighbors: [0, 2] Level: 1 Backward neighbors: []]. with 1 children and 0 pseudo children.
Node 2: [Label: 99 Neighbors: [0, 1, 3] Level: 2 Backward neighbors: [0]]. with 1 children and 0 pseudo children.
Node 3: [Label: 98 Neighbors: [2, 4] Level: 3 Backward neighbors: []]. with 0 children and 1 pseudo children.
{100*1 }
Node 4: [Label: 100 Neighbors: [3] Level: 4 Backward neighbors: []]. with 0 children and 0 pseudo children.
Building query tree time : 0.000655 seconds
**Subgraph matching**
Superstep 1 done.Time elapsed: 0.0558159 seconds
#msgs: 94281, #vadd: 0
Superstep 2 done.Time elapsed: 0.0317471 seconds
#msgs: 61296, #vadd: 0
Superstep 3 done.Time elapsed: 0.0368781 seconds
#msgs: 33591, #vadd: 0
Superstep 4 done.Time elapsed: 0.021394 seconds
#msgs: 0, #vadd: 0
Subgraph matching done. 
Total Computational Time : 0.159464 seconds
 - Active Compute Time : 0.081134 seconds
 - Sync Message Time : 0.054026 seconds
 - Agg Time : 0.012130 seconds
 - Sync Time (load imbalance) : 0.001560 seconds
 - Communication Time : 0.046941 seconds
    - Serialization Time : 0.014145 seconds
    - Transfer Time : 0.032364 seconds
Total #msgs=189168, Total #vadd=0
Subgraph matching time : 0.159562 seconds
[Detailed report]
1. Arrange messages: 0.0794649 s
2. Main Computation: 0.788729 s
2.1. Check feasibility: 0.419206 s
2.2. Continue mapping: 0.326362 s
2.2.0. Initiate neighbor map: 0.0423796 s
2.2.1. Construct neighbor map: 0.0647509 s
2.2.2. Update out messages buffer: 0.0852106 s
2.2.3. Clear out neighbor map: 0.015038 s
2.2.4. Leaf query vertex counting: 0.0217144 s
**Subgraph enumeration**
Subgraph enumeration time : 0.019140 seconds
Dumping results...
Dumping results time : 0.000000 seconds
In total, online time : 0.757857 seconds
================ Final Report ===============
Mapping count: 100401613
COMPUTE Time : 0.179590 seconds
