Data graph path: /g-thinker/labelSK.txt
Query graph path: /fdu-zyj/query1125/query2.txt
Output graph path: /fdu-zyj/output
Partition Method: 
Preprocess Method: 1
Filter Method: 0
Order Method: random
Enumerate Method: 1

Loading data graph...
Loading data graph time : 33.628402 seconds
Preprocessing...
Preprocessing time : 0.350121 seconds
In total, offline time : 33.978658 seconds

Loading query graph...
Worker 0: "hdfs://master:9000/fdu-zyj/query1125/query2.txt" loaded
Loading query graph time : 0.779004 seconds
Filtering...
Filtering time : 0.000000 seconds
Building query tree...
# Query Vertices: 5
Node 0: [Label: 97 Neighbors: [1, 2] Level: 0 Backward neighbors: []]. with 1 children and 0 pseudo children.
Node 1: [Label: 98 Neighbors: [0, 2] Level: 1 Backward neighbors: []]. with 1 children and 0 pseudo children.
Node 2: [Label: 99 Neighbors: [0, 1, 3] Level: 2 Backward neighbors: [0]]. with 1 children and 0 pseudo children.
Node 3: [Label: 98 Neighbors: [2, 4] Level: 3 Backward neighbors: []]. with 0 children and 1 pseudo children.
{100*1 }
Node 4: [Label: 100 Neighbors: [3] Level: 4 Backward neighbors: []]. with 0 children and 0 pseudo children.
Building query tree time : 0.000639 seconds
**Subgraph matching**
Superstep 1 done.Time elapsed: 0.0481701 seconds
#msgs: 28101, #vadd: 0
Superstep 2 done.Time elapsed: 0.017247 seconds
#msgs: 15188, #vadd: 0
Superstep 3 done.Time elapsed: 0.0195832 seconds
#msgs: 9040, #vadd: 0
Superstep 4 done.Time elapsed: 0.0116498 seconds
#msgs: 0, #vadd: 0
Subgraph matching done. 
Total Computational Time : 0.113068 seconds
 - Active Compute Time : 0.067754 seconds
 - Sync Message Time : 0.024312 seconds
 - Agg Time : 0.014793 seconds
 - Sync Time (load imbalance) : 0.001276 seconds
 - Communication Time : 0.021614 seconds
    - Serialization Time : 0.002610 seconds
    - Transfer Time : 0.018879 seconds
Total #msgs=52329, Total #vadd=0
Subgraph matching time : 0.113169 seconds
[Detailed report]
1. Arrange messages: 0.0266147 s
2. Main Computation: 0.261278 s
2.1. Check feasibility: 0.122671 s
2.2. Continue mapping: 0.122808 s
2.2.0. Initiate neighbor map: 0.0161409 s
2.2.1. Construct neighbor map: 0.0260224 s
2.2.2. Update out messages buffer: 0.0304723 s
2.2.3. Clear out neighbor map: 0.00594044 s
2.2.4. Leaf query vertex counting: 0.00705767 s
**Subgraph enumeration**
Subgraph enumeration time : 0.026072 seconds
Dumping results...
Dumping results time : 0.000000 seconds
In total, online time : 0.919720 seconds
================ Final Report ===============
Mapping count: 7841842
COMPUTE Time : 0.140682 seconds
