Load Time : 63.664374 seconds

============ PROGRESS REPORT ============
Total number of tasks processed: 结果：the # of matched graph = 0
1
Worker 0: 0 tasks processed
Worker 1: 0 tasks processed
Worker 2: 0 tasks processed
Worker 3: 0 tasks processed
Worker 4: 0 tasks processed
Worker 5: 1 tasks processed
Worker 6: 0 tasks processed
Worker 7: 0 tasks processed
Worker 8: 0 tasks processed
Worker 9: 0 tasks processed
Worker 10: 0 tasks processed

结果：the # of matched graph = 4269

============ PROGRESS REPORT ============
Total number of tasks processed: 5554
Worker 0: 67 tasks processed (+ 67)
Worker 1: 602 tasks processed (+ 602)
Worker 2: 509 tasks processed (+ 509)
Worker 3: 405 tasks processed (+ 405)
Worker 4: 504 tasks processed (+ 504)
Worker 5: 639 tasks processed (+ 638)
Worker 6: 643 tasks processed (+ 643)
Worker 7: 544 tasks processed (+ 544)
Worker 8: 548 tasks processed (+ 548)
Worker 9: 528 tasks processed (+ 528)
Worker 10: 565 tasks processed (+ 565)

结果：the # of matched graph = 262345

============ PROGRESS REPORT ============
Total number of tasks processed: 14120
Worker 0: 758 tasks processed (+ 691)
Worker 1: 1453 tasks processed (+ 851)
Worker 2: 1369 tasks processed (+ 860)
Worker 3: 1468 tasks processed (+ 1063)
Worker 4: 1461 tasks processed (+ 957)
Worker 5: 1603 tasks processed (+ 964)
Worker 6: 1159 tasks processed (+ 516)
Worker 7: 1418 tasks processed (+ 874)
Worker 8: 1140 tasks processed (+ 592)
Worker 9: 993 tasks processed (+ 465)
Worker 10: 1298 tasks processed (+ 733)

结果：the # of matched graph = 8568563

============ PROGRESS REPORT ============
Total number of tasks processed: 23629
Worker 0: 1523 tasks processed (+ 765)
Worker 1: 2508 tasks processed (+ 1055)
Worker 2: 2286 tasks processed (+ 917)
Worker 3: 1971 tasks processed (+ 503)
Worker 4: 2084 tasks processed (+ 623)
Worker 5: 2301 tasks processed (+ 698)
Worker 6: 2210 tasks processed (+ 1051)
Worker 7: 2387 tasks processed (+ 969)
Worker 8: 2177 tasks processed (+ 1037)
Worker 9: 2045 tasks processed (+ 1052)
Worker 10: 2137 tasks processed (+ 839)

结果：the # of matched graph = 45054251

============ PROGRESS REPORT ============
Total number of tasks processed: 28627
Worker 0: 2372 tasks processed (+ 849)
Worker 1: 3102 tasks processed (+ 594)
Worker 2: 2716 tasks processed (+ 430)
Worker 3: 2509 tasks processed (+ 538)
Worker 4: 2455 tasks processed (+ 371)
Worker 5: 2436 tasks processed (+ 135)
Worker 6: 2548 tasks processed (+ 338)
Worker 7: 2758 tasks processed (+ 371)
Worker 8: 2666 tasks processed (+ 489)
Worker 9: 2414 tasks processed (+ 369)
Worker 10: 2651 tasks processed (+ 514)

结果：the # of matched graph = 80166575

============ PROGRESS REPORT ============
Total number of tasks processed: 31818
Worker 0: 2747 tasks processed (+ 375)
Worker 1: 3328 tasks processed (+ 226)
Worker 2: 3035 tasks processed (+ 319)
Worker 3: 2976 tasks processed (+ 467)
Worker 4: 2836 tasks processed (+ 381)
Worker 5: 2602 tasks processed (+ 166)
Worker 6: 2849 tasks processed (+ 301)
Worker 7: 3052 tasks processed (+ 294)
Worker 8: 2857 tasks processed (+ 191)
Worker 9: 2660 tasks processed (+ 246)
Worker 10: 2876 tasks processed (+ 225)


============ PROGRESS REPORT ============
Total number of tasks processed: 34521
Worker 0: 2801 tasks processed (+ 54)
Worker 1: 4034 tasks processed (+ 706)
Worker 2: 3203 tasks processed (+ 168)
Worker 3: 3337 tasks processed (+ 361)
Worker 4: 3263 tasks processed (+ 427)
Worker 5: 2896 tasks processed (+ 294)
Worker 6: 2949 tasks processed (+ 100)
Worker 7: 3157 tasks processed (+ 105)
Worker 8: 2959 tasks processed (+ 102)
Worker 9: 2938 tasks processed (+ 278)
Worker 10: 2984 tasks processed (+ 108)

结果：the # of matched graph = 117549555

============ PROGRESS REPORT ============
Total number of tasks processed: 36602
Worker 0: 2885 tasks processed (+ 84)
Worker 1: 5187 tasks processed (+ 1153)
Worker 2: 3278 tasks processed (+ 75)
Worker 3: 3427 tasks processed (+ 90)
Worker 4: 3328 tasks processed (+ 65)
Worker 5: 3056 tasks processed (+ 160)
Worker 6: 3056 tasks processed (+ 107)
Worker 7: 3289 tasks processed (+ 132)
Worker 8: 3024 tasks processed (+ 65)
Worker 9: 3022 tasks processed (+ 84)
Worker 10: 3050 tasks processed (+ 66)

结果：the # of matched graph = 153330707
10 stealing plans generated at the master
6 stealing plans generated at the master
1 stealing plans generated at the master
1 stealing plans generated at the master
1 stealing plans generated at the master
1 stealing plans generated at the master

============ PROGRESS REPORT ============
Total number of tasks processed: 40446
Worker 0: 2997 tasks processed (+ 112)
Worker 1: 6542 tasks processed (+ 1355)
--- 3002 more tasks stolen
Worker 2: 3438 tasks processed (+ 160)
Worker 3: 3941 tasks processed (+ 514)
Worker 4: 3401 tasks processed (+ 73)
Worker 5: 3334 tasks processed (+ 278)
Worker 6: 3202 tasks processed (+ 146)
Worker 7: 3825 tasks processed (+ 536)
Worker 8: 3125 tasks processed (+ 101)
Worker 9: 3505 tasks processed (+ 483)
Worker 10: 3136 tasks processed (+ 86)

1 stealing plans generated at the master
结果：the # of matched graph = 181105040
1 stealing plans generated at the master
3 stealing plans generated at the master
1 stealing plans generated at the master
2 stealing plans generated at the master
12 stealing plans generated at the master

============ PROGRESS REPORT ============
Total number of tasks processed: 48269
Worker 0: 3975 tasks processed (+ 978)
--- 1503 more tasks stolen
Worker 1: 8076 tasks processed (+ 1534)
--- 1502 more tasks stolen
Worker 2: 4193 tasks processed (+ 755)
Worker 3: 5064 tasks processed (+ 1123)
Worker 4: 3749 tasks processed (+ 348)
Worker 5: 4197 tasks processed (+ 863)
Worker 6: 3399 tasks processed (+ 197)
Worker 7: 4912 tasks processed (+ 1087)
Worker 8: 3311 tasks processed (+ 186)
Worker 9: 3948 tasks processed (+ 443)
Worker 10: 3445 tasks processed (+ 309)

26 stealing plans generated at the master
结果：the # of matched graph = 199359025
60 stealing plans generated at the master
72 stealing plans generated at the master
4 stealing plans generated at the master

============ PROGRESS REPORT ============
Total number of tasks processed: 65690
Worker 0: 6801 tasks processed (+ 2826)
--- 1224 more tasks stolen
Worker 1: 9439 tasks processed (+ 1363)
Worker 2: 6015 tasks processed (+ 1822)
Worker 3: 7049 tasks processed (+ 1985)
--- 451 more tasks stolen
Worker 4: 4249 tasks processed (+ 500)
Worker 5: 4731 tasks processed (+ 534)
--- 300 more tasks stolen
Worker 6: 4969 tasks processed (+ 1570)
--- 2058 more tasks stolen
Worker 7: 6716 tasks processed (+ 1804)
--- 450 more tasks stolen
Worker 8: 4019 tasks processed (+ 708)
--- 426 more tasks stolen
Worker 9: 4970 tasks processed (+ 1022)
Worker 10: 6732 tasks processed (+ 3287)
--- 1554 more tasks stolen

结果：the # of matched graph = 211297718

============ PROGRESS REPORT ============
Total number of tasks processed: 71209
Worker 0: 7730 tasks processed (+ 929)
Worker 1: 10801 tasks processed (+ 1362)
Worker 2: 6487 tasks processed (+ 472)
Worker 3: 7107 tasks processed (+ 58)
Worker 4: 4516 tasks processed (+ 267)
Worker 5: 5122 tasks processed (+ 391)
Worker 6: 5972 tasks processed (+ 1003)
Worker 7: 6956 tasks processed (+ 240)
Worker 8: 4128 tasks processed (+ 109)
Worker 9: 5220 tasks processed (+ 250)
Worker 10: 7170 tasks processed (+ 438)

结果：the # of matched graph = 215893707
Task Time : 12.400301 seconds
结果：the # of matched graph = 217228142

============ PROGRESS REPORT ============
Total number of tasks processed: 71761
Worker 0: 7730 tasks processed (+ 0)
Worker 1: 11013 tasks processed (+ 212)
Worker 2: 6487 tasks processed (+ 0)
Worker 3: 7107 tasks processed (+ 0)
Worker 4: 4516 tasks processed (+ 0)
Worker 5: 5342 tasks processed (+ 220)
Worker 6: 5972 tasks processed (+ 0)
Worker 7: 6956 tasks processed (+ 0)
Worker 8: 4128 tasks processed (+ 0)
Worker 9: 5340 tasks processed (+ 120)
Worker 10: 7170 tasks processed (+ 0)

