Data graph path: /g-thinker/labelSK.txt
Query graph path: /fdu-zyj/query1125/query10.20.txt
Output graph path: /fdu-zyj/output
Partition Method: 
Preprocess Method: 1
Filter Method: 0
Order Method: random
Enumerate Method: 1

Loading data graph...
Loading data graph time : 34.074609 seconds
Preprocessing...
Preprocessing time : 0.371139 seconds
In total, offline time : 34.445864 seconds

Loading query graph...
Worker 0: "hdfs://master:9000/fdu-zyj/query1125/query10.20.txt" loaded
Loading query graph time : 0.890011 seconds
Filtering...
Filtering time : 0.000001 seconds
Building query tree...
# Query Vertices: 10
Node 0: [Label: 97 Neighbors: [1, 2, 8] Level: 0 Backward neighbors: []]. with 1 children and 0 pseudo children.
Node 1: [Label: 98 Neighbors: [0, 2, 3, 8, 9] Level: 1 Backward neighbors: []]. with 1 children and 0 pseudo children.
Node 2: [Label: 99 Neighbors: [0, 1, 3, 4, 7] Level: 2 Backward neighbors: [0]]. with 1 children and 0 pseudo children.
Node 3: [Label: 98 Neighbors: [1, 2, 4, 6] Level: 3 Backward neighbors: [1]]. with 1 children and 0 pseudo children.
Node 4: [Label: 100 Neighbors: [2, 3, 5] Level: 4 Backward neighbors: [2]]. with 1 children and 0 pseudo children.
Node 5: [Label: 100 Neighbors: [4, 6, 7] Level: 5 Backward neighbors: []]. with 1 children and 0 pseudo children.
Node 6: [Label: 98 Neighbors: [3, 5, 7, 8] Level: 6 Backward neighbors: [3]]. with 1 children and 0 pseudo children.
Node 7: [Label: 99 Neighbors: [2, 5, 6, 8, 9] Level: 7 Backward neighbors: [2, 5]]. with 1 children and 0 pseudo children.
Node 8: [Label: 98 Neighbors: [0, 1, 6, 7, 9] Level: 8 Backward neighbors: [0, 1, 6]]. with 1 children and 0 pseudo children.
Node 9: [Label: 97 Neighbors: [1, 7, 8] Level: 9 Backward neighbors: [1, 7]]. with 0 children and 0 pseudo children.
Building query tree time : 0.001179 seconds
**Subgraph matching**
Superstep 1 done.Time elapsed: 0.05147 seconds
#msgs: 28101, #vadd: 0
Superstep 2 done.Time elapsed: 0.0204899 seconds
#msgs: 15188, #vadd: 0
Superstep 3 done.Time elapsed: 0.0216761 seconds
#msgs: 9040, #vadd: 0
Superstep 4 done.Time elapsed: 0.0262408 seconds
#msgs: 4303, #vadd: 0
Superstep 5 done.Time elapsed: 0.115864 seconds
#msgs: 3497, #vadd: 0
Superstep 6 done.Time elapsed: 4.48882 seconds
#msgs: 9019, #vadd: 0
Superstep 7 done.Time elapsed: 63.5841 seconds
#msgs: 4168, #vadd: 0
Superstep 8 done.Time elapsed: 59.9791 seconds
#msgs: 2411, #vadd: 0
Superstep 9 done.Time elapsed: 53.6797 seconds
#msgs: 1723, #vadd: 0
Superstep 10 done.Time elapsed: 21.997 seconds
#msgs: 0, #vadd: 0
Subgraph matching done. 
Total Computational Time : 203.981640 seconds
 - Active Compute Time : 47.358446 seconds
 - Sync Message Time : 56.792505 seconds
 - Agg Time : 0.015086 seconds
 - Sync Time (load imbalance) : 87.988106 seconds
 - Communication Time : 56.651481 seconds
    - Serialization Time : 10.915821 seconds
    - Transfer Time : 45.566916 seconds
Total #msgs=77450, Total #vadd=0
Subgraph matching time : 203.981739 seconds
[Detailed report]
1. Arrange messages: 0.0509064 s
2. Main Computation: 963.101 s
2.1. Check feasibility: 961.226 s
2.2. Continue mapping: 1.85431 s
2.2.0. Initiate neighbor map: 0.0214179 s
2.2.1. Construct neighbor map: 0.0396409 s
2.2.2. Update out messages buffer: 1.74103 s
2.2.3. Clear out neighbor map: 0.00605989 s
2.2.4. Leaf query vertex counting: 0.00434613 s
**Subgraph enumeration**
Subgraph enumeration time : 0.025685 seconds
Dumping results...
Dumping results time : 0.000000 seconds
In total, online time : 204.899410 seconds
================ Final Report ===============
Mapping count: 227949126
COMPUTE Time : 204.009360 seconds
