Data graph path: /g-thinker/labelyou.txt
Query graph path: /fdu-zyj/query1125/query10.20.txt
Output graph path: /fdu-zyj/output
Partition Method: 
Preprocess Method: 1
Filter Method: 0
Order Method: random
Enumerate Method: 1

Loading data graph...
Loading data graph time : 19.557374 seconds
Preprocessing...
Preprocessing time : 0.132276 seconds
In total, offline time : 19.689774 seconds

Loading query graph...
Worker 0: "hdfs://master:9000/fdu-zyj/query1125/query10.20.txt" loaded
Loading query graph time : 0.696040 seconds
Filtering...
Filtering time : 0.000001 seconds
Building query tree...
# Query Vertices: 10
Node 0: [Label: 97 Neighbors: [1, 2, 8] Level: 0 Backward neighbors: []]. with 1 children and 0 pseudo children.
Node 1: [Label: 98 Neighbors: [0, 2, 3, 8, 9] Level: 1 Backward neighbors: []]. with 1 children and 0 pseudo children.
Node 2: [Label: 99 Neighbors: [0, 1, 3, 4, 7] Level: 2 Backward neighbors: [0]]. with 1 children and 0 pseudo children.
Node 3: [Label: 98 Neighbors: [1, 2, 4, 6] Level: 3 Backward neighbors: [1]]. with 1 children and 0 pseudo children.
Node 4: [Label: 100 Neighbors: [2, 3, 5] Level: 4 Backward neighbors: [2]]. with 1 children and 0 pseudo children.
Node 5: [Label: 100 Neighbors: [4, 6, 7] Level: 5 Backward neighbors: []]. with 1 children and 0 pseudo children.
Node 6: [Label: 98 Neighbors: [3, 5, 7, 8] Level: 6 Backward neighbors: [3]]. with 1 children and 0 pseudo children.
Node 7: [Label: 99 Neighbors: [2, 5, 6, 8, 9] Level: 7 Backward neighbors: [2, 5]]. with 1 children and 0 pseudo children.
Node 8: [Label: 98 Neighbors: [0, 1, 6, 7, 9] Level: 8 Backward neighbors: [0, 1, 6]]. with 1 children and 0 pseudo children.
Node 9: [Label: 97 Neighbors: [1, 7, 8] Level: 9 Backward neighbors: [1, 7]]. with 0 children and 0 pseudo children.
Building query tree time : 0.001184 seconds
**Subgraph matching**
Superstep 1 done.Time elapsed: 0.0329549 seconds
#msgs: 7608, #vadd: 0
Superstep 2 done.Time elapsed: 0.00940299 seconds
#msgs: 3949, #vadd: 0
Superstep 3 done.Time elapsed: 0.0108571 seconds
#msgs: 1687, #vadd: 0
Superstep 4 done.Time elapsed: 0.00899816 seconds
#msgs: 1014, #vadd: 0
Superstep 5 done.Time elapsed: 0.0122671 seconds
#msgs: 957, #vadd: 0
Superstep 6 done.Time elapsed: 0.0145371 seconds
#msgs: 1969, #vadd: 0
Superstep 7 done.Time elapsed: 0.034868 seconds
#msgs: 1142, #vadd: 0
Superstep 8 done.Time elapsed: 0.0320568 seconds
#msgs: 570, #vadd: 0
Superstep 9 done.Time elapsed: 0.0125909 seconds
#msgs: 332, #vadd: 0
Superstep 10 done.Time elapsed: 0.009727 seconds
#msgs: 0, #vadd: 0
Subgraph matching done. 
Total Computational Time : 0.193474 seconds
 - Active Compute Time : 0.073432 seconds
 - Sync Message Time : 0.074771 seconds
 - Agg Time : 0.011006 seconds
 - Sync Time (load imbalance) : 0.022881 seconds
 - Communication Time : 0.073211 seconds
    - Serialization Time : 0.007355 seconds
    - Transfer Time : 0.065740 seconds
Total #msgs=19228, Total #vadd=0
Subgraph matching time : 0.193556 seconds
[Detailed report]
1. Arrange messages: 0.0149336 s
2. Main Computation: 0.145188 s
2.1. Check feasibility: 0.0743644 s
2.2. Continue mapping: 0.0614455 s
2.2.0. Initiate neighbor map: 0.00967264 s
2.2.1. Construct neighbor map: 0.012727 s
2.2.2. Update out messages buffer: 0.0120218 s
2.2.3. Clear out neighbor map: 0.00358343 s
2.2.4. Leaf query vertex counting: 0.00246143 s
**Subgraph enumeration**
Subgraph enumeration time : 0.021465 seconds
Dumping results...
Dumping results time : 0.000000 seconds
In total, online time : 0.912499 seconds
================ Final Report ===============
Mapping count: 1856
COMPUTE Time : 0.216421 seconds
