Data graph path: /fdu-zyj/labelSK
Query graph path: /fdu-zyj/query
Output graph path: /fdu-zyj/output
Partition Method: 
Preprocess Method: 0
Filter Method: 1
Order Method: random
Enumerate Method: 1
=================Start loading data graph ...=====================
Load Graph Time : 48.438987 seconds
=================Start loading query...===================
Worker 0: "hdfs://master:9000/fdu-zyj/query/query.txt" loaded
Communication Time : 0.000112 seconds
- Serialization Time : 0.000010 seconds
- Transfer Time : 0.000102 seconds
Load Query Time : 0.813448 seconds
================Start filtering...=================
Superstep 1 done.Time elapsed: 0.388137 seconds
#msgs: 111213
Superstep 2 done.Time elapsed: 0.296183 seconds
#msgs: 9307
Superstep 3 done.Time elapsed: 0.278162 seconds
#msgs: 1888
Superstep 4 done.Time elapsed: 0.201137 seconds
#msgs: 655
Superstep 5 done.Time elapsed: 0.323334 seconds
#msgs: 142
Superstep 6 done.Time elapsed: 0.2832 seconds
#msgs: 82
Superstep 7 done.Time elapsed: 0.302163 seconds
#msgs: 26
Superstep 8 done.Time elapsed: 0.254107 seconds
#msgs: 18
Superstep 9 done.Time elapsed: 0.199783 seconds
#msgs: 1
Superstep 10 done.Time elapsed: 0.21712 seconds
#msgs: 0
Candidate filtering done.
Communication Time : 1.311532 seconds
- Serialization Time : 0.005302 seconds
- Transfer Time : 1.305851 seconds
Total Computational Time : 2.901786 seconds
Total #msgs=123332, Total #vadd=0
=================Start building query tree...===================
this->nodes size: 5
Node 0
Label: 97
Branch number: 0
Neighbors: [1, 2]
Backward neighbors: []
Backward same labels: []
It has 1 children.
Node 1
Label: 98
Branch number: 0
Neighbors: [0, 2]
Backward neighbors: []
Backward same labels: []
It has 1 children.
Node 2
Label: 99
Branch number: 0
Neighbors: [0, 1, 3]
Backward neighbors: [0]
Backward same labels: []
It has 1 children.
Node 3
Label: 98
Branch number: 0
Neighbors: [2, 4]
Backward neighbors: []
Backward same labels: [1]
It has 1 children.
Node 4
Label: 100
Branch number: 0
Neighbors: [3]
Backward neighbors: []
Backward same labels: []
It has 0 children.
Build Query Tree Time : 0.008956 seconds
================Start matching...======================
Superstep 1 done.Time elapsed: 0.215726 seconds
#msgs: 9473
Superstep 2 done.Time elapsed: 1.28796 seconds
#msgs: 22266
Superstep 3 done.Time elapsed: 1.06768 seconds
#msgs: 7328
Superstep 4 done.Time elapsed: 13.9491 seconds
#msgs: 13543
Superstep 5 done.Time elapsed: 1.04466 seconds
#msgs: 0
Subgraph matching done. 
Communication Time : 4.855532 seconds
- Serialization Time : 0.409921 seconds
- Transfer Time : 4.432958 seconds
Total Computational Time : 17.663970 seconds
Total #msgs=52610, Total #vadd=0
================Start enumerating...===================
Superstep 1 done.Time elapsed: 0.295071 seconds
#msgs: 0
============ Load Balance Report ==============
Rank: ============ Load Balance Report ==============
Rank: ============ Load Balance Report ==============
Rank: 18 Sync_time: ============ Load Balance Report ==============
Rank: 21 Sync_time: ============ Load Balance Report ==============
Rank: 6 Sync_time: ============ Load Balance Report ========================== Load Balance Report ==============
Rank: 32 Sync_time: ============ Load Balance Report ==============
Rank: 29 Sync_time: ============ Load Balance Report ==============
Rank: 19 Sync_time: 1.57694
============ Load Balance Report ==============
Rank: ============ Load Balance Report ==============
Rank: 25 Sync_time: ============ Load Balance Report ==============
Rank: 8 Sync_time: ============ Load Balance Report ==============
Rank: 16 Sync_time: 1.85082
============ Load Balance Report ==============
Rank: 20 Sync_time: 2.07524
============ Load Balance Report ==============
Rank: 26 Sync_time: 0.3829530.302235


1.98968
Rank: 15 Sync_time: 1.88073
============ Load Balance Report ==============
Rank: 9 Sync_time: ============ Load Balance Report ==============
Rank: 30 Sync_time: 1.3283
27 Sync_time: 0.601185
2.21495
============ Load Balance Report ==============
Rank: 10 Sync_time: 2.47514
31 Sync_time: 1.57658
============ Load Balance Report ==============
Rank: 28 Sync_time: 0.873935
22 Sync_time: 2.59051
============ Load Balance Report ==============
Rank: 7 Sync_time: 0.137286
============ Load Balance Report ==============
Rank: 11 Sync_time: 2.24827
1.20461
============ Load Balance Report ==============
Rank: 23 Sync_time: 2.65455
2.49354
Subgraph enumeration done. 
Communication Time : 0.141162 seconds
- Serialization Time : 0.000079 seconds
- Transfer Time : 0.141061 seconds
Total Computational Time : 0.409426 seconds
Total #msgs=0, Total #vadd=0
================ Final Report ===============
Mapping count: 15099542
Load time: 49.2524 s.
Dump time: 0.00895619 s.
Compute time: 20.9845 s.
Offline time: 52.9016 s.
Online time: 22.0896 s.
============ Load Balance Report ==============
Rank: 0 Sync_time: 1.71891
============ Load Balance Report ==============
Rank: 24 Sync_time: 2.54849
============ Load Balance Report ==============
Rank: 2 Sync_time: 1.22186
0.252346
============ Load Balance Report ==============
Rank: 17 Sync_time: 1.91495
1.59892
2.65067
============ Load Balance Report ==============
Rank: 1 Sync_time: 1.53342
============ Load Balance Report ==============
Rank: 3 Sync_time: 1.26836
============ Load Balance Report ==============
Rank: 12 Sync_time: 2.2293
============ Load Balance Report ==============
Rank: 4 Sync_time: 0.9079
============ Load Balance Report ==============
Rank: 14 Sync_time: 1.64532
============ Load Balance Report ==============
Rank: 5 Sync_time: 0.668742
============ Load Balance Report ==============
Rank: 13 Sync_time: 1.52708
