Data graph path: /g-thinker/newdata/skitter_f.txt
Query graph path: /fdu-zyj/query
Output graph path: /fdu-zyj/output
Partition Method: 
Preprocess Method: 0
Filter Method: 0
Order Method: degree
Enumerate Method: 1
=================Start loading data graph ...=====================
Load Graph Time : 63.283601 seconds
=================Start loading query...===================
Worker 0: "hdfs://master:9000/fdu-zyj/query/query.txt" loaded
Communication Time : 0.000115 seconds
- Serialization Time : 0.000025 seconds
- Transfer Time : 0.000090 seconds
Load Query Time : 0.478956 seconds
=================Start building query tree...===================
this->nodes size: 5
Node 2
Label: 99
Branch number: 1
Neighbors: [0, 1, 3]
Backward neighbors: []
Backward same labels: []
It has 2 children.
Node 0
Label: 97
Branch number: 1
Neighbors: [1, 2]
Backward neighbors: []
Backward same labels: []
It has 1 children.
Node 1
Label: 98
Branch number: 1
Neighbors: [0, 2]
Backward neighbors: [0]
Backward same labels: []
It has 0 children.
Node 3
Label: 98
Branch number: 1
Neighbors: [2, 4]
Backward neighbors: []
Backward same labels: [2]
It has 1 children.
Node 4
Label: 100
Branch number: 1
Neighbors: [3]
Backward neighbors: []
Backward same labels: []
It has 0 children.
Build Query Tree Time : 0.027419 seconds
================Start matching...======================
Superstep 1 done.Time elapsed: 1.13013 seconds
#msgs: 895200
Superstep 2 done.Time elapsed: 85.5462 seconds
#msgs: 777398
Superstep 3 done.Time elapsed: 10.1924 seconds
#msgs: 0
Subgraph matching done. 
Communication Time : 24.505295 seconds
- Serialization Time : 10.036304 seconds
- Transfer Time : 14.468669 seconds
Total Computational Time : 97.006922 seconds
Total #msgs=1672598, Total #vadd=242960
================Start enumerating...===================
Superstep 1 done.Time elapsed: 54.2902 seconds
#msgs: 83785956
