Data graph path: /fdu-zyj/labelyou
Query graph path: /fdu-zyj/query
Output graph path: /fdu-zyj/output
Partition Method: 
Preprocess Method: 0
Filter Method: 0
Order Method: degree
Enumerate Method: 1
=================Start loading data graph ...=====================
Load Graph Time : 21.051783 seconds
=================Start loading query...===================
Worker 0: "hdfs://master:9000/fdu-zyj/query/query.txt" loaded
Communication Time : 0.000143 seconds
- Serialization Time : 0.000028 seconds
- Transfer Time : 0.000115 seconds
Load Query Time : 0.533579 seconds
=================Start building query tree...===================
this->nodes size: 5
Node 2
Label: 99
Branch number: 1
Neighbors: [0, 1, 3]
Backward neighbors: []
Backward same labels: []
It has 2 children.
Node 0
Label: 97
Branch number: 1
Neighbors: [1, 2]
Backward neighbors: []
Backward same labels: []
It has 1 children.
Node 1
Label: 98
Branch number: 1
Neighbors: [0, 2]
Backward neighbors: [0]
Backward same labels: []
It has 0 children.
Node 3
Label: 98
Branch number: 1
Neighbors: [2, 4]
Backward neighbors: []
Backward same labels: [2]
It has 1 children.
Node 4
Label: 100
Branch number: 1
Neighbors: [3]
Backward neighbors: []
Backward same labels: []
It has 0 children.
Build Query Tree Time : 0.027204 seconds
================Start matching...======================
Superstep 1 done.Time elapsed: 0.268509 seconds
#msgs: 18541
Superstep 2 done.Time elapsed: 0.249592 seconds
#msgs: 9778
Superstep 3 done.Time elapsed: 0.244703 seconds
#msgs: 0
Subgraph matching done. 
Communication Time : 0.379445 seconds
- Serialization Time : 0.006464 seconds
- Transfer Time : 0.372902 seconds
Total Computational Time : 0.827367 seconds
Total #msgs=28319, Total #vadd=43597
================Start enumerating...===================
Superstep 1 done.Time elapsed: 0.21819 seconds
#msgs: 100085
Superstep 2 done.Time elapsed: 0.308456 seconds
#msgs: 0
Subgraph enumeration done. 
Communication Time : 0.243928 seconds
- Serialization Time : 0.006771 seconds
- Transfer Time : 0.237105 seconds
Total Computational Time : 0.798105 seconds
Total #msgs=100085, Total #vadd============= Load Balance Report ==============
Rank: 9 Sync_time: ============ Load Balance Report ==============
Rank: 21 Sync_time: ============ Load Balance Report ==============
Rank: ============ Load Balance Report ========================== Load Balance Report ==============
Rank: ============ Load Balance Report ==============
Rank: 11 Sync_time: ============ Load Balance Report ==============
Rank: 22 Sync_time: ============ Load Balance Report ========================== Load Balance Report ==============
Rank: 16 Sync_time: 0
================ Final Report ===============
Mapping count: 238901
Load time: 0.0771968
============ Load Balance Report ==============
Rank: 23 Sync_time: 12 Sync_time: 
2 Sync_time: 0.091718
Rank: 21.5854 s.
Dump time: 0.027204 s.0.140261

Compute time: 1.66144 s.
Offline time: 25.2822 s.
Online time: 2.43027 s.
============ Load Balance Report ==============
Rank: 00.0591381
 Sync_time: 0.0935752
15 Sync_time: 0.124458
============ Load Balance Report ==============
Rank: 6 Sync_time: 0.0754838
============ Load Balance Report ==============
Rank: 7 Sync_time: ============ Load Balance Report ==============
Rank: 8 Sync_time: 0.045857
============ Load Balance Report ==============
Rank: 17 Sync_time: 0.12376
============ Load Balance Report ==============
Rank: 3 Sync_time: ============ Load Balance Report ==============
Rank: 28 Sync_time: ============ Load Balance Report ==============
Rank: 24 Sync_time: 0.0498281
============ Load Balance Report ==============
Rank: 4 Sync_time: 0.049613
============ Load Balance Report ==============
Rank: ============ Load Balance Report ==============
Rank: 26 Sync_time: 0.0886328
============ Load Balance Report ==============
Rank: 5 Sync_time: 0.064187
0.0393381
============ Load Balance Report ==============
Rank: 25 Sync_time: ============ Load Balance Report ==============
Rank: 1 Sync_time: 0.067873
0.074172
0.0861273
0.0844519
0.0757368
============ Load Balance Report ==============
Rank: 10 Sync_time: 0.0923839
0.115331

Rank: 13 Sync_time: 0.103018
============ Load Balance Report ==============
Rank: 14 Sync_time: ============ Load Balance Report ==============
Rank: 30 Sync_time: 0.053411
============ Load Balance Report ==============
Rank: 18 Sync_time: 0.107611
============ Load Balance Report ==============
Rank: 32 Sync_time: 0.0902081
============ Load Balance Report ==============
Rank: 19 Sync_time: 0.101514
============ Load Balance Report ==============
Rank: 20 Sync_time: 0.100748
============ Load Balance Report ==============
Rank: 31 Sync_time: 0.0464282
============ Load Balance Report ==============
Rank: 27 Sync_time: 0.0626919
29 Sync_time: 0.0552542
0.0755198
0.102081
0.0577698
