Data graph path: /fdu-zyj/labelyou
Query graph path: /fdu-zyj/query
Output graph path: /fdu-zyj/output
Partition Method: 
Preprocess Method: 0
Filter Method: 1
Order Method: degree
Enumerate Method: 1
=================Start loading data graph ...=====================
Load Graph Time : 21.177684 seconds
=================Start loading query...===================
Worker 0: "hdfs://master:9000/fdu-zyj/query/query.txt" loaded
Communication Time : 0.000140 seconds
- Serialization Time : 0.000031 seconds
- Transfer Time : 0.000109 seconds
Load Query Time : 0.638562 seconds
================Start filtering...=================
Superstep 1 done.Time elapsed: 0.293796 seconds
#msgs: 29845
Superstep 2 done.Time elapsed: 0.175679 seconds
#msgs: 2159
Superstep 3 done.Time elapsed: 0.254657 seconds
#msgs: 355
Superstep 4 done.Time elapsed: 0.249381 seconds
#msgs: 46
Superstep 5 done.Time elapsed: 0.198845 seconds
#msgs: 13
Superstep 6 done.Time elapsed: 0.259201 seconds
#msgs: 0
Candidate filtering done.
Communication Time : 0.626744 seconds
- Serialization Time : 0.001189 seconds
- Transfer Time : 0.625187 seconds
Total Computational Time : 1.568483 seconds
Total #msgs=32418, Total #vadd=0
=================Start building query tree...===================
this->nodes size: 5
Node 2
Label: 99
Branch number: 1
Neighbors: [0, 1, 3]
Backward neighbors: []
Backward same labels: []
It has 2 children.
Node 0
Label: 97
Branch number: 1
Neighbors: [1, 2]
Backward neighbors: []
Backward same labels: []
It has 1 children.
Node 1
Label: 98
Branch number: 1
Neighbors: [0, 2]
Backward neighbors: [0]
Backward same labels: []
It has 0 children.
Node 3
Label: 98
Branch number: 1
Neighbors: [2, 4]
Backward neighbors: []
Backward same labels: [2]
It has 1 children.
Node 4
Label: 100
Branch number: 1
Neighbors: [3]
Backward neighbors: []
Backward same labels: []
It has 0 children.
Build Query Tree Time : 0.031225 seconds
================Start matching...======================
Superstep 1 done.Time elapsed: 0.240761 seconds
#msgs: 5564
Superstep 2 done.Time elapsed: 0.287773 seconds
#msgs: 5648
Superstep 3 done.Time elapsed: 0.34447 seconds
#msgs: 0
Subgraph matching done. 
Communication Time : 0.276575 seconds
- Serialization Time : 0.001937 seconds
- Transfer Time : 0.274569 seconds
Total Computational Time : 1.004208 seconds
Total #msgs=11212, Total #vadd=944
================Start enumerating...===================
Superstep 1 done.Time elapsed: 0.257936 seconds
#msgs: 40962
Superstep 2 done.Time elapsed: 0.358826 seconds
#msgs: 0
Subgraph enumeration done. 
Communication Time : 0.210331 seconds
- Serialization Time : 0.002917 seconds
- Transfer Time : 0.207360 seconds
Total Computational Time : 0.760749 seconds
Total #msgs=40962, Total #vadd=0
================ Final Report ===============
Mapping count: 222506
Load time: 21.8162 s.
Dump time: 0.031225 s.
Compute time: 3.365 s.
Offline time: 25.6084 s.
Online time: 4.24659 s.
============ Load Balance Report ==============
Rank: 0 Sync_time: 0.174677
============ Load Balance Report ==============
Rank: 3 Sync_time: 0.150477
============ Load Balance Report ==============
Rank: 9 Sync_time: ============ Load Balance Report ==============
Rank: 30 Sync_time: ============ Load Balance Report ==============
Rank: 27 Sync_time: ============ Load Balance Report ==============
Rank: 18 Sync_time: ============ Load Balance Report ========================== Load Balance Report ==============
Rank: ============ Load Balance Report ==============
Rank: ============ Load Balance Report ==============
Rank: ============ Load Balance Report ==============
Rank: 1 Sync_time: 0.15455
============ Load Balance Report ==============
Rank: 4 Sync_time: 0.151872
============ Load Balance Report ==============
Rank: 10 Sync_time: 0.0815578
============ Load Balance Report ==============
Rank: 32 Sync_time: ============ Load Balance Report ==============
Rank: 28 Sync_time: ============ Load Balance Report ==============
Rank: 19 Sync_time: ============ Load Balance Report ==============
Rank: ============ Load Balance Report ==============
Rank: 8 Sync_time: ============ Load Balance Report ==============
Rank: 13 Sync_time: ============ Load Balance Report ==============
Rank: 16 Sync_time: ============ Load Balance Report ==============
Rank: 2 Sync_time: 0.146116
============ Load Balance Report ==============
Rank: 11 Sync_time: ============ Load Balance Report ==============
Rank: 31 Sync_time: 0.131878
============ Load Balance Report ==============
Rank: 20 Sync_time: 0.0917261
============ Load Balance Report ==============
Rank: 26 Sync_time: ============ Load Balance Report ==============
Rank: 14 Sync_time: ============ Load Balance Report ==============0.0741501
0.135681
25 Sync_time: 0.091166
15 Sync_time: 
Rank: 0.101989
0.114691
============ Load Balance Report ==============
Rank: 5 Sync_time: 0.122374
0.0707221
0.153609
0.107186
0.103186
============ Load Balance Report ==============
Rank: 21 Sync_time: 0.0824101
0.1064856 Sync_time: 0.104382
12 Sync_time: 0.0903728
0.125244
0.147309
============ Load Balance Report ==============
Rank: 22 Sync_time: 0.105117
24 Sync_time: ============ Load Balance Report ==============
Rank: 7 Sync_time: 0.0522606

0.182591
============ Load Balance Report ==============
Rank: 23 Sync_time: 0.0776179
0.0614858
0.0670078
Rank: 0.0669971
17
 Sync_time: 0.120065
============ Load Balance Report ==============
Rank: 29 Sync_time: 0.149038
