Data graph path: /fdu-zyj/labelSK
Query graph path: /fdu-zyj/query
Output graph path: /fdu-zyj/output
Partition Method: 
Preprocess Method: 0
Filter Method: 0
Order Method: random
Enumerate Method: 1
=================Start loading data graph ...=====================
Load Graph Time : 49.406568 seconds
=================Start loading query...===================
Worker 0: "hdfs://master:9000/fdu-zyj/query/query.txt" loaded
Communication Time : 0.000132 seconds
- Serialization Time : 0.000028 seconds
- Transfer Time : 0.000104 seconds
Load Query Time : 0.475387 seconds
=================Start building query tree...===================
this->nodes size: 5
Node 0
Label: 97
Branch number: 0
Neighbors: [1, 2]
Backward neighbors: []
Backward same labels: []
It has 1 children.
Node 1
Label: 98
Branch number: 0
Neighbors: [0, 2]
Backward neighbors: []
Backward same labels: []
It has 1 children.
Node 2
Label: 99
Branch number: 0
Neighbors: [0, 1, 3]
Backward neighbors: [0]
Backward same labels: []
It has 1 children.
Node 3
Label: 98
Branch number: 0
Neighbors: [2, 4]
Backward neighbors: []
Backward same labels: [1]
It has 1 children.
Node 4
Label: 100
Branch number: 0
Neighbors: [3]
Backward neighbors: []
Backward same labels: []
It has 0 children.
Build Query Tree Time : 0.041501 seconds
================Start matching...======================
Superstep 1 done.Time elapsed: 0.235001 seconds
#msgs: 34624
Superstep 2 done.Time elapsed: 2.46537 seconds
#msgs: 22113
Superstep 3 done.Time elapsed: 0.781448 seconds
#msgs: 12698
Superstep 4 done.Time elapsed: 6.58536 seconds
#msgs: 15481
Superstep 5 done.Time elapsed: 0.652935 seconds
#msgs: 0
Subgraph matching done. 
Communication Time : 3.075328 seconds
- Serialization Time : 0.294255 seconds
- Transfer Time : 2.778753 seconds
Total Computational Time : 10.832800 seconds
Total #msgs=84916, Total #vadd=0
================Start enumerating...===================
Superstep 1 done.Time elapsed: 0.20635 seconds
#msgs: 0
============ Load Balance Report ==============
Rank: ============ Load Balance Report ==============
============ Load Balance Report ==============
Rank: ============ Load Balance Report ========================== Load Balance Report ==============
Rank: 4 Sync_time: ============ Load Balance Report ==============
Rank: 19============ Load Balance Report ==============
Rank: 13 Sync_time: ============ Load Balance Report ==============
Rank: 16 Sync_time: ============ Load Balance Report ==============
Rank: 5 Sync_time: 0.499924
============ Load Balance Report ==============0.91785

Rank: 18 Sync_time: 1.23899
 Sync_time: Rank: 0.873805
15 Sync_time: 1.0586
============ Load Balance Report ==============
Rank: 17 Sync_time: 1.11708
3 Sync_time: 0.721463
============ Load Balance Report ==============
Rank: 30 Sync_time: 0.847784
============ Load Balance Report ==============
Rank: 7 Sync_time: 0.139498
0.723464
============ Load Balance Report ==============
Rank: 31 Sync_time: ============ Load Balance Report ==============
Rank: 8 Sync_time: 1.39802
============ Load Balance Report ==============
Rank: 32 Sync_time: 0.997028
Subgraph enumeration done. ============ Load Balance Report ========================== Load Balance Report ==============

Rank: 2 Sync_time: Rank: 1 Sync_time: ============ Load Balance Report ==============
Rank: 24 Sync_time: ============ Load Balance Report ==============
Rank: 25 Sync_time: ============ Load Balance Report ==============
Rank: 26 Sync_time: 0.281175
============ Load Balance Report ==============
Rank: 27 Sync_time: 0.427131
============ Load Balance Report ==============
Rank: 28 Sync_time: 0.717646
============ Load Balance Report ==============
Rank: 29 Sync_time: 0.71466
============ Load Balance Report ==============
Rank: 21 Sync_time: 1.24012
============ Load Balance Report ==============
Rank: 22 Sync_time: 1.4388
============ Load Balance Report ==============
Rank: 23 Sync_time: 1.3766
12 Sync_time: 1.25004
============ Load Balance Report ==============
Rank: 14 Sync_time: 0.911772
============ Load Balance Report ==============
Rank: 9 Sync_time: 1.46709
============ Load Balance Report ==============
Rank: 10 Sync_time: 1.43246
============ Load Balance Report ==============
Rank: 11 Sync_time: 1.2769

Communication Time : 0.147341 seconds
- Serialization Time : 0.000068 seconds
- Transfer Time : 0.147249 seconds
Total Computational Time : 0.342939 seconds
Total #msgs=0, Total #vadd=0
================ Final Report ===============
Mapping count: 7841842
Load time: 49.882 s.
Dump time: 0.041501 s.
Compute time: 11.2186 s.
Offline time: 53.6054 s.
Online time: 11.952 s.
============ Load Balance Report ==============
Rank: 0 Sync_time: 0.979468
0.942941
0.766548
1.02197
0.814932
1.41961
============ Load Balance Report ==============
Rank: 6 Sync_time: 0.348763

Rank: 20 Sync_time: 1.20549
0.379492
