Data graph path: /fdu-zyj/labelSK
Query graph path: /fdu-zyj/query
Output graph path: /fdu-zyj/output
Partition Method: 
Preprocess Method: 0
Filter Method: 0
Order Method: degree
Enumerate Method: 1
=================Start loading data graph ...=====================
Load Graph Time : 48.377172 seconds
=================Start loading query...===================
Worker 0: "hdfs://master:9000/fdu-zyj/query/query.txt" loaded
Communication Time : 0.000131 seconds
- Serialization Time : 0.000029 seconds
- Transfer Time : 0.000101 seconds
Load Query Time : 0.433372 seconds
=================Start building query tree...===================
this->nodes size: 5
Node 2
Label: 99
Branch number: 1
Neighbors: [0, 1, 3]
Backward neighbors: []
Backward same labels: []
It has 2 children.
Node 0
Label: 97
Branch number: 1
Neighbors: [1, 2]
Backward neighbors: []
Backward same labels: []
It has 1 children.
Node 1
Label: 98
Branch number: 1
Neighbors: [0, 2]
Backward neighbors: [0]
Backward same labels: []
It has 0 children.
Node 3
Label: 98
Branch number: 1
Neighbors: [2, 4]
Backward neighbors: []
Backward same labels: [2]
It has 1 children.
Node 4
Label: 100
Branch number: 1
Neighbors: [3]
Backward neighbors: []
Backward same labels: []
It has 0 children.
Build Query Tree Time : 0.029809 seconds
================Start matching...======================
Superstep 1 done.Time elapsed: 0.235826 seconds
#msgs: 65560
Superstep 2 done.Time elapsed: 3.21115 seconds
#msgs: 43887
Superstep 3 done.Time elapsed: 0.36902 seconds
#msgs: 0
Subgraph matching done. 
Communication Time : 1.656519 seconds
- Serialization Time : 0.769189 seconds
- Transfer Time : 0.849856 seconds
Total Computational Time : 3.915938 seconds
Total #msgs=109447, Total #vadd=64958
================Start enumerating...===================
Superstep 1 done.Time elapsed: 2.00595 seconds
#msgs: 3410369
Superstep 2 done.Time elapsed: 1.39195 seconds
#msgs: 0
============ Load Balance Report ========================== Load Balance Report ==============
Rank: 3 Sync_time: 0.138648
============ Load Balance Report ==============
Rank: 9 Sync_time: ============ Load Balance Report ==============
Rank: 30 Sync_time: ============ Load Balance Report ==============
Rank: 27 Sync_time: 0.1589
============ Load Balance Report ==============
Rank: 22 Sync_time: 0.546304
============ Load Balance Report ==============
Rank: 24 Sync_time: 0.437114
============ Load Balance Report ==============
Rank: 6 Sync_time: ============ Load Balance Report ========================== Load Balance Report ========================== Load Balance Report ==============
============ Load Balance Report ==============
Rank: 5 Sync_time: 0.235501
============ Load Balance Report ==============
Rank: 10 Sync_time: ============ Load Balance Report ==============
Rank: 31 Sync_time: 0.123773
============ Load Balance Report ==============
Rank: ============ Load Balance Report ==============
Rank: 23 Sync_time: 0.482618
============ Load Balance Report ==============
Rank: 26 Sync_time: 0.216916
============ Load Balance Report ==============
Rank: 7 Sync_time: ============ Load Balance Report ==============
Rank: 14 Sync_time: ============ Load Balance Report ==============
Rank: 17 Sync_time: Subgraph enumeration done. 0.523816
============ Load Balance Report ==============
Rank: 29 Sync_time: 0.143207
============ Load Balance Report ==============
Rank: 

Rank: 0.262208
0.562771
0.598704

0.214961
Rank: Rank: 2 Sync_time: Communication Time : 1.092974 seconds
- Serialization Time : 0.236772 seconds
- Transfer Time : 0.855833 seconds
Total Computational Time : 3.565349 seconds
Total #msgs=3410369, Total #vadd=0
1215================ Final Report ===============
 Sync_time:  Sync_time: Mapping count: 7841842
Load time: 0.6784640.567666

============ Load Balance Report ==============
Rank: 16 Sync_time: 0.569037
48.8105 s.
Dump time: 0.029809 s.
Compute time: 7.51143 s.
Offline time: 52.7652 s.
Online time: 8.23746 s.
============ Load Balance Report ==============
Rank: 0 Sync_time: 0.077915

Rank: 1 Sync_time: 0.130113
0.116173
============ Load Balance Report ==============
Rank: 4 Sync_time: 0.198343
0.452541
0.10024
28 Sync_time: 0.150491
============ Load Balance Report ==============
Rank: 21 Sync_time: 0.515448
============ Load Balance Report ==============
Rank: 18 Sync_time: 0.590515
============ Load Balance Report ==============
Rank: 25 Sync_time: 0.219896
8 Sync_time: 0.437571
============ Load Balance Report ==============
Rank: 11 Sync_time: 0.563937
============ Load Balance Report ==============
Rank: 32 Sync_time: ============ Load Balance Report ==============
Rank: 19 Sync_time: 0.567447
0.091455
============ Load Balance Report ==============
Rank: 20 Sync_time: 0.667863
============ Load Balance Report ==============
Rank: 13 Sync_time: 0.49925
