Data graph path: /fdu-zyj/labelSK
Query graph path: /fdu-zyj/query
Output graph path: /fdu-zyj/output
Partition Method: 
Preprocess Method: 0
Filter Method: 0
Order Method: degree
Enumerate Method: 1
=================Start loading data graph ...=====================
Load Graph Time : 47.573231 seconds
=================Start loading query...===================
Worker 0: "hdfs://master:9000/fdu-zyj/query/query.txt" loaded
Communication Time : 0.000113 seconds
- Serialization Time : 0.000011 seconds
- Transfer Time : 0.000102 seconds
Load Query Time : 0.778465 seconds
=================Start building query tree...===================
this->nodes size: 5
Node 2
Label: 99
Branch number: 1
Neighbors: [0, 1, 3]
Backward neighbors: []
Backward same labels: []
It has 2 children.
Node 0
Label: 97
Branch number: 1
Neighbors: [1, 2]
Backward neighbors: []
Backward same labels: []
It has 1 children.
Node 1
Label: 98
Branch number: 1
Neighbors: [0, 2]
Backward neighbors: [0]
Backward same labels: []
It has 0 children.
Node 3
Label: 98
Branch number: 1
Neighbors: [2, 4]
Backward neighbors: []
Backward same labels: [2]
It has 1 children.
Node 4
Label: 100
Branch number: 1
Neighbors: [3]
Backward neighbors: []
Backward same labels: []
It has 0 children.
Build Query Tree Time : 0.032708 seconds
================Start matching...======================
Superstep 1 done.Time elapsed: 0.282265 seconds
#msgs: 65560
Superstep 2 done.Time elapsed: 3.05475 seconds
#msgs: 43887
Superstep 3 done.Time elapsed: 0.520876 seconds
#msgs: 0
Subgraph matching done. 
Communication Time : 1.302910 seconds
- Serialization Time : 0.582607 seconds
- Transfer Time : 0.680318 seconds
Total Computational Time : 3.916584 seconds
Total #msgs=109447, Total #vadd=64958
================Start enumerating...===================
Superstep 1 done.Time elapsed: 2.044 seconds
#msgs: 3410369
Superstep 2 done.Time elapsed: 1.75465 seconds
#msgs: 0
Subgraph enumeration done. 
Communication Time : 1.057781 seconds
- Serialization Time : 0.376540 seconds
- Transfer Time : 0.680903 seconds
Total Computational Time : 3.987118 seconds
Total #msgs=3410369, Total #vadd=0
================ Final Report ===============
Mapping count: 7841842
Load time: 48.3517 s.
Dump time: 0.0327079 s.
Compute time: 7.94259 s.
Offline time: 51.8802 s.
Online time: 8.96702 s.
============ Load Balance Report ==============
Rank: 0 Sync_time: 0.204523
============ Load Balance Report ==============
Rank: 3 Sync_time: 0.262957
============ Load Balance Report ==============
Rank: 9 Sync_time: ============ Load Balance Report ==============
Rank: 18 Sync_time: 0.544669
============ Load Balance Report ==============
Rank: 30 Sync_time: 0.323044
============ Load Balance Report ==============
Rank: 27 Sync_time: ============ Load Balance Report ==============
Rank: 21 Sync_time: 0.465875
============ Load Balance Report ==============
Rank: 24 Sync_time: ============ Load Balance Report ==============
Rank: 7 Sync_time: ============ Load Balance Report ==============
Rank: 12 Sync_time: ============ Load Balance Report ========================== Load Balance Report ==============
Rank: 2 Sync_time: 0.28271
============ Load Balance Report ==============
Rank: ============ Load Balance Report ==============
Rank: 11 Sync_time: 0.452594
============ Load Balance Report ==============
Rank: 19 Sync_time: ============ Load Balance Report ==============
Rank: 32 Sync_time: 0.234632
============ Load Balance Report ==============
Rank: 28 Sync_time: ============ Load Balance Report ==============
Rank: 22 Sync_time: 0.471113
============ Load Balance Report ==============
Rank: 25 Sync_time: 0.368084============ Load Balance Report ==============
Rank: 8 Sync_time: 0.452514
============ Load Balance Report ==============
Rank: 14 Sync_time: ============ Load Balance Report ==============
Rank: 17 Sync_time: ============ Load Balance Report ==============
Rank: 5 Sync_time: 0.397987
0.470264
============ Load Balance Report ==============
Rank: 20 Sync_time: 0.551916
============ Load Balance Report ==============
Rank: 29 Sync_time: ============ Load Balance Report ==============
Rank: 23 Sync_time: ============ Load Balance Report ==============
Rank: 26 Sync_time: 0.346868
0.524238

4 Sync_time: 0.352885
============ Load Balance Report ==============
Rank: 10 Sync_time: 0.496074
0.345646

============ Load Balance Report ==============
Rank: 6 Sync_time: 0.367595
0.547609
0.595791
0.358727
0.446476
0.264977
============ Load Balance Report ==============
Rank: 13 Sync_time: 0.533405
Rank: 0.292283
15 Sync_time: 0.58387
============ Load Balance Report ==============
Rank: 16 Sync_time: 0.57784
============ Load Balance Report ==============
Rank: 1 Sync_time: 0.28046
0.444814
0.502194
============ Load Balance Report ==============
Rank: 31 Sync_time: 0.248529
