Data graph path: /fdu-zyj/labelyou
Query graph path: /fdu-zyj/query
Output graph path: /fdu-zyj/output
Partition Method: 
Preprocess Method: 0
Filter Method: 0
Order Method: degree
Enumerate Method: 1
=================Start loading data graph ...=====================
Load Graph Time : 19.396746 seconds
=================Start loading query...===================
Worker 0: "hdfs://master:9000/fdu-zyj/query/query.txt" loaded
Communication Time : 0.000132 seconds
- Serialization Time : 0.000029 seconds
- Transfer Time : 0.000102 seconds
Load Query Time : 0.780261 seconds
=================Start building query tree...===================
this->nodes size: 5
Node 2
Label: 99
Branch number: 1
Neighbors: [0, 1, 3]
Backward neighbors: []
Backward same labels: []
It has 2 children.
Node 0
Label: 97
Branch number: 1
Neighbors: [1, 2]
Backward neighbors: []
Backward same labels: []
It has 1 children.
Node 1
Label: 98
Branch number: 1
Neighbors: [0, 2]
Backward neighbors: [0]
Backward same labels: []
It has 0 children.
Node 3
Label: 98
Branch number: 1
Neighbors: [2, 4]
Backward neighbors: []
Backward same labels: [2]
It has 1 children.
Node 4
Label: 100
Branch number: 1
Neighbors: [3]
Backward neighbors: []
Backward same labels: []
It has 0 children.
Build Query Tree Time : 0.051000 seconds
================Start matching...======================
Superstep 1 done.Time elapsed: 0.205072 seconds
#msgs: 18541
Superstep 2 done.Time elapsed: 0.29968 seconds
#msgs: 9778
Superstep 3 done.Time elapsed: 0.342692 seconds
#msgs: 0
Subgraph matching done. 
Communication Time : 0.351852 seconds
- Serialization Time : 0.013154 seconds
- Transfer Time : 0.338631 seconds
Total Computational Time : 0.949762 seconds
Total #msgs=28319, Total #vadd=43597
================Start enumerating...===================
Superstep 1 done.Time elapsed: 0.268593 seconds
#msgs: 100085
Superstep 2 done.Time elapsed: 0.299711 seconds
#msgs: 0
============ Load Balance Report ==============
Rank: ============ Load Balance Report ==============
Rank: 18 Sync_time: ============ Load Balance Report ==============
Rank: 21 Sync_time: 0.12951
============ Load Balance Report ==============
Rank: ============ Load Balance Report ==============
Rank: 24 Sync_time: 0.134388
============ Load Balance Report ==============
Rank: ============ Load Balance Report ==============
Rank: 4 Sync_time: ============ Load Balance Report ==============
Rank: 19 Sync_time: 0.168869
============ Load Balance Report ==============
Rank: 22 Sync_time: ============ Load Balance Report ==============
Rank: 28 Sync_time: ============ Load Balance Report ==============
Rank: 25 Sync_time: 0.151647
============ Load Balance Report ========================== Load Balance Report ==============
Rank: ============ Load Balance Report ==============
Rank: 20 Sync_time: ============ Load Balance Report ==============
Rank: 26 Sync_time: 0.163994
15 Sync_time: 0.16525
0.15764
0.163468
Rank: 17 Sync_time: Subgraph enumeration done. 3 Sync_time: 0.170293
============ Load Balance Report ==============
Rank: 10 Sync_time: ============ Load Balance Report ==============
Rank: 30 Sync_time: 0.20856
0.121986
27 Sync_time: 0.1569
============ Load Balance Report ==============
Rank: 6 Sync_time: 0.164686
============ Load Balance Report ==============
Rank: 12 Sync_time: 0.151263

============ Load Balance Report ==============
5 Sync_time: 0.15779
============ Load Balance Report ==============
Rank: ============ Load Balance Report ==============
Rank: 31 Sync_time: 0.120332
0.147817
============ Load Balance Report ==============
Rank: 7 Sync_time: 0.157021
============ Load Balance Report ==============
Rank: 13 Sync_time: 0.165167
0.18366Rank: 0.136659
============ Load Balance Report ==============
Rank: 32 Sync_time: 0.125907
============ Load Balance Report ==============
Rank: ============ Load Balance Report ==============
Rank: 8 Sync_time: 0.174872
============ Load Balance Report ==============
Rank: 14 Sync_time: 0.174733

2 Sync_time: 29 Sync_time: ============ Load Balance Report ==============0.132022

Rank: 16 Sync_time: 0.187571
0.1311

Communication Time : 0.195360 seconds
- Serialization Time : 0.010349 seconds
- Transfer Time : 0.184950 seconds
Total Computational Time : 0.764492 seconds
Total #msgs=100085, Total #vadd=0
================ Final Report ===============
Mapping count: 238901
Load time: 20.177 s.
Dump time: 0.0509999 s.
Compute time: 1.76902 s.
Offline time: 23.5982 s.
Online time: 2.81212 s.
============ Load Balance Report ==============
Rank: 0 Sync_time: 0.102471
11 Sync_time: 0.151489
============ Load Balance Report ==============
Rank: 23 Sync_time: 0.115266
0.170094
============ Load Balance Report ==============
Rank: 1 Sync_time: 0.132288
============ Load Balance Report ==============
Rank: 9 Sync_time: 0.150091
