Data graph path: /fdu-zyj/labelyou
Query graph path: /fdu-zyj/query
Output graph path: /fdu-zyj/output
Partition Method: 
Preprocess Method: 0
Filter Method: 1
Order Method: random
Enumerate Method: 1
=================Start loading data graph ...=====================
Load Graph Time : 20.448849 seconds
=================Start loading query...===================
Worker 0: "hdfs://master:9000/fdu-zyj/query/query.txt" loaded
Communication Time : 0.000113 seconds
- Serialization Time : 0.000009 seconds
- Transfer Time : 0.000104 seconds
Load Query Time : 0.681522 seconds
================Start filtering...=================
Superstep 1 done.Time elapsed: 0.291092 seconds
#msgs: 29845
Superstep 2 done.Time elapsed: 0.233691 seconds
#msgs: 2159
Superstep 3 done.Time elapsed: 0.316955 seconds
#msgs: 355
Superstep 4 done.Time elapsed: 0.231613 seconds
#msgs: 46
Superstep 5 done.Time elapsed: 0.237782 seconds
#msgs: 13
Superstep 6 done.Time elapsed: 0.223519 seconds
#msgs: 0
Candidate filtering done.
Communication Time : 0.691892 seconds
- Serialization Time : 0.001099 seconds
- Transfer Time : 0.690386 seconds
Total Computational Time : 1.678076 seconds
Total #msgs=32418, Total #vadd=0
=================Start building query tree...===================
this->nodes size: 5
Node 0
Label: 97
Branch number: 0
Neighbors: [1, 2]
Backward neighbors: []
Backward same labels: []
It has 1 children.
Node 1
Label: 98
Branch number: 0
Neighbors: [0, 2]
Backward neighbors: []
Backward same labels: []
It has 1 children.
Node 2
Label: 99
Branch number: 0
Neighbors: [0, 1, 3]
Backward neighbors: [0]
Backward same labels: []
It has 1 children.
Node 3
Label: 98
Branch number: 0
Neighbors: [2, 4]
Backward neighbors: []
Backward same labels: [1]
It has 1 children.
Node 4
Label: 100
Branch number: 0
Neighbors: [3]
Backward neighbors: []
Backward same labels: []
It has 0 children.
Build Query Tree Time : 0.018469 seconds
================Start matching...======================
Superstep 1 done.Time elapsed: 0.233915 seconds
#msgs: 2453
Superstep 2 done.Time elapsed: 0.214416 seconds
#msgs: 5104
Superstep 3 done.Time elapsed: 0.31192 seconds
#msgs: 1518
Superstep 4 done.Time elapsed: 0.416803 seconds
#msgs: 2826
Superstep 5 done.Time elapsed: 0.292608 seconds
#msgs: 0
Subgraph matching done. 
Communication Time : 0.610879 seconds
- Serialization Time : 0.013937 seconds
- Transfer Time : 0.596817 seconds
Total Computational Time : 1.573874 seconds
Total #msgs=11901, Total #vadd=0
================Start enumerating...===================
Superstep 1 done.Time elapsed: 0.287945 seconds
#msgs: 0
Subgraph enumeration done. 
Communication Time : 0.112079 seconds
- Serialization Time : 0.000077 seconds
- Transfer Time : 0.111985 seconds
Total Computational Time : 0.416136 seconds
Total #msgs=0, Total #vadd=0
================ Final Report ===============
Mapping count: 445012
Load time: 21.1304 s.
Dump time: 0.0184689 s.
Compute time: 3.68687 s.
Offline time: 24.7376 s.
Online time: 4.64208 s.
============ Load Balance Report ==============
Rank: 0 Sync_time: 0.283158
============ Load Balance Report ==============
Rank: 3 Sync_time: ============ Load Balance Report ==============
Rank: 9 Sync_time: ============ Load Balance Report ==============
Rank: 30 Sync_time: 0.144778
============ Load Balance Report ==============
Rank: 18 Sync_time: 0.266247
============ Load Balance Report ==============
Rank: 27 Sync_time: ============ Load Balance Report ==============
Rank: 24 Sync_time: 0.202367
============ Load Balance Report ========================== Load Balance Report ==============
Rank: 12 Sync_time: 0.227428
============ Load Balance Report ==============
Rank: ============ Load Balance Report ==============
Rank: 1 Sync_time: 0.22447
============ Load Balance Report ==============
Rank: 5 Sync_time: 0.180795
============ Load Balance Report ==============
Rank: 10 Sync_time: ============ Load Balance Report ==============
Rank: 31 Sync_time: 0.206479
============ Load Balance Report ==============
Rank: 19 Sync_time: 0.231413
============ Load Balance Report ==============
Rank: 28 Sync_time: 0.18247
============ Load Balance Report ==============
Rank: 26 Sync_time: 0.174017
============ Load Balance Report ==============
Rank: 8 Sync_time: ============ Load Balance Report ==============
Rank: 13 Sync_time: 0.235819
============ Load Balance Report ========================== Load Balance Report ==============
Rank: 2 Sync_time: 0.147165
0.151403
============ Load Balance Report ==============
Rank: ============ Load Balance Report ==============
Rank: 32 Sync_time: 0.313642
============ Load Balance Report ==============
Rank: 29 Sync_time: 0.169731
============ Load Balance Report ==============
Rank: 6 Sync_time: 0.1712
============ Load Balance Report ==============
Rank: 14 Sync_time: 0.262513
15 Sync_time: ============ Load Balance Report ==============
Rank: 4 Sync_time: 0.176578
0.263012
0.179969

Rank: 7 Sync_time: 0.177197
0.286002
0.242457
0.210023

11 Sync_time: 0.205002
Rank: 17 Sync_time: 0.286206
============ Load Balance Report ==============
Rank: 16 Sync_time: 0.346107
============ Load Balance Report ==============
Rank: 20 Sync_time: 0.237976
============ Load Balance Report ==============
Rank: 25 Sync_time: 0.173029
============ Load Balance Report ==============
Rank: 22 Sync_time: 0.263171
============ Load Balance Report ==============
Rank: 23 Sync_time: 0.247971
============ Load Balance Report ==============
Rank: 21 Sync_time: 0.209222
