Data graph path: /g-thinker/newdata/youtube_f.txt
Query graph path: /fdu-zyj/query
Output graph path: /fdu-zyj/output
Partition Method: 
Preprocess Method: 0
Filter Method: 0
Order Method: random
Enumerate Method: 1
=================Start loading data graph ...=====================
Load Graph Time : 35.025443 seconds
=================Start loading query...===================
Worker 0: "hdfs://master:9000/fdu-zyj/query/query.txt" loaded
Communication Time : 0.000129 seconds
- Serialization Time : 0.000022 seconds
- Transfer Time : 0.000106 seconds
Load Query Time : 0.500622 seconds
=================Start building query tree...===================
this->nodes size: 5
Node 0
Label: 97
Branch number: 0
Neighbors: [1, 2]
Backward neighbors: []
Backward same labels: []
It has 1 children.
Node 1
Label: 98
Branch number: 0
Neighbors: [0, 2]
Backward neighbors: []
Backward same labels: []
It has 1 children.
Node 2
Label: 99
Branch number: 0
Neighbors: [0, 1, 3]
Backward neighbors: [0]
Backward same labels: []
It has 1 children.
Node 3
Label: 98
Branch number: 0
Neighbors: [2, 4]
Backward neighbors: []
Backward same labels: [1]
It has 1 children.
Node 4
Label: 100
Branch number: 0
Neighbors: [3]
Backward neighbors: []
Backward same labels: []
It has 0 children.
Build Query Tree Time : 0.093802 seconds
================Start matching...======================
Superstep 1 done.Time elapsed: 0.723331 seconds
#msgs: 122246
Superstep 2 done.Time elapsed: 4.15171 seconds
#msgs: 87234
Superstep 3 done.Time elapsed: 16.4917 seconds
#msgs: 59339
Superstep 4 done.Time elapsed: 67.3459 seconds
#msgs: 71457
Superstep 5 done.Time elapsed: 10.27 seconds
#msgs: 0
Subgraph matching done. 
Communication Time : 30.197447 seconds
- Serialization Time : 4.278610 seconds
- Transfer Time : 25.909362 seconds
Total Computational Time : 99.203656 seconds
Total #msgs=340276, Total #vadd=0
================Start enumerating...===================
Superstep 1 done.Time elapsed: 0.638403 seconds
#msgs: 0
Subgraph enumeration done. ============ Load Balance Report ==============
============ Load Balance Report ==============
============ Load Balance Report ==============Rank: Rank: 3 Sync_time: ============ Load Balance Report ==============
Rank: 14 Sync_time: 2 Sync_time: 7.94548
============ Load Balance Report ==============5.62505

============ Load Balance Report ==============
Rank: 15 Sync_time: Rank: 17 Sync_time: 
Communication Time : 0.444607 seconds
- Serialization Time : 0.000100 seconds
- Transfer Time : 0.444460 seconds
Total Computational Time : 0.981300 seconds
Total #msgs=0, Total #vadd=0
================ Final Report ===============
Mapping count: 100401613
Load time: 35.5261 s.
Dump time: 0.093802 s.
Compute time: 100.28 s.
Offline time: 42.4527 s.
Online time: 100.946 s.
============ Load Balance Report ==============
Rank: 0 Sync_time: 5.01046
============ Load Balance Report ==============
Rank: 16 Sync_time: 11.0662
============ Load Balance Report ==============
Rank: 21 Sync_time: 3.35985
============ Load Balance Report ==============
Rank: 22 Sync_time: 5.22337
============ Load Balance Report ==============
Rank: 23 Sync_time: 5.04083
============ Load Balance Report ==============
Rank: 30 Sync_time: 7.06707
11.885
2.39154

Rank: 12 Sync_time: 6.07352
============ Load Balance Report ==============
Rank: 24 Sync_time: 4.84808
============ Load Balance Report ==============
Rank: 26 Sync_time: 6.18054
============ Load Balance Report ==============
Rank: 1 Sync_time: 5.29319
============ Load Balance Report ==============
Rank: 5 Sync_time: 9.16586
============ Load Balance Report ==============
Rank: ============ Load Balance Report ==============
Rank: 18 Sync_time: 5.25444
============ Load Balance Report ==============
Rank: 6 Sync_time: 7.36727
12.5267
============ Load Balance Report ==============
Rank: 29 Sync_time: ============ Load Balance Report ==============
Rank: 20 Sync_time: 5.05509
============ Load Balance Report ==============
Rank: 7 Sync_time: 3.57719
7.22492
============ Load Balance Report ==============
Rank: 9 Sync_time: 5.30628
============ Load Balance Report ==============
Rank: 10 Sync_time: 4.21817
============ Load Balance Report ==============
Rank: 25 Sync_time: 2.99207
============ Load Balance Report ==============
Rank: 8 Sync_time: 3.87566
27 Sync_time: 6.94087
============ Load Balance Report ==============
Rank: 13 Sync_time: 3.62115
============ Load Balance Report ==============
Rank: 32 Sync_time: 6.05827
============ Load Balance Report ==============
Rank: 4 Sync_time: 8.06849
============ Load Balance Report ==============
Rank: 11 Sync_time: 4.72337
============ Load Balance Report ==============
Rank: 31 Sync_time: 7.07788
============ Load Balance Report ==============
Rank: 28 Sync_time: 7.68933
============ Load Balance Report ==============
Rank: 19 Sync_time: 3.86142
