Data graph path: /fdu-zyj/labelyou
Query graph path: /fdu-zyj/query
Output graph path: /fdu-zyj/output
Partition Method: 
Preprocess Method: 0
Filter Method: 0
Order Method: random
Enumerate Method: 1
=================Start loading data graph ...=====================
Load Graph Time : 22.275460 seconds
=================Start loading query...===================
Worker 0: "hdfs://master:9000/fdu-zyj/query/query.txt" loaded
Communication Time : 0.000133 seconds
- Serialization Time : 0.000010 seconds
- Transfer Time : 0.000121 seconds
Load Query Time : 0.488544 seconds
=================Start building query tree...===================
this->nodes size: 5
Node 0
Label: 97
Branch number: 0
Neighbors: [1, 2]
Backward neighbors: []
Backward same labels: []
It has 1 children.
Node 1
Label: 98
Branch number: 0
Neighbors: [0, 2]
Backward neighbors: []
Backward same labels: []
It has 1 children.
Node 2
Label: 99
Branch number: 0
Neighbors: [0, 1, 3]
Backward neighbors: [0]
Backward same labels: []
It has 1 children.
Node 3
Label: 98
Branch number: 0
Neighbors: [2, 4]
Backward neighbors: []
Backward same labels: [1]
It has 1 children.
Node 4
Label: 100
Branch number: 0
Neighbors: [3]
Backward neighbors: []
Backward same labels: []
It has 0 children.
Build Query Tree Time : 0.019072 seconds
================Start matching...======================
Superstep 1 done.Time elapsed: 0.268126 seconds
#msgs: 8620
Superstep 2 done.Time elapsed: 0.295943 seconds
#msgs: 5023
Superstep 3 done.Time elapsed: 0.318369 seconds
#msgs: 2798
Superstep 4 done.Time elapsed: 0.335244 seconds
#msgs: 3187
Superstep 5 done.Time elapsed: 0.252447 seconds
#msgs: 0
Subgraph matching done. 
Communication Time : 0.565717 seconds
- Serialization Time : 0.013032 seconds
- Transfer Time : 0.552541 seconds
Total Computational Time : 1.606128 seconds
Total #msgs=19628, Total #vadd=0
================Start enumerating...===================
Superstep 1 done.Time elapsed: 0.224852 seconds
#msgs: 0
============ Load Balance Report ==============
Rank: 9 Sync_time: ============ Load Balance Report ==============
Rank: 31 Sync_time: ============ Load Balance Report ==============
Rank: 27 Sync_time: ============ Load Balance Report ==============
Rank: ============ Load Balance Report ==============
Rank: ============ Load Balance Report ==============
Rank: Subgraph enumeration done. 
Communication Time : 0.163499 seconds
- Serialization Time : 0.000072 seconds
- Transfer Time : 0.163401 seconds
Total Computational Time : 0.434820 seconds
Total #msgs=0, Total #vadd=0
================ Final Report ===============
Mapping count: 238901
Load time: 22.764 s.
Dump time: 0.0190721 s.
Compute time: 2.06038 s.
Offline time: 26.2671 s.
Online time: 2.7954 s.
============ Load Balance Report ==============
Rank: 0 Sync_time: 0.337809
============ Load Balance Report ==============
Rank: 11 Sync_time: ============ Load Balance Report ==============
Rank: 32 Sync_time: ============ Load Balance Report ==============
Rank: 29 Sync_time: ============ Load Balance Report ==============
Rank: 25 Sync_time: ============ Load Balance Report ==============
Rank: 8 Sync_time: ============ Load Balance Report ==============
Rank: 16 Sync_time: ============ Load Balance Report ==============
Rank: 1 Sync_time: 0.394625
0.246427
0.388125
0.298642
============ Load Balance Report ==============
Rank: 26 Sync_time: 0.181139
============ Load Balance Report ========================== Load Balance Report ==============
Rank: 2 Sync_time: 0.302461
24 Sync_time: 0.187909
15 Sync_time: 0.17217
0.287042
============ Load Balance Report ==============
Rank: 0.374557
0.113319
============ Load Balance Report ==============
Rank: 18 Sync_time: 0.309417
============ Load Balance Report ==============
Rank: 21 Sync_time: 0.165776
============ Load Balance Report ==============
Rank: 12 Sync_time: 0.234948

============ Load Balance Report ==============
Rank: 4 Sync_time: ============ Load Balance Report ==============
Rank: ============ Load Balance Report ==============
Rank: 28 Sync_time: 0.331262
============ Load Balance Report ==============
Rank: 19 Sync_time: 0.332102
============ Load Balance Report ==============
Rank: 22 Sync_time: 0.196029
============ Load Balance Report ==============
Rank: 13 Sync_time: 0.278461
Rank: ============ Load Balance Report ==============
Rank: 30 Sync_time: ============ Load Balance Report ==============
Rank: 20 Sync_time: 0.247161
============ Load Balance Report ==============
Rank: 23 Sync_time: ============ Load Balance Report ==============
Rank: 14 Sync_time: 170.383824
0.192321
 Sync_time: 0.292113
0.328348
3 Sync_time: 0.346053
0.193242
0.283728
0.165682
6 Sync_time: 0.141785
0.29052
5 Sync_time: 0.178931
============ Load Balance Report ==============
Rank: 10 Sync_time: 0.245552
============ Load Balance Report ==============
Rank: 7 Sync_time: 0.143285
