Data graph path: /fdu-zyj/labelyou
Query graph path: /fdu-zyj/query
Output graph path: /fdu-zyj/output
Partition Method: 
Preprocess Method: 0
Filter Method: 0
Order Method: random
Enumerate Method: 1
=================Start loading data graph ...=====================
Load Graph Time : 20.384175 seconds
=================Start loading query...===================
Worker 0: "hdfs://master:9000/fdu-zyj/query/query.txt" loaded
Communication Time : 0.000109 seconds
- Serialization Time : 0.000008 seconds
- Transfer Time : 0.000101 seconds
Load Query Time : 0.629975 seconds
=================Start building query tree...===================
this->nodes size: 5
Node 0
Label: 97
Branch number: 0
Neighbors: [1, 2]
Backward neighbors: []
Backward same labels: []
It has 1 children.
Node 1
Label: 98
Branch number: 0
Neighbors: [0, 2]
Backward neighbors: []
Backward same labels: []
It has 1 children.
Node 2
Label: 99
Branch number: 0
Neighbors: [0, 1, 3]
Backward neighbors: [0]
Backward same labels: []
It has 1 children.
Node 3
Label: 98
Branch number: 0
Neighbors: [2, 4]
Backward neighbors: []
Backward same labels: [1]
It has 1 children.
Node 4
Label: 100
Branch number: 0
Neighbors: [3]
Backward neighbors: []
Backward same labels: []
It has 0 children.
Build Query Tree Time : 0.015523 seconds
================Start matching...======================
Superstep 1 done.Time elapsed: 0.213946 seconds
#msgs: 8620
Superstep 2 done.Time elapsed: 0.285434 seconds
#msgs: 5023
Superstep 3 done.Time elapsed: 0.273097 seconds
#msgs: 2798
Superstep 4 done.Time elapsed: 0.305287 seconds
#msgs: 3187
Superstep 5 done.Time elapsed: 0.297612 seconds
#msgs: 0
Subgraph matching done. 
Communication Time : 0.568095 seconds
- Serialization Time : 0.033971 seconds
- Transfer Time : 0.533998 seconds
Total Computational Time : 1.549099 seconds
Total #msgs=19628, Total #vadd=0
================Start enumerating...===================
Superstep 1 done.Time elapsed: 0.276474 seconds
#msgs: 0
============ Load Balance Report ==============
Rank: 4 Sync_time: 0.25457
============ Load Balance Report ==============
Rank: 9 Sync_time: ============ Load Balance Report ==============
Rank: 27 Sync_time: 0.255672
============ Load Balance Report ========================== Load Balance Report ==============
Rank: 24 Sync_time: 0.263489
============ Load Balance Report ==============
Rank: 6 Sync_time: ============ Load Balance Report ==============
Rank: ============ Load Balance Report ==============
Rank: ============ Load Balance Report ==============
Rank: 5 Sync_time: 0.222253
============ Load Balance Report ==============
Rank: 10 Sync_time: 0.263221
============ Load Balance Report ==============
Rank: 28 Sync_time: 0.295608
============ Load Balance Report ==============
Rank: ============ Load Balance Report ==============
Rank: 26 Sync_time: 0.237951
============ Load Balance Report ==============
Rank: 8 Sync_time: 0.290104============ Load Balance Report ==============
Rank: 13 Sync_time: ============ Load Balance Report ========================== Load Balance Report ==============
Rank: ============ Load Balance Report ==============
Rank: 29 Sync_time: 19 Sync_time: 
============ Load Balance Report ========================== Load Balance Report ==============
Rank: 17 Sync_time: ============ Load Balance Report ==============
Rank: 20 Sync_time: 12 Sync_time: 

0.403834
Subgraph enumeration done. 
Communication Time : 0.136022 seconds
- Serialization Time : 0.000068 seconds
- Transfer Time : 0.135923 seconds
Total Computational Time : 0.415561 seconds
Total #msgs=0, Total #vadd=0
================ Final Report ===============
Mapping count: 238901
Load time: 21.0141 s.
Dump time: 0.0155232 s.
Compute time: 1.98076 s.
Offline time: 24.2188 s.
Online time: 3.03914 s.
============ Load Balance Report ==============
Rank: 0 Sync_time: 0.314405
============ Load Balance Report ==============
Rank: 30 Sync_time: 0.342897
============ Load Balance Report ==============
Rank: Rank: ============ Load Balance Report ==============
Rank: 1 Sync_time: 0.308584
============ Load Balance Report ==============
Rank: 31 Sync_time: 0.285118
0.274867
============ Load Balance Report ==============
Rank: 22 Sync_time: 16============ Load Balance Report ==============
Rank: 2 Sync_time: 0.231903
============ Load Balance Report ==============
Rank: 32 Sync_time: 0.326038
Rank:  Sync_time: 180.407984 Sync_time: 
0.36953115 Sync_time: 
0.376926
0.257362
0.250511
0.284531
11 Sync_time: 0.293842
============ Load Balance Report ==============
Rank: 7 Sync_time: 0.256713
0.344207

Rank: 14 Sync_time: 0.3581
============ Load Balance Report ==============
Rank: 3 Sync_time: 0.213175
0.205232
0.244365
============ Load Balance Report ==============
Rank: 25 Sync_time: 0.265543
21 Sync_time: 0.288118
0.286078
============ Load Balance Report ==============
Rank: 23 Sync_time: 0.264994
