Data graph path: /fdu-zyj/labelSK
Query graph path: /fdu-zyj/query
Output graph path: /fdu-zyj/output
Partition Method: 
Preprocess Method: 0
Filter Method: 0
Order Method: random
Enumerate Method: 1
=================Start loading data graph ...=====================
Load Graph Time : 44.444120 seconds
=================Start loading query...===================
Worker 0: "hdfs://master:9000/fdu-zyj/query/query.txt" loaded
Communication Time : 0.000130 seconds
- Serialization Time : 0.000027 seconds
- Transfer Time : 0.000102 seconds
Load Query Time : 0.519692 seconds
=================Start building query tree...===================
this->nodes size: 5
Node 0
Label: 97
Branch number: 0
Neighbors: [1, 2]
Backward neighbors: []
Backward same labels: []
It has 1 children.
Node 1
Label: 98
Branch number: 0
Neighbors: [0, 2]
Backward neighbors: []
Backward same labels: []
It has 1 children.
Node 2
Label: 99
Branch number: 0
Neighbors: [0, 1, 3]
Backward neighbors: [0]
Backward same labels: []
It has 1 children.
Node 3
Label: 98
Branch number: 0
Neighbors: [2, 4]
Backward neighbors: []
Backward same labels: [1]
It has 1 children.
Node 4
Label: 100
Branch number: 0
Neighbors: [3]
Backward neighbors: []
Backward same labels: []
It has 0 children.
Build Query Tree Time : 0.026338 seconds
================Start matching...======================
Superstep 1 done.Time elapsed: 0.289864 seconds
#msgs: 34624
Superstep 2 done.Time elapsed: 2.76301 seconds
#msgs: 22113
Superstep 3 done.Time elapsed: 0.919447 seconds
#msgs: 12698
Superstep 4 done.Time elapsed: 8.00508 seconds
#msgs: 15481
Superstep 5 done.Time elapsed: 0.819505 seconds
#msgs: 0
Subgraph matching done. 
Communication Time : 3.694632 seconds
- Serialization Time : 0.358674 seconds
- Transfer Time : 3.334272 seconds
Total Computational Time : 12.908589 seconds
Total #msgs=84916, Total #vadd=0
================Start enumerating...===================
Superstep 1 done.Time elapsed: 0.210889 seconds
#msgs: 0
Subgraph enumeration done. 
Communication Time : 0.118240 seconds
- Serialization Time : 0.000087 seconds
- Transfer Time : 0.118124 seconds
Total Computational Time : 0.338279 seconds
Total #msgs=0, Total #vadd=0
================ Final Report ===============
Mapping count: 7841842
Load time: 44.9638 s.
Dump time: 0.0263381 s.
Compute time: 13.2739 s.
Offline time: 48.7138 s.
Online time: 14.2687 s.
============ Load Balance Report ==============
Rank: 0 Sync_time: 0.917129
============ Load Balance Report ==============
Rank: 3 Sync_time: 0.907976
============ Load Balance Report ==============
Rank: ============ Load Balance Report ==============
Rank: 30 Sync_time: 0.996502
============ Load Balance Report ==============
Rank: 21 Sync_time: ============ Load Balance Report ==============
Rank: ============ Load Balance Report ==============
Rank: 18 Sync_time: ============ Load Balance Report ==============
Rank: 24 Sync_time: 1.71191
============ Load Balance Report ========================== Load Balance Report ==============
Rank: ============ Load Balance Report ========================== Load Balance Report ==============
Rank: 2 Sync_time: 0.976749
============ Load Balance Report ==============
Rank: 4 Sync_time: 0.928684
============ Load Balance Report ==============
Rank: 10 Sync_time: ============ Load Balance Report ==============
Rank: 31 Sync_time: ============ Load Balance Report ==============
Rank: 22 Sync_time: 1.49683
============ Load Balance Report ==============
Rank: 28 Sync_time: ============ Load Balance Report ==============
Rank: 19 Sync_time: ============ Load Balance Report ==============
Rank: 26 Sync_time: 0.382427
============ Load Balance Report ========================== Load Balance Report ==============
Rank: ============ Load Balance Report ==============
Rank: 16 Sync_time: 1.54542
============ Load Balance Report ==============
Rank: 32 Sync_time: 1.01824
============ Load Balance Report ==============
Rank: 23 Sync_time: 1.68108
============ Load Balance Report ==============
Rank: 20 Sync_time: 1.43684

Rank: 6 Sync_time: ============ Load Balance Report ==============
Rank: 14 Sync_time: 
Rank: 151.44918 Sync_time: 1.38712
============ Load Balance Report ==============
Rank: 1 Sync_time: 1.12205
============ Load Balance Report ==============
Rank: 5 Sync_time: 0.596923
9 Sync_time: 1.75413
1.12521
1.46712
27 Sync_time: 0.537269
1.19305
============ Load Balance Report ==============
Rank: 25 Sync_time: 0.254585
0.342208
12 Sync_time: 1.37656

============ Load Balance Report ==============
Rank: 11 Sync_time: 1.42731
0.876056
1.13092

Rank: 7 Sync_time: 0.182255
13 Sync_time: 1.22919
============ Load Balance Report ========================== Load Balance Report ==============
Rank: 29 Sync_time: 0.896893
============ Load Balance Report ==============
Rank: 8 Sync_time: 1.6857
1.26258

Rank: 17 Sync_time: 1.42535
