Data graph path: /g-thinker/newdata/youtube_f.txt
Query graph path: /fdu-zyj/query
Output graph path: /fdu-zyj/output
Partition Method: 
Preprocess Method: 0
Filter Method: 0
Order Method: degree
Enumerate Method: 1
=================Start loading data graph ...=====================
Load Graph Time : 34.079770 seconds
=================Start loading query...===================
Worker 0: "hdfs://master:9000/fdu-zyj/query/query.txt" loaded
Communication Time : 0.000109 seconds
- Serialization Time : 0.000009 seconds
- Transfer Time : 0.000100 seconds
Load Query Time : 0.499992 seconds
=================Start building query tree...===================
this->nodes size: 5
Node 2
Label: 99
Branch number: 1
Neighbors: [0, 1, 3]
Backward neighbors: []
Backward same labels: []
It has 2 children.
Node 0
Label: 97
Branch number: 1
Neighbors: [1, 2]
Backward neighbors: []
Backward same labels: []
It has 1 children.
Node 1
Label: 98
Branch number: 1
Neighbors: [0, 2]
Backward neighbors: [0]
Backward same labels: []
It has 0 children.
Node 3
Label: 98
Branch number: 1
Neighbors: [2, 4]
Backward neighbors: []
Backward same labels: [2]
It has 1 children.
Node 4
Label: 100
Branch number: 1
Neighbors: [3]
Backward neighbors: []
Backward same labels: []
It has 0 children.
Build Query Tree Time : 0.062197 seconds
================Start matching...======================
Superstep 1 done.Time elapsed: 0.822101 seconds
#msgs: 244204
Superstep 2 done.Time elapsed: 8.46961 seconds
#msgs: 174028
Superstep 3 done.Time elapsed: 0.979813 seconds
#msgs: 0
Subgraph matching done. 
Communication Time : 4.093667 seconds
- Serialization Time : 0.301108 seconds
- Transfer Time : 3.792393 seconds
Total Computational Time : 10.472839 seconds
Total #msgs=418232, Total #vadd=161265
================Start enumerating...===================
Superstep 1 done.Time elapsed: 5.39002 seconds
#msgs: 6019001
Superstep 2 done.Time elapsed: 30.5501 seconds
#msgs: 0
============ Load Balance Report ==============
Rank: 21 Sync_time: ============ Load Balance Report ==============
Rank: 27 Sync_time: 1.1315
============ Load Balance Report ==============
Rank: ============ Load Balance Report ==============
Rank: 29 Sync_time: 1.25404
============ Load Balance Report ==============
Rank: 23 Sync_time: 0.554004
0.749469
Subgraph enumeration done. ============ Load Balance Report ========================== Load Balance Report ==============
Rank: 
Rank: 2 Sync_time: 1 Sync_time: ============ Load Balance Report ==============
Rank: 18 Sync_time: ============ Load Balance Report ==============
Rank: 19 Sync_time: ============ Load Balance Report ==============
Rank: 12 Sync_time: ============ Load Balance Report ==============
0.327622
============ Load Balance Report ==============
Rank: 14 Sync_time: ============ Load Balance Report ==============0.558176
Rank: 16 Sync_time: 
3.34068

Communication Time : 2.430948 seconds
- Serialization Time : 0.532374 seconds
- Transfer Time : 1.890085 seconds
Total Computational Time : 36.107146 seconds
Total #msgs=6019001, Total #vadd=0
================ Final Report ===============
Mapping count: 100401613
Load time: 34.5798 s.
Dump time: 0.062197 s.
Compute time: 46.6439 s.
Offline time: 40.2993 s.
Online time: 47.4542 s.
============ Load Balance Report ==============
Rank: 0 Sync_time: 1.33699
1.28176
Rank: 1.30291
17 Sync_time: 3.21636
0.423867
============ Load Balance Report ==============
Rank: 9 Sync_time: 0.71849
============ Load Balance Report ==============
Rank: 28 Sync_time: 1.19282
22 Sync_time: 0.85258
============ Load Balance Report ==============
Rank: 31 Sync_time: ============ Load Balance Report ==============
Rank: 6 Sync_time: 0.697562
============ Load Balance Report ==============
============ Load Balance Report ==============
Rank: 20 Sync_time: 0.593107
============ Load Balance Report ==============
Rank: 11 Sync_time: 0.624218
============ Load Balance Report ==============
Rank: 32 Sync_time: 1.55598
============ Load Balance Report ==============
Rank: 8 Sync_time: 0.955159
Rank: 15 Sync_time: 3.09579
============ Load Balance Report ==============
Rank: 3 Sync_time: ============ Load Balance Report ==============
Rank: 10 Sync_time: 0.771619
============ Load Balance Report ==============
Rank: 24 Sync_time: 0.772452
1.26734
============ Load Balance Report ==============
Rank: 13 Sync_time: 0.518507
============ Load Balance Report ==============
Rank: 4 Sync_time: 1.38467
============ Load Balance Report ==============
Rank: 25 Sync_time: 0.928793
0.463725
============ Load Balance Report ==============
Rank: 5 Sync_time: 1.27027
============ Load Balance Report ==============
Rank: 26 Sync_time: 0.838132
1.40073
============ Load Balance Report ==============
Rank: 7 Sync_time: 0.770293
============ Load Balance Report ==============
Rank: 30 Sync_time: 1.36596
