=================Start loading data graph ...=====================
Load Graph Time : 8.149347 seconds
=================Start loading query...===================
Worker 0: "hdfs://2f957c17abfd:9000/query/query.txt" loaded
Communication Time : 0.000014 seconds
- Serialization Time : 0.000003 seconds
- Transfer Time : 0.000011 seconds
Load Query Time : 0.059143 seconds
=================Start building query tree...===================
this->nodes size: 5
Node 0
ID: 1
Label: 97
Branch number: 0
Neighbors: [2, 3]
It has 1 children.
Node 1
ID: 2
Label: 98
Branch number: 0
Neighbors: [1, 3]
It has 1 children.
Node 2
ID: 3
Label: 99
Branch number: 0
Neighbors: [1, 2, 4]
It has 1 children.
Node 3
ID: 4
Label: 98
Branch number: 0
Neighbors: [3, 5]
It has 1 children.
Node 4
ID: 5
Label: 100
Branch number: 0
Neighbors: [4]
It has 0 children.
Build Query Tree Time : 0.000081 seconds
================Start matching...======================
Superstep 1 done.Time elapsed: 0.086339 seconds
#msgs: 8620
Superstep 2 done.Time elapsed: 0.0704579 seconds
#msgs: 97569
Superstep 3 done.Time elapsed: 0.049144 seconds
#msgs: 37037
Superstep 4 done.Time elapsed: 0.188543 seconds
#msgs: 238901
Superstep 5 done.Time elapsed: 0.0449948 seconds
#msgs: 0
Subgraph matching done. 
Communication Time : 0.073167 seconds
- Serialization Time : 0.035098 seconds
- Transfer Time : 0.037566 seconds
Total Computational Time : 0.439637 seconds
Total #msgs=382127, Total #vadd=0
================Start enumerating...===================
Superstep 1 done.Time elapsed: 0.235193 seconds
#msgs: 0
Subgraph enumeration done. 
Communication Time : 0.000017 seconds
- Serialization Time : 0.000002 seconds
- Transfer Time : 0.000013 seconds
Total Computational Time : 0.235242 seconds
Total #msgs=0, Total #vadd=0
=================Start dumping graph...===================
output path: /output
Dump Time : 0.371972 seconds
================ Final Report ===============
Mapping count: 238901
Load time: 8.20849 s.
Dump time: 0.371972 s.
Compute time: 0.674989 s.
Offline time: 9.04455 s.
Online time: 1.16058 s.
