Data graph path: /labelyou
Query graph path: /query
Output graph path: /output
Partition Method: 
Filter Method: 0
Order Method: random
Enumerate Method: 1
=================Start loading data graph ...=====================
Load Graph Time : 8.143177 seconds
=================Start loading query...===================
Worker 0: "hdfs://2f957c17abfd:9000/query/query.txt" loaded
Communication Time : 0.000023 seconds
- Serialization Time : 0.000011 seconds
- Transfer Time : 0.000011 seconds
Load Query Time : 0.057163 seconds
=================Start building query tree...===================
this->nodes size: 5
Node 0
Label: 97
Branch number: 0
Neighbors: [1, 2]
It has 1 children.
Node 1
Label: 98
Branch number: 0
Neighbors: [0, 2]
It has 1 children.
Node 2
Label: 99
Branch number: 0
Neighbors: [0, 1, 3]
It has 1 children.
Node 3
Label: 98
Branch number: 0
Neighbors: [2, 4]
It has 1 children.
Node 4
Label: 100
Branch number: 0
Neighbors: [3]
It has 0 children.
Build Query Tree Time : 0.000065 seconds
================Start matching...======================
Superstep 1 done.Time elapsed: 0.0333841 seconds
#msgs: 8620
Superstep 2 done.Time elapsed: 0.0577049 seconds
#msgs: 97569
Superstep 3 done.Time elapsed: 0.045686 seconds
#msgs: 37037
Superstep 4 done.Time elapsed: 0.149647 seconds
#msgs: 238901
Superstep 5 done.Time elapsed: 0.045331 seconds
#msgs: 0
Subgraph matching done. 
Communication Time : 0.093172 seconds
- Serialization Time : 0.056880 seconds
- Transfer Time : 0.035167 seconds
Total Computational Time : 0.331912 seconds
Total #msgs=382127, Total #vadd=0
================Start enumerating...===================
Superstep 1 done.Time elapsed: 0.116699 seconds
#msgs: 0
Subgraph enumeration done. 
Communication Time : 0.000030 seconds
- Serialization Time : 0.000005 seconds
- Transfer Time : 0.000023 seconds
Total Computational Time : 0.264192 seconds
Total #msgs=0, Total #vadd=0
=================Start dumping graph...===================
output path: /output
Dump Time : 0.348905 seconds
================ Final Report ===============
Mapping count: 238901
Load time: 8.20034 s.
Dump time: 0.348905 s.
Compute time: 0.596211 s.
Offline time: 9.0291 s.
Online time: 1.06621 s.
