Data graph path: /labelyou
Query graph path: /query
Output graph path: /output
Partition Method: 
Filter Method: 1
Order Method: candidate
Enumerate Method: 1
=================Start loading data graph ...=====================
Load Graph Time : 8.182112 seconds
=================Start loading query...===================
Worker 0: "hdfs://2f957c17abfd:9000/query/query.txt" loaded
Communication Time : 0.000023 seconds
- Serialization Time : 0.000008 seconds
- Transfer Time : 0.000015 seconds
Load Query Time : 0.051885 seconds
================Start filtering...=================
Superstep 1 done.Time elapsed: 0.642013 seconds
#msgs: 854703
Superstep 2 done.Time elapsed: 0.304429 seconds
#msgs: 24109
Superstep 3 done.Time elapsed: 0.039299 seconds
#msgs: 2339
Superstep 4 done.Time elapsed: 0.0129471 seconds
#msgs: 674
Superstep 5 done.Time elapsed: 0.010231 seconds
#msgs: 168
Superstep 6 done.Time elapsed: 0.00947094 seconds
#msgs: 79
Superstep 7 done.Time elapsed: 0.0091331 seconds
#msgs: 21
Superstep 8 done.Time elapsed: 0.00905418 seconds
#msgs: 1
Superstep 9 done.Time elapsed: 0.00915599 seconds
#msgs: 0
Candidate filtering done.
Communication Time : 0.099334 seconds
- Serialization Time : 0.054701 seconds
- Transfer Time : 0.043767 seconds
Total Computational Time : 1.166730 seconds
Total #msgs=882094, Total #vadd=0
=================Start building query tree...===================
this->nodes size: 5
Node 2
Label: 99
Branch number: 1
Neighbors: [0, 1, 3]
It has 2 children.
Node 0
Label: 97
Branch number: 1
Neighbors: [1, 2]
It has 1 children.
Node 1
Label: 98
Branch number: 1
Neighbors: [0, 2]
It has 0 children.
Node 3
Label: 98
Branch number: 1
Neighbors: [2, 4]
It has 1 children.
Node 4
Label: 100
Branch number: 1
Neighbors: [3]
It has 0 children.
Build Query Tree Time : 0.000064 seconds
================Start matching...======================
Superstep 1 done.Time elapsed: 0.124478 seconds
#msgs: 4738
Superstep 2 done.Time elapsed: 0.0377109 seconds
#msgs: 54737
Superstep 3 done.Time elapsed: 0.0187471 seconds
#msgs: 0
Subgraph matching done. 
Communication Time : 0.010616 seconds
- Serialization Time : 0.006272 seconds
- Transfer Time : 0.004225 seconds
Total Computational Time : 0.181020 seconds
Total #msgs=59475, Total #vadd=43597
================Start enumerating...===================
Superstep 1 done.Time elapsed: 0.245007 seconds
#msgs: 39592
Superstep 2 done.Time elapsed: 0.169729 seconds
#msgs: 0
Subgraph enumeration done. 
Communication Time : 0.010657 seconds
- Serialization Time : 0.005802 seconds
- Transfer Time : 0.004847 seconds
Total Computational Time : 0.428033 seconds
Total #msgs=39592, Total #vadd=0
=================Start dumping graph...===================
output path: /output
Dump Time : 0.386810 seconds
================ Final Report ===============
Mapping count: 238901
Load time: 8.234 s.
Dump time: 0.38681 s.
Compute time: 1.77593 s.
Offline time: 9.09189 s.
Online time: 2.27676 s.
