Data graph path: /labelyou
Query graph path: /query
Output graph path: /output
Partition Method: 
Preprocess Method: 0
Filter Method: 1
Order Method: random
Enumerate Method: 1
=================Start loading data graph ...=====================
Load Graph Time : 4.529156 seconds
=================Start loading query...===================
Worker 0: "hdfs://2f957c17abfd:9000/query/query.txt" loaded
Communication Time : 0.000026 seconds
- Serialization Time : 0.000014 seconds
- Transfer Time : 0.000012 seconds
Load Query Time : 0.067584 seconds
================Start filtering...=================
Superstep 1 done.Time elapsed: 0.0869889 seconds
#msgs: 29845
Superstep 2 done.Time elapsed: 0.0131211 seconds
#msgs: 2159
Superstep 3 done.Time elapsed: 0.00878 seconds
#msgs: 355
Superstep 4 done.Time elapsed: 0.00848985 seconds
#msgs: 46
Superstep 5 done.Time elapsed: 0.00835395 seconds
#msgs: 13
Superstep 6 done.Time elapsed: 0.00822592 seconds
#msgs: 0
Candidate filtering done.
Communication Time : 0.003354 seconds
- Serialization Time : 0.001956 seconds
- Transfer Time : 0.001385 seconds
Total Computational Time : 0.134626 seconds
Total #msgs=32418, Total #vadd=0
=================Start building query tree...===================
this->nodes size: 5
Node 0
Label: 97
Branch number: 0
Neighbors: [1, 2]
Backward neighbors: []
Backward same labels: []
It has 1 children.
Node 1
Label: 98
Branch number: 0
Neighbors: [0, 2]
Backward neighbors: []
Backward same labels: []
It has 1 children.
Node 2
Label: 99
Branch number: 0
Neighbors: [0, 1, 3]
Backward neighbors: [0]
Backward same labels: []
It has 1 children.
Node 3
Label: 98
Branch number: 0
Neighbors: [2, 4]
Backward neighbors: []
Backward same labels: [1]
It has 1 children.
Node 4
Label: 100
Branch number: 0
Neighbors: [3]
Backward neighbors: []
Backward same labels: []
It has 0 children.
Build Query Tree Time : 0.000073 seconds
================Start matching...======================
Superstep 1 done.Time elapsed: 0.0265069 seconds
#msgs: 2453
Superstep 2 done.Time elapsed: 0.028295 seconds
#msgs: 5104
Superstep 3 done.Time elapsed: 0.030503 seconds
#msgs: 1518
Superstep 4 done.Time elapsed: 0.182519 seconds
#msgs: 2826
Superstep 5 done.Time elapsed: 0.061317 seconds
#msgs: 0
Subgraph matching done. 
Communication Time : 0.075508 seconds
- Serialization Time : 0.046561 seconds
- Transfer Time : 0.028837 seconds
Total Computational Time : 0.329272 seconds
Total #msgs=11901, Total #vadd=0
================Start enumerating...===================
Superstep 1 done.Time elapsed: 0.018007 seconds
#msgs: 0
Subgraph enumeration done. 
Communication Time : 0.000015 seconds
- Serialization Time : 0.000005 seconds
- Transfer Time : 0.000008 seconds
Total Computational Time : 0.024837 seconds
Total #msgs=0, Total #vadd=0
=================Start dumping graph...===================
output path: /output
Dump Time : 0.245665 seconds
================ Final Report ===============
Mapping count: 445012
Load time: 4.59674 s.
Dump time: 0.245665 s.
Compute time: 0.488867 s.
Offline time: 5.35438 s.
Online time: 0.873688 s.
============ Load Balance Report ==============
Rank: 0 Sync_time: 3.76701e-05
============ Load Balance Report ==============
Rank: 2 Sync_time: 0.0459259
============ Load Balance Report ==============
Rank: 3 Sync_time: 0.0289109
============ Load Balance Report ==============
Rank: 1 Sync_time: 0.0434411
