Data graph path: /labelyou
Query graph path: /query
Output graph path: /output
Partition Method: 
Preprocess Method: 0
Filter Method: 0
Order Method: random
Enumerate Method: 1
=================Start loading data graph ...=====================
Load Graph Time : 6.951480 seconds
=================Start loading query...===================
Worker 0: "hdfs://2f957c17abfd:9000/query/query.txt" loaded
Communication Time : 0.000035 seconds
- Serialization Time : 0.000020 seconds
- Transfer Time : 0.000015 seconds
Load Query Time : 0.056093 seconds
=================Start building query tree...===================
this->nodes size: 5
Node 0
Label: 97
Branch number: 0
Neighbors: [1, 2]
Backward neighbors: []
Backward same labels: []
It has 1 children.
Node 1
Label: 98
Branch number: 0
Neighbors: [0, 2]
Backward neighbors: []
Backward same labels: []
It has 1 children.
Node 2
Label: 99
Branch number: 0
Neighbors: [0, 1, 3]
Backward neighbors: [0]
Backward same labels: []
It has 1 children.
Node 3
Label: 98
Branch number: 0
Neighbors: [2, 4]
Backward neighbors: []
Backward same labels: [1]
It has 1 children.
Node 4
Label: 100
Branch number: 0
Neighbors: [3]
Backward neighbors: []
Backward same labels: []
It has 0 children.
Build Query Tree Time : 0.000217 seconds
================Start matching...======================
Superstep 1 done.Time elapsed: 0.046818 seconds
#msgs: 8620
Superstep 2 done.Time elapsed: 0.0427871 seconds
#msgs: 5023
Superstep 3 done.Time elapsed: 0.0362501 seconds
#msgs: 2798
Superstep 4 done.Time elapsed: 0.102972 seconds
#msgs: 3187
Superstep 5 done.Time elapsed: 0.0314991 seconds
#msgs: 0
Subgraph matching done. 
Communication Time : 0.055749 seconds
- Serialization Time : 0.035012 seconds
- Transfer Time : 0.020598 seconds
Total Computational Time : 0.260478 seconds
Total #msgs=19628, Total #vadd=0
================Start enumerating...===================
Superstep 1 done.Time elapsed: 0.016875 seconds
#msgs: 0
Subgraph enumeration done. 
Communication Time : 0.000021 seconds
- Serialization Time : 0.000003 seconds
- Transfer Time : 0.000016 seconds
Total Computational Time : 0.027753 seconds
Total #msgs=0, Total #vadd=0
=================Start dumping graph...===================
output path: /output
Dump Time : 0.164372 seconds
================ Final Report ===============
Mapping count: 238901
Load time: 7.00757 s.
Dump time: 0.164372 s.
Compute time: 0.288511 s.
Offline time: 7.78541 s.
Online time: 0.575357 s.
============ Load Balance Report ==============
Rank: 0 Sync_time: 5.19753e-05
============ Load Balance Report ==============
Rank: 1 Sync_time: 0.0297196
============ Load Balance Report ==============
Rank: 2 Sync_time: 0.0308928
============ Load Balance Report ==============
Rank: 3 Sync_time: 0.0177491
