Data graph path: /fdu-zyj/labelSK
Query graph path: /fdu-zyj/query/query.txt
Output graph path: /fdu-zyj/output
Partition Method: 
Preprocess Method: 0
Filter Method: 0
Order Method: random
Enumerate Method: 1
=================Start loading data graph ...=====================
Load Graph Time : 39.139509 seconds
=================Start loading query...===================
Worker 0: "hdfs://master:9000/fdu-zyj/query/query.txt" loaded
Communication Time : 0.000116 seconds
- Serialization Time : 0.000010 seconds
- Transfer Time : 0.000105 seconds
Load Query Time : 0.450795 seconds
=================Start building query tree...===================
this->nodes size: 5
Node 0
Label: 97
Branch number: 0
Neighbors: [1, 2]
Backward neighbors: []
Backward same labels: []
It has 1 children.
Node 1
Label: 98
Branch number: 0
Neighbors: [0, 2]
Backward neighbors: []
Backward same labels: []
It has 1 children.
Node 2
Label: 99
Branch number: 0
Neighbors: [0, 1, 3]
Backward neighbors: [0]
Backward same labels: []
It has 1 children.
Node 3
Label: 98
Branch number: 0
Neighbors: [2, 4]
Backward neighbors: []
Backward same labels: [1]
It has 1 children.
Node 4
Label: 100
Branch number: 0
Neighbors: [3]
Backward neighbors: []
Backward same labels: []
It has 0 children.
Build Query Tree Time : 0.000705 seconds
================Start matching...======================
Superstep 1 done.Time elapsed: 0.076895 seconds
#msgs: 34624
Superstep 2 done.Time elapsed: 1.76669 seconds
#msgs: 22113
Superstep 3 done.Time elapsed: 0.512648 seconds
#msgs: 12698
Superstep 4 done.Time elapsed: 5.10874 seconds
#msgs: 15481
Superstep 5 done.Time elapsed: 0.695413 seconds
#msgs: 0
Subgraph matching done. 
Communication Time : 1.424850 seconds
- Serialization Time : 0.555114 seconds
- Transfer Time : 0.839594 seconds
Total Computational Time : 8.176117 seconds
Total #msgs=84916, Total #vadd=0
[0][0]: 9.48022
[0][1]: 5.64143
[0][2]: 0.548262
[1][0]: 20.1966
[1][1]: 20.3954
[1][2]: 0
[2][0]: 0.731411
[2][1]: 1.03343
[2][2]: 0.0333767
================Start enumerating...===================
Superstep 1 done.Time elapsed: 0.02175 seconds
#msgs: 0
Subgraph enumeration done. 
Communication Time : 0.004004 seconds
- Serialization Time : 0.000110 seconds
- Transfer Time : 0.003793 seconds
Total Computational Time : 0.038405 seconds
Total #msgs=0, Total #vadd=0
[0][0]: 7.84184e+06
[0][1]: 0.00199461
[0][2]: 0
[1][0]: 0
[1][1]: 0
[1][2]: 0
[2][0]: 0
[2][1]: 0
[2][2]: 0.00721574
================ Final Report ===============
Mapping count: 7.84184e+06
Load time: 39.5903 s.
Dump time: 0 s.
Compute time: 8.21568 s.
Offline time: 42.089 s.
Online time: 8.90907 s.
