Data graph path: /fdu-zyj/labelSK
Query graph path: /fdu-zyj/query/query.txt
Output graph path: /fdu-zyj/output
Partition Method: 
Preprocess Method: 0
Filter Method: 0
Order Method: random
Enumerate Method: 1
=================Start loading data graph ...=====================
Load Graph Time : 36.761186 seconds
=================Start loading query...===================
Worker 0: "hdfs://master:9000/fdu-zyj/query/query.txt" loaded
Communication Time : 0.000110 seconds
- Serialization Time : 0.000008 seconds
- Transfer Time : 0.000101 seconds
Load Query Time : 0.388267 seconds
=================Start building query tree...===================
this->nodes size: 5
Node 0
Label: 97
Branch number: 0
Neighbors: [1, 2]
Backward neighbors: []
Backward same labels: []
It has 1 children.
Node 1
Label: 98
Branch number: 0
Neighbors: [0, 2]
Backward neighbors: []
Backward same labels: []
It has 1 children.
Node 2
Label: 99
Branch number: 0
Neighbors: [0, 1, 3]
Backward neighbors: [0]
Backward same labels: []
It has 1 children.
Node 3
Label: 98
Branch number: 0
Neighbors: [2, 4]
Backward neighbors: []
Backward same labels: [1]
It has 1 children.
Node 4
Label: 100
Branch number: 0
Neighbors: [3]
Backward neighbors: []
Backward same labels: []
It has 0 children.
Build Query Tree Time : 0.000725 seconds
================Start matching...======================
Superstep 1 done.Time elapsed: 0.126791 seconds
#msgs: 34624
Superstep 2 done.Time elapsed: 2.14354 seconds
#msgs: 22113
Superstep 3 done.Time elapsed: 0.681667 seconds
#msgs: 12698
Superstep 4 done.Time elapsed: 6.29514 seconds
#msgs: 15481
Superstep 5 done.Time elapsed: 1.07349 seconds
#msgs: 0
Subgraph matching done. 
Communication Time : 2.341809 seconds
- Serialization Time : 0.772807 seconds
- Transfer Time : 1.497501 seconds
Total Computational Time : 10.347296 seconds
Total #msgs=84916, Total #vadd=0
[0][0]: 9.71979
[0][1]: 5.90879
[0][2]: 0.54682
[1][0]: 21.9914
[1][1]: 22.1921
[1][2]: 0
[2][0]: 0.726379
[2][1]: 1.02685
[2][2]: 0.0175371
================Start enumerating...===================
Superstep 1 done.Time elapsed: 0.0345652 seconds
#msgs: 0
Subgraph enumeration done. 
Communication Time : 0.002216 seconds
- Serialization Time : 0.000058 seconds
- Transfer Time : 0.002098 seconds
Total Computational Time : 0.063300 seconds
Total #msgs=0, Total #vadd=0
[0][0]: 7.84184e+06
[0][1]: 0.00201583
[0][2]: 0
[1][0]: 0
[1][1]: 0
[1][2]: 0
[2][0]: 0
[2][1]: 0
[2][2]: 0.00311613
================ Final Report ===============
Mapping count: 7.84184e+06
Load time: 37.1495 s.
Dump time: 0 s.
Compute time: 10.4118 s.
Offline time: 39.1718 s.
Online time: 11.006 s.
