Data graph path: /fdu-zyj/labelSK
Query graph path: /fdu-zyj/query/query.txt
Output graph path: /fdu-zyj/output
Partition Method: 
Preprocess Method: 0
Filter Method: 0
Order Method: random
Enumerate Method: 1
=================Start loading data graph ...=====================
Load Graph Time : 47.067674 seconds
=================Start loading query...===================
Worker 0: "hdfs://master:9000/fdu-zyj/query/query.txt" loaded
Communication Time : 0.000140 seconds
- Serialization Time : 0.000026 seconds
- Transfer Time : 0.000113 seconds
Load Query Time : 0.621221 seconds
=================Start building query tree...===================
this->nodes size: 5
Node 0
Label: 97
Branch number: 0
Neighbors: [1, 2]
Backward neighbors: []
Backward same labels: []
It has 1 children.
Node 1
Label: 98
Branch number: 0
Neighbors: [0, 2]
Backward neighbors: []
Backward same labels: []
It has 1 children.
Node 2
Label: 99
Branch number: 0
Neighbors: [0, 1, 3]
Backward neighbors: [0]
Backward same labels: []
It has 1 children.
Node 3
Label: 98
Branch number: 0
Neighbors: [2, 4]
Backward neighbors: []
Backward same labels: [1]
It has 1 children.
Node 4
Label: 100
Branch number: 0
Neighbors: [3]
Backward neighbors: []
Backward same labels: []
It has 0 children.
Build Query Tree Time : 0.022498 seconds
================Start matching...======================
Superstep 1 done.Time elapsed: 0.306568 seconds
#msgs: 34624
Superstep 2 done.Time elapsed: 2.57538 seconds
#msgs: 22113
Superstep 3 done.Time elapsed: 0.728369 seconds
#msgs: 12698
Superstep 4 done.Time elapsed: 6.6492 seconds
#msgs: 15481
Superstep 5 done.Time elapsed: 0.917367 seconds
#msgs: 0
Subgraph matching done. 
Communication Time : 3.617734 seconds
- Serialization Time : 0.321002 seconds
- Transfer Time : 3.266140 seconds
Total Computational Time : 11.370975 seconds
Total #msgs=84916, Total #vadd=0
[0][0]: 11.6587
[0][1]: 6.41311
[0][2]: 0.835732
[1][0]: 26.4027
[1][1]: 26.6954
[1][2]: 0
[2][0]: 0.934279
[2][1]: 1.32522
[2][2]: 4.70459
================Start enumerating...===================
Superstep 1 done.Time elapsed: 0.24119 seconds
#msgs: 0
Subgraph enumeration done. 
Communication Time : 0.119050 seconds
- Serialization Time : 0.000275 seconds
- Transfer Time : 0.118539 seconds
Total Computational Time : 0.421382 seconds
Total #msgs=0, Total #vadd=0
[0][0]: 7.84184e+06
[0][1]: 0.00212288
[0][2]: 0
[1][0]: 0
[1][1]: 0
[1][2]: 0
[2][0]: 0
[2][1]: 0
[2][2]: 1.17355
================ Final Report ===============
Mapping count: 7.84184e+06
Load time: 47.6889 s.
Dump time: 0 s.
Compute time: 11.8181 s.
Offline time: 51.1573 s.
Online time: 12.6755 s.
