Data graph path: /fdu-zyj/labelSK
Query graph path: /fdu-zyj/query/query.txt
Output graph path: /fdu-zyj/output
Partition Method: 
Preprocess Method: 0
Filter Method: 0
Order Method: random
Enumerate Method: 1
=================Start loading data graph ...=====================
Load Graph Time : 44.162716 seconds
=================Start loading query...===================
Worker 0: "hdfs://master:9000/fdu-zyj/query/query.txt" loaded
Communication Time : 0.000090 seconds
- Serialization Time : 0.000011 seconds
- Transfer Time : 0.000079 seconds
Load Query Time : 0.423280 seconds
=================Start building query tree...===================
this->nodes size: 5
Node 0
Label: 97
Branch number: 0
Neighbors: [1, 2]
Backward neighbors: []
Backward same labels: []
It has 1 children.
Node 1
Label: 98
Branch number: 0
Neighbors: [0, 2]
Backward neighbors: []
Backward same labels: []
It has 1 children.
Node 2
Label: 99
Branch number: 0
Neighbors: [0, 1, 3]
Backward neighbors: [0]
Backward same labels: []
It has 1 children.
Node 3
Label: 98
Branch number: 0
Neighbors: [2, 4]
Backward neighbors: []
Backward same labels: [1]
It has 1 children.
Node 4
Label: 100
Branch number: 0
Neighbors: [3]
Backward neighbors: []
Backward same labels: []
It has 0 children.
Build Query Tree Time : 0.009234 seconds
================Start matching...======================
Superstep 1 done.Time elapsed: 0.260348 seconds
#msgs: 34624
Superstep 2 done.Time elapsed: 3.20448 seconds
#msgs: 22113
Superstep 3 done.Time elapsed: 0.695352 seconds
#msgs: 12698
Superstep 4 done.Time elapsed: 9.8394 seconds
#msgs: 15481
Superstep 5 done.Time elapsed: 1.61136 seconds
#msgs: 0
Subgraph matching done. 
Communication Time : 1.731605 seconds
- Serialization Time : 0.405824 seconds
- Transfer Time : 1.276920 seconds
Total Computational Time : 15.699909 seconds
Total #msgs=84916, Total #vadd=0
[0][0]: 10.8601
[0][1]: 6.55299
[0][2]: 0.591418
[1][0]: 24.5969
[1][1]: 24.7831
[1][2]: 0
[2][0]: 0.737768
[2][1]: 1.10789
[2][2]: 0.651448
================Start enumerating...===================
Superstep 1 done.Time elapsed: 0.153194 seconds
#msgs: 0
Subgraph enumeration done. 
Communication Time : 0.046553 seconds
- Serialization Time : 0.000095 seconds
- Transfer Time : 0.046390 seconds
Total Computational Time : 0.266366 seconds
Total #msgs=0, Total #vadd=0
[0][0]: 7.84184e+06
[0][1]: 0.00199175
[0][2]: 0
[1][0]: 0
[1][1]: 0
[1][2]: 0
[2][0]: 0
[2][1]: 0
[2][2]: 0.1077
================ Final Report ===============
Mapping count: 7.84184e+06
Load time: 44.586 s.
Dump time: 0 s.
Compute time: 15.9772 s.
Offline time: 48.6451 s.
Online time: 16.6395 s.
