Data graph path: /fdu-zyj/labelSK
Query graph path: /fdu-zyj/query/query.txt
Output graph path: /fdu-zyj/output
Partition Method: 
Preprocess Method: 0
Filter Method: 0
Order Method: random
Enumerate Method: 1
=================Start loading data graph ...=====================
Load Graph Time : 35.644960 seconds
=================Start loading query...===================
Worker 0: "hdfs://master:9000/fdu-zyj/query/query.txt" loaded
Communication Time : 0.000104 seconds
- Serialization Time : 0.000009 seconds
- Transfer Time : 0.000094 seconds
Load Query Time : 0.307598 seconds
=================Start building query tree...===================
this->nodes size: 5
Node 0
Label: 97
Branch number: 0
Neighbors: [1, 2]
Backward neighbors: []
Backward same labels: []
It has 1 children.
Node 1
Label: 98
Branch number: 0
Neighbors: [0, 2]
Backward neighbors: []
Backward same labels: []
It has 1 children.
Node 2
Label: 99
Branch number: 0
Neighbors: [0, 1, 3]
Backward neighbors: [0]
Backward same labels: []
It has 1 children.
Node 3
Label: 98
Branch number: 0
Neighbors: [2, 4]
Backward neighbors: []
Backward same labels: [1]
It has 1 children.
Node 4
Label: 100
Branch number: 0
Neighbors: [3]
Backward neighbors: []
Backward same labels: []
It has 0 children.
Build Query Tree Time : 0.000611 seconds
================Start matching...======================
Superstep 1 done.Time elapsed: 0.150846 seconds
#msgs: 34624
Superstep 2 done.Time elapsed: 2.09165 seconds
#msgs: 22113
Superstep 3 done.Time elapsed: 0.805029 seconds
#msgs: 12698
Superstep 4 done.Time elapsed: 5.80961 seconds
#msgs: 15481
Superstep 5 done.Time elapsed: 1.56243 seconds
#msgs: 0
Subgraph matching done. 
Communication Time : 2.080356 seconds
- Serialization Time : 0.670315 seconds
- Transfer Time : 1.406848 seconds
Total Computational Time : 10.458578 seconds
Total #msgs=84916, Total #vadd=0
[0][0]: 10.0439
[0][1]: 6.1201
[0][2]: 0.560302
[1][0]: 21.6597
[1][1]: 21.8612
[1][2]: 0
[2][0]: 0.751384
[2][1]: 1.05193
[2][2]: 0.0108848
================Start enumerating...===================
Superstep 1 done.Time elapsed: 0.0477219 seconds
#msgs: 0
Subgraph enumeration done. 
Communication Time : 0.002027 seconds
- Serialization Time : 0.000049 seconds
- Transfer Time : 0.001962 seconds
Total Computational Time : 0.088049 seconds
Total #msgs=0, Total #vadd=0
[0][0]: 7.84184e+06
[0][1]: 0.00207591
[0][2]: 0
[1][0]: 0
[1][1]: 0
[1][2]: 0
[2][0]: 0
[2][1]: 0
[2][2]: 0.00179291
================ Final Report ===============
Mapping count: 7.84184e+06
Load time: 35.9526 s.
Dump time: 0 s.
Compute time: 10.5477 s.
Offline time: 38.0524 s.
Online time: 11.0917 s.
