Data graph path: /g-thinker/newdata/youtube_f.txt
Query graph path: /fdu-zyj/query/queryd.txt
Output graph path: /fdu-zyj/output
Partition Method: 
Preprocess Method: 0
Filter Method: 0
Order Method: random
Enumerate Method: 1
=================Start loading data graph ...=====================
Load Graph Time : 16.007480 seconds
=================Start loading query...===================
Worker 0: "hdfs://master:9000/fdu-zyj/query/queryd.txt" loaded
Communication Time : 0.000107 seconds
- Serialization Time : 0.000007 seconds
- Transfer Time : 0.000099 seconds
Load Query Time : 0.595595 seconds
=================Start building query tree...===================
this->nodes size: 4
Node 0
Label: 97
Branch number: 0
Neighbors: [1, 2, 3]
Backward neighbors: []
Backward same labels: []
It has 1 children.
Node 1
Label: 98
Branch number: 0
Neighbors: [0, 2, 3]
Backward neighbors: []
Backward same labels: []
It has 1 children.
Node 2
Label: 99
Branch number: 0
Neighbors: [0, 1, 3]
Backward neighbors: [0]
Backward same labels: []
It has 1 children.
Node 3
Label: 100
Branch number: 0
Neighbors: [0, 1, 2]
Backward neighbors: [0, 1]
Backward same labels: []
It has 0 children.
Build Query Tree Time : 0.000665 seconds
================Start matching...======================
Superstep 1 done.Time elapsed: 0.0937121 seconds
#msgs: 122246
Superstep 2 done.Time elapsed: 3.16226 seconds
#msgs: 87234
Superstep 3 done.Time elapsed: 6.0243 seconds
#msgs: 54060
Superstep 4 done.Time elapsed: 0.233669 seconds
#msgs: 0
Subgraph matching done. 
Communication Time : 2.734664 seconds
- Serialization Time : 0.400972 seconds
- Transfer Time : 2.293732 seconds
Total Computational Time : 9.525635 seconds
Total #msgs=263540, Total #vadd=0
[0][0]: 4.61937
[0][1]: 0.752036
[0][2]: 0.109423
[1][0]: 18.3896
[1][1]: 18.5275
[1][2]: 0
[2][0]: 0.875031
[2][1]: 0.0616858
[2][2]: 0.0294073
================Start enumerating...===================
Superstep 1 done.Time elapsed: 0.0157878 seconds
#msgs: 0
Subgraph enumeration done. 
Communication Time : 0.003770 seconds
- Serialization Time : 0.000107 seconds
- Transfer Time : 0.003600 seconds
Total Computational Time : 0.026288 seconds
Total #msgs=0, Total #vadd=0
[0][0]: 48170
[0][1]: 0.000703335
[0][2]: 0
[1][0]: 0
[1][1]: 0
[1][2]: 0
[2][0]: 0
[2][1]: 0
[2][2]: 0.00589967
================ Final Report ===============
Mapping count: 48170
Load time: 16.6031 s.
Dump time: 0 s.
Compute time: 9.55311 s.
Offline time: 18.9064 s.
Online time: 10.3363 s.
