Data graph path: /fdu-zyj/labelyou
Query graph path: /fdu-zyj/query/queryd.txt
Output graph path: /fdu-zyj/output
Partition Method: 
Preprocess Method: 0
Filter Method: 1
Order Method: candidate
Enumerate Method: 1
=================Start loading data graph ...=====================
Load Graph Time : 16.011117 seconds
=================Start loading query...===================
Worker 0: "hdfs://master:9000/fdu-zyj/query/queryd.txt" loaded
Communication Time : 0.000125 seconds
- Serialization Time : 0.000008 seconds
- Transfer Time : 0.000117 seconds
Load Query Time : 0.375350 seconds
================Start filtering...=================
Superstep 1 done.Time elapsed: 0.502398 seconds
#msgs: 789491
Superstep 2 done.Time elapsed: 0.111752 seconds
#msgs: 35139
Superstep 3 done.Time elapsed: 0.039701 seconds
#msgs: 3170
Superstep 4 done.Time elapsed: 0.0134978 seconds
#msgs: 907
Superstep 5 done.Time elapsed: 0.0128622 seconds
#msgs: 268
Superstep 6 done.Time elapsed: 0.0141129 seconds
#msgs: 65
Superstep 7 done.Time elapsed: 0.0125718 seconds
#msgs: 17
Superstep 8 done.Time elapsed: 0.010426 seconds
#msgs: 7
Superstep 9 done.Time elapsed: 0.00987601 seconds
#msgs: 11
Superstep 10 done.Time elapsed: 0.0103419 seconds
#msgs: 12
Superstep 11 done.Time elapsed: 0.00882983 seconds
#msgs: 0
Candidate filtering done.
Communication Time : 0.129176 seconds
- Serialization Time : 0.033136 seconds
- Transfer Time : 0.086575 seconds
Total Computational Time : 0.810747 seconds
Total #msgs=829087, Total #vadd=0
=================Start building query tree...===================
this->nodes size: 4
Node 3
Label: 100
Branch number: 0
Neighbors: [0, 1, 2]
Backward neighbors: []
Backward same labels: []
It has 1 children.
Node 1
Label: 98
Branch number: 0
Neighbors: [0, 2, 3]
Backward neighbors: []
Backward same labels: []
It has 1 children.
Node 0
Label: 97
Branch number: 0
Neighbors: [1, 2, 3]
Backward neighbors: [0]
Backward same labels: []
It has 1 children.
Node 2
Label: 99
Branch number: 0
Neighbors: [0, 1, 3]
Backward neighbors: [1, 0]
Backward same labels: []
It has 0 children.
Build Query Tree Time : 0.002686 seconds
================Start matching...======================
Superstep 1 done.Time elapsed: 0.0463798 seconds
#msgs: 1144
Superstep 2 done.Time elapsed: 0.0140002 seconds
#msgs: 1189
Superstep 3 done.Time elapsed: 0.0126059 seconds
#msgs: 822
Superstep 4 done.Time elapsed: 0.0114882 seconds
#msgs: 0
Subgraph matching done. 
Communication Time : 0.018255 seconds
- Serialization Time : 0.001060 seconds
- Transfer Time : 0.016878 seconds
Total Computational Time : 0.099119 seconds
Total #msgs=3155, Total #vadd=0
[0][0]: 0.0157869
[0][1]: 0.0173292
[0][2]: 0.0291643
[1][0]: 0.357007
[1][1]: 0.532388
[1][2]: 0
[2][0]: 0.000852346
[2][1]: 0.000715017
[2][2]: 0.0278919
================Start enumerating...===================
Superstep 1 done.Time elapsed: 0.0168459 seconds
#msgs: 0
Subgraph enumeration done. 
Communication Time : 0.004259 seconds
- Serialization Time : 0.000083 seconds
- Transfer Time : 0.004084 seconds
Total Computational Time : 0.029790 seconds
Total #msgs=0, Total #vadd=0
[0][0]: 227
[0][1]: 5.98431e-05
[0][2]: 0
[1][0]: 0
[1][1]: 0
[1][2]: 0
[2][0]: 0
[2][1]: 0
[2][2]: 0.00590253
================ Final Report ===============
Mapping count: 227
Load time: 16.3865 s.
Dump time: 0 s.
Compute time: 0.942837 s.
Offline time: 19.0551 s.
Online time: 1.64413 s.
