Data graph path: /g-thinker/newdata/youtube_f.txt
Query graph path: /fdu-zyj/query/query.txt
Output graph path: /fdu-zyj/output
Partition Method: 
Preprocess Method: 0
Filter Method: 0
Order Method: degree
Enumerate Method: 1
=================Start loading data graph ...=====================
Load Graph Time : 16.016768 seconds
=================Start loading query...===================
Worker 0: "hdfs://master:9000/fdu-zyj/query/query.txt" loaded
Communication Time : 0.000117 seconds
- Serialization Time : 0.000009 seconds
- Transfer Time : 0.000108 seconds
Load Query Time : 0.378932 seconds
=================Start building query tree...===================
this->nodes size: 5
Node 2
Label: 99
Branch number: 1
Neighbors: [0, 1, 3]
Backward neighbors: []
Backward same labels: []
It has 2 children.
Node 0
Label: 97
Branch number: 1
Neighbors: [1, 2]
Backward neighbors: []
Backward same labels: []
It has 1 children.
Node 1
Label: 98
Branch number: 1
Neighbors: [0, 2]
Backward neighbors: [0]
Backward same labels: []
It has 0 children.
Node 3
Label: 98
Branch number: 1
Neighbors: [2, 4]
Backward neighbors: []
Backward same labels: [2]
It has 1 children.
Node 4
Label: 100
Branch number: 1
Neighbors: [3]
Backward neighbors: []
Backward same labels: []
It has 0 children.
Build Query Tree Time : 0.000727 seconds
================Start matching...======================
Superstep 1 done.Time elapsed: 0.178221 seconds
#msgs: 244204
Superstep 2 done.Time elapsed: 3.62778 seconds
#msgs: 174028
Superstep 3 done.Time elapsed: 0.512495 seconds
#msgs: 0
Subgraph matching done. 
Communication Time : 1.141125 seconds
- Serialization Time : 0.241229 seconds
- Transfer Time : 0.883191 seconds
Total Computational Time : 4.330693 seconds
Total #msgs=418232, Total #vadd=161265
[0][0]: 6.80605
[0][1]: 3.32911
[0][2]: 0.817878
[1][0]: 16.503
[1][1]: 16.6461
[1][2]: 0
[2][0]: 0.677989
[2][1]: 0.79952
[2][2]: 0.0299084
================Start enumerating...===================
Superstep 1 done.Time elapsed: 2.46362 seconds
#msgs: 6019001
Superstep 2 done.Time elapsed: 17.7875 seconds
#msgs: 0
Subgraph enumeration done. 
Communication Time : 0.959813 seconds
- Serialization Time : 0.383818 seconds
- Transfer Time : 0.495375 seconds
Total Computational Time : 20.264108 seconds
Total #msgs=6019001, Total #vadd=0
[0][0]: 1.00402e+08
[0][1]: 98.8023
[0][2]: 0
[1][0]: 15.1863
[1][1]: 77.844
[1][2]: 0
[2][0]: 0
[2][1]: 0
[2][2]: 0.0152748
================ Final Report ===============
Mapping count: 1.00402e+08
Load time: 16.3957 s.
Dump time: 0 s.
Compute time: 24.5961 s.
Offline time: 19.3592 s.
Online time: 25.2859 s.
