Data graph path: /fdu-zyj/labelyou
Query graph path: /fdu-zyj/query/query.txt
Output graph path: /fdu-zyj/output
Partition Method: 
Preprocess Method: 0
Filter Method: 0
Order Method: degree
Enumerate Method: 1
=================Start loading data graph ...=====================
Load Graph Time : 16.047158 seconds
=================Start loading query...===================
Worker 0: "hdfs://master:9000/fdu-zyj/query/query.txt" loaded
Communication Time : 0.000111 seconds
- Serialization Time : 0.000008 seconds
- Transfer Time : 0.000103 seconds
Load Query Time : 0.540781 seconds
=================Start building query tree...===================
this->nodes size: 5
Node 2
Label: 99
Branch number: 1
Neighbors: [0, 1, 3]
Backward neighbors: []
Backward same labels: []
It has 2 children.
Node 0
Label: 97
Branch number: 1
Neighbors: [1, 2]
Backward neighbors: []
Backward same labels: []
It has 1 children.
Node 1
Label: 98
Branch number: 1
Neighbors: [0, 2]
Backward neighbors: [0]
Backward same labels: []
It has 0 children.
Node 3
Label: 98
Branch number: 1
Neighbors: [2, 4]
Backward neighbors: []
Backward same labels: [2]
It has 1 children.
Node 4
Label: 100
Branch number: 1
Neighbors: [3]
Backward neighbors: []
Backward same labels: []
It has 0 children.
Build Query Tree Time : 0.000712 seconds
================Start matching...======================
Superstep 1 done.Time elapsed: 0.0745771 seconds
#msgs: 18541
Superstep 2 done.Time elapsed: 0.079931 seconds
#msgs: 9778
Superstep 3 done.Time elapsed: 0.03706 seconds
#msgs: 0
Subgraph matching done. 
Communication Time : 0.064128 seconds
- Serialization Time : 0.007870 seconds
- Transfer Time : 0.055057 seconds
Total Computational Time : 0.210564 seconds
Total #msgs=28319, Total #vadd=43597
[0][0]: 0.143101
[0][1]: 0.0790153
[0][2]: 0.141435
[1][0]: 0.514412
[1][1]: 0.645442
[1][2]: 0
[2][0]: 0.0136509
[2][1]: 0.0176759
[2][2]: 0.02757
================Start enumerating...===================
Superstep 1 done.Time elapsed: 0.084532 seconds
#msgs: 100085
Superstep 2 done.Time elapsed: 0.0966899 seconds
#msgs: 0
Subgraph enumeration done. 
Communication Time : 0.058876 seconds
- Serialization Time : 0.015181 seconds
- Transfer Time : 0.041825 seconds
Total Computational Time : 0.201552 seconds
Total #msgs=100085, Total #vadd=0
[0][0]: 238901
[0][1]: 0.531641
[0][2]: 0
[1][0]: 0.260537
[1][1]: 0.19115
[1][2]: 0
[2][0]: 0
[2][1]: 0
[2][2]: 0.0132177
================ Final Report ===============
Mapping count: 238901
Load time: 16.5879 s.
Dump time: 0 s.
Compute time: 0.413247 s.
Offline time: 19.3756 s.
Online time: 1.15591 s.
