Data graph path: /g-thinker/newdata/youtube_f.txt
Query graph path: /fdu-zyj/query/querys.txt
Output graph path: /fdu-zyj/output
Partition Method: 
Preprocess Method: 0
Filter Method: 0
Order Method: random
Enumerate Method: 1
=================Start loading data graph ...=====================
Load Graph Time : 16.010950 seconds
=================Start loading query...===================
Worker 0: "hdfs://master:9000/fdu-zyj/query/querys.txt" loaded
Communication Time : 0.000134 seconds
- Serialization Time : 0.000025 seconds
- Transfer Time : 0.000108 seconds
Load Query Time : 0.425970 seconds
=================Start building query tree...===================
this->nodes size: 4
Node 0
Label: 97
Branch number: 1
Neighbors: [1, 2, 3]
Backward neighbors: []
Backward same labels: []
It has 3 children.
Node 1
Label: 98
Branch number: 1
Neighbors: [0]
Backward neighbors: []
Backward same labels: []
It has 0 children.
Node 2
Label: 99
Branch number: 1
Neighbors: [0]
Backward neighbors: []
Backward same labels: []
It has 0 children.
Node 3
Label: 100
Branch number: 1
Neighbors: [0]
Backward neighbors: []
Backward same labels: []
It has 0 children.
Build Query Tree Time : 0.000594 seconds
================Start matching...======================
Superstep 1 done.Time elapsed: 0.214213 seconds
#msgs: 365853
Superstep 2 done.Time elapsed: 0.0487931 seconds
#msgs: 0
Subgraph matching done. 
Communication Time : 0.058324 seconds
- Serialization Time : 0.024179 seconds
- Transfer Time : 0.032084 seconds
Total Computational Time : 0.281694 seconds
Total #msgs=365853, Total #vadd=161833
[0][0]: 0.469227
[0][1]: 0.299198
[0][2]: 0.461052
[1][0]: 1.79321
[1][1]: 1.9318
[1][2]: 0
[2][0]: 0.0216765
[2][1]: 0.0605929
[2][2]: 0.0250969
================Start enumerating...===================
Superstep 1 done.Time elapsed: 0.175104 seconds
#msgs: 365853
Fatal error in PMPI_Recv: Unknown error class, error stack:
PMPI_Recv(171)........................: MPI_Recv(buf=0x7fff2615e6f8, count=8, MPI_CHAR, src=3, tag=0, MPI_COMM_WORLD, status=0x1) failed
MPIDU_Complete_posted_with_error(1137): Process failed