Data graph path: /fdu-zyj/labelSK
Query graph path: /fdu-zyj/query/queryd.txt
Output graph path: /fdu-zyj/output
Partition Method: 
Preprocess Method: 0
Filter Method: 0
Order Method: random
Enumerate Method: 1
=================Start loading data graph ...=====================
Load Graph Time : 38.256101 seconds
=================Start loading query...===================
Worker 0: "hdfs://master:9000/fdu-zyj/query/queryd.txt" loaded
Communication Time : 0.000135 seconds
- Serialization Time : 0.000027 seconds
- Transfer Time : 0.000106 seconds
Load Query Time : 0.576252 seconds
=================Start building query tree...===================
this->nodes size: 4
Node 0
Label: 97
Branch number: 0
Neighbors: [1, 2, 3]
Backward neighbors: []
Backward same labels: []
It has 1 children.
Node 1
Label: 98
Branch number: 0
Neighbors: [0, 2, 3]
Backward neighbors: []
Backward same labels: []
It has 1 children.
Node 2
Label: 99
Branch number: 0
Neighbors: [0, 1, 3]
Backward neighbors: [0]
Backward same labels: []
It has 1 children.
Node 3
Label: 100
Branch number: 0
Neighbors: [0, 1, 2]
Backward neighbors: [0, 1]
Backward same labels: []
It has 0 children.
Build Query Tree Time : 0.000689 seconds
================Start matching...======================
Superstep 1 done.Time elapsed: 0.0774269 seconds
#msgs: 34624
Superstep 2 done.Time elapsed: 1.79088 seconds
#msgs: 22113
Superstep 3 done.Time elapsed: 0.516849 seconds
#msgs: 10216
Superstep 4 done.Time elapsed: 0.028152 seconds
#msgs: 0
Subgraph matching done. 
Communication Time : 0.549169 seconds
- Serialization Time : 0.184204 seconds
- Transfer Time : 0.336149 seconds
Total Computational Time : 2.430026 seconds
Total #msgs=66953, Total #vadd=0
[0][0]: 1.21399
[0][1]: 0.183071
[0][2]: 0.0411029
[1][0]: 4.34544
[1][1]: 4.54437
[1][2]: 0
[2][0]: 0.238747
[2][1]: 0.0147867
[2][2]: 0.0308566
================Start enumerating...===================
Superstep 1 done.Time elapsed: 0.0233161 seconds
#msgs: 0
Subgraph enumeration done. 
Communication Time : 0.003863 seconds
- Serialization Time : 0.000110 seconds
- Transfer Time : 0.003616 seconds
Total Computational Time : 0.040674 seconds
Total #msgs=0, Total #vadd=0
[0][0]: 9102
[0][1]: 0.000294685
[0][2]: 0
[1][0]: 0
[1][1]: 0
[1][2]: 0
[2][0]: 0
[2][1]: 0
[2][2]: 0.00621486
================ Final Report ===============
Mapping count: 9102
Load time: 38.8324 s.
Dump time: 0 s.
Compute time: 2.4718 s.
Offline time: 41.283 s.
Online time: 3.28534 s.
