Data graph path: /fdu-zyj/labelyou
Query graph path: /fdu-zyj/query/querys5.txt
Output graph path: /fdu-zyj/output
Partition Method: 
Preprocess Method: 0
Filter Method: 0
Order Method: random
Enumerate Method: 1
=================Start loading data graph ...=====================
Load Graph Time : 15.964127 seconds
=================Start loading query...===================
Worker 0: "hdfs://master:9000/fdu-zyj/query/querys5.txt" loaded
Communication Time : 0.000137 seconds
- Serialization Time : 0.000028 seconds
- Transfer Time : 0.000109 seconds
Load Query Time : 0.476840 seconds
=================Start building query tree...===================
this->nodes size: 5
Node 0
Label: 97
Branch number: 1
Neighbors: [1, 2, 3, 4]
Backward neighbors: []
Backward same labels: []
It has 4 children.
Node 1
Label: 98
Branch number: 1
Neighbors: [0]
Backward neighbors: []
Backward same labels: []
It has 0 children.
Node 2
Label: 99
Branch number: 1
Neighbors: [0]
Backward neighbors: []
Backward same labels: []
It has 0 children.
Node 3
Label: 100
Branch number: 1
Neighbors: [0]
Backward neighbors: []
Backward same labels: []
It has 0 children.
Node 4
Label: 99
Branch number: 1
Neighbors: [0]
Backward neighbors: []
Backward same labels: [1]
It has 0 children.
Build Query Tree Time : 0.001139 seconds
================Start matching...======================
Superstep 1 done.Time elapsed: 0.060024 seconds
#msgs: 36347
Superstep 2 done.Time elapsed: 0.0144732 seconds
#msgs: 0
Subgraph matching done. 
Communication Time : 0.014738 seconds
- Serialization Time : 0.002579 seconds
- Transfer Time : 0.011352 seconds
Total Computational Time : 0.086682 seconds
Total #msgs=36347, Total #vadd=43429
[0][0]: 0.0796902
[0][1]: 0.0516827
[0][2]: 0.164939
[1][0]: 0.323364
[1][1]: 0.453529
[1][2]: 0
[2][0]: 0.00438929
[2][1]: 0.0103381
[2][2]: 0.0145681
================Start enumerating...===================
Superstep 1 done.Time elapsed: 0.048224 seconds
#msgs: 73503
Superstep 2 done.Time elapsed: 0.0121539 seconds
#msgs: 0
Subgraph enumeration done. 
Communication Time : 0.020520 seconds
- Serialization Time : 0.005891 seconds
- Transfer Time : 0.013660 seconds
Total Computational Time : 0.077227 seconds
Total #msgs=73503, Total #vadd=0
[0][0]: 0
[0][1]: 0.220019
[0][2]: 0
[1][0]: 0.170592
[1][1]: 0
[1][2]: 0
[2][0]: 0
[2][1]: 0
[2][2]: 0.0165141
================ Final Report ===============
Mapping count: 0
Load time: 16.441 s.
Dump time: 0 s.
Compute time: 0.165455 s.
Offline time: 18.7814 s.
Online time: 0.826384 s.
