Data graph path: /g-thinker/newdata/youtube_f.txt
Query graph path: /fdu-zyj/query/queryd.txt
Output graph path: /fdu-zyj/output
Partition Method: 
Preprocess Method: 0
Filter Method: 1
Order Method: candidate
Enumerate Method: 1
=================Start loading data graph ...=====================
Load Graph Time : 16.688640 seconds
=================Start loading query...===================
Worker 0: "hdfs://master:9000/fdu-zyj/query/queryd.txt" loaded
Communication Time : 0.000111 seconds
- Serialization Time : 0.000010 seconds
- Transfer Time : 0.000101 seconds
Load Query Time : 0.492627 seconds
================Start filtering...=================
Superstep 1 done.Time elapsed: 0.982453 seconds
#msgs: 2845259
Superstep 2 done.Time elapsed: 0.496188 seconds
#msgs: 253790
Superstep 3 done.Time elapsed: 0.109126 seconds
#msgs: 27138
Superstep 4 done.Time elapsed: 0.0219009 seconds
#msgs: 6581
Superstep 5 done.Time elapsed: 0.012706 seconds
#msgs: 1829
Superstep 6 done.Time elapsed: 0.010709 seconds
#msgs: 627
Superstep 7 done.Time elapsed: 0.00969505 seconds
#msgs: 230
Superstep 8 done.Time elapsed: 0.0137701 seconds
#msgs: 69
Superstep 9 done.Time elapsed: 0.00939393 seconds
#msgs: 24
Superstep 10 done.Time elapsed: 0.00880694 seconds
#msgs: 5
Superstep 11 done.Time elapsed: 0.00873518 seconds
#msgs: 0
Candidate filtering done.
Communication Time : 0.336653 seconds
- Serialization Time : 0.117847 seconds
- Transfer Time : 0.192555 seconds
Total Computational Time : 1.752905 seconds
Total #msgs=3135552, Total #vadd=0
=================Start building query tree...===================
this->nodes size: 4
Node 3
Label: 100
Branch number: 0
Neighbors: [0, 1, 2]
Backward neighbors: []
Backward same labels: []
It has 1 children.
Node 1
Label: 98
Branch number: 0
Neighbors: [0, 2, 3]
Backward neighbors: []
Backward same labels: []
It has 1 children.
Node 2
Label: 99
Branch number: 0
Neighbors: [0, 1, 3]
Backward neighbors: [0]
Backward same labels: []
It has 1 children.
Node 0
Label: 97
Branch number: 0
Neighbors: [1, 2, 3]
Backward neighbors: [1, 0]
Backward same labels: []
It has 0 children.
Build Query Tree Time : 0.000823 seconds
================Start matching...======================
Superstep 1 done.Time elapsed: 0.096698 seconds
#msgs: 41091
Superstep 2 done.Time elapsed: 0.420963 seconds
#msgs: 42580
Superstep 3 done.Time elapsed: 2.63175 seconds
#msgs: 34656
Superstep 4 done.Time elapsed: 0.129743 seconds
#msgs: 0
Subgraph matching done. 
Communication Time : 0.879015 seconds
- Serialization Time : 0.191586 seconds
- Transfer Time : 0.657707 seconds
Total Computational Time : 3.289790 seconds
Total #msgs=118327, Total #vadd=0
[0][0]: 1.8593
[0][1]: 0.378017
[0][2]: 0.118788
[1][0]: 9.27161
[1][1]: 9.44455
[1][2]: 0
[2][0]: 0.310272
[2][1]: 0.0429838
[2][2]: 0.034287
================Start enumerating...===================
Superstep 1 done.Time elapsed: 0.0153091 seconds
#msgs: 0
Subgraph enumeration done. 
Communication Time : 0.003842 seconds
- Serialization Time : 0.000099 seconds
- Transfer Time : 0.003657 seconds
Total Computational Time : 0.026052 seconds
Total #msgs=0, Total #vadd=0
[0][0]: 48170
[0][1]: 0.000684023
[0][2]: 0
[1][0]: 0
[1][1]: 0
[1][2]: 0
[2][0]: 0
[2][1]: 0
[2][2]: 0.00606585
================ Final Report ===============
Mapping count: 48170
Load time: 17.1813 s.
Dump time: 0 s.
Compute time: 5.07003 s.
Offline time: 19.7637 s.
Online time: 5.78322 s.
