Data graph path: /g-thinker/newdata/youtube_f.txt
Query graph path: /fdu-zyj/query/query.txt
Output graph path: /fdu-zyj/output
Partition Method: 
Preprocess Method: 0
Filter Method: 1
Order Method: candidate
Enumerate Method: 1
=================Start loading data graph ...=====================
Load Graph Time : 15.990345 seconds
=================Start loading query...===================
Worker 0: "hdfs://master:9000/fdu-zyj/query/query.txt" loaded
Communication Time : 0.000113 seconds
- Serialization Time : 0.000009 seconds
- Transfer Time : 0.000104 seconds
Load Query Time : 0.340800 seconds
================Start filtering...=================
Superstep 1 done.Time elapsed: 1.0497 seconds
#msgs: 3088327
Superstep 2 done.Time elapsed: 0.557522 seconds
#msgs: 167867
Superstep 3 done.Time elapsed: 0.091742 seconds
#msgs: 17812
Superstep 4 done.Time elapsed: 0.022069 seconds
#msgs: 4971
Superstep 5 done.Time elapsed: 0.0137832 seconds
#msgs: 1025
Superstep 6 done.Time elapsed: 0.0130761 seconds
#msgs: 297
Superstep 7 done.Time elapsed: 0.0116 seconds
#msgs: 152
Superstep 8 done.Time elapsed: 0.024045 seconds
#msgs: 17
Superstep 9 done.Time elapsed: 0.0217359 seconds
#msgs: 1
Superstep 10 done.Time elapsed: 0.00912905 seconds
#msgs: 0
Candidate filtering done.
Communication Time : 0.389891 seconds
- Serialization Time : 0.134219 seconds
- Transfer Time : 0.229523 seconds
Total Computational Time : 1.891801 seconds
Total #msgs=3280469, Total #vadd=0
=================Start building query tree...===================
this->nodes size: 5
Node 2
Label: 99
Branch number: 1
Neighbors: [0, 1, 3]
Backward neighbors: []
Backward same labels: []
It has 2 children.
Node 1
Label: 98
Branch number: 1
Neighbors: [0, 2]
Backward neighbors: []
Backward same labels: []
It has 1 children.
Node 0
Label: 97
Branch number: 1
Neighbors: [1, 2]
Backward neighbors: [0]
Backward same labels: []
It has 0 children.
Node 3
Label: 98
Branch number: 1
Neighbors: [2, 4]
Backward neighbors: []
Backward same labels: [1]
It has 1 children.
Node 4
Label: 100
Branch number: 1
Neighbors: [3]
Backward neighbors: []
Backward same labels: []
It has 0 children.
Build Query Tree Time : 0.000681 seconds
================Start matching...======================
Superstep 1 done.Time elapsed: 0.211487 seconds
#msgs: 113694
Superstep 2 done.Time elapsed: 1.05478 seconds
#msgs: 57140
Superstep 3 done.Time elapsed: 0.0918529 seconds
#msgs: 0
Subgraph matching done. 
Communication Time : 0.428536 seconds
- Serialization Time : 0.112352 seconds
- Transfer Time : 0.312713 seconds
Total Computational Time : 1.371352 seconds
Total #msgs=170834, Total #vadd=148843
[0][0]: 1.45206
[0][1]: 0.339748
[0][2]: 0.377
[1][0]: 7.1008
[1][1]: 7.27295
[1][2]: 0
[2][0]: 0.232183
[2][1]: 0.0494845
[2][2]: 0.0321369
================Start enumerating...===================
Superstep 1 done.Time elapsed: 0.0652459 seconds
#msgs: 107961
Superstep 2 done.Time elapsed: 0.0153229 seconds
#msgs: 0
Subgraph enumeration done. 
Communication Time : 0.026351 seconds
- Serialization Time : 0.008931 seconds
- Transfer Time : 0.015606 seconds
Total Computational Time : 0.092876 seconds
Total #msgs=107961, Total #vadd=0
[0][0]: 0
[0][1]: 0.321424
[0][2]: 0
[1][0]: 0.251167
[1][1]: 0
[1][2]: 0
[2][0]: 0
[2][1]: 0
[2][2]: 0.0123782
================ Final Report ===============
Mapping count: 0
Load time: 16.3311 s.
Dump time: 0 s.
Compute time: 3.35723 s.
Offline time: 19.0186 s.
Online time: 4.01729 s.
