Data graph path: /fdu-zyj/labelyou
Query graph path: /fdu-zyj/query/query.txt
Output graph path: /fdu-zyj/output
Partition Method: 
Preprocess Method: 0
Filter Method: 0
Order Method: random
Enumerate Method: 1
=================Start loading data graph ...=====================
Load Graph Time : 16.072309 seconds
=================Start loading query...===================
Worker 0: "hdfs://master:9000/fdu-zyj/query/query.txt" loaded
Communication Time : 0.000134 seconds
- Serialization Time : 0.000024 seconds
- Transfer Time : 0.000108 seconds
Load Query Time : 0.450027 seconds
=================Start building query tree...===================
this->nodes size: 5
Node 0
Label: 97
Branch number: 0
Neighbors: [1, 2]
Backward neighbors: []
Backward same labels: []
It has 1 children.
Node 1
Label: 98
Branch number: 0
Neighbors: [0, 2]
Backward neighbors: []
Backward same labels: []
It has 1 children.
Node 2
Label: 99
Branch number: 0
Neighbors: [0, 1, 3]
Backward neighbors: [0]
Backward same labels: []
It has 1 children.
Node 3
Label: 98
Branch number: 0
Neighbors: [2, 4]
Backward neighbors: []
Backward same labels: [1]
It has 1 children.
Node 4
Label: 100
Branch number: 0
Neighbors: [3]
Backward neighbors: []
Backward same labels: []
It has 0 children.
Build Query Tree Time : 0.000704 seconds
================Start matching...======================
Superstep 1 done.Time elapsed: 0.0373559 seconds
#msgs: 8620
Superstep 2 done.Time elapsed: 0.0412941 seconds
#msgs: 5023
Superstep 3 done.Time elapsed: 0.0300128 seconds
#msgs: 2798
Superstep 4 done.Time elapsed: 0.0802979 seconds
#msgs: 3187
Superstep 5 done.Time elapsed: 0.0290129 seconds
#msgs: 0
Subgraph matching done. 
Communication Time : 0.064059 seconds
- Serialization Time : 0.014978 seconds
- Transfer Time : 0.047813 seconds
Total Computational Time : 0.229439 seconds
Total #msgs=19628, Total #vadd=0
[0][0]: 0.295642
[0][1]: 0.168229
[0][2]: 0.0431125
[1][0]: 0.718784
[1][1]: 0.850887
[1][2]: 0
[2][0]: 0.0256305
[2][1]: 0.0382903
[2][2]: 0.0313499
================Start enumerating...===================
Superstep 1 done.Time elapsed: 0.0178289 seconds
#msgs: 0
Subgraph enumeration done. 
Communication Time : 0.004511 seconds
- Serialization Time : 0.000106 seconds
- Transfer Time : 0.004311 seconds
Total Computational Time : 0.029313 seconds
Total #msgs=0, Total #vadd=0
[0][0]: 238901
[0][1]: 0.000582457
[0][2]: 0
[1][0]: 0
[1][1]: 0
[1][2]: 0
[2][0]: 0
[2][1]: 0
[2][2]: 0.00591874
================ Final Report ===============
Mapping count: 238901
Load time: 16.5223 s.
Dump time: 0 s.
Compute time: 0.259869 s.
Offline time: 19.2083 s.
Online time: 1.13662 s.
