Data graph path: /g-thinker/newdata/skitter_f.txt
Query graph path: /fdu-zyj/query/query.txt
Output graph path: /fdu-zyj/output
Partition Method: 
Preprocess Method: 0
Filter Method: 0
Order Method: random
Enumerate Method: 1
=================Start loading data graph ...=====================
Load Graph Time : 38.492780 seconds
=================Start loading query...===================
Worker 0: "hdfs://master:9000/fdu-zyj/query/query.txt" loaded
Communication Time : 0.000119 seconds
- Serialization Time : 0.000026 seconds
- Transfer Time : 0.000093 seconds
Load Query Time : 0.312526 seconds
=================Start building query tree...===================
this->nodes size: 5
Node 0
Label: 97
Branch number: 0
Neighbors: [1, 2]
Backward neighbors: []
Backward same labels: []
It has 1 children.
Node 1
Label: 98
Branch number: 0
Neighbors: [0, 2]
Backward neighbors: []
Backward same labels: []
It has 1 children.
Node 2
Label: 99
Branch number: 0
Neighbors: [0, 1, 3]
Backward neighbors: [0]
Backward same labels: []
It has 1 children.
Node 3
Label: 98
Branch number: 0
Neighbors: [2, 4]
Backward neighbors: []
Backward same labels: [1]
It has 1 children.
Node 4
Label: 100
Branch number: 0
Neighbors: [3]
Backward neighbors: []
Backward same labels: []
It has 0 children.
Build Query Tree Time : 0.000709 seconds
================Start matching...======================
Superstep 1 done.Time elapsed: 0.228487 seconds
#msgs: 455069
Superstep 2 done.Time elapsed: 40.4657 seconds
#msgs: 382264
Superstep 3 done.Time elapsed: 141.551 seconds
#msgs: 303933
Fatal error in PMPI_Recv: Unknown error class, error stack:
PMPI_Recv(171)........................: MPI_Recv(buf=0x7ffcfcaf2158, count=8, MPI_CHAR, src=1, tag=0, MPI_COMM_WORLD, status=0x1) failed
MPIDU_Complete_posted_with_error(1137): Process failed