Data graph path: /fdu-zyj/labelyou
Query graph path: /fdu-zyj/query/queryd.txt
Output graph path: /fdu-zyj/output
Partition Method: 
Preprocess Method: 0
Filter Method: 0
Order Method: degree
Enumerate Method: 1
=================Start loading data graph ...=====================
Load Graph Time : 16.165372 seconds
=================Start loading query...===================
Worker 0: "hdfs://master:9000/fdu-zyj/query/queryd.txt" loaded
Communication Time : 0.000122 seconds
- Serialization Time : 0.000026 seconds
- Transfer Time : 0.000095 seconds
Load Query Time : 0.493649 seconds
=================Start building query tree...===================
this->nodes size: 4
Node 0
Label: 97
Branch number: 0
Neighbors: [1, 2, 3]
Backward neighbors: []
Backward same labels: []
It has 1 children.
Node 1
Label: 98
Branch number: 0
Neighbors: [0, 2, 3]
Backward neighbors: []
Backward same labels: []
It has 1 children.
Node 2
Label: 99
Branch number: 0
Neighbors: [0, 1, 3]
Backward neighbors: [0]
Backward same labels: []
It has 1 children.
Node 3
Label: 100
Branch number: 0
Neighbors: [0, 1, 2]
Backward neighbors: [0, 1]
Backward same labels: []
It has 0 children.
Build Query Tree Time : 0.000649 seconds
================Start matching...======================
Superstep 1 done.Time elapsed: 0.0389998 seconds
#msgs: 8620
Superstep 2 done.Time elapsed: 0.040133 seconds
#msgs: 5023
Superstep 3 done.Time elapsed: 0.035049 seconds
#msgs: 2689
Superstep 4 done.Time elapsed: 0.0133421 seconds
#msgs: 0
Subgraph matching done. 
Communication Time : 0.035184 seconds
- Serialization Time : 0.006556 seconds
- Transfer Time : 0.027525 seconds
Total Computational Time : 0.140320 seconds
Total #msgs=16332, Total #vadd=0
[0][0]: 0.057653
[0][1]: 0.0224273
[0][2]: 0.0270078
[1][0]: 0.236917
[1][1]: 0.369852
[1][2]: 0
[2][0]: 0.00898123
[2][1]: 0.00220799
[2][2]: 0.0240042
================Start enumerating...===================
Superstep 1 done.Time elapsed: 0.019017 seconds
#msgs: 0
Subgraph enumeration done. 
Communication Time : 0.003976 seconds
- Serialization Time : 0.000118 seconds
- Transfer Time : 0.003728 seconds
Total Computational Time : 0.032083 seconds
Total #msgs=0, Total #vadd=0
[0][0]: 227
[0][1]: 5.29289e-05
[0][2]: 0
[1][0]: 0
[1][1]: 0
[1][2]: 0
[2][0]: 0
[2][1]: 0
[2][2]: 0.00625038
================ Final Report ===============
Mapping count: 227
Load time: 16.659 s.
Dump time: 0 s.
Compute time: 0.173455 s.
Offline time: 19.2031 s.
Online time: 0.915736 s.
