Data graph path: /g-thinker/newdata/youtube_f.txt
Query graph path: /fdu-zyj/query/queryd.txt
Output graph path: /fdu-zyj/output
Partition Method: 
Preprocess Method: 0
Filter Method: 0
Order Method: degree
Enumerate Method: 1
=================Start loading data graph ...=====================
Load Graph Time : 15.897266 seconds
=================Start loading query...===================
Worker 0: "hdfs://master:9000/fdu-zyj/query/queryd.txt" loaded
Communication Time : 0.000137 seconds
- Serialization Time : 0.000009 seconds
- Transfer Time : 0.000126 seconds
Load Query Time : 0.558214 seconds
=================Start building query tree...===================
this->nodes size: 4
Node 0
Label: 97
Branch number: 0
Neighbors: [1, 2, 3]
Backward neighbors: []
Backward same labels: []
It has 1 children.
Node 1
Label: 98
Branch number: 0
Neighbors: [0, 2, 3]
Backward neighbors: []
Backward same labels: []
It has 1 children.
Node 2
Label: 99
Branch number: 0
Neighbors: [0, 1, 3]
Backward neighbors: [0]
Backward same labels: []
It has 1 children.
Node 3
Label: 100
Branch number: 0
Neighbors: [0, 1, 2]
Backward neighbors: [0, 1]
Backward same labels: []
It has 0 children.
Build Query Tree Time : 0.000685 seconds
================Start matching...======================
Superstep 1 done.Time elapsed: 0.0870519 seconds
#msgs: 122246
Superstep 2 done.Time elapsed: 3.21146 seconds
#msgs: 87234
Superstep 3 done.Time elapsed: 6.09351 seconds
#msgs: 54060
Superstep 4 done.Time elapsed: 0.241372 seconds
#msgs: 0
Subgraph matching done. 
Communication Time : 2.784233 seconds
- Serialization Time : 0.392681 seconds
- Transfer Time : 2.361512 seconds
Total Computational Time : 9.644667 seconds
Total #msgs=263540, Total #vadd=0
[0][0]: 4.6208
[0][1]: 0.746317
[0][2]: 0.112418
[1][0]: 18.4353
[1][1]: 18.5748
[1][2]: 0
[2][0]: 0.882034
[2][1]: 0.0621855
[2][2]: 0.0283351
================Start enumerating...===================
Superstep 1 done.Time elapsed: 0.0196249 seconds
#msgs: 0
Subgraph enumeration done. 
Communication Time : 0.005809 seconds
- Serialization Time : 0.000093 seconds
- Transfer Time : 0.005313 seconds
Total Computational Time : 0.031484 seconds
Total #msgs=0, Total #vadd=0
[0][0]: 48170
[0][1]: 0.00066638
[0][2]: 0
[1][0]: 0
[1][1]: 0
[1][2]: 0
[2][0]: 0
[2][1]: 0
[2][2]: 0.00664663
================ Final Report ===============
Mapping count: 48170
Load time: 16.4555 s.
Dump time: 0 s.
Compute time: 9.67725 s.
Offline time: 19.0829 s.
Online time: 10.4474 s.
