Data graph path: /fdu-zyj/labelSK
Query graph path: /fdu-zyj/query/queryd.txt
Output graph path: /fdu-zyj/output
Partition Method: 
Preprocess Method: 0
Filter Method: 1
Order Method: candidate
Enumerate Method: 1
=================Start loading data graph ...=====================
Load Graph Time : 38.711295 seconds
=================Start loading query...===================
Worker 0: "hdfs://master:9000/fdu-zyj/query/queryd.txt" loaded
Communication Time : 0.000115 seconds
- Serialization Time : 0.000024 seconds
- Transfer Time : 0.000091 seconds
Load Query Time : 0.420735 seconds
================Start filtering...=================
Superstep 1 done.Time elapsed: 1.36883 seconds
#msgs: 3321711
Superstep 2 done.Time elapsed: 0.437365 seconds
#msgs: 163424
Superstep 3 done.Time elapsed: 0.081775 seconds
#msgs: 12831
Superstep 4 done.Time elapsed: 0.016784 seconds
#msgs: 3475
Superstep 5 done.Time elapsed: 0.012722 seconds
#msgs: 960
Superstep 6 done.Time elapsed: 0.0117052 seconds
#msgs: 335
Superstep 7 done.Time elapsed: 0.012054 seconds
#msgs: 123
Superstep 8 done.Time elapsed: 0.0109911 seconds
#msgs: 69
Superstep 9 done.Time elapsed: 0.0117221 seconds
#msgs: 44
Superstep 10 done.Time elapsed: 0.013166 seconds
#msgs: 19
Superstep 11 done.Time elapsed: 0.0119369 seconds
#msgs: 5
Superstep 12 done.Time elapsed: 0.0112491 seconds
#msgs: 4
Superstep 13 done.Time elapsed: 0.010921 seconds
#msgs: 0
Candidate filtering done.
Communication Time : 0.445300 seconds
- Serialization Time : 0.159331 seconds
- Transfer Time : 0.250004 seconds
Total Computational Time : 2.107655 seconds
Total #msgs=3503000, Total #vadd=0
=================Start building query tree...===================
this->nodes size: 4
Node 0
Label: 97
Branch number: 0
Neighbors: [1, 2, 3]
Backward neighbors: []
Backward same labels: []
It has 1 children.
Node 3
Label: 100
Branch number: 0
Neighbors: [0, 1, 2]
Backward neighbors: []
Backward same labels: []
It has 1 children.
Node 1
Label: 98
Branch number: 0
Neighbors: [0, 2, 3]
Backward neighbors: [0]
Backward same labels: []
It has 1 children.
Node 2
Label: 99
Branch number: 0
Neighbors: [0, 1, 3]
Backward neighbors: [0, 1]
Backward same labels: []
It has 0 children.
Build Query Tree Time : 0.002198 seconds
================Start matching...======================
Superstep 1 done.Time elapsed: 0.068013 seconds
#msgs: 5540
Superstep 2 done.Time elapsed: 0.124202 seconds
#msgs: 5914
Superstep 3 done.Time elapsed: 0.729724 seconds
#msgs: 5704
Superstep 4 done.Time elapsed: 0.049813 seconds
#msgs: 0
Subgraph matching done. 
Communication Time : 0.184607 seconds
- Serialization Time : 0.053775 seconds
- Transfer Time : 0.121774 seconds
Total Computational Time : 0.986278 seconds
Total #msgs=17158, Total #vadd=0
[0][0]: 0.441222
[0][1]: 0.0969737
[0][2]: 0.0417042
[1][0]: 2.12048
[1][1]: 2.38752
[1][2]: 0
[2][0]: 0.066875
[2][1]: 0.00840282
[2][2]: 0.029211
================Start enumerating...===================
Superstep 1 done.Time elapsed: 0.0204351 seconds
#msgs: 0
Subgraph enumeration done. 
Communication Time : 0.003591 seconds
- Serialization Time : 0.000085 seconds
- Transfer Time : 0.003422 seconds
Total Computational Time : 0.035592 seconds
Total #msgs=0, Total #vadd=0
[0][0]: 9102
[0][1]: 0.000383615
[0][2]: 0
[1][0]: 0
[1][1]: 0
[1][2]: 0
[2][0]: 0
[2][1]: 0
[2][2]: 0.00593185
================ Final Report ===============
Mapping count: 9102
Load time: 39.132 s.
Dump time: 0 s.
Compute time: 3.13241 s.
Offline time: 41.8609 s.
Online time: 3.7034 s.
