Data graph path: /g-thinker/newdata/youtube_f.txt
Query graph path: /fdu-zyj/query/query.txt
Output graph path: /fdu-zyj/output
Partition Method: 
Preprocess Method: 0
Filter Method: 0
Order Method: random
Enumerate Method: 1
=================Start loading data graph ...=====================
Load Graph Time : 16.033109 seconds
=================Start loading query...===================
Worker 0: "hdfs://master:9000/fdu-zyj/query/query.txt" loaded
Communication Time : 0.000100 seconds
- Serialization Time : 0.000008 seconds
- Transfer Time : 0.000092 seconds
Load Query Time : 0.366716 seconds
=================Start building query tree...===================
this->nodes size: 5
Node 0
Label: 97
Branch number: 0
Neighbors: [1, 2]
Backward neighbors: []
Backward same labels: []
It has 1 children.
Node 1
Label: 98
Branch number: 0
Neighbors: [0, 2]
Backward neighbors: []
Backward same labels: []
It has 1 children.
Node 2
Label: 99
Branch number: 0
Neighbors: [0, 1, 3]
Backward neighbors: [0]
Backward same labels: []
It has 1 children.
Node 3
Label: 98
Branch number: 0
Neighbors: [2, 4]
Backward neighbors: []
Backward same labels: [1]
It has 1 children.
Node 4
Label: 100
Branch number: 0
Neighbors: [3]
Backward neighbors: []
Backward same labels: []
It has 0 children.
Build Query Tree Time : 0.000716 seconds
================Start matching...======================
Superstep 1 done.Time elapsed: 0.0890961 seconds
#msgs: 122246
Superstep 2 done.Time elapsed: 3.14431 seconds
#msgs: 87234
Superstep 3 done.Time elapsed: 5.95343 seconds
#msgs: 59339
Superstep 4 done.Time elapsed: 28.4592 seconds
#msgs: 71457
Superstep 5 done.Time elapsed: 10.4832 seconds
#msgs: 0
Subgraph matching done. 
Communication Time : 13.427260 seconds
- Serialization Time : 3.482641 seconds
- Transfer Time : 9.897427 seconds
Total Computational Time : 48.144953 seconds
Total #msgs=340276, Total #vadd=0
[0][0]: 129.166
[0][1]: 88.3171
[0][2]: 7.01178
[1][0]: 256.143
[1][1]: 256.284
[1][2]: 0
[2][0]: 7.39553
[2][1]: 13.6558
[2][2]: 0.0338907

-20 
================Start enumerating...===================
Superstep 1 done.Time elapsed: 0.0184999 seconds
#msgs: 0
Subgraph enumeration done. 
Communication Time : 0.003638 seconds
- Serialization Time : 0.000096 seconds
- Transfer Time : 0.003445 seconds
Total Computational Time : 0.029863 seconds
Total #msgs=0, Total #vadd=0
[0][0]: 1.00402e+08
[0][1]: 0.0068717
[0][2]: 0
[1][0]: 0
[1][1]: 0
[1][2]: 0
[2][0]: 0
[2][1]: 0
[2][2]: 0.00733638
================ Final Report ===============
Mapping count: 1.00402e+08
Load time: 16.3998 s.
Dump time: 0 s.
Compute time: 48.1783 s.
Offline time: 19.0915 s.
Online time: 48.6891 s.
