Data graph path: /fdu-zyj/labelyou
Query graph path: /fdu-zyj/query/querys.txt
Output graph path: /fdu-zyj/output
Partition Method: 
Preprocess Method: 0
Filter Method: 0
Order Method: degree
Enumerate Method: 1
=================Start loading data graph ...=====================
Load Graph Time : 15.891304 seconds
=================Start loading query...===================
Worker 0: "hdfs://master:9000/fdu-zyj/query/querys.txt" loaded
Communication Time : 0.000108 seconds
- Serialization Time : 0.000010 seconds
- Transfer Time : 0.000097 seconds
Load Query Time : 0.519455 seconds
=================Start building query tree...===================
this->nodes size: 4
Node 0
Label: 97
Branch number: 1
Neighbors: [1, 2, 3]
Backward neighbors: []
Backward same labels: []
It has 3 children.
Node 1
Label: 98
Branch number: 1
Neighbors: [0]
Backward neighbors: []
Backward same labels: []
It has 0 children.
Node 2
Label: 99
Branch number: 1
Neighbors: [0]
Backward neighbors: []
Backward same labels: []
It has 0 children.
Node 3
Label: 100
Branch number: 1
Neighbors: [0]
Backward neighbors: []
Backward same labels: []
It has 0 children.
Build Query Tree Time : 0.000597 seconds
================Start matching...======================
Superstep 1 done.Time elapsed: 0.059262 seconds
#msgs: 27058
Superstep 2 done.Time elapsed: 0.016336 seconds
#msgs: 0
Subgraph matching done. 
Communication Time : 0.013225 seconds
- Serialization Time : 0.002153 seconds
- Transfer Time : 0.010222 seconds
Total Computational Time : 0.088192 seconds
Total #msgs=27058, Total #vadd=43429
[0][0]: 0.0348454
[0][1]: 0.029439
[0][2]: 0.134003
[1][0]: 0.256057
[1][1]: 0.38606
[1][2]: 0
[2][0]: 0.00159717
[2][1]: 0.00492644
[2][2]: 0.0157619
================Start enumerating...===================
Superstep 1 done.Time elapsed: 0.027323 seconds
#msgs: 27058
Superstep 2 done.Time elapsed: 1.02562 seconds
#msgs: 0
Subgraph enumeration done. 
Communication Time : 0.012766 seconds
- Serialization Time : 0.001824 seconds
- Transfer Time : 0.010279 seconds
Total Computational Time : 1.066078 seconds
Total #msgs=27058, Total #vadd=0
[0][0]: 5.20816e+06
[0][1]: 2.97194
[0][2]: 0
[1][0]: 0.053472
[1][1]: 2.894
[1][2]: 0
[2][0]: 0
[2][1]: 0
[2][2]: 0.0124538
================ Final Report ===============
Mapping count: 5.20816e+06
Load time: 16.4108 s.
Dump time: 0 s.
Compute time: 1.15525 s.
Offline time: 18.9115 s.
Online time: 1.93805 s.
