Data graph path: /fdu-zyj/labelyou
Query graph path: /fdu-zyj/query/querys.txt
Output graph path: /fdu-zyj/output
Partition Method: 
Preprocess Method: 0
Filter Method: 0
Order Method: random
Enumerate Method: 1
=================Start loading data graph ...=====================
Load Graph Time : 15.881145 seconds
=================Start loading query...===================
Worker 0: "hdfs://master:9000/fdu-zyj/query/querys.txt" loaded
Communication Time : 0.000125 seconds
- Serialization Time : 0.000026 seconds
- Transfer Time : 0.000099 seconds
Load Query Time : 0.540252 seconds
=================Start building query tree...===================
this->nodes size: 4
Node 0
Label: 97
Branch number: 1
Neighbors: [1, 2, 3]
Backward neighbors: []
Backward same labels: []
It has 3 children.
Node 1
Label: 98
Branch number: 1
Neighbors: [0]
Backward neighbors: []
Backward same labels: []
It has 0 children.
Node 2
Label: 99
Branch number: 1
Neighbors: [0]
Backward neighbors: []
Backward same labels: []
It has 0 children.
Node 3
Label: 100
Branch number: 1
Neighbors: [0]
Backward neighbors: []
Backward same labels: []
It has 0 children.
Build Query Tree Time : 0.000598 seconds
================Start matching...======================
Superstep 1 done.Time elapsed: 0.059691 seconds
#msgs: 27058
Superstep 2 done.Time elapsed: 0.013262 seconds
#msgs: 0
Subgraph matching done. 
Communication Time : 0.014420 seconds
- Serialization Time : 0.002270 seconds
- Transfer Time : 0.011109 seconds
Total Computational Time : 0.083775 seconds
Total #msgs=27058, Total #vadd=43429
[0][0]: 0.0341976
[0][1]: 0.0293775
[0][2]: 0.133522
[1][0]: 0.254529
[1][1]: 0.384605
[1][2]: 0
[2][0]: 0.00164437
[2][1]: 0.00503755
[2][2]: 0.0165877
================Start enumerating...===================
Superstep 1 done.Time elapsed: 0.028553 seconds
#msgs: 27058
Superstep 2 done.Time elapsed: 1.02111 seconds
#msgs: 0
Subgraph enumeration done. 
Communication Time : 0.014804 seconds
- Serialization Time : 0.002108 seconds
- Transfer Time : 0.011936 seconds
Total Computational Time : 1.064076 seconds
Total #msgs=27058, Total #vadd=0
[0][0]: 5.20816e+06
[0][1]: 2.96733
[0][2]: 0
[1][0]: 0.0528972
[1][1]: 2.88943
[1][2]: 0
[2][0]: 0
[2][1]: 0
[2][2]: 0.0121961
================ Final Report ===============
Mapping count: 5.20816e+06
Load time: 16.4214 s.
Dump time: 0 s.
Compute time: 1.14886 s.
Offline time: 18.7426 s.
Online time: 1.95078 s.
