Data graph path: /fdu-zyj/labelSK
Query graph path: /fdu-zyj/query/queryd.txt
Output graph path: /fdu-zyj/output
Partition Method: 
Preprocess Method: 0
Filter Method: 0
Order Method: degree
Enumerate Method: 1
=================Start loading data graph ...=====================
Load Graph Time : 38.452144 seconds
=================Start loading query...===================
Worker 0: "hdfs://master:9000/fdu-zyj/query/queryd.txt" loaded
Communication Time : 0.000136 seconds
- Serialization Time : 0.000027 seconds
- Transfer Time : 0.000109 seconds
Load Query Time : 0.382668 seconds
=================Start building query tree...===================
this->nodes size: 4
Node 0
Label: 97
Branch number: 0
Neighbors: [1, 2, 3]
Backward neighbors: []
Backward same labels: []
It has 1 children.
Node 1
Label: 98
Branch number: 0
Neighbors: [0, 2, 3]
Backward neighbors: []
Backward same labels: []
It has 1 children.
Node 2
Label: 99
Branch number: 0
Neighbors: [0, 1, 3]
Backward neighbors: [0]
Backward same labels: []
It has 1 children.
Node 3
Label: 100
Branch number: 0
Neighbors: [0, 1, 2]
Backward neighbors: [0, 1]
Backward same labels: []
It has 0 children.
Build Query Tree Time : 0.000644 seconds
================Start matching...======================
Superstep 1 done.Time elapsed: 0.072499 seconds
#msgs: 34624
Superstep 2 done.Time elapsed: 1.77744 seconds
#msgs: 22113
Superstep 3 done.Time elapsed: 0.50555 seconds
#msgs: 10216
Superstep 4 done.Time elapsed: 0.0261672 seconds
#msgs: 0
Subgraph matching done. 
Communication Time : 0.542097 seconds
- Serialization Time : 0.182759 seconds
- Transfer Time : 0.331372 seconds
Total Computational Time : 2.396362 seconds
Total #msgs=66953, Total #vadd=0
[0][0]: 1.2075
[0][1]: 0.175879
[0][2]: 0.0410063
[1][0]: 4.34061
[1][1]: 4.53879
[1][2]: 0
[2][0]: 0.238423
[2][1]: 0.0144236
[2][2]: 0.0303338
================Start enumerating...===================
Superstep 1 done.Time elapsed: 0.020484 seconds
#msgs: 0
Subgraph enumeration done. 
Communication Time : 0.003560 seconds
- Serialization Time : 0.000091 seconds
- Transfer Time : 0.003343 seconds
Total Computational Time : 0.036035 seconds
Total #msgs=0, Total #vadd=0
[0][0]: 9102
[0][1]: 0.000294209
[0][2]: 0
[1][0]: 0
[1][1]: 0
[1][2]: 0
[2][0]: 0
[2][1]: 0
[2][2]: 0.0073626
================ Final Report ===============
Mapping count: 9102
Load time: 38.8348 s.
Dump time: 0 s.
Compute time: 2.43342 s.
Offline time: 41.7249 s.
Online time: 3.21483 s.
