Data graph path: /fdu-zyj/labelSK
Query graph path: /fdu-zyj/query/query.txt
Output graph path: /fdu-zyj/output
Partition Method: 
Preprocess Method: 0
Filter Method: 1
Order Method: candidate
Enumerate Method: 1
=================Start loading data graph ...=====================
Load Graph Time : 38.685901 seconds
=================Start loading query...===================
Worker 0: "hdfs://master:9000/fdu-zyj/query/query.txt" loaded
Communication Time : 0.000121 seconds
- Serialization Time : 0.000024 seconds
- Transfer Time : 0.000097 seconds
Load Query Time : 0.618917 seconds
================Start filtering...=================
Superstep 1 done.Time elapsed: 1.49234 seconds
#msgs: 3389153
Superstep 2 done.Time elapsed: 0.429863 seconds
#msgs: 96618
Superstep 3 done.Time elapsed: 0.0578139 seconds
#msgs: 9892
Superstep 4 done.Time elapsed: 0.0190759 seconds
#msgs: 3331
Superstep 5 done.Time elapsed: 0.0138562 seconds
#msgs: 881
Superstep 6 done.Time elapsed: 0.0112841 seconds
#msgs: 295
Superstep 7 done.Time elapsed: 0.014441 seconds
#msgs: 144
Superstep 8 done.Time elapsed: 0.012748 seconds
#msgs: 37
Superstep 9 done.Time elapsed: 0.0126982 seconds
#msgs: 10
Superstep 10 done.Time elapsed: 0.0126562 seconds
#msgs: 11
Superstep 11 done.Time elapsed: 0.0106962 seconds
#msgs: 0
Candidate filtering done.
Communication Time : 0.500879 seconds
- Serialization Time : 0.212060 seconds
- Transfer Time : 0.246414 seconds
Total Computational Time : 2.190709 seconds
Total #msgs=3500372, Total #vadd=0
=================Start building query tree...===================
this->nodes size: 5
Node 0
Label: 97
Branch number: 0
Neighbors: [1, 2]
Backward neighbors: []
Backward same labels: []
It has 1 children.
Node 1
Label: 98
Branch number: 0
Neighbors: [0, 2]
Backward neighbors: []
Backward same labels: []
It has 1 children.
Node 2
Label: 99
Branch number: 0
Neighbors: [0, 1, 3]
Backward neighbors: [0]
Backward same labels: []
It has 1 children.
Node 3
Label: 98
Branch number: 0
Neighbors: [2, 4]
Backward neighbors: []
Backward same labels: [1]
It has 1 children.
Node 4
Label: 100
Branch number: 0
Neighbors: [3]
Backward neighbors: []
Backward same labels: []
It has 0 children.
Build Query Tree Time : 0.002865 seconds
================Start matching...======================
Superstep 1 done.Time elapsed: 0.0708899 seconds
#msgs: 10669
Superstep 2 done.Time elapsed: 0.518782 seconds
#msgs: 12326
Superstep 3 done.Time elapsed: 0.534497 seconds
#msgs: 8757
Superstep 4 done.Time elapsed: 6.68494 seconds
#msgs: 15481
Superstep 5 done.Time elapsed: 0.685804 seconds
#msgs: 0
Subgraph matching done. 
Communication Time : 1.192858 seconds
- Serialization Time : 0.380115 seconds
- Transfer Time : 0.786101 seconds
Total Computational Time : 8.510331 seconds
Total #msgs=47233, Total #vadd=0
[0][0]: 9.0129
[0][1]: 5.81657
[0][2]: 0.539553
[1][0]: 21.7724
[1][1]: 22.0405
[1][2]: 0
[2][0]: 0.588872
[2][1]: 1.03571
[2][2]: 0.0343046
================Start enumerating...===================
Superstep 1 done.Time elapsed: 0.0211229 seconds
#msgs: 0
Subgraph enumeration done. 
Communication Time : 0.003822 seconds
- Serialization Time : 0.000102 seconds
- Transfer Time : 0.003638 seconds
Total Computational Time : 0.036944 seconds
Total #msgs=0, Total #vadd=0
[0][0]: 7.84184e+06
[0][1]: 0.00199962
[0][2]: 0
[1][0]: 0
[1][1]: 0
[1][2]: 0
[2][0]: 0
[2][1]: 0
[2][2]: 0.00609303
================ Final Report ===============
Mapping count: 7.84184e+06
Load time: 39.3048 s.
Dump time: 0 s.
Compute time: 10.7415 s.
Offline time: 41.8691 s.
Online time: 11.5908 s.
