Data graph path: /fdu-zyj/labelSK
Query graph path: /fdu-zyj/query/query.txt
Output graph path: /fdu-zyj/output
Partition Method: 
Preprocess Method: 0
Filter Method: 0
Order Method: degree
Enumerate Method: 1
=================Start loading data graph ...=====================
Load Graph Time : 38.582005 seconds
=================Start loading query...===================
Worker 0: "hdfs://master:9000/fdu-zyj/query/query.txt" loaded
Communication Time : 0.000101 seconds
- Serialization Time : 0.000009 seconds
- Transfer Time : 0.000092 seconds
Load Query Time : 0.583747 seconds
=================Start building query tree...===================
this->nodes size: 5
Node 2
Label: 99
Branch number: 1
Neighbors: [0, 1, 3]
Backward neighbors: []
Backward same labels: []
It has 2 children.
Node 0
Label: 97
Branch number: 1
Neighbors: [1, 2]
Backward neighbors: []
Backward same labels: []
It has 1 children.
Node 1
Label: 98
Branch number: 1
Neighbors: [0, 2]
Backward neighbors: [0]
Backward same labels: []
It has 0 children.
Node 3
Label: 98
Branch number: 1
Neighbors: [2, 4]
Backward neighbors: []
Backward same labels: [2]
It has 1 children.
Node 4
Label: 100
Branch number: 1
Neighbors: [3]
Backward neighbors: []
Backward same labels: []
It has 0 children.
Build Query Tree Time : 0.000724 seconds
================Start matching...======================
Superstep 1 done.Time elapsed: 0.106457 seconds
#msgs: 65560
Superstep 2 done.Time elapsed: 2.98838 seconds
#msgs: 43887
Superstep 3 done.Time elapsed: 0.266841 seconds
#msgs: 0
Subgraph matching done. 
Communication Time : 1.168951 seconds
- Serialization Time : 0.609365 seconds
- Transfer Time : 0.492245 seconds
Total Computational Time : 3.377549 seconds
Total #msgs=109447, Total #vadd=64958
[0][0]: 3.48871
[0][1]: 1.79861
[0][2]: 0.393964
[1][0]: 8.51212
[1][1]: 8.71459
[1][2]: 0
[2][0]: 0.317002
[2][1]: 0.424759
[2][2]: 0.0280206
================Start enumerating...===================
Superstep 1 done.Time elapsed: 1.61893 seconds
#msgs: 3410369
Superstep 2 done.Time elapsed: 1.82533 seconds
#msgs: 0
Subgraph enumeration done. 
Communication Time : 0.666184 seconds
- Serialization Time : 0.281860 seconds
- Transfer Time : 0.318241 seconds
Total Computational Time : 3.461666 seconds
Total #msgs=3410369, Total #vadd=0
[0][0]: 7.84184e+06
[0][1]: 19.1993
[0][2]: 0
[1][0]: 8.47189
[1][1]: 7.71484
[1][2]: 0
[2][0]: 0
[2][1]: 0
[2][2]: 0.0143714
================ Final Report ===============
Mapping count: 7.84184e+06
Load time: 39.1658 s.
Dump time: 0 s.
Compute time: 6.84037 s.
Offline time: 41.4353 s.
Online time: 7.56843 s.
