Data graph path: /fdu-zyj/labelyou
Query graph path: /fdu-zyj/query/querys.txt
Output graph path: /fdu-zyj/output
Partition Method: 
Preprocess Method: 0
Filter Method: 1
Order Method: candidate
Enumerate Method: 1
=================Start loading data graph ...=====================
Load Graph Time : 15.929129 seconds
=================Start loading query...===================
Worker 0: "hdfs://master:9000/fdu-zyj/query/querys.txt" loaded
Communication Time : 0.000147 seconds
- Serialization Time : 0.000026 seconds
- Transfer Time : 0.000121 seconds
Load Query Time : 0.447816 seconds
================Start filtering...=================
Superstep 1 done.Time elapsed: 0.530838 seconds
#msgs: 900465
Superstep 2 done.Time elapsed: 0.111946 seconds
#msgs: 10004
Superstep 3 done.Time elapsed: 0.0167868 seconds
#msgs: 0
Candidate filtering done.
Communication Time : 0.103146 seconds
- Serialization Time : 0.034141 seconds
- Transfer Time : 0.059010 seconds
Total Computational Time : 0.726804 seconds
Total #msgs=910469, Total #vadd=0
=================Start building query tree...===================
this->nodes size: 4
Node 0
Label: 97
Branch number: 1
Neighbors: [1, 2, 3]
Backward neighbors: []
Backward same labels: []
It has 3 children.
Node 1
Label: 98
Branch number: 1
Neighbors: [0]
Backward neighbors: []
Backward same labels: []
It has 0 children.
Node 3
Label: 100
Branch number: 1
Neighbors: [0]
Backward neighbors: []
Backward same labels: []
It has 0 children.
Node 2
Label: 99
Branch number: 1
Neighbors: [0]
Backward neighbors: []
Backward same labels: []
It has 0 children.
Build Query Tree Time : 0.000603 seconds
================Start matching...======================
Superstep 1 done.Time elapsed: 0.0827711 seconds
#msgs: 12693
Superstep 2 done.Time elapsed: 0.01387 seconds
#msgs: 0
Subgraph matching done. 
Communication Time : 0.009285 seconds
- Serialization Time : 0.001135 seconds
- Transfer Time : 0.007596 seconds
Total Computational Time : 0.107539 seconds
Total #msgs=12693, Total #vadd=43429
[0][0]: 0.0257347
[0][1]: 0.0268679
[0][2]: 0.0843918
[1][0]: 0.898953
[1][1]: 1.07644
[1][2]: 0
[2][0]: 0.000748634
[2][1]: 0.00249243
[2][2]: 0.0138435
================Start enumerating...===================
Superstep 1 done.Time elapsed: 0.0255489 seconds
#msgs: 12693
Superstep 2 done.Time elapsed: 1.02059 seconds
#msgs: 0
Subgraph enumeration done. 
Communication Time : 0.012039 seconds
- Serialization Time : 0.001534 seconds
- Transfer Time : 0.010205 seconds
Total Computational Time : 1.058657 seconds
Total #msgs=12693, Total #vadd=0
[0][0]: 5.20816e+06
[0][1]: 2.95257
[0][2]: 0
[1][0]: 0.0339615
[1][1]: 2.90118
[1][2]: 0
[2][0]: 0
[2][1]: 0
[2][2]: 0.013135
================ Final Report ===============
Mapping count: 5.20816e+06
Load time: 16.3769 s.
Dump time: 0 s.
Compute time: 1.89411 s.
Offline time: 19.1138 s.
Online time: 2.55509 s.
