Data graph path: /fdu-zyj/labelyou
Query graph path: /fdu-zyj/query
Output graph path: /fdu-zyj/output
Partition Method: 
Filter Method: 0
Order Method: random
Enumerate Method: 1
=================Start loading data graph ...=====================
Load Graph Time : 42.348824 seconds
=================Start loading query...===================
Worker 0: "hdfs://master:9000/fdu-zyj/query/query.txt" loaded
Communication Time : 0.000100 seconds
- Serialization Time : 0.000009 seconds
- Transfer Time : 0.000091 seconds
Load Query Time : 0.690146 seconds
=================Start building query tree...===================
this->nodes size: 5
Node 0
Label: 97
Branch number: 0
Neighbors: [1, 2]
It has 1 children.
Node 1
Label: 98
Branch number: 0
Neighbors: [0, 2]
It has 1 children.
Node 2
Label: 99
Branch number: 0
Neighbors: [0, 1, 3]
It has 1 children.
Node 3
Label: 98
Branch number: 0
Neighbors: [2, 4]
It has 1 children.
Node 4
Label: 100
Branch number: 0
Neighbors: [3]
It has 0 children.
Build Query Tree Time : 0.023876 seconds
================Start matching...======================
Superstep 1 done.Time elapsed: 0.228811 seconds
#msgs: 8620
Superstep 2 done.Time elapsed: 0.328163 seconds
#msgs: 97569
Superstep 3 done.Time elapsed: 0.374334 seconds
#msgs: 37037
Superstep 4 done.Time elapsed: 0.430056 seconds
#msgs: 238901
Superstep 5 done.Time elapsed: 0.281227 seconds
#msgs: 0
Subgraph matching done. 
Communication Time : 0.641279 seconds
- Serialization Time : 0.016868 seconds
- Transfer Time : 0.624273 seconds
Total Computational Time : 1.779975 seconds
Total #msgs=382127, Total #vadd=0
================Start enumerating...===================
Superstep 1 done.Time elapsed: 0.231559 seconds
#msgs: 0
Subgraph enumeration done. 
Communication Time : 0.123469 seconds
- Serialization Time : 0.000068 seconds
- Transfer Time : 0.123374 seconds
Total Computational Time : 0.429965 seconds
Total #msgs=0, Total #vadd=0
=================Start dumping graph...===================
output path: /fdu-zyj/output
Dump Time : 1.427432 seconds
================ Final Report ===============
Mapping count: 238901
Load time: 43.039 s.
Dump time: 1.42743 s.
Compute time: 2.23446 s.
Offline time: 46.0521 s.
Online time: 4.80087 s.
