Data graph path: /g-thinker/labelyou.txt
Query graph path: /fdu-zyj/query1125/query2.txt
Output graph path: /fdu-zyj/output
Partition Method: 
Preprocess Method: 1
Filter Method: 0
Order Method: random
Enumerate Method: 1
=================Start loading data graph ...=====================
Load Graph Time : 11.117346 seconds
================Start preprocessing...=================
Superstep 1:
*0.0981541: [0.0682247, 0.00418973, 0.00295568]
Superstep 1 done.Time elapsed: 0.118579 seconds
#msgs: 0
Superstep 2:
*0.0299721: [0.00264621, 0.00258899, 0.00246072]
Superstep 2 done.Time elapsed: 0.0454421 seconds
#msgs: 0
Superstep 3:
Subgraph preprocessing done. 
Total Computational Time : 0.175393 seconds
 - Active Compute Time : 0.128322 seconds
 - Sync Message Time : 0.007098 seconds
 - Communication Time : 0.008010 seconds
    - Serialization Time : 0.000066 seconds
    - Transfer Time : 0.007877 seconds
Total #msgs=0, Total #vadd=0
=================Start loading query...===================
Worker 0: "hdfs://master:9000/fdu-zyj/query1125/query2.txt" loaded
Communication Time : 0.000100 seconds
- Serialization Time : 0.000010 seconds
- Transfer Time : 0.000090 seconds
Load Query Time : 0.458854 seconds
=================Start building query tree...===================
this->nodes size: 5
Node 0
Label: 97
Branch number: 0
Neighbors: [1, 2]
Backward neighbors: []
Backward same labels: []
It has 1 children.
Node 1
Label: 98
Branch number: 0
Neighbors: [0, 2]
Backward neighbors: []
Backward same labels: []
It has 1 children.
Node 2
Label: 99
Branch number: 0
Neighbors: [0, 1, 3]
Backward neighbors: [0]
Backward same labels: []
It has 1 children.
Node 3
Label: 98
Branch number: 0
Neighbors: [2, 4]
Backward neighbors: []
Backward same labels: [1]
It has 1 children.
Node 4
Label: 100
Branch number: 0
Neighbors: [3]
Backward neighbors: []
Backward same labels: []
It has 0 children.
Build Query Tree Time : 0.000702 seconds
================Start matching...======================
Superstep 1:
*0.0437388: [0.0204208, 0.00412941, 0.00287747]
Superstep 1 done.Time elapsed: 0.0629249 seconds
#msgs: 7608
Superstep 2:
*0.00483298: [0.000711679, 1.14441e-05, 7.62939e-06]
Superstep 2 done.Time elapsed: 0.0123229 seconds
#msgs: 3949
Superstep 3:
*0.00588512: [0.00160527, 6.4373e-06, 4.76837e-06]
Superstep 3 done.Time elapsed: 0.011456 seconds
#msgs: 1687
Superstep 4:
*0.00496316: [0.000599146, 1.43051e-05, 3.8147e-06]
Superstep 4 done.Time elapsed: 0.013412 seconds
#msgs: 2290
Superstep 5:
*0.00619197: [0.00214839, 1.12057e-05, 5.00679e-06]
Superstep 5 done.Time elapsed: 0.012424 seconds
#msgs: 0
Superstep 6:
Subgraph matching done. 
Total Computational Time : 0.123829 seconds
 - Active Compute Time : 0.066640 seconds
 - Sync Message Time : 0.021392 seconds
 - Communication Time : 0.022223 seconds
    - Serialization Time : 0.001460 seconds
    - Transfer Time : 0.020607 seconds
Total #msgs=15534, Total #vadd=0
1. Arrange messages: 0.0143318 s
2. Check feasibility: 0.0843379 s
	 - Check vertex uniqueness: 0.0201411 s
	 - Check non-tree edge: 0.0482199 s
3. Construct neighbor map: 0.012917 s
4. Update out messages buffer: 0.0133586 s
5. Clear out neighbor map: 0.0036912 s
Main Computation: 0.141835 s
================Start enumerating...===================
Superstep 1:
*0.0284772: [0.00287986, 0.0042119, 0.0027101]
Superstep 1 done.Time elapsed: 0.0833821 seconds
#msgs: 0
Superstep 2:
Subgraph enumeration done. 
Total Computational Time : 0.095433 seconds
 - Active Compute Time : 0.028556 seconds
 - Sync Message Time : 0.043599 seconds
 - Communication Time : 0.044106 seconds
    - Serialization Time : 0.000047 seconds
    - Transfer Time : 0.044010 seconds
Total #msgs=0, Total #vadd=0
From start to end: total time: 0.0843379 s
 - continue enumerating: 0.0133586 s
 - expand time: 0.0036912 s
Sync Time: 0.00620365 s
================ Final Report ===============
Mapping count: 238901
Load time: 11.5762 s.
Dump time: 0 s.
Compute time: 0.221026 s.
Offline time: 14.3628 s.
Online time: 1.00861 s.
