Data graph path: /g-thinker/newdata/youtube_f.txt
Query graph path: /fdu-zyj/query1125/query2.txt
Output graph path: /fdu-zyj/output
Partition Method: 
Preprocess Method: 1
Filter Method: 0
Order Method: random
Enumerate Method: 1
=================Start loading data graph ...=====================
Load Graph Time : 10.913732 seconds
================Start preprocessing...=================
Superstep 1:
*0.0965159: [0.0673907, 0.00397921, 0.00282931]
Superstep 1 done.Time elapsed: 0.10588 seconds
#msgs: 0
Superstep 2:
*0.0296531: [0.00261021, 0.00266194, 0.00257683]
Superstep 2 done.Time elapsed: 0.0463259 seconds
#msgs: 0
Superstep 3:
Subgraph preprocessing done. 
Total Computational Time : 0.163369 seconds
 - Active Compute Time : 0.126430 seconds
 - Sync Message Time : 0.007457 seconds
 - Communication Time : 0.008396 seconds
    - Serialization Time : 0.000090 seconds
    - Transfer Time : 0.008254 seconds
Total #msgs=0, Total #vadd=0
=================Start loading query...===================
Worker 0: "hdfs://master:9000/fdu-zyj/query1125/query2.txt" loaded
Communication Time : 0.000118 seconds
- Serialization Time : 0.000007 seconds
- Transfer Time : 0.000111 seconds
Load Query Time : 0.455429 seconds
=================Start building query tree...===================
this->nodes size: 5
Node 0
Label: 97
Branch number: 0
Neighbors: [1, 2]
Backward neighbors: []
Backward same labels: []
It has 1 children.
Node 1
Label: 98
Branch number: 0
Neighbors: [0, 2]
Backward neighbors: []
Backward same labels: []
It has 1 children.
Node 2
Label: 99
Branch number: 0
Neighbors: [0, 1, 3]
Backward neighbors: [0]
Backward same labels: []
It has 1 children.
Node 3
Label: 98
Branch number: 0
Neighbors: [2, 4]
Backward neighbors: []
Backward same labels: [1]
It has 1 children.
Node 4
Label: 100
Branch number: 0
Neighbors: [3]
Backward neighbors: []
Backward same labels: []
It has 0 children.
Build Query Tree Time : 0.000723 seconds
================Start matching...======================
Superstep 1:
*0.0538359: [0.0311747, 0.00403929, 0.00268364]
Superstep 1 done.Time elapsed: 0.090343 seconds
#msgs: 94281
Superstep 2:
*0.012553: [0.00764751, 0.000120401, 0.000118732]
Superstep 2 done.Time elapsed: 0.035116 seconds
#msgs: 61296
Superstep 3:
*0.058738: [0.0537124, 0.000108004, 0.000157118]
Superstep 3 done.Time elapsed: 0.13029 seconds
#msgs: 33591
Superstep 4:
*0.0810871: [0.0762346, 6.38962e-05, 9.799e-05]
Superstep 4 done.Time elapsed: 0.872583 seconds
#msgs: 46524
Superstep 5:
*0.819634: [0.814621, 0.000196934, 0.000189543]
Superstep 5 done.Time elapsed: 1.88267 seconds
#msgs: 0
Superstep 6:
Subgraph matching done. 
Total Computational Time : 3.022673 seconds
 - Active Compute Time : 1.026273 seconds
 - Sync Message Time : 0.773461 seconds
 - Communication Time : 0.763252 seconds
    - Serialization Time : 0.291083 seconds
    - Transfer Time : 0.470754 seconds
Total #msgs=235692, Total #vadd=0
1. Arrange messages: 0.111089 s
2. Check feasibility: 20.8152 s
	 - Check vertex uniqueness: 6.10731 s
	 - Check non-tree edge: 12.6967 s
3. Construct neighbor map: 0.0787444 s
4. Update out messages buffer: 0.164005 s
5. Clear out neighbor map: 0.0174885 s
Main Computation: 21.2354 s
================Start enumerating...===================
Superstep 1:
*0.027986: [0.00252509, 0.00400662, 0.00282359]
Superstep 1 done.Time elapsed: 0.043925 seconds
#msgs: 0
Superstep 2:
Subgraph enumeration done. 
Total Computational Time : 0.056463 seconds
 - Active Compute Time : 0.028077 seconds
 - Sync Message Time : 0.003640 seconds
 - Communication Time : 0.004244 seconds
    - Serialization Time : 0.000103 seconds
    - Transfer Time : 0.004086 seconds
Total #msgs=0, Total #vadd=0
From start to end: total time: 20.8152 s
 - continue enumerating: 0.164005 s
 - expand time: 0.0174885 s
Sync Time: 0.0062325 s
================ Final Report ===============
Mapping count: 100401613
Load time: 11.3692 s.
Dump time: 0 s.
Compute time: 3.0805 s.
Offline time: 14.1993 s.
Online time: 3.81999 s.
