Load Time : 8.938733 seconds
结果：the # of matched graph = 0

============ PROGRESS REPORT ============
Total number of tasks processed: 2
Worker 0: 0 tasks processed
Worker 1: 0 tasks processed
Worker 2: 0 tasks processed
Worker 3: 1 tasks processed
Worker 4: 0 tasks processed
Worker 5: 0 tasks processed
Worker 6: 0 tasks processed
Worker 7: 0 tasks processed
Worker 8: 1 tasks processed
Worker 9: 0 tasks processed
Worker 10: 0 tasks processed

Task Time : 0.659011 seconds
结果：the # of matched graph = 7841842

============ PROGRESS REPORT ============
Total number of tasks processed: 6461
Worker 0: 628 tasks processed (+ 628)
Worker 1: 587 tasks processed (+ 587)
Worker 2: 586 tasks processed (+ 586)
Worker 3: 554 tasks processed (+ 553)
Worker 4: 579 tasks processed (+ 579)
Worker 5: 547 tasks processed (+ 547)
Worker 6: 608 tasks processed (+ 608)
Worker 7: 572 tasks processed (+ 572)
Worker 8: 581 tasks processed (+ 580)
Worker 9: 643 tasks processed (+ 643)
Worker 10: 576 tasks processed (+ 576)

