Data graph path: /g-thinker/newdata/skitter_f.txt
Query graph path: /fdu-zyj/query1125/query2.txt
Output graph path: /fdu-zyj/output
Partition Method: 
Preprocess Method: 1
Filter Method: 0
Order Method: random
Enumerate Method: 1
=================Start loading data graph ...=====================
Load Graph Time : 21.071211 seconds
================Start preprocessing...=================
Superstep 1:
*0.265513: [0.22111, 0.00632334, 0.00416875]
Superstep 1 done.Time elapsed: 0.271993 seconds
#msgs: 0
Superstep 2:
*0.044311: [0.00408888, 0.00365281, 0.00358939]
Superstep 2 done.Time elapsed: 0.0670121 seconds
#msgs: 0
Superstep 3:
Subgraph preprocessing done. 
Total Computational Time : 0.354374 seconds
 - Active Compute Time : 0.310024 seconds
 - Sync Message Time : 0.008415 seconds
 - Communication Time : 0.009462 seconds
    - Serialization Time : 0.000071 seconds
    - Transfer Time : 0.009361 seconds
Total #msgs=0, Total #vadd=0
=================Start loading query...===================
Worker 0: "hdfs://master:9000/fdu-zyj/query1125/query2.txt" loaded
Communication Time : 0.000092 seconds
- Serialization Time : 0.000009 seconds
- Transfer Time : 0.000083 seconds
Load Query Time : 0.354807 seconds
=================Start building query tree...===================
this->nodes size: 5
Node 0
Label: 97
Branch number: 0
Neighbors: [1, 2]
Backward neighbors: []
Backward same labels: []
It has 1 children.
Node 1
Label: 98
Branch number: 0
Neighbors: [0, 2]
Backward neighbors: []
Backward same labels: []
It has 1 children.
Node 2
Label: 99
Branch number: 0
Neighbors: [0, 1, 3]
Backward neighbors: [0]
Backward same labels: []
It has 1 children.
Node 3
Label: 98
Branch number: 0
Neighbors: [2, 4]
Backward neighbors: []
Backward same labels: [1]
It has 1 children.
Node 4
Label: 100
Branch number: 0
Neighbors: [3]
Backward neighbors: []
Backward same labels: []
It has 0 children.
Build Query Tree Time : 0.000713 seconds
================Start matching...======================
Superstep 1:
*0.0864849: [0.0535598, 0.00609803, 0.00412393]
Superstep 1 done.Time elapsed: 0.158011 seconds
#msgs: 327255
Superstep 2:
*0.0372992: [0.0251715, 0.00035882, 0.00027132]
Superstep 2 done.Time elapsed: 0.136177 seconds
#msgs: 253994
Superstep 3:
*0.720349: [0.711298, 0.000301361, 0.0003438]
Superstep 3 done.Time elapsed: 1.57476 seconds
#msgs: 188437
Superstep 4:
*1.26988: [1.26181, 0.000257015, 0.000338793]
Superstep 4 done.Time elapsed: 16.5059 seconds
#msgs: 224239
Superstep 5:
*15.5951: [15.5853, 0.000784397, 0.000782251]
Superstep 5 done.Time elapsed: 33.2569 seconds
#msgs: 0
Superstep 6:
Subgraph matching done. 
Total Computational Time : 51.647639 seconds
 - Active Compute Time : 17.709486 seconds
 - Sync Message Time : 10.698436 seconds
 - Communication Time : 10.642217 seconds
    - Serialization Time : 3.864242 seconds
    - Transfer Time : 6.745280 seconds
Total #msgs=993925, Total #vadd=0
1. Arrange messages: 0.38446 s
2. Check feasibility: 429.853 s
	 - Check vertex uniqueness: 126.469 s
	 - Check non-tree edge: 264.024 s
3. Construct neighbor map: 0.24538 s
4. Update out messages buffer: 1.22465 s
5. Clear out neighbor map: 0.0343897 s
Main Computation: 431.878 s
================Start enumerating...===================
Superstep 1:
*0.041888: [0.00424838, 0.00619483, 0.00428534]
Superstep 1 done.Time elapsed: 0.10227 seconds
#msgs: 0
Superstep 2:
Subgraph enumeration done. 
Total Computational Time : 0.120118 seconds
 - Active Compute Time : 0.041982 seconds
 - Sync Message Time : 0.043087 seconds
 - Communication Time : 0.043751 seconds
    - Serialization Time : 0.000106 seconds
    - Transfer Time : 0.043584 seconds
Total #msgs=0, Total #vadd=0
From start to end: total time: 429.853 s
 - continue enumerating: 1.22465 s
 - expand time: 0.0343897 s
Sync Time: 0.00606656 s
================ Final Report ===============
Mapping count: 2187761840
Load time: 21.426 s.
Dump time: 0 s.
Compute time: 51.7688 s.
Offline time: 24.8842 s.
Online time: 52.3371 s.
