Data graph path: /g-thinker/newdata/youtube_f.txt
Query graph path: /fdu-zyj/query1125/query1.txt
Output graph path: /fdu-zyj/output
Partition Method: 
Preprocess Method: 1
Filter Method: 0
Order Method: random
Enumerate Method: 1
=================Start loading data graph ...=====================
Load Graph Time : 10.452297 seconds
================Start preprocessing...=================
Superstep 1:
*0.0922799: [0.0637567, 0.00403166, 0.00285244]
Superstep 1 done.Time elapsed: 0.190528 seconds
#msgs: 0
Superstep 2:
*0.0292389: [0.00280809, 0.00244212, 0.00232911]
Superstep 2 done.Time elapsed: 0.0687799 seconds
#msgs: 0
Superstep 3:
Subgraph preprocessing done. 
Total Computational Time : 0.270241 seconds
 - Active Compute Time : 0.121922 seconds
 - Sync Message Time : 0.007672 seconds
 - Communication Time : 0.016672 seconds
    - Serialization Time : 0.000082 seconds
    - Transfer Time : 0.016535 seconds
Total #msgs=0, Total #vadd=0
=================Start loading query...===================
Worker 0: "hdfs://master:9000/fdu-zyj/query1125/query1.txt" loaded
Communication Time : 0.000114 seconds
- Serialization Time : 0.000008 seconds
- Transfer Time : 0.000106 seconds
Load Query Time : 0.518544 seconds
=================Start building query tree...===================
this->nodes size: 5
Node 0
Label: 97
Branch number: 0
Neighbors: [1]
Backward neighbors: []
Backward same labels: []
It has 1 children.
Node 1
Label: 98
Branch number: 0
Neighbors: [0, 2]
Backward neighbors: []
Backward same labels: []
It has 1 children.
Node 2
Label: 99
Branch number: 0
Neighbors: [1, 3]
Backward neighbors: []
Backward same labels: []
It has 1 children.
Node 3
Label: 98
Branch number: 0
Neighbors: [2, 4]
Backward neighbors: []
Backward same labels: [1]
It has 1 children.
Node 4
Label: 100
Branch number: 0
Neighbors: [3]
Backward neighbors: []
Backward same labels: []
It has 0 children.
Build Query Tree Time : 0.000717 seconds
================Start matching...======================
Superstep 1:
*0.0525908: [0.0303836, 0.00397563, 0.00274539]
Superstep 1 done.Time elapsed: 0.0881321 seconds
#msgs: 94281
Superstep 2:
*0.0120399: [0.0074079, 0.000105858, 0.000120401]
Superstep 2 done.Time elapsed: 0.0317721 seconds
#msgs: 61296
Superstep 3:
*0.0564399: [0.0517378, 9.13143e-05, 8.72612e-05]
Superstep 3 done.Time elapsed: 0.474845 seconds
#msgs: 80547
Superstep 4:
*0.644548: [0.639646, 0.000153065, 0.000141859]
Superstep 4 done.Time elapsed: 8.49132 seconds
#msgs: 52838
Superstep 5:
*13.4705: [13.4645, 0.000566006, 0.000463963]
Superstep 5 done.Time elapsed: 28.4283 seconds
#msgs: 0
Superstep 6:
Subgraph matching done. 
Total Computational Time : 37.527639 seconds
 - Active Compute Time : 14.236565 seconds
 - Sync Message Time : 7.556813 seconds
 - Communication Time : 7.538294 seconds
    - Serialization Time : 2.803210 seconds
    - Transfer Time : 4.732406 seconds
Total #msgs=288962, Total #vadd=0
1. Arrange messages: 0.136651 s
2. Check feasibility: 314.437 s
	 - Check vertex uniqueness: 93.0125 s
	 - Check non-tree edge: 193.027 s
3. Construct neighbor map: 0.0991652 s
4. Update out messages buffer: 0.660998 s
5. Clear out neighbor map: 0.0197814 s
Main Computation: 315.475 s
================Start enumerating...===================
Superstep 1:
*0.028959: [0.00246835, 0.00563669, 0.0028162]
Superstep 1 done.Time elapsed: 0.0444188 seconds
#msgs: 0
Superstep 2:
Subgraph enumeration done. 
Total Computational Time : 0.058444 seconds
 - Active Compute Time : 0.029038 seconds
 - Sync Message Time : 0.003326 seconds
 - Communication Time : 0.003935 seconds
    - Serialization Time : 0.000091 seconds
    - Transfer Time : 0.003791 seconds
Total #msgs=0, Total #vadd=0
From start to end: total time: 314.437 s
 - continue enumerating: 0.660998 s
 - expand time: 0.0197814 s
Sync Time: 0.00636721 s
================ Final Report ===============
Mapping count: 1671854447
Load time: 10.9708 s.
Dump time: 0 s.
Compute time: 37.5871 s.
Offline time: 14.0061 s.
Online time: 38.2739 s.
