Data graph path: /g-thinker/newdata/youtube_f.txt
Query graph path: /fdu-zyj/query1125/query3.txt
Output graph path: /fdu-zyj/output
Partition Method: 
Preprocess Method: 1
Filter Method: 0
Order Method: random
Enumerate Method: 1
=================Start loading data graph ...=====================
Load Graph Time : 10.876668 seconds
================Start preprocessing...=================
Superstep 1:
*0.100549: [0.0702605, 0.00411153, 0.00290084]
Superstep 1 done.Time elapsed: 0.179756 seconds
#msgs: 0
Superstep 2:
*0.0296159: [0.00272202, 0.00238657, 0.00251865]
Superstep 2 done.Time elapsed: 0.0508499 seconds
#msgs: 0
Superstep 3:
Subgraph preprocessing done. 
Total Computational Time : 0.259062 seconds
 - Active Compute Time : 0.130368 seconds
 - Sync Message Time : 0.015129 seconds
 - Communication Time : 0.025478 seconds
    - Serialization Time : 0.000078 seconds
    - Transfer Time : 0.025342 seconds
Total #msgs=0, Total #vadd=0
=================Start loading query...===================
Worker 0: "hdfs://master:9000/fdu-zyj/query1125/query3.txt" loaded
Communication Time : 0.000132 seconds
- Serialization Time : 0.000026 seconds
- Transfer Time : 0.000106 seconds
Load Query Time : 0.344145 seconds
=================Start building query tree...===================
this->nodes size: 5
Node 0
Label: 97
Branch number: 0
Neighbors: [1, 2, 4]
Backward neighbors: []
Backward same labels: []
It has 1 children.
Node 1
Label: 98
Branch number: 0
Neighbors: [0, 2]
Backward neighbors: []
Backward same labels: []
It has 1 children.
Node 2
Label: 99
Branch number: 0
Neighbors: [0, 1, 3]
Backward neighbors: [0]
Backward same labels: []
It has 1 children.
Node 3
Label: 98
Branch number: 0
Neighbors: [2, 4]
Backward neighbors: []
Backward same labels: [1]
It has 1 children.
Node 4
Label: 100
Branch number: 0
Neighbors: [0, 3]
Backward neighbors: [0]
Backward same labels: []
It has 0 children.
Build Query Tree Time : 0.000722 seconds
================Start matching...======================
Superstep 1:
*0.0533381: [0.0308657, 0.00405073, 0.00277114]
Superstep 1 done.Time elapsed: 0.0857651 seconds
#msgs: 94281
Superstep 2:
*0.0124998: [0.0073638, 0.000103474, 0.000129938]
Superstep 2 done.Time elapsed: 0.040879 seconds
#msgs: 61296
Superstep 3:
*0.0571609: [0.0522923, 7.89165e-05, 8.32081e-05]
Superstep 3 done.Time elapsed: 0.202943 seconds
#msgs: 33591
Superstep 4:
*0.082756: [0.0781133, 6.41346e-05, 9.65595e-05]
Superstep 4 done.Time elapsed: 1.01401 seconds
#msgs: 46524
Superstep 5:
*0.845844: [0.839936, 0.000163794, 0.000176907]
Superstep 5 done.Time elapsed: 2.18344 seconds
#msgs: 0
Superstep 6:
Subgraph matching done. 
Total Computational Time : 3.538525 seconds
 - Active Compute Time : 1.052056 seconds
 - Sync Message Time : 0.924457 seconds
 - Communication Time : 0.914245 seconds
    - Serialization Time : 0.295566 seconds
    - Transfer Time : 0.617257 seconds
Total #msgs=235692, Total #vadd=0
1. Arrange messages: 0.110105 s
2. Check feasibility: 22.6678 s
	 - Check vertex uniqueness: 6.33635 s
	 - Check non-tree edge: 15.6065 s
3. Construct neighbor map: 0.0787065 s
4. Update out messages buffer: 0.161766 s
5. Clear out neighbor map: 0.017148 s
Main Computation: 23.0667 s
================Start enumerating...===================
Superstep 1:
*0.0279398: [0.00243473, 0.00400782, 0.00275993]
Superstep 1 done.Time elapsed: 0.053395 seconds
#msgs: 0
Superstep 2:
Subgraph enumeration done. 
Total Computational Time : 0.072868 seconds
 - Active Compute Time : 0.028018 seconds
 - Sync Message Time : 0.011023 seconds
 - Communication Time : 0.011477 seconds
    - Serialization Time : 0.000124 seconds
    - Transfer Time : 0.011278 seconds
Total #msgs=0, Total #vadd=0
From start to end: total time: 22.6678 s
 - continue enumerating: 0.161766 s
 - expand time: 0.017148 s
Sync Time: 0.00606751 s
================ Final Report ===============
Mapping count: 6010004
Load time: 11.2208 s.
Dump time: 0 s.
Compute time: 3.61247 s.
Offline time: 14.4074 s.
Online time: 4.274 s.
