Load Time : 9.521482 seconds
结果：the # of matched graph = 
============ PROGRESS REPORT ============
Total number of tasks processed: 0
0
Worker 0: 0 tasks processed
Worker 1: 0 tasks processed
Worker 2: 0 tasks processed
Worker 3: 0 tasks processed
Worker 4: 0 tasks processed
Worker 5: 0 tasks processed
Worker 6: 0 tasks processed
Worker 7: 0 tasks processed
Worker 8: 0 tasks processed
Worker 9: 0 tasks processed
Worker 10: 0 tasks processed

结果：the # of matched graph = 1408

============ PROGRESS REPORT ============
Total number of tasks processed: 443
Worker 0: 21 tasks processed (+ 21)
Worker 1: 53 tasks processed (+ 53)
Worker 2: 22 tasks processed (+ 22)
Worker 3: 25 tasks processed (+ 25)
Worker 4: 40 tasks processed (+ 40)
Worker 5: 60 tasks processed (+ 60)
Worker 6: 39 tasks processed (+ 39)
Worker 7: 54 tasks processed (+ 54)
Worker 8: 46 tasks processed (+ 46)
Worker 9: 78 tasks processed (+ 78)
Worker 10: 5 tasks processed (+ 5)

结果：the # of matched graph = 128433

============ PROGRESS REPORT ============
Total number of tasks processed: 949
Worker 0: 46 tasks processed (+ 25)
Worker 1: 112 tasks processed (+ 59)
Worker 2: 80 tasks processed (+ 58)
Worker 3: 114 tasks processed (+ 89)
Worker 4: 68 tasks processed (+ 28)
Worker 5: 94 tasks processed (+ 34)
Worker 6: 95 tasks processed (+ 56)
Worker 7: 101 tasks processed (+ 47)
Worker 8: 77 tasks processed (+ 31)
Worker 9: 148 tasks processed (+ 70)
Worker 10: 14 tasks processed (+ 9)

结果：the # of matched graph = 1930058

============ PROGRESS REPORT ============
Total number of tasks processed: 1421
Worker 0: 74 tasks processed (+ 28)
Worker 1: 142 tasks processed (+ 30)
Worker 2: 103 tasks processed (+ 23)
Worker 3: 128 tasks processed (+ 14)
Worker 4: 99 tasks processed (+ 31)
Worker 5: 150 tasks processed (+ 56)
Worker 6: 179 tasks processed (+ 84)
Worker 7: 196 tasks processed (+ 95)
Worker 8: 97 tasks processed (+ 20)
Worker 9: 201 tasks processed (+ 53)
Worker 10: 52 tasks processed (+ 38)


============ PROGRESS REPORT ============
Total number of tasks processed: 2099
Worker 0: 134 tasks processed (+ 60)
Worker 1: 269 tasks processed (+ 127)
Worker 2: 144 tasks processed (+ 41)
Worker 3: 230 tasks processed (+ 102)
Worker 4: 157 tasks processed (+ 58)
Worker 5: 196 tasks processed (+ 46)
Worker 6: 224 tasks processed (+ 45)
Worker 7: 260 tasks processed (+ 64)
Worker 8: 149 tasks processed (+ 52)
Worker 9: 269 tasks processed (+ 68)
Worker 10: 67 tasks processed (+ 15)

结果：the # of matched graph = 5689055
结果：the # of matched graph = 12195446

============ PROGRESS REPORT ============
Total number of tasks processed: 2787
Worker 0: 204 tasks processed (+ 70)
Worker 1: 348 tasks processed (+ 79)
Worker 2: 198 tasks processed (+ 54)
Worker 3: 293 tasks processed (+ 63)
Worker 4: 237 tasks processed (+ 80)
Worker 5: 245 tasks processed (+ 49)
Worker 6: 286 tasks processed (+ 62)
Worker 7: 349 tasks processed (+ 89)
Worker 8: 198 tasks processed (+ 49)
Worker 9: 340 tasks processed (+ 71)
Worker 10: 89 tasks processed (+ 22)

结果：the # of matched graph = 23710637

============ PROGRESS REPORT ============
Total number of tasks processed: 3233
Worker 0: 264 tasks processed (+ 60)
Worker 1: 378 tasks processed (+ 30)
Worker 2: 215 tasks processed (+ 17)
Worker 3: 330 tasks processed (+ 37)
Worker 4: 271 tasks processed (+ 34)
Worker 5: 317 tasks processed (+ 72)
Worker 6: 336 tasks processed (+ 50)
Worker 7: 379 tasks processed (+ 30)
Worker 8: 239 tasks processed (+ 41)
Worker 9: 386 tasks processed (+ 46)
Worker 10: 118 tasks processed (+ 29)

结果：the # of matched graph = 39086427

============ PROGRESS REPORT ============
Total number of tasks processed: 3598
Worker 0: 278 tasks processed (+ 14)
Worker 1: 401 tasks processed (+ 23)
Worker 2: 229 tasks processed (+ 14)
Worker 3: 365 tasks processed (+ 35)
Worker 4: 314 tasks processed (+ 43)
Worker 5: 370 tasks processed (+ 53)
Worker 6: 355 tasks processed (+ 19)
Worker 7: 427 tasks processed (+ 48)
Worker 8: 296 tasks processed (+ 57)
Worker 9: 416 tasks processed (+ 30)
Worker 10: 147 tasks processed (+ 29)

结果：the # of matched graph = 54319177

============ PROGRESS REPORT ============
Total number of tasks processed: 4063
Worker 0: 300 tasks processed (+ 22)
Worker 1: 475 tasks processed (+ 74)
Worker 2: 243 tasks processed (+ 14)
Worker 3: 400 tasks processed (+ 35)
Worker 4: 372 tasks processed (+ 58)
Worker 5: 452 tasks processed (+ 82)
Worker 6: 370 tasks processed (+ 15)
Worker 7: 487 tasks processed (+ 60)
Worker 8: 335 tasks processed (+ 39)
Worker 9: 452 tasks processed (+ 36)
Worker 10: 177 tasks processed (+ 30)

结果：the # of matched graph = 67358187

============ PROGRESS REPORT ============
Total number of tasks processed: 4532
Worker 0: 318 tasks processed (+ 18)
Worker 1: 576 tasks processed (+ 101)
Worker 2: 255 tasks processed (+ 12)
Worker 3: 505 tasks processed (+ 105)
Worker 4: 406 tasks processed (+ 34)
Worker 5: 512 tasks processed (+ 60)
Worker 6: 385 tasks processed (+ 15)
Worker 7: 509 tasks processed (+ 22)
Worker 8: 377 tasks processed (+ 42)
Worker 9: 469 tasks processed (+ 17)
Worker 10: 220 tasks processed (+ 43)

结果：the # of matched graph = 79407309

============ PROGRESS REPORT ============
Total number of tasks processed: 5007
Worker 0: 335 tasks processed (+ 17)
Worker 1: 741 tasks processed (+ 165)
Worker 2: 269 tasks processed (+ 14)
Worker 3: 547 tasks processed (+ 42)
Worker 4: 446 tasks processed (+ 40)
Worker 5: 570 tasks processed (+ 58)
Worker 6: 403 tasks processed (+ 18)
Worker 7: 524 tasks processed (+ 15)
Worker 8: 424 tasks processed (+ 47)
Worker 9: 487 tasks processed (+ 18)
Worker 10: 261 tasks processed (+ 41)

结果：the # of matched graph = 90702814

============ PROGRESS REPORT ============
Total number of tasks processed: 5538
Worker 0: 349 tasks processed (+ 14)
Worker 1: 845 tasks processed (+ 104)
Worker 2: 284 tasks processed (+ 15)
Worker 3: 588 tasks processed (+ 41)
Worker 4: 582 tasks processed (+ 136)
Worker 5: 673 tasks processed (+ 103)
Worker 6: 421 tasks processed (+ 18)
Worker 7: 546 tasks processed (+ 22)
Worker 8: 453 tasks processed (+ 29)
Worker 9: 505 tasks processed (+ 18)
Worker 10: 292 tasks processed (+ 31)

结果：the # of matched graph = 105474959

============ PROGRESS REPORT ============
Total number of tasks processed: 6044
Worker 0: 368 tasks processed (+ 19)
Worker 1: 903 tasks processed (+ 58)
Worker 2: 302 tasks processed (+ 18)
Worker 3: 672 tasks processed (+ 84)
Worker 4: 649 tasks processed (+ 67)
Worker 5: 741 tasks processed (+ 68)
Worker 6: 446 tasks processed (+ 25)
Worker 7: 576 tasks processed (+ 30)
Worker 8: 504 tasks processed (+ 51)
Worker 9: 518 tasks processed (+ 13)
Worker 10: 365 tasks processed (+ 73)

结果：the # of matched graph = 122661182

============ PROGRESS REPORT ============
Total number of tasks processed: 6660
Worker 0: 421 tasks processed (+ 53)
Worker 1: 957 tasks processed (+ 54)
Worker 2: 318 tasks processed (+ 16)
Worker 3: 749 tasks processed (+ 77)
Worker 4: 667 tasks processed (+ 18)
Worker 5: 841 tasks processed (+ 100)
Worker 6: 548 tasks processed (+ 102)
Worker 7: 606 tasks processed (+ 30)
Worker 8: 602 tasks processed (+ 98)
Worker 9: 532 tasks processed (+ 14)
Worker 10: 419 tasks processed (+ 54)

结果：the # of matched graph = 136996628

============ PROGRESS REPORT ============
Total number of tasks processed: 7305
Worker 0: 440 tasks processed (+ 19)
Worker 1: 1109 tasks processed (+ 152)
Worker 2: 332 tasks processed (+ 14)
Worker 3: 849 tasks processed (+ 100)
Worker 4: 680 tasks processed (+ 13)
Worker 5: 893 tasks processed (+ 52)
Worker 6: 650 tasks processed (+ 102)
Worker 7: 673 tasks processed (+ 67)
Worker 8: 666 tasks processed (+ 64)
Worker 9: 545 tasks processed (+ 13)
Worker 10: 468 tasks processed (+ 49)

结果：the # of matched graph = 147729861

============ PROGRESS REPORT ============
Total number of tasks processed: 8058
Worker 0: 471 tasks processed (+ 31)
Worker 1: 1197 tasks processed (+ 88)
Worker 2: 353 tasks processed (+ 21)
Worker 3: 976 tasks processed (+ 127)
Worker 4: 693 tasks processed (+ 13)
Worker 5: 952 tasks processed (+ 59)
Worker 6: 799 tasks processed (+ 149)
Worker 7: 779 tasks processed (+ 106)
Worker 8: 751 tasks processed (+ 85)
Worker 9: 559 tasks processed (+ 14)
Worker 10: 528 tasks processed (+ 60)

结果：the # of matched graph = 159663036

============ PROGRESS REPORT ============
Total number of tasks processed: 8753
Worker 0: 491 tasks processed (+ 20)
Worker 1: 1401 tasks processed (+ 204)
Worker 2: 372 tasks processed (+ 19)
Worker 3: 1082 tasks processed (+ 106)
Worker 4: 711 tasks processed (+ 18)
Worker 5: 1005 tasks processed (+ 53)
Worker 6: 858 tasks processed (+ 59)
Worker 7: 848 tasks processed (+ 69)
Worker 8: 790 tasks processed (+ 39)
Worker 9: 577 tasks processed (+ 18)
Worker 10: 618 tasks processed (+ 90)

结果：the # of matched graph = 176962505

============ PROGRESS REPORT ============
Total number of tasks processed: 9359
Worker 0: 520 tasks processed (+ 29)
Worker 1: 1558 tasks processed (+ 157)
Worker 2: 390 tasks processed (+ 18)
Worker 3: 1172 tasks processed (+ 90)
Worker 4: 723 tasks processed (+ 12)
Worker 5: 1051 tasks processed (+ 46)
Worker 6: 933 tasks processed (+ 75)
Worker 7: 942 tasks processed (+ 94)
Worker 8: 802 tasks processed (+ 12)
Worker 9: 601 tasks processed (+ 24)
Worker 10: 667 tasks processed (+ 49)

结果：the # of matched graph = 198199154

============ PROGRESS REPORT ============
Total number of tasks processed: 9909
Worker 0: 588 tasks processed (+ 68)
Worker 1: 1678 tasks processed (+ 120)
Worker 2: 405 tasks processed (+ 15)
Worker 3: 1216 tasks processed (+ 44)
Worker 4: 739 tasks processed (+ 16)
Worker 5: 1115 tasks processed (+ 64)
Worker 6: 974 tasks processed (+ 41)
Worker 7: 1020 tasks processed (+ 78)
Worker 8: 815 tasks processed (+ 13)
Worker 9: 645 tasks processed (+ 44)
Worker 10: 714 tasks processed (+ 47)

结果：the # of matched graph = 222033420

============ PROGRESS REPORT ============
Total number of tasks processed: 10543
Worker 0: 696 tasks processed (+ 108)
Worker 1: 1822 tasks processed (+ 144)
Worker 2: 419 tasks processed (+ 14)
Worker 3: 1269 tasks processed (+ 53)
Worker 4: 753 tasks processed (+ 14)
Worker 5: 1153 tasks processed (+ 38)
Worker 6: 1059 tasks processed (+ 85)
Worker 7: 1085 tasks processed (+ 65)
Worker 8: 827 tasks processed (+ 12)
Worker 9: 719 tasks processed (+ 74)
Worker 10: 741 tasks processed (+ 27)


============ PROGRESS REPORT ============
Total number of tasks processed: 11193
Worker 0: 804 tasks processed (+ 108)
Worker 1: 1924 tasks processed (+ 102)
Worker 2: 436 tasks processed (+ 17)
Worker 3: 1321 tasks processed (+ 52)
Worker 4: 771 tasks processed (+ 18)
Worker 5: 1197 tasks processed (+ 44)
Worker 6: 1125 tasks processed (+ 66)
Worker 7: 1127 tasks processed (+ 42)
Worker 8: 841 tasks processed (+ 14)
Worker 9: 834 tasks processed (+ 115)
Worker 10: 813 tasks processed (+ 72)

结果：the # of matched graph = 247245748

============ PROGRESS REPORT ============
Total number of tasks processed: 11873
Worker 0: 892 tasks processed (+ 88)
Worker 1: 2028 tasks processed (+ 104)
Worker 2: 455 tasks processed (+ 19)
Worker 3: 1339 tasks processed (+ 18)
Worker 4: 787 tasks processed (+ 16)
Worker 5: 1306 tasks processed (+ 109)
Worker 6: 1159 tasks processed (+ 34)
Worker 7: 1181 tasks processed (+ 54)
Worker 8: 856 tasks processed (+ 15)
Worker 9: 1011 tasks processed (+ 177)
Worker 10: 859 tasks processed (+ 46)

结果：the # of matched graph = 266897169

============ PROGRESS REPORT ============
Total number of tasks processed: 12382
Worker 0: 911 tasks processed (+ 19)
Worker 1: 2123 tasks processed (+ 95)
Worker 2: 473 tasks processed (+ 18)
Worker 3: 1360 tasks processed (+ 21)
Worker 4: 804 tasks processed (+ 17)
Worker 5: 1339 tasks processed (+ 33)
Worker 6: 1203 tasks processed (+ 44)
Worker 7: 1240 tasks processed (+ 59)
Worker 8: 874 tasks processed (+ 18)
Worker 9: 1115 tasks processed (+ 104)
Worker 10: 940 tasks processed (+ 81)

结果：the # of matched graph = 288846732

============ PROGRESS REPORT ============
Total number of tasks processed: 12952
Worker 0: 952 tasks processed (+ 41)
Worker 1: 2157 tasks processed (+ 34)
Worker 2: 527 tasks processed (+ 54)
Worker 3: 1383 tasks processed (+ 23)
Worker 4: 842 tasks processed (+ 38)
Worker 5: 1351 tasks processed (+ 12)
Worker 6: 1319 tasks processed (+ 116)
Worker 7: 1282 tasks processed (+ 42)
Worker 8: 901 tasks processed (+ 27)
Worker 9: 1239 tasks processed (+ 124)
Worker 10: 999 tasks processed (+ 59)

结果：the # of matched graph = 331881780

============ PROGRESS REPORT ============
Total number of tasks processed: 13573
Worker 0: 995 tasks processed (+ 43)
Worker 1: 2174 tasks processed (+ 17)
Worker 2: 618 tasks processed (+ 91)
Worker 3: 1402 tasks processed (+ 19)
Worker 4: 896 tasks processed (+ 54)
Worker 5: 1361 tasks processed (+ 10)
Worker 6: 1389 tasks processed (+ 70)
Worker 7: 1364 tasks processed (+ 82)
Worker 8: 963 tasks processed (+ 62)
Worker 9: 1329 tasks processed (+ 90)
Worker 10: 1082 tasks processed (+ 83)

结果：the # of matched graph = 352080179

============ PROGRESS REPORT ============
Total number of tasks processed: 14182
Worker 0: 1076 tasks processed (+ 81)
Worker 1: 2191 tasks processed (+ 17)
Worker 2: 675 tasks processed (+ 57)
Worker 3: 1425 tasks processed (+ 23)
Worker 4: 940 tasks processed (+ 44)
Worker 5: 1372 tasks processed (+ 11)
Worker 6: 1416 tasks processed (+ 27)
Worker 7: 1520 tasks processed (+ 156)
Worker 8: 994 tasks processed (+ 31)
Worker 9: 1421 tasks processed (+ 92)
Worker 10: 1152 tasks processed (+ 70)

结果：the # of matched graph = 388825065

============ PROGRESS REPORT ============
Total number of tasks processed: 14708
Worker 0: 1155 tasks processed (+ 79)
Worker 1: 2206 tasks processed (+ 15)
Worker 2: 753 tasks processed (+ 78)
Worker 3: 1448 tasks processed (+ 23)
Worker 4: 1044 tasks processed (+ 104)
Worker 5: 1382 tasks processed (+ 10)
Worker 6: 1444 tasks processed (+ 28)
Worker 7: 1538 tasks processed (+ 18)
Worker 8: 1014 tasks processed (+ 20)
Worker 9: 1455 tasks processed (+ 34)
Worker 10: 1269 tasks processed (+ 117)

结果：the # of matched graph = 403937221
结果：the # of matched graph = 421283266

============ PROGRESS REPORT ============
Total number of tasks processed: 15260
Worker 0: 1245 tasks processed (+ 90)
Worker 1: 2222 tasks processed (+ 16)
Worker 2: 859 tasks processed (+ 106)
Worker 3: 1469 tasks processed (+ 21)
Worker 4: 1102 tasks processed (+ 58)
Worker 5: 1393 tasks processed (+ 11)
Worker 6: 1471 tasks processed (+ 27)
Worker 7: 1557 tasks processed (+ 19)
Worker 8: 1087 tasks processed (+ 73)
Worker 9: 1502 tasks processed (+ 47)
Worker 10: 1353 tasks processed (+ 84)

结果：the # of matched graph = 445618622

============ PROGRESS REPORT ============
Total number of tasks processed: 15760
Worker 0: 1292 tasks processed (+ 47)
Worker 1: 2253 tasks processed (+ 31)
Worker 2: 948 tasks processed (+ 89)
Worker 3: 1496 tasks processed (+ 27)
Worker 4: 1171 tasks processed (+ 69)
Worker 5: 1405 tasks processed (+ 12)
Worker 6: 1505 tasks processed (+ 34)
Worker 7: 1579 tasks processed (+ 22)
Worker 8: 1148 tasks processed (+ 61)
Worker 9: 1520 tasks processed (+ 18)
Worker 10: 1443 tasks processed (+ 90)

结果：the # of matched graph = 506956051

============ PROGRESS REPORT ============
Total number of tasks processed: 16373
Worker 0: 1366 tasks processed (+ 74)
Worker 1: 2266 tasks processed (+ 13)
Worker 2: 1108 tasks processed (+ 160)
Worker 3: 1516 tasks processed (+ 20)
Worker 4: 1247 tasks processed (+ 76)
Worker 5: 1434 tasks processed (+ 29)
Worker 6: 1562 tasks processed (+ 57)
Worker 7: 1599 tasks processed (+ 20)
Worker 8: 1185 tasks processed (+ 37)
Worker 9: 1538 tasks processed (+ 18)
Worker 10: 1552 tasks processed (+ 109)

结果：the # of matched graph = 535961776

============ PROGRESS REPORT ============
Total number of tasks processed: 16915
Worker 0: 1422 tasks processed (+ 56)
Worker 1: 2280 tasks processed (+ 14)
Worker 2: 1198 tasks processed (+ 90)
Worker 3: 1537 tasks processed (+ 21)
Worker 4: 1290 tasks processed (+ 43)
Worker 5: 1455 tasks processed (+ 21)
Worker 6: 1681 tasks processed (+ 119)
Worker 7: 1624 tasks processed (+ 25)
Worker 8: 1242 tasks processed (+ 57)
Worker 9: 1555 tasks processed (+ 17)
Worker 10: 1631 tasks processed (+ 79)

结果：the # of matched graph = 618459769

============ PROGRESS REPORT ============
Total number of tasks processed: 17600
Worker 0: 1461 tasks processed (+ 39)
Worker 1: 2338 tasks processed (+ 58)
Worker 2: 1317 tasks processed (+ 119)
Worker 3: 1591 tasks processed (+ 54)
Worker 4: 1386 tasks processed (+ 96)
Worker 5: 1470 tasks processed (+ 15)
Worker 6: 1783 tasks processed (+ 102)
Worker 7: 1646 tasks processed (+ 22)
Worker 8: 1316 tasks processed (+ 74)
Worker 9: 1575 tasks processed (+ 20)
Worker 10: 1717 tasks processed (+ 86)

结果：the # of matched graph = 703886053

============ PROGRESS REPORT ============
Total number of tasks processed: 18149
Worker 0: 1481 tasks processed (+ 20)
Worker 1: 2362 tasks processed (+ 24)
Worker 2: 1399 tasks processed (+ 82)
Worker 3: 1608 tasks processed (+ 17)
Worker 4: 1506 tasks processed (+ 120)
Worker 5: 1502 tasks processed (+ 32)
Worker 6: 1824 tasks processed (+ 41)
Worker 7: 1670 tasks processed (+ 24)
Worker 8: 1440 tasks processed (+ 124)
Worker 9: 1595 tasks processed (+ 20)
Worker 10: 1762 tasks processed (+ 45)


============ PROGRESS REPORT ============
Total number of tasks processed: 18918
Worker 0: 1532 tasks processed (+ 51)
Worker 1: 2420 tasks processed (+ 58)
Worker 2: 1510 tasks processed (+ 111)
Worker 3: 1645 tasks processed (+ 37)
Worker 4: 1666 tasks processed (+ 160)
Worker 5: 1523 tasks processed (+ 21)
Worker 6: 1859 tasks processed (+ 35)
Worker 7: 1726 tasks processed (+ 56)
Worker 8: 1587 tasks processed (+ 147)
Worker 9: 1616 tasks processed (+ 21)
Worker 10: 1834 tasks processed (+ 72)

结果：the # of matched graph = 775539413

============ PROGRESS REPORT ============
Total number of tasks processed: 19972
Worker 0: 1566 tasks processed (+ 34)
Worker 1: 2541 tasks processed (+ 121)
Worker 2: 1709 tasks processed (+ 199)
Worker 3: 1888 tasks processed (+ 243)
Worker 4: 1752 tasks processed (+ 86)
Worker 5: 1552 tasks processed (+ 29)
Worker 6: 1943 tasks processed (+ 84)
Worker 7: 1801 tasks processed (+ 75)
Worker 8: 1654 tasks processed (+ 67)
Worker 9: 1636 tasks processed (+ 20)
Worker 10: 1930 tasks processed (+ 96)

结果：the # of matched graph = 796341727

============ PROGRESS REPORT ============
Total number of tasks processed: 21074
Worker 0: 1590 tasks processed (+ 24)
Worker 1: 2731 tasks processed (+ 190)
Worker 2: 1826 tasks processed (+ 117)
Worker 3: 2075 tasks processed (+ 187)
Worker 4: 1833 tasks processed (+ 81)
Worker 5: 1597 tasks processed (+ 45)
Worker 6: 2015 tasks processed (+ 72)
Worker 7: 1920 tasks processed (+ 119)
Worker 8: 1678 tasks processed (+ 24)
Worker 9: 1686 tasks processed (+ 50)
Worker 10: 2123 tasks processed (+ 193)

结果：the # of matched graph = 813916048

============ PROGRESS REPORT ============
Total number of tasks processed: 22155
Worker 0: 1636 tasks processed (+ 46)
Worker 1: 2835 tasks processed (+ 104)
Worker 2: 1840 tasks processed (+ 14)
Worker 3: 2280 tasks processed (+ 205)
Worker 4: 1917 tasks processed (+ 84)
Worker 5: 1747 tasks processed (+ 150)
Worker 6: 2086 tasks processed (+ 71)
Worker 7: 1989 tasks processed (+ 69)
Worker 8: 1706 tasks processed (+ 28)
Worker 9: 1761 tasks processed (+ 75)
Worker 10: 2358 tasks processed (+ 235)

结果：the # of matched graph = 845529038

============ PROGRESS REPORT ============
Total number of tasks processed: 23055
Worker 0: 1674 tasks processed (+ 38)
Worker 1: 2878 tasks processed (+ 43)
Worker 2: 1846 tasks processed (+ 6)
Worker 3: 2410 tasks processed (+ 130)
Worker 4: 1950 tasks processed (+ 33)
Worker 5: 1929 tasks processed (+ 182)
Worker 6: 2151 tasks processed (+ 65)
Worker 7: 2124 tasks processed (+ 135)
Worker 8: 1754 tasks processed (+ 48)
Worker 9: 1849 tasks processed (+ 88)
Worker 10: 2490 tasks processed (+ 132)

结果：the # of matched graph = 892999246

============ PROGRESS REPORT ============
Total number of tasks processed: 24203
Worker 0: 1680 tasks processed (+ 6)
Worker 1: 3057 tasks processed (+ 179)
Worker 2: 1859 tasks processed (+ 13)
Worker 3: 2613 tasks processed (+ 203)
Worker 4: 2059 tasks processed (+ 109)
Worker 5: 1993 tasks processed (+ 64)
Worker 6: 2222 tasks processed (+ 71)
Worker 7: 2312 tasks processed (+ 188)
Worker 8: 1842 tasks processed (+ 88)
Worker 9: 1955 tasks processed (+ 106)
Worker 10: 2611 tasks processed (+ 121)

结果：the # of matched graph = 994453099

============ PROGRESS REPORT ============
Total number of tasks processed: 25303
Worker 0: 1689 tasks processed (+ 9)
Worker 1: 3102 tasks processed (+ 45)
Worker 2: 1868 tasks processed (+ 9)
Worker 3: 2724 tasks processed (+ 111)
Worker 4: 2131 tasks processed (+ 72)
Worker 5: 2088 tasks processed (+ 95)
Worker 6: 2307 tasks processed (+ 85)
Worker 7: 2446 tasks processed (+ 134)
Worker 8: 2108 tasks processed (+ 266)
Worker 9: 2094 tasks processed (+ 139)
Worker 10: 2746 tasks processed (+ 135)

结果：the # of matched graph = 1012020412

============ PROGRESS REPORT ============
Total number of tasks processed: 26316
Worker 0: 1769 tasks processed (+ 80)
Worker 1: 3123 tasks processed (+ 21)
Worker 2: 1877 tasks processed (+ 9)
Worker 3: 2802 tasks processed (+ 78)
Worker 4: 2161 tasks processed (+ 30)
Worker 5: 2206 tasks processed (+ 118)
Worker 6: 2348 tasks processed (+ 41)
Worker 7: 2601 tasks processed (+ 155)
Worker 8: 2335 tasks processed (+ 227)
Worker 9: 2283 tasks processed (+ 189)
Worker 10: 2811 tasks processed (+ 65)

结果：the # of matched graph = 1138575654
结果：the # of matched graph = 1167929207

============ PROGRESS REPORT ============
Total number of tasks processed: 27270
Worker 0: 1836 tasks processed (+ 67)
Worker 1: 3202 tasks processed (+ 79)
Worker 2: 1930 tasks processed (+ 53)
Worker 3: 2911 tasks processed (+ 109)
Worker 4: 2210 tasks processed (+ 49)
Worker 5: 2223 tasks processed (+ 17)
Worker 6: 2405 tasks processed (+ 57)
Worker 7: 2715 tasks processed (+ 114)
Worker 8: 2509 tasks processed (+ 174)
Worker 9: 2425 tasks processed (+ 142)
Worker 10: 2904 tasks processed (+ 93)


============ PROGRESS REPORT ============
Total number of tasks processed: 28279
Worker 0: 1871 tasks processed (+ 35)
Worker 1: 3353 tasks processed (+ 151)
Worker 2: 1989 tasks processed (+ 59)
Worker 3: 3099 tasks processed (+ 188)
Worker 4: 2277 tasks processed (+ 67)
Worker 5: 2301 tasks processed (+ 78)
Worker 6: 2462 tasks processed (+ 57)
Worker 7: 2772 tasks processed (+ 57)
Worker 8: 2665 tasks processed (+ 156)
Worker 9: 2570 tasks processed (+ 145)
Worker 10: 2920 tasks processed (+ 16)

结果：the # of matched graph = 1198768359

============ PROGRESS REPORT ============
Total number of tasks processed: 29139
Worker 0: 1912 tasks processed (+ 41)
Worker 1: 3512 tasks processed (+ 159)
Worker 2: 2044 tasks processed (+ 55)
Worker 3: 3148 tasks processed (+ 49)
Worker 4: 2393 tasks processed (+ 116)
Worker 5: 2317 tasks processed (+ 16)
Worker 6: 2527 tasks processed (+ 65)
Worker 7: 2825 tasks processed (+ 53)
Worker 8: 2788 tasks processed (+ 123)
Worker 9: 2716 tasks processed (+ 146)
Worker 10: 2957 tasks processed (+ 37)

结果：the # of matched graph = 1318428500

============ PROGRESS REPORT ============
Total number of tasks processed: 30344
Worker 0: 1979 tasks processed (+ 67)
Worker 1: 3852 tasks processed (+ 340)
Worker 2: 2086 tasks processed (+ 42)
Worker 3: 3266 tasks processed (+ 118)
Worker 4: 2525 tasks processed (+ 132)
Worker 5: 2361 tasks processed (+ 44)
Worker 6: 2655 tasks processed (+ 128)
Worker 7: 2930 tasks processed (+ 105)
Worker 8: 2867 tasks processed (+ 79)
Worker 9: 2764 tasks processed (+ 48)
Worker 10: 3059 tasks processed (+ 102)

结果：the # of matched graph = 1360227215

============ PROGRESS REPORT ============
Total number of tasks processed: 31776
Worker 0: 2014 tasks processed (+ 35)
Worker 1: 4347 tasks processed (+ 495)
Worker 2: 2136 tasks processed (+ 50)
Worker 3: 3367 tasks processed (+ 101)
Worker 4: 2722 tasks processed (+ 197)
Worker 5: 2407 tasks processed (+ 46)
Worker 6: 2874 tasks processed (+ 219)
Worker 7: 3048 tasks processed (+ 118)
Worker 8: 2937 tasks processed (+ 70)
Worker 9: 2800 tasks processed (+ 36)
Worker 10: 3124 tasks processed (+ 65)

结果：the # of matched graph = 1391327426
结果：the # of matched graph = 1414108336

============ PROGRESS REPORT ============
Total number of tasks processed: 34046
Worker 0: 2036 tasks processed (+ 22)
Worker 1: 5526 tasks processed (+ 1179)
Worker 2: 2156 tasks processed (+ 20)
Worker 3: 3537 tasks processed (+ 170)
Worker 4: 2864 tasks processed (+ 142)
Worker 5: 2444 tasks processed (+ 37)
Worker 6: 3166 tasks processed (+ 292)
Worker 7: 3109 tasks processed (+ 61)
Worker 8: 2960 tasks processed (+ 23)
Worker 9: 2966 tasks processed (+ 166)
Worker 10: 3282 tasks processed (+ 158)

结果：the # of matched graph = 1432791696

============ PROGRESS REPORT ============
Total number of tasks processed: 36038
Worker 0: 2076 tasks processed (+ 40)
Worker 1: 6619 tasks processed (+ 1093)
Worker 2: 2178 tasks processed (+ 22)
Worker 3: 3557 tasks processed (+ 20)
Worker 4: 2975 tasks processed (+ 111)
Worker 5: 2503 tasks processed (+ 59)
Worker 6: 3291 tasks processed (+ 125)
Worker 7: 3269 tasks processed (+ 160)
Worker 8: 3022 tasks processed (+ 62)
Worker 9: 3087 tasks processed (+ 121)
Worker 10: 3461 tasks processed (+ 179)

10 stealing plans generated at the master
3 stealing plans generated at the master
1 stealing plans generated at the master
1 stealing plans generated at the master
1 stealing plans generated at the master

============ PROGRESS REPORT ============
Total number of tasks processed: 37997
Worker 0: 2115 tasks processed (+ 39)
Worker 1: 7581 tasks processed (+ 962)
--- 2403 more tasks stolen
Worker 2: 2264 tasks processed (+ 86)
Worker 3: 3704 tasks processed (+ 147)
Worker 4: 3101 tasks processed (+ 126)
Worker 5: 2632 tasks processed (+ 129)
Worker 6: 3334 tasks processed (+ 43)
Worker 7: 3510 tasks processed (+ 241)
Worker 8: 3084 tasks processed (+ 62)
Worker 9: 3151 tasks processed (+ 64)
Worker 10: 3521 tasks processed (+ 60)

结果：the # of matched graph = 1456877235
1 stealing plans generated at the master

============ PROGRESS REPORT ============
Total number of tasks processed: 39689
Worker 0: 2146 tasks processed (+ 31)
Worker 1: 8127 tasks processed (+ 546)
--- 151 more tasks stolen
Worker 2: 2461 tasks processed (+ 197)
Worker 3: 3971 tasks processed (+ 267)
Worker 4: 3128 tasks processed (+ 27)
Worker 5: 2742 tasks processed (+ 110)
Worker 6: 3420 tasks processed (+ 86)
Worker 7: 3555 tasks processed (+ 45)
Worker 8: 3196 tasks processed (+ 112)
Worker 9: 3247 tasks processed (+ 96)
Worker 10: 3696 tasks processed (+ 175)

结果：the # of matched graph = 1486908754
1 stealing plans generated at the master
1 stealing plans generated at the master

============ PROGRESS REPORT ============
Total number of tasks processed: 41203
Worker 0: 2229 tasks processed (+ 83)
Worker 1: 8411 tasks processed (+ 284)
--- 300 more tasks stolen
Worker 2: 2520 tasks processed (+ 59)
Worker 3: 4219 tasks processed (+ 248)
Worker 4: 3211 tasks processed (+ 83)
Worker 5: 2789 tasks processed (+ 47)
Worker 6: 3546 tasks processed (+ 126)
Worker 7: 3585 tasks processed (+ 30)
Worker 8: 3373 tasks processed (+ 177)
Worker 9: 3393 tasks processed (+ 146)
Worker 10: 3927 tasks processed (+ 231)

结果：the # of matched graph = 1520584013
1 stealing plans generated at the master

============ PROGRESS REPORT ============
Total number of tasks processed: 42919
Worker 0: 2389 tasks processed (+ 160)
Worker 1: 8704 tasks processed (+ 293)
--- 151 more tasks stolen
Worker 2: 2575 tasks processed (+ 55)
Worker 3: 4648 tasks processed (+ 429)
Worker 4: 3226 tasks processed (+ 15)
Worker 5: 2865 tasks processed (+ 76)
Worker 6: 3590 tasks processed (+ 44)
Worker 7: 3704 tasks processed (+ 119)
Worker 8: 3434 tasks processed (+ 61)
Worker 9: 3594 tasks processed (+ 201)
Worker 10: 4190 tasks processed (+ 263)

结果：the # of matched graph = 1552335157
1 stealing plans generated at the master

============ PROGRESS REPORT ============
Total number of tasks processed: 45367
Worker 0: 2643 tasks processed (+ 254)
Worker 1: 8940 tasks processed (+ 236)
--- 151 more tasks stolen
Worker 2: 2607 tasks processed (+ 32)
Worker 3: 5202 tasks processed (+ 554)
Worker 4: 3278 tasks processed (+ 52)
Worker 5: 2957 tasks processed (+ 92)
Worker 6: 3795 tasks processed (+ 205)
Worker 7: 3957 tasks processed (+ 253)
Worker 8: 3577 tasks processed (+ 143)
Worker 9: 3813 tasks processed (+ 219)
Worker 10: 4598 tasks processed (+ 408)

结果：the # of matched graph = 1574973480
1 stealing plans generated at the master

============ PROGRESS REPORT ============
Total number of tasks processed: 48745
Worker 0: 3043 tasks processed (+ 400)
Worker 1: 9086 tasks processed (+ 146)
--- 150 more tasks stolen
Worker 2: 2774 tasks processed (+ 167)
Worker 3: 5991 tasks processed (+ 789)
Worker 4: 3306 tasks processed (+ 28)
Worker 5: 3174 tasks processed (+ 217)
Worker 6: 4137 tasks processed (+ 342)
Worker 7: 4211 tasks processed (+ 254)
Worker 8: 3774 tasks processed (+ 197)
Worker 9: 4067 tasks processed (+ 254)
Worker 10: 5182 tasks processed (+ 584)

结果：the # of matched graph = 1793916486
1 stealing plans generated at the master
1 stealing plans generated at the master

============ PROGRESS REPORT ============
Total number of tasks processed: 52982
Worker 0: 3533 tasks processed (+ 490)
Worker 1: 9302 tasks processed (+ 216)
--- 301 more tasks stolen
Worker 2: 3016 tasks processed (+ 242)
Worker 3: 6570 tasks processed (+ 579)
Worker 4: 3338 tasks processed (+ 32)
Worker 5: 3359 tasks processed (+ 185)
Worker 6: 4758 tasks processed (+ 621)
Worker 7: 4726 tasks processed (+ 515)
Worker 8: 3965 tasks processed (+ 191)
Worker 9: 4462 tasks processed (+ 395)
Worker 10: 5953 tasks processed (+ 771)

结果：the # of matched graph = 1835659611
11 stealing plans generated at the master
5 stealing plans generated at the master
3 stealing plans generated at the master
2 stealing plans generated at the master

============ PROGRESS REPORT ============
Total number of tasks processed: 59995
Worker 0: 4517 tasks processed (+ 984)
Worker 1: 9570 tasks processed (+ 268)
--- 301 more tasks stolen
Worker 2: 3486 tasks processed (+ 470)
Worker 3: 8175 tasks processed (+ 1605)
--- 2853 more tasks stolen
Worker 4: 3401 tasks processed (+ 63)
Worker 5: 3703 tasks processed (+ 344)
Worker 6: 5851 tasks processed (+ 1093)
Worker 7: 5772 tasks processed (+ 1046)
Worker 8: 4393 tasks processed (+ 428)
Worker 9: 4953 tasks processed (+ 491)
Worker 10: 6174 tasks processed (+ 221)

结果：the # of matched graph = 1862860560
2 stealing plans generated at the master
1 stealing plans generated at the master
1 stealing plans generated at the master
1 stealing plans generated at the master
1 stealing plans generated at the master
1 stealing plans generated at the master
11 stealing plans generated at the master

============ PROGRESS REPORT ============
Total number of tasks processed: 67304
Worker 0: 5542 tasks processed (+ 1025)
Worker 1: 9905 tasks processed (+ 335)
--- 300 more tasks stolen
Worker 2: 3961 tasks processed (+ 475)
Worker 3: 9471 tasks processed (+ 1296)
--- 752 more tasks stolen
Worker 4: 3560 tasks processed (+ 159)
Worker 5: 4251 tasks processed (+ 548)
Worker 6: 6658 tasks processed (+ 807)
Worker 7: 6712 tasks processed (+ 940)
Worker 8: 4929 tasks processed (+ 536)
Worker 9: 5679 tasks processed (+ 726)
Worker 10: 6636 tasks processed (+ 462)

结果：the # of matched graph = 1886957730
25 stealing plans generated at the master
41 stealing plans generated at the master
53 stealing plans generated at the master
68 stealing plans generated at the master

============ PROGRESS REPORT ============
Total number of tasks processed: 75912
Worker 0: 6638 tasks processed (+ 1096)
--- 1951 more tasks stolen
Worker 1: 10079 tasks processed (+ 174)
Worker 2: 4375 tasks processed (+ 414)
--- 601 more tasks stolen
Worker 3: 10440 tasks processed (+ 969)
--- 151 more tasks stolen
Worker 4: 4530 tasks processed (+ 970)
--- 587 more tasks stolen
Worker 5: 4595 tasks processed (+ 344)
--- 451 more tasks stolen
Worker 6: 8062 tasks processed (+ 1404)
--- 1200 more tasks stolen
Worker 7: 8511 tasks processed (+ 1799)
--- 1438 more tasks stolen
Worker 8: 5287 tasks processed (+ 358)
Worker 9: 6088 tasks processed (+ 409)
--- 182 more tasks stolen
Worker 10: 7307 tasks processed (+ 671)

结果：the # of matched graph = 1909720335

============ PROGRESS REPORT ============
Total number of tasks processed: 82660
Worker 0: 8061 tasks processed (+ 1423)
Worker 1: 10346 tasks processed (+ 267)
Worker 2: 4916 tasks processed (+ 541)
Worker 3: 11466 tasks processed (+ 1026)
Worker 4: 5187 tasks processed (+ 657)
Worker 5: 5042 tasks processed (+ 447)
Worker 6: 9047 tasks processed (+ 985)
Worker 7: 9234 tasks processed (+ 723)
Worker 8: 5456 tasks processed (+ 169)
Worker 9: 6389 tasks processed (+ 301)
Worker 10: 7516 tasks processed (+ 209)

结果：the # of matched graph = 1926609690

============ PROGRESS REPORT ============
Total number of tasks processed: 83960
Worker 0: 8356 tasks processed (+ 295)
Worker 1: 10562 tasks processed (+ 216)
Worker 2: 4931 tasks processed (+ 15)
Worker 3: 11677 tasks processed (+ 211)
Worker 4: 5551 tasks processed (+ 364)
Worker 5: 5196 tasks processed (+ 154)
Worker 6: 9074 tasks processed (+ 27)
Worker 7: 9234 tasks processed (+ 0)
Worker 8: 5474 tasks processed (+ 18)
Worker 9: 6389 tasks processed (+ 0)
Worker 10: 7516 tasks processed (+ 0)

结果：the # of matched graph = 2032762663

============ PROGRESS REPORT ============
Total number of tasks processed: 84413
Worker 0: 8356 tasks processed (+ 0)
Worker 1: 10984 tasks processed (+ 422)
Worker 2: 4931 tasks processed (+ 0)
Worker 3: 11677 tasks processed (+ 0)
Worker 4: 5551 tasks processed (+ 0)
Worker 5: 5221 tasks processed (+ 25)
Worker 6: 9074 tasks processed (+ 0)
Worker 7: 9234 tasks processed (+ 0)
Worker 8: 5480 tasks processed (+ 6)
Worker 9: 6389 tasks processed (+ 0)
Worker 10: 7516 tasks processed (+ 0)

结果：the # of matched graph = 2040689371

============ PROGRESS REPORT ============
Total number of tasks processed: 85292
Worker 0: 8356 tasks processed (+ 0)
Worker 1: 11833 tasks processed (+ 849)
Worker 2: 4931 tasks processed (+ 0)
Worker 3: 11677 tasks processed (+ 0)
Worker 4: 5551 tasks processed (+ 0)
Worker 5: 5245 tasks processed (+ 24)
Worker 6: 9074 tasks processed (+ 0)
Worker 7: 9234 tasks processed (+ 0)
Worker 8: 5486 tasks processed (+ 6)
Worker 9: 6389 tasks processed (+ 0)
Worker 10: 7516 tasks processed (+ 0)

结果：the # of matched graph = 2047980006

============ PROGRESS REPORT ============
Total number of tasks processed: 85446
Worker 0: 8356 tasks processed (+ 0)
Worker 1: 11954 tasks processed (+ 121)
Worker 2: 4931 tasks processed (+ 0)
Worker 3: 11677 tasks processed (+ 0)
Worker 4: 5551 tasks processed (+ 0)
Worker 5: 5269 tasks processed (+ 24)
Worker 6: 9074 tasks processed (+ 0)
Worker 7: 9234 tasks processed (+ 0)
Worker 8: 5495 tasks processed (+ 9)
Worker 9: 6389 tasks processed (+ 0)
Worker 10: 7516 tasks processed (+ 0)

结果：the # of matched graph = 2048955769

============ PROGRESS REPORT ============
Total number of tasks processed: 85484
Worker 0: 8356 tasks processed (+ 0)
Worker 1: 11954 tasks processed (+ 0)
Worker 2: 4931 tasks processed (+ 0)
Worker 3: 11677 tasks processed (+ 0)
Worker 4: 5551 tasks processed (+ 0)
Worker 5: 5294 tasks processed (+ 25)
Worker 6: 9074 tasks processed (+ 0)
Worker 7: 9234 tasks processed (+ 0)
Worker 8: 5508 tasks processed (+ 13)
Worker 9: 6389 tasks processed (+ 0)
Worker 10: 7516 tasks processed (+ 0)

结果：the # of matched graph = 2049810057

============ PROGRESS REPORT ============
Total number of tasks processed: 85536
Worker 0: 8356 tasks processed (+ 0)
Worker 1: 11954 tasks processed (+ 0)
Worker 2: 4939 tasks processed (+ 8)
Worker 3: 11677 tasks processed (+ 0)
Worker 4: 5551 tasks processed (+ 0)
Worker 5: 5330 tasks processed (+ 36)
Worker 6: 9074 tasks processed (+ 0)
Worker 7: 9234 tasks processed (+ 0)
Worker 8: 5516 tasks processed (+ 8)
Worker 9: 6389 tasks processed (+ 0)
Worker 10: 7516 tasks processed (+ 0)

结果：the # of matched graph = 2121076006

============ PROGRESS REPORT ============
Total number of tasks processed: 85607
Worker 0: 8356 tasks processed (+ 0)
Worker 1: 11954 tasks processed (+ 0)
Worker 2: 4980 tasks processed (+ 41)
Worker 3: 11677 tasks processed (+ 0)
Worker 4: 5551 tasks processed (+ 0)
Worker 5: 5345 tasks processed (+ 15)
Worker 6: 9074 tasks processed (+ 0)
Worker 7: 9234 tasks processed (+ 0)
Worker 8: 5531 tasks processed (+ 15)
Worker 9: 6389 tasks processed (+ 0)
Worker 10: 7516 tasks processed (+ 0)

结果：the # of matched graph = 2135485631

============ PROGRESS REPORT ============
Total number of tasks processed: 85743
Worker 0: 8356 tasks processed (+ 0)
Worker 1: 11954 tasks processed (+ 0)
Worker 2: 5089 tasks processed (+ 109)
Worker 3: 11677 tasks processed (+ 0)
Worker 4: 5551 tasks processed (+ 0)
Worker 5: 5359 tasks processed (+ 14)
Worker 6: 9074 tasks processed (+ 0)
Worker 7: 9234 tasks processed (+ 0)
Worker 8: 5544 tasks processed (+ 13)
Worker 9: 6389 tasks processed (+ 0)
Worker 10: 7516 tasks processed (+ 0)

结果：the # of matched graph = 2142213365

============ PROGRESS REPORT ============
Total number of tasks processed: 85785
Worker 0: 8356 tasks processed (+ 0)
Worker 1: 11954 tasks processed (+ 0)
Worker 2: 5096 tasks processed (+ 7)
Worker 3: 11677 tasks processed (+ 0)
Worker 4: 5551 tasks processed (+ 0)
Worker 5: 5374 tasks processed (+ 15)
Worker 6: 9074 tasks processed (+ 0)
Worker 7: 9234 tasks processed (+ 0)
Worker 8: 5564 tasks processed (+ 20)
Worker 9: 6389 tasks processed (+ 0)
Worker 10: 7516 tasks processed (+ 0)

结果：the # of matched graph = 2151020278

============ PROGRESS REPORT ============
Total number of tasks processed: 85834
Worker 0: 8356 tasks processed (+ 0)
Worker 1: 11954 tasks processed (+ 0)
Worker 2: 5104 tasks processed (+ 8)
Worker 3: 11677 tasks processed (+ 0)
Worker 4: 5551 tasks processed (+ 0)
Worker 5: 5415 tasks processed (+ 41)
Worker 6: 9074 tasks processed (+ 0)
Worker 7: 9234 tasks processed (+ 0)
Worker 8: 5564 tasks processed (+ 0)
Worker 9: 6389 tasks processed (+ 0)
Worker 10: 7516 tasks processed (+ 0)

结果：the # of matched graph = 2153819949

============ PROGRESS REPORT ============
Total number of tasks processed: 85872
Worker 0: 8356 tasks processed (+ 0)
Worker 1: 11954 tasks processed (+ 0)
Worker 2: 5119 tasks processed (+ 15)
Worker 3: 11677 tasks processed (+ 0)
Worker 4: 5551 tasks processed (+ 0)
Worker 5: 5438 tasks processed (+ 23)
Worker 6: 9074 tasks processed (+ 0)
Worker 7: 9234 tasks processed (+ 0)
Worker 8: 5564 tasks processed (+ 0)
Worker 9: 6389 tasks processed (+ 0)
Worker 10: 7516 tasks processed (+ 0)

结果：the # of matched graph = 2161117995

============ PROGRESS REPORT ============
Total number of tasks processed: 85980
Worker 0: 8356 tasks processed (+ 0)
Worker 1: 11954 tasks processed (+ 0)
Worker 2: 5153 tasks processed (+ 34)
Worker 3: 11677 tasks processed (+ 0)
Worker 4: 5551 tasks processed (+ 0)
Worker 5: 5512 tasks processed (+ 74)
Worker 6: 9074 tasks processed (+ 0)
Worker 7: 9234 tasks processed (+ 0)
Worker 8: 5564 tasks processed (+ 0)
Worker 9: 6389 tasks processed (+ 0)
Worker 10: 7516 tasks processed (+ 0)

结果：the # of matched graph = 2164078766

============ PROGRESS REPORT ============
Total number of tasks processed: 86075
Worker 0: 8356 tasks processed (+ 0)
Worker 1: 11954 tasks processed (+ 0)
Worker 2: 5213 tasks processed (+ 60)
Worker 3: 11677 tasks processed (+ 0)
Worker 4: 5551 tasks processed (+ 0)
Worker 5: 5547 tasks processed (+ 35)
Worker 6: 9074 tasks processed (+ 0)
Worker 7: 9234 tasks processed (+ 0)
Worker 8: 5564 tasks processed (+ 0)
Worker 9: 6389 tasks processed (+ 0)
Worker 10: 7516 tasks processed (+ 0)

结果：the # of matched graph = 2169699553

============ PROGRESS REPORT ============
Total number of tasks processed: 86099
Worker 0: 8356 tasks processed (+ 0)
Worker 1: 11954 tasks processed (+ 0)
Worker 2: 5223 tasks processed (+ 10)
Worker 3: 11677 tasks processed (+ 0)
Worker 4: 5551 tasks processed (+ 0)
Worker 5: 5561 tasks processed (+ 14)
Worker 6: 9074 tasks processed (+ 0)
Worker 7: 9234 tasks processed (+ 0)
Worker 8: 5564 tasks processed (+ 0)
Worker 9: 6389 tasks processed (+ 0)
Worker 10: 7516 tasks processed (+ 0)

结果：the # of matched graph = 2175578085

============ PROGRESS REPORT ============
Total number of tasks processed: 86114
Worker 0: 8356 tasks processed (+ 0)
Worker 1: 11954 tasks processed (+ 0)
Worker 2: 5232 tasks processed (+ 9)
Worker 3: 11677 tasks processed (+ 0)
Worker 4: 5551 tasks processed (+ 0)
Worker 5: 5567 tasks processed (+ 6)
Worker 6: 9074 tasks processed (+ 0)
Worker 7: 9234 tasks processed (+ 0)
Worker 8: 5564 tasks processed (+ 0)
Worker 9: 6389 tasks processed (+ 0)
Worker 10: 7516 tasks processed (+ 0)

结果：the # of matched graph = 2177252499

============ PROGRESS REPORT ============
Total number of tasks processed: 86162
Worker 0: 8356 tasks processed (+ 0)
Worker 1: 11954 tasks processed (+ 0)
Worker 2: 5274 tasks processed (+ 42)
Worker 3: 11677 tasks processed (+ 0)
Worker 4: 5551 tasks processed (+ 0)
Worker 5: 5573 tasks processed (+ 6)
Worker 6: 9074 tasks processed (+ 0)
Worker 7: 9234 tasks processed (+ 0)
Worker 8: 5564 tasks processed (+ 0)
Worker 9: 6389 tasks processed (+ 0)
Worker 10: 7516 tasks processed (+ 0)

结果：the # of matched graph = 2179361804

============ PROGRESS REPORT ============
Total number of tasks processed: 86268
Worker 0: 8356 tasks processed (+ 0)
Worker 1: 11954 tasks processed (+ 0)
Worker 2: 5373 tasks processed (+ 99)
Worker 3: 11677 tasks processed (+ 0)
Worker 4: 5551 tasks processed (+ 0)
Worker 5: 5580 tasks processed (+ 7)
Worker 6: 9074 tasks processed (+ 0)
Worker 7: 9234 tasks processed (+ 0)
Worker 8: 5564 tasks processed (+ 0)
Worker 9: 6389 tasks processed (+ 0)
Worker 10: 7516 tasks processed (+ 0)

结果：the # of matched graph = 2180552109

============ PROGRESS REPORT ============
Total number of tasks processed: 86292
Worker 0: 8356 tasks processed (+ 0)
Worker 1: 11954 tasks processed (+ 0)
Worker 2: 5373 tasks processed (+ 0)
Worker 3: 11677 tasks processed (+ 0)
Worker 4: 5551 tasks processed (+ 0)
Worker 5: 5604 tasks processed (+ 24)
Worker 6: 9074 tasks processed (+ 0)
Worker 7: 9234 tasks processed (+ 0)
Worker 8: 5564 tasks processed (+ 0)
Worker 9: 6389 tasks processed (+ 0)
Worker 10: 7516 tasks processed (+ 0)

结果：the # of matched graph = 2183010027

============ PROGRESS REPORT ============
Total number of tasks processed: 86322
Worker 0: 8356 tasks processed (+ 0)
Worker 1: 11954 tasks processed (+ 0)
Worker 2: 5373 tasks processed (+ 0)
Worker 3: 11677 tasks processed (+ 0)
Worker 4: 5551 tasks processed (+ 0)
Worker 5: 5634 tasks processed (+ 30)
Worker 6: 9074 tasks processed (+ 0)
Worker 7: 9234 tasks processed (+ 0)
Worker 8: 5564 tasks processed (+ 0)
Worker 9: 6389 tasks processed (+ 0)
Worker 10: 7516 tasks processed (+ 0)

结果：the # of matched graph = 2185060199

============ PROGRESS REPORT ============
Total number of tasks processed: 86329
Worker 0: 8356 tasks processed (+ 0)
Worker 1: 11954 tasks processed (+ 0)
Worker 2: 5373 tasks processed (+ 0)
Worker 3: 11677 tasks processed (+ 0)
Worker 4: 5551 tasks processed (+ 0)
Worker 5: 5641 tasks processed (+ 7)
Worker 6: 9074 tasks processed (+ 0)
Worker 7: 9234 tasks processed (+ 0)
Worker 8: 5564 tasks processed (+ 0)
Worker 9: 6389 tasks processed (+ 0)
Worker 10: 7516 tasks processed (+ 0)

结果：the # of matched graph = 2185787434

============ PROGRESS REPORT ============
Total number of tasks processed: 86370
Worker 0: 8356 tasks processed (+ 0)
Worker 1: 11954 tasks processed (+ 0)
Worker 2: 5373 tasks processed (+ 0)
Worker 3: 11677 tasks processed (+ 0)
Worker 4: 5551 tasks processed (+ 0)
Worker 5: 5682 tasks processed (+ 41)
Worker 6: 9074 tasks processed (+ 0)
Worker 7: 9234 tasks processed (+ 0)
Worker 8: 5564 tasks processed (+ 0)
Worker 9: 6389 tasks processed (+ 0)
Worker 10: 7516 tasks processed (+ 0)

结果：the # of matched graph = 2187327151
Task Time : 81.812299 seconds
结果：the # of matched graph = 2187761840

============ PROGRESS REPORT ============
Total number of tasks processed: 86472
Worker 0: 8356 tasks processed (+ 0)
Worker 1: 11954 tasks processed (+ 0)
Worker 2: 5373 tasks processed (+ 0)
Worker 3: 11677 tasks processed (+ 0)
Worker 4: 5551 tasks processed (+ 0)
Worker 5: 5784 tasks processed (+ 102)
Worker 6: 9074 tasks processed (+ 0)
Worker 7: 9234 tasks processed (+ 0)
Worker 8: 5564 tasks processed (+ 0)
Worker 9: 6389 tasks processed (+ 0)
Worker 10: 7516 tasks processed (+ 0)

