Data graph path: /g-thinker/labelSK.txt
Query graph path: /fdu-zyj/query1125/query2.txt
Output graph path: /fdu-zyj/output
Partition Method: 
Preprocess Method: 1
Filter Method: 0
Order Method: random
Enumerate Method: 1
=================Start loading data graph ...=====================
Load Graph Time : 20.666384 seconds
================Start preprocessing...=================
Superstep 1:
*0.263093: [0.218903, 0.00611115, 0.00428939]
Superstep 1 done.Time elapsed: 0.273526 seconds
#msgs: 0
Superstep 2:
*0.044795: [0.0040319, 0.003685, 0.00364661]
Superstep 2 done.Time elapsed: 0.0668559 seconds
#msgs: 0
Superstep 3:
Subgraph preprocessing done. 
Total Computational Time : 0.356106 seconds
 - Active Compute Time : 0.308106 seconds
 - Sync Message Time : 0.012015 seconds
 - Communication Time : 0.012859 seconds
    - Serialization Time : 0.000075 seconds
    - Transfer Time : 0.012744 seconds
Total #msgs=0, Total #vadd=0
=================Start loading query...===================
Worker 0: "hdfs://master:9000/fdu-zyj/query1125/query2.txt" loaded
Communication Time : 0.000122 seconds
- Serialization Time : 0.000025 seconds
- Transfer Time : 0.000097 seconds
Load Query Time : 0.370956 seconds
=================Start building query tree...===================
this->nodes size: 5
Node 0
Label: 97
Branch number: 0
Neighbors: [1, 2]
Backward neighbors: []
Backward same labels: []
It has 1 children.
Node 1
Label: 98
Branch number: 0
Neighbors: [0, 2]
Backward neighbors: []
Backward same labels: []
It has 1 children.
Node 2
Label: 99
Branch number: 0
Neighbors: [0, 1, 3]
Backward neighbors: [0]
Backward same labels: []
It has 1 children.
Node 3
Label: 98
Branch number: 0
Neighbors: [2, 4]
Backward neighbors: []
Backward same labels: [1]
It has 1 children.
Node 4
Label: 100
Branch number: 0
Neighbors: [3]
Backward neighbors: []
Backward same labels: []
It has 0 children.
Build Query Tree Time : 0.000721 seconds
================Start matching...======================
Superstep 1:
*0.0646751: [0.0312912, 0.00605774, 0.00417042]
Superstep 1 done.Time elapsed: 0.09589 seconds
#msgs: 28101
Superstep 2:
*0.00869179: [0.00251031, 3.33786e-05, 3.6478e-05]
Superstep 2 done.Time elapsed: 0.0191541 seconds
#msgs: 15188
Superstep 3:
*0.0364928: [0.0304103, 3.05176e-05, 3.50475e-05]
Superstep 3 done.Time elapsed: 0.0811601 seconds
#msgs: 9040
Superstep 4:
*0.0117211: [0.00544405, 2.64645e-05, 2.83718e-05]
Superstep 4 done.Time elapsed: 0.0527179 seconds
#msgs: 8909
Superstep 5:
*0.068434: [0.0623777, 2.26498e-05, 3.69549e-05]
Superstep 5 done.Time elapsed: 0.14886 seconds
#msgs: 0
Superstep 6:
Subgraph matching done. 
Total Computational Time : 0.415594 seconds
 - Active Compute Time : 0.191303 seconds
 - Sync Message Time : 0.064699 seconds
 - Communication Time : 0.062079 seconds
    - Serialization Time : 0.017368 seconds
    - Transfer Time : 0.044352 seconds
Total #msgs=61238, Total #vadd=0
1. Arrange messages: 0.0334933 s
2. Check feasibility: 2.14174 s
	 - Check vertex uniqueness: 0.617803 s
	 - Check non-tree edge: 1.34051 s
3. Construct neighbor map: 0.0294874 s
4. Update out messages buffer: 0.0384958 s
5. Clear out neighbor map: 0.00648665 s
Main Computation: 2.26946 s
================Start enumerating...===================
Superstep 1:
*0.0438621: [0.00382733, 0.00611734, 0.0041852]
Superstep 1 done.Time elapsed: 0.06517 seconds
#msgs: 0
Superstep 2:
Subgraph enumeration done. 
Total Computational Time : 0.082137 seconds
 - Active Compute Time : 0.043954 seconds
 - Sync Message Time : 0.003563 seconds
 - Communication Time : 0.004211 seconds
    - Serialization Time : 0.000077 seconds
    - Transfer Time : 0.004097 seconds
Total #msgs=0, Total #vadd=0
From start to end: total time: 2.14174 s
 - continue enumerating: 0.0384958 s
 - expand time: 0.00648665 s
Sync Time: 0.00627971 s
================ Final Report ===============
Mapping count: 7841842
Load time: 21.0373 s.
Dump time: 0 s.
Compute time: 0.499219 s.
Offline time: 24.2377 s.
Online time: 1.22121 s.
