Load Time : 54.674771 seconds

============ PROGRESS REPORT ============
Total number of tasks processed: 1
Worker 结果：the # of matched graph = 00
: 0 tasks processed
Worker 1: 0 tasks processed
Worker 2: 0 tasks processed
Worker 3: 0 tasks processed
Worker 4: 0 tasks processed
Worker 5: 1 tasks processed
Worker 6: 0 tasks processed
Worker 7: 0 tasks processed
Worker 8: 0 tasks processed
Worker 9: 0 tasks processed
Worker 10: 0 tasks processed


============ PROGRESS REPORT ============
Total number of tasks processed: 19302
Worker 0: 1349 tasks processed (+ 1349)
Worker 1: 1602 tasks processed (+ 1602)
Worker 2: 1606 tasks processed (+ 1606)
Worker 3: 2046 tasks processed (+ 2046)
Worker 4: 1598 tasks processed (+ 1598)
Worker 5: 1625 tasks processed (+ 1624)
Worker 6: 1873 tasks processed (+ 1873)
Worker 7: 2237 tasks processed (+ 2237)
Worker 8: 1714 tasks processed (+ 1714)
Worker 9: 1664 tasks processed (+ 1664)
Worker 10: 1988 tasks processed (+ 1988)

结果：the # of matched graph = 3784677

============ PROGRESS REPORT ============
Total number of tasks processed: 30757
Worker 0: 3010 tasks processed (+ 1661)
Worker 1: 3113 tasks processed (+ 1511)
Worker 2: 2987 tasks processed (+ 1381)
Worker 3: 2862 tasks processed (+ 816)
Worker 4: 2796 tasks processed (+ 1198)
Worker 5: 1854 tasks processed (+ 229)
Worker 6: 2357 tasks processed (+ 484)
Worker 7: 2999 tasks processed (+ 762)
Worker 8: 2857 tasks processed (+ 1143)
Worker 9: 2780 tasks processed (+ 1116)
Worker 10: 3142 tasks processed (+ 1154)

结果：the # of matched graph = 57853560

============ PROGRESS REPORT ============
Total number of tasks processed: 37395
Worker 0: 3480 tasks processed (+ 470)
Worker 1: 3455 tasks processed (+ 342)
Worker 2: 4260 tasks processed (+ 1273)
Worker 3: 3673 tasks processed (+ 811)
Worker 4: 3254 tasks processed (+ 458)
Worker 5: 2623 tasks processed (+ 769)
Worker 6: 3161 tasks processed (+ 804)
Worker 7: 3266 tasks processed (+ 267)
Worker 8: 3432 tasks processed (+ 575)
Worker 9: 3321 tasks processed (+ 541)
Worker 10: 3470 tasks processed (+ 328)

结果：the # of matched graph = 122059257
10 stealing plans generated at the master
17 stealing plans generated at the master
23 stealing plans generated at the master
51 stealing plans generated at the master

============ PROGRESS REPORT ============
Total number of tasks processed: 52811
Worker 0: 4324 tasks processed (+ 844)
Worker 1: 7581 tasks processed (+ 4126)
--- 3454 more tasks stolen
Worker 2: 6313 tasks processed (+ 2053)
--- 2251 more tasks stolen
Worker 3: 5286 tasks processed (+ 1613)
--- 300 more tasks stolen
Worker 4: 3461 tasks processed (+ 207)
--- 300 more tasks stolen
Worker 5: 3070 tasks processed (+ 447)
Worker 6: 3357 tasks processed (+ 196)
Worker 7: 5212 tasks processed (+ 1946)
--- 450 more tasks stolen
Worker 8: 5553 tasks processed (+ 2121)
--- 1107 more tasks stolen
Worker 9: 4836 tasks processed (+ 1515)
Worker 10: 3818 tasks processed (+ 348)

结果：the # of matched graph = 181597724
76 stealing plans generated at the master

============ PROGRESS REPORT ============
Total number of tasks processed: 70503
Worker 0: 6688 tasks processed (+ 2364)
--- 300 more tasks stolen
Worker 1: 10391 tasks processed (+ 2810)
--- 428 more tasks stolen
Worker 2: 8517 tasks processed (+ 2204)
Worker 3: 7408 tasks processed (+ 2122)
--- 452 more tasks stolen
Worker 4: 4641 tasks processed (+ 1180)
--- 450 more tasks stolen
Worker 5: 3292 tasks processed (+ 222)
Worker 6: 3889 tasks processed (+ 532)
Worker 7: 7222 tasks processed (+ 2010)
--- 281 more tasks stolen
Worker 8: 7387 tasks processed (+ 1834)
Worker 9: 6355 tasks processed (+ 1519)
Worker 10: 4713 tasks processed (+ 895)
--- 150 more tasks stolen

结果：the # of matched graph = 206963807

============ PROGRESS REPORT ============
Total number of tasks processed: 71489
Worker 0: 6804 tasks processed (+ 116)
Worker 1: 10391 tasks processed (+ 0)
Worker 2: 8760 tasks processed (+ 243)
Worker 3: 7408 tasks processed (+ 0)
Worker 4: 4662 tasks processed (+ 21)
Worker 5: 3413 tasks processed (+ 121)
Worker 6: 3917 tasks processed (+ 28)
Worker 7: 7237 tasks processed (+ 15)
Worker 8: 7662 tasks processed (+ 275)
Worker 9: 6499 tasks processed (+ 144)
Worker 10: 4736 tasks processed (+ 23)

结果：the # of matched graph = 215384216

============ PROGRESS REPORT ============
Total number of tasks processed: 71713
Worker 0: 6804 tasks processed (+ 0)
Worker 1: 10391 tasks processed (+ 0)
Worker 2: 8760 tasks processed (+ 0)
Worker 3: 7408 tasks processed (+ 0)
Worker 4: 4662 tasks processed (+ 0)
Worker 5: 3637 tasks processed (+ 224)
Worker 6: 3917 tasks processed (+ 0)
Worker 7: 7237 tasks processed (+ 0)
Worker 8: 7662 tasks processed (+ 0)
Worker 9: 6499 tasks processed (+ 0)
Worker 10: 4736 tasks processed (+ 0)

结果：the # of matched graph = 217191543
Task Time : 7.379017 seconds
结果：the # of matched graph = 217228142

============ PROGRESS REPORT ============
Total number of tasks processed: 71761
Worker 0: 6804 tasks processed (+ 0)
Worker 1: 10391 tasks processed (+ 0)
Worker 2: 8760 tasks processed (+ 0)
Worker 3: 7408 tasks processed (+ 0)
Worker 4: 4662 tasks processed (+ 0)
Worker 5: 3685 tasks processed (+ 48)
Worker 6: 3917 tasks processed (+ 0)
Worker 7: 7237 tasks processed (+ 0)
Worker 8: 7662 tasks processed (+ 0)
Worker 9: 6499 tasks processed (+ 0)
Worker 10: 4736 tasks processed (+ 0)

