Load Time : 4.412174 seconds
结果：the # of matched graph = 0

============ PROGRESS REPORT ============
Total number of tasks processed: 0
Worker 0: 0 tasks processed
Worker 1: 0 tasks processed
Worker 2: 0 tasks processed
Worker 3: 0 tasks processed
Worker 4: 0 tasks processed
Worker 5: 0 tasks processed
Worker 6: 0 tasks processed
Worker 7: 0 tasks processed
Worker 8: 0 tasks processed
Worker 9: 0 tasks processed
Worker 10: 0 tasks processed

Task Time : 0.346830 seconds
结果：the # of matched graph = 6769

============ PROGRESS REPORT ============
Total number of tasks processed: 1010
Worker 0: 90 tasks processed (+ 90)
Worker 1: 95 tasks processed (+ 95)
Worker 2: 77 tasks processed (+ 77)
Worker 3: 94 tasks processed (+ 94)
Worker 4: 82 tasks processed (+ 82)
Worker 5: 106 tasks processed (+ 106)
Worker 6: 96 tasks processed (+ 96)
Worker 7: 106 tasks processed (+ 106)
Worker 8: 92 tasks processed (+ 92)
Worker 9: 79 tasks processed (+ 79)
Worker 10: 93 tasks processed (+ 93)

