Data graph path: /g-thinker/labelOR.txt
Query graph path: /fdu-zyj/query1125/query2.txt
Output graph path: /fdu-zyj/output
Partition Method: 
Preprocess Method: 1
Filter Method: 0
Order Method: random
Enumerate Method: 1
=================Start loading data graph ...=====================
Load Graph Time : 107.329915 seconds
================Start preprocessing...=================
Superstep 1:
*2.05545: [1.97364, 0.0123491, 0.00821424]
Superstep 1 done.Time elapsed: 2.06422 seconds
#msgs: 0
Superstep 2:
*0.082577: [0.007303, 0.00659227, 0.00666761]
Superstep 2 done.Time elapsed: 0.117349 seconds
#msgs: 0
Superstep 3:
Subgraph preprocessing done. 
Total Computational Time : 2.208660 seconds
 - Active Compute Time : 2.138252 seconds
 - Sync Message Time : 0.009069 seconds
 - Communication Time : 0.009936 seconds
    - Serialization Time : 0.000077 seconds
    - Transfer Time : 0.009821 seconds
Total #msgs=0, Total #vadd=0
=================Start loading query...===================
Worker 0: "hdfs://master:9000/fdu-zyj/query1125/query2.txt" loaded
Communication Time : 0.000115 seconds
- Serialization Time : 0.000020 seconds
- Transfer Time : 0.000095 seconds
Load Query Time : 0.512455 seconds
=================Start building query tree...===================
this->nodes size: 5
Node 0
Label: 97
Branch number: 0
Neighbors: [1, 2]
Backward neighbors: []
Backward same labels: []
It has 1 children.
Node 1
Label: 98
Branch number: 0
Neighbors: [0, 2]
Backward neighbors: []
Backward same labels: []
It has 1 children.
Node 2
Label: 99
Branch number: 0
Neighbors: [0, 1, 3]
Backward neighbors: [0]
Backward same labels: []
It has 1 children.
Node 3
Label: 98
Branch number: 0
Neighbors: [2, 4]
Backward neighbors: []
Backward same labels: [1]
It has 1 children.
Node 4
Label: 100
Branch number: 0
Neighbors: [3]
Backward neighbors: []
Backward same labels: []
It has 0 children.
Build Query Tree Time : 0.000675 seconds
================Start matching...======================
Superstep 1:
*0.131778: [0.0692801, 0.0111337, 0.00772095]
Superstep 1 done.Time elapsed: 0.208024 seconds
#msgs: 290438
Superstep 2:
*0.0355949: [0.0226941, 0.000191927, 0.000213146]
Superstep 2 done.Time elapsed: 0.108515 seconds
#msgs: 266029
Superstep 3:
*0.0968592: [0.0837924, 0.000181675, 0.000214815]
Superstep 3 done.Time elapsed: 0.226538 seconds
#msgs: 187871
Superstep 4:
*0.158525: [0.145778, 0.000196695, 0.000198841]
Superstep 4 done.Time elapsed: 2.02557 seconds
#msgs: 235812
Superstep 5:
*1.93046: [1.91704, 0.000298262, 0.000347137]
Superstep 5 done.Time elapsed: 4.3917 seconds
#msgs: 0
Superstep 6:
Subgraph matching done. 
Total Computational Time : 6.999169 seconds
 - Active Compute Time : 2.353900 seconds
 - Sync Message Time : 1.985978 seconds
 - Communication Time : 1.928437 seconds
    - Serialization Time : 0.884946 seconds
    - Transfer Time : 1.039118 seconds
Total #msgs=980150, Total #vadd=0
1. Arrange messages: 0.226654 s
2. Check feasibility: 42.6885 s
	 - Check vertex uniqueness: 12.4737 s
	 - Check non-tree edge: 26.1068 s
3. Construct neighbor map: 0.225776 s
4. Update out messages buffer: 0.479659 s
5. Clear out neighbor map: 0.0189068 s
Main Computation: 43.7356 s
================Start enumerating...===================
Superstep 1:
*0.077286: [0.00681758, 0.0115564, 0.00752401]
Superstep 1 done.Time elapsed: 0.165844 seconds
#msgs: 0
Superstep 2:
Subgraph enumeration done. 
Total Computational Time : 0.196870 seconds
 - Active Compute Time : 0.077375 seconds
 - Sync Message Time : 0.004078 seconds
 - Communication Time : 0.004776 seconds
    - Serialization Time : 0.000112 seconds
    - Transfer Time : 0.004596 seconds
Total #msgs=0, Total #vadd=0
From start to end: total time: 42.6885 s
 - continue enumerating: 0.479659 s
 - expand time: 0.0189068 s
Sync Time: 0.00611663 s
================ Final Report ===============
Mapping count: 217228142
Load time: 107.842 s.
Dump time: 0 s.
Compute time: 7.19708 s.
Offline time: 112.945 s.
Online time: 8.00529 s.
