Data graph path: /g-thinker/labelyou.txt
Query graph path: /fdu-zyj/query1125/query3.txt
Output graph path: /fdu-zyj/output
Partition Method: 
Preprocess Method: 1
Filter Method: 0
Order Method: random
Enumerate Method: 1
=================Start loading data graph ...=====================
Load Graph Time : 10.653127 seconds
================Start preprocessing...=================
Superstep 1:
*0.093559: [0.0645163, 0.00407076, 0.00281692]
Superstep 1 done.Time elapsed: 0.123358 seconds
#msgs: 0
Superstep 2:
*0.0290251: [0.00251627, 0.00248289, 0.00250959]
Superstep 2 done.Time elapsed: 0.0500579 seconds
#msgs: 0
Superstep 3:
Subgraph preprocessing done. 
Total Computational Time : 0.184075 seconds
 - Active Compute Time : 0.122772 seconds
 - Sync Message Time : 0.008031 seconds
 - Communication Time : 0.009022 seconds
    - Serialization Time : 0.000082 seconds
    - Transfer Time : 0.008900 seconds
Total #msgs=0, Total #vadd=0
=================Start loading query...===================
Worker 0: "hdfs://master:9000/fdu-zyj/query1125/query3.txt" loaded
Communication Time : 0.000122 seconds
- Serialization Time : 0.000030 seconds
- Transfer Time : 0.000092 seconds
Load Query Time : 0.504971 seconds
=================Start building query tree...===================
this->nodes size: 5
Node 0
Label: 97
Branch number: 0
Neighbors: [1, 2, 4]
Backward neighbors: []
Backward same labels: []
It has 1 children.
Node 1
Label: 98
Branch number: 0
Neighbors: [0, 2]
Backward neighbors: []
Backward same labels: []
It has 1 children.
Node 2
Label: 99
Branch number: 0
Neighbors: [0, 1, 3]
Backward neighbors: [0]
Backward same labels: []
It has 1 children.
Node 3
Label: 98
Branch number: 0
Neighbors: [2, 4]
Backward neighbors: []
Backward same labels: [1]
It has 1 children.
Node 4
Label: 100
Branch number: 0
Neighbors: [0, 3]
Backward neighbors: [0]
Backward same labels: []
It has 0 children.
Build Query Tree Time : 0.000722 seconds
================Start matching...======================
Superstep 1:
*0.044389: [0.0202641, 0.0039432, 0.00270391]
Superstep 1 done.Time elapsed: 0.0675261 seconds
#msgs: 7608
Superstep 2:
*0.0046761: [0.000716448, 1.62125e-05, 1.3113e-05]
Superstep 2 done.Time elapsed: 0.0139101 seconds
#msgs: 3949
Superstep 3:
*0.00543094: [0.00158072, 5.24521e-06, 6.4373e-06]
Superstep 3 done.Time elapsed: 0.0109341 seconds
#msgs: 1687
Superstep 4:
*0.0042119: [0.000593424, 9.53674e-07, 1.90735e-06]
Superstep 4 done.Time elapsed: 0.011975 seconds
#msgs: 2290
Superstep 5:
*0.00554299: [0.00221038, 1.90735e-06, 4.76837e-06]
Superstep 5 done.Time elapsed: 0.013077 seconds
#msgs: 0
Superstep 6:
Subgraph matching done. 
Total Computational Time : 0.127260 seconds
 - Active Compute Time : 0.064554 seconds
 - Sync Message Time : 0.027081 seconds
 - Communication Time : 0.027973 seconds
    - Serialization Time : 0.001419 seconds
    - Transfer Time : 0.026373 seconds
Total #msgs=15534, Total #vadd=0
1. Arrange messages: 0.0145297 s
2. Check feasibility: 0.0888479 s
	 - Check vertex uniqueness: 0.0198798 s
	 - Check non-tree edge: 0.0580602 s
3. Construct neighbor map: 0.0124753 s
4. Update out messages buffer: 0.0133293 s
5. Clear out neighbor map: 0.00380611 s
Main Computation: 0.145876 s
================Start enumerating...===================
Superstep 1:
*0.0260849: [0.00259066, 0.00407457, 0.00274992]
Superstep 1 done.Time elapsed: 0.047035 seconds
#msgs: 0
Superstep 2:
Subgraph enumeration done. 
Total Computational Time : 0.058328 seconds
 - Active Compute Time : 0.026157 seconds
 - Sync Message Time : 0.003590 seconds
 - Communication Time : 0.004201 seconds
    - Serialization Time : 0.000038 seconds
    - Transfer Time : 0.004081 seconds
Total #msgs=0, Total #vadd=0
From start to end: total time: 0.0888479 s
 - continue enumerating: 0.0133293 s
 - expand time: 0.00380611 s
Sync Time: 0.00620461 s
================ Final Report ===============
Mapping count: 6769
Load time: 11.1581 s.
Dump time: 0 s.
Compute time: 0.186587 s.
Offline time: 13.8739 s.
Online time: 0.881899 s.
