Data graph path: /g-thinker/labelSK.txt
Query graph path: /fdu-zyj/query1125/query3.txt
Output graph path: /fdu-zyj/output
Partition Method: 
Preprocess Method: 1
Filter Method: 0
Order Method: random
Enumerate Method: 1
=================Start loading data graph ...=====================
Load Graph Time : 21.094801 seconds
================Start preprocessing...=================
Superstep 1:
*0.278049: [0.232476, 0.00634718, 0.00433922]
Superstep 1 done.Time elapsed: 0.287615 seconds
#msgs: 0
Superstep 2:
*0.047157: [0.00414228, 0.0036819, 0.00375652]
Superstep 2 done.Time elapsed: 0.0698972 seconds
#msgs: 0
Superstep 3:
Subgraph preprocessing done. 
Total Computational Time : 0.375876 seconds
 - Active Compute Time : 0.325416 seconds
 - Sync Message Time : 0.009769 seconds
 - Communication Time : 0.010755 seconds
    - Serialization Time : 0.000073 seconds
    - Transfer Time : 0.010648 seconds
Total #msgs=0, Total #vadd=0
=================Start loading query...===================
Worker 0: "hdfs://master:9000/fdu-zyj/query1125/query3.txt" loaded
Communication Time : 0.000108 seconds
- Serialization Time : 0.000024 seconds
- Transfer Time : 0.000083 seconds
Load Query Time : 0.445453 seconds
=================Start building query tree...===================
this->nodes size: 5
Node 0
Label: 97
Branch number: 0
Neighbors: [1, 2, 4]
Backward neighbors: []
Backward same labels: []
It has 1 children.
Node 1
Label: 98
Branch number: 0
Neighbors: [0, 2]
Backward neighbors: []
Backward same labels: []
It has 1 children.
Node 2
Label: 99
Branch number: 0
Neighbors: [0, 1, 3]
Backward neighbors: [0]
Backward same labels: []
It has 1 children.
Node 3
Label: 98
Branch number: 0
Neighbors: [2, 4]
Backward neighbors: []
Backward same labels: [1]
It has 1 children.
Node 4
Label: 100
Branch number: 0
Neighbors: [0, 3]
Backward neighbors: [0]
Backward same labels: []
It has 0 children.
Build Query Tree Time : 0.000723 seconds
================Start matching...======================
Superstep 1:
*0.076319: [0.0423, 0.00615191, 0.00412607]
Superstep 1 done.Time elapsed: 0.09902 seconds
#msgs: 28101
Superstep 2:
*0.00869703: [0.00270438, 4.36306e-05, 3.24249e-05]
Superstep 2 done.Time elapsed: 0.0223 seconds
#msgs: 15188
Superstep 3:
*0.041605: [0.0352995, 2.6226e-05, 3.71933e-05]
Superstep 3 done.Time elapsed: 0.085351 seconds
#msgs: 9040
Superstep 4:
*0.0121129: [0.00576901, 1.81198e-05, 2.38419e-05]
Superstep 4 done.Time elapsed: 0.0549941 seconds
#msgs: 8909
Superstep 5:
*0.0721231: [0.0656695, 2.28882e-05, 3.00407e-05]
Superstep 5 done.Time elapsed: 0.1598 seconds
#msgs: 0
Superstep 6:
Subgraph matching done. 
Total Computational Time : 0.442794 seconds
 - Active Compute Time : 0.211258 seconds
 - Sync Message Time : 0.069244 seconds
 - Communication Time : 0.067206 seconds
    - Serialization Time : 0.020182 seconds
    - Transfer Time : 0.046681 seconds
Total #msgs=61238, Total #vadd=0
1. Arrange messages: 0.036931 s
2. Check feasibility: 2.22063 s
	 - Check vertex uniqueness: 0.621055 s
	 - Check non-tree edge: 1.51633 s
3. Construct neighbor map: 0.0298645 s
4. Update out messages buffer: 0.0384612 s
5. Clear out neighbor map: 0.00659943 s
Main Computation: 2.34587 s
================Start enumerating...===================
Superstep 1:
*0.0425272: [0.00401044, 0.0061636, 0.00459433]
Superstep 1 done.Time elapsed: 0.0654039 seconds
#msgs: 0
Superstep 2:
Subgraph enumeration done. 
Total Computational Time : 0.082707 seconds
 - Active Compute Time : 0.042609 seconds
 - Sync Message Time : 0.003710 seconds
 - Communication Time : 0.004512 seconds
    - Serialization Time : 0.000099 seconds
    - Transfer Time : 0.004353 seconds
Total #msgs=0, Total #vadd=0
From start to end: total time: 2.22063 s
 - continue enumerating: 0.0384612 s
 - expand time: 0.00659943 s
Sync Time: 0.0063138 s
================ Final Report ===============
Mapping count: 526762
Load time: 21.5403 s.
Dump time: 0 s.
Compute time: 0.526769 s.
Offline time: 24.9355 s.
Online time: 1.21714 s.
