Load Time : 4.385039 seconds

============ PROGRESS REPORT ============
结果：the # of matched graph = Total number of tasks processed: 7
Worker 0: 0 tasks processed
Worker 1: 5 tasks processed
Worker 2: 0 tasks processed
Worker 3: 0 tasks processed
Worker 4: 0 tasks processed
Worker 5: 2 tasks processed
Worker 6: 0 tasks processed
Worker 7: 0 tasks processed
Worker 8: 0 tasks processed
Worker 9: 0 tasks processed
Worker 10: 0 tasks processed

0

============ PROGRESS REPORT ============
Total number of tasks processed: 4816
Worker 0: 403 tasks processed (+ 403)
Worker 1: 538 tasks processed (+ 533)
Worker 2: 398 tasks processed (+ 398)
Worker 3: 661 tasks processed (+ 661)
Worker 4: 275 tasks processed (+ 275)
Worker 5: 548 tasks processed (+ 546)
Worker 6: 411 tasks processed (+ 411)
Worker 7: 414 tasks processed (+ 414)
Worker 8: 462 tasks processed (+ 462)
Worker 9: 283 tasks processed (+ 283)
Worker 10: 423 tasks processed (+ 423)

结果：the # of matched graph = 40018
结果：the # of matched graph = 256899

============ PROGRESS REPORT ============
Total number of tasks processed: 6966
Worker 0: 580 tasks processed (+ 177)
Worker 1: 680 tasks processed (+ 142)
Worker 2: 554 tasks processed (+ 156)
Worker 3: 856 tasks processed (+ 195)
Worker 4: 473 tasks processed (+ 198)
Worker 5: 846 tasks processed (+ 298)
Worker 6: 595 tasks processed (+ 184)
Worker 7: 649 tasks processed (+ 235)
Worker 8: 763 tasks processed (+ 301)
Worker 9: 456 tasks processed (+ 173)
Worker 10: 514 tasks processed (+ 91)

结果：the # of matched graph = 16380410

============ PROGRESS REPORT ============
Total number of tasks processed: 8552
Worker 0: 791 tasks processed (+ 211)
Worker 1: 753 tasks processed (+ 73)
Worker 2: 579 tasks processed (+ 25)
Worker 3: 1113 tasks processed (+ 257)
Worker 4: 599 tasks processed (+ 126)
Worker 5: 917 tasks processed (+ 71)
Worker 6: 642 tasks processed (+ 47)
Worker 7: 801 tasks processed (+ 152)
Worker 8: 893 tasks processed (+ 130)
Worker 9: 717 tasks processed (+ 261)
Worker 10: 747 tasks processed (+ 233)


============ PROGRESS REPORT ============
Total number of tasks processed: 9829
Worker 0: 951 tasks processed (+ 160)
Worker 1: 946 tasks processed (+ 193)
Worker 2: 638 tasks processed (+ 59)
Worker 3: 1226 tasks processed (+ 113)
Worker 4: 717 tasks processed (+ 118)
Worker 5: 1021 tasks processed (+ 104)
Worker 6: 734 tasks processed (+ 92)
Worker 7: 931 tasks processed (+ 130)
Worker 8: 977 tasks processed (+ 84)
Worker 9: 760 tasks processed (+ 43)
Worker 10: 928 tasks processed (+ 181)

结果：the # of matched graph = 41156640

============ PROGRESS REPORT ============
Total number of tasks processed: 10821
Worker 0: 1037 tasks processed (+ 86)
Worker 1: 1124 tasks processed (+ 178)
Worker 2: 714 tasks processed (+ 76)
Worker 3: 1322 tasks processed (+ 96)
Worker 4: 806 tasks processed (+ 89)
Worker 5: 1088 tasks processed (+ 67)
Worker 6: 805 tasks processed (+ 71)
Worker 7: 1043 tasks processed (+ 112)
Worker 8: 1046 tasks processed (+ 69)
Worker 9: 822 tasks processed (+ 62)
Worker 10: 1014 tasks processed (+ 86)

结果：the # of matched graph = 71018807

============ PROGRESS REPORT ============
Total number of tasks processed: 11731
Worker 0: 1104 tasks processed (+ 67)
Worker 1: 1211 tasks processed (+ 87)
Worker 2: 789 tasks processed (+ 75)
Worker 3: 1396 tasks processed (+ 74)
Worker 4: 859 tasks processed (+ 53)
Worker 5: 1155 tasks processed (+ 67)
Worker 6: 962 tasks processed (+ 157)
Worker 7: 1145 tasks processed (+ 102)
Worker 8: 1175 tasks processed (+ 129)
Worker 9: 866 tasks processed (+ 44)
Worker 10: 1069 tasks processed (+ 55)

结果：the # of matched graph = 109847718

============ PROGRESS REPORT ============
Total number of tasks processed: 12509
Worker 0: 1203 tasks processed (+ 99)
Worker 1: 1309 tasks processed (+ 98)
Worker 2: 879 tasks processed (+ 90)
Worker 3: 1471 tasks processed (+ 75)
Worker 4: 924 tasks processed (+ 65)
Worker 5: 1183 tasks processed (+ 28)
Worker 6: 1044 tasks processed (+ 82)
Worker 7: 1205 tasks processed (+ 60)
Worker 8: 1243 tasks processed (+ 68)
Worker 9: 895 tasks processed (+ 29)
Worker 10: 1153 tasks processed (+ 84)

结果：the # of matched graph = 146558314

============ PROGRESS REPORT ============
Total number of tasks processed: 13325
Worker 0: 1252 tasks processed (+ 49)
Worker 1: 1391 tasks processed (+ 82)
Worker 2: 956 tasks processed (+ 77)
Worker 3: 1653 tasks processed (+ 182)
Worker 4: 973 tasks processed (+ 49)
Worker 5: 1212 tasks processed (+ 29)
Worker 6: 1130 tasks processed (+ 86)
Worker 7: 1240 tasks processed (+ 35)
Worker 8: 1359 tasks processed (+ 116)
Worker 9: 934 tasks processed (+ 39)
Worker 10: 1225 tasks processed (+ 72)

结果：the # of matched graph = 183651358

============ PROGRESS REPORT ============
Total number of tasks processed: 14245
Worker 0: 1292 tasks processed (+ 40)
Worker 1: 1469 tasks processed (+ 78)
Worker 2: 1066 tasks processed (+ 110)
Worker 3: 1819 tasks processed (+ 166)
Worker 4: 1025 tasks processed (+ 52)
Worker 5: 1321 tasks processed (+ 109)
Worker 6: 1247 tasks processed (+ 117)
Worker 7: 1306 tasks processed (+ 66)
Worker 8: 1399 tasks processed (+ 40)
Worker 9: 990 tasks processed (+ 56)
Worker 10: 1311 tasks processed (+ 86)

结果：the # of matched graph = 218147746

============ PROGRESS REPORT ============
Total number of tasks processed: 15111
Worker 0: 1331 tasks processed (+ 39)
Worker 1: 1550 tasks processed (+ 81)
Worker 2: 1116 tasks processed (+ 50)
Worker 3: 1932 tasks processed (+ 113)
Worker 4: 1086 tasks processed (+ 61)
Worker 5: 1428 tasks processed (+ 107)
Worker 6: 1360 tasks processed (+ 113)
Worker 7: 1408 tasks processed (+ 102)
Worker 8: 1454 tasks processed (+ 55)
Worker 9: 1068 tasks processed (+ 78)
Worker 10: 1378 tasks processed (+ 67)

结果：the # of matched graph = 253957166

============ PROGRESS REPORT ============
Total number of tasks processed: 15929
Worker 0: 1446 tasks processed (+ 115)
Worker 1: 1602 tasks processed (+ 52)
Worker 2: 1154 tasks processed (+ 38)
Worker 3: 2053 tasks processed (+ 121)
Worker 4: 1148 tasks processed (+ 62)
Worker 5: 1510 tasks processed (+ 82)
Worker 6: 1418 tasks processed (+ 58)
Worker 7: 1471 tasks processed (+ 63)
Worker 8: 1537 tasks processed (+ 83)
Worker 9: 1166 tasks processed (+ 98)
Worker 10: 1424 tasks processed (+ 46)

结果：the # of matched graph = 292398139

============ PROGRESS REPORT ============
Total number of tasks processed: 16713
Worker 0: 1479 tasks processed (+ 33)
Worker 1: 1683 tasks processed (+ 81)
Worker 2: 1261 tasks processed (+ 107)
Worker 3: 2189 tasks processed (+ 136)
Worker 4: 1184 tasks processed (+ 36)
Worker 5: 1572 tasks processed (+ 62)
Worker 6: 1481 tasks processed (+ 63)
Worker 7: 1581 tasks processed (+ 110)
Worker 8: 1581 tasks processed (+ 44)
Worker 9: 1225 tasks processed (+ 59)
Worker 10: 1477 tasks processed (+ 53)

结果：the # of matched graph = 330710824

============ PROGRESS REPORT ============
Total number of tasks processed: 17562
Worker 0: 1537 tasks processed (+ 58)
Worker 1: 1746 tasks processed (+ 63)
Worker 2: 1346 tasks processed (+ 85)
Worker 3: 2224 tasks processed (+ 35)
Worker 4: 1329 tasks processed (+ 145)
Worker 5: 1639 tasks processed (+ 67)
Worker 6: 1547 tasks processed (+ 66)
Worker 7: 1660 tasks processed (+ 79)
Worker 8: 1656 tasks processed (+ 75)
Worker 9: 1334 tasks processed (+ 109)
Worker 10: 1544 tasks processed (+ 67)

结果：the # of matched graph = 372666105

============ PROGRESS REPORT ============
Total number of tasks processed: 18312
Worker 0: 1660 tasks processed (+ 123)
Worker 1: 1816 tasks processed (+ 70)
Worker 2: 1405 tasks processed (+ 59)
Worker 3: 2278 tasks processed (+ 54)
Worker 4: 1404 tasks processed (+ 75)
Worker 5: 1694 tasks processed (+ 55)
Worker 6: 1596 tasks processed (+ 49)
Worker 7: 1729 tasks processed (+ 69)
Worker 8: 1746 tasks processed (+ 90)
Worker 9: 1377 tasks processed (+ 43)
Worker 10: 1607 tasks processed (+ 63)

结果：the # of matched graph = 407568468

============ PROGRESS REPORT ============
Total number of tasks processed: 19175
Worker 0: 1736 tasks processed (+ 76)
Worker 1: 1939 tasks processed (+ 123)
Worker 2: 1481 tasks processed (+ 76)
Worker 3: 2381 tasks processed (+ 103)
Worker 4: 1436 tasks processed (+ 32)
Worker 5: 1766 tasks processed (+ 72)
Worker 6: 1636 tasks processed (+ 40)
Worker 7: 1845 tasks processed (+ 116)
Worker 8: 1794 tasks processed (+ 48)
Worker 9: 1520 tasks processed (+ 143)
Worker 10: 1641 tasks processed (+ 34)

结果：the # of matched graph = 447821711

============ PROGRESS REPORT ============
Total number of tasks processed: 19997
Worker 0: 1821 tasks processed (+ 85)
Worker 1: 2040 tasks processed (+ 101)
Worker 2: 1534 tasks processed (+ 53)
Worker 3: 2436 tasks processed (+ 55)
Worker 4: 1512 tasks processed (+ 76)
Worker 5: 1824 tasks processed (+ 58)
Worker 6: 1727 tasks processed (+ 91)
Worker 7: 1943 tasks processed (+ 98)
Worker 8: 1879 tasks processed (+ 85)
Worker 9: 1577 tasks processed (+ 57)
Worker 10: 1704 tasks processed (+ 63)

结果：the # of matched graph = 484470383

============ PROGRESS REPORT ============
Total number of tasks processed: 20802
Worker 0: 1892 tasks processed (+ 71)
Worker 1: 2090 tasks processed (+ 50)
Worker 2: 1578 tasks processed (+ 44)
Worker 3: 2534 tasks processed (+ 98)
Worker 4: 1598 tasks processed (+ 86)
Worker 5: 1908 tasks processed (+ 84)
Worker 6: 1820 tasks processed (+ 93)
Worker 7: 2007 tasks processed (+ 64)
Worker 8: 1934 tasks processed (+ 55)
Worker 9: 1632 tasks processed (+ 55)
Worker 10: 1809 tasks processed (+ 105)

结果：the # of matched graph = 520453251

============ PROGRESS REPORT ============
Total number of tasks processed: 21633
Worker 0: 2015 tasks processed (+ 123)
Worker 1: 2164 tasks processed (+ 74)
Worker 2: 1627 tasks processed (+ 49)
Worker 3: 2613 tasks processed (+ 79)
Worker 4: 1654 tasks processed (+ 56)
Worker 5: 1979 tasks processed (+ 71)
Worker 6: 1898 tasks processed (+ 78)
Worker 7: 2055 tasks processed (+ 48)
Worker 8: 1986 tasks processed (+ 52)
Worker 9: 1737 tasks processed (+ 105)
Worker 10: 1905 tasks processed (+ 96)

结果：the # of matched graph = 557692859

============ PROGRESS REPORT ============
Total number of tasks processed: 22600
Worker 0: 2126 tasks processed (+ 111)
Worker 1: 2352 tasks processed (+ 188)
Worker 2: 1676 tasks processed (+ 49)
Worker 3: 2650 tasks processed (+ 37)
Worker 4: 1736 tasks processed (+ 82)
Worker 5: 2030 tasks processed (+ 51)
Worker 6: 1994 tasks processed (+ 96)
Worker 7: 2124 tasks processed (+ 69)
Worker 8: 2117 tasks processed (+ 131)
Worker 9: 1830 tasks processed (+ 93)
Worker 10: 1965 tasks processed (+ 60)

结果：the # of matched graph = 595613333

============ PROGRESS REPORT ============
Total number of tasks processed: 23277
Worker 0: 2190 tasks processed (+ 64)
Worker 1: 2456 tasks processed (+ 104)
Worker 2: 1732 tasks processed (+ 56)
Worker 3: 2687 tasks processed (+ 37)
Worker 4: 1811 tasks processed (+ 75)
Worker 5: 2067 tasks processed (+ 37)
Worker 6: 2053 tasks processed (+ 59)
Worker 7: 2165 tasks processed (+ 41)
Worker 8: 2221 tasks processed (+ 104)
Worker 9: 1883 tasks processed (+ 53)
Worker 10: 2012 tasks processed (+ 47)

结果：the # of matched graph = 638261270

============ PROGRESS REPORT ============
Total number of tasks processed: 23975
Worker 0: 2251 tasks processed (+ 61)
Worker 1: 2516 tasks processed (+ 60)
Worker 2: 1803 tasks processed (+ 71)
Worker 3: 2721 tasks processed (+ 34)
Worker 4: 1881 tasks processed (+ 70)
Worker 5: 2110 tasks processed (+ 43)
Worker 6: 2104 tasks processed (+ 51)
Worker 7: 2218 tasks processed (+ 53)
Worker 8: 2296 tasks processed (+ 75)
Worker 9: 1962 tasks processed (+ 79)
Worker 10: 2113 tasks processed (+ 101)

结果：the # of matched graph = 679156436

============ PROGRESS REPORT ============
Total number of tasks processed: 24603
Worker 0: 2297 tasks processed (+ 46)
Worker 1: 2559 tasks processed (+ 43)
Worker 2: 1885 tasks processed (+ 82)
Worker 3: 2779 tasks processed (+ 58)
Worker 4: 1954 tasks processed (+ 73)
Worker 5: 2141 tasks processed (+ 31)
Worker 6: 2150 tasks processed (+ 46)
Worker 7: 2248 tasks processed (+ 30)
Worker 8: 2374 tasks processed (+ 78)
Worker 9: 2043 tasks processed (+ 81)
Worker 10: 2173 tasks processed (+ 60)

结果：the # of matched graph = 724691435

============ PROGRESS REPORT ============
Total number of tasks processed: 25300
Worker 0: 2383 tasks processed (+ 86)
Worker 1: 2620 tasks processed (+ 61)
Worker 2: 1963 tasks processed (+ 78)
Worker 3: 2821 tasks processed (+ 42)
Worker 4: 2004 tasks processed (+ 50)
Worker 5: 2267 tasks processed (+ 126)
Worker 6: 2198 tasks processed (+ 48)
Worker 7: 2303 tasks processed (+ 55)
Worker 8: 2408 tasks processed (+ 34)
Worker 9: 2104 tasks processed (+ 61)
Worker 10: 2229 tasks processed (+ 56)

结果：the # of matched graph = 767461465

============ PROGRESS REPORT ============
Total number of tasks processed: 26051
Worker 0: 2425 tasks processed (+ 42)
Worker 1: 2690 tasks processed (+ 70)
Worker 2: 2141 tasks processed (+ 178)
Worker 3: 2872 tasks processed (+ 51)
Worker 4: 2036 tasks processed (+ 32)
Worker 5: 2310 tasks processed (+ 43)
Worker 6: 2257 tasks processed (+ 59)
Worker 7: 2385 tasks processed (+ 82)
Worker 8: 2438 tasks processed (+ 30)
Worker 9: 2201 tasks processed (+ 97)
Worker 10: 2296 tasks processed (+ 67)

结果：the # of matched graph = 809259194

============ PROGRESS REPORT ============
Total number of tasks processed: 26810
Worker 0: 2479 tasks processed (+ 54)
Worker 1: 2769 tasks processed (+ 79)
Worker 2: 2204 tasks processed (+ 63)
Worker 3: 2916 tasks processed (+ 44)
Worker 4: 2110 tasks processed (+ 74)
Worker 5: 2359 tasks processed (+ 49)
Worker 6: 2378 tasks processed (+ 121)
Worker 7: 2476 tasks processed (+ 91)
Worker 8: 2461 tasks processed (+ 23)
Worker 9: 2287 tasks processed (+ 86)
Worker 10: 2371 tasks processed (+ 75)

结果：the # of matched graph = 851051926

============ PROGRESS REPORT ============
Total number of tasks processed: 27523
Worker 0: 2536 tasks processed (+ 57)
Worker 1: 2869 tasks processed (+ 100)
Worker 2: 2237 tasks processed (+ 33)
Worker 3: 2987 tasks processed (+ 71)
Worker 4: 2177 tasks processed (+ 67)
Worker 5: 2431 tasks processed (+ 72)
Worker 6: 2464 tasks processed (+ 86)
Worker 7: 2544 tasks processed (+ 68)
Worker 8: 2498 tasks processed (+ 37)
Worker 9: 2335 tasks processed (+ 48)
Worker 10: 2445 tasks processed (+ 74)

结果：the # of matched graph = 897391182

============ PROGRESS REPORT ============
Total number of tasks processed: 28203
Worker 0: 2574 tasks processed (+ 38)
Worker 1: 2996 tasks processed (+ 127)
Worker 2: 2306 tasks processed (+ 69)
Worker 3: 3040 tasks processed (+ 53)
Worker 4: 2252 tasks processed (+ 75)
Worker 5: 2478 tasks processed (+ 47)
Worker 6: 2510 tasks processed (+ 46)
Worker 7: 2595 tasks processed (+ 51)
Worker 8: 2558 tasks processed (+ 60)
Worker 9: 2373 tasks processed (+ 38)
Worker 10: 2521 tasks processed (+ 76)

结果：the # of matched graph = 952811678

============ PROGRESS REPORT ============
Total number of tasks processed: 28824
Worker 0: 2623 tasks processed (+ 49)
Worker 1: 3092 tasks processed (+ 96)
Worker 2: 2376 tasks processed (+ 70)
Worker 3: 3075 tasks processed (+ 35)
Worker 4: 2297 tasks processed (+ 45)
Worker 5: 2551 tasks processed (+ 73)
Worker 6: 2595 tasks processed (+ 85)
Worker 7: 2621 tasks processed (+ 26)
Worker 8: 2602 tasks processed (+ 44)
Worker 9: 2401 tasks processed (+ 28)
Worker 10: 2591 tasks processed (+ 70)

结果：the # of matched graph = 1006202449

============ PROGRESS REPORT ============
Total number of tasks processed: 29458
Worker 0: 2676 tasks processed (+ 53)
Worker 1: 3150 tasks processed (+ 58)
Worker 2: 2485 tasks processed (+ 109)
Worker 3: 3116 tasks processed (+ 41)
Worker 4: 2349 tasks processed (+ 52)
Worker 5: 2630 tasks processed (+ 79)
Worker 6: 2676 tasks processed (+ 81)
Worker 7: 2663 tasks processed (+ 42)
Worker 8: 2655 tasks processed (+ 53)
Worker 9: 2434 tasks processed (+ 33)
Worker 10: 2624 tasks processed (+ 33)

结果：the # of matched graph = 1052456167

============ PROGRESS REPORT ============
Total number of tasks processed: 30135
Worker 0: 2749 tasks processed (+ 73)
Worker 1: 3264 tasks processed (+ 114)
Worker 2: 2550 tasks processed (+ 65)
Worker 3: 3162 tasks processed (+ 46)
Worker 4: 2401 tasks processed (+ 52)
Worker 5: 2693 tasks processed (+ 63)
Worker 6: 2707 tasks processed (+ 31)
Worker 7: 2724 tasks processed (+ 61)
Worker 8: 2735 tasks processed (+ 80)
Worker 9: 2500 tasks processed (+ 66)
Worker 10: 2650 tasks processed (+ 26)

结果：the # of matched graph = 1097622587

============ PROGRESS REPORT ============
Total number of tasks processed: 30900
Worker 0: 2791 tasks processed (+ 42)
Worker 1: 3470 tasks processed (+ 206)
Worker 2: 2646 tasks processed (+ 96)
Worker 3: 3257 tasks processed (+ 95)
Worker 4: 2440 tasks processed (+ 39)
Worker 5: 2757 tasks processed (+ 64)
Worker 6: 2761 tasks processed (+ 54)
Worker 7: 2769 tasks processed (+ 45)
Worker 8: 2775 tasks processed (+ 40)
Worker 9: 2540 tasks processed (+ 40)
Worker 10: 2694 tasks processed (+ 44)

结果：the # of matched graph = 1152667487

============ PROGRESS REPORT ============
Total number of tasks processed: 31820
Worker 0: 2867 tasks processed (+ 76)
Worker 1: 3647 tasks processed (+ 177)
Worker 2: 2710 tasks processed (+ 64)
Worker 3: 3378 tasks processed (+ 121)
Worker 4: 2590 tasks processed (+ 150)
Worker 5: 2849 tasks processed (+ 92)
Worker 6: 2809 tasks processed (+ 48)
Worker 7: 2847 tasks processed (+ 78)
Worker 8: 2799 tasks processed (+ 24)
Worker 9: 2595 tasks processed (+ 55)
Worker 10: 2729 tasks processed (+ 35)

结果：the # of matched graph = 1205022968

============ PROGRESS REPORT ============
Total number of tasks processed: 33008
Worker 0: 2922 tasks processed (+ 55)
Worker 1: 3838 tasks processed (+ 191)
Worker 2: 2839 tasks processed (+ 129)
Worker 3: 3584 tasks processed (+ 206)
Worker 4: 2776 tasks processed (+ 186)
Worker 5: 2985 tasks processed (+ 136)
Worker 6: 2910 tasks processed (+ 101)
Worker 7: 2883 tasks processed (+ 36)
Worker 8: 2833 tasks processed (+ 34)
Worker 9: 2671 tasks processed (+ 76)
Worker 10: 2767 tasks processed (+ 38)

结果：the # of matched graph = 1251097318

============ PROGRESS REPORT ============
Total number of tasks processed: 34019
Worker 0: 2953 tasks processed (+ 31)
Worker 1: 4116 tasks processed (+ 278)
Worker 2: 2892 tasks processed (+ 53)
Worker 3: 3608 tasks processed (+ 24)
Worker 4: 2833 tasks processed (+ 57)
Worker 5: 3139 tasks processed (+ 154)
Worker 6: 2970 tasks processed (+ 60)
Worker 7: 3006 tasks processed (+ 123)
Worker 8: 2883 tasks processed (+ 50)
Worker 9: 2717 tasks processed (+ 46)
Worker 10: 2902 tasks processed (+ 135)

9 stealing plans generated at the master
3 stealing plans generated at the master
结果：the # of matched graph = 1294798978

============ PROGRESS REPORT ============
Total number of tasks processed: 34837
Worker 0: 3016 tasks processed (+ 63)
Worker 1: 4355 tasks processed (+ 239)
--- 1804 more tasks stolen
Worker 2: 2915 tasks processed (+ 23)
Worker 3: 3647 tasks processed (+ 39)
Worker 4: 2870 tasks processed (+ 37)
Worker 5: 3199 tasks processed (+ 60)
Worker 6: 3017 tasks processed (+ 47)
Worker 7: 3103 tasks processed (+ 97)
Worker 8: 2953 tasks processed (+ 70)
Worker 9: 2748 tasks processed (+ 31)
Worker 10: 3014 tasks processed (+ 112)

1 stealing plans generated at the master
结果：the # of matched graph = 1341453018

============ PROGRESS REPORT ============
Total number of tasks processed: 35723
Worker 0: 3064 tasks processed (+ 48)
Worker 1: 4579 tasks processed (+ 224)
--- 150 more tasks stolen
Worker 2: 2946 tasks processed (+ 31)
Worker 3: 3779 tasks processed (+ 132)
Worker 4: 2923 tasks processed (+ 53)
Worker 5: 3232 tasks processed (+ 33)
Worker 6: 3112 tasks processed (+ 95)
Worker 7: 3158 tasks processed (+ 55)
Worker 8: 2990 tasks processed (+ 37)
Worker 9: 2810 tasks processed (+ 62)
Worker 10: 3130 tasks processed (+ 116)

1 stealing plans generated at the master
1 stealing plans generated at the master
结果：the # of matched graph = 1384433188

============ PROGRESS REPORT ============
Total number of tasks processed: 36761
Worker 0: 3131 tasks processed (+ 67)
Worker 1: 4771 tasks processed (+ 192)
--- 300 more tasks stolen
Worker 2: 2978 tasks processed (+ 32)
Worker 3: 4008 tasks processed (+ 229)
Worker 4: 2988 tasks processed (+ 65)
Worker 5: 3268 tasks processed (+ 36)
Worker 6: 3220 tasks processed (+ 108)
Worker 7: 3307 tasks processed (+ 149)
Worker 8: 3025 tasks processed (+ 35)
Worker 9: 2855 tasks processed (+ 45)
Worker 10: 3210 tasks processed (+ 80)

1 stealing plans generated at the master
结果：the # of matched graph = 1423054679
1 stealing plans generated at the master

============ PROGRESS REPORT ============
Total number of tasks processed: 38066
Worker 0: 3211 tasks processed (+ 80)
Worker 1: 4949 tasks processed (+ 178)
--- 302 more tasks stolen
Worker 2: 3037 tasks processed (+ 59)
Worker 3: 4134 tasks processed (+ 126)
Worker 4: 3075 tasks processed (+ 87)
Worker 5: 3420 tasks processed (+ 152)
Worker 6: 3382 tasks processed (+ 162)
Worker 7: 3477 tasks processed (+ 170)
Worker 8: 3055 tasks processed (+ 30)
Worker 9: 2912 tasks processed (+ 57)
Worker 10: 3414 tasks processed (+ 204)

结果：the # of matched graph = 1457992863
10 stealing plans generated at the master
13 stealing plans generated at the master
19 stealing plans generated at the master

============ PROGRESS REPORT ============
Total number of tasks processed: 39525
Worker 0: 3363 tasks processed (+ 152)
Worker 1: 5064 tasks processed (+ 115)
Worker 2: 3083 tasks processed (+ 46)
--- 706 more tasks stolen
Worker 3: 4315 tasks processed (+ 181)
--- 1398 more tasks stolen
Worker 4: 3157 tasks processed (+ 82)
Worker 5: 3643 tasks processed (+ 223)
Worker 6: 3577 tasks processed (+ 195)
Worker 7: 3598 tasks processed (+ 121)
Worker 8: 3128 tasks processed (+ 73)
--- 1206 more tasks stolen
Worker 9: 3006 tasks processed (+ 94)
Worker 10: 3591 tasks processed (+ 177)

31 stealing plans generated at the master
55 stealing plans generated at the master
1 stealing plans generated at the master
结果：the # of matched graph = 1494057673

============ PROGRESS REPORT ============
Total number of tasks processed: 41048
Worker 0: 3538 tasks processed (+ 175)
--- 300 more tasks stolen
Worker 1: 5226 tasks processed (+ 162)
Worker 2: 3157 tasks processed (+ 74)
--- 150 more tasks stolen
Worker 3: 4482 tasks processed (+ 167)
Worker 4: 3281 tasks processed (+ 124)
--- 152 more tasks stolen
Worker 5: 3757 tasks processed (+ 114)
--- 38 more tasks stolen
Worker 6: 3767 tasks processed (+ 190)
Worker 7: 3738 tasks processed (+ 140)
--- 208 more tasks stolen
Worker 8: 3238 tasks processed (+ 110)
--- 213 more tasks stolen
Worker 9: 3095 tasks processed (+ 89)
Worker 10: 3769 tasks processed (+ 178)
--- 148 more tasks stolen

结果：the # of matched graph = 1526303548

============ PROGRESS REPORT ============
Total number of tasks processed: 42994
Worker 0: 3668 tasks processed (+ 130)
Worker 1: 5453 tasks processed (+ 227)
Worker 2: 3226 tasks processed (+ 69)
Worker 3: 4660 tasks processed (+ 178)
Worker 4: 3559 tasks processed (+ 278)
Worker 5: 3960 tasks processed (+ 203)
Worker 6: 4016 tasks processed (+ 249)
Worker 7: 3915 tasks processed (+ 177)
Worker 8: 3449 tasks processed (+ 211)
Worker 9: 3180 tasks processed (+ 85)
Worker 10: 3908 tasks processed (+ 139)

结果：the # of matched graph = 1553999863

============ PROGRESS REPORT ============
Total number of tasks processed: 44490
Worker 0: 3906 tasks processed (+ 238)
Worker 1: 5619 tasks processed (+ 166)
Worker 2: 3457 tasks processed (+ 231)
Worker 3: 4761 tasks processed (+ 101)
Worker 4: 3629 tasks processed (+ 70)
Worker 5: 4001 tasks processed (+ 41)
Worker 6: 4080 tasks processed (+ 64)
Worker 7: 4084 tasks processed (+ 169)
Worker 8: 3555 tasks processed (+ 106)
Worker 9: 3318 tasks processed (+ 138)
Worker 10: 4080 tasks processed (+ 172)

结果：the # of matched graph = 1574704881

============ PROGRESS REPORT ============
Total number of tasks processed: 45519
Worker 0: 3981 tasks processed (+ 75)
Worker 1: 5911 tasks processed (+ 292)
Worker 2: 3697 tasks processed (+ 240)
Worker 3: 4986 tasks processed (+ 225)
Worker 4: 3633 tasks processed (+ 4)
Worker 5: 4031 tasks processed (+ 30)
Worker 6: 4080 tasks processed (+ 0)
Worker 7: 4121 tasks processed (+ 37)
Worker 8: 3667 tasks processed (+ 112)
Worker 9: 3332 tasks processed (+ 14)
Worker 10: 4080 tasks processed (+ 0)

结果：the # of matched graph = 1590104762

============ PROGRESS REPORT ============
Total number of tasks processed: 46470
Worker 0: 3981 tasks processed (+ 0)
Worker 1: 6136 tasks processed (+ 225)
Worker 2: 3842 tasks processed (+ 145)
Worker 3: 5249 tasks processed (+ 263)
Worker 4: 3633 tasks processed (+ 0)
Worker 5: 4067 tasks processed (+ 36)
Worker 6: 4080 tasks processed (+ 0)
Worker 7: 4121 tasks processed (+ 0)
Worker 8: 3900 tasks processed (+ 233)
Worker 9: 3381 tasks processed (+ 49)
Worker 10: 4080 tasks processed (+ 0)

结果：the # of matched graph = 1603175426

============ PROGRESS REPORT ============
Total number of tasks processed: 47567
Worker 0: 3981 tasks processed (+ 0)
Worker 1: 6435 tasks processed (+ 299)
Worker 2: 4085 tasks processed (+ 243)
Worker 3: 5508 tasks processed (+ 259)
Worker 4: 3633 tasks processed (+ 0)
Worker 5: 4086 tasks processed (+ 19)
Worker 6: 4080 tasks processed (+ 0)
Worker 7: 4121 tasks processed (+ 0)
Worker 8: 4173 tasks processed (+ 273)
Worker 9: 3385 tasks processed (+ 4)
Worker 10: 4080 tasks processed (+ 0)

结果：the # of matched graph = 1614980681

============ PROGRESS REPORT ============
Total number of tasks processed: 48514
Worker 0: 3981 tasks processed (+ 0)
Worker 1: 6785 tasks processed (+ 350)
Worker 2: 4266 tasks processed (+ 181)
Worker 3: 5800 tasks processed (+ 292)
Worker 4: 3633 tasks processed (+ 0)
Worker 5: 4093 tasks processed (+ 7)
Worker 6: 4080 tasks processed (+ 0)
Worker 7: 4121 tasks processed (+ 0)
Worker 8: 4290 tasks processed (+ 117)
Worker 9: 3385 tasks processed (+ 0)
Worker 10: 4080 tasks processed (+ 0)

结果：the # of matched graph = 1624199916

============ PROGRESS REPORT ============
Total number of tasks processed: 48978
Worker 0: 3981 tasks processed (+ 0)
Worker 1: 6802 tasks processed (+ 17)
Worker 2: 4266 tasks processed (+ 0)
Worker 3: 5948 tasks processed (+ 148)
Worker 4: 3633 tasks processed (+ 0)
Worker 5: 4109 tasks processed (+ 16)
Worker 6: 4080 tasks processed (+ 0)
Worker 7: 4121 tasks processed (+ 0)
Worker 8: 4573 tasks processed (+ 283)
Worker 9: 3385 tasks processed (+ 0)
Worker 10: 4080 tasks processed (+ 0)

结果：the # of matched graph = 1631865298

============ PROGRESS REPORT ============
Total number of tasks processed: 49338
Worker 0: 3981 tasks processed (+ 0)
Worker 1: 6873 tasks processed (+ 71)
Worker 2: 4266 tasks processed (+ 0)
Worker 3: 5956 tasks processed (+ 8)
Worker 4: 3633 tasks processed (+ 0)
Worker 5: 4125 tasks processed (+ 16)
Worker 6: 4080 tasks processed (+ 0)
Worker 7: 4121 tasks processed (+ 0)
Worker 8: 4838 tasks processed (+ 265)
Worker 9: 3385 tasks processed (+ 0)
Worker 10: 4080 tasks processed (+ 0)

结果：the # of matched graph = 1635016802

============ PROGRESS REPORT ============
Total number of tasks processed: 49405
Worker 0: 3981 tasks processed (+ 0)
Worker 1: 6896 tasks processed (+ 23)
Worker 2: 4266 tasks processed (+ 0)
Worker 3: 5956 tasks processed (+ 0)
Worker 4: 3633 tasks processed (+ 0)
Worker 5: 4145 tasks processed (+ 20)
Worker 6: 4080 tasks processed (+ 0)
Worker 7: 4121 tasks processed (+ 0)
Worker 8: 4862 tasks processed (+ 24)
Worker 9: 3385 tasks processed (+ 0)
Worker 10: 4080 tasks processed (+ 0)

结果：the # of matched graph = 1637063229

============ PROGRESS REPORT ============
Total number of tasks processed: 49414
Worker 0: 3981 tasks processed (+ 0)
Worker 1: 6896 tasks processed (+ 0)
Worker 2: 4266 tasks processed (+ 0)
Worker 3: 5956 tasks processed (+ 0)
Worker 4: 3633 tasks processed (+ 0)
Worker 5: 4154 tasks processed (+ 9)
Worker 6: 4080 tasks processed (+ 0)
Worker 7: 4121 tasks processed (+ 0)
Worker 8: 4862 tasks processed (+ 0)
Worker 9: 3385 tasks processed (+ 0)
Worker 10: 4080 tasks processed (+ 0)

结果：the # of matched graph = 1642247670

============ PROGRESS REPORT ============
Total number of tasks processed: 49421
Worker 0: 3981 tasks processed (+ 0)
Worker 1: 6896 tasks processed (+ 0)
Worker 2: 4266 tasks processed (+ 0)
Worker 3: 5956 tasks processed (+ 0)
Worker 4: 3633 tasks processed (+ 0)
Worker 5: 4161 tasks processed (+ 7)
Worker 6: 4080 tasks processed (+ 0)
Worker 7: 4121 tasks processed (+ 0)
Worker 8: 4862 tasks processed (+ 0)
Worker 9: 3385 tasks processed (+ 0)
Worker 10: 4080 tasks processed (+ 0)

结果：the # of matched graph = 1644809229

============ PROGRESS REPORT ============
Total number of tasks processed: 49432
Worker 0: 3981 tasks processed (+ 0)
Worker 1: 6896 tasks processed (+ 0)
Worker 2: 4266 tasks processed (+ 0)
Worker 3: 5956 tasks processed (+ 0)
Worker 4: 3633 tasks processed (+ 0)
Worker 5: 4172 tasks processed (+ 11)
Worker 6: 4080 tasks processed (+ 0)
Worker 7: 4121 tasks processed (+ 0)
Worker 8: 4862 tasks processed (+ 0)
Worker 9: 3385 tasks processed (+ 0)
Worker 10: 4080 tasks processed (+ 0)

结果：the # of matched graph = 1647047995

============ PROGRESS REPORT ============
Total number of tasks processed: 49448
Worker 0: 3981 tasks processed (+ 0)
Worker 1: 6896 tasks processed (+ 0)
Worker 2: 4266 tasks processed (+ 0)
Worker 3: 5956 tasks processed (+ 0)
Worker 4: 3633 tasks processed (+ 0)
Worker 5: 4188 tasks processed (+ 16)
Worker 6: 4080 tasks processed (+ 0)
Worker 7: 4121 tasks processed (+ 0)
Worker 8: 4862 tasks processed (+ 0)
Worker 9: 3385 tasks processed (+ 0)
Worker 10: 4080 tasks processed (+ 0)

结果：the # of matched graph = 1649385365

============ PROGRESS REPORT ============
Total number of tasks processed: 49473
Worker 0: 3981 tasks processed (+ 0)
Worker 1: 6896 tasks processed (+ 0)
Worker 2: 4266 tasks processed (+ 0)
Worker 3: 5956 tasks processed (+ 0)
Worker 4: 3633 tasks processed (+ 0)
Worker 5: 4213 tasks processed (+ 25)
Worker 6: 4080 tasks processed (+ 0)
Worker 7: 4121 tasks processed (+ 0)
Worker 8: 4862 tasks processed (+ 0)
Worker 9: 3385 tasks processed (+ 0)
Worker 10: 4080 tasks processed (+ 0)

结果：the # of matched graph = 1651371372

============ PROGRESS REPORT ============
Total number of tasks processed: 49495
Worker 0: 3981 tasks processed (+ 0)
Worker 1: 6896 tasks processed (+ 0)
Worker 2: 4266 tasks processed (+ 0)
Worker 3: 5956 tasks processed (+ 0)
Worker 4: 3633 tasks processed (+ 0)
Worker 5: 4235 tasks processed (+ 22)
Worker 6: 4080 tasks processed (+ 0)
Worker 7: 4121 tasks processed (+ 0)
Worker 8: 4862 tasks processed (+ 0)
Worker 9: 3385 tasks processed (+ 0)
Worker 10: 4080 tasks processed (+ 0)

结果：the # of matched graph = 1653162959

============ PROGRESS REPORT ============
Total number of tasks processed: 49510
Worker 0: 3981 tasks processed (+ 0)
Worker 1: 6896 tasks processed (+ 0)
Worker 2: 4266 tasks processed (+ 0)
Worker 3: 5956 tasks processed (+ 0)
Worker 4: 3633 tasks processed (+ 0)
Worker 5: 4250 tasks processed (+ 15)
Worker 6: 4080 tasks processed (+ 0)
Worker 7: 4121 tasks processed (+ 0)
Worker 8: 4862 tasks processed (+ 0)
Worker 9: 3385 tasks processed (+ 0)
Worker 10: 4080 tasks processed (+ 0)

结果：the # of matched graph = 1655153664

============ PROGRESS REPORT ============
Total number of tasks processed: 49519
Worker 0: 3981 tasks processed (+ 0)
Worker 1: 6896 tasks processed (+ 0)
Worker 2: 4266 tasks processed (+ 0)
Worker 3: 5956 tasks processed (+ 0)
Worker 4: 3633 tasks processed (+ 0)
Worker 5: 4259 tasks processed (+ 9)
Worker 6: 4080 tasks processed (+ 0)
Worker 7: 4121 tasks processed (+ 0)
Worker 8: 4862 tasks processed (+ 0)
Worker 9: 3385 tasks processed (+ 0)
Worker 10: 4080 tasks processed (+ 0)

结果：the # of matched graph = 1658592515

============ PROGRESS REPORT ============
Total number of tasks processed: 49533
Worker 0: 3981 tasks processed (+ 0)
Worker 1: 6896 tasks processed (+ 0)
Worker 2: 4266 tasks processed (+ 0)
Worker 3: 5956 tasks processed (+ 0)
Worker 4: 3633 tasks processed (+ 0)
Worker 5: 4273 tasks processed (+ 14)
Worker 6: 4080 tasks processed (+ 0)
Worker 7: 4121 tasks processed (+ 0)
Worker 8: 4862 tasks processed (+ 0)
Worker 9: 3385 tasks processed (+ 0)
Worker 10: 4080 tasks processed (+ 0)

结果：the # of matched graph = 1661291122

============ PROGRESS REPORT ============
Total number of tasks processed: 49546
Worker 0: 3981 tasks processed (+ 0)
Worker 1: 6896 tasks processed (+ 0)
Worker 2: 4266 tasks processed (+ 0)
Worker 3: 5956 tasks processed (+ 0)
Worker 4: 3633 tasks processed (+ 0)
Worker 5: 4286 tasks processed (+ 13)
Worker 6: 4080 tasks processed (+ 0)
Worker 7: 4121 tasks processed (+ 0)
Worker 8: 4862 tasks processed (+ 0)
Worker 9: 3385 tasks processed (+ 0)
Worker 10: 4080 tasks processed (+ 0)

结果：the # of matched graph = 1663399469

============ PROGRESS REPORT ============
Total number of tasks processed: 49554
Worker 0: 3981 tasks processed (+ 0)
Worker 1: 6896 tasks processed (+ 0)
Worker 2: 4266 tasks processed (+ 0)
Worker 3: 5956 tasks processed (+ 0)
Worker 4: 3633 tasks processed (+ 0)
Worker 5: 4294 tasks processed (+ 8)
Worker 6: 4080 tasks processed (+ 0)
Worker 7: 4121 tasks processed (+ 0)
Worker 8: 4862 tasks processed (+ 0)
Worker 9: 3385 tasks processed (+ 0)
Worker 10: 4080 tasks processed (+ 0)

结果：the # of matched graph = 1667678511

============ PROGRESS REPORT ============
Total number of tasks processed: 49581
Worker 0: 3981 tasks processed (+ 0)
Worker 1: 6896 tasks processed (+ 0)
Worker 2: 4266 tasks processed (+ 0)
Worker 3: 5956 tasks processed (+ 0)
Worker 4: 3633 tasks processed (+ 0)
Worker 5: 4321 tasks processed (+ 27)
Worker 6: 4080 tasks processed (+ 0)
Worker 7: 4121 tasks processed (+ 0)
Worker 8: 4862 tasks processed (+ 0)
Worker 9: 3385 tasks processed (+ 0)
Worker 10: 4080 tasks processed (+ 0)

结果：the # of matched graph = 1668729489

============ PROGRESS REPORT ============
Total number of tasks processed: 49613
Worker 0: 3981 tasks processed (+ 0)
Worker 1: 6896 tasks processed (+ 0)
Worker 2: 4266 tasks processed (+ 0)
Worker 3: 5956 tasks processed (+ 0)
Worker 4: 3633 tasks processed (+ 0)
Worker 5: 4353 tasks processed (+ 32)
Worker 6: 4080 tasks processed (+ 0)
Worker 7: 4121 tasks processed (+ 0)
Worker 8: 4862 tasks processed (+ 0)
Worker 9: 3385 tasks processed (+ 0)
Worker 10: 4080 tasks processed (+ 0)

结果：the # of matched graph = 1669886852

============ PROGRESS REPORT ============
Total number of tasks processed: 49633
Worker 0: 3981 tasks processed (+ 0)
Worker 1: 6896 tasks processed (+ 0)
Worker 2: 4266 tasks processed (+ 0)
Worker 3: 5956 tasks processed (+ 0)
Worker 4: 3633 tasks processed (+ 0)
Worker 5: 4373 tasks processed (+ 20)
Worker 6: 4080 tasks processed (+ 0)
Worker 7: 4121 tasks processed (+ 0)
Worker 8: 4862 tasks processed (+ 0)
Worker 9: 3385 tasks processed (+ 0)
Worker 10: 4080 tasks processed (+ 0)

Task Time : 64.121022 seconds
结果：the # of matched graph = 1671854447

============ PROGRESS REPORT ============
Total number of tasks processed: 49639
Worker 0: 3981 tasks processed (+ 0)
Worker 1: 6896 tasks processed (+ 0)
Worker 2: 4266 tasks processed (+ 0)
Worker 3: 5956 tasks processed (+ 0)
Worker 4: 3633 tasks processed (+ 0)
Worker 5: 4379 tasks processed (+ 6)
Worker 6: 4080 tasks processed (+ 0)
Worker 7: 4121 tasks processed (+ 0)
Worker 8: 4862 tasks processed (+ 0)
Worker 9: 3385 tasks processed (+ 0)
Worker 10: 4080 tasks processed (+ 0)

