Data graph path: /g-thinker/labelSK.txt
Query graph path: /fdu-zyj/query1125/query1.txt
Output graph path: /fdu-zyj/output
Partition Method: 
Preprocess Method: 1
Filter Method: 0
Order Method: random
Enumerate Method: 1
=================Start loading data graph ...=====================
Load Graph Time : 20.555730 seconds
================Start preprocessing...=================
Superstep 1:
*0.257944: [0.215075, 0.00605273, 0.00429988]
Superstep 1 done.Time elapsed: 0.266126 seconds
#msgs: 0
Superstep 2:
*0.043288: [0.00395083, 0.00369406, 0.00353193]
Superstep 2 done.Time elapsed: 0.06515 seconds
#msgs: 0
Superstep 3:
Subgraph preprocessing done. 
Total Computational Time : 0.346475 seconds
 - Active Compute Time : 0.301448 seconds
 - Sync Message Time : 0.007231 seconds
 - Communication Time : 0.008133 seconds
    - Serialization Time : 0.000066 seconds
    - Transfer Time : 0.008030 seconds
Total #msgs=0, Total #vadd=0
=================Start loading query...===================
Worker 0: "hdfs://master:9000/fdu-zyj/query1125/query1.txt" loaded
Communication Time : 0.000127 seconds
- Serialization Time : 0.000036 seconds
- Transfer Time : 0.000091 seconds
Load Query Time : 0.413432 seconds
=================Start building query tree...===================
this->nodes size: 5
Node 0
Label: 97
Branch number: 0
Neighbors: [1]
Backward neighbors: []
Backward same labels: []
It has 1 children.
Node 1
Label: 98
Branch number: 0
Neighbors: [0, 2]
Backward neighbors: []
Backward same labels: []
It has 1 children.
Node 2
Label: 99
Branch number: 0
Neighbors: [1, 3]
Backward neighbors: []
Backward same labels: []
It has 1 children.
Node 3
Label: 98
Branch number: 0
Neighbors: [2, 4]
Backward neighbors: []
Backward same labels: [1]
It has 1 children.
Node 4
Label: 100
Branch number: 0
Neighbors: [3]
Backward neighbors: []
Backward same labels: []
It has 0 children.
Build Query Tree Time : 0.000674 seconds
================Start matching...======================
Superstep 1:
*0.0645528: [0.0316951, 0.00622678, 0.00408912]
Superstep 1 done.Time elapsed: 0.0955241 seconds
#msgs: 28101
Superstep 2:
*0.00835681: [0.00253654, 3.6478e-05, 3.21865e-05]
Superstep 2 done.Time elapsed: 0.018152 seconds
#msgs: 15188
Superstep 3:
*0.0355239: [0.0295429, 2.81334e-05, 3.02792e-05]
Superstep 3 done.Time elapsed: 0.306506 seconds
#msgs: 22944
Superstep 4:
*0.0732219: [0.0671849, 2.83718e-05, 4.1008e-05]
Superstep 4 done.Time elapsed: 4.27225 seconds
#msgs: 11691
Superstep 5:
*24.2229: [24.2164, 0.000137329, 9.32217e-05]
Superstep 5 done.Time elapsed: 51.663 seconds
#msgs: 0
Superstep 6:
Subgraph matching done. 
Total Computational Time : 56.372824 seconds
 - Active Compute Time : 24.404917 seconds
 - Sync Message Time : 1.610205 seconds
 - Communication Time : 1.605899 seconds
    - Serialization Time : 0.363118 seconds
    - Transfer Time : 1.242022 seconds
Total #msgs=77924, Total #vadd=0
1. Arrange messages: 0.0411143 s
2. Check feasibility: 526.481 s
	 - Check vertex uniqueness: 156.221 s
	 - Check non-tree edge: 331.534 s
3. Construct neighbor map: 0.0346944 s
4. Update out messages buffer: 0.134573 s
5. Clear out neighbor map: 0.00734234 s
Main Computation: 526.738 s
================Start enumerating...===================
Superstep 1:
*0.0427849: [0.00426841, 0.00613809, 0.00412202]
Superstep 1 done.Time elapsed: 0.0617361 seconds
#msgs: 0
Superstep 2:
Subgraph enumeration done. 
Total Computational Time : 0.080218 seconds
 - Active Compute Time : 0.042875 seconds
 - Sync Message Time : 0.003790 seconds
 - Communication Time : 0.004340 seconds
    - Serialization Time : 0.000071 seconds
    - Transfer Time : 0.004213 seconds
Total #msgs=0, Total #vadd=0
From start to end: total time: 526.481 s
 - continue enumerating: 0.134573 s
 - expand time: 0.00734234 s
Sync Time: 0.00607777 s
================ Final Report ===============
Mapping count: 2945534242
Load time: 20.9692 s.
Dump time: 0 s.
Compute time: 56.4541 s.
Offline time: 24.0534 s.
Online time: 57.0862 s.
