Data graph path: /g-thinker/newdata/orkut_f.txt
Query graph path: /fdu-zyj/query1125/query3.txt
Output graph path: /fdu-zyj/output
Partition Method: 
Preprocess Method: 1
Filter Method: 0
Order Method: random
Enumerate Method: 1
=================Start loading data graph ...=====================
Load Graph Time : 108.745566 seconds
================Start preprocessing...=================
Superstep 1:
*2.03744: [1.95713, 0.0118718, 0.00806594]
Superstep 1 done.Time elapsed: 2.04477 seconds
#msgs: 0
Superstep 2:
*0.0801449: [0.00720572, 0.00671887, 0.00666404]
Superstep 2 done.Time elapsed: 0.115654 seconds
#msgs: 0
Superstep 3:
Subgraph preprocessing done. 
Total Computational Time : 2.186793 seconds
 - Active Compute Time : 2.117791 seconds
 - Sync Message Time : 0.008770 seconds
 - Communication Time : 0.010018 seconds
    - Serialization Time : 0.000092 seconds
    - Transfer Time : 0.009895 seconds
Total #msgs=0, Total #vadd=0
=================Start loading query...===================
Worker 0: "hdfs://master:9000/fdu-zyj/query1125/query3.txt" loaded
Communication Time : 0.000103 seconds
- Serialization Time : 0.000008 seconds
- Transfer Time : 0.000095 seconds
Load Query Time : 0.444655 seconds
=================Start building query tree...===================
this->nodes size: 5
Node 0
Label: 97
Branch number: 0
Neighbors: [1, 2, 4]
Backward neighbors: []
Backward same labels: []
It has 1 children.
Node 1
Label: 98
Branch number: 0
Neighbors: [0, 2]
Backward neighbors: []
Backward same labels: []
It has 1 children.
Node 2
Label: 99
Branch number: 0
Neighbors: [0, 1, 3]
Backward neighbors: [0]
Backward same labels: []
It has 1 children.
Node 3
Label: 98
Branch number: 0
Neighbors: [2, 4]
Backward neighbors: []
Backward same labels: [1]
It has 1 children.
Node 4
Label: 100
Branch number: 0
Neighbors: [0, 3]
Backward neighbors: [0]
Backward same labels: []
It has 0 children.
Build Query Tree Time : 0.000735 seconds
================Start matching...======================
Superstep 1:
*0.239463: [0.178853, 0.0109096, 0.00752139]
Superstep 1 done.Time elapsed: 0.692183 seconds
#msgs: 2974161
Superstep 2:
*0.23847: [0.220111, 0.000912428, 0.000891209]
Superstep 2 done.Time elapsed: 1.58663 seconds
#msgs: 2933453
Superstep 3:
*2.64424: [2.62359, 0.000952959, 0.00129485]
Superstep 3 done.Time elapsed: 8.35187 seconds
#msgs: 2749818
Superstep 4:
*13.2318: [13.2111, 0.00132608, 0.00208879]

===================================================================================
=   BAD TERMINATION OF ONE OF YOUR APPLICATION PROCESSES
=   PID 27675 RUNNING AT master
=   EXIT CODE: 6
=   CLEANING UP REMAINING PROCESSES
=   YOU CAN IGNORE THE BELOW CLEANUP MESSAGES
===================================================================================
