Load Time : 4.335301 seconds
结果：the # of matched graph = 0

============ PROGRESS REPORT ============
Total number of tasks processed: 0
Worker 0: 0 tasks processed
Worker 1: 0 tasks processed
Worker 2: 0 tasks processed
Worker 3: 0 tasks processed
Worker 4: 0 tasks processed
Worker 5: 0 tasks processed
Worker 6: 0 tasks processed
Worker 7: 0 tasks processed
Worker 8: 0 tasks processed
Worker 9: 0 tasks processed
Worker 10: 0 tasks processed

50 stealing plans generated at the master
结果：the # of matched graph = 533606

============ PROGRESS REPORT ============
Total number of tasks processed: 3641
Worker 0: 134 tasks processed (+ 134)
Worker 1: 142 tasks processed (+ 142)
Worker 2: 463 tasks processed (+ 463)
--- 150 more tasks stolen
Worker 3: 473 tasks processed (+ 473)
--- 150 more tasks stolen
Worker 4: 425 tasks processed (+ 425)
--- 150 more tasks stolen
Worker 5: 492 tasks processed (+ 492)
--- 60 more tasks stolen
Worker 6: 411 tasks processed (+ 411)
Worker 7: 389 tasks processed (+ 389)
--- 150 more tasks stolen
Worker 8: 129 tasks processed (+ 129)
Worker 9: 465 tasks processed (+ 465)
Worker 10: 118 tasks processed (+ 118)


============ PROGRESS REPORT ============
Total number of tasks processed: 6751
Worker 0: 602 tasks processed (+ 468)
Worker 1: 142 tasks processed (+ 0)
Worker 2: 757 tasks processed (+ 294)
Worker 3: 868 tasks processed (+ 395)
Worker 4: 425 tasks processed (+ 0)
Worker 5: 669 tasks processed (+ 177)
Worker 6: 411 tasks processed (+ 0)
Worker 7: 918 tasks processed (+ 529)
Worker 8: 751 tasks processed (+ 622)
Worker 9: 574 tasks processed (+ 109)
Worker 10: 634 tasks processed (+ 516)

结果：the # of matched graph = 1405687

============ PROGRESS REPORT ============
Total number of tasks processed: 8029
Worker 0: 602 tasks processed (+ 0)
Worker 1: 142 tasks processed (+ 0)
Worker 2: 1230 tasks processed (+ 473)
Worker 3: 1162 tasks processed (+ 294)
Worker 4: 434 tasks processed (+ 9)
Worker 5: 669 tasks processed (+ 0)
Worker 6: 411 tasks processed (+ 0)
Worker 7: 954 tasks processed (+ 36)
Worker 8: 820 tasks processed (+ 69)
Worker 9: 886 tasks processed (+ 312)
Worker 10: 719 tasks processed (+ 85)

结果：the # of matched graph = 1970862

============ PROGRESS REPORT ============
Total number of tasks processed: 8941
Worker 0: 602 tasks processed (+ 0)
Worker 1: 533 tasks processed (+ 391)
Worker 2: 1232 tasks processed (+ 2)
Worker 3: 1162 tasks processed (+ 0)
Worker 4: 686 tasks processed (+ 252)
Worker 5: 683 tasks processed (+ 14)
Worker 6: 411 tasks processed (+ 0)
Worker 7: 1043 tasks processed (+ 89)
Worker 8: 839 tasks processed (+ 19)
Worker 9: 886 tasks processed (+ 0)
Worker 10: 864 tasks processed (+ 145)

结果：the # of matched graph = 2852645

============ PROGRESS REPORT ============
Total number of tasks processed: 10258
Worker 0: 602 tasks processed (+ 0)
Worker 1: 595 tasks processed (+ 62)
Worker 2: 1290 tasks processed (+ 58)
Worker 3: 1162 tasks processed (+ 0)
Worker 4: 1434 tasks processed (+ 748)
Worker 5: 683 tasks processed (+ 0)
Worker 6: 411 tasks processed (+ 0)
Worker 7: 1098 tasks processed (+ 55)
Worker 8: 992 tasks processed (+ 153)
Worker 9: 886 tasks processed (+ 0)
Worker 10: 1105 tasks processed (+ 241)

结果：the # of matched graph = 3589701

============ PROGRESS REPORT ============
Total number of tasks processed: 11697
Worker 0: 602 tasks processed (+ 0)
Worker 1: 1236 tasks processed (+ 641)
Worker 2: 1290 tasks processed (+ 0)
Worker 3: 1162 tasks processed (+ 0)
Worker 4: 1434 tasks processed (+ 0)
Worker 5: 683 tasks processed (+ 0)
Worker 6: 415 tasks processed (+ 4)
Worker 7: 1480 tasks processed (+ 382)
Worker 8: 1258 tasks processed (+ 266)
Worker 9: 886 tasks processed (+ 0)
Worker 10: 1251 tasks processed (+ 146)

结果：the # of matched graph = 3918772

============ PROGRESS REPORT ============
Total number of tasks processed: 11762
Worker 0: 602 tasks processed (+ 0)
Worker 1: 1273 tasks processed (+ 37)
Worker 2: 1290 tasks processed (+ 0)
Worker 3: 1162 tasks processed (+ 0)
Worker 4: 1434 tasks processed (+ 0)
Worker 5: 683 tasks processed (+ 0)
Worker 6: 441 tasks processed (+ 26)
Worker 7: 1480 tasks processed (+ 0)
Worker 8: 1258 tasks processed (+ 0)
Worker 9: 888 tasks processed (+ 2)
Worker 10: 1251 tasks processed (+ 0)

结果：the # of matched graph = 4062993

============ PROGRESS REPORT ============
Total number of tasks processed: 12308
Worker 0: 602 tasks processed (+ 0)
Worker 1: 1273 tasks processed (+ 0)
Worker 2: 1465 tasks processed (+ 175)
Worker 3: 1162 tasks processed (+ 0)
Worker 4: 1434 tasks processed (+ 0)
Worker 5: 914 tasks processed (+ 231)
Worker 6: 542 tasks processed (+ 101)
Worker 7: 1480 tasks processed (+ 0)
Worker 8: 1258 tasks processed (+ 0)
Worker 9: 927 tasks processed (+ 39)
Worker 10: 1251 tasks processed (+ 0)

结果：the # of matched graph = 4799196

============ PROGRESS REPORT ============
Total number of tasks processed: 12521
Worker 0: 602 tasks processed (+ 0)
Worker 1: 1273 tasks processed (+ 0)
Worker 2: 1465 tasks processed (+ 0)
Worker 3: 1162 tasks processed (+ 0)
Worker 4: 1434 tasks processed (+ 0)
Worker 5: 1104 tasks processed (+ 190)
Worker 6: 565 tasks processed (+ 23)
Worker 7: 1480 tasks processed (+ 0)
Worker 8: 1258 tasks processed (+ 0)
Worker 9: 927 tasks processed (+ 0)
Worker 10: 1251 tasks processed (+ 0)

结果：the # of matched graph = 4899585

============ PROGRESS REPORT ============
Total number of tasks processed: 12528
Worker 0: 602 tasks processed (+ 0)
Worker 1: 1273 tasks processed (+ 0)
Worker 2: 1465 tasks processed (+ 0)
Worker 3: 1169 tasks processed (+ 7)
Worker 4: 1434 tasks processed (+ 0)
Worker 5: 1104 tasks processed (+ 0)
Worker 6: 565 tasks processed (+ 0)
Worker 7: 1480 tasks processed (+ 0)
Worker 8: 1258 tasks processed (+ 0)
Worker 9: 927 tasks processed (+ 0)
Worker 10: 1251 tasks processed (+ 0)

结果：the # of matched graph = 5252555

============ PROGRESS REPORT ============
Total number of tasks processed: 12798
Worker 0: 602 tasks processed (+ 0)
Worker 1: 1273 tasks processed (+ 0)
Worker 2: 1465 tasks processed (+ 0)
Worker 3: 1211 tasks processed (+ 42)
Worker 4: 1434 tasks processed (+ 0)
Worker 5: 1104 tasks processed (+ 0)
Worker 6: 793 tasks processed (+ 228)
Worker 7: 1480 tasks processed (+ 0)
Worker 8: 1258 tasks processed (+ 0)
Worker 9: 927 tasks processed (+ 0)
Worker 10: 1251 tasks processed (+ 0)

结果：the # of matched graph = 5803101

============ PROGRESS REPORT ============
Total number of tasks processed: 13670
Worker 0: 602 tasks processed (+ 0)
Worker 1: 1273 tasks processed (+ 0)
Worker 2: 1465 tasks processed (+ 0)
Worker 3: 1414 tasks processed (+ 203)
Worker 4: 1434 tasks processed (+ 0)
Worker 5: 1282 tasks processed (+ 178)
Worker 6: 1284 tasks processed (+ 491)
Worker 7: 1480 tasks processed (+ 0)
Worker 8: 1258 tasks processed (+ 0)
Worker 9: 927 tasks processed (+ 0)
Worker 10: 1251 tasks processed (+ 0)

结果：the # of matched graph = 5895799

============ PROGRESS REPORT ============
Total number of tasks processed: 13693
Worker 0: 602 tasks processed (+ 0)
Worker 1: 1273 tasks processed (+ 0)
Worker 2: 1465 tasks processed (+ 0)
Worker 3: 1437 tasks processed (+ 23)
Worker 4: 1434 tasks processed (+ 0)
Worker 5: 1282 tasks processed (+ 0)
Worker 6: 1284 tasks processed (+ 0)
Worker 7: 1480 tasks processed (+ 0)
Worker 8: 1258 tasks processed (+ 0)
Worker 9: 927 tasks processed (+ 0)
Worker 10: 1251 tasks processed (+ 0)

结果：the # of matched graph = 5895799
Task Time : 14.105546 seconds
结果：the # of matched graph = 6010004

============ PROGRESS REPORT ============
Total number of tasks processed: 14031
Worker 0: 602 tasks processed (+ 0)
Worker 1: 1273 tasks processed (+ 0)
Worker 2: 1465 tasks processed (+ 0)
Worker 3: 1437 tasks processed (+ 0)
Worker 4: 1434 tasks processed (+ 0)
Worker 5: 1282 tasks processed (+ 0)
Worker 6: 1284 tasks processed (+ 0)
Worker 7: 1480 tasks processed (+ 0)
Worker 8: 1258 tasks processed (+ 0)
Worker 9: 1265 tasks processed (+ 338)
Worker 10: 1251 tasks processed (+ 0)

