Load Time : 4.612100 seconds
结果：the # of matched graph = 0

============ PROGRESS REPORT ============
Total number of tasks processed: 0
Worker 0: 0 tasks processed
Worker 1: 0 tasks processed
Worker 2: 0 tasks processed
Worker 3: 0 tasks processed
Worker 4: 0 tasks processed
Worker 5: 0 tasks processed
Worker 6: 0 tasks processed
Worker 7: 0 tasks processed
Worker 8: 0 tasks processed
Worker 9: 0 tasks processed
Worker 10: 0 tasks processed

20 stealing plans generated at the master
结果：the # of matched graph = 7447838

============ PROGRESS REPORT ============
Total number of tasks processed: 15781
Worker 0: 814 tasks processed (+ 814)
Worker 1: 2006 tasks processed (+ 2006)
--- 487 more tasks stolen
Worker 2: 1481 tasks processed (+ 1481)
Worker 3: 1538 tasks processed (+ 1538)
Worker 4: 849 tasks processed (+ 849)
Worker 5: 1985 tasks processed (+ 1985)
--- 1000 more tasks stolen
Worker 6: 1492 tasks processed (+ 1492)
Worker 7: 1280 tasks processed (+ 1280)
Worker 8: 1452 tasks processed (+ 1452)
Worker 9: 1451 tasks processed (+ 1451)
Worker 10: 1433 tasks processed (+ 1433)

结果：the # of matched graph = 64330310

============ PROGRESS REPORT ============
Total number of tasks processed: 19230
Worker 0: 1073 tasks processed (+ 259)
Worker 1: 2328 tasks processed (+ 322)
Worker 2: 1652 tasks processed (+ 171)
Worker 3: 1842 tasks processed (+ 304)
Worker 4: 1095 tasks processed (+ 246)
Worker 5: 2496 tasks processed (+ 511)
Worker 6: 1744 tasks processed (+ 252)
Worker 7: 1724 tasks processed (+ 444)
Worker 8: 1726 tasks processed (+ 274)
Worker 9: 1783 tasks processed (+ 332)
Worker 10: 1767 tasks processed (+ 334)

结果：the # of matched graph = 98445478

============ PROGRESS REPORT ============
Total number of tasks processed: 20654
Worker 0: 1107 tasks processed (+ 34)
Worker 1: 2336 tasks processed (+ 8)
Worker 2: 1877 tasks processed (+ 225)
Worker 3: 1900 tasks processed (+ 58)
Worker 4: 1197 tasks processed (+ 102)
Worker 5: 2801 tasks processed (+ 305)
Worker 6: 1879 tasks processed (+ 135)
Worker 7: 1941 tasks processed (+ 217)
Worker 8: 1854 tasks processed (+ 128)
Worker 9: 1894 tasks processed (+ 111)
Worker 10: 1868 tasks processed (+ 101)

Task Time : 3.718896 seconds
结果：the # of matched graph = 100401613

============ PROGRESS REPORT ============
Total number of tasks processed: 20793
Worker 0: 1107 tasks processed (+ 0)
Worker 1: 2336 tasks processed (+ 0)
Worker 2: 1956 tasks processed (+ 79)
Worker 3: 1900 tasks processed (+ 0)
Worker 4: 1197 tasks processed (+ 0)
Worker 5: 2861 tasks processed (+ 60)
Worker 6: 1879 tasks processed (+ 0)
Worker 7: 1941 tasks processed (+ 0)
Worker 8: 1854 tasks processed (+ 0)
Worker 9: 1894 tasks processed (+ 0)
Worker 10: 1868 tasks processed (+ 0)

