Load Time : 63.504291 seconds

============ PROGRESS REPORT ============
Total number of tasks processed: 结果：the # of matched graph = 0
Worker 0: 0 tasks processed
Worker 1: 0 tasks processed
Worker 2: 0 tasks processed
Worker 3: 0 tasks processed
Worker 4: 0 tasks processed
Worker 5: 0 tasks processed
Worker 6: 0 tasks processed
Worker 7: 0 tasks processed
Worker 8: 0 tasks processed
Worker 9: 0 tasks processed
Worker 10: 0 tasks processed

0
结果：the # of matched graph = 77853

============ PROGRESS REPORT ============
Total number of tasks processed: 6239
Worker 0: 583 tasks processed (+ 583)
Worker 1: 678 tasks processed (+ 678)
Worker 2: 387 tasks processed (+ 387)
Worker 3: 287 tasks processed (+ 287)
Worker 4: 223 tasks processed (+ 223)
Worker 5: 477 tasks processed (+ 477)
Worker 6: 470 tasks processed (+ 470)
Worker 7: 765 tasks processed (+ 765)
Worker 8: 766 tasks processed (+ 766)
Worker 9: 780 tasks processed (+ 780)
Worker 10: 823 tasks processed (+ 823)

结果：the # of matched graph = 751601

============ PROGRESS REPORT ============
Total number of tasks processed: 13725
Worker 0: 1877 tasks processed (+ 1294)
Worker 1: 2390 tasks processed (+ 1712)
Worker 2: 1649 tasks processed (+ 1262)
Worker 3: 287 tasks processed (+ 0)
Worker 4: 945 tasks processed (+ 722)
Worker 5: 477 tasks processed (+ 0)
Worker 6: 829 tasks processed (+ 359)
Worker 7: 1545 tasks processed (+ 780)
Worker 8: 1725 tasks processed (+ 959)
Worker 9: 1116 tasks processed (+ 336)
Worker 10: 885 tasks processed (+ 62)

结果：the # of matched graph = 1899051

============ PROGRESS REPORT ============
Total number of tasks processed: 18780
Worker 0: 2342 tasks processed (+ 465)
Worker 1: 3368 tasks processed (+ 978)
Worker 2: 2210 tasks processed (+ 561)
Worker 3: 756 tasks processed (+ 469)
Worker 4: 1246 tasks processed (+ 301)
Worker 5: 1091 tasks processed (+ 614)
Worker 6: 893 tasks processed (+ 64)
Worker 7: 2191 tasks processed (+ 646)
Worker 8: 1748 tasks processed (+ 23)
Worker 9: 1384 tasks processed (+ 268)
Worker 10: 1551 tasks processed (+ 666)

10 stealing plans generated at the master
10 stealing plans generated at the master
结果：the # of matched graph = 3094787

============ PROGRESS REPORT ============
Total number of tasks processed: 26085
Worker 0: 3080 tasks processed (+ 738)
Worker 1: 5439 tasks processed (+ 2071)
--- 1500 more tasks stolen
Worker 2: 2479 tasks processed (+ 269)
Worker 3: 1203 tasks processed (+ 447)
Worker 4: 2373 tasks processed (+ 1127)
Worker 5: 1725 tasks processed (+ 634)
Worker 6: 1324 tasks processed (+ 431)
Worker 7: 2428 tasks processed (+ 237)
Worker 8: 1906 tasks processed (+ 158)
Worker 9: 2209 tasks processed (+ 825)
Worker 10: 1919 tasks processed (+ 368)

1 stealing plans generated at the master
2 stealing plans generated at the master
1 stealing plans generated at the master
1 stealing plans generated at the master
5 stealing plans generated at the master
7 stealing plans generated at the master

============ PROGRESS REPORT ============
Total number of tasks processed: 33536
Worker 0: 3807 tasks processed (+ 727)
Worker 1: 7175 tasks processed (+ 1736)
--- 3903 more tasks stolen
Worker 2: 3540 tasks processed (+ 1061)
Worker 3: 1429 tasks processed (+ 226)
Worker 4: 3792 tasks processed (+ 1419)
Worker 5: 1821 tasks processed (+ 96)
Worker 6: 1324 tasks processed (+ 0)
Worker 7: 3003 tasks processed (+ 575)
Worker 8: 2504 tasks processed (+ 598)
Worker 9: 2869 tasks processed (+ 660)
Worker 10: 2272 tasks processed (+ 353)

结果：the # of matched graph = 4147153
25 stealing plans generated at the master
30 stealing plans generated at the master
73 stealing plans generated at the master
20 stealing plans generated at the master
结果：the # of matched graph = 5035656

============ PROGRESS REPORT ============
Total number of tasks processed: 51747
Worker 0: 6431 tasks processed (+ 2624)
--- 1759 more tasks stolen
Worker 1: 10102 tasks processed (+ 2927)
--- 900 more tasks stolen
Worker 2: 6771 tasks processed (+ 3231)
--- 1549 more tasks stolen
Worker 3: 2796 tasks processed (+ 1367)
Worker 4: 5921 tasks processed (+ 2129)
--- 750 more tasks stolen
Worker 5: 1905 tasks processed (+ 84)
Worker 6: 1354 tasks processed (+ 30)
Worker 7: 5381 tasks processed (+ 2378)
--- 42 more tasks stolen
Worker 8: 4143 tasks processed (+ 1639)
--- 601 more tasks stolen
Worker 9: 4410 tasks processed (+ 1541)
--- 137 more tasks stolen
Worker 10: 2533 tasks processed (+ 261)


============ PROGRESS REPORT ============
Total number of tasks processed: 57610
Worker 0: 7466 tasks processed (+ 1035)
Worker 1: 12043 tasks processed (+ 1941)
Worker 2: 7281 tasks processed (+ 510)
Worker 3: 2853 tasks processed (+ 57)
Worker 4: 6022 tasks processed (+ 101)
Worker 5: 2184 tasks processed (+ 279)
Worker 6: 1394 tasks processed (+ 40)
Worker 7: 5733 tasks processed (+ 352)
Worker 8: 4729 tasks processed (+ 586)
Worker 9: 5229 tasks processed (+ 819)
Worker 10: 2676 tasks processed (+ 143)

结果：the # of matched graph = 5745332

============ PROGRESS REPORT ============
Total number of tasks processed: 58889
Worker 0: 7466 tasks processed (+ 0)
Worker 1: 12043 tasks processed (+ 0)
Worker 2: 7281 tasks processed (+ 0)
Worker 3: 2853 tasks processed (+ 0)
Worker 4: 6106 tasks processed (+ 84)
Worker 5: 2184 tasks processed (+ 0)
Worker 6: 1786 tasks processed (+ 392)
Worker 7: 5733 tasks processed (+ 0)
Worker 8: 4999 tasks processed (+ 270)
Worker 9: 5412 tasks processed (+ 183)
Worker 10: 3026 tasks processed (+ 350)

结果：the # of matched graph = 6011571

============ PROGRESS REPORT ============
Total number of tasks processed: 59465
Worker 0: 7466 tasks processed (+ 0)
Worker 1: 12043 tasks processed (+ 0)
Worker 2: 7281 tasks processed (+ 0)
Worker 3: 2853 tasks processed (+ 0)
Worker 4: 6342 tasks processed (+ 236)
Worker 5: 2184 tasks processed (+ 0)
Worker 6: 1812 tasks processed (+ 26)
Worker 7: 5733 tasks processed (+ 0)
Worker 8: 4999 tasks processed (+ 0)
Worker 9: 5713 tasks processed (+ 301)
Worker 10: 3039 tasks processed (+ 13)

结果：the # of matched graph = 6072510

============ PROGRESS REPORT ============
Total number of tasks processed: 60341
Worker 0: 7466 tasks processed (+ 0)
Worker 1: 12043 tasks processed (+ 0)
Worker 2: 7281 tasks processed (+ 0)
Worker 3: 2853 tasks processed (+ 0)
Worker 4: 6342 tasks processed (+ 0)
Worker 5: 2184 tasks processed (+ 0)
Worker 6: 2688 tasks processed (+ 876)
Worker 7: 5733 tasks processed (+ 0)
Worker 8: 4999 tasks processed (+ 0)
Worker 9: 5713 tasks processed (+ 0)
Worker 10: 3039 tasks processed (+ 0)

结果：the # of matched graph = 6275278

============ PROGRESS REPORT ============
Total number of tasks processed: 60400
Worker 0: 7466 tasks processed (+ 0)
Worker 1: 12043 tasks processed (+ 0)
Worker 2: 7281 tasks processed (+ 0)
Worker 3: 2853 tasks processed (+ 0)
Worker 4: 6342 tasks processed (+ 0)
Worker 5: 2184 tasks processed (+ 0)
Worker 6: 2747 tasks processed (+ 59)
Worker 7: 5733 tasks processed (+ 0)
Worker 8: 4999 tasks processed (+ 0)
Worker 9: 5713 tasks processed (+ 0)
Worker 10: 3039 tasks processed (+ 0)

结果：the # of matched graph = 6349404

============ PROGRESS REPORT ============
Total number of tasks processed: 60572
Worker 0: 7466 tasks processed (+ 0)
Worker 1: 12043 tasks processed (+ 0)
Worker 2: 7281 tasks processed (+ 0)
Worker 3: 2853 tasks processed (+ 0)
Worker 4: 6342 tasks processed (+ 0)
Worker 5: 2184 tasks processed (+ 0)
Worker 6: 2919 tasks processed (+ 172)
Worker 7: 5733 tasks processed (+ 0)
Worker 8: 4999 tasks processed (+ 0)
Worker 9: 5713 tasks processed (+ 0)
Worker 10: 3039 tasks processed (+ 0)

结果：the # of matched graph = 6460767

============ PROGRESS REPORT ============
Total number of tasks processed: 60791
Worker 0: 7466 tasks processed (+ 0)
Worker 1: 12043 tasks processed (+ 0)
Worker 2: 7281 tasks processed (+ 0)
Worker 3: 2853 tasks processed (+ 0)
Worker 4: 6342 tasks processed (+ 0)
Worker 5: 2184 tasks processed (+ 0)
Worker 6: 3138 tasks processed (+ 219)
Worker 7: 5733 tasks processed (+ 0)
Worker 8: 4999 tasks processed (+ 0)
Worker 9: 5713 tasks processed (+ 0)
Worker 10: 3039 tasks processed (+ 0)

结果：the # of matched graph = 6464678

============ PROGRESS REPORT ============
Total number of tasks processed: 60791
Worker 0: 7466 tasks processed (+ 0)
Worker 1: 12043 tasks processed (+ 0)
Worker 2: 7281 tasks processed (+ 0)
Worker 3: 2853 tasks processed (+ 0)
Worker 4: 6342 tasks processed (+ 0)
Worker 5: 2184 tasks processed (+ 0)
Worker 6: 3138 tasks processed (+ 0)
Worker 7: 5733 tasks processed (+ 0)
Worker 8: 4999 tasks processed (+ 0)
Worker 9: 5713 tasks processed (+ 0)
Worker 10: 3039 tasks processed (+ 0)

结果：the # of matched graph = 6464678

============ PROGRESS REPORT ============
Total number of tasks processed: 60791
Worker 0: 7466 tasks processed (+ 0)
Worker 1: 12043 tasks processed (+ 0)
Worker 2: 7281 tasks processed (+ 0)
Worker 3: 2853 tasks processed (+ 0)
Worker 4: 6342 tasks processed (+ 0)
Worker 5: 2184 tasks processed (+ 0)
Worker 6: 3138 tasks processed (+ 0)
Worker 7: 5733 tasks processed (+ 0)
Worker 8: 4999 tasks processed (+ 0)
Worker 9: 5713 tasks processed (+ 0)
Worker 10: 3039 tasks processed (+ 0)

结果：the # of matched graph = 6464678

============ PROGRESS REPORT ============
Total number of tasks processed: 60791
Worker 0: 7466 tasks processed (+ 0)
Worker 1: 12043 tasks processed (+ 0)
Worker 2: 7281 tasks processed (+ 0)
Worker 3: 2853 tasks processed (+ 0)
Worker 4: 6342 tasks processed (+ 0)
Worker 5: 2184 tasks processed (+ 0)
Worker 6: 3138 tasks processed (+ 0)
Worker 7: 5733 tasks processed (+ 0)
Worker 8: 4999 tasks processed (+ 0)
Worker 9: 5713 tasks processed (+ 0)
Worker 10: 3039 tasks processed (+ 0)

结果：the # of matched graph = 6464678

============ PROGRESS REPORT ============
Total number of tasks processed: 60791
Worker 0: 7466 tasks processed (+ 0)
Worker 1: 12043 tasks processed (+ 0)
Worker 2: 7281 tasks processed (+ 0)
Worker 3: 2853 tasks processed (+ 0)
Worker 4: 6342 tasks processed (+ 0)
Worker 5: 2184 tasks processed (+ 0)
Worker 6: 3138 tasks processed (+ 0)
Worker 7: 5733 tasks processed (+ 0)
Worker 8: 4999 tasks processed (+ 0)
Worker 9: 5713 tasks processed (+ 0)
Worker 10: 3039 tasks processed (+ 0)

结果：the # of matched graph = 6464678

============ PROGRESS REPORT ============
Total number of tasks processed: 60791
Worker 0: 7466 tasks processed (+ 0)
Worker 1: 12043 tasks processed (+ 0)
Worker 2: 7281 tasks processed (+ 0)
Worker 3: 2853 tasks processed (+ 0)
Worker 4: 6342 tasks processed (+ 0)
Worker 5: 2184 tasks processed (+ 0)
Worker 6: 3138 tasks processed (+ 0)
Worker 7: 5733 tasks processed (+ 0)
Worker 8: 4999 tasks processed (+ 0)
Worker 9: 5713 tasks processed (+ 0)
Worker 10: 3039 tasks processed (+ 0)

结果：the # of matched graph = 6464678

============ PROGRESS REPORT ============
Total number of tasks processed: 60791
Worker 0: 7466 tasks processed (+ 0)
Worker 1: 12043 tasks processed (+ 0)
Worker 2: 7281 tasks processed (+ 0)
Worker 3: 2853 tasks processed (+ 0)
Worker 4: 6342 tasks processed (+ 0)
Worker 5: 2184 tasks processed (+ 0)
Worker 6: 3138 tasks processed (+ 0)
Worker 7: 5733 tasks processed (+ 0)
Worker 8: 4999 tasks processed (+ 0)
Worker 9: 5713 tasks processed (+ 0)
Worker 10: 3039 tasks processed (+ 0)

结果：the # of matched graph = 6464678

============ PROGRESS REPORT ============
Total number of tasks processed: 60791
Worker 0: 7466 tasks processed (+ 0)
Worker 1: 12043 tasks processed (+ 0)
Worker 2: 7281 tasks processed (+ 0)
Worker 3: 2853 tasks processed (+ 0)
Worker 4: 6342 tasks processed (+ 0)
Worker 5: 2184 tasks processed (+ 0)
Worker 6: 3138 tasks processed (+ 0)
Worker 7: 5733 tasks processed (+ 0)
Worker 8: 4999 tasks processed (+ 0)
Worker 9: 5713 tasks processed (+ 0)
Worker 10: 3039 tasks processed (+ 0)

结果：the # of matched graph = 6464678

============ PROGRESS REPORT ============
Total number of tasks processed: 60791
Worker 0: 7466 tasks processed (+ 0)
Worker 1: 12043 tasks processed (+ 0)
Worker 2: 7281 tasks processed (+ 0)
Worker 3: 2853 tasks processed (+ 0)
Worker 4: 6342 tasks processed (+ 0)
Worker 5: 2184 tasks processed (+ 0)
Worker 6: 3138 tasks processed (+ 0)
Worker 7: 5733 tasks processed (+ 0)
Worker 8: 4999 tasks processed (+ 0)
Worker 9: 5713 tasks processed (+ 0)
Worker 10: 3039 tasks processed (+ 0)

结果：the # of matched graph = 6464678

============ PROGRESS REPORT ============
Total number of tasks processed: 60791
Worker 0: 7466 tasks processed (+ 0)
Worker 1: 12043 tasks processed (+ 0)
Worker 2: 7281 tasks processed (+ 0)
Worker 3: 2853 tasks processed (+ 0)
Worker 4: 6342 tasks processed (+ 0)
Worker 5: 2184 tasks processed (+ 0)
Worker 6: 3138 tasks processed (+ 0)
Worker 7: 5733 tasks processed (+ 0)
Worker 8: 4999 tasks processed (+ 0)
Worker 9: 5713 tasks processed (+ 0)
Worker 10: 3039 tasks processed (+ 0)

结果：the # of matched graph = 6464678

============ PROGRESS REPORT ============
Total number of tasks processed: 60791
Worker 0: 7466 tasks processed (+ 0)
Worker 1: 12043 tasks processed (+ 0)
Worker 2: 7281 tasks processed (+ 0)
Worker 3: 2853 tasks processed (+ 0)
Worker 4: 6342 tasks processed (+ 0)
Worker 5: 2184 tasks processed (+ 0)
Worker 6: 3138 tasks processed (+ 0)
Worker 7: 5733 tasks processed (+ 0)
Worker 8: 4999 tasks processed (+ 0)
Worker 9: 5713 tasks processed (+ 0)
Worker 10: 3039 tasks processed (+ 0)

结果：the # of matched graph = 6464678

============ PROGRESS REPORT ============
Total number of tasks processed: 60791
Worker 0: 7466 tasks processed (+ 0)
Worker 1: 12043 tasks processed (+ 0)
Worker 2: 7281 tasks processed (+ 0)
Worker 3: 2853 tasks processed (+ 0)
Worker 4: 6342 tasks processed (+ 0)
Worker 5: 2184 tasks processed (+ 0)
Worker 6: 3138 tasks processed (+ 0)
Worker 7: 5733 tasks processed (+ 0)
Worker 8: 4999 tasks processed (+ 0)
Worker 9: 5713 tasks processed (+ 0)
Worker 10: 3039 tasks processed (+ 0)

结果：the # of matched graph = 6464678

============ PROGRESS REPORT ============
Total number of tasks processed: 60791
Worker 0: 7466 tasks processed (+ 0)
Worker 1: 12043 tasks processed (+ 0)
Worker 2: 7281 tasks processed (+ 0)
Worker 3: 2853 tasks processed (+ 0)
Worker 4: 6342 tasks processed (+ 0)
Worker 5: 2184 tasks processed (+ 0)
Worker 6: 3138 tasks processed (+ 0)
Worker 7: 5733 tasks processed (+ 0)
Worker 8: 4999 tasks processed (+ 0)
Worker 9: 5713 tasks processed (+ 0)
Worker 10: 3039 tasks processed (+ 0)

结果：the # of matched graph = 6464678

============ PROGRESS REPORT ============
Total number of tasks processed: 60791
Worker 0: 7466 tasks processed (+ 0)
Worker 1: 12043 tasks processed (+ 0)
Worker 2: 7281 tasks processed (+ 0)
Worker 3: 2853 tasks processed (+ 0)
Worker 4: 6342 tasks processed (+ 0)
Worker 5: 2184 tasks processed (+ 0)
Worker 6: 3138 tasks processed (+ 0)
Worker 7: 5733 tasks processed (+ 0)
Worker 8: 4999 tasks processed (+ 0)
Worker 9: 5713 tasks processed (+ 0)
Worker 10: 3039 tasks processed (+ 0)

结果：the # of matched graph = 6464678

============ PROGRESS REPORT ============
Total number of tasks processed: 60791
Worker 0: 7466 tasks processed (+ 0)
Worker 1: 12043 tasks processed (+ 0)
Worker 2: 7281 tasks processed (+ 0)
Worker 3: 2853 tasks processed (+ 0)
Worker 4: 6342 tasks processed (+ 0)
Worker 5: 2184 tasks processed (+ 0)
Worker 6: 3138 tasks processed (+ 0)
Worker 7: 5733 tasks processed (+ 0)
Worker 8: 4999 tasks processed (+ 0)
Worker 9: 5713 tasks processed (+ 0)
Worker 10: 3039 tasks processed (+ 0)

结果：the # of matched graph = 6464678

============ PROGRESS REPORT ============
Total number of tasks processed: 60791
Worker 0: 7466 tasks processed (+ 0)
Worker 1: 12043 tasks processed (+ 0)
Worker 2: 7281 tasks processed (+ 0)
Worker 3: 2853 tasks processed (+ 0)
Worker 4: 6342 tasks processed (+ 0)
Worker 5: 2184 tasks processed (+ 0)
Worker 6: 3138 tasks processed (+ 0)
Worker 7: 5733 tasks processed (+ 0)
Worker 8: 4999 tasks processed (+ 0)
Worker 9: 5713 tasks processed (+ 0)
Worker 10: 3039 tasks processed (+ 0)

结果：the # of matched graph = 6464678

============ PROGRESS REPORT ============
Total number of tasks processed: 60791
Worker 0: 7466 tasks processed (+ 0)
Worker 1: 12043 tasks processed (+ 0)
Worker 2: 7281 tasks processed (+ 0)
Worker 3: 2853 tasks processed (+ 0)
Worker 4: 6342 tasks processed (+ 0)
Worker 5: 2184 tasks processed (+ 0)
Worker 6: 3138 tasks processed (+ 0)
Worker 7: 5733 tasks processed (+ 0)
Worker 8: 4999 tasks processed (+ 0)
Worker 9: 5713 tasks processed (+ 0)
Worker 10: 3039 tasks processed (+ 0)

结果：the # of matched graph = 6464678

============ PROGRESS REPORT ============
Total number of tasks processed: 60791
Worker 0: 7466 tasks processed (+ 0)
Worker 1: 12043 tasks processed (+ 0)
Worker 2: 7281 tasks processed (+ 0)
Worker 3: 2853 tasks processed (+ 0)
Worker 4: 6342 tasks processed (+ 0)
Worker 5: 2184 tasks processed (+ 0)
Worker 6: 3138 tasks processed (+ 0)
Worker 7: 5733 tasks processed (+ 0)
Worker 8: 4999 tasks processed (+ 0)
Worker 9: 5713 tasks processed (+ 0)
Worker 10: 3039 tasks processed (+ 0)

结果：the # of matched graph = 6464678

============ PROGRESS REPORT ============
Total number of tasks processed: 60791
Worker 0: 7466 tasks processed (+ 0)
Worker 1: 12043 tasks processed (+ 0)
Worker 2: 7281 tasks processed (+ 0)
Worker 3: 2853 tasks processed (+ 0)
Worker 4: 6342 tasks processed (+ 0)
Worker 5: 2184 tasks processed (+ 0)
Worker 6: 3138 tasks processed (+ 0)
Worker 7: 5733 tasks processed (+ 0)
Worker 8: 4999 tasks processed (+ 0)
Worker 9: 5713 tasks processed (+ 0)
Worker 10: 3039 tasks processed (+ 0)

结果：the # of matched graph = 6464678

============ PROGRESS REPORT ============
Total number of tasks processed: 60791
Worker 0: 7466 tasks processed (+ 0)
Worker 1: 12043 tasks processed (+ 0)
Worker 2: 7281 tasks processed (+ 0)
Worker 3: 2853 tasks processed (+ 0)
Worker 4: 6342 tasks processed (+ 0)
Worker 5: 2184 tasks processed (+ 0)
Worker 6: 3138 tasks processed (+ 0)
Worker 7: 5733 tasks processed (+ 0)
Worker 8: 4999 tasks processed (+ 0)
Worker 9: 5713 tasks processed (+ 0)
Worker 10: 3039 tasks processed (+ 0)

结果：the # of matched graph = 6464678

============ PROGRESS REPORT ============
Total number of tasks processed: 60791
Worker 0: 7466 tasks processed (+ 0)
Worker 1: 12043 tasks processed (+ 0)
Worker 2: 7281 tasks processed (+ 0)
Worker 3: 2853 tasks processed (+ 0)
Worker 4: 6342 tasks processed (+ 0)
Worker 5: 2184 tasks processed (+ 0)
Worker 6: 3138 tasks processed (+ 0)
Worker 7: 5733 tasks processed (+ 0)
Worker 8: 4999 tasks processed (+ 0)
Worker 9: 5713 tasks processed (+ 0)
Worker 10: 3039 tasks processed (+ 0)

结果：the # of matched graph = 6464678

============ PROGRESS REPORT ============
Total number of tasks processed: 60791
Worker 0: 7466 tasks processed (+ 0)
Worker 1: 12043 tasks processed (+ 0)
Worker 2: 7281 tasks processed (+ 0)
Worker 3: 2853 tasks processed (+ 0)
Worker 4: 6342 tasks processed (+ 0)
Worker 5: 2184 tasks processed (+ 0)
Worker 6: 3138 tasks processed (+ 0)
Worker 7: 5733 tasks processed (+ 0)
Worker 8: 4999 tasks processed (+ 0)
Worker 9: 5713 tasks processed (+ 0)
Worker 10: 3039 tasks processed (+ 0)

结果：the # of matched graph = 6464678

============ PROGRESS REPORT ============
Total number of tasks processed: 60791
Worker 0: 7466 tasks processed (+ 0)
Worker 1: 12043 tasks processed (+ 0)
Worker 2: 7281 tasks processed (+ 0)
Worker 3: 2853 tasks processed (+ 0)
Worker 4: 6342 tasks processed (+ 0)
Worker 5: 2184 tasks processed (+ 0)
Worker 6: 3138 tasks processed (+ 0)
Worker 7: 5733 tasks processed (+ 0)
Worker 8: 4999 tasks processed (+ 0)
Worker 9: 5713 tasks processed (+ 0)
Worker 10: 3039 tasks processed (+ 0)

结果：the # of matched graph = 6464678

============ PROGRESS REPORT ============
Total number of tasks processed: 60791
Worker 0: 7466 tasks processed (+ 0)
Worker 1: 12043 tasks processed (+ 0)
Worker 2: 7281 tasks processed (+ 0)
Worker 3: 2853 tasks processed (+ 0)
Worker 4: 6342 tasks processed (+ 0)
Worker 5: 2184 tasks processed (+ 0)
Worker 6: 3138 tasks processed (+ 0)
Worker 7: 5733 tasks processed (+ 0)
Worker 8: 4999 tasks processed (+ 0)
Worker 9: 5713 tasks processed (+ 0)
Worker 10: 3039 tasks processed (+ 0)

结果：the # of matched graph = 6464678

============ PROGRESS REPORT ============
Total number of tasks processed: 60791
Worker 0: 7466 tasks processed (+ 0)
Worker 1: 12043 tasks processed (+ 0)
Worker 2: 7281 tasks processed (+ 0)
Worker 3: 2853 tasks processed (+ 0)
Worker 4: 6342 tasks processed (+ 0)
Worker 5: 2184 tasks processed (+ 0)
Worker 6: 3138 tasks processed (+ 0)
Worker 7: 5733 tasks processed (+ 0)
Worker 8: 4999 tasks processed (+ 0)
Worker 9: 5713 tasks processed (+ 0)
Worker 10: 3039 tasks processed (+ 0)

结果：the # of matched graph = 6464678

============ PROGRESS REPORT ============
Total number of tasks processed: 60791
Worker 0: 7466 tasks processed (+ 0)
Worker 1: 12043 tasks processed (+ 0)
Worker 2: 7281 tasks processed (+ 0)
Worker 3: 2853 tasks processed (+ 0)
Worker 4: 6342 tasks processed (+ 0)
Worker 5: 2184 tasks processed (+ 0)
Worker 6: 3138 tasks processed (+ 0)
Worker 7: 5733 tasks processed (+ 0)
Worker 8: 4999 tasks processed (+ 0)
Worker 9: 5713 tasks processed (+ 0)
Worker 10: 3039 tasks processed (+ 0)

结果：the # of matched graph = 6464678

============ PROGRESS REPORT ============
Total number of tasks processed: 61094
Worker 0: 7466 tasks processed (+ 0)
Worker 1: 12043 tasks processed (+ 0)
Worker 2: 7281 tasks processed (+ 0)
Worker 3: 3156 tasks processed (+ 303)
Worker 4: 6342 tasks processed (+ 0)
Worker 5: 2184 tasks processed (+ 0)
Worker 6: 3138 tasks processed (+ 0)
Worker 7: 5733 tasks processed (+ 0)
Worker 8: 4999 tasks processed (+ 0)
Worker 9: 5713 tasks processed (+ 0)
Worker 10: 3039 tasks processed (+ 0)

结果：the # of matched graph = 7937854

============ PROGRESS REPORT ============
Total number of tasks processed: 61900
Worker 0: 7466 tasks processed (+ 0)
Worker 1: 12043 tasks processed (+ 0)
Worker 2: 7281 tasks processed (+ 0)
Worker 3: 3883 tasks processed (+ 727)
Worker 4: 6342 tasks processed (+ 0)
Worker 5: 2263 tasks processed (+ 79)
Worker 6: 3138 tasks processed (+ 0)
Worker 7: 5733 tasks processed (+ 0)
Worker 8: 4999 tasks processed (+ 0)
Worker 9: 5713 tasks processed (+ 0)
Worker 10: 3039 tasks processed (+ 0)

结果：the # of matched graph = 8883994

============ PROGRESS REPORT ============
Total number of tasks processed: 62356
Worker 0: 7466 tasks processed (+ 0)
Worker 1: 12043 tasks processed (+ 0)
Worker 2: 7281 tasks processed (+ 0)
Worker 3: 4000 tasks processed (+ 117)
Worker 4: 6342 tasks processed (+ 0)
Worker 5: 2602 tasks processed (+ 339)
Worker 6: 3138 tasks processed (+ 0)
Worker 7: 5733 tasks processed (+ 0)
Worker 8: 4999 tasks processed (+ 0)
Worker 9: 5713 tasks processed (+ 0)
Worker 10: 3039 tasks processed (+ 0)

结果：the # of matched graph = 8986906

============ PROGRESS REPORT ============
Total number of tasks processed: 62538
Worker 0: 7466 tasks processed (+ 0)
Worker 1: 12043 tasks processed (+ 0)
Worker 2: 7281 tasks processed (+ 0)
Worker 3: 4155 tasks processed (+ 155)
Worker 4: 6342 tasks processed (+ 0)
Worker 5: 2629 tasks processed (+ 27)
Worker 6: 3138 tasks processed (+ 0)
Worker 7: 5733 tasks processed (+ 0)
Worker 8: 4999 tasks processed (+ 0)
Worker 9: 5713 tasks processed (+ 0)
Worker 10: 3039 tasks processed (+ 0)

结果：the # of matched graph = 9132845

============ PROGRESS REPORT ============
Total number of tasks processed: 62673
Worker 0: 7466 tasks processed (+ 0)
Worker 1: 12043 tasks processed (+ 0)
Worker 2: 7281 tasks processed (+ 0)
Worker 3: 4155 tasks processed (+ 0)
Worker 4: 6342 tasks processed (+ 0)
Worker 5: 2764 tasks processed (+ 135)
Worker 6: 3138 tasks processed (+ 0)
Worker 7: 5733 tasks processed (+ 0)
Worker 8: 4999 tasks processed (+ 0)
Worker 9: 5713 tasks processed (+ 0)
Worker 10: 3039 tasks processed (+ 0)

结果：the # of matched graph = 9181894
Task Time : 44.728905 seconds
结果：the # of matched graph = 9232914

============ PROGRESS REPORT ============
Total number of tasks processed: 63058
Worker 0: 7466 tasks processed (+ 0)
Worker 1: 12043 tasks processed (+ 0)
Worker 2: 7281 tasks processed (+ 0)
Worker 3: 4155 tasks processed (+ 0)
Worker 4: 6342 tasks processed (+ 0)
Worker 5: 3149 tasks processed (+ 385)
Worker 6: 3138 tasks processed (+ 0)
Worker 7: 5733 tasks processed (+ 0)
Worker 8: 4999 tasks processed (+ 0)
Worker 9: 5713 tasks processed (+ 0)
Worker 10: 3039 tasks processed (+ 0)

