Data graph path: /fdu-zyj/labelyou
Query graph path: /fdu-zyj/query
Output graph path: /fdu-zyj/output
Partition Method: 
Filter Method: 1
Order Method: candidate
Enumerate Method: 1
=================Start loading data graph ...=====================
Load Graph Time : 45.087172 seconds
=================Start loading query...===================
Worker 0: "hdfs://master:9000/fdu-zyj/query/query.txt" loaded
Communication Time : 0.000108 seconds
- Serialization Time : 0.000009 seconds
- Transfer Time : 0.000098 seconds
Load Query Time : 0.447187 seconds
================Start filtering...=================
Superstep 1 done.Time elapsed: 0.499083 seconds
#msgs: 854703
Superstep 2 done.Time elapsed: 0.521899 seconds
#msgs: 24109
Superstep 3 done.Time elapsed: 0.298703 seconds
#msgs: 2339
Superstep 4 done.Time elapsed: 0.211883 seconds
#msgs: 674
Superstep 5 done.Time elapsed: 0.324136 seconds
#msgs: 168
Superstep 6 done.Time elapsed: 0.247762 seconds
#msgs: 79
Superstep 7 done.Time elapsed: 0.315372 seconds
#msgs: 21
Superstep 8 done.Time elapsed: 0.17003 seconds
#msgs: 1
Superstep 9 done.Time elapsed: 0.27631 seconds
#msgs: 0
Candidate filtering done.
Communication Time : 1.149449 seconds
- Serialization Time : 0.040863 seconds
- Transfer Time : 1.108353 seconds
Total Computational Time : 3.067921 seconds
Total #msgs=882094, Total #vadd=0
=================Start building query tree...===================
this->nodes size: 5
Node 2
Label: 99
Branch number: 1
Neighbors: [0, 1, 3]
It has 2 children.
Node 0
Label: 97
Branch number: 1
Neighbors: [1, 2]
It has 1 children.
Node 1
Label: 98
Branch number: 1
Neighbors: [0, 2]
It has 0 children.
Node 3
Label: 98
Branch number: 1
Neighbors: [2, 4]
It has 1 children.
Node 4
Label: 100
Branch number: 1
Neighbors: [3]
It has 0 children.
Build Query Tree Time : 0.032574 seconds
================Start matching...======================
Superstep 1 done.Time elapsed: 0.233766 seconds
#msgs: 4738
Superstep 2 done.Time elapsed: 0.247198 seconds
#msgs: 54737
Superstep 3 done.Time elapsed: 0.243195 seconds
#msgs: 0
Subgraph matching done. 
Communication Time : 0.299935 seconds
- Serialization Time : 0.002204 seconds
- Transfer Time : 0.297652 seconds
Total Computational Time : 0.821949 seconds
Total #msgs=59475, Total #vadd=43597
================Start enumerating...===================
Superstep 1 done.Time elapsed: 0.309378 seconds
#msgs: 39592
Superstep 2 done.Time elapsed: 0.347037 seconds
#msgs: 0
Subgraph enumeration done. 
Communication Time : 0.230427 seconds
- Serialization Time : 0.003722 seconds
- Transfer Time : 0.226656 seconds
Total Computational Time : 0.877626 seconds
Total #msgs=39592, Total #vadd=0
=================Start dumping graph...===================
output path: /fdu-zyj/output
Dump Time : 0.948503 seconds
================ Final Report ===============
Mapping count: 238901
Load time: 45.5344 s.
Dump time: 0.948503 s.
Compute time: 4.80069 s.
Offline time: 49.2368 s.
Online time: 6.90347 s.
