Data graph path: /g-thinker/newdata/youtube_f.txt
Query graph path: /fdu-zyj/query/query.txt
Output graph path: /fdu-zyj/output
Partition Method: 
Preprocess Method: 1
Filter Method: 0
Order Method: random
Enumerate Method: 1
=================Start loading data graph ...=====================
Load Graph Time : 11.019544 seconds
================Start preprocessing...=================
Superstep 1:
*0.097708: [0.0671346, 0.00420189, 0.00283432]
Superstep 1 done.Time elapsed: 0.105056 seconds
#msgs: 0
Superstep 2:
*0.0294461: [0.00265026, 0.00248122, 0.00238156]
Superstep 2 done.Time elapsed: 0.0453699 seconds
#msgs: 0
Superstep 3:
Subgraph preprocessing done. 
Total Computational Time : 0.161741 seconds
 - Active Compute Time : 0.127358 seconds
 - Sync Message Time : 0.007325 seconds
 - Communication Time : 0.008271 seconds
    - Serialization Time : 0.000066 seconds
    - Transfer Time : 0.008153 seconds
Total #msgs=0, Total #vadd=0
=================Start loading query...===================
Worker 0: "hdfs://master:9000/fdu-zyj/query/query.txt" loaded
Communication Time : 0.000131 seconds
- Serialization Time : 0.000023 seconds
- Transfer Time : 0.000107 seconds
Load Query Time : 0.329524 seconds
=================Start building query tree...===================
this->nodes size: 5
Node 0
Label: 97
Branch number: 0
Neighbors: [1, 2]
Backward neighbors: []
Backward same labels: []
It has 1 children.
Node 1
Label: 98
Branch number: 0
Neighbors: [0, 2]
Backward neighbors: []
Backward same labels: []
It has 1 children.
Node 2
Label: 99
Branch number: 0
Neighbors: [0, 1, 3]
Backward neighbors: [0]
Backward same labels: []
It has 1 children.
Node 3
Label: 98
Branch number: 0
Neighbors: [2, 4]
Backward neighbors: []
Backward same labels: [1]
It has 1 children.
Node 4
Label: 100
Branch number: 0
Neighbors: [3]
Backward neighbors: []
Backward same labels: []
It has 0 children.
Build Query Tree Time : 0.000681 seconds
================Start matching...======================
Superstep 1:
*0.0523541: [0.0299008, 0.0041678, 0.00266409]
Superstep 1 done.Time elapsed: 0.085238 seconds
#msgs: 94281
Superstep 2:
*0.012538: [0.00759888, 0.000120401, 9.89437e-05]
Superstep 2 done.Time elapsed: 0.0350041 seconds
#msgs: 61296
Superstep 3:
*0.0580511: [0.053376, 7.29561e-05, 7.08103e-05]
Superstep 3 done.Time elapsed: 0.128764 seconds
#msgs: 33591
Superstep 4:
*0.0835822: [0.0790477, 5.98431e-05, 7.79629e-05]
Superstep 4 done.Time elapsed: 0.887982 seconds
#msgs: 46524
Superstep 5:
*0.82513: [0.819738, 0.000162125, 0.000179052]
Superstep 5 done.Time elapsed: 1.86482 seconds
#msgs: 0
Superstep 6:
Subgraph matching done. 
Total Computational Time : 3.013983 seconds
 - Active Compute Time : 1.032078 seconds
 - Sync Message Time : 0.786754 seconds
 - Communication Time : 0.777606 seconds
    - Serialization Time : 0.293491 seconds
    - Transfer Time : 0.481549 seconds
Total #msgs=235692, Total #vadd=0
1. Arrange messages: 0.108304 s
2. Check feasibility: 20.871 s
	 - Check vertex uniqueness: 6.15394 s
	 - Check non-tree edge: 12.7662 s
3. Construct neighbor map: 0.0771916 s
4. Update out messages buffer: 0.160435 s
5. Clear out neighbor map: 0.0174699 s
Main Computation: 21.2863 s
================Start enumerating...===================
Superstep 1:
*0.0283561: [0.00251031, 0.00427842, 0.00274944]
Superstep 1 done.Time elapsed: 0.0433261 seconds
#msgs: 0
Superstep 2:
Subgraph enumeration done. 
Total Computational Time : 0.055896 seconds
 - Active Compute Time : 0.028445 seconds
 - Sync Message Time : 0.003609 seconds
 - Communication Time : 0.004192 seconds
    - Serialization Time : 0.000114 seconds
    - Transfer Time : 0.004011 seconds
Total #msgs=0, Total #vadd=0
From start to end: total time: 20.871 s
 - continue enumerating: 0.160435 s
 - expand time: 0.0174699 s
Sync Time: 0.00907207 s
================ Final Report ===============
Mapping count: 100401613
Load time: 11.3491 s.
Dump time: 0 s.
Compute time: 3.07092 s.
Offline time: 15.621 s.
Online time: 3.80958 s.
