Data graph path: /g-thinker/newdata/skitter_f.txt
Query graph path: /fdu-zyj/query/query.txt
Output graph path: /fdu-zyj/output
Partition Method: 
Preprocess Method: 1
Filter Method: 0
Order Method: random
Enumerate Method: 1
=================Start loading data graph ...=====================
Load Graph Time : 20.457429 seconds
================Start preprocessing...=================
Superstep 1:
*0.262073: [0.217417, 0.0061667, 0.00439358]
Superstep 1 done.Time elapsed: 0.267948 seconds
#msgs: 0
Superstep 2:
*0.043982: [0.00382185, 0.00375748, 0.00372314]
Superstep 2 done.Time elapsed: 0.065923 seconds
#msgs: 0
Superstep 3:
Subgraph preprocessing done. 
Total Computational Time : 0.350714 seconds
 - Active Compute Time : 0.306264 seconds
 - Sync Message Time : 0.007133 seconds
 - Communication Time : 0.008762 seconds
    - Serialization Time : 0.000075 seconds
    - Transfer Time : 0.008652 seconds
Total #msgs=0, Total #vadd=0
=================Start loading query...===================
Worker 0: "hdfs://master:9000/fdu-zyj/query/query.txt" loaded
Communication Time : 0.000105 seconds
- Serialization Time : 0.000008 seconds
- Transfer Time : 0.000097 seconds
Load Query Time : 0.442383 seconds
=================Start building query tree...===================
this->nodes size: 5
Node 0
Label: 97
Branch number: 0
Neighbors: [1, 2]
Backward neighbors: []
Backward same labels: []
It has 1 children.
Node 1
Label: 98
Branch number: 0
Neighbors: [0, 2]
Backward neighbors: []
Backward same labels: []
It has 1 children.
Node 2
Label: 99
Branch number: 0
Neighbors: [0, 1, 3]
Backward neighbors: [0]
Backward same labels: []
It has 1 children.
Node 3
Label: 98
Branch number: 0
Neighbors: [2, 4]
Backward neighbors: []
Backward same labels: [1]
It has 1 children.
Node 4
Label: 100
Branch number: 0
Neighbors: [3]
Backward neighbors: []
Backward same labels: []
It has 0 children.
Build Query Tree Time : 0.000723 seconds
================Start matching...======================
Superstep 1:
*0.0899699: [0.056226, 0.00622487, 0.00411391]
Superstep 1 done.Time elapsed: 0.158488 seconds
#msgs: 327255
Superstep 2:
*0.035861: [0.0255947, 0.000270367, 0.000299454]
Superstep 2 done.Time elapsed: 0.130575 seconds
#msgs: 253994
Superstep 3:
*0.7339: [0.72438, 0.000396013, 0.000375509]
Superstep 3 done.Time elapsed: 1.58601 seconds
#msgs: 188437
Superstep 4:
*1.35599: [1.34774, 0.000272751, 0.000355959]
Superstep 4 done.Time elapsed: 16.4419 seconds
#msgs: 224239
Superstep 5:
*15.8536: [15.8433, 0.00108695, 0.000924826]
Superstep 5 done.Time elapsed: 33.4708 seconds
#msgs: 0
Superstep 6:
Subgraph matching done. 
Total Computational Time : 51.803838 seconds
 - Active Compute Time : 18.069784 seconds
 - Sync Message Time : 10.542666 seconds
 - Communication Time : 10.479420 seconds
    - Serialization Time : 3.903696 seconds
    - Transfer Time : 6.545429 seconds
Total #msgs=993925, Total #vadd=0
1. Arrange messages: 0.373034 s
2. Check feasibility: 427.991 s
	 - Check vertex uniqueness: 126.205 s
	 - Check non-tree edge: 262.99 s
3. Construct neighbor map: 0.24175 s
4. Update out messages buffer: 1.19131 s
5. Clear out neighbor map: 0.0343015 s
Main Computation: 430.007 s
================Start enumerating...===================
Superstep 1:
*0.041223: [0.00401449, 0.00626469, 0.00420976]
Superstep 1 done.Time elapsed: 0.0626051 seconds
#msgs: 0
Superstep 2:
Subgraph enumeration done. 
Total Computational Time : 0.080671 seconds
 - Active Compute Time : 0.041312 seconds
 - Sync Message Time : 0.003754 seconds
 - Communication Time : 0.004460 seconds
    - Serialization Time : 0.000110 seconds
    - Transfer Time : 0.004291 seconds
Total #msgs=0, Total #vadd=0
From start to end: total time: 427.991 s
 - continue enumerating: 1.19131 s
 - expand time: 0.0343015 s
Sync Time: 0.00648379 s
================ Final Report ===============
Mapping count: 2187761840
Load time: 20.8998 s.
Dump time: 0 s.
Compute time: 51.8857 s.
Offline time: 24.2635 s.
Online time: 52.6949 s.
