#
# A fatal error has been detected by the Java Runtime Environment:
#
#  SIGSEGV (0xb) at pc=0x000055bb232532fa, pid=16182, tid=0x00007fca411aeb40
#
# JRE version: OpenJDK Runtime Environment (8.0_292-b10) (build 1.8.0_292-8u292-b10-0ubuntu1~20.04-b10)
# Java VM: OpenJDK 64-Bit Server VM (25.292-b10 mixed mode linux-amd64 compressed oops)
# Problematic frame:
# C  [run+0x162fa]  SIBranch::expand(int, std::vector<int, std::allocator<int> >)+0x7da
#
# Failed to write core dump. Core dumps have been disabled. To enable core dumping, try "ulimit -c unlimited" before starting Java again
#
# If you would like to submit a bug report, please visit:
#   http://bugreport.java.com/bugreport/crash.jsp
# The crash happened outside the Java Virtual Machine in native code.
# See problematic frame for where to report the bug.
#

---------------  T H R E A D  ---------------

Current thread (0x000055bb24f5e000):  JavaThread "main" [_thread_in_native, id=16182, stack(0x00007ffd50a39000,0x00007ffd50b39000)]

siginfo: si_signo: 11 (SIGSEGV), si_code: 1 (SEGV_MAPERR), si_addr: 0x0000000000000aa0

Registers:
RAX=0x0000000000000000, RBX=0x0000000000000003, RCX=0x000055bb25dc161c, RDX=0x0000000000000154
RSP=0x00007ffd50b31df0, RBP=0x000055bb25dc1140, RSI=0x0000000000000002, RDI=0x000055bb25dc1610
R8 =0x0000000000000001, R9 =0x000055bb25dc1d50, R10=0x000055bb24f28010, R11=0x00007fca42324be0
R12=0x000055bb25dc18f0, R13=0x000055bb25dc18f8, R14=0x0000000000000002, R15=0x0000000000000004
RIP=0x000055bb232532fa, EFLAGS=0x0000000000010202, CSGSFS=0x002b000000000033, ERR=0x0000000000000004
  TRAPNO=0x000000000000000e

Top of Stack: (sp=0x00007ffd50b31df0)
0x00007ffd50b31df0:   000055bb25dc1670 0000000000000002
0x00007ffd50b31e00:   000055bb25dc3f40 0000000142325723
0x00007ffd50b31e10:   0000000000000000 0000000000000000
0x00007ffd50b31e20:   00007ffd50b31fe0 000055bb25dc18f0
0x00007ffd50b31e30:   000055bb25dc18f8 00007ffd50b32330
0x00007ffd50b31e40:   000055bb25dc1680 0000000000000004
0x00007ffd50b31e50:   0000000100000000 000055bb25dc1870
0x00007ffd50b31e60:   000055bb25dc1890 000055bb25dc18a0
0x00007ffd50b31e70:   000055bb25dc18a0 0000000000000040
0x00007ffd50b31e80:   000055bb25dc1670 000055bb25dc1680
0x00007ffd50b31e90:   000055bb25dc1680 0000000000000000
0x00007ffd50b31ea0:   000055bb25dc1610 000055bb25dc161c
0x00007ffd50b31eb0:   000055bb25dc161c 0000000000000000
0x00007ffd50b31ec0:   0000000000000004 0000000300000004
0x00007ffd50b31ed0:   000055bb25dc1740 000055bb25dc1748
0x00007ffd50b31ee0:   000055bb25dc1748 000055bb25dc3070
0x00007ffd50b31ef0:   000055bb25dc307c 000055bb25dc307c
0x00007ffd50b31f00:   0000000000000010 13921700d04b3800
0x00007ffd50b31f10:   00007ffd50b31fc0 000055bb25dc1724
0x00007ffd50b31f20:   0000000000000001 0000000000000010
0x00007ffd50b31f30:   000055bb25dc18e0 000055bb25dc3f40
0x00007ffd50b31f40:   00007ffd50b31fe0 000055bb2325e2a1
0x00007ffd50b31f50:   00007ffd50b31fc0 0000000000000004
0x00007ffd50b31f60:   000055bb25dc1730 41d83024cd2ae076
0x00007ffd50b31f70:   000055bb25e47ad0 00007ffd50b32310
0x00007ffd50b31f80:   00007ffd50b32330 41d83024cd2ae07a
0x00007ffd50b31f90:   0000000450b32020 41d83024cd2ad75a
0x00007ffd50b31fa0:   0000000000000000 00007fca42324be0
0x00007ffd50b31fb0:   0000000000000001 00007fca42325723
0x00007ffd50b31fc0:   000055bb25dc18d0 000055bb25dc18e0
0x00007ffd50b31fd0:   000055bb25dc18e0 000000000000000a
0x00007ffd50b31fe0:   000055bb25dc1870 000055bb25dc1880 

Instructions: (pc=0x000055bb232532fa)
0x000055bb232532da:   08 01 48 63 db 48 8b 74 24 08 48 8d 04 40 48 8b
0x000055bb232532ea:   04 c2 48 8d 04 d8 48 63 10 8b 58 04 48 8b 45 20
0x000055bb232532fa:   48 8b 2c d0 48 89 c8 48 29 f8 48 c1 f8 02 48 83
0x000055bb2325330a:   e8 01 48 39 f0 0f 87 6b fe ff ff 48 8d 04 b7 48 

Register to memory mapping:

RAX=0x0000000000000000 is an unknown value
RBX=0x0000000000000003 is an unknown value
RCX=0x000055bb25dc161c is an unknown value
RDX=0x0000000000000154 is an unknown value
RSP=0x00007ffd50b31df0 is pointing into the stack for thread: 0x000055bb24f5e000
RBP=0x000055bb25dc1140 is an unknown value
RSI=0x0000000000000002 is an unknown value
RDI=0x000055bb25dc1610 is an unknown value
R8 =0x0000000000000001 is an unknown value
R9 =0x000055bb25dc1d50 is an unknown value
R10=0x000055bb24f28010 is an unknown value
R11=0x00007fca42324be0: <offset 0x1ebbe0> in /lib/x86_64-linux-gnu/libc.so.6 at 0x00007fca42139000
R12=0x000055bb25dc18f0 is an unknown value
R13=0x000055bb25dc18f8 is an unknown value
R14=0x0000000000000002 is an unknown value
R15=0x0000000000000004 is an unknown value


Stack: [0x00007ffd50a39000,0x00007ffd50b39000],  sp=0x00007ffd50b31df0,  free space=995k
Native frames: (J=compiled Java code, j=interpreted, Vv=VM code, C=native code)
C  [run+0x162fa]  SIBranch::expand(int, std::vector<int, std::allocator<int> >)+0x7da


---------------  P R O C E S S  ---------------

Java Threads: ( => current thread )
  0x000055bb25e4c000 JavaThread "org.apache.hadoop.hdfs.PeerCache@d41f816" daemon [_thread_blocked, id=16207, stack(0x00007fca23dfe000,0x00007fca23eff000)]
  0x000055bb25d4d000 JavaThread "client DomainSocketWatcher" daemon [_thread_in_native, id=16200, stack(0x00007fca283a6000,0x00007fca284a7000)]
  0x000055bb25b92800 JavaThread "org.apache.hadoop.fs.FileSystem$Statistics$StatisticsDataReferenceCleaner" daemon [_thread_blocked, id=16199, stack(0x00007fca28ce3000,0x00007fca28de4000)]
  0x000055bb25b34000 JavaThread "process reaper" daemon [_thread_blocked, id=16197, stack(0x00007fca28de4000,0x00007fca28e1d000)]
  0x000055bb2503f000 JavaThread "Service Thread" daemon [_thread_blocked, id=16194, stack(0x00007fca2968d000,0x00007fca2978e000)]
  0x000055bb25012000 JavaThread "C1 CompilerThread2" daemon [_thread_blocked, id=16193, stack(0x00007fca2978f000,0x00007fca2988f000)]
  0x000055bb25010000 JavaThread "C2 CompilerThread1" daemon [_thread_in_native, id=16192, stack(0x00007fca29890000,0x00007fca29990000)]
  0x000055bb2500d000 JavaThread "C2 CompilerThread0" daemon [_thread_blocked, id=16191, stack(0x00007fca29991000,0x00007fca29a91000)]
  0x000055bb2500a000 JavaThread "Signal Dispatcher" daemon [_thread_blocked, id=16190, stack(0x00007fca29a91000,0x00007fca29b92000)]
  0x000055bb24fda000 JavaThread "Finalizer" daemon [_thread_blocked, id=16189, stack(0x00007fca29e78000,0x00007fca29f79000)]
  0x000055bb24fd5800 JavaThread "Reference Handler" daemon [_thread_blocked, id=16188, stack(0x00007fca29f79000,0x00007fca2a07a000)]
=>0x000055bb24f5e000 JavaThread "main" [_thread_in_native, id=16182, stack(0x00007ffd50a39000,0x00007ffd50b39000)]

Other Threads:
  0x000055bb24fcb800 VMThread [stack: 0x00007fca2a07b000,0x00007fca2a17b000] [id=16187]
  0x000055bb25042000 WatcherThread [stack: 0x00007fca2958d000,0x00007fca2968d000] [id=16195]

VM state:not at safepoint (normal execution)

VM Mutex/Monitor currently owned by a thread: None

heap address: 0x00000006c5c00000, size: 4004 MB, Compressed Oops mode: Zero based, Oop shift amount: 3
Narrow klass base: 0x0000000000000000, Narrow klass shift: 3
Compressed class space size: 1073741824 Address: 0x00000007c0000000

Heap:
 PSYoungGen      total 139776K, used 22538K [0x000000076c980000, 0x0000000775c80000, 0x00000007c0000000)
  eden space 129024K, 10% used [0x000000076c980000,0x000000076d757470,0x0000000774780000)
  from space 10752K, 77% used [0x0000000775200000,0x0000000775a2b408,0x0000000775c80000)
  to   space 10752K, 0% used [0x0000000774780000,0x0000000774780000,0x0000000775200000)
 ParOldGen       total 172032K, used 24K [0x00000006c5c00000, 0x00000006d0400000, 0x000000076c980000)
  object space 172032K, 0% used [0x00000006c5c00000,0x00000006c5c06000,0x00000006d0400000)
 Metaspace       used 20497K, capacity 20636K, committed 20864K, reserved 1067008K
  class space    used 2348K, capacity 2404K, committed 2432K, reserved 1048576K

Card table byte_map: [0x00007fca30daf000,0x00007fca31582000] byte_map_base: 0x00007fca2d781000

Marking Bits: (ParMarkBitMap*) 0x00007fca4211a6c0
 Begin Bits: [0x00007fca0c2e0000, 0x00007fca10170000)
 End Bits:   [0x00007fca10170000, 0x00007fca14000000)

Polling page: 0x00007fca42a01000

CodeCache: size=245760Kb used=4148Kb max_used=4168Kb free=241611Kb
 bounds [0x00007fca31942000, 0x00007fca31d62000, 0x00007fca40942000]
 total_blobs=1408 nmethods=987 adapters=335
 compilation: enabled

Compilation events (10 events):
Event: 1.056 Thread 0x000055bb2500d000 nmethod 983 0x00007fca31d485d0 code [0x00007fca31d48740, 0x00007fca31d48ce8]
Event: 1.056 Thread 0x000055bb2500d000  984   !   4       java.net.URL::<init> (543 bytes)
Event: 1.063 Thread 0x000055bb25012000  985       3       com.google.protobuf.CodedInputStream::readRawVarint32 (147 bytes)
Event: 1.063 Thread 0x000055bb25012000 nmethod 985 0x00007fca31d46c90 code [0x00007fca31d46ee0, 0x00007fca31d47cc8]
Event: 1.075 Thread 0x000055bb25012000  986       3       org.apache.log4j.CategoryKey::equals (56 bytes)
Event: 1.075 Thread 0x000055bb25012000 nmethod 986 0x00007fca31d43a50 code [0x00007fca31d43c40, 0x00007fca31d44588]
Event: 1.101 Thread 0x000055bb25012000  988       3       com.google.common.base.Preconditions::checkNotNull (14 bytes)
Event: 1.101 Thread 0x000055bb25012000 nmethod 988 0x00007fca31d49a50 code [0x00007fca31d49bc0, 0x00007fca31d49de8]
Event: 1.110 Thread 0x000055bb2500d000 nmethod 984 0x00007fca31d4fad0 code [0x00007fca31d4fea0, 0x00007fca31d52dc0]
Event: 1.110 Thread 0x000055bb2500d000  987       4       java.util.jar.JarFile::maybeInstantiateVerifier (96 bytes)

GC Heap History (4 events):
Event: 0.664 GC heap before
{Heap before GC invocations=1 (full 0):
 PSYoungGen      total 75264K, used 64512K [0x000000076c980000, 0x0000000771d80000, 0x00000007c0000000)
  eden space 64512K, 100% used [0x000000076c980000,0x0000000770880000,0x0000000770880000)
  from space 10752K, 0% used [0x0000000771300000,0x0000000771300000,0x0000000771d80000)
  to   space 10752K, 0% used [0x0000000770880000,0x0000000770880000,0x0000000771300000)
 ParOldGen       total 172032K, used 0K [0x00000006c5c00000, 0x00000006d0400000, 0x000000076c980000)
  object space 172032K, 0% used [0x00000006c5c00000,0x00000006c5c00000,0x00000006d0400000)
 Metaspace       used 13342K, capacity 13498K, committed 13696K, reserved 1060864K
  class space    used 1533K, capacity 1603K, committed 1664K, reserved 1048576K
Event: 0.677 GC heap after
Heap after GC invocations=1 (full 0):
 PSYoungGen      total 75264K, used 8868K [0x000000076c980000, 0x0000000775c80000, 0x00000007c0000000)
  eden space 64512K, 0% used [0x000000076c980000,0x000000076c980000,0x0000000770880000)
  from space 10752K, 82% used [0x0000000770880000,0x0000000771129198,0x0000000771300000)
  to   space 10752K, 0% used [0x0000000775200000,0x0000000775200000,0x0000000775c80000)
 ParOldGen       total 172032K, used 16K [0x00000006c5c00000, 0x00000006d0400000, 0x000000076c980000)
  object space 172032K, 0% used [0x00000006c5c00000,0x00000006c5c04000,0x00000006d0400000)
 Metaspace       used 13342K, capacity 13498K, committed 13696K, reserved 1060864K
  class space    used 1533K, capacity 1603K, committed 1664K, reserved 1048576K
}
Event: 1.022 GC heap before
{Heap before GC invocations=2 (full 0):
 PSYoungGen      total 75264K, used 73380K [0x000000076c980000, 0x0000000775c80000, 0x00000007c0000000)
  eden space 64512K, 100% used [0x000000076c980000,0x0000000770880000,0x0000000770880000)
  from space 10752K, 82% used [0x0000000770880000,0x0000000771129198,0x0000000771300000)
  to   space 10752K, 0% used [0x0000000775200000,0x0000000775200000,0x0000000775c80000)
 ParOldGen       total 172032K, used 16K [0x00000006c5c00000, 0x00000006d0400000, 0x000000076c980000)
  object space 172032K, 0% used [0x00000006c5c00000,0x00000006c5c04000,0x00000006d0400000)
 Metaspace       used 19223K, capacity 19420K, committed 19712K, reserved 1067008K
  class space    used 2216K, capacity 2276K, committed 2304K, reserved 1048576K
Event: 1.034 GC heap after
Heap after GC invocations=2 (full 0):
 PSYoungGen      total 139776K, used 8365K [0x000000076c980000, 0x0000000775c80000, 0x00000007c0000000)
  eden space 129024K, 0% used [0x000000076c980000,0x000000076c980000,0x0000000774780000)
  from space 10752K, 77% used [0x0000000775200000,0x0000000775a2b408,0x0000000775c80000)
  to   space 10752K, 0% used [0x0000000774780000,0x0000000774780000,0x0000000775200000)
 ParOldGen       total 172032K, used 24K [0x00000006c5c00000, 0x00000006d0400000, 0x000000076c980000)
  object space 172032K, 0% used [0x00000006c5c00000,0x00000006c5c06000,0x00000006d0400000)
 Metaspace       used 19223K, capacity 19420K, committed 19712K, reserved 1067008K
  class space    used 2216K, capacity 2276K, committed 2304K, reserved 1048576K
}

Deoptimization events (10 events):
Event: 0.142 Thread 0x000055bb24f5e000 Uncommon trap: reason=unstable_if action=reinterpret pc=0x00007fca31ac4464 method=java.lang.String.indexOf([CII[CIII)I @ 134
Event: 0.447 Thread 0x000055bb24f5e000 Uncommon trap: reason=unstable_if action=reinterpret pc=0x00007fca31be7c34 method=com.ctc.wstx.io.WstxInputData.isNameChar(C)Z @ 31
Event: 0.453 Thread 0x000055bb24f5e000 Uncommon trap: reason=unstable_if action=reinterpret pc=0x00007fca31bfd294 method=com.ctc.wstx.sr.BasicStreamReader.readTextPrimary(C)Z @ 24
Event: 0.508 Thread 0x000055bb24f5e000 Uncommon trap: reason=unstable_if action=reinterpret pc=0x00007fca31c28280 method=com.ctc.wstx.sr.StreamScanner.parseLocalName(C)Ljava/lang/String; @ 79
Event: 0.998 Thread 0x000055bb24f5e000 Uncommon trap: reason=predicate action=maybe_recompile pc=0x00007fca31d1234c method=java.util.LinkedList.toArray([Ljava/lang/Object;)[Ljava/lang/Object; @ 45
Event: 1.004 Thread 0x000055bb24f5e000 Uncommon trap: reason=array_check action=maybe_recompile pc=0x00007fca31d18c98 method=java.util.LinkedList.toArray([Ljava/lang/Object;)[Ljava/lang/Object; @ 55
Event: 1.004 Thread 0x000055bb24f5e000 Uncommon trap: reason=array_check action=maybe_recompile pc=0x00007fca31d18c98 method=java.util.LinkedList.toArray([Ljava/lang/Object;)[Ljava/lang/Object; @ 55
Event: 1.004 Thread 0x000055bb24f5e000 Uncommon trap: reason=array_check action=maybe_recompile pc=0x00007fca31d18c98 method=java.util.LinkedList.toArray([Ljava/lang/Object;)[Ljava/lang/Object; @ 55
Event: 1.004 Thread 0x000055bb24f5e000 Uncommon trap: reason=array_check action=maybe_recompile pc=0x00007fca31d18c98 method=java.util.LinkedList.toArray([Ljava/lang/Object;)[Ljava/lang/Object; @ 55
Event: 1.089 Thread 0x000055bb24f5e000 Uncommon trap: reason=bimorphic action=maybe_recompile pc=0x00007fca31cbd0e0 method=java.io.DataOutputStream.writeShort(I)V @ 12

Classes redefined (0 events):
No events

Internal exceptions (10 events):
Event: 0.179 Thread 0x000055bb24f5e000 Exception <a 'java/lang/ClassNotFoundException': org/apache/log4j/WriterAppenderCustomizer> (0x000000076d360918) thrown at [/build/openjdk-8-4TqvnK/openjdk-8-8u292-b10/src/hotspot/src/share/vm/classfile/systemDictionary.cpp, line 217]
Event: 0.180 Thread 0x000055bb24f5e000 Exception <a 'java/lang/ClassNotFoundException': org/apache/log4j/ConsoleAppenderCustomizer> (0x000000076d384a70) thrown at [/build/openjdk-8-4TqvnK/openjdk-8-8u292-b10/src/hotspot/src/share/vm/classfile/systemDictionary.cpp, line 217]
Event: 0.486 Thread 0x000055bb24f5e000 Exception <a 'java/lang/NoSuchFieldError': method resolution failed> (0x000000076f37ab38) thrown at [/build/openjdk-8-4TqvnK/openjdk-8-8u292-b10/src/hotspot/src/share/vm/prims/methodHandles.cpp, line 1169]
Event: 0.487 Thread 0x000055bb24f5e000 Exception <a 'java/lang/NoSuchFieldError': method resolution failed> (0x000000076f388228) thrown at [/build/openjdk-8-4TqvnK/openjdk-8-8u292-b10/src/hotspot/src/share/vm/prims/methodHandles.cpp, line 1169]
Event: 0.523 Thread 0x000055bb24f5e000 Exception <a 'java/io/FileNotFoundException'> (0x000000076f6320a8) thrown at [/build/openjdk-8-4TqvnK/openjdk-8-8u292-b10/src/hotspot/src/share/vm/prims/jni.cpp, line 711]
Event: 0.523 Thread 0x000055bb24f5e000 Exception <a 'java/security/PrivilegedActionException'> (0x000000076f632510) thrown at [/build/openjdk-8-4TqvnK/openjdk-8-8u292-b10/src/hotspot/src/share/vm/prims/jvm.cpp, line 1521]
Event: 0.523 Thread 0x000055bb24f5e000 Exception <a 'java/lang/reflect/InvocationTargetException'> (0x000000076f634610) thrown at [/build/openjdk-8-4TqvnK/openjdk-8-8u292-b10/src/hotspot/src/share/vm/runtime/reflection.cpp, line 1090]
Event: 0.953 Thread 0x000055bb25da5800 Exception <a 'java/lang/InterruptedException'> (0x00000007702009b0) thrown at [/build/openjdk-8-4TqvnK/openjdk-8-8u292-b10/src/hotspot/src/share/vm/runtime/objectMonitor.cpp, line 1692]
Event: 0.984 Thread 0x000055bb25da7800 Exception <a 'java/lang/InterruptedException'> (0x00000007705c8140) thrown at [/build/openjdk-8-4TqvnK/openjdk-8-8u292-b10/src/hotspot/src/share/vm/runtime/objectMonitor.cpp, line 1692]
Event: 1.102 Thread 0x000055bb25dc1800 Exception <a 'java/lang/InterruptedException'> (0x000000076cbefff0) thrown at [/build/openjdk-8-4TqvnK/openjdk-8-8u292-b10/src/hotspot/src/share/vm/runtime/objectMonitor.cpp, line 1692]

Events (10 events):
Event: 1.101 loading class org/apache/hadoop/hdfs/PeerCache$1 done
Event: 1.101 Thread 0x000055bb25e4c000 Thread added: 0x000055bb25e4c000
Event: 1.101 loading class org/apache/hadoop/hdfs/PeerCache$Value
Event: 1.101 loading class org/apache/hadoop/hdfs/PeerCache$Value done
Event: 1.101 loading class com/google/common/collect/LinkedListMultimap$Node
Event: 1.101 loading class com/google/common/collect/LinkedListMultimap$Node done
Event: 1.102 loading class com/google/common/collect/Count
Event: 1.102 loading class com/google/common/collect/Count done
Event: 1.102 Thread 0x000055bb25dc1800 Thread exited: 0x000055bb25dc1800
Event: 1.112 Thread 0x000055bb25dc4000 Thread exited: 0x000055bb25dc4000


Dynamic libraries:
6c5c00000-6d0400000 rw-p 00000000 00:00 0 
6d0400000-76c980000 ---p 00000000 00:00 0 
76c980000-775c80000 rw-p 00000000 00:00 0 
775c80000-7c0000000 ---p 00000000 00:00 0 
7c0000000-7c0260000 rw-p 00000000 00:00 0 
7c0260000-800000000 ---p 00000000 00:00 0 
55bb2323d000-55bb23240000 r--p 00000000 08:03 302210492                  /root/subgraph-isomorphism-pregel/src/run
55bb23240000-55bb2326e000 r-xp 00003000 08:03 302210492                  /root/subgraph-isomorphism-pregel/src/run
55bb2326e000-55bb23275000 r--p 00031000 08:03 302210492                  /root/subgraph-isomorphism-pregel/src/run
55bb23276000-55bb23277000 r--p 00038000 08:03 302210492                  /root/subgraph-isomorphism-pregel/src/run
55bb23277000-55bb23278000 rw-p 00039000 08:03 302210492                  /root/subgraph-isomorphism-pregel/src/run
55bb24f28000-55bb25e6c000 rw-p 00000000 00:00 0                          [heap]
7fc9d0000000-7fc9d0021000 rw-p 00000000 00:00 0 
7fc9d0021000-7fc9d4000000 ---p 00000000 00:00 0 
7fc9d8000000-7fc9d8026000 rw-p 00000000 00:00 0 
7fc9d8026000-7fc9dc000000 ---p 00000000 00:00 0 
7fc9dc000000-7fc9dc021000 rw-p 00000000 00:00 0 
7fc9dc021000-7fc9e0000000 ---p 00000000 00:00 0 
7fc9e0000000-7fc9e0021000 rw-p 00000000 00:00 0 
7fc9e0021000-7fc9e4000000 ---p 00000000 00:00 0 
7fc9e4000000-7fc9e4021000 rw-p 00000000 00:00 0 
7fc9e4021000-7fc9e8000000 ---p 00000000 00:00 0 
7fc9e8000000-7fc9e8021000 rw-p 00000000 00:00 0 
7fc9e8021000-7fc9ec000000 ---p 00000000 00:00 0 
7fc9ec000000-7fc9ec021000 rw-p 00000000 00:00 0 
7fc9ec021000-7fc9f0000000 ---p 00000000 00:00 0 
7fc9f0000000-7fc9f0402000 rw-p 00000000 00:00 0 
7fc9f0402000-7fc9f4000000 ---p 00000000 00:00 0 
7fc9f4000000-7fc9f4021000 rw-p 00000000 00:00 0 
7fc9f4021000-7fc9f8000000 ---p 00000000 00:00 0 
7fc9f8000000-7fc9f84e6000 rw-p 00000000 00:00 0 
7fc9f84e6000-7fc9fc000000 ---p 00000000 00:00 0 
7fc9fc000000-7fc9fc6eb000 rw-p 00000000 00:00 0 
7fc9fc6eb000-7fca00000000 ---p 00000000 00:00 0 
7fca00000000-7fca00021000 rw-p 00000000 00:00 0 
7fca00021000-7fca04000000 ---p 00000000 00:00 0 
7fca04000000-7fca04021000 rw-p 00000000 00:00 0 
7fca04021000-7fca08000000 ---p 00000000 00:00 0 
7fca08000000-7fca08021000 rw-p 00000000 00:00 0 
7fca08021000-7fca0c000000 ---p 00000000 00:00 0 
7fca0c2e0000-7fca14000000 rw-p 00000000 00:00 0 
7fca14000000-7fca14021000 rw-p 00000000 00:00 0 
7fca14021000-7fca18000000 ---p 00000000 00:00 0 
7fca18000000-7fca18021000 rw-p 00000000 00:00 0 
7fca18021000-7fca1c000000 ---p 00000000 00:00 0 
7fca1c000000-7fca1c021000 rw-p 00000000 00:00 0 
7fca1c021000-7fca20000000 ---p 00000000 00:00 0 
7fca23dfe000-7fca23e01000 ---p 00000000 00:00 0 
7fca23e01000-7fca23eff000 rw-p 00000000 00:00 0 
7fca23eff000-7fca23f02000 ---p 00000000 00:00 0 
7fca23f02000-7fca24000000 rw-p 00000000 00:00 0 
7fca24000000-7fca24021000 rw-p 00000000 00:00 0 
7fca24021000-7fca28000000 ---p 00000000 00:00 0 
7fca280a5000-7fca280a8000 ---p 00000000 00:00 0 
7fca280a8000-7fca283a6000 rw-p 00000000 00:00 0 
7fca283a6000-7fca283a9000 ---p 00000000 00:00 0 
7fca283a9000-7fca286a7000 rw-p 00000000 00:00 0 
7fca286a7000-7fca288a7000 rw-p 00000000 00:00 0 
7fca288a7000-7fca288a9000 r--s 00016000 08:03 335567578                  /usr/lib/jvm/java-8-openjdk-amd64/jre/lib/jce.jar
7fca288a9000-7fca288ba000 r--s 001bf000 08:03 335567581                  /usr/lib/jvm/java-8-openjdk-amd64/jre/lib/jsse.jar
7fca288ba000-7fca28aba000 rw-p 00000000 00:00 0 
7fca28aba000-7fca28abb000 r--p 00000000 08:03 9862227                    /usr/lib/jvm/java-8-openjdk-amd64/jre/lib/amd64/libjaas_unix.so
7fca28abb000-7fca28abc000 r-xp 00001000 08:03 9862227                    /usr/lib/jvm/java-8-openjdk-amd64/jre/lib/amd64/libjaas_unix.so
7fca28abc000-7fca28abd000 r--p 00002000 08:03 9862227                    /usr/lib/jvm/java-8-openjdk-amd64/jre/lib/amd64/libjaas_unix.so
7fca28abd000-7fca28abe000 r--p 00002000 08:03 9862227                    /usr/lib/jvm/java-8-openjdk-amd64/jre/lib/amd64/libjaas_unix.so
7fca28abe000-7fca28abf000 rw-p 00003000 08:03 9862227                    /usr/lib/jvm/java-8-openjdk-amd64/jre/lib/amd64/libjaas_unix.so
7fca28abf000-7fca28ae2000 r-xp 00000000 08:03 100685260                  /usr/local/hadoop/lib/native/libhadoop.so.1.0.0
7fca28ae2000-7fca28ce1000 ---p 00023000 08:03 100685260                  /usr/local/hadoop/lib/native/libhadoop.so.1.0.0
7fca28ce1000-7fca28ce2000 r--p 00022000 08:03 100685260                  /usr/local/hadoop/lib/native/libhadoop.so.1.0.0
7fca28ce2000-7fca28ce3000 rw-p 00023000 08:03 100685260                  /usr/local/hadoop/lib/native/libhadoop.so.1.0.0
7fca28ce3000-7fca28ce6000 ---p 00000000 00:00 0 
7fca28ce6000-7fca28de4000 rw-p 00000000 00:00 0 
7fca28de4000-7fca28de7000 ---p 00000000 00:00 0 
7fca28de7000-7fca2901d000 rw-p 00000000 00:00 0 
7fca2901d000-7fca29021000 r--p 00000000 08:03 18539505                   /usr/lib/jvm/java-8-openjdk-amd64/jre/lib/amd64/libmanagement.so
7fca29021000-7fca29025000 r-xp 00004000 08:03 18539505                   /usr/lib/jvm/java-8-openjdk-amd64/jre/lib/amd64/libmanagement.so
7fca29025000-7fca29027000 r--p 00008000 08:03 18539505                   /usr/lib/jvm/java-8-openjdk-amd64/jre/lib/amd64/libmanagement.so
7fca29027000-7fca29028000 r--p 00009000 08:03 18539505                   /usr/lib/jvm/java-8-openjdk-amd64/jre/lib/amd64/libmanagement.so
7fca29028000-7fca29029000 rw-p 0000a000 08:03 18539505                   /usr/lib/jvm/java-8-openjdk-amd64/jre/lib/amd64/libmanagement.so
7fca29029000-7fca2902e000 r--s 0003e000 08:03 302046379                  /usr/local/hadoop/share/hadoop/hdfs/hadoop-hdfs-rbf-2.10.1-tests.jar
7fca2902e000-7fca2903e000 r--s 000d5000 08:03 302046378                  /usr/local/hadoop/share/hadoop/hdfs/hadoop-hdfs-rbf-2.10.1.jar
7fca2903e000-7fca29040000 r--s 0001f000 08:03 302046380                  /usr/local/hadoop/share/hadoop/hdfs/hadoop-hdfs-nfs-2.10.1.jar
7fca29040000-7fca29041000 r--s 00007000 08:03 302046377                  /usr/local/hadoop/share/hadoop/hdfs/hadoop-hdfs-native-client-2.10.1-tests.jar
7fca29041000-7fca29042000 r--s 00007000 08:03 302046376                  /usr/local/hadoop/share/hadoop/hdfs/hadoop-hdfs-native-client-2.10.1.jar
7fca29042000-7fca29045000 r--s 0001d000 08:03 302046375                  /usr/local/hadoop/share/hadoop/hdfs/hadoop-hdfs-client-2.10.1-tests.jar
7fca29045000-7fca29080000 r--s 003d2000 08:03 302046374                  /usr/local/hadoop/share/hadoop/hdfs/hadoop-hdfs-client-2.10.1.jar
7fca29080000-7fca290af000 r--s 00413000 08:03 302046373                  /usr/local/hadoop/share/hadoop/hdfs/hadoop-hdfs-2.10.1-tests.jar
7fca290af000-7fca290ef000 r--s 004b4000 08:03 302046372                  /usr/local/hadoop/share/hadoop/hdfs/hadoop-hdfs-2.10.1.jar
7fca290ef000-7fca290f4000 r--s 0002a000 08:03 218175655                  /usr/local/hadoop/share/hadoop/common/hadoop-nfs-2.10.1.jar
7fca290f4000-7fca2911c000 r--s 00261000 08:03 218175654                  /usr/local/hadoop/share/hadoop/common/hadoop-common-2.10.1-tests.jar
7fca2911c000-7fca2914d000 rw-p 00000000 00:00 0 
7fca2914d000-7fca29152000 r--p 00000000 08:03 18539507                   /usr/lib/jvm/java-8-openjdk-amd64/jre/lib/amd64/libnet.so
7fca29152000-7fca29163000 r-xp 00005000 08:03 18539507                   /usr/lib/jvm/java-8-openjdk-amd64/jre/lib/amd64/libnet.so
7fca29163000-7fca29167000 r--p 00016000 08:03 18539507                   /usr/lib/jvm/java-8-openjdk-amd64/jre/lib/amd64/libnet.so
7fca29167000-7fca29168000 r--p 00019000 08:03 18539507                   /usr/lib/jvm/java-8-openjdk-amd64/jre/lib/amd64/libnet.so
7fca29168000-7fca29169000 rw-p 0001a000 08:03 18539507                   /usr/lib/jvm/java-8-openjdk-amd64/jre/lib/amd64/libnet.so
7fca29169000-7fca29170000 r--p 00000000 08:03 18539508                   /usr/lib/jvm/java-8-openjdk-amd64/jre/lib/amd64/libnio.so
7fca29170000-7fca29179000 r-xp 00007000 08:03 18539508                   /usr/lib/jvm/java-8-openjdk-amd64/jre/lib/amd64/libnio.so
7fca29179000-7fca2917c000 r--p 00010000 08:03 18539508                   /usr/lib/jvm/java-8-openjdk-amd64/jre/lib/amd64/libnio.so
7fca2917c000-7fca2917d000 r--p 00012000 08:03 18539508                   /usr/lib/jvm/java-8-openjdk-amd64/jre/lib/amd64/libnio.so
7fca2917d000-7fca2917e000 rw-p 00013000 08:03 18539508                   /usr/lib/jvm/java-8-openjdk-amd64/jre/lib/amd64/libnio.so
7fca2917e000-7fca291bb000 r--s 0038e000 08:03 218175653                  /usr/local/hadoop/share/hadoop/common/hadoop-common-2.10.1.jar
7fca291bb000-7fca291bc000 r--s 00003000 08:03 318795933                  /usr/local/hadoop/share/hadoop/hdfs/lib/xmlenc-0.52.jar
7fca291bc000-7fca291c5000 r--s 0002d000 08:03 318795952                  /usr/local/hadoop/share/hadoop/hdfs/lib/xml-apis-1.4.01.jar
7fca291c5000-7fca291de000 r--s 0013a000 08:03 318795951                  /usr/local/hadoop/share/hadoop/hdfs/lib/xercesImpl-2.12.0.jar
7fca291de000-7fca291e0000 r--s 00018000 08:03 318795935                  /usr/local/hadoop/share/hadoop/hdfs/lib/servlet-api-2.5.jar
7fca291e0000-7fca291e8000 r--s 0007b000 08:03 318795944                  /usr/local/hadoop/share/hadoop/hdfs/lib/protobuf-java-2.5.0.jar
7fca291e8000-7fca291ea000 r--s 0000f000 08:03 318795948                  /usr/local/hadoop/share/hadoop/hdfs/lib/okio-1.6.0.jar
7fca291ea000-7fca291ef000 r--s 0004c000 08:03 318795947                  /usr/local/hadoop/share/hadoop/hdfs/lib/okhttp-2.7.5.jar
7fca291ef000-7fca29237000 r--s 003bd000 08:03 318795950                  /usr/local/hadoop/share/hadoop/hdfs/lib/netty-all-4.1.50.Final.jar
7fca29237000-7fca29250000 r--s 00123000 08:03 318795930                  /usr/local/hadoop/share/hadoop/hdfs/lib/netty-3.10.6.Final.jar
7fca29250000-7fca29259000 r--s 0006f000 08:03 318795927                  /usr/local/hadoop/share/hadoop/hdfs/lib/log4j-1.2.17.jar
7fca29259000-7fca2925c000 r--s 000fd000 08:03 318795953                  /usr/local/hadoop/share/hadoop/hdfs/lib/leveldbjni-all-1.8.jar
7fca2925c000-7fca2925e000 r--s 00003000 08:03 318795929                  /usr/local/hadoop/share/hadoop/hdfs/lib/jsr305-3.0.2.jar
7fca2925e000-7fca29262000 r--s 00028000 08:03 318795937                  /usr/local/hadoop/share/hadoop/hdfs/lib/jetty-util-6.1.26.jar
7fca29262000-7fca29269000 r--s 0007d000 08:03 318795936                  /usr/local/hadoop/share/hadoop/hdfs/lib/jetty-6.1.26.jar
7fca29269000-7fca2927b000 r--s 0009d000 08:03 318795941                  /usr/local/hadoop/share/hadoop/hdfs/lib/jersey-server-1.9.jar
7fca2927b000-7fca29285000 r--s 00066000 08:03 318795938                  /usr/local/hadoop/share/hadoop/hdfs/lib/jersey-core-1.9.jar
7fca29285000-7fca29293000 r--s 000b1000 08:03 318795940                  /usr/local/hadoop/share/hadoop/hdfs/lib/jackson-mapper-asl-1.9.13.jar
7fca29293000-7fca292a6000 r--s 00137000 08:03 318795954                  /usr/local/hadoop/share/hadoop/hdfs/lib/jackson-databind-2.9.10.6.jar
7fca292a6000-7fca292aa000 r--s 00035000 08:03 318795939                  /usr/local/hadoop/share/hadoop/hdfs/lib/jackson-core-asl-1.9.13.jar
7fca292aa000-7fca292ae000 r--s 0004c000 08:03 318795956                  /usr/local/hadoop/share/hadoop/hdfs/lib/jackson-core-2.9.10.jar
7fca292ae000-7fca292b1000 r--s 0000e000 08:03 318795955                  /usr/local/hadoop/share/hadoop/hdfs/lib/jackson-annotations-2.9.10.jar
7fca292b1000-7fca292cb000 r--s 00155000 08:03 318795945                  /usr/local/hadoop/share/hadoop/hdfs/lib/htrace-core4-4.1.0-incubating.jar
7fca292cb000-7fca29306000 r--s 003d2000 08:03 318795946                  /usr/local/hadoop/share/hadoop/hdfs/lib/hadoop-hdfs-client-2.10.1.jar
7fca29306000-7fca29327000 r--s 00172000 08:03 318795931                  /usr/local/hadoop/share/hadoop/hdfs/lib/guava-11.0.2.jar
7fca29327000-7fca29329000 r--s 0000e000 08:03 318795928                  /usr/local/hadoop/share/hadoop/hdfs/lib/commons-logging-1.1.3.jar
7fca29329000-7fca2932e000 r--s 00041000 08:03 318795943                  /usr/local/hadoop/share/hadoop/hdfs/lib/commons-lang-2.6.jar
7fca2932e000-7fca29332000 r--s 0002a000 08:03 318795934                  /usr/local/hadoop/share/hadoop/hdfs/lib/commons-io-2.4.jar
7fca29332000-7fca29333000 r--s 00005000 08:03 318795949                  /usr/local/hadoop/share/hadoop/hdfs/lib/commons-daemon-1.0.13.jar
7fca29333000-7fca29335000 r--s 0000d000 08:03 318795926                  /usr/local/hadoop/share/hadoop/hdfs/lib/commons-codec-1.4.jar
7fca29335000-7fca29337000 r--s 00009000 08:03 318795932                  /usr/local/hadoop/share/hadoop/hdfs/lib/commons-cli-1.2.jar
7fca29337000-7fca29338000 r--s 0000a000 08:03 318795942                  /usr/local/hadoop/share/hadoop/hdfs/lib/asm-3.2.jar
7fca29338000-7fca29345000 r--s 000d2000 08:03 234917335                  /usr/local/hadoop/share/hadoop/common/lib/zookeeper-3.4.14.jar
7fca29345000-7fca29346000 r--s 00003000 08:03 234917354                  /usr/local/hadoop/share/hadoop/common/lib/xmlenc-0.52.jar
7fca29346000-7fca2934c000 r--s 00078000 08:03 234917345                  /usr/local/hadoop/share/hadoop/common/lib/woodstox-core-5.0.3.jar
7fca2934c000-7fca2934e000 r--s 00004000 08:03 234917239                  /usr/local/hadoop/share/hadoop/common/lib/stax-api-1.0-2.jar
7fca2934e000-7fca29352000 r--s 00024000 08:03 234917344                  /usr/local/hadoop/share/hadoop/common/lib/stax2-api-3.1.4.jar
7fca29352000-7fca29354000 r--s 00002000 08:03 234917336                  /usr/local/hadoop/share/hadoop/common/lib/spotbugs-annotations-3.1.9.jar
7fca29354000-7fca29356000 r--s 00130000 08:03 234917323                  /usr/local/hadoop/share/hadoop/common/lib/snappy-java-1.0.5.jar
7fca29356000-7fca29357000 r--s 00002000 08:03 234917320                  /usr/local/hadoop/share/hadoop/common/lib/slf4j-log4j12-1.7.25.jar
7fca29357000-7fca29359000 r--s 00009000 08:03 234917319                  /usr/local/hadoop/share/hadoop/common/lib/slf4j-api-1.7.25.jar
7fca29359000-7fca2935b000 r--s 00018000 08:03 234917229                  /usr/local/hadoop/share/hadoop/common/lib/servlet-api-2.5.jar
7fca2935b000-7fca29363000 r--s 0007b000 08:03 234917325                  /usr/local/hadoop/share/hadoop/common/lib/protobuf-java-2.5.0.jar
7fca29363000-7fca29365000 r--s 00006000 08:03 234917322                  /usr/local/hadoop/share/hadoop/common/lib/paranamer-2.3.jar
7fca29365000-7fca2936b000 r--s 0004d000 08:03 234917328                  /usr/local/hadoop/share/hadoop/common/lib/nimbus-jose-jwt-7.9.jar
7fca2936b000-7fca29384000 r--s 00123000 08:03 234917338                  /usr/local/hadoop/share/hadoop/common/lib/netty-3.10.6.Final.jar
7fca29384000-7fca293a1000 r--s 0013e000 08:03 234917348                  /usr/local/hadoop/share/hadoop/common/lib/mockito-all-1.8.5.jar
7fca293a1000-7fca293aa000 r--s 0006f000 08:03 234917247                  /usr/local/hadoop/share/hadoop/common/lib/log4j-1.2.17.jar
7fca293aa000-7fca293b0000 r--s 00036000 08:03 234917346                  /usr/local/hadoop/share/hadoop/common/lib/junit-4.11.jar
7fca293b0000-7fca293b2000 r--s 00003000 08:03 234917351                  /usr/local/hadoop/share/hadoop/common/lib/jsr305-3.0.2.jar
7fca293b2000-7fca293b5000 r--s 00016000 08:03 234917233                  /usr/local/hadoop/share/hadoop/common/lib/jsp-api-2.1.jar
7fca293b5000-7fca293b8000 r--s 00011000 08:03 234917330                  /usr/local/hadoop/share/hadoop/common/lib/json-smart-1.3.1.jar
7fca293b8000-7fca293bc000 r--s 00041000 08:03 234917341                  /usr/local/hadoop/share/hadoop/common/lib/jsch-0.1.55.jar
7fca293bc000-7fca293c0000 r--s 00028000 08:03 234917231                  /usr/local/hadoop/share/hadoop/common/lib/jetty-util-6.1.26.jar
7fca293c0000-7fca293c1000 r--s 00004000 08:03 234917232                  /usr/local/hadoop/share/hadoop/common/lib/jetty-sslengine-6.1.26.jar
7fca293c1000-7fca293c8000 r--s 0007d000 08:03 234917230                  /usr/local/hadoop/share/hadoop/common/lib/jetty-6.1.26.jar
7fca293c8000-7fca293ca000 r--s 0000f000 08:03 234917236                  /usr/local/hadoop/share/hadoop/common/lib/jettison-1.1.jar
7fca293ca000-7fca293d3000 r--s 0007b000 08:03 234917312                  /usr/local/hadoop/share/hadoop/common/lib/jets3t-0.9.0.jar
7fca293d3000-7fca293e5000 r--s 0009d000 08:03 234917245                  /usr/local/hadoop/share/hadoop/common/lib/jersey-server-1.9.jar
7fca293e5000-7fca293e9000 r--s 00021000 08:03 234917235                  /usr/local/hadoop/share/hadoop/common/lib/jersey-json-1.9.jar
7fca293e9000-7fca293f3000 r--s 00066000 08:03 234917234                  /usr/local/hadoop/share/hadoop/common/lib/jersey-core-1.9.jar
7fca293f3000-7fca293f5000 r--s 00000000 08:03 234917329                  /usr/local/hadoop/share/hadoop/common/lib/jcip-annotations-1.0-1.jar
7fca293f5000-7fca29408000 r--s 000c7000 08:03 234917237                  /usr/local/hadoop/share/hadoop/common/lib/jaxb-impl-2.2.3-1.jar
7fca29408000-7fca2940b000 r--s 00017000 08:03 234917238                  /usr/local/hadoop/share/hadoop/common/lib/jaxb-api-2.2.2.jar
7fca2940b000-7fca2940c000 r--s 00004000 08:03 234917313                  /usr/local/hadoop/share/hadoop/common/lib/java-xmlbuilder-0.4.jar
7fca2940c000-7fca2940d000 r--s 00006000 08:03 234917244                  /usr/local/hadoop/share/hadoop/common/lib/jackson-xc-1.9.13.jar
7fca2940d000-7fca2941b000 r--s 000b1000 08:03 234917242                  /usr/local/hadoop/share/hadoop/common/lib/jackson-mapper-asl-1.9.13.jar
7fca2941b000-7fca2941c000 r--s 00004000 08:03 234917243                  /usr/local/hadoop/share/hadoop/common/lib/jackson-jaxrs-1.9.13.jar
7fca2941c000-7fca29420000 r--s 00035000 08:03 234917241                  /usr/local/hadoop/share/hadoop/common/lib/jackson-core-asl-1.9.13.jar
7fca29420000-7fca29427000 r--s 00049000 08:03 234917356                  /usr/local/hadoop/share/hadoop/common/lib/httpcore-4.4.4.jar
7fca29427000-7fca29434000 r--s 000a7000 08:03 234917355                  /usr/local/hadoop/share/hadoop/common/lib/httpclient-4.5.2.jar
7fca29434000-7fca2944e000 r--s 00155000 08:03 234917343                  /usr/local/hadoop/share/hadoop/common/lib/htrace-core4-4.1.0-incubating.jar
7fca2944e000-7fca29450000 r--s 00009000 08:03 234917347                  /usr/local/hadoop/share/hadoop/common/lib/hamcrest-core-1.3.jar
7fca29450000-7fca29453000 r--s 0001c000 08:03 234917327                  /usr/local/hadoop/share/hadoop/common/lib/hadoop-auth-2.10.1.jar
7fca29453000-7fca29455000 r--s 0000a000 08:03 234917349                  /usr/local/hadoop/share/hadoop/common/lib/hadoop-annotations-2.10.1.jar
7fca29455000-7fca29476000 r--s 00172000 08:03 234917350                  /usr/local/hadoop/share/hadoop/common/lib/guava-11.0.2.jar
7fca29476000-7fca2947b000 r--s 0002a000 08:03 234917326                  /usr/local/hadoop/share/hadoop/common/lib/gson-2.2.4.jar
7fca2947b000-7fca29483000 r--s 0003e000 08:03 234917342                  /usr/local/hadoop/share/hadoop/common/lib/curator-recipes-2.13.0.jar
7fca29483000-7fca29489000 r--s 0002c000 08:03 234917339                  /usr/local/hadoop/share/hadoop/common/lib/curator-framework-2.13.0.jar
7fca29489000-7fca294c0000 r--s 00219000 08:03 234917340                  /usr/local/hadoop/share/hadoop/common/lib/curator-client-2.13.0.jar
7fca294c0000-7fca294c5000 r--s 0003e000 08:03 234917360                  /usr/local/hadoop/share/hadoop/common/lib/commons-net-3.1.jar
7fca294c5000-7fca294e2000 r--s 0016a000 08:03 234917353                  /usr/local/hadoop/share/hadoop/common/lib/commons-math3-3.1.1.jar
7fca294e2000-7fca294e4000 r--s 0000e000 08:03 234917357                  /usr/local/hadoop/share/hadoop/common/lib/commons-logging-1.1.3.jar
7fca294e4000-7fca294eb000 r--s 00064000 08:03 234917318                  /usr/local/hadoop/share/hadoop/common/lib/commons-lang3-3.4.jar
7fca294eb000-7fca294f0000 r--s 00041000 08:03 234917314                  /usr/local/hadoop/share/hadoop/common/lib/commons-lang-2.6.jar
7fca294f0000-7fca294f4000 r--s 0002a000 08:03 234917359                  /usr/local/hadoop/share/hadoop/common/lib/commons-io-2.4.jar
7fca294f4000-7fca294f8000 r--s 00020000 08:03 234917316                  /usr/local/hadoop/share/hadoop/common/lib/commons-digester-1.8.jar
7fca294f8000-7fca294fe000 r--s 00043000 08:03 234917315                  /usr/local/hadoop/share/hadoop/common/lib/commons-configuration-1.6.jar
7fca294fe000-7fca2950a000 r--s 0008b000 08:03 234917324                  /usr/local/hadoop/share/hadoop/common/lib/commons-compress-1.19.jar
7fca2950a000-7fca29517000 r--s 00083000 08:03 234917228                  /usr/local/hadoop/share/hadoop/common/lib/commons-collections-3.2.2.jar
7fca29517000-7fca29519000 r--s 0000d000 08:03 234917358                  /usr/local/hadoop/share/hadoop/common/lib/commons-codec-1.4.jar
7fca29519000-7fca2951b000 r--s 00009000 08:03 234917352                  /usr/local/hadoop/share/hadoop/common/lib/commons-cli-1.2.jar
7fca2951b000-7fca29520000 r--s 00038000 08:03 234917317                  /usr/local/hadoop/share/hadoop/common/lib/commons-beanutils-1.9.4.jar
7fca29520000-7fca29529000 r--s 00062000 08:03 234917321                  /usr/local/hadoop/share/hadoop/common/lib/avro-1.7.7.jar
7fca29529000-7fca2952a000 r--s 00004000 08:03 234917337                  /usr/local/hadoop/share/hadoop/common/lib/audience-annotations-0.5.0.jar
7fca2952a000-7fca2952b000 r--s 0000a000 08:03 234917246                  /usr/local/hadoop/share/hadoop/common/lib/asm-3.2.jar
7fca2952b000-7fca2952d000 r--s 00012000 08:03 234917334                  /usr/local/hadoop/share/hadoop/common/lib/api-util-1.0.0-M20.jar
7fca2952d000-7fca2952f000 r--s 00003000 08:03 234917333                  /usr/local/hadoop/share/hadoop/common/lib/api-asn1-api-1.0.0-M20.jar
7fca2952f000-7fca29541000 r--s 00097000 08:03 234917331                  /usr/local/hadoop/share/hadoop/common/lib/apacheds-kerberos-codec-2.0.0-M15.jar
7fca29541000-7fca29543000 r--s 0000e000 08:03 234917240                  /usr/local/hadoop/share/hadoop/common/lib/activation-1.1.jar
7fca29543000-7fca29545000 r--s 0000c000 08:03 18540022                   /usr/share/java/java-atk-wrapper.jar
7fca29545000-7fca29547000 r--s 00010000 08:03 67121742                   /usr/lib/jvm/java-8-openjdk-amd64/jre/lib/ext/zipfs.jar
7fca29547000-7fca2954b000 r--s 00040000 08:03 67121741                   /usr/lib/jvm/java-8-openjdk-amd64/jre/lib/ext/sunpkcs11.jar
7fca2954b000-7fca29566000 r--s 001d6000 08:03 67121738                   /usr/lib/jvm/java-8-openjdk-amd64/jre/lib/ext/nashorn.jar
7fca29566000-7fca29571000 r--s 00116000 08:03 67121737                   /usr/lib/jvm/java-8-openjdk-amd64/jre/lib/ext/localedata.jar
7fca29571000-7fca2958c000 r--s 00394000 08:03 67121733                   /usr/lib/jvm/java-8-openjdk-amd64/jre/lib/ext/cldrdata.jar
7fca2958c000-7fca2958d000 ---p 00000000 00:00 0 
7fca2958d000-7fca2968d000 rw-p 00000000 00:00 0 
7fca2968d000-7fca29690000 ---p 00000000 00:00 0 
7fca29690000-7fca2978e000 rw-p 00000000 00:00 0 
7fca2978e000-7fca2978f000 ---p 00000000 00:00 0 
7fca2978f000-7fca29792000 ---p 00000000 00:00 0 
7fca29792000-7fca2988f000 rw-p 00000000 00:00 0 
7fca2988f000-7fca29890000 ---p 00000000 00:00 0 
7fca29890000-7fca29893000 ---p 00000000 00:00 0 
7fca29893000-7fca29990000 rw-p 00000000 00:00 0 
7fca29990000-7fca29991000 ---p 00000000 00:00 0 
7fca29991000-7fca29994000 ---p 00000000 00:00 0 
7fca29994000-7fca29a91000 rw-p 00000000 00:00 0 
7fca29a91000-7fca29a94000 ---p 00000000 00:00 0 
7fca29a94000-7fca29b92000 rw-p 00000000 00:00 0 
7fca29b92000-7fca29e78000 r--p 00000000 08:03 269454                     /usr/lib/locale/locale-archive
7fca29e78000-7fca29e7b000 ---p 00000000 00:00 0 
7fca29e7b000-7fca29f79000 rw-p 00000000 00:00 0 
7fca29f79000-7fca29f7c000 ---p 00000000 00:00 0 
7fca29f7c000-7fca2a07a000 rw-p 00000000 00:00 0 
7fca2a07a000-7fca2a07b000 ---p 00000000 00:00 0 
7fca2a07b000-7fca2c000000 rw-p 00000000 00:00 0 
7fca2c000000-7fca2c021000 rw-p 00000000 00:00 0 
7fca2c021000-7fca30000000 ---p 00000000 00:00 0 
7fca30000000-7fca30001000 r--s 0000a000 08:03 234917332                  /usr/local/hadoop/share/hadoop/common/lib/apacheds-i18n-2.0.0-M15.jar
7fca30001000-7fca30007000 r--s 0003d000 08:03 67121740                   /usr/lib/jvm/java-8-openjdk-amd64/jre/lib/ext/sunjce_provider.jar
7fca30007000-7fca30009000 r--s 00008000 08:03 67121739                   /usr/lib/jvm/java-8-openjdk-amd64/jre/lib/ext/sunec.jar
7fca30009000-7fca3000c000 r--s 0000f000 08:03 67121735                   /usr/lib/jvm/java-8-openjdk-amd64/jre/lib/ext/icedtea-sound.jar
7fca3000c000-7fca3015b000 rw-p 00000000 00:00 0 
7fca3015b000-7fca3032c000 r--s 03ca5000 08:03 335567586                  /usr/lib/jvm/java-8-openjdk-amd64/jre/lib/rt.jar
7fca3032c000-7fca30474000 rw-p 00000000 00:00 0 
7fca30474000-7fca30475000 ---p 00000000 00:00 0 
7fca30475000-7fca30575000 rw-p 00000000 00:00 0 
7fca30575000-7fca30576000 ---p 00000000 00:00 0 
7fca30576000-7fca30676000 rw-p 00000000 00:00 0 
7fca30676000-7fca30677000 ---p 00000000 00:00 0 
7fca30677000-7fca30777000 rw-p 00000000 00:00 0 
7fca30777000-7fca30778000 ---p 00000000 00:00 0 
7fca30778000-7fca308cc000 rw-p 00000000 00:00 0 
7fca308cc000-7fca30daf000 ---p 00000000 00:00 0 
7fca30daf000-7fca30e03000 rw-p 00000000 00:00 0 
7fca30e03000-7fca312e5000 ---p 00000000 00:00 0 
7fca312e5000-7fca31330000 rw-p 00000000 00:00 0 
7fca31330000-7fca31581000 ---p 00000000 00:00 0 
7fca31581000-7fca31593000 rw-p 00000000 00:00 0 
7fca31593000-7fca31942000 ---p 00000000 00:00 0 
7fca31942000-7fca31d62000 rwxp 00000000 00:00 0 
7fca31d62000-7fca40942000 ---p 00000000 00:00 0 
7fca40942000-7fca40944000 r--p 00000000 08:03 50409929                   /usr/lib/x86_64-linux-gnu/libz.so.1.2.11
7fca40944000-7fca40955000 r-xp 00002000 08:03 50409929                   /usr/lib/x86_64-linux-gnu/libz.so.1.2.11
7fca40955000-7fca4095b000 r--p 00013000 08:03 50409929                   /usr/lib/x86_64-linux-gnu/libz.so.1.2.11
7fca4095b000-7fca4095c000 ---p 00019000 08:03 50409929                   /usr/lib/x86_64-linux-gnu/libz.so.1.2.11
7fca4095c000-7fca4095d000 r--p 00019000 08:03 50409929                   /usr/lib/x86_64-linux-gnu/libz.so.1.2.11
7fca4095d000-7fca4095e000 rw-p 0001a000 08:03 50409929                   /usr/lib/x86_64-linux-gnu/libz.so.1.2.11
7fca4095e000-7fca40961000 r--p 00000000 08:03 18539515                   /usr/lib/jvm/java-8-openjdk-amd64/jre/lib/amd64/libzip.so
7fca40961000-7fca40966000 r-xp 00003000 08:03 18539515                   /usr/lib/jvm/java-8-openjdk-amd64/jre/lib/amd64/libzip.so
7fca40966000-7fca40968000 r--p 00008000 08:03 18539515                   /usr/lib/jvm/java-8-openjdk-amd64/jre/lib/amd64/libzip.so
7fca40968000-7fca40969000 r--p 00009000 08:03 18539515                   /usr/lib/jvm/java-8-openjdk-amd64/jre/lib/amd64/libzip.so
7fca40969000-7fca4096a000 rw-p 0000a000 08:03 18539515                   /usr/lib/jvm/java-8-openjdk-amd64/jre/lib/amd64/libzip.so
7fca4096a000-7fca4096d000 r--p 00000000 08:03 51481870                   /usr/lib/x86_64-linux-gnu/libnss_files-2.31.so
7fca4096d000-7fca40974000 r-xp 00003000 08:03 51481870                   /usr/lib/x86_64-linux-gnu/libnss_files-2.31.so
7fca40974000-7fca40976000 r--p 0000a000 08:03 51481870                   /usr/lib/x86_64-linux-gnu/libnss_files-2.31.so
7fca40976000-7fca40977000 r--p 0000b000 08:03 51481870                   /usr/lib/x86_64-linux-gnu/libnss_files-2.31.so
7fca40977000-7fca40978000 rw-p 0000c000 08:03 51481870                   /usr/lib/x86_64-linux-gnu/libnss_files-2.31.so
7fca40978000-7fca4097e000 rw-p 00000000 00:00 0 
7fca4097e000-7fca4097f000 r--s 0000a000 08:03 67121736                   /usr/lib/jvm/java-8-openjdk-amd64/jre/lib/ext/jaccess.jar
7fca4097f000-7fca40981000 r--s 00001000 08:03 67121734                   /usr/lib/jvm/java-8-openjdk-amd64/jre/lib/ext/dnsns.jar
7fca40981000-7fca40987000 r--s 000d3000 08:03 335567580                  /usr/lib/jvm/java-8-openjdk-amd64/jre/lib/jfr.jar
7fca40987000-7fca40994000 r--p 00000000 08:03 18539496                   /usr/lib/jvm/java-8-openjdk-amd64/jre/lib/amd64/libjava.so
7fca40994000-7fca409ac000 r-xp 0000d000 08:03 18539496                   /usr/lib/jvm/java-8-openjdk-amd64/jre/lib/amd64/libjava.so
7fca409ac000-7fca409b3000 r--p 00025000 08:03 18539496                   /usr/lib/jvm/java-8-openjdk-amd64/jre/lib/amd64/libjava.so
7fca409b3000-7fca409b4000 r--p 0002b000 08:03 18539496                   /usr/lib/jvm/java-8-openjdk-amd64/jre/lib/amd64/libjava.so
7fca409b4000-7fca409b6000 rw-p 0002c000 08:03 18539496                   /usr/lib/jvm/java-8-openjdk-amd64/jre/lib/amd64/libjava.so
7fca409b6000-7fca409bb000 r--p 00000000 08:03 18539514                   /usr/lib/jvm/java-8-openjdk-amd64/jre/lib/amd64/libverify.so
7fca409bb000-7fca409c4000 r-xp 00005000 08:03 18539514                   /usr/lib/jvm/java-8-openjdk-amd64/jre/lib/amd64/libverify.so
7fca409c4000-7fca409c6000 r--p 0000e000 08:03 18539514                   /usr/lib/jvm/java-8-openjdk-amd64/jre/lib/amd64/libverify.so
7fca409c6000-7fca409c8000 r--p 0000f000 08:03 18539514                   /usr/lib/jvm/java-8-openjdk-amd64/jre/lib/amd64/libverify.so
7fca409c8000-7fca409c9000 rw-p 00011000 08:03 18539514                   /usr/lib/jvm/java-8-openjdk-amd64/jre/lib/amd64/libverify.so
7fca409c9000-7fca411b3000 rw-p 00000000 00:00 0 
7fca411b3000-7fca411b4000 r--p 00000000 08:03 50765880                   /usr/lib/x86_64-linux-gnu/libdl-2.31.so
7fca411b4000-7fca411b6000 r-xp 00001000 08:03 50765880                   /usr/lib/x86_64-linux-gnu/libdl-2.31.so
7fca411b6000-7fca411b7000 r--p 00003000 08:03 50765880                   /usr/lib/x86_64-linux-gnu/libdl-2.31.so
7fca411b7000-7fca411b8000 r--p 00003000 08:03 50765880                   /usr/lib/x86_64-linux-gnu/libdl-2.31.so
7fca411b8000-7fca411b9000 rw-p 00004000 08:03 50765880                   /usr/lib/x86_64-linux-gnu/libdl-2.31.so
7fca411b9000-7fca411c8000 r--p 00000000 08:03 50765881                   /usr/lib/x86_64-linux-gnu/libm-2.31.so
7fca411c8000-7fca4126f000 r-xp 0000f000 08:03 50765881                   /usr/lib/x86_64-linux-gnu/libm-2.31.so
7fca4126f000-7fca41306000 r--p 000b6000 08:03 50765881                   /usr/lib/x86_64-linux-gnu/libm-2.31.so
7fca41306000-7fca41307000 r--p 0014c000 08:03 50765881                   /usr/lib/x86_64-linux-gnu/libm-2.31.so
7fca41307000-7fca41308000 rw-p 0014d000 08:03 50765881                   /usr/lib/x86_64-linux-gnu/libm-2.31.so
7fca41308000-7fca4130b000 r--p 00000000 08:03 51481877                   /usr/lib/x86_64-linux-gnu/librt-2.31.so
7fca4130b000-7fca4130f000 r-xp 00003000 08:03 51481877                   /usr/lib/x86_64-linux-gnu/librt-2.31.so
7fca4130f000-7fca41310000 r--p 00007000 08:03 51481877                   /usr/lib/x86_64-linux-gnu/librt-2.31.so
7fca41310000-7fca41311000 ---p 00008000 08:03 51481877                   /usr/lib/x86_64-linux-gnu/librt-2.31.so
7fca41311000-7fca41312000 r--p 00008000 08:03 51481877                   /usr/lib/x86_64-linux-gnu/librt-2.31.so
7fca41312000-7fca41313000 rw-p 00009000 08:03 51481877                   /usr/lib/x86_64-linux-gnu/librt-2.31.so
7fca41313000-7fca4131a000 r--p 00000000 08:03 51481875                   /usr/lib/x86_64-linux-gnu/libpthread-2.31.so
7fca4131a000-7fca4132b000 r-xp 00007000 08:03 51481875                   /usr/lib/x86_64-linux-gnu/libpthread-2.31.so
7fca4132b000-7fca41330000 r--p 00018000 08:03 51481875                   /usr/lib/x86_64-linux-gnu/libpthread-2.31.so
7fca41330000-7fca41331000 r--p 0001c000 08:03 51481875                   /usr/lib/x86_64-linux-gnu/libpthread-2.31.so
7fca41331000-7fca41332000 rw-p 0001d000 08:03 51481875                   /usr/lib/x86_64-linux-gnu/libpthread-2.31.so
7fca41332000-7fca41336000 rw-p 00000000 00:00 0 
7fca41336000-7fca4152b000 r--p 00000000 08:03 34428563                   /usr/lib/jvm/java-8-openjdk-amd64/jre/lib/amd64/server/libjvm.so
7fca4152b000-7fca41e93000 r-xp 001f5000 08:03 34428563                   /usr/lib/jvm/java-8-openjdk-amd64/jre/lib/amd64/server/libjvm.so
7fca41e93000-7fca42044000 r--p 00b5d000 08:03 34428563                   /usr/lib/jvm/java-8-openjdk-amd64/jre/lib/amd64/server/libjvm.so
7fca42044000-7fca42045000 ---p 00d0e000 08:03 34428563                   /usr/lib/jvm/java-8-openjdk-amd64/jre/lib/amd64/server/libjvm.so
7fca42045000-7fca420db000 r--p 00d0e000 08:03 34428563                   /usr/lib/jvm/java-8-openjdk-amd64/jre/lib/amd64/server/libjvm.so
7fca420db000-7fca42104000 rw-p 00da4000 08:03 34428563                   /usr/lib/jvm/java-8-openjdk-amd64/jre/lib/amd64/server/libjvm.so
7fca42104000-7fca42139000 rw-p 00000000 00:00 0 
7fca42139000-7fca4215e000 r--p 00000000 08:03 50765305                   /usr/lib/x86_64-linux-gnu/libc-2.31.so
7fca4215e000-7fca422d6000 r-xp 00025000 08:03 50765305                   /usr/lib/x86_64-linux-gnu/libc-2.31.so
7fca422d6000-7fca42320000 r--p 0019d000 08:03 50765305                   /usr/lib/x86_64-linux-gnu/libc-2.31.so
7fca42320000-7fca42321000 ---p 001e7000 08:03 50765305                   /usr/lib/x86_64-linux-gnu/libc-2.31.so
7fca42321000-7fca42324000 r--p 001e7000 08:03 50765305                   /usr/lib/x86_64-linux-gnu/libc-2.31.so
7fca42324000-7fca42327000 rw-p 001ea000 08:03 50765305                   /usr/lib/x86_64-linux-gnu/libc-2.31.so
7fca42327000-7fca4232b000 rw-p 00000000 00:00 0 
7fca4232b000-7fca4232e000 r--p 00000000 08:03 50765878                   /usr/lib/x86_64-linux-gnu/libgcc_s.so.1
7fca4232e000-7fca42340000 r-xp 00003000 08:03 50765878                   /usr/lib/x86_64-linux-gnu/libgcc_s.so.1
7fca42340000-7fca42344000 r--p 00015000 08:03 50765878                   /usr/lib/x86_64-linux-gnu/libgcc_s.so.1
7fca42344000-7fca42345000 r--p 00018000 08:03 50765878                   /usr/lib/x86_64-linux-gnu/libgcc_s.so.1
7fca42345000-7fca42346000 rw-p 00019000 08:03 50765878                   /usr/lib/x86_64-linux-gnu/libgcc_s.so.1
7fca42346000-7fca423dc000 r--p 00000000 08:03 50764832                   /usr/lib/x86_64-linux-gnu/libstdc++.so.6.0.28
7fca423dc000-7fca424cc000 r-xp 00096000 08:03 50764832                   /usr/lib/x86_64-linux-gnu/libstdc++.so.6.0.28
7fca424cc000-7fca42515000 r--p 00186000 08:03 50764832                   /usr/lib/x86_64-linux-gnu/libstdc++.so.6.0.28
7fca42515000-7fca42516000 ---p 001cf000 08:03 50764832                   /usr/lib/x86_64-linux-gnu/libstdc++.so.6.0.28
7fca42516000-7fca42521000 r--p 001cf000 08:03 50764832                   /usr/lib/x86_64-linux-gnu/libstdc++.so.6.0.28
7fca42521000-7fca42524000 rw-p 001da000 08:03 50764832                   /usr/lib/x86_64-linux-gnu/libstdc++.so.6.0.28
7fca42524000-7fca42527000 rw-p 00000000 00:00 0 
7fca42527000-7fca4252f000 rw-s 00000000 08:03 301992162                  /tmp/hsperfdata_root/16182
7fca4252f000-7fca42530000 rw-p 00000000 00:00 0 
7fca42530000-7fca4256b000 r--p 00000000 08:03 268460931                  /usr/local/mpich/lib/libmpi.so.12.1.1
7fca4256b000-7fca426ef000 r-xp 0003b000 08:03 268460931                  /usr/local/mpich/lib/libmpi.so.12.1.1
7fca426ef000-7fca42774000 r--p 001bf000 08:03 268460931                  /usr/local/mpich/lib/libmpi.so.12.1.1
7fca42774000-7fca42775000 ---p 00244000 08:03 268460931                  /usr/local/mpich/lib/libmpi.so.12.1.1
7fca42775000-7fca42783000 r--p 00244000 08:03 268460931                  /usr/local/mpich/lib/libmpi.so.12.1.1
7fca42783000-7fca42787000 rw-p 00252000 08:03 268460931                  /usr/local/mpich/lib/libmpi.so.12.1.1
7fca42787000-7fca427c1000 rw-p 00000000 00:00 0 
7fca427c1000-7fca427d2000 r-xp 00000000 08:03 100685263                  /usr/local/hadoop/lib/native/libhdfs.so.0.0.0
7fca427d2000-7fca429d1000 ---p 00011000 08:03 100685263                  /usr/local/hadoop/lib/native/libhdfs.so.0.0.0
7fca429d1000-7fca429d2000 r--p 00010000 08:03 100685263                  /usr/local/hadoop/lib/native/libhdfs.so.0.0.0
7fca429d2000-7fca429d3000 rw-p 00011000 08:03 100685263                  /usr/local/hadoop/lib/native/libhdfs.so.0.0.0
7fca429d3000-7fca429d5000 rw-p 00000000 00:00 0 
7fca429d5000-7fca429d6000 r--p 00000000 08:03 50765301                   /usr/lib/x86_64-linux-gnu/ld-2.31.so
7fca429d6000-7fca429f9000 r-xp 00001000 08:03 50765301                   /usr/lib/x86_64-linux-gnu/ld-2.31.so
7fca429f9000-7fca42a01000 r--p 00024000 08:03 50765301                   /usr/lib/x86_64-linux-gnu/ld-2.31.so
7fca42a01000-7fca42a02000 r--p 00000000 00:00 0 
7fca42a02000-7fca42a03000 r--p 0002c000 08:03 50765301                   /usr/lib/x86_64-linux-gnu/ld-2.31.so
7fca42a03000-7fca42a04000 rw-p 0002d000 08:03 50765301                   /usr/lib/x86_64-linux-gnu/ld-2.31.so
7fca42a04000-7fca42a05000 rw-p 00000000 00:00 0 
7ffd50a39000-7ffd50a3c000 ---p 00000000 00:00 0 
7ffd50a3c000-7ffd50b39000 rw-p 00000000 00:00 0                          [stack]
7ffd50b87000-7ffd50b8a000 r--p 00000000 00:00 0                          [vvar]
7ffd50b8a000-7ffd50b8b000 r-xp 00000000 00:00 0                          [vdso]
ffffffffff600000-ffffffffff601000 --xp 00000000 00:00 0                  [vsyscall]

VM Arguments:
java_command: <unknown>
java_class_path (initial): /usr/local/hadoop/etc/hadoop:/usr/local/hadoop/share/hadoop/common/lib/activation-1.1.jar:/usr/local/hadoop/share/hadoop/common/lib/apacheds-i18n-2.0.0-M15.jar:/usr/local/hadoop/share/hadoop/common/lib/apacheds-kerberos-codec-2.0.0-M15.jar:/usr/local/hadoop/share/hadoop/common/lib/api-asn1-api-1.0.0-M20.jar:/usr/local/hadoop/share/hadoop/common/lib/api-util-1.0.0-M20.jar:/usr/local/hadoop/share/hadoop/common/lib/asm-3.2.jar:/usr/local/hadoop/share/hadoop/common/lib/audience-annotations-0.5.0.jar:/usr/local/hadoop/share/hadoop/common/lib/avro-1.7.7.jar:/usr/local/hadoop/share/hadoop/common/lib/commons-beanutils-1.9.4.jar:/usr/local/hadoop/share/hadoop/common/lib/commons-cli-1.2.jar:/usr/local/hadoop/share/hadoop/common/lib/commons-codec-1.4.jar:/usr/local/hadoop/share/hadoop/common/lib/commons-collections-3.2.2.jar:/usr/local/hadoop/share/hadoop/common/lib/commons-compress-1.19.jar:/usr/local/hadoop/share/hadoop/common/lib/commons-configuration-1.6.jar:/usr/local/hadoop/share/hadoop/common/lib/commons-digester-1.8.jar:/usr/local/hadoop/share/hadoop/common/lib/commons-io-2.4.jar:/usr/local/hadoop/share/hadoop/common/lib/commons-lang-2.6.jar:/usr/local/hadoop/share/hadoop/common/lib/commons-lang3-3.4.jar:/usr/local/hadoop/share/hadoop/common/lib/commons-logging-1.1.3.jar:/usr/local/hadoop/share/hadoop/common/lib/commons-math3-3.1.1.jar:/usr/local/hadoop/share/hadoop/common/lib/commons-net-3.1.jar:/usr/local/hadoop/share/hadoop/common/lib/curator-client-2.13.0.jar:/usr/local/hadoop/share/hadoop/common/lib/curator-framework-2.13.0.jar:/usr/local/hadoop/share/hadoop/common/lib/curator-recipes-2.13.0.jar:/usr/local/hadoop/share/hadoop/common/lib/gson-2.2.4.jar:/usr/local/hadoop/share/hadoop/common/lib/guava-11.0.2.jar:/usr/local/hadoop/share/hadoop/common/lib/hadoop-annotations-2.10.1.jar:/usr/local/hadoop/share/hadoop/common/lib/hadoop-auth-2.10.1.jar:/usr/local/hadoop/share/hadoop/common/lib/hamcrest-core-1.3.jar:/usr/local/hadoop/share/hadoo
Launcher Type: generic

Environment Variables:
JAVA_HOME=/usr/lib/jvm/java-8-openjdk-amd64
PATH=/root/.vscode-server/bin/054a9295330880ed74ceaedda236253b4f39a335/bin:/root/.vscode-server/bin/054a9295330880ed74ceaedda236253b4f39a335/bin:/usr/local/sbin:/usr/local/bin:/usr/sbin:/usr/bin:/sbin:/bin:/usr/games:/usr/local/games:/snap/bin:/usr/local/mpich/bin:/usr/local/hadoop/bin:/usr/local/hadoop/sbin:/usr/local/mpich/bin:/usr/local/hadoop/bin:/usr/local/hadoop/sbin
LD_LIBRARY_PATH=:/usr/lib/jvm/java-8-openjdk-amd64/jre/lib/amd64/server:/usr/local/hadoop/lib/native:/usr/lib/jvm/java-8-openjdk-amd64/jre/lib/amd64/server:/usr/local/hadoop/lib/native
SHELL=/bin/bash

Signal Handlers:
SIGSEGV: [libjvm.so+0xb365d0], sa_mask[0]=11111111011111111101111111111110, sa_flags=SA_RESTART|SA_SIGINFO
SIGBUS: [libjvm.so+0xb365d0], sa_mask[0]=11111111011111111101111111111110, sa_flags=SA_RESTART|SA_SIGINFO
SIGFPE: [libjvm.so+0x97b8c0], sa_mask[0]=11111111011111111101111111111110, sa_flags=SA_RESTART|SA_SIGINFO
SIGPIPE: [libjvm.so+0x97b8c0], sa_mask[0]=11111111011111111101111111111110, sa_flags=SA_RESTART|SA_SIGINFO
SIGXFSZ: [libjvm.so+0x97b8c0], sa_mask[0]=11111111011111111101111111111110, sa_flags=SA_RESTART|SA_SIGINFO
SIGILL: [libjvm.so+0x97b8c0], sa_mask[0]=11111111011111111101111111111110, sa_flags=SA_RESTART|SA_SIGINFO
SIGUSR1: [libmpi.so.12+0x150930], sa_mask[0]=00000000010000000000000000000000, sa_flags=SA_RESTART
SIGUSR2: [libjvm.so+0x97b770], sa_mask[0]=00000000000000000000000000000000, sa_flags=SA_RESTART|SA_SIGINFO
SIGHUP: [libjvm.so+0x97bb40], sa_mask[0]=11111111011111111101111111111110, sa_flags=SA_RESTART|SA_SIGINFO
SIGINT: [libjvm.so+0x97bb40], sa_mask[0]=11111111011111111101111111111110, sa_flags=SA_RESTART|SA_SIGINFO
SIGTERM: [libjvm.so+0x97bb40], sa_mask[0]=11111111011111111101111111111110, sa_flags=SA_RESTART|SA_SIGINFO
SIGQUIT: [libjvm.so+0x97bb40], sa_mask[0]=11111111011111111101111111111110, sa_flags=SA_RESTART|SA_SIGINFO


---------------  S Y S T E M  ---------------

OS:DISTRIB_ID=Ubuntu
DISTRIB_RELEASE=20.04
DISTRIB_CODENAME=focal
DISTRIB_DESCRIPTION="Ubuntu 20.04.1 LTS"

uname:Linux 5.4.0-74-generic #83-Ubuntu SMP Sat May 8 02:35:39 UTC 2021 x86_64
libc:glibc 2.31 NPTL 2.31 
rlimit: STACK 8192k, CORE 0k, NPROC 63705, NOFILE 1048576, AS infinity
load average:0.08 0.02 0.01

/proc/meminfo:
MemTotal:       16397984 kB
MemFree:        14205748 kB
MemAvailable:   14810656 kB
Buffers:           20092 kB
Cached:           809508 kB
SwapCached:            0 kB
Active:          1628016 kB
Inactive:         305344 kB
Active(anon):    1112804 kB
Inactive(anon):      160 kB
Active(file):     515212 kB
Inactive(file):   305184 kB
Unevictable:       18512 kB
Mlocked:           18512 kB
SwapTotal:       5242872 kB
SwapFree:        5242872 kB
Dirty:                60 kB
Writeback:             0 kB
AnonPages:       1122208 kB
Mapped:           154400 kB
Shmem:              1024 kB
KReclaimable:      76288 kB
Slab:             157264 kB
SReclaimable:      76288 kB
SUnreclaim:        80976 kB
KernelStack:        4992 kB
PageTables:         8976 kB
NFS_Unstable:          0 kB
Bounce:                0 kB
WritebackTmp:          0 kB
CommitLimit:    13441864 kB
Committed_AS:    2678092 kB
VmallocTotal:   34359738367 kB
VmallocUsed:       17016 kB
VmallocChunk:          0 kB
Percpu:             3552 kB
HardwareCorrupted:     0 kB
AnonHugePages:         0 kB
ShmemHugePages:        0 kB
ShmemPmdMapped:        0 kB
FileHugePages:         0 kB
FilePmdMapped:         0 kB
CmaTotal:              0 kB
CmaFree:               0 kB
HugePages_Total:       0
HugePages_Free:        0
HugePages_Rsvd:        0
HugePages_Surp:        0
Hugepagesize:       2048 kB
Hugetlb:               0 kB
DirectMap4k:      196464 kB
DirectMap2M:     3997696 kB
DirectMap1G:    14680064 kB

container (cgroup) information:
container_type: cgroupv1
cpu_cpuset_cpus: 0-3
cpu_memory_nodes: 0
active_processor_count: 4
cpu_quota: -1
cpu_period: 100000
cpu_shares: -1
memory_limit_in_bytes: -1
memory_and_swap_limit_in_bytes: -2
memory_soft_limit_in_bytes: -1
memory_usage_in_bytes: 915197952
memory_max_usage_in_bytes: 12789661696


CPU:total 4 (initial active 4) (1 cores per cpu, 1 threads per core) family 6 model 85 stepping 4, cmov, cx8, fxsr, mmx, sse, sse2, sse3, ssse3, sse4.1, sse4.2, popcnt, avx, avx2, aes, clmul, erms, rtm, 3dnowpref, lzcnt, tsc, bmi1, bmi2, adx

/proc/cpuinfo:
processor	: 0
vendor_id	: GenuineIntel
cpu family	: 6
model		: 85
model name	: Intel Xeon Processor (Skylake, IBRS)
stepping	: 4
microcode	: 0x1
cpu MHz		: 2893.202
cache size	: 16384 KB
physical id	: 0
siblings	: 1
core id		: 0
cpu cores	: 1
apicid		: 0
initial apicid	: 0
fpu		: yes
fpu_exception	: yes
cpuid level	: 13
wp		: yes
flags		: fpu vme de pse tsc msr pae mce cx8 apic sep mtrr pge mca cmov pat pse36 clflush mmx fxsr sse sse2 syscall nx pdpe1gb rdtscp lm constant_tsc rep_good nopl xtopology cpuid tsc_known_freq pni pclmulqdq ssse3 fma cx16 pcid sse4_1 sse4_2 x2apic movbe popcnt tsc_deadline_timer aes xsave avx f16c rdrand hypervisor lahf_lm abm 3dnowprefetch invpcid_single pti ibrs ibpb fsgsbase bmi1 hle avx2 smep bmi2 erms invpcid rtm mpx avx512f avx512dq rdseed adx smap clwb avx512cd avx512bw avx512vl xsaveopt xsavec xgetbv1 arat
bugs		: cpu_meltdown spectre_v1 spectre_v2 spec_store_bypass l1tf mds swapgs taa itlb_multihit
bogomips	: 5786.40
clflush size	: 64
cache_alignment	: 64
address sizes	: 46 bits physical, 48 bits virtual
power management:

processor	: 1
vendor_id	: GenuineIntel
cpu family	: 6
model		: 85
model name	: Intel Xeon Processor (Skylake, IBRS)
stepping	: 4
microcode	: 0x1
cpu MHz		: 2893.202
cache size	: 16384 KB
physical id	: 1
siblings	: 1
core id		: 0
cpu cores	: 1
apicid		: 1
initial apicid	: 1
fpu		: yes
fpu_exception	: yes
cpuid level	: 13
wp		: yes
flags		: fpu vme de pse tsc msr pae mce cx8 apic sep mtrr pge mca cmov pat pse36 clflush mmx fxsr sse sse2 syscall nx pdpe1gb rdtscp lm constant_tsc rep_good nopl xtopology cpuid tsc_known_freq pni pclmulqdq ssse3 fma cx16 pcid sse4_1 sse4_2 x2apic movbe popcnt tsc_deadline_timer aes xsave avx f16c rdrand hypervisor lahf_lm abm 3dnowprefetch invpcid_single pti ibrs ibpb fsgsbase bmi1 hle avx2 smep bmi2 erms invpcid rtm mpx avx512f avx512dq rdseed adx smap clwb avx512cd avx512bw avx512vl xsaveopt xsavec xgetbv1 arat
bugs		: cpu_meltdown spectre_v1 spectre_v2 spec_store_bypass l1tf mds swapgs taa itlb_multihit
bogomips	: 5786.40
clflush size	: 64
cache_alignment	: 64
address sizes	: 46 bits physical, 48 bits virtual
power management:

processor	: 2
vendor_id	: GenuineIntel
cpu family	: 6
model		: 85
model name	: Intel Xeon Processor (Skylake, IBRS)
stepping	: 4
microcode	: 0x1
cpu MHz		: 2893.202
cache size	: 16384 KB
physical id	: 2
siblings	: 1
core id		: 0
cpu cores	: 1
apicid		: 2
initial apicid	: 2
fpu		: yes
fpu_exception	: yes
cpuid level	: 13
wp		: yes
flags		: fpu vme de pse tsc msr pae mce cx8 apic sep mtrr pge mca cmov pat pse36 clflush mmx fxsr sse sse2 syscall nx pdpe1gb rdtscp lm constant_tsc rep_good nopl xtopology cpuid tsc_known_freq pni pclmulqdq ssse3 fma cx16 pcid sse4_1 sse4_2 x2apic movbe popcnt tsc_deadline_timer aes xsave avx f16c rdrand hypervisor lahf_lm abm 3dnowprefetch invpcid_single pti ibrs ibpb fsgsbase bmi1 hle avx2 smep bmi2 erms invpcid rtm mpx avx512f avx512dq rdseed adx smap clwb avx512cd avx512bw avx512vl xsaveopt xsavec xgetbv1 arat
bugs		: cpu_meltdown spectre_v1 spectre_v2 spec_store_bypass l1tf mds swapgs taa itlb_multihit
bogomips	: 5786.40
clflush size	: 64
cache_alignment	: 64
address sizes	: 46 bits physical, 48 bits virtual
power management:

processor	: 3
vendor_id	: GenuineIntel
cpu family	: 6
model		: 85
model name	: Intel Xeon Processor (Skylake, IBRS)
stepping	: 4
microcode	: 0x1
cpu MHz		: 2893.202
cache size	: 16384 KB
physical id	: 3
siblings	: 1
core id		: 0
cpu cores	: 1
apicid		: 3
initial apicid	: 3
fpu		: yes
fpu_exception	: yes
cpuid level	: 13
wp		: yes
flags		: fpu vme de pse tsc msr pae mce cx8 apic sep mtrr pge mca cmov pat pse36 clflush mmx fxsr sse sse2 syscall nx pdpe1gb rdtscp lm constant_tsc rep_good nopl xtopology cpuid tsc_known_freq pni pclmulqdq ssse3 fma cx16 pcid sse4_1 sse4_2 x2apic movbe popcnt tsc_deadline_timer aes xsave avx f16c rdrand hypervisor lahf_lm abm 3dnowprefetch invpcid_single pti ibrs ibpb fsgsbase bmi1 hle avx2 smep bmi2 erms invpcid rtm mpx avx512f avx512dq rdseed adx smap clwb avx512cd avx512bw avx512vl xsaveopt xsavec xgetbv1 arat
bugs		: cpu_meltdown spectre_v1 spectre_v2 spec_store_bypass l1tf mds swapgs taa itlb_multihit
bogomips	: 5786.40
clflush size	: 64
cache_alignment	: 64
address sizes	: 46 bits physical, 48 bits virtual
power management:



Memory: 4k page, physical 16397984k(14205748k free), swap 5242872k(5242872k free)

vm_info: OpenJDK 64-Bit Server VM (25.292-b10) for linux-amd64 JRE (1.8.0_292-8u292-b10-0ubuntu1~20.04-b10), built on Apr 21 2021 11:46:09 by "buildd" with gcc 9.3.0

time: Wed Jun  9 18:08:52 2021
timezone: CST
elapsed time: 1.119141 seconds (0d 0h 0m 1s)

