#
# A fatal error has been detected by the Java Runtime Environment:
#
#  SIGSEGV (0xb) at pc=0x00000000004268cf, pid=16552, tid=0x00007f9342490740
#
# JRE version: OpenJDK Runtime Environment (8.0_265-b01) (build 1.8.0_265-8u265-b01-0ubuntu2~16.04-b01)
# Java VM: OpenJDK 64-Bit Server VM (25.265-b01 mixed mode linux-amd64 compressed oops)
# Problematic frame:
# C  [run+0x268cf]
#
# Core dump written. Default location: /root/subgraph-isomorphism-pregel/src/core or core.16552
#
# If you would like to submit a bug report, please visit:
#   http://bugreport.java.com/bugreport/crash.jsp
# The crash happened outside the Java Virtual Machine in native code.
# See problematic frame for where to report the bug.
#

---------------  T H R E A D  ---------------

Current thread (0x0000000001906800):  JavaThread "main" [_thread_in_native, id=16552, stack(0x00007fff8606b000,0x00007fff8616b000)]

siginfo: si_signo: 11 (SIGSEGV), si_code: 1 (SEGV_MAPERR), si_addr: 0x0000000000000a19

Registers:
RAX=0x0000000005ec62e0, RBX=0x0000000000000001, RCX=0x0000000000000018, RDX=0x00007fff86164870
RSP=0x00007fff861640f0, RBP=0x000000000569ad40, RSI=0x0000000005050670, RDI=0x0000000000000a11
R8 =0x000000009d3fedb0, R9 =0x00007fff86164500, R10=0x00007fff86164490, R11=0x001cee16ba795829
R12=0x0000000000000000, R13=0x00000000a512cc60, R14=0x000000000569acc0, R15=0x000000000569ad40
RIP=0x00000000004268cf, EFLAGS=0x0000000000010206, CSGSFS=0x002b000000000033, ERR=0x0000000000000004
  TRAPNO=0x000000000000000e

Top of Stack: (sp=0x00007fff861640f0)
0x00007fff861640f0:   00007fff86164208 00007fff86164870
0x00007fff86164100:   00007fff861643b0 00000000a4e77334
0x00007fff86164110:   00000000a4e77330 0000000000000018
0x00007fff86164120:   00007fff86163fa0 000000000569acc0
0x00007fff86164130:   00007fff86164370 0000000000000020
0x00007fff86164140:   00000000a4e77330 00000000a4e77334
0x00007fff86164150:   00000000a4e77334 0000000000000018
0x00007fff86164160:   00000000a50101d0 00000000a50101e8
0x00007fff86164170:   00000000a50101e8 0000000000000004
0x00007fff86164180:   0000000000000000 000000009d3cdae0
0x00007fff86164190:   00007fff86164248 0000000000000020
0x00007fff861641a0:   0000000000000001 00007fff86164260
0x00007fff861641b0:   0000000000000000 0000000000000000
0x00007fff861641c0:   0000000000000000 00000000a20a48d8
0x00007fff861641d0:   0000000000000000 00000000a28ea4b8
0x00007fff861641e0:   00000000a20a48d0 000000000041a9ac
0x00007fff861641f0:   00000000a28ea4b0 00000000a20a48d0
0x00007fff86164200:   00000000a28ea4d0 000000000041a8dd
0x00007fff86164210:   0000000000000001 0000000000000001
0x00007fff86164220:   000000000569ad40 0000000000000000
0x00007fff86164230:   00000000a512cc60 00007fff86164aa0
0x00007fff86164240:   000000000569acc0 00007f93412af53c
0x00007fff86164250:   00000000a52188d0 6024f2ffdf66df00
0x00007fff86164260:   0000000000000004 0000000000000001
0x00007fff86164270:   000000000569ad40 0000000000000000
0x00007fff86164280:   00000000a512cc60 00007fff86164aa0
0x00007fff86164290:   000000000569acc0 00000000004273a3
0x00007fff861642a0:   00007f9341296480 00007f93415f0620
0x00007fff861642b0:   0000000000000000 0000000000000000
0x00007fff861642c0:   3f9a4c2000000000 00000000a521f840
0x00007fff861642d0:   00007fff86164430 00007fff861646e0
0x00007fff861642e0:   00007fff86164870 00007fff861643f0 

Instructions: (pc=0x00000000004268cf)
0x00000000004268af:   c2 48 8d 42 01 3b 4c 86 fc 75 f3 48 8d 3c 92 48
0x00000000004268bf:   c1 e7 03 48 8b 4c 24 28 49 8b 40 18 48 03 3c 08
0x00000000004268cf:   48 8b 77 08 48 8b 4f 10 48 29 f1 48 c1 f9 03 48
0x00000000004268df:   85 c9 74 1e 48 8b 06 48 85 c0 75 18 31 d2 eb 09 

Register to memory mapping:

RAX=0x0000000005ec62e0 is an unknown value
RBX=0x0000000000000001 is an unknown value
RCX=0x0000000000000018 is an unknown value
RDX=0x00007fff86164870 is pointing into the stack for thread: 0x0000000001906800
RSP=0x00007fff861640f0 is pointing into the stack for thread: 0x0000000001906800
RBP=0x000000000569ad40 is an unknown value
RSI=0x0000000005050670 is an unknown value
RDI=0x0000000000000a11 is an unknown value
R8 =0x000000009d3fedb0 is an unknown value
R9 =0x00007fff86164500 is pointing into the stack for thread: 0x0000000001906800
R10=0x00007fff86164490 is pointing into the stack for thread: 0x0000000001906800
R11=0x001cee16ba795829 is an unknown value
R12=0x0000000000000000 is an unknown value
R13=0x00000000a512cc60 is an unknown value
R14=0x000000000569acc0 is an unknown value
R15=0x000000000569ad40 is an unknown value


Stack: [0x00007fff8606b000,0x00007fff8616b000],  sp=0x00007fff861640f0,  free space=996k
Native frames: (J=compiled Java code, j=interpreted, Vv=VM code, C=native code)
C  [run+0x268cf]


---------------  P R O C E S S  ---------------

Java Threads: ( => current thread )
  0x00000000982ae000 JavaThread "org.apache.hadoop.hdfs.PeerCache@5c2375a9" daemon [_thread_blocked, id=16595, stack(0x00007f931867f000,0x00007f9318780000)]
  0x00000000049e3000 JavaThread "client DomainSocketWatcher" daemon [_thread_in_native, id=16578, stack(0x00007f9318b82000,0x00007f9318c83000)]
  0x0000000004822000 JavaThread "org.apache.hadoop.fs.FileSystem$Statistics$StatisticsDataReferenceCleaner" daemon [_thread_blocked, id=16577, stack(0x00007f93196d8000,0x00007f93197d9000)]
  0x00000000047c9800 JavaThread "process reaper" daemon [_thread_blocked, id=16575, stack(0x00007f93197d9000,0x00007f9319812000)]
  0x0000000003d88800 JavaThread "Service Thread" daemon [_thread_blocked, id=16572, stack(0x00007f931a362000,0x00007f931a463000)]
  0x0000000003d6b800 JavaThread "C1 CompilerThread3" daemon [_thread_blocked, id=16571, stack(0x00007f931a463000,0x00007f931a564000)]
  0x0000000003d69000 JavaThread "C2 CompilerThread2" daemon [_thread_blocked, id=16570, stack(0x00007f931a564000,0x00007f931a665000)]
  0x0000000003d67800 JavaThread "C2 CompilerThread1" daemon [_thread_blocked, id=16569, stack(0x00007f931a665000,0x00007f931a766000)]
  0x0000000003d64800 JavaThread "C2 CompilerThread0" daemon [_thread_blocked, id=16568, stack(0x00007f931a766000,0x00007f931a867000)]
  0x0000000003d63000 JavaThread "Signal Dispatcher" daemon [_thread_blocked, id=16567, stack(0x00007f931a867000,0x00007f931a968000)]
  0x0000000003d33000 JavaThread "Finalizer" daemon [_thread_blocked, id=16566, stack(0x00007f931ae71000,0x00007f931af72000)]
  0x0000000003d2e800 JavaThread "Reference Handler" daemon [_thread_blocked, id=16565, stack(0x00007f931af72000,0x00007f931b073000)]
=>0x0000000001906800 JavaThread "main" [_thread_in_native, id=16552, stack(0x00007fff8606b000,0x00007fff8616b000)]

Other Threads:
  0x0000000003d24800 VMThread [stack: 0x00007f9320049000,0x00007f932014a000] [id=16564]
  0x0000000003d8b000 WatcherThread [stack: 0x00007f931a261000,0x00007f931a362000] [id=16573]

VM state:not at safepoint (normal execution)

VM Mutex/Monitor currently owned by a thread: None

heap address: 0x00000005ce600000, size: 7962 MB, Compressed Oops mode: Zero based, Oop shift amount: 3
Narrow klass base: 0x0000000000000000, Narrow klass shift: 3
Compressed class space size: 1073741824 Address: 0x00000007c0000000

Heap:
 PSYoungGen      total 148992K, used 50170K [0x000000071a200000, 0x000000072c500000, 0x00000007c0000000)
  eden space 128000K, 28% used [0x000000071a200000,0x000000071c582b68,0x0000000721f00000)
  from space 20992K, 65% used [0x0000000721f00000,0x0000000722c7be88,0x0000000723380000)
  to   space 20992K, 0% used [0x000000072b080000,0x000000072b080000,0x000000072c500000)
 ParOldGen       total 339968K, used 16K [0x00000005ce600000, 0x00000005e3200000, 0x000000071a200000)
  object space 339968K, 0% used [0x00000005ce600000,0x00000005ce604000,0x00000005e3200000)
 Metaspace       used 20529K, capacity 20764K, committed 21120K, reserved 1069056K
  class space    used 2288K, capacity 2344K, committed 2432K, reserved 1048576K

Card table byte_map: [0x00007f932187d000,0x00007f932280b000] byte_map_base: 0x00007f931ea0a000

Marking Bits: (ParMarkBitMap*) 0x00007f934120e700
 Begin Bits: [0x00007f92c4730000, 0x00007f92cc398000)
 End Bits:   [0x00007f92cc398000, 0x00007f92d4000000)

Polling page: 0x00007f93424be000

CodeCache: size=245760Kb used=4723Kb max_used=4763Kb free=241036Kb
 bounds [0x00007f9322bcb000, 0x00007f932307b000, 0x00007f9331bcb000]
 total_blobs=1601 nmethods=1180 adapters=336
 compilation: enabled

Compilation events (10 events):
Event: 3.374 Thread 0x0000000003d6b800 nmethod 1177 0x00007f9323056250 code [0x00007f93230563e0, 0x00007f93230566f0]
Event: 3.374 Thread 0x0000000003d6b800 1178       3       com.google.protobuf.UnknownFieldSet$Builder::<init> (5 bytes)
Event: 3.374 Thread 0x0000000003d6b800 nmethod 1178 0x00007f9323055e90 code [0x00007f9323056000, 0x00007f93230561b0]
Event: 3.374 Thread 0x0000000003d6b800 1179       3       com.google.protobuf.UnknownFieldSet$Builder::reinitialize (18 bytes)
Event: 3.374 Thread 0x0000000003d6b800 nmethod 1179 0x00007f9323055a90 code [0x00007f9323055c00, 0x00007f9323055df0]
Event: 3.374 Thread 0x0000000003d6b800 1180       3       com.google.protobuf.GeneratedMessage::makeExtensionsImmutable (1 bytes)
Event: 3.374 Thread 0x0000000003d6b800 nmethod 1180 0x00007f9323055750 code [0x00007f93230558a0, 0x00007f93230559f0]
Event: 3.374 Thread 0x0000000003d6b800 1173       3       com.google.protobuf.CodedOutputStream::computeRawVarint32Size (39 bytes)
Event: 3.374 Thread 0x0000000003d6b800 nmethod 1173 0x00007f93230552d0 code [0x00007f9323055440, 0x00007f93230556d0]
Event: 3.540 Thread 0x0000000003d67800 nmethod 1135% 0x00007f9323065610 code [0x00007f93230660a0, 0x00007f932306f3a8]

GC Heap History (2 events):
Event: 0.738 GC heap before
{Heap before GC invocations=1 (full 0):
 PSYoungGen      total 148992K, used 128000K [0x000000071a200000, 0x0000000724800000, 0x00000007c0000000)
  eden space 128000K, 100% used [0x000000071a200000,0x0000000721f00000,0x0000000721f00000)
  from space 20992K, 0% used [0x0000000723380000,0x0000000723380000,0x0000000724800000)
  to   space 20992K, 0% used [0x0000000721f00000,0x0000000721f00000,0x0000000723380000)
 ParOldGen       total 339968K, used 0K [0x00000005ce600000, 0x00000005e3200000, 0x000000071a200000)
  object space 339968K, 0% used [0x00000005ce600000,0x00000005ce600000,0x00000005e3200000)
 Metaspace       used 17873K, capacity 18170K, committed 18304K, reserved 1064960K
  class space    used 2031K, capacity 2119K, committed 2176K, reserved 1048576K
Event: 0.751 GC heap after
Heap after GC invocations=1 (full 0):
 PSYoungGen      total 148992K, used 13807K [0x000000071a200000, 0x000000072c500000, 0x00000007c0000000)
  eden space 128000K, 0% used [0x000000071a200000,0x000000071a200000,0x0000000721f00000)
  from space 20992K, 65% used [0x0000000721f00000,0x0000000722c7be88,0x0000000723380000)
  to   space 20992K, 0% used [0x000000072b080000,0x000000072b080000,0x000000072c500000)
 ParOldGen       total 339968K, used 16K [0x00000005ce600000, 0x00000005e3200000, 0x000000071a200000)
  object space 339968K, 0% used [0x00000005ce600000,0x00000005ce604000,0x00000005e3200000)
 Metaspace       used 17873K, capacity 18170K, committed 18304K, reserved 1064960K
  class space    used 2031K, capacity 2119K, committed 2176K, reserved 1048576K
}

Deoptimization events (10 events):
Event: 0.766 Thread 0x0000000001906800 Uncommon trap: reason=class_check action=maybe_recompile pc=0x00007f9322f49604 method=java.io.DataOutputStream.write(I)V @ 5
Event: 0.766 Thread 0x0000000001906800 Uncommon trap: reason=class_check action=maybe_recompile pc=0x00007f9322f49604 method=java.io.DataOutputStream.write(I)V @ 5
Event: 0.835 Thread 0x0000000001906800 Uncommon trap: reason=class_check action=maybe_recompile pc=0x00007f9322f49604 method=java.io.DataOutputStream.write(I)V @ 5
Event: 0.858 Thread 0x0000000001906800 Uncommon trap: reason=predicate action=maybe_recompile pc=0x00007f9322f6038c method=java.util.LinkedList.toArray([Ljava/lang/Object;)[Ljava/lang/Object; @ 45
Event: 0.910 Thread 0x0000000001906800 Uncommon trap: reason=bimorphic action=maybe_recompile pc=0x00007f9322f358a0 method=java.io.DataOutputStream.writeShort(I)V @ 12
Event: 3.303 Thread 0x0000000001906800 Uncommon trap: reason=array_check action=maybe_recompile pc=0x00007f9322f71598 method=java.util.LinkedList.toArray([Ljava/lang/Object;)[Ljava/lang/Object; @ 55
Event: 3.303 Thread 0x0000000001906800 Uncommon trap: reason=array_check action=maybe_recompile pc=0x00007f9322f71598 method=java.util.LinkedList.toArray([Ljava/lang/Object;)[Ljava/lang/Object; @ 55
Event: 3.303 Thread 0x0000000001906800 Uncommon trap: reason=array_check action=maybe_recompile pc=0x00007f9322f71598 method=java.util.LinkedList.toArray([Ljava/lang/Object;)[Ljava/lang/Object; @ 55
Event: 3.303 Thread 0x0000000001906800 Uncommon trap: reason=array_check action=maybe_recompile pc=0x00007f9322f71598 method=java.util.LinkedList.toArray([Ljava/lang/Object;)[Ljava/lang/Object; @ 55
Event: 3.369 Thread 0x0000000001906800 Uncommon trap: reason=bimorphic action=maybe_recompile pc=0x00007f9322f358a0 method=java.io.DataOutputStream.writeShort(I)V @ 12

Classes redefined (0 events):
No events

Internal exceptions (10 events):
Event: 0.414 Thread 0x0000000001906800 Exception <a 'java/lang/NoSuchFieldError': method resolution failed> (0x000000071ceef9c8) thrown at [/build/openjdk-8-jsjOeo/openjdk-8-8u265-b01/src/hotspot/src/share/vm/prims/methodHandles.cpp, line 1169]
Event: 0.449 Thread 0x0000000001906800 Exception <a 'java/io/FileNotFoundException'> (0x000000071d05a958) thrown at [/build/openjdk-8-jsjOeo/openjdk-8-8u265-b01/src/hotspot/src/share/vm/prims/jni.cpp, line 711]
Event: 0.449 Thread 0x0000000001906800 Exception <a 'java/security/PrivilegedActionException'> (0x000000071d05ad18) thrown at [/build/openjdk-8-jsjOeo/openjdk-8-8u265-b01/src/hotspot/src/share/vm/prims/jvm.cpp, line 1512]
Event: 0.449 Thread 0x0000000001906800 Exception <a 'java/lang/reflect/InvocationTargetException'> (0x000000071d05ce60) thrown at [/build/openjdk-8-jsjOeo/openjdk-8-8u265-b01/src/hotspot/src/share/vm/runtime/reflection.cpp, line 1092]
Event: 0.804 Thread 0x0000000004a20800 Exception <a 'java/lang/InterruptedException'> (0x000000071a674680) thrown at [/build/openjdk-8-jsjOeo/openjdk-8-8u265-b01/src/hotspot/src/share/vm/runtime/objectMonitor.cpp, line 1692]
Event: 0.839 Thread 0x0000000004a85000 Exception <a 'java/lang/InterruptedException'> (0x000000071ac31b68) thrown at [/build/openjdk-8-jsjOeo/openjdk-8-8u265-b01/src/hotspot/src/share/vm/runtime/objectMonitor.cpp, line 1692]
Event: 2.908 Thread 0x0000000004a87000 Exception <a 'java/lang/InterruptedException'> (0x000000071b04a440) thrown at [/build/openjdk-8-jsjOeo/openjdk-8-8u265-b01/src/hotspot/src/share/vm/runtime/objectMonitor.cpp, line 1692]
Event: 3.318 Thread 0x000000009d3b2000 Exception <a 'java/lang/InterruptedException'> (0x000000071be14520) thrown at [/build/openjdk-8-jsjOeo/openjdk-8-8u265-b01/src/hotspot/src/share/vm/runtime/objectMonitor.cpp, line 1692]
Event: 3.341 Thread 0x000000009d3b2000 Exception <a 'java/lang/InterruptedException'> (0x000000071bfc00a0) thrown at [/build/openjdk-8-jsjOeo/openjdk-8-8u265-b01/src/hotspot/src/share/vm/runtime/objectMonitor.cpp, line 1692]
Event: 3.370 Thread 0x000000009d3b2000 Exception <a 'java/lang/InterruptedException'> (0x000000071c3d8668) thrown at [/build/openjdk-8-jsjOeo/openjdk-8-8u265-b01/src/hotspot/src/share/vm/runtime/objectMonitor.cpp, line 1692]

Events (10 events):
Event: 3.340 Thread 0x000000009d3b3000 Thread added: 0x000000009d3b3000
Event: 3.341 Thread 0x000000009d3b2000 Thread exited: 0x000000009d3b2000
Event: 3.351 Thread 0x000000009d3b3000 Thread exited: 0x000000009d3b3000
Event: 3.367 Thread 0x000000009d3b2000 Thread added: 0x000000009d3b2000
Event: 3.367 Thread 0x000000009d3b2800 Thread added: 0x000000009d3b2800
Event: 3.369 Thread 0x0000000001906800 Uncommon trap: trap_request=0xffffffc6 fr.pc=0x00007f9322f358a0
Event: 3.369 Thread 0x0000000001906800 DEOPT PACKING pc=0x00007f9322f358a0 sp=0x00007fff861538e0
Event: 3.369 Thread 0x0000000001906800 DEOPT UNPACKING pc=0x00007f9322c1047a sp=0x00007fff861538f0 mode 2
Event: 3.371 Thread 0x000000009d3b2000 Thread exited: 0x000000009d3b2000
Event: 3.381 Thread 0x000000009d3b2800 Thread exited: 0x000000009d3b2800


Dynamic libraries:
00400000-00439000 r-xp 00000000 103:02 1714826                           /root/subgraph-isomorphism-pregel/src/run
00639000-0063a000 r--p 00039000 103:02 1714826                           /root/subgraph-isomorphism-pregel/src/run
0063a000-0063b000 rw-p 0003a000 103:02 1714826                           /root/subgraph-isomorphism-pregel/src/run
0063b000-0063d000 rw-p 00000000 00:00 0 
015ac000-a52b1000 rw-p 00000000 00:00 0                                  [heap]
5ce600000-5e3200000 rw-p 00000000 00:00 0 
5e3200000-71a200000 ---p 00000000 00:00 0 
71a200000-72c500000 rw-p 00000000 00:00 0 
72c500000-7c0000000 ---p 00000000 00:00 0 
7c0000000-7c0260000 rw-p 00000000 00:00 0 
7c0260000-800000000 ---p 00000000 00:00 0 
7f9288000000-7f9288021000 rw-p 00000000 00:00 0 
7f9288021000-7f928c000000 ---p 00000000 00:00 0 
7f928c000000-7f928c021000 rw-p 00000000 00:00 0 
7f928c021000-7f9290000000 ---p 00000000 00:00 0 
7f9290000000-7f9290021000 rw-p 00000000 00:00 0 
7f9290021000-7f9294000000 ---p 00000000 00:00 0 
7f9294000000-7f9294026000 rw-p 00000000 00:00 0 
7f9294026000-7f9298000000 ---p 00000000 00:00 0 
7f9298000000-7f9298021000 rw-p 00000000 00:00 0 
7f9298021000-7f929c000000 ---p 00000000 00:00 0 
7f929c000000-7f929c021000 rw-p 00000000 00:00 0 
7f929c021000-7f92a0000000 ---p 00000000 00:00 0 
7f92a0000000-7f92a0021000 rw-p 00000000 00:00 0 
7f92a0021000-7f92a4000000 ---p 00000000 00:00 0 
7f92a4000000-7f92a4021000 rw-p 00000000 00:00 0 
7f92a4021000-7f92a8000000 ---p 00000000 00:00 0 
7f92a8000000-7f92a8272000 rw-p 00000000 00:00 0 
7f92a8272000-7f92ac000000 ---p 00000000 00:00 0 
7f92ac000000-7f92ac33b000 rw-p 00000000 00:00 0 
7f92ac33b000-7f92b0000000 ---p 00000000 00:00 0 
7f92b0000000-7f92b0414000 rw-p 00000000 00:00 0 
7f92b0414000-7f92b4000000 ---p 00000000 00:00 0 
7f92b4000000-7f92b5192000 rw-p 00000000 00:00 0 
7f92b5192000-7f92b8000000 ---p 00000000 00:00 0 
7f92b8000000-7f92b8021000 rw-p 00000000 00:00 0 
7f92b8021000-7f92bc000000 ---p 00000000 00:00 0 
7f92bc000000-7f92bc021000 rw-p 00000000 00:00 0 
7f92bc021000-7f92c0000000 ---p 00000000 00:00 0 
7f92c0000000-7f92c0021000 rw-p 00000000 00:00 0 
7f92c0021000-7f92c4000000 ---p 00000000 00:00 0 
7f92c4730000-7f92d4000000 rw-p 00000000 00:00 0 
7f92d4000000-7f92d4021000 rw-p 00000000 00:00 0 
7f92d4021000-7f92d8000000 ---p 00000000 00:00 0 
7f92d8000000-7f92d8021000 rw-p 00000000 00:00 0 
7f92d8021000-7f92dc000000 ---p 00000000 00:00 0 
7f92dc000000-7f92dc021000 rw-p 00000000 00:00 0 
7f92dc021000-7f92e0000000 ---p 00000000 00:00 0 
7f92e4000000-7f92e4021000 rw-p 00000000 00:00 0 
7f92e4021000-7f92e8000000 ---p 00000000 00:00 0 
7f92ec000000-7f92ec021000 rw-p 00000000 00:00 0 
7f92ec021000-7f92f0000000 ---p 00000000 00:00 0 
7f92f4000000-7f92f4021000 rw-p 00000000 00:00 0 
7f92f4021000-7f92f8000000 ---p 00000000 00:00 0 
7f92fc000000-7f92fc021000 rw-p 00000000 00:00 0 
7f92fc021000-7f9300000000 ---p 00000000 00:00 0 
7f9304000000-7f9304021000 rw-p 00000000 00:00 0 
7f9304021000-7f9308000000 ---p 00000000 00:00 0 
7f930c000000-7f930c021000 rw-p 00000000 00:00 0 
7f930c021000-7f9310000000 ---p 00000000 00:00 0 
7f9310e04000-7f93137ff000 rw-p 00000000 00:00 0 
7f9314000000-7f9314021000 rw-p 00000000 00:00 0 
7f9314021000-7f9318000000 ---p 00000000 00:00 0 
7f931847f000-7f93184bf000 rw-p 00000000 00:00 0 
7f93184bf000-7f931867f000 ---p 00000000 00:00 0 
7f931867f000-7f9318682000 ---p 00000000 00:00 0 
7f9318682000-7f9318780000 rw-p 00000000 00:00 0 
7f9318780000-7f9318783000 ---p 00000000 00:00 0 
7f9318783000-7f9318881000 rw-p 00000000 00:00 0 
7f9318881000-7f9318884000 ---p 00000000 00:00 0 
7f9318884000-7f9318b82000 rw-p 00000000 00:00 0 
7f9318b82000-7f9318b85000 ---p 00000000 00:00 0 
7f9318b85000-7f9318e83000 rw-p 00000000 00:00 0 
7f9318e83000-7f9319083000 rw-p 00000000 00:00 0 
7f9319083000-7f9319085000 r--s 00016000 103:02 28583789                  /usr/lib/jvm/java-8-openjdk-amd64/jre/lib/jce.jar
7f9319085000-7f931908a000 r--s 000a7000 103:02 28583780                  /usr/lib/jvm/java-8-openjdk-amd64/jre/lib/jsse.jar
7f931908a000-7f931928a000 rw-p 00000000 00:00 0 
7f931928a000-7f931928b000 r-xp 00000000 103:02 28583750                  /usr/lib/jvm/java-8-openjdk-amd64/jre/lib/amd64/libjaas_unix.so
7f931928b000-7f931948a000 ---p 00001000 103:02 28583750                  /usr/lib/jvm/java-8-openjdk-amd64/jre/lib/amd64/libjaas_unix.so
7f931948a000-7f931948b000 r--p 00000000 103:02 28583750                  /usr/lib/jvm/java-8-openjdk-amd64/jre/lib/amd64/libjaas_unix.so
7f931948b000-7f931948c000 rw-p 00001000 103:02 28583750                  /usr/lib/jvm/java-8-openjdk-amd64/jre/lib/amd64/libjaas_unix.so
7f931948c000-7f93194af000 r-xp 00000000 103:02 27922942                  /usr/local/hadoop/lib/native/libhadoop.so
7f93194af000-7f93196ae000 ---p 00023000 103:02 27922942                  /usr/local/hadoop/lib/native/libhadoop.so
7f93196ae000-7f93196af000 r--p 00022000 103:02 27922942                  /usr/local/hadoop/lib/native/libhadoop.so
7f93196af000-7f93196b0000 rw-p 00023000 103:02 27922942                  /usr/local/hadoop/lib/native/libhadoop.so
7f93196b0000-7f93196b7000 r--s 00000000 103:02 12715214                  /usr/lib/x86_64-linux-gnu/gconv/gconv-modules.cache
7f93196b7000-7f93196d8000 r--p 00000000 103:02 16387640                  /usr/share/locale-langpack/zh_CN/LC_MESSAGES/libc.mo
7f93196d8000-7f93196db000 ---p 00000000 00:00 0 
7f93196db000-7f93197d9000 rw-p 00000000 00:00 0 
7f93197d9000-7f93197dc000 ---p 00000000 00:00 0 
7f93197dc000-7f9319a12000 rw-p 00000000 00:00 0 
7f9319a12000-7f9319a1b000 r-xp 00000000 103:02 28583779                  /usr/lib/jvm/java-8-openjdk-amd64/jre/lib/amd64/libmanagement.so
7f9319a1b000-7f9319c1a000 ---p 00009000 103:02 28583779                  /usr/lib/jvm/java-8-openjdk-amd64/jre/lib/amd64/libmanagement.so
7f9319c1a000-7f9319c1b000 r--p 00008000 103:02 28583779                  /usr/lib/jvm/java-8-openjdk-amd64/jre/lib/amd64/libmanagement.so
7f9319c1b000-7f9319c1c000 rw-p 00009000 103:02 28583779                  /usr/lib/jvm/java-8-openjdk-amd64/jre/lib/amd64/libmanagement.so
7f9319c1c000-7f9319c21000 r--s 0003e000 103:02 27922829                  /usr/local/hadoop/share/hadoop/hdfs/hadoop-hdfs-rbf-2.10.0-tests.jar
7f9319c21000-7f9319c31000 r--s 000d5000 103:02 27922779                  /usr/local/hadoop/share/hadoop/hdfs/hadoop-hdfs-rbf-2.10.0.jar
7f9319c31000-7f9319c33000 r--s 0001f000 103:02 27922826                  /usr/local/hadoop/share/hadoop/hdfs/hadoop-hdfs-nfs-2.10.0.jar
7f9319c33000-7f9319c34000 r--s 00007000 103:02 27922827                  /usr/local/hadoop/share/hadoop/hdfs/hadoop-hdfs-native-client-2.10.0-tests.jar
7f9319c34000-7f9319c35000 r--s 00007000 103:02 27922828                  /usr/local/hadoop/share/hadoop/hdfs/hadoop-hdfs-native-client-2.10.0.jar
7f9319c35000-7f9319c38000 r--s 0001d000 103:02 27922780                  /usr/local/hadoop/share/hadoop/hdfs/hadoop-hdfs-client-2.10.0-tests.jar
7f9319c38000-7f9319c73000 r--s 003cf000 103:02 27922792                  /usr/local/hadoop/share/hadoop/hdfs/hadoop-hdfs-client-2.10.0.jar
7f9319c73000-7f9319ca1000 r--s 00403000 103:02 27922778                  /usr/local/hadoop/share/hadoop/hdfs/hadoop-hdfs-2.10.0-tests.jar
7f9319ca1000-7f9319ce1000 r--s 004b1000 103:02 27922793                  /usr/local/hadoop/share/hadoop/hdfs/hadoop-hdfs-2.10.0.jar
7f9319ce1000-7f9319ce6000 r--s 0002a000 103:02 27922765                  /usr/local/hadoop/share/hadoop/common/hadoop-nfs-2.10.0.jar
7f9319ce6000-7f9319d0f000 r--s 00262000 103:02 27922695                  /usr/local/hadoop/share/hadoop/common/hadoop-common-2.10.0-tests.jar
7f9319d0f000-7f9319d26000 r-xp 00000000 103:02 28583767                  /usr/lib/jvm/java-8-openjdk-amd64/jre/lib/amd64/libnet.so
7f9319d26000-7f9319f26000 ---p 00017000 103:02 28583767                  /usr/lib/jvm/java-8-openjdk-amd64/jre/lib/amd64/libnet.so
7f9319f26000-7f9319f27000 r--p 00017000 103:02 28583767                  /usr/lib/jvm/java-8-openjdk-amd64/jre/lib/amd64/libnet.so
7f9319f27000-7f9319f28000 rw-p 00018000 103:02 28583767                  /usr/lib/jvm/java-8-openjdk-amd64/jre/lib/amd64/libnet.so
7f9319f28000-7f9319f3a000 r-xp 00000000 103:02 28583759                  /usr/lib/jvm/java-8-openjdk-amd64/jre/lib/amd64/libnio.so
7f9319f3a000-7f931a139000 ---p 00012000 103:02 28583759                  /usr/lib/jvm/java-8-openjdk-amd64/jre/lib/amd64/libnio.so
7f931a139000-7f931a13a000 r--p 00011000 103:02 28583759                  /usr/lib/jvm/java-8-openjdk-amd64/jre/lib/amd64/libnio.so
7f931a13a000-7f931a13b000 rw-p 00012000 103:02 28583759                  /usr/lib/jvm/java-8-openjdk-amd64/jre/lib/amd64/libnio.so
7f931a13b000-7f931a178000 r--s 0038d000 103:02 27922764                  /usr/local/hadoop/share/hadoop/common/hadoop-common-2.10.0.jar
7f931a178000-7f931a181000 r--s 0002d000 103:02 27922798                  /usr/local/hadoop/share/hadoop/hdfs/lib/xml-apis-1.4.01.jar
7f931a181000-7f931a19a000 r--s 0013a000 103:02 27922805                  /usr/local/hadoop/share/hadoop/hdfs/lib/xercesImpl-2.12.0.jar
7f931a19a000-7f931a19c000 r--s 00018000 103:02 27922795                  /usr/local/hadoop/share/hadoop/hdfs/lib/servlet-api-2.5.jar
7f931a19c000-7f931a1a4000 r--s 0007b000 103:02 27922815                  /usr/local/hadoop/share/hadoop/hdfs/lib/protobuf-java-2.5.0.jar
7f931a1a4000-7f931a1a9000 r--s 0004c000 103:02 27922809                  /usr/local/hadoop/share/hadoop/hdfs/lib/okhttp-2.7.5.jar
7f931a1a9000-7f931a1c6000 r--s 00196000 103:02 27922818                  /usr/local/hadoop/share/hadoop/hdfs/lib/netty-all-4.0.23.Final.jar
7f931a1c6000-7f931a1df000 r--s 00123000 103:02 27922810                  /usr/local/hadoop/share/hadoop/hdfs/lib/netty-3.10.6.Final.jar
7f931a1df000-7f931a1e8000 r--s 0006f000 103:02 27922799                  /usr/local/hadoop/share/hadoop/hdfs/lib/log4j-1.2.17.jar
7f931a1e8000-7f931a1eb000 r--s 000fd000 103:02 27922802                  /usr/local/hadoop/share/hadoop/hdfs/lib/leveldbjni-all-1.8.jar
7f931a1eb000-7f931a1ee000 r--s 00006000 103:02 27922812                  /usr/local/hadoop/share/hadoop/hdfs/lib/jsr305-3.0.0.jar
7f931a1ee000-7f931a1f2000 r--s 00028000 103:02 27922820                  /usr/local/hadoop/share/hadoop/hdfs/lib/jetty-util-6.1.26.jar
7f931a1f2000-7f931a1f9000 r--s 0007d000 103:02 27922808                  /usr/local/hadoop/share/hadoop/hdfs/lib/jetty-6.1.26.jar
7f931a1f9000-7f931a20b000 r--s 0009d000 103:02 27922822                  /usr/local/hadoop/share/hadoop/hdfs/lib/jersey-server-1.9.jar
7f931a20b000-7f931a215000 r--s 00066000 103:02 27922807                  /usr/local/hadoop/share/hadoop/hdfs/lib/jersey-core-1.9.jar
7f931a215000-7f931a226000 r--s 00116000 103:02 27922796                  /usr/local/hadoop/share/hadoop/hdfs/lib/jackson-databind-2.7.8.jar
7f931a226000-7f931a261000 r--s 003cf000 103:02 27922801                  /usr/local/hadoop/share/hadoop/hdfs/lib/hadoop-hdfs-client-2.10.0.jar
7f931a261000-7f931a262000 ---p 00000000 00:00 0 
7f931a262000-7f931a362000 rw-p 00000000 00:00 0 
7f931a362000-7f931a365000 ---p 00000000 00:00 0 
7f931a365000-7f931a463000 rw-p 00000000 00:00 0 
7f931a463000-7f931a466000 ---p 00000000 00:00 0 
7f931a466000-7f931a564000 rw-p 00000000 00:00 0 
7f931a564000-7f931a567000 ---p 00000000 00:00 0 
7f931a567000-7f931a665000 rw-p 00000000 00:00 0 
7f931a665000-7f931a668000 ---p 00000000 00:00 0 
7f931a668000-7f931a766000 rw-p 00000000 00:00 0 
7f931a766000-7f931a769000 ---p 00000000 00:00 0 
7f931a769000-7f931a867000 rw-p 00000000 00:00 0 
7f931a867000-7f931a86a000 ---p 00000000 00:00 0 
7f931a86a000-7f931a968000 rw-p 00000000 00:00 0 
7f931a968000-7f931ae71000 r--p 00000000 103:02 11667681                  /usr/lib/locale/locale-archive
7f931ae71000-7f931ae74000 ---p 00000000 00:00 0 
7f931ae74000-7f931af72000 rw-p 00000000 00:00 0 
7f931af72000-7f931af75000 ---p 00000000 00:00 0 
7f931af75000-7f931c000000 rw-p 00000000 00:00 0 
7f931c000000-7f931c021000 rw-p 00000000 00:00 0 
7f931c021000-7f9320000000 ---p 00000000 00:00 0 
7f9320000000-7f932000e000 r--s 000b1000 103:02 27922821                  /usr/local/hadoop/share/hadoop/hdfs/lib/jackson-mapper-asl-1.9.13.jar
7f932000e000-7f9320028000 r--s 00155000 103:02 27922824                  /usr/local/hadoop/share/hadoop/hdfs/lib/htrace-core4-4.1.0-incubating.jar
7f9320028000-7f9320049000 r--s 00172000 103:02 27922825                  /usr/local/hadoop/share/hadoop/hdfs/lib/guava-11.0.2.jar
7f9320049000-7f932004a000 ---p 00000000 00:00 0 
7f932004a000-7f932014a000 rw-p 00000000 00:00 0 
7f932014a000-7f932031c000 r--s 03ca8000 103:02 28583786                  /usr/lib/jvm/java-8-openjdk-amd64/jre/lib/rt.jar
7f932031c000-7f9320b1c000 rw-p 00000000 00:00 0 
7f9320b1c000-7f9320b1d000 ---p 00000000 00:00 0 
7f9320b1d000-7f9320c1d000 rw-p 00000000 00:00 0 
7f9320c1d000-7f9320c1e000 ---p 00000000 00:00 0 
7f9320c1e000-7f9320d1e000 rw-p 00000000 00:00 0 
7f9320d1e000-7f9320d1f000 ---p 00000000 00:00 0 
7f9320d1f000-7f9320ec5000 rw-p 00000000 00:00 0 
7f9320ec5000-7f932187d000 ---p 00000000 00:00 0 
7f932187d000-7f9321923000 rw-p 00000000 00:00 0 
7f9321923000-7f93222db000 ---p 00000000 00:00 0 
7f93222db000-7f932236d000 rw-p 00000000 00:00 0 
7f932236d000-7f932280a000 ---p 00000000 00:00 0 
7f932280a000-7f932281e000 rw-p 00000000 00:00 0 
7f932281e000-7f9322bcb000 ---p 00000000 00:00 0 
7f9322bcb000-7f932307b000 rwxp 00000000 00:00 0 
7f932307b000-7f9331bcb000 ---p 00000000 00:00 0 
7f9331bcb000-7f9331be0000 r-xp 00000000 103:02 17043920                  /usr/lib/openmpi/lib/openmpi/mca_osc_pt2pt.so
7f9331be0000-7f9331ddf000 ---p 00015000 103:02 17043920                  /usr/lib/openmpi/lib/openmpi/mca_osc_pt2pt.so
7f9331ddf000-7f9331de0000 r--p 00014000 103:02 17043920                  /usr/lib/openmpi/lib/openmpi/mca_osc_pt2pt.so
7f9331de0000-7f9331de1000 rw-p 00015000 103:02 17043920                  /usr/lib/openmpi/lib/openmpi/mca_osc_pt2pt.so
7f9331de1000-7f9331de2000 r--s 00003000 103:02 27922819                  /usr/local/hadoop/share/hadoop/hdfs/lib/xmlenc-0.52.jar
7f9331de2000-7f9331de6000 r--s 00035000 103:02 27922804                  /usr/local/hadoop/share/hadoop/hdfs/lib/jackson-core-asl-1.9.13.jar
7f9331de6000-7f9331de7000 ---p 00000000 00:00 0 
7f9331de7000-7f9331ee7000 rw-p 00000000 00:00 0 
7f9331ee7000-7f9331ee8000 ---p 00000000 00:00 0 
7f9331ee8000-7f9331fe8000 rw-p 00000000 00:00 0 
7f9331fe8000-7f9331feb000 r-xp 00000000 103:02 17043874                  /usr/lib/openmpi/lib/openmpi/mca_coll_inter.so
7f9331feb000-7f93321eb000 ---p 00003000 103:02 17043874                  /usr/lib/openmpi/lib/openmpi/mca_coll_inter.so
7f93321eb000-7f93321ec000 r--p 00003000 103:02 17043874                  /usr/lib/openmpi/lib/openmpi/mca_coll_inter.so
7f93321ec000-7f93321ed000 rw-p 00004000 103:02 17043874                  /usr/lib/openmpi/lib/openmpi/mca_coll_inter.so
7f93321ed000-7f93321ef000 r--s 0000f000 103:02 27922817                  /usr/local/hadoop/share/hadoop/hdfs/lib/okio-1.6.0.jar
7f93321ef000-7f93321f2000 r--s 0003b000 103:02 27922800                  /usr/local/hadoop/share/hadoop/hdfs/lib/jackson-core-2.7.8.jar
7f93321f2000-7f93321f5000 r--s 0000a000 103:02 27922813                  /usr/local/hadoop/share/hadoop/hdfs/lib/jackson-annotations-2.7.8.jar
7f93321f5000-7f93321f7000 r--s 0000e000 103:02 27922803                  /usr/local/hadoop/share/hadoop/hdfs/lib/commons-logging-1.1.3.jar
7f93321f7000-7f93321fc000 r--s 00041000 103:02 27922816                  /usr/local/hadoop/share/hadoop/hdfs/lib/commons-lang-2.6.jar
7f93321fc000-7f9332200000 r--s 0002a000 103:02 27922811                  /usr/local/hadoop/share/hadoop/hdfs/lib/commons-io-2.4.jar
7f9332200000-7f9332201000 r--s 00005000 103:02 27922806                  /usr/local/hadoop/share/hadoop/hdfs/lib/commons-daemon-1.0.13.jar
7f9332201000-7f9332203000 r--s 0000d000 103:02 27922814                  /usr/local/hadoop/share/hadoop/hdfs/lib/commons-codec-1.4.jar
7f9332203000-7f9332205000 r--s 00009000 103:02 27922797                  /usr/local/hadoop/share/hadoop/hdfs/lib/commons-cli-1.2.jar
7f9332205000-7f9332212000 r--s 000b9000 103:02 27922743                  /usr/local/hadoop/share/hadoop/common/lib/zookeeper-3.4.9.jar
7f9332212000-7f9332218000 r--s 00078000 103:02 27922745                  /usr/local/hadoop/share/hadoop/common/lib/woodstox-core-5.0.3.jar
7f9332218000-7f933221d000 r-xp 00000000 103:02 17043921                  /usr/lib/openmpi/lib/openmpi/mca_osc_sm.so
7f933221d000-7f933241c000 ---p 00005000 103:02 17043921                  /usr/lib/openmpi/lib/openmpi/mca_osc_sm.so
7f933241c000-7f933241d000 r--p 00004000 103:02 17043921                  /usr/lib/openmpi/lib/openmpi/mca_osc_sm.so
7f933241d000-7f933241f000 rw-p 00005000 103:02 17043921                  /usr/lib/openmpi/lib/openmpi/mca_osc_sm.so
7f933241f000-7f933242c000 r-xp 00000000 103:02 17043872                  /usr/lib/openmpi/lib/openmpi/mca_coll_basic.so
7f933242c000-7f933262c000 ---p 0000d000 103:02 17043872                  /usr/lib/openmpi/lib/openmpi/mca_coll_basic.so
7f933262c000-7f933262d000 r--p 0000d000 103:02 17043872                  /usr/lib/openmpi/lib/openmpi/mca_coll_basic.so
7f933262d000-7f933262e000 rw-p 0000e000 103:02 17043872                  /usr/lib/openmpi/lib/openmpi/mca_coll_basic.so
7f933262e000-7f933264d000 r-xp 00000000 103:02 17043879                  /usr/lib/openmpi/lib/openmpi/mca_coll_tuned.so
7f933264d000-7f933284c000 ---p 0001f000 103:02 17043879                  /usr/lib/openmpi/lib/openmpi/mca_coll_tuned.so
7f933284c000-7f933284d000 r--p 0001e000 103:02 17043879                  /usr/lib/openmpi/lib/openmpi/mca_coll_tuned.so
7f933284d000-7f933284e000 rw-p 0001f000 103:02 17043879                  /usr/lib/openmpi/lib/openmpi/mca_coll_tuned.so
7f933284e000-7f9332850000 r-xp 00000000 103:02 17043877                  /usr/lib/openmpi/lib/openmpi/mca_coll_self.so
7f9332850000-7f9332a4f000 ---p 00002000 103:02 17043877                  /usr/lib/openmpi/lib/openmpi/mca_coll_self.so
7f9332a4f000-7f9332a50000 r--p 00001000 103:02 17043877                  /usr/lib/openmpi/lib/openmpi/mca_coll_self.so
7f9332a50000-7f9332a51000 rw-p 00002000 103:02 17043877                  /usr/lib/openmpi/lib/openmpi/mca_coll_self.so
7f9332a51000-7f9332a6a000 r-xp 00000000 103:02 17043875                  /usr/lib/openmpi/lib/openmpi/mca_coll_libnbc.so
7f9332a6a000-7f9332c69000 ---p 00019000 103:02 17043875                  /usr/lib/openmpi/lib/openmpi/mca_coll_libnbc.so
7f9332c69000-7f9332c6a000 r--p 00018000 103:02 17043875                  /usr/lib/openmpi/lib/openmpi/mca_coll_libnbc.so
7f9332c6a000-7f9332c6b000 rw-p 00019000 103:02 17043875                  /usr/lib/openmpi/lib/openmpi/mca_coll_libnbc.so
7f9332c6b000-7f9332c6d000 r--s 00004000 103:02 27922746                  /usr/local/hadoop/share/hadoop/common/lib/stax-api-1.0-2.jar
7f9332c6d000-7f9332c71000 r--s 00024000 103:02 27922707                  /usr/local/hadoop/share/hadoop/common/lib/stax2-api-3.1.4.jar
7f9332c71000-7f9332c72000 ---p 00000000 00:00 0 
7f9332c72000-7f9332d72000 rw-p 00000000 00:00 0 
7f9332d72000-7f9332d73000 ---p 00000000 00:00 0 
7f9332d73000-7f9332e73000 rw-p 00000000 00:00 0 
7f9332e73000-7f9332e8b000 r-xp 00000000 103:02 17043927                  /usr/lib/openmpi/lib/openmpi/mca_pml_ob1.so
7f9332e8b000-7f933308a000 ---p 00018000 103:02 17043927                  /usr/lib/openmpi/lib/openmpi/mca_pml_ob1.so
7f933308a000-7f933308b000 r--p 00017000 103:02 17043927                  /usr/lib/openmpi/lib/openmpi/mca_pml_ob1.so
7f933308b000-7f933308c000 rw-p 00018000 103:02 17043927                  /usr/lib/openmpi/lib/openmpi/mca_pml_ob1.so
7f933308c000-7f933308d000 r--s 0000a000 103:02 27922823                  /usr/local/hadoop/share/hadoop/hdfs/lib/asm-3.2.jar
7f933308d000-7f9333093000 r-xp 00000000 103:02 17043873                  /usr/lib/openmpi/lib/openmpi/mca_coll_hierarch.so
7f9333093000-7f9333292000 ---p 00006000 103:02 17043873                  /usr/lib/openmpi/lib/openmpi/mca_coll_hierarch.so
7f9333292000-7f9333293000 r--p 00005000 103:02 17043873                  /usr/lib/openmpi/lib/openmpi/mca_coll_hierarch.so
7f9333293000-7f9333294000 rw-p 00006000 103:02 17043873                  /usr/lib/openmpi/lib/openmpi/mca_coll_hierarch.so
7f9333294000-7f9333295000 r--s 00003000 103:02 27922753                  /usr/local/hadoop/share/hadoop/common/lib/xmlenc-0.52.jar
7f9333295000-7f9333297000 r--s 00130000 103:02 27922722                  /usr/local/hadoop/share/hadoop/common/lib/snappy-java-1.0.5.jar
7f9333297000-7f9333299000 r--s 00009000 103:02 27922737                  /usr/local/hadoop/share/hadoop/common/lib/slf4j-api-1.7.25.jar
7f9333299000-7f93332a1000 r--s 0007b000 103:02 27922742                  /usr/local/hadoop/share/hadoop/common/lib/protobuf-java-2.5.0.jar
7f93332a1000-7f93332a9000 r-xp 00000000 103:02 28583778                  /usr/lib/jvm/java-8-openjdk-amd64/jre/lib/amd64/libzip.so
7f93332a9000-7f93334a8000 ---p 00008000 103:02 28583778                  /usr/lib/jvm/java-8-openjdk-amd64/jre/lib/amd64/libzip.so
7f93334a8000-7f93334a9000 r--p 00007000 103:02 28583778                  /usr/lib/jvm/java-8-openjdk-amd64/jre/lib/amd64/libzip.so
7f93334a9000-7f93334aa000 rw-p 00008000 103:02 28583778                  /usr/lib/jvm/java-8-openjdk-amd64/jre/lib/amd64/libzip.so
7f93334aa000-7f93334d3000 r-xp 00000000 103:02 28583773                  /usr/lib/jvm/java-8-openjdk-amd64/jre/lib/amd64/libjava.so
7f93334d3000-7f93336d3000 ---p 00029000 103:02 28583773                  /usr/lib/jvm/java-8-openjdk-amd64/jre/lib/amd64/libjava.so
7f93336d3000-7f93336d4000 r--p 00029000 103:02 28583773                  /usr/lib/jvm/java-8-openjdk-amd64/jre/lib/amd64/libjava.so
7f93336d4000-7f93336d6000 rw-p 0002a000 103:02 28583773                  /usr/lib/jvm/java-8-openjdk-amd64/jre/lib/amd64/libjava.so
7f93336d6000-7f93336e5000 r-xp 00000000 103:02 28583769                  /usr/lib/jvm/java-8-openjdk-amd64/jre/lib/amd64/libverify.so
7f93336e5000-7f93338e4000 ---p 0000f000 103:02 28583769                  /usr/lib/jvm/java-8-openjdk-amd64/jre/lib/amd64/libverify.so
7f93338e4000-7f93338e6000 r--p 0000e000 103:02 28583769                  /usr/lib/jvm/java-8-openjdk-amd64/jre/lib/amd64/libverify.so
7f93338e6000-7f93338e7000 rw-p 00010000 103:02 28583769                  /usr/lib/jvm/java-8-openjdk-amd64/jre/lib/amd64/libverify.so
7f93338e7000-7f93338f3000 r-xp 00000000 103:02 17043870                  /usr/lib/openmpi/lib/openmpi/mca_btl_tcp.so
7f93338f3000-7f9333af2000 ---p 0000c000 103:02 17043870                  /usr/lib/openmpi/lib/openmpi/mca_btl_tcp.so
7f9333af2000-7f9333af3000 r--p 0000b000 103:02 17043870                  /usr/lib/openmpi/lib/openmpi/mca_btl_tcp.so
7f9333af3000-7f9333af4000 rw-p 0000c000 103:02 17043870                  /usr/lib/openmpi/lib/openmpi/mca_btl_tcp.so
7f9333af4000-7f9333b74000 rw-p 00000000 00:00 0 
7f9333b74000-7f9333b7a000 r-xp 00000000 103:02 17043888                  /usr/lib/openmpi/lib/openmpi/mca_dpm_orte.so
7f9333b7a000-7f9333d79000 ---p 00006000 103:02 17043888                  /usr/lib/openmpi/lib/openmpi/mca_dpm_orte.so
7f9333d79000-7f9333d7a000 r--p 00005000 103:02 17043888                  /usr/lib/openmpi/lib/openmpi/mca_dpm_orte.so
7f9333d7a000-7f9333d7b000 rw-p 00006000 103:02 17043888                  /usr/lib/openmpi/lib/openmpi/mca_dpm_orte.so
7f9333d7b000-7f9333d7e000 r-xp 00000000 103:02 17043868                  /usr/lib/openmpi/lib/openmpi/mca_btl_self.so
7f9333d7e000-7f9333f7d000 ---p 00003000 103:02 17043868                  /usr/lib/openmpi/lib/openmpi/mca_btl_self.so
7f9333f7d000-7f9333f7e000 r--p 00002000 103:02 17043868                  /usr/lib/openmpi/lib/openmpi/mca_btl_self.so
7f9333f7e000-7f9333f7f000 rw-p 00003000 103:02 17043868                  /usr/lib/openmpi/lib/openmpi/mca_btl_self.so
7f9333f7f000-7f9333f81000 r--s 00018000 103:02 27922702                  /usr/local/hadoop/share/hadoop/common/lib/servlet-api-2.5.jar
7f9333f81000-7f9333f83000 r--s 00006000 103:02 27922716                  /usr/local/hadoop/share/hadoop/common/lib/paranamer-2.3.jar
7f9333f83000-7f9333f86000 r-xp 00000000 103:02 17043929                  /usr/lib/openmpi/lib/openmpi/mca_pubsub_orte.so
7f9333f86000-7f9334185000 ---p 00003000 103:02 17043929                  /usr/lib/openmpi/lib/openmpi/mca_pubsub_orte.so
7f9334185000-7f9334186000 r--p 00002000 103:02 17043929                  /usr/lib/openmpi/lib/openmpi/mca_pubsub_orte.so
7f9334186000-7f9334187000 rw-p 00003000 103:02 17043929                  /usr/lib/openmpi/lib/openmpi/mca_pubsub_orte.so
7f9334187000-7f933418a000 r-xp 00000000 103:02 17043866                  /usr/lib/openmpi/lib/openmpi/mca_bml_r2.so
7f933418a000-7f933438a000 ---p 00003000 103:02 17043866                  /usr/lib/openmpi/lib/openmpi/mca_bml_r2.so
7f933438a000-7f933438b000 r--p 00003000 103:02 17043866                  /usr/lib/openmpi/lib/openmpi/mca_bml_r2.so
7f933438b000-7f933438c000 rw-p 00004000 103:02 17043866                  /usr/lib/openmpi/lib/openmpi/mca_bml_r2.so
7f933438c000-7f933438e000 r-xp 00000000 103:02 17043832                  /usr/lib/openmpi/lib/libmca_common_sm.so.4.0.4
7f933438e000-7f933458e000 ---p 00002000 103:02 17043832                  /usr/lib/openmpi/lib/libmca_common_sm.so.4.0.4
7f933458e000-7f933458f000 r--p 00002000 103:02 17043832                  /usr/lib/openmpi/lib/libmca_common_sm.so.4.0.4
7f933458f000-7f9334590000 rw-p 00003000 103:02 17043832                  /usr/lib/openmpi/lib/libmca_common_sm.so.4.0.4
7f9334590000-7f9334592000 r-xp 00000000 103:02 17043917                  /usr/lib/openmpi/lib/openmpi/mca_mpool_sm.so
7f9334592000-7f9334791000 ---p 00002000 103:02 17043917                  /usr/lib/openmpi/lib/openmpi/mca_mpool_sm.so
7f9334791000-7f9334792000 r--p 00001000 103:02 17043917                  /usr/lib/openmpi/lib/openmpi/mca_mpool_sm.so
7f9334792000-7f9334793000 rw-p 00002000 103:02 17043917                  /usr/lib/openmpi/lib/openmpi/mca_mpool_sm.so
7f9334793000-7f9334796000 r-xp 00000000 103:02 17043916                  /usr/lib/openmpi/lib/openmpi/mca_mpool_grdma.so
7f9334796000-7f9334995000 ---p 00003000 103:02 17043916                  /usr/lib/openmpi/lib/openmpi/mca_mpool_grdma.so
7f9334995000-7f9334996000 r--p 00002000 103:02 17043916                  /usr/lib/openmpi/lib/openmpi/mca_mpool_grdma.so
7f9334996000-7f9334997000 rw-p 00003000 103:02 17043916                  /usr/lib/openmpi/lib/openmpi/mca_mpool_grdma.so
7f9334997000-7f933499a000 r-xp 00000000 103:02 17043934                  /usr/lib/openmpi/lib/openmpi/mca_rcache_vma.so
7f933499a000-7f9334b9a000 ---p 00003000 103:02 17043934                  /usr/lib/openmpi/lib/openmpi/mca_rcache_vma.so
7f9334b9a000-7f9334b9b000 r--p 00003000 103:02 17043934                  /usr/lib/openmpi/lib/openmpi/mca_rcache_vma.so
7f9334b9b000-7f9334b9c000 rw-p 00004000 103:02 17043934                  /usr/lib/openmpi/lib/openmpi/mca_rcache_vma.so
7f9334b9c000-7f9334b9e000 r-xp 00000000 103:02 17043862                  /usr/lib/openmpi/lib/openmpi/mca_allocator_bucket.so
7f9334b9e000-7f9334d9d000 ---p 00002000 103:02 17043862                  /usr/lib/openmpi/lib/openmpi/mca_allocator_bucket.so
7f9334d9d000-7f9334d9e000 r--p 00001000 103:02 17043862                  /usr/lib/openmpi/lib/openmpi/mca_allocator_bucket.so
7f9334d9e000-7f9334d9f000 rw-p 00002000 103:02 17043862                  /usr/lib/openmpi/lib/openmpi/mca_allocator_bucket.so
7f9334d9f000-7f9334da1000 r-xp 00000000 103:02 17043861                  /usr/lib/openmpi/lib/openmpi/mca_allocator_basic.so
7f9334da1000-7f9334fa0000 ---p 00002000 103:02 17043861                  /usr/lib/openmpi/lib/openmpi/mca_allocator_basic.so
7f9334fa0000-7f9334fa1000 r--p 00001000 103:02 17043861                  /usr/lib/openmpi/lib/openmpi/mca_allocator_basic.so
7f9334fa1000-7f9334fa2000 rw-p 00002000 103:02 17043861                  /usr/lib/openmpi/lib/openmpi/mca_allocator_basic.so
7f9334fa2000-7f9336858000 r-xp 00000000 103:02 17046700                  /usr/lib/x86_64-linux-gnu/libicudata.so.55.1
7f9336858000-7f9336a57000 ---p 018b6000 103:02 17046700                  /usr/lib/x86_64-linux-gnu/libicudata.so.55.1
7f9336a57000-7f9336a58000 r--p 018b5000 103:02 17046700                  /usr/lib/x86_64-linux-gnu/libicudata.so.55.1
7f9336a58000-7f9336a59000 rw-p 018b6000 103:02 17046700                  /usr/lib/x86_64-linux-gnu/libicudata.so.55.1
7f9336a59000-7f9336a7a000 r-xp 00000000 103:02 16121954                  /lib/x86_64-linux-gnu/liblzma.so.5.0.0
7f9336a7a000-7f9336c79000 ---p 00021000 103:02 16121954                  /lib/x86_64-linux-gnu/liblzma.so.5.0.0
7f9336c79000-7f9336c7a000 r--p 00020000 103:02 16121954                  /lib/x86_64-linux-gnu/liblzma.so.5.0.0
7f9336c7a000-7f9336c7b000 rw-p 00021000 103:02 16121954                  /lib/x86_64-linux-gnu/liblzma.so.5.0.0
7f9336c7b000-7f9336dfa000 r-xp 00000000 103:02 17046728                  /usr/lib/x86_64-linux-gnu/libicuuc.so.55.1
7f9336dfa000-7f9336ffa000 ---p 0017f000 103:02 17046728                  /usr/lib/x86_64-linux-gnu/libicuuc.so.55.1
7f9336ffa000-7f933700a000 r--p 0017f000 103:02 17046728                  /usr/lib/x86_64-linux-gnu/libicuuc.so.55.1
7f933700a000-7f933700b000 rw-p 0018f000 103:02 17046728                  /usr/lib/x86_64-linux-gnu/libicuuc.so.55.1
7f933700b000-7f933700f000 rw-p 00000000 00:00 0 
7f933700f000-7f93371c0000 r-xp 00000000 103:02 17046819                  /usr/lib/x86_64-linux-gnu/libxml2.so.2.9.3
7f93371c0000-7f93373bf000 ---p 001b1000 103:02 17046819                  /usr/lib/x86_64-linux-gnu/libxml2.so.2.9.3
7f93373bf000-7f93373c7000 r--p 001b0000 103:02 17046819                  /usr/lib/x86_64-linux-gnu/libxml2.so.2.9.3
7f93373c7000-7f93373c9000 rw-p 001b8000 103:02 17046819                  /usr/lib/x86_64-linux-gnu/libxml2.so.2.9.3
7f93373c9000-7f93373ca000 rw-p 00000000 00:00 0 
7f93373ca000-7f93373cd000 r-xp 00000000 103:02 17170438                  /usr/lib/x86_64-linux-gnu/hwloc/hwloc_xml_libxml.so
7f93373cd000-7f93375cc000 ---p 00003000 103:02 17170438                  /usr/lib/x86_64-linux-gnu/hwloc/hwloc_xml_libxml.so
7f93375cc000-7f93375cd000 r--p 00002000 103:02 17170438                  /usr/lib/x86_64-linux-gnu/hwloc/hwloc_xml_libxml.so
7f93375cd000-7f93375ce000 rw-p 00003000 103:02 17170438                  /usr/lib/x86_64-linux-gnu/hwloc/hwloc_xml_libxml.so
7f93375ce000-7f93375e7000 r-xp 00000000 103:02 16122022                  /lib/x86_64-linux-gnu/libz.so.1.2.8
7f93375e7000-7f93377e6000 ---p 00019000 103:02 16122022                  /lib/x86_64-linux-gnu/libz.so.1.2.8
7f93377e6000-7f93377e7000 r--p 00018000 103:02 16122022                  /lib/x86_64-linux-gnu/libz.so.1.2.8
7f93377e7000-7f93377e8000 rw-p 00019000 103:02 16122022                  /lib/x86_64-linux-gnu/libz.so.1.2.8
7f93377e8000-7f93377f0000 r-xp 00000000 103:02 17046764                  /usr/lib/x86_64-linux-gnu/libpciaccess.so.0.11.1
7f93377f0000-7f93379f0000 ---p 00008000 103:02 17046764                  /usr/lib/x86_64-linux-gnu/libpciaccess.so.0.11.1
7f93379f0000-7f93379f1000 r--p 00008000 103:02 17046764                  /usr/lib/x86_64-linux-gnu/libpciaccess.so.0.11.1
7f93379f1000-7f93379f2000 rw-p 00009000 103:02 17046764                  /usr/lib/x86_64-linux-gnu/libpciaccess.so.0.11.1
7f93379f2000-7f93379f4000 r-xp 00000000 103:02 17170437                  /usr/lib/x86_64-linux-gnu/hwloc/hwloc_pci.so
7f93379f4000-7f9337bf4000 ---p 00002000 103:02 17170437                  /usr/lib/x86_64-linux-gnu/hwloc/hwloc_pci.so
7f9337bf4000-7f9337bf5000 r--p 00002000 103:02 17170437                  /usr/lib/x86_64-linux-gnu/hwloc/hwloc_pci.so
7f9337bf5000-7f9337bf6000 rw-p 00003000 103:02 17170437                  /usr/lib/x86_64-linux-gnu/hwloc/hwloc_pci.so
7f9337bf6000-7f9337bfc000 r-xp 00000000 103:02 12194700                  /usr/local/cuda-10.1/targets/x86_64-linux/lib/libOpenCL.so.1.1
7f9337bfc000-7f9337dfb000 ---p 00006000 103:02 12194700                  /usr/local/cuda-10.1/targets/x86_64-linux/lib/libOpenCL.so.1.1
7f9337dfb000-7f9337dfd000 rw-p 00005000 103:02 12194700                  /usr/local/cuda-10.1/targets/x86_64-linux/lib/libOpenCL.so.1.1
7f9337dfd000-7f9337dff000 r-xp 00000000 103:02 17170436                  /usr/lib/x86_64-linux-gnu/hwloc/hwloc_opencl.so
7f9337dff000-7f9337ffe000 ---p 00002000 103:02 17170436                  /usr/lib/x86_64-linux-gnu/hwloc/hwloc_opencl.so
7f9337ffe000-7f9337fff000 r--p 00001000 103:02 17170436                  /usr/lib/x86_64-linux-gnu/hwloc/hwloc_opencl.so
7f9337fff000-7f9338000000 rw-p 00002000 103:02 17170436                  /usr/lib/x86_64-linux-gnu/hwloc/hwloc_opencl.so
7f9338000000-7f9338021000 rw-p 00000000 00:00 0 
7f9338021000-7f933c000000 ---p 00000000 00:00 0 
7f933c000000-7f933c006000 r--s 00044000 103:02 27922734                  /usr/local/hadoop/share/hadoop/common/lib/nimbus-jose-jwt-4.41.1.jar
7f933c006000-7f933c01f000 r--s 00123000 103:02 27922731                  /usr/local/hadoop/share/hadoop/common/lib/netty-3.10.6.Final.jar
7f933c01f000-7f933c03c000 r--s 0013e000 103:02 27922721                  /usr/local/hadoop/share/hadoop/common/lib/mockito-all-1.8.5.jar
7f933c03c000-7f933c045000 r--s 0006f000 103:02 27922710                  /usr/local/hadoop/share/hadoop/common/lib/log4j-1.2.17.jar
7f933c045000-7f933c04b000 r--s 00036000 103:02 27922719                  /usr/local/hadoop/share/hadoop/common/lib/junit-4.11.jar
7f933c04b000-7f933c04e000 r--s 00006000 103:02 27922733                  /usr/local/hadoop/share/hadoop/common/lib/jsr305-3.0.0.jar
7f933c04e000-7f933c051000 r--s 00016000 103:02 27922711                  /usr/local/hadoop/share/hadoop/common/lib/jsp-api-2.1.jar
7f933c051000-7f933c054000 r--s 00011000 103:02 27922704                  /usr/local/hadoop/share/hadoop/common/lib/json-smart-1.3.1.jar
7f933c054000-7f933c059000 r--s 00040000 103:02 27922761                  /usr/local/hadoop/share/hadoop/common/lib/jsch-0.1.54.jar
7f933c059000-7f933c05d000 r--s 00028000 103:02 27922754                  /usr/local/hadoop/share/hadoop/common/lib/jetty-util-6.1.26.jar
7f933c05d000-7f933c064000 r--s 0007d000 103:02 27922727                  /usr/local/hadoop/share/hadoop/common/lib/jetty-6.1.26.jar
7f933c064000-7f933c06d000 r--s 0007b000 103:02 27922759                  /usr/local/hadoop/share/hadoop/common/lib/jets3t-0.9.0.jar
7f933c06d000-7f933c07f000 r--s 0009d000 103:02 27922756                  /usr/local/hadoop/share/hadoop/common/lib/jersey-server-1.9.jar
7f933c07f000-7f933c083000 r--s 00021000 103:02 27922763                  /usr/local/hadoop/share/hadoop/common/lib/jersey-json-1.9.jar
7f933c083000-7f933c08d000 r--s 00066000 103:02 27922726                  /usr/local/hadoop/share/hadoop/common/lib/jersey-core-1.9.jar
7f933c08d000-7f933c0a0000 r--s 000c7000 103:02 27922701                  /usr/local/hadoop/share/hadoop/common/lib/jaxb-impl-2.2.3-1.jar
7f933c0a0000-7f933c0ae000 r--s 000b1000 103:02 27922755                  /usr/local/hadoop/share/hadoop/common/lib/jackson-mapper-asl-1.9.13.jar
7f933c0ae000-7f933c0af000 ---p 00000000 00:00 0 
7f933c0af000-7f933c1af000 rw-p 00000000 00:00 0 
7f933c1af000-7f933c1b0000 ---p 00000000 00:00 0 
7f933c1b0000-7f933c9b0000 rw-p 00000000 00:00 0 
7f933c9b0000-7f933c9b2000 r-xp 00000000 103:02 17043906                  /usr/lib/openmpi/lib/openmpi/mca_grpcomm_bad.so
7f933c9b2000-7f933cbb1000 ---p 00002000 103:02 17043906                  /usr/lib/openmpi/lib/openmpi/mca_grpcomm_bad.so
7f933cbb1000-7f933cbb2000 r--p 00001000 103:02 17043906                  /usr/lib/openmpi/lib/openmpi/mca_grpcomm_bad.so
7f933cbb2000-7f933cbb3000 rw-p 00002000 103:02 17043906                  /usr/lib/openmpi/lib/openmpi/mca_grpcomm_bad.so
7f933cbb3000-7f933cbb6000 r-xp 00000000 103:02 17043942                  /usr/lib/openmpi/lib/openmpi/mca_rml_oob.so
7f933cbb6000-7f933cdb5000 ---p 00003000 103:02 17043942                  /usr/lib/openmpi/lib/openmpi/mca_rml_oob.so
7f933cdb5000-7f933cdb6000 r--p 00002000 103:02 17043942                  /usr/lib/openmpi/lib/openmpi/mca_rml_oob.so
7f933cdb6000-7f933cdb7000 rw-p 00003000 103:02 17043942                  /usr/lib/openmpi/lib/openmpi/mca_rml_oob.so
7f933cdb7000-7f933cdca000 r-xp 00000000 103:02 17043919                  /usr/lib/openmpi/lib/openmpi/mca_oob_tcp.so
7f933cdca000-7f933cfc9000 ---p 00013000 103:02 17043919                  /usr/lib/openmpi/lib/openmpi/mca_oob_tcp.so
7f933cfc9000-7f933cfca000 r--p 00012000 103:02 17043919                  /usr/lib/openmpi/lib/openmpi/mca_oob_tcp.so
7f933cfca000-7f933cfcb000 rw-p 00013000 103:02 17043919                  /usr/lib/openmpi/lib/openmpi/mca_oob_tcp.so
7f933cfcb000-7f933cfcd000 r-xp 00000000 103:02 17043889                  /usr/lib/openmpi/lib/openmpi/mca_errmgr_default_app.so
7f933cfcd000-7f933d1cc000 ---p 00002000 103:02 17043889                  /usr/lib/openmpi/lib/openmpi/mca_errmgr_default_app.so
7f933d1cc000-7f933d1cd000 r--p 00001000 103:02 17043889                  /usr/lib/openmpi/lib/openmpi/mca_errmgr_default_app.so
7f933d1cd000-7f933d1ce000 rw-p 00002000 103:02 17043889                  /usr/lib/openmpi/lib/openmpi/mca_errmgr_default_app.so
7f933d1ce000-7f933d1d0000 r-xp 00000000 103:02 17043962                  /usr/lib/openmpi/lib/openmpi/mca_state_app.so
7f933d1d0000-7f933d3cf000 ---p 00002000 103:02 17043962                  /usr/lib/openmpi/lib/openmpi/mca_state_app.so
7f933d3cf000-7f933d3d0000 r--p 00001000 103:02 17043962                  /usr/lib/openmpi/lib/openmpi/mca_state_app.so
7f933d3d0000-7f933d3d1000 rw-p 00002000 103:02 17043962                  /usr/lib/openmpi/lib/openmpi/mca_state_app.so
7f933d3d1000-7f933d3d3000 r-xp 00000000 103:02 17043945                  /usr/lib/openmpi/lib/openmpi/mca_routed_direct.so
7f933d3d3000-7f933d5d2000 ---p 00002000 103:02 17043945                  /usr/lib/openmpi/lib/openmpi/mca_routed_direct.so
7f933d5d2000-7f933d5d3000 r--p 00001000 103:02 17043945                  /usr/lib/openmpi/lib/openmpi/mca_routed_direct.so
7f933d5d3000-7f933d5d4000 rw-p 00002000 103:02 17043945                  /usr/lib/openmpi/lib/openmpi/mca_routed_direct.so
7f933d5d4000-7f933d5d5000 r--s 00002000 103:02 27922739                  /usr/local/hadoop/share/hadoop/common/lib/slf4j-log4j12-1.7.25.jar
7f933d5d5000-7f933d5d6000 r--s 00004000 103:02 27922740                  /usr/local/hadoop/share/hadoop/common/lib/jetty-sslengine-6.1.26.jar
7f933d5d6000-7f933d5d9000 r-xp 00000000 103:02 17043883                  /usr/lib/openmpi/lib/openmpi/mca_db_hash.so
7f933d5d9000-7f933d7d8000 ---p 00003000 103:02 17043883                  /usr/lib/openmpi/lib/openmpi/mca_db_hash.so
7f933d7d8000-7f933d7d9000 r--p 00002000 103:02 17043883                  /usr/lib/openmpi/lib/openmpi/mca_db_hash.so
7f933d7d9000-7f933d7da000 rw-p 00003000 103:02 17043883                  /usr/lib/openmpi/lib/openmpi/mca_db_hash.so
7f933d7da000-7f933d7dc000 r-xp 00000000 103:02 17043884                  /usr/lib/openmpi/lib/openmpi/mca_db_print.so
7f933d7dc000-7f933d9db000 ---p 00002000 103:02 17043884                  /usr/lib/openmpi/lib/openmpi/mca_db_print.so
7f933d9db000-7f933d9dc000 r--p 00001000 103:02 17043884                  /usr/lib/openmpi/lib/openmpi/mca_db_print.so
7f933d9dc000-7f933d9dd000 rw-p 00002000 103:02 17043884                  /usr/lib/openmpi/lib/openmpi/mca_db_print.so
7f933d9dd000-7f933d9e8000 r-xp 00000000 103:02 30416215                  /lib/x86_64-linux-gnu/libnss_files-2.23.so
7f933d9e8000-7f933dbe7000 ---p 0000b000 103:02 30416215                  /lib/x86_64-linux-gnu/libnss_files-2.23.so
7f933dbe7000-7f933dbe8000 r--p 0000a000 103:02 30416215                  /lib/x86_64-linux-gnu/libnss_files-2.23.so
7f933dbe8000-7f933dbe9000 rw-p 0000b000 103:02 30416215                  /lib/x86_64-linux-gnu/libnss_files-2.23.so
7f933dbe9000-7f933dbef000 rw-p 00000000 00:00 0 
7f933dbef000-7f933dbfa000 r-xp 00000000 103:02 30416225                  /lib/x86_64-linux-gnu/libnss_nis-2.23.so
7f933dbfa000-7f933ddf9000 ---p 0000b000 103:02 30416225                  /lib/x86_64-linux-gnu/libnss_nis-2.23.so
7f933ddf9000-7f933ddfa000 r--p 0000a000 103:02 30416225                  /lib/x86_64-linux-gnu/libnss_nis-2.23.so
7f933ddfa000-7f933ddfb000 rw-p 0000b000 103:02 30416225                  /lib/x86_64-linux-gnu/libnss_nis-2.23.so
7f933ddfb000-7f933de11000 r-xp 00000000 103:02 30416209                  /lib/x86_64-linux-gnu/libnsl-2.23.so
7f933de11000-7f933e010000 ---p 00016000 103:02 30416209                  /lib/x86_64-linux-gnu/libnsl-2.23.so
7f933e010000-7f933e011000 r--p 00015000 103:02 30416209                  /lib/x86_64-linux-gnu/libnsl-2.23.so
7f933e011000-7f933e012000 rw-p 00016000 103:02 30416209                  /lib/x86_64-linux-gnu/libnsl-2.23.so
7f933e012000-7f933e014000 rw-p 00000000 00:00 0 
7f933e014000-7f933e016000 r-xp 00000000 103:02 17043895                  /usr/lib/openmpi/lib/openmpi/mca_ess_singleton.so
7f933e016000-7f933e215000 ---p 00002000 103:02 17043895                  /usr/lib/openmpi/lib/openmpi/mca_ess_singleton.so
7f933e215000-7f933e216000 r--p 00001000 103:02 17043895                  /usr/lib/openmpi/lib/openmpi/mca_ess_singleton.so
7f933e216000-7f933e217000 rw-p 00002000 103:02 17043895                  /usr/lib/openmpi/lib/openmpi/mca_ess_singleton.so
7f933e217000-7f933e219000 r--s 0000f000 103:02 27922748                  /usr/local/hadoop/share/hadoop/common/lib/jettison-1.1.jar
7f933e219000-7f933e21b000 r--s 00000000 103:02 27922735                  /usr/local/hadoop/share/hadoop/common/lib/jcip-annotations-1.0-1.jar
7f933e21b000-7f933e21e000 r--s 00017000 103:02 27922758                  /usr/local/hadoop/share/hadoop/common/lib/jaxb-api-2.2.2.jar
7f933e21e000-7f933e21f000 r--s 00004000 103:02 27922749                  /usr/local/hadoop/share/hadoop/common/lib/java-xmlbuilder-0.4.jar
7f933e21f000-7f933e220000 r--s 00006000 103:02 27922747                  /usr/local/hadoop/share/hadoop/common/lib/jackson-xc-1.9.13.jar
7f933e220000-7f933e221000 r--s 00004000 103:02 27922744                  /usr/local/hadoop/share/hadoop/common/lib/jackson-jaxrs-1.9.13.jar
7f933e221000-7f933e225000 r--s 00035000 103:02 27922715                  /usr/local/hadoop/share/hadoop/common/lib/jackson-core-asl-1.9.13.jar
7f933e225000-7f933e22c000 r--s 00049000 103:02 27922697                  /usr/local/hadoop/share/hadoop/common/lib/httpcore-4.4.4.jar
7f933e22c000-7f933e239000 r--s 000a7000 103:02 27922724                  /usr/local/hadoop/share/hadoop/common/lib/httpclient-4.5.2.jar
7f933e239000-7f933e253000 r--s 00155000 103:02 27922760                  /usr/local/hadoop/share/hadoop/common/lib/htrace-core4-4.1.0-incubating.jar
7f933e253000-7f933e255000 r--s 00009000 103:02 27922730                  /usr/local/hadoop/share/hadoop/common/lib/hamcrest-core-1.3.jar
7f933e255000-7f933e258000 r--s 0001c000 103:02 27922717                  /usr/local/hadoop/share/hadoop/common/lib/hadoop-auth-2.10.0.jar
7f933e258000-7f933e25a000 r--s 0000a000 103:02 27922713                  /usr/local/hadoop/share/hadoop/common/lib/hadoop-annotations-2.10.0.jar
7f933e25a000-7f933e27b000 r--s 00172000 103:02 27922762                  /usr/local/hadoop/share/hadoop/common/lib/guava-11.0.2.jar
7f933e27b000-7f933e280000 r--s 0002a000 103:02 27922699                  /usr/local/hadoop/share/hadoop/common/lib/gson-2.2.4.jar
7f933e280000-7f933e288000 r--s 0003b000 103:02 27922738                  /usr/local/hadoop/share/hadoop/common/lib/curator-recipes-2.7.1.jar
7f933e288000-7f933e28e000 r--s 00028000 103:02 27922751                  /usr/local/hadoop/share/hadoop/common/lib/curator-framework-2.7.1.jar
7f933e28e000-7f933e290000 r--s 0000f000 103:02 27922723                  /usr/local/hadoop/share/hadoop/common/lib/curator-client-2.7.1.jar
7f933e290000-7f933e295000 r--s 0003e000 103:02 27922729                  /usr/local/hadoop/share/hadoop/common/lib/commons-net-3.1.jar
7f933e295000-7f933e2b2000 r--s 0016a000 103:02 27922700                  /usr/local/hadoop/share/hadoop/common/lib/commons-math3-3.1.1.jar
7f933e2b2000-7f933e2b4000 r--s 0000e000 103:02 27922714                  /usr/local/hadoop/share/hadoop/common/lib/commons-logging-1.1.3.jar
7f933e2b4000-7f933e2bb000 r--s 00064000 103:02 27922698                  /usr/local/hadoop/share/hadoop/common/lib/commons-lang3-3.4.jar
7f933e2bb000-7f933e2c0000 r--s 00041000 103:02 27922750                  /usr/local/hadoop/share/hadoop/common/lib/commons-lang-2.6.jar
7f933e2c0000-7f933e2c4000 r--s 0002a000 103:02 27922732                  /usr/local/hadoop/share/hadoop/common/lib/commons-io-2.4.jar
7f933e2c4000-7f933e2c8000 r--s 00020000 103:02 27922708                  /usr/local/hadoop/share/hadoop/common/lib/commons-digester-1.8.jar
7f933e2c8000-7f933e2ce000 r--s 00043000 103:02 27922705                  /usr/local/hadoop/share/hadoop/common/lib/commons-configuration-1.6.jar
7f933e2ce000-7f933e2da000 r--s 0008b000 103:02 27922736                  /usr/local/hadoop/share/hadoop/common/lib/commons-compress-1.19.jar
7f933e2da000-7f933e2e7000 r--s 00083000 103:02 27922709                  /usr/local/hadoop/share/hadoop/common/lib/commons-collections-3.2.2.jar
7f933e2e7000-7f933e2e9000 r--s 0000d000 103:02 27922741                  /usr/local/hadoop/share/hadoop/common/lib/commons-codec-1.4.jar
7f933e2e9000-7f933e2eb000 r--s 00009000 103:02 27922706                  /usr/local/hadoop/share/hadoop/common/lib/commons-cli-1.2.jar
7f933e2eb000-7f933e2f0000 r--s 00038000 103:02 27922728                  /usr/local/hadoop/share/hadoop/common/lib/commons-beanutils-1.9.4.jar
7f933e2f0000-7f933e2f9000 r--s 00062000 103:02 27922712                  /usr/local/hadoop/share/hadoop/common/lib/avro-1.7.7.jar
7f933e2f9000-7f933e2fa000 r--s 0000a000 103:02 27922757                  /usr/local/hadoop/share/hadoop/common/lib/asm-3.2.jar
7f933e2fa000-7f933e2fc000 r--s 00012000 103:02 27922752                  /usr/local/hadoop/share/hadoop/common/lib/api-util-1.0.0-M20.jar
7f933e2fc000-7f933e317000 r--s 00394000 103:02 28583818                  /usr/lib/jvm/java-8-openjdk-amd64/jre/lib/ext/cldrdata.jar
7f933e317000-7f933e318000 ---p 00000000 00:00 0 
7f933e318000-7f933e418000 rw-p 00000000 00:00 0 
7f933e418000-7f933e420000 r-xp 00000000 103:02 30416211                  /lib/x86_64-linux-gnu/libnss_compat-2.23.so
7f933e420000-7f933e61f000 ---p 00008000 103:02 30416211                  /lib/x86_64-linux-gnu/libnss_compat-2.23.so
7f933e61f000-7f933e620000 r--p 00007000 103:02 30416211                  /lib/x86_64-linux-gnu/libnss_compat-2.23.so
7f933e620000-7f933e621000 rw-p 00008000 103:02 30416211                  /lib/x86_64-linux-gnu/libnss_compat-2.23.so
7f933e621000-7f933e624000 r-xp 00000000 103:02 17043956                  /usr/lib/openmpi/lib/openmpi/mca_shmem_mmap.so
7f933e624000-7f933e823000 ---p 00003000 103:02 17043956                  /usr/lib/openmpi/lib/openmpi/mca_shmem_mmap.so
7f933e823000-7f933e824000 r--p 00002000 103:02 17043956                  /usr/lib/openmpi/lib/openmpi/mca_shmem_mmap.so
7f933e824000-7f933e825000 rw-p 00003000 103:02 17043956                  /usr/lib/openmpi/lib/openmpi/mca_shmem_mmap.so
7f933e825000-7f933e827000 r--s 00003000 103:02 27922720                  /usr/local/hadoop/share/hadoop/common/lib/api-asn1-api-1.0.0-M20.jar
7f933e827000-7f933e828000 r-xp 00000000 103:02 17043952                  /usr/lib/openmpi/lib/openmpi/mca_sec_basic.so
7f933e828000-7f933ea27000 ---p 00001000 103:02 17043952                  /usr/lib/openmpi/lib/openmpi/mca_sec_basic.so
7f933ea27000-7f933ea28000 r--p 00000000 103:02 17043952                  /usr/lib/openmpi/lib/openmpi/mca_sec_basic.so
7f933ea28000-7f933ea29000 rw-p 00001000 103:02 17043952                  /usr/lib/openmpi/lib/openmpi/mca_sec_basic.so
7f933ea29000-7f933ea32000 r-xp 00000000 103:02 17046738                  /usr/lib/x86_64-linux-gnu/libltdl.so.7.3.1
7f933ea32000-7f933ec31000 ---p 00009000 103:02 17046738                  /usr/lib/x86_64-linux-gnu/libltdl.so.7.3.1
7f933ec31000-7f933ec32000 r--p 00008000 103:02 17046738                  /usr/lib/x86_64-linux-gnu/libltdl.so.7.3.1
7f933ec32000-7f933ec33000 rw-p 00009000 103:02 17046738                  /usr/lib/x86_64-linux-gnu/libltdl.so.7.3.1
7f933ec33000-7f933ec3d000 r-xp 00000000 103:02 17046746                  /usr/lib/x86_64-linux-gnu/libnuma.so.1.0.0
7f933ec3d000-7f933ee3c000 ---p 0000a000 103:02 17046746                  /usr/lib/x86_64-linux-gnu/libnuma.so.1.0.0
7f933ee3c000-7f933ee3d000 r--p 00009000 103:02 17046746                  /usr/lib/x86_64-linux-gnu/libnuma.so.1.0.0
7f933ee3d000-7f933ee3e000 rw-p 0000a000 103:02 17046746                  /usr/lib/x86_64-linux-gnu/libnuma.so.1.0.0
7f933ee3e000-7f933ee40000 r-xp 00000000 103:02 30416260                  /lib/x86_64-linux-gnu/libutil-2.23.so
7f933ee40000-7f933f03f000 ---p 00002000 103:02 30416260                  /lib/x86_64-linux-gnu/libutil-2.23.so
7f933f03f000-7f933f040000 r--p 00001000 103:02 30416260                  /lib/x86_64-linux-gnu/libutil-2.23.so
7f933f040000-7f933f041000 rw-p 00002000 103:02 30416260                  /lib/x86_64-linux-gnu/libutil-2.23.so
7f933f041000-7f933f048000 r-xp 00000000 103:02 30416250                  /lib/x86_64-linux-gnu/librt-2.23.so
7f933f048000-7f933f247000 ---p 00007000 103:02 30416250                  /lib/x86_64-linux-gnu/librt-2.23.so
7f933f247000-7f933f248000 r--p 00006000 103:02 30416250                  /lib/x86_64-linux-gnu/librt-2.23.so
7f933f248000-7f933f249000 rw-p 00007000 103:02 30416250                  /lib/x86_64-linux-gnu/librt-2.23.so
7f933f249000-7f933f282000 r-xp 00000000 103:02 17046696                  /usr/lib/x86_64-linux-gnu/libhwloc.so.5.6.8
7f933f282000-7f933f481000 ---p 00039000 103:02 17046696                  /usr/lib/x86_64-linux-gnu/libhwloc.so.5.6.8
7f933f481000-7f933f482000 r--p 00038000 103:02 17046696                  /usr/lib/x86_64-linux-gnu/libhwloc.so.5.6.8
7f933f482000-7f933f483000 rw-p 00039000 103:02 17046696                  /usr/lib/x86_64-linux-gnu/libhwloc.so.5.6.8
7f933f483000-7f933f486000 r-xp 00000000 103:02 30416181                  /lib/x86_64-linux-gnu/libdl-2.23.so
7f933f486000-7f933f685000 ---p 00003000 103:02 30416181                  /lib/x86_64-linux-gnu/libdl-2.23.so
7f933f685000-7f933f686000 r--p 00002000 103:02 30416181                  /lib/x86_64-linux-gnu/libdl-2.23.so
7f933f686000-7f933f687000 rw-p 00003000 103:02 30416181                  /lib/x86_64-linux-gnu/libdl-2.23.so
7f933f687000-7f933f78f000 r-xp 00000000 103:02 30416198                  /lib/x86_64-linux-gnu/libm-2.23.so
7f933f78f000-7f933f98e000 ---p 00108000 103:02 30416198                  /lib/x86_64-linux-gnu/libm-2.23.so
7f933f98e000-7f933f98f000 r--p 00107000 103:02 30416198                  /lib/x86_64-linux-gnu/libm-2.23.so
7f933f98f000-7f933f990000 rw-p 00108000 103:02 30416198                  /lib/x86_64-linux-gnu/libm-2.23.so
7f933f990000-7f933fa20000 r-xp 00000000 103:02 17043848                  /usr/lib/openmpi/lib/libopen-pal.so.13.0.2
7f933fa20000-7f933fc20000 ---p 00090000 103:02 17043848                  /usr/lib/openmpi/lib/libopen-pal.so.13.0.2
7f933fc20000-7f933fc24000 r--p 00090000 103:02 17043848                  /usr/lib/openmpi/lib/libopen-pal.so.13.0.2
7f933fc24000-7f933fc28000 rw-p 00094000 103:02 17043848                  /usr/lib/openmpi/lib/libopen-pal.so.13.0.2
7f933fc28000-7f933fc2d000 rw-p 00000000 00:00 0 
7f933fc2d000-7f933fca2000 r-xp 00000000 103:02 17043850                  /usr/lib/openmpi/lib/libopen-rte.so.12.0.2
7f933fca2000-7f933fea1000 ---p 00075000 103:02 17043850                  /usr/lib/openmpi/lib/libopen-rte.so.12.0.2
7f933fea1000-7f933fea2000 r--p 00074000 103:02 17043850                  /usr/lib/openmpi/lib/libopen-rte.so.12.0.2
7f933fea2000-7f933fea5000 rw-p 00075000 103:02 17043850                  /usr/lib/openmpi/lib/libopen-rte.so.12.0.2
7f933fea5000-7f933fea7000 rw-p 00000000 00:00 0 
7f933fea7000-7f933feb4000 r-xp 00000000 103:02 17043046                  /usr/lib/libibverbs.so.1.0.0
7f933feb4000-7f93400b4000 ---p 0000d000 103:02 17043046                  /usr/lib/libibverbs.so.1.0.0
7f93400b4000-7f93400b5000 r--p 0000d000 103:02 17043046                  /usr/lib/libibverbs.so.1.0.0
7f93400b5000-7f93400b6000 rw-p 0000e000 103:02 17043046                  /usr/lib/libibverbs.so.1.0.0
7f93400b6000-7f93400ce000 r-xp 00000000 103:02 30416246                  /lib/x86_64-linux-gnu/libpthread-2.23.so
7f93400ce000-7f93402cd000 ---p 00018000 103:02 30416246                  /lib/x86_64-linux-gnu/libpthread-2.23.so
7f93402cd000-7f93402ce000 r--p 00017000 103:02 30416246                  /lib/x86_64-linux-gnu/libpthread-2.23.so
7f93402ce000-7f93402cf000 rw-p 00018000 103:02 30416246                  /lib/x86_64-linux-gnu/libpthread-2.23.so
7f93402cf000-7f93402d3000 rw-p 00000000 00:00 0 
7f93402d3000-7f9340f3e000 r-xp 00000000 103:02 28583776                  /usr/lib/jvm/java-8-openjdk-amd64/jre/lib/amd64/server/libjvm.so
7f9340f3e000-7f934113d000 ---p 00c6b000 103:02 28583776                  /usr/lib/jvm/java-8-openjdk-amd64/jre/lib/amd64/server/libjvm.so
7f934113d000-7f93411d2000 r--p 00c6a000 103:02 28583776                  /usr/lib/jvm/java-8-openjdk-amd64/jre/lib/amd64/server/libjvm.so
7f93411d2000-7f93411fb000 rw-p 00cff000 103:02 28583776                  /usr/lib/jvm/java-8-openjdk-amd64/jre/lib/amd64/server/libjvm.so
7f93411fb000-7f934122b000 rw-p 00000000 00:00 0 
7f934122b000-7f93413eb000 r-xp 00000000 103:02 30416171                  /lib/x86_64-linux-gnu/libc-2.23.so
7f93413eb000-7f93415eb000 ---p 001c0000 103:02 30416171                  /lib/x86_64-linux-gnu/libc-2.23.so
7f93415eb000-7f93415ef000 r--p 001c0000 103:02 30416171                  /lib/x86_64-linux-gnu/libc-2.23.so
7f93415ef000-7f93415f1000 rw-p 001c4000 103:02 30416171                  /lib/x86_64-linux-gnu/libc-2.23.so
7f93415f1000-7f93415f5000 rw-p 00000000 00:00 0 
7f93415f5000-7f934160c000 r-xp 00000000 103:02 18483128                  /lib/x86_64-linux-gnu/libgcc_s.so.1
7f934160c000-7f934180b000 ---p 00017000 103:02 18483128                  /lib/x86_64-linux-gnu/libgcc_s.so.1
7f934180b000-7f934180c000 r--p 00016000 103:02 18483128                  /lib/x86_64-linux-gnu/libgcc_s.so.1
7f934180c000-7f934180d000 rw-p 00017000 103:02 18483128                  /lib/x86_64-linux-gnu/libgcc_s.so.1
7f934180d000-7f9341989000 r-xp 00000000 103:02 18484382                  /usr/lib/x86_64-linux-gnu/libstdc++.so.6.0.25
7f9341989000-7f9341b89000 ---p 0017c000 103:02 18484382                  /usr/lib/x86_64-linux-gnu/libstdc++.so.6.0.25
7f9341b89000-7f9341b93000 r--p 0017c000 103:02 18484382                  /usr/lib/x86_64-linux-gnu/libstdc++.so.6.0.25
7f9341b93000-7f9341b95000 rw-p 00186000 103:02 18484382                  /usr/lib/x86_64-linux-gnu/libstdc++.so.6.0.25
7f9341b95000-7f9341b99000 rw-p 00000000 00:00 0 
7f9341b99000-7f9341c4b000 r-xp 00000000 103:02 17043836                  /usr/lib/openmpi/lib/libmpi.so.12.0.2
7f9341c4b000-7f9341e4b000 ---p 000b2000 103:02 17043836                  /usr/lib/openmpi/lib/libmpi.so.12.0.2
7f9341e4b000-7f9341e4c000 r--p 000b2000 103:02 17043836                  /usr/lib/openmpi/lib/libmpi.so.12.0.2
7f9341e4c000-7f9341e5c000 rw-p 000b3000 103:02 17043836                  /usr/lib/openmpi/lib/libmpi.so.12.0.2
7f9341e5c000-7f9341e6f000 rw-p 00000000 00:00 0 
7f9341e6f000-7f9341e87000 r-xp 00000000 103:02 17043838                  /usr/lib/openmpi/lib/libmpi_cxx.so.1.1.3
7f9341e87000-7f9342087000 ---p 00018000 103:02 17043838                  /usr/lib/openmpi/lib/libmpi_cxx.so.1.1.3
7f9342087000-7f9342089000 r--p 00018000 103:02 17043838                  /usr/lib/openmpi/lib/libmpi_cxx.so.1.1.3
7f9342089000-7f934208a000 rw-p 0001a000 103:02 17043838                  /usr/lib/openmpi/lib/libmpi_cxx.so.1.1.3
7f934208a000-7f934209a000 r-xp 00000000 103:02 27922945                  /usr/local/hadoop/lib/native/libhdfs.so.0.0.0
7f934209a000-7f9342299000 ---p 00010000 103:02 27922945                  /usr/local/hadoop/lib/native/libhdfs.so.0.0.0
7f9342299000-7f934229a000 r--p 0000f000 103:02 27922945                  /usr/local/hadoop/lib/native/libhdfs.so.0.0.0
7f934229a000-7f934229b000 rw-p 00010000 103:02 27922945                  /usr/local/hadoop/lib/native/libhdfs.so.0.0.0
7f934229b000-7f93422c1000 r-xp 00000000 103:02 30416160                  /lib/x86_64-linux-gnu/ld-2.23.so
7f93422c1000-7f93422d3000 r--s 00097000 103:02 27922718                  /usr/local/hadoop/share/hadoop/common/lib/apacheds-kerberos-codec-2.0.0-M15.jar
7f93422d3000-7f93422d4000 r--s 0000a000 103:02 27922725                  /usr/local/hadoop/share/hadoop/common/lib/apacheds-i18n-2.0.0-M15.jar
7f93422d4000-7f93422d7000 r--s 0000f000 103:02 28583813                  /usr/lib/jvm/java-8-openjdk-amd64/jre/lib/ext/icedtea-sound.jar
7f93422d7000-7f93422f2000 r--s 001d6000 103:02 28583814                  /usr/lib/jvm/java-8-openjdk-amd64/jre/lib/ext/nashorn.jar
7f93422f2000-7f934238e000 rw-p 00000000 00:00 0 
7f934238e000-7f934238f000 ---p 00000000 00:00 0 
7f934238f000-7f934249a000 rw-p 00000000 00:00 0 
7f934249a000-7f934249c000 r--s 0000e000 103:02 27922703                  /usr/local/hadoop/share/hadoop/common/lib/activation-1.1.jar
7f934249c000-7f93424a2000 r--s 0003d000 103:02 28583816                  /usr/lib/jvm/java-8-openjdk-amd64/jre/lib/ext/sunjce_provider.jar
7f93424a2000-7f93424a6000 r--s 0003a000 103:02 28583815                  /usr/lib/jvm/java-8-openjdk-amd64/jre/lib/ext/sunpkcs11.jar
7f93424a6000-7f93424b0000 r--s 00117000 103:02 28583817                  /usr/lib/jvm/java-8-openjdk-amd64/jre/lib/ext/localedata.jar
7f93424b0000-7f93424b1000 r--s 0000a000 103:02 28583812                  /usr/lib/jvm/java-8-openjdk-amd64/jre/lib/ext/jaccess.jar
7f93424b1000-7f93424b2000 r--s 0000d000 103:02 28583810                  /usr/lib/jvm/java-8-openjdk-amd64/jre/lib/ext/sunec.jar
7f93424b2000-7f93424b3000 r--s 00010000 103:02 28583811                  /usr/lib/jvm/java-8-openjdk-amd64/jre/lib/ext/zipfs.jar
7f93424b3000-7f93424b5000 r--s 00001000 103:02 28583819                  /usr/lib/jvm/java-8-openjdk-amd64/jre/lib/ext/dnsns.jar
7f93424b5000-7f93424bd000 rw-s 00000000 103:02 29370766                  /tmp/hsperfdata_root/16552
7f93424bd000-7f93424be000 rw-p 00000000 00:00 0 
7f93424be000-7f93424bf000 r--p 00000000 00:00 0 
7f93424bf000-7f93424c0000 rw-p 00000000 00:00 0 
7f93424c0000-7f93424c1000 r--p 00025000 103:02 30416160                  /lib/x86_64-linux-gnu/ld-2.23.so
7f93424c1000-7f93424c2000 rw-p 00026000 103:02 30416160                  /lib/x86_64-linux-gnu/ld-2.23.so
7f93424c2000-7f93424c3000 rw-p 00000000 00:00 0 
7fff8606b000-7fff8606e000 ---p 00000000 00:00 0 
7fff8606e000-7fff8616b000 rw-p 00000000 00:00 0                          [stack]
7fff8617f000-7fff86182000 r--p 00000000 00:00 0                          [vvar]
7fff86182000-7fff86184000 r-xp 00000000 00:00 0                          [vdso]
ffffffffff600000-ffffffffff601000 r-xp 00000000 00:00 0                  [vsyscall]

VM Arguments:
java_command: <unknown>
java_class_path (initial): :/usr/local/hadoop/etc/hadoop:/usr/local/hadoop/share/hadoop/common/lib/activation-1.1.jar:/usr/local/hadoop/share/hadoop/common/lib/apacheds-i18n-2.0.0-M15.jar:/usr/local/hadoop/share/hadoop/common/lib/apacheds-kerberos-codec-2.0.0-M15.jar:/usr/local/hadoop/share/hadoop/common/lib/api-asn1-api-1.0.0-M20.jar:/usr/local/hadoop/share/hadoop/common/lib/api-util-1.0.0-M20.jar:/usr/local/hadoop/share/hadoop/common/lib/asm-3.2.jar:/usr/local/hadoop/share/hadoop/common/lib/avro-1.7.7.jar:/usr/local/hadoop/share/hadoop/common/lib/commons-beanutils-1.9.4.jar:/usr/local/hadoop/share/hadoop/common/lib/commons-cli-1.2.jar:/usr/local/hadoop/share/hadoop/common/lib/commons-codec-1.4.jar:/usr/local/hadoop/share/hadoop/common/lib/commons-collections-3.2.2.jar:/usr/local/hadoop/share/hadoop/common/lib/commons-compress-1.19.jar:/usr/local/hadoop/share/hadoop/common/lib/commons-configuration-1.6.jar:/usr/local/hadoop/share/hadoop/common/lib/commons-digester-1.8.jar:/usr/local/hadoop/share/hadoop/common/lib/commons-io-2.4.jar:/usr/local/hadoop/share/hadoop/common/lib/commons-lang-2.6.jar:/usr/local/hadoop/share/hadoop/common/lib/commons-lang3-3.4.jar:/usr/local/hadoop/share/hadoop/common/lib/commons-logging-1.1.3.jar:/usr/local/hadoop/share/hadoop/common/lib/commons-math3-3.1.1.jar:/usr/local/hadoop/share/hadoop/common/lib/commons-net-3.1.jar:/usr/local/hadoop/share/hadoop/common/lib/curator-client-2.7.1.jar:/usr/local/hadoop/share/hadoop/common/lib/curator-framework-2.7.1.jar:/usr/local/hadoop/share/hadoop/common/lib/curator-recipes-2.7.1.jar:/usr/local/hadoop/share/hadoop/common/lib/gson-2.2.4.jar:/usr/local/hadoop/share/hadoop/common/lib/guava-11.0.2.jar:/usr/local/hadoop/share/hadoop/common/lib/hadoop-annotations-2.10.0.jar:/usr/local/hadoop/share/hadoop/common/lib/hadoop-auth-2.10.0.jar:/usr/local/hadoop/share/hadoop/common/lib/hamcrest-core-1.3.jar:/usr/local/hadoop/share/hadoop/common/lib/htrace-core4-4.1.0-incubating.jar:/usr/local/hadoop/share/hado
Launcher Type: generic

Environment Variables:
JAVA_HOME=/usr/lib/jvm/java-8-openjdk-amd64
PATH=/usr/local/cuda/bin:/usr/local/miniconda3/bin:/root/.vscode-server/bin/d2e414d9e4239a252d1ab117bd7067f125afd80a/bin:/usr/local/miniconda3/envs/dl10/bin:/usr/local/miniconda3/condabin:/usr/local/cuda/bin:/usr/local/miniconda3/bin:/remote-home/source/envs/bin:/remote-home/source/envs/bin:/remote-home/source/envs/bin:/remote-home/source/envs/bin:/remote-home/source/envs/bin:/root/.vscode-server/bin/d2e414d9e4239a252d1ab117bd7067f125afd80a/bin:/usr/local/sbin:/usr/local/bin:/usr/sbin:/usr/bin:/sbin:/bin:/snap/bin:/usr/local/mpich/bin:/usr/local/hadoop/bin:/usr/local/hadoop/sbin:/usr/local/mpich/bin:/usr/local/hadoop/bin:/usr/local/hadoop/sbin
LD_LIBRARY_PATH=:/usr/lib/jvm/java-8-openjdk-amd64/jre/lib/amd64/server:/usr/local/hadoop/lib/native:/usr/lib/jvm/java-8-openjdk-amd64/jre/lib/amd64/server:/usr/local/hadoop/lib/native
SHELL=/bin/bash

Signal Handlers:
SIGSEGV: [libjvm.so+0xa791d0], sa_mask[0]=11111111011111111101111111111110, sa_flags=SA_RESTART|SA_SIGINFO
SIGBUS: [libjvm.so+0xa791d0], sa_mask[0]=11111111011111111101111111111110, sa_flags=SA_RESTART|SA_SIGINFO
SIGFPE: [libjvm.so+0x8bd050], sa_mask[0]=11111111011111111101111111111110, sa_flags=SA_RESTART|SA_SIGINFO
SIGPIPE: [libjvm.so+0x8bd050], sa_mask[0]=11111111011111111101111111111110, sa_flags=SA_RESTART|SA_SIGINFO
SIGXFSZ: [libjvm.so+0x8bd050], sa_mask[0]=11111111011111111101111111111110, sa_flags=SA_RESTART|SA_SIGINFO
SIGILL: [libjvm.so+0x8bd050], sa_mask[0]=11111111011111111101111111111110, sa_flags=SA_RESTART|SA_SIGINFO
SIGUSR1: SIG_DFL, sa_mask[0]=00000000000000000000000000000000, sa_flags=none
SIGUSR2: [libjvm.so+0x8bcf00], sa_mask[0]=00000000000000000000000000000000, sa_flags=SA_RESTART|SA_SIGINFO
SIGHUP: [libjvm.so+0x8bd590], sa_mask[0]=11111111011111111101111111111110, sa_flags=SA_RESTART|SA_SIGINFO
SIGINT: [libjvm.so+0x8bd590], sa_mask[0]=11111111011111111101111111111110, sa_flags=SA_RESTART|SA_SIGINFO
SIGTERM: [libjvm.so+0x8bd590], sa_mask[0]=11111111011111111101111111111110, sa_flags=SA_RESTART|SA_SIGINFO
SIGQUIT: [libjvm.so+0x8bd590], sa_mask[0]=11111111011111111101111111111110, sa_flags=SA_RESTART|SA_SIGINFO


---------------  S Y S T E M  ---------------

OS:DISTRIB_ID=Ubuntu
DISTRIB_RELEASE=16.04
DISTRIB_CODENAME=xenial
DISTRIB_DESCRIPTION="Ubuntu 16.04.5 LTS"

uname:Linux 4.15.0-120-generic #122~16.04.1-Ubuntu SMP Wed Sep 30 15:09:00 UTC 2020 x86_64
libc:glibc 2.23 NPTL 2.23 
rlimit: STACK 8192k, CORE infinity, NPROC infinity, NOFILE 1048576, AS infinity
load average:0.23 0.19 0.15

/proc/meminfo:
MemTotal:       32611832 kB
MemFree:        21305396 kB
MemAvailable:   25939232 kB
Buffers:         1316004 kB
Cached:          3054088 kB
SwapCached:            0 kB
Active:          8286572 kB
Inactive:        1797008 kB
Active(anon):    5709796 kB
Inactive(anon):    46772 kB
Active(file):    2576776 kB
Inactive(file):  1750236 kB
Unevictable:          48 kB
Mlocked:              48 kB
SwapTotal:        999420 kB
SwapFree:         999420 kB
Dirty:                92 kB
Writeback:             0 kB
AnonPages:       5711716 kB
Mapped:           461720 kB
Shmem:             48188 kB
Slab:             976680 kB
SReclaimable:     776184 kB
SUnreclaim:       200496 kB
KernelStack:       16576 kB
PageTables:        50052 kB
NFS_Unstable:          0 kB
Bounce:                0 kB
WritebackTmp:          0 kB
CommitLimit:    17305336 kB
Committed_AS:   12575252 kB
VmallocTotal:   34359738367 kB
VmallocUsed:           0 kB
VmallocChunk:          0 kB
HardwareCorrupted:     0 kB
AnonHugePages:         0 kB
ShmemHugePages:        0 kB
ShmemPmdMapped:        0 kB
CmaTotal:              0 kB
CmaFree:               0 kB
HugePages_Total:       0
HugePages_Free:        0
HugePages_Rsvd:        0
HugePages_Surp:        0
Hugepagesize:       2048 kB
DirectMap4k:      468100 kB
DirectMap2M:    15978496 kB
DirectMap1G:    16777216 kB

container (cgroup) information:
container_type: cgroupv1
cpu_cpuset_cpus: 0-11
cpu_memory_nodes: 0
active_processor_count: 12
cpu_quota: -1
cpu_period: 100000
cpu_shares: -1
memory_limit_in_bytes: -1
memory_and_swap_limit_in_bytes: -2
memory_soft_limit_in_bytes: -1
memory_usage_in_bytes: 6259523584
memory_max_usage_in_bytes: 18128674816


CPU:total 12 (initial active 12) (6 cores per cpu, 2 threads per core) family 6 model 85 stepping 4, cmov, cx8, fxsr, mmx, sse, sse2, sse3, ssse3, sse4.1, sse4.2, popcnt, avx, avx2, aes, clmul, erms, rtm, 3dnowpref, lzcnt, ht, tsc, tscinvbit, bmi1, bmi2, adx

/proc/cpuinfo:
processor	: 0
vendor_id	: GenuineIntel
cpu family	: 6
model		: 85
model name	: Intel(R) Xeon(R) W-2135 CPU @ 3.70GHz
stepping	: 4
microcode	: 0x2006906
cpu MHz		: 3792.047
cache size	: 8448 KB
physical id	: 0
siblings	: 12
core id		: 0
cpu cores	: 6
apicid		: 0
initial apicid	: 0
fpu		: yes
fpu_exception	: yes
cpuid level	: 22
wp		: yes
flags		: fpu vme de pse tsc msr pae mce cx8 apic sep mtrr pge mca cmov pat pse36 clflush dts acpi mmx fxsr sse sse2 ss ht tm pbe syscall nx pdpe1gb rdtscp lm constant_tsc art arch_perfmon pebs bts rep_good nopl xtopology nonstop_tsc cpuid aperfmperf pni pclmulqdq dtes64 monitor ds_cpl vmx smx est tm2 ssse3 sdbg fma cx16 xtpr pdcm pcid dca sse4_1 sse4_2 x2apic movbe popcnt tsc_deadline_timer aes xsave avx f16c rdrand lahf_lm abm 3dnowprefetch cpuid_fault epb cat_l3 cdp_l3 invpcid_single pti intel_ppin ssbd mba ibrs ibpb stibp tpr_shadow vnmi flexpriority ept vpid fsgsbase tsc_adjust bmi1 hle avx2 smep bmi2 erms invpcid rtm cqm mpx rdt_a avx512f avx512dq rdseed adx smap clflushopt clwb intel_pt avx512cd avx512bw avx512vl xsaveopt xsavec xgetbv1 xsaves cqm_llc cqm_occup_llc cqm_mbm_total cqm_mbm_local dtherm ida arat pln pts hwp hwp_act_window hwp_epp hwp_pkg_req md_clear flush_l1d
bugs		: cpu_meltdown spectre_v1 spectre_v2 spec_store_bypass l1tf mds swapgs taa itlb_multihit
bogomips	: 7399.70
clflush size	: 64
cache_alignment	: 64
address sizes	: 46 bits physical, 48 bits virtual
power management:

processor	: 1
vendor_id	: GenuineIntel
cpu family	: 6
model		: 85
model name	: Intel(R) Xeon(R) W-2135 CPU @ 3.70GHz
stepping	: 4
microcode	: 0x2006906
cpu MHz		: 1216.903
cache size	: 8448 KB
physical id	: 0
siblings	: 12
core id		: 1
cpu cores	: 6
apicid		: 2
initial apicid	: 2
fpu		: yes
fpu_exception	: yes
cpuid level	: 22
wp		: yes
flags		: fpu vme de pse tsc msr pae mce cx8 apic sep mtrr pge mca cmov pat pse36 clflush dts acpi mmx fxsr sse sse2 ss ht tm pbe syscall nx pdpe1gb rdtscp lm constant_tsc art arch_perfmon pebs bts rep_good nopl xtopology nonstop_tsc cpuid aperfmperf pni pclmulqdq dtes64 monitor ds_cpl vmx smx est tm2 ssse3 sdbg fma cx16 xtpr pdcm pcid dca sse4_1 sse4_2 x2apic movbe popcnt tsc_deadline_timer aes xsave avx f16c rdrand lahf_lm abm 3dnowprefetch cpuid_fault epb cat_l3 cdp_l3 invpcid_single pti intel_ppin ssbd mba ibrs ibpb stibp tpr_shadow vnmi flexpriority ept vpid fsgsbase tsc_adjust bmi1 hle avx2 smep bmi2 erms invpcid rtm cqm mpx rdt_a avx512f avx512dq rdseed adx smap clflushopt clwb intel_pt avx512cd avx512bw avx512vl xsaveopt xsavec xgetbv1 xsaves cqm_llc cqm_occup_llc cqm_mbm_total cqm_mbm_local dtherm ida arat pln pts hwp hwp_act_window hwp_epp hwp_pkg_req md_clear flush_l1d
bugs		: cpu_meltdown spectre_v1 spectre_v2 spec_store_bypass l1tf mds swapgs taa itlb_multihit
bogomips	: 7399.70
clflush size	: 64
cache_alignment	: 64
address sizes	: 46 bits physical, 48 bits virtual
power management:

processor	: 2
vendor_id	: GenuineIntel
cpu family	: 6
model		: 85
model name	: Intel(R) Xeon(R) W-2135 CPU @ 3.70GHz
stepping	: 4
microcode	: 0x2006906
cpu MHz		: 1253.111
cache size	: 8448 KB
physical id	: 0
siblings	: 12
core id		: 2
cpu cores	: 6
apicid		: 4
initial apicid	: 4
fpu		: yes
fpu_exception	: yes
cpuid level	: 22
wp		: yes
flags		: fpu vme de pse tsc msr pae mce cx8 apic sep mtrr pge mca cmov pat pse36 clflush dts acpi mmx fxsr sse sse2 ss ht tm pbe syscall nx pdpe1gb rdtscp lm constant_tsc art arch_perfmon pebs bts rep_good nopl xtopology nonstop_tsc cpuid aperfmperf pni pclmulqdq dtes64 monitor ds_cpl vmx smx est tm2 ssse3 sdbg fma cx16 xtpr pdcm pcid dca sse4_1 sse4_2 x2apic movbe popcnt tsc_deadline_timer aes xsave avx f16c rdrand lahf_lm abm 3dnowprefetch cpuid_fault epb cat_l3 cdp_l3 invpcid_single pti intel_ppin ssbd mba ibrs ibpb stibp tpr_shadow vnmi flexpriority ept vpid fsgsbase tsc_adjust bmi1 hle avx2 smep bmi2 erms invpcid rtm cqm mpx rdt_a avx512f avx512dq rdseed adx smap clflushopt clwb intel_pt avx512cd avx512bw avx512vl xsaveopt xsavec xgetbv1 xsaves cqm_llc cqm_occup_llc cqm_mbm_total cqm_mbm_local dtherm ida arat pln pts hwp hwp_act_window hwp_epp hwp_pkg_req md_clear flush_l1d
bugs		: cpu_meltdown spectre_v1 spectre_v2 spec_store_bypass l1tf mds swapgs taa itlb_multihit
bogomips	: 7399.70
clflush size	: 64
cache_alignment	: 64
address sizes	: 46 bits physical, 48 bits virtual
power management:

processor	: 3
vendor_id	: GenuineIntel
cpu family	: 6
model		: 85
model name	: Intel(R) Xeon(R) W-2135 CPU @ 3.70GHz
stepping	: 4
microcode	: 0x2006906
cpu MHz		: 1200.029
cache size	: 8448 KB
physical id	: 0
siblings	: 12
core id		: 3
cpu cores	: 6
apicid		: 6
initial apicid	: 6
fpu		: yes
fpu_exception	: yes
cpuid level	: 22
wp		: yes
flags		: fpu vme de pse tsc msr pae mce cx8 apic sep mtrr pge mca cmov pat pse36 clflush dts acpi mmx fxsr sse sse2 ss ht tm pbe syscall nx pdpe1gb rdtscp lm constant_tsc art arch_perfmon pebs bts rep_good nopl xtopology nonstop_tsc cpuid aperfmperf pni pclmulqdq dtes64 monitor ds_cpl vmx smx est tm2 ssse3 sdbg fma cx16 xtpr pdcm pcid dca sse4_1 sse4_2 x2apic movbe popcnt tsc_deadline_timer aes xsave avx f16c rdrand lahf_lm abm 3dnowprefetch cpuid_fault epb cat_l3 cdp_l3 invpcid_single pti intel_ppin ssbd mba ibrs ibpb stibp tpr_shadow vnmi flexpriority ept vpid fsgsbase tsc_adjust bmi1 hle avx2 smep bmi2 erms invpcid rtm cqm mpx rdt_a avx512f avx512dq rdseed adx smap clflushopt clwb intel_pt avx512cd avx512bw avx512vl xsaveopt xsavec xgetbv1 xsaves cqm_llc cqm_occup_llc cqm_mbm_total cqm_mbm_local dtherm ida arat pln pts hwp hwp_act_window hwp_epp hwp_pkg_req md_clear flush_l1d
bugs		: cpu_meltdown spectre_v1 spectre_v2 spec_store_bypass l1tf mds swapgs taa itlb_multihit
bogomips	: 7399.70
clflush size	: 64
cache_alignment	: 64
address sizes	: 46 bits physical, 48 bits virtual
power management:

processor	: 4
vendor_id	: GenuineIntel
cpu family	: 6
model		: 85
model name	: Intel(R) Xeon(R) W-2135 CPU @ 3.70GHz
stepping	: 4
microcode	: 0x2006906
cpu MHz		: 1200.082
cache size	: 8448 KB
physical id	: 0
siblings	: 12
core id		: 4
cpu cores	: 6
apicid		: 8
initial apicid	: 8
fpu		: yes
fpu_exception	: yes
cpuid level	: 22
wp		: yes
flags		: fpu vme de pse tsc msr pae mce cx8 apic sep mtrr pge mca cmov pat pse36 clflush dts acpi mmx fxsr sse sse2 ss ht tm pbe syscall nx pdpe1gb rdtscp lm constant_tsc art arch_perfmon pebs bts rep_good nopl xtopology nonstop_tsc cpuid aperfmperf pni pclmulqdq dtes64 monitor ds_cpl vmx smx est tm2 ssse3 sdbg fma cx16 xtpr pdcm pcid dca sse4_1 sse4_2 x2apic movbe popcnt tsc_deadline_timer aes xsave avx f16c rdrand lahf_lm abm 3dnowprefetch cpuid_fault epb cat_l3 cdp_l3 invpcid_single pti intel_ppin ssbd mba ibrs ibpb stibp tpr_shadow vnmi flexpriority ept vpid fsgsbase tsc_adjust bmi1 hle avx2 smep bmi2 erms invpcid rtm cqm mpx rdt_a avx512f avx512dq rdseed adx smap clflushopt clwb intel_pt avx512cd avx512bw avx512vl xsaveopt xsavec xgetbv1 xsaves cqm_llc cqm_occup_llc cqm_mbm_total cqm_mbm_local dtherm ida arat pln pts hwp hwp_act_window hwp_epp hwp_pkg_req md_clear flush_l1d
bugs		: cpu_meltdown spectre_v1 spectre_v2 spec_store_bypass l1tf mds swapgs taa itlb_multihit
bogomips	: 7399.70
clflush size	: 64
cache_alignment	: 64
address sizes	: 46 bits physical, 48 bits virtual
power management:

processor	: 5
vendor_id	: GenuineIntel
cpu family	: 6
model		: 85
model name	: Intel(R) Xeon(R) W-2135 CPU @ 3.70GHz
stepping	: 4
microcode	: 0x2006906
cpu MHz		: 1201.258
cache size	: 8448 KB
physical id	: 0
siblings	: 12
core id		: 5
cpu cores	: 6
apicid		: 10
initial apicid	: 10
fpu		: yes
fpu_exception	: yes
cpuid level	: 22
wp		: yes
flags		: fpu vme de pse tsc msr pae mce cx8 apic sep mtrr pge mca cmov pat pse36 clflush dts acpi mmx fxsr sse sse2 ss ht tm pbe syscall nx pdpe1gb rdtscp lm constant_tsc art arch_perfmon pebs bts rep_good nopl xtopology nonstop_tsc cpuid aperfmperf pni pclmulqdq dtes64 monitor ds_cpl vmx smx est tm2 ssse3 sdbg fma cx16 xtpr pdcm pcid dca sse4_1 sse4_2 x2apic movbe popcnt tsc_deadline_timer aes xsave avx f16c rdrand lahf_lm abm 3dnowprefetch cpuid_fault epb cat_l3 cdp_l3 invpcid_single pti intel_ppin ssbd mba ibrs ibpb stibp tpr_shadow vnmi flexpriority ept vpid fsgsbase tsc_adjust bmi1 hle avx2 smep bmi2 erms invpcid rtm cqm mpx rdt_a avx512f avx512dq rdseed adx smap clflushopt clwb intel_pt avx512cd avx512bw avx512vl xsaveopt xsavec xgetbv1 xsaves cqm_llc cqm_occup_llc cqm_mbm_total cqm_mbm_local dtherm ida arat pln pts hwp hwp_act_window hwp_epp hwp_pkg_req md_clear flush_l1d
bugs		: cpu_meltdown spectre_v1 spectre_v2 spec_store_bypass l1tf mds swapgs taa itlb_multihit
bogomips	: 7399.70
clflush size	: 64
cache_alignment	: 64
address sizes	: 46 bits physical, 48 bits virtual
power management:

processor	: 6
vendor_id	: GenuineIntel
cpu family	: 6
model		: 85
model name	: Intel(R) Xeon(R) W-2135 CPU @ 3.70GHz
stepping	: 4
microcode	: 0x2006906
cpu MHz		: 3188.841
cache size	: 8448 KB
physical id	: 0
siblings	: 12
core id		: 0
cpu cores	: 6
apicid		: 1
initial apicid	: 1
fpu		: yes
fpu_exception	: yes
cpuid level	: 22
wp		: yes
flags		: fpu vme de pse tsc msr pae mce cx8 apic sep mtrr pge mca cmov pat pse36 clflush dts acpi mmx fxsr sse sse2 ss ht tm pbe syscall nx pdpe1gb rdtscp lm constant_tsc art arch_perfmon pebs bts rep_good nopl xtopology nonstop_tsc cpuid aperfmperf pni pclmulqdq dtes64 monitor ds_cpl vmx smx est tm2 ssse3 sdbg fma cx16 xtpr pdcm pcid dca sse4_1 sse4_2 x2apic movbe popcnt tsc_deadline_timer aes xsave avx f16c rdrand lahf_lm abm 3dnowprefetch cpuid_fault epb cat_l3 cdp_l3 invpcid_single pti intel_ppin ssbd mba ibrs ibpb stibp tpr_shadow vnmi flexpriority ept vpid fsgsbase tsc_adjust bmi1 hle avx2 smep bmi2 erms invpcid rtm cqm mpx rdt_a avx512f avx512dq rdseed adx smap clflushopt clwb intel_pt avx512cd avx512bw avx512vl xsaveopt xsavec xgetbv1 xsaves cqm_llc cqm_occup_llc cqm_mbm_total cqm_mbm_local dtherm ida arat pln pts hwp hwp_act_window hwp_epp hwp_pkg_req md_clear flush_l1d
bugs		: cpu_meltdown spectre_v1 spectre_v2 spec_store_bypass l1tf mds swapgs taa itlb_multihit
bogomips	: 7399.70
clflush size	: 64
cache_alignment	: 64
address sizes	: 46 bits physical, 48 bits virtual
power management:

processor	: 7
vendor_id	: GenuineIntel
cpu family	: 6
model		: 85
model name	: Intel(R) Xeon(R) W-2135 CPU @ 3.70GHz
stepping	: 4
microcode	: 0x2006906
cpu MHz		: 1268.250
cache size	: 8448 KB
physical id	: 0
siblings	: 12
core id		: 1
cpu cores	: 6
apicid		: 3
initial apicid	: 3
fpu		: yes
fpu_exception	: yes
cpuid level	: 22
wp		: yes
flags		: fpu vme de pse tsc msr pae mce cx8 apic sep mtrr pge mca cmov pat pse36 clflush dts acpi mmx fxsr sse sse2 ss ht tm pbe syscall nx pdpe1gb rdtscp lm constant_tsc art arch_perfmon pebs bts rep_good nopl xtopology nonstop_tsc cpuid aperfmperf pni pclmulqdq dtes64 monitor ds_cpl vmx smx est tm2 ssse3 sdbg fma cx16 xtpr pdcm pcid dca sse4_1 sse4_2 x2apic movbe popcnt tsc_deadline_timer aes xsave avx f16c rdrand lahf_lm abm 3dnowprefetch cpuid_fault epb cat_l3 cdp_l3 invpcid_single pti intel_ppin ssbd mba ibrs ibpb stibp tpr_shadow vnmi flexpriority ept vpid fsgsbase tsc_adjust bmi1 hle avx2 smep bmi2 erms invpcid rtm cqm mpx rdt_a avx512f avx512dq rdseed adx smap clflushopt clwb intel_pt avx512cd avx512bw avx512vl xsaveopt xsavec xgetbv1 xsaves cqm_llc cqm_occup_llc cqm_mbm_total cqm_mbm_local dtherm ida arat pln pts hwp hwp_act_window hwp_epp hwp_pkg_req md_clear flush_l1d
bugs		: cpu_meltdown spectre_v1 spectre_v2 spec_store_bypass l1tf mds swapgs taa itlb_multihit
bogomips	: 7399.70
clflush size	: 64
cache_alignment	: 64
address sizes	: 46 bits physical, 48 bits virtual
power management:

processor	: 8
vendor_id	: GenuineIntel
cpu family	: 6
model		: 85
model name	: Intel(R) Xeon(R) W-2135 CPU @ 3.70GHz
stepping	: 4
microcode	: 0x2006906
cpu MHz		: 1363.606
cache size	: 8448 KB
physical id	: 0
siblings	: 12
core id		: 2
cpu cores	: 6
apicid		: 5
initial apicid	: 5
fpu		: yes
fpu_exception	: yes
cpuid level	: 22
wp		: yes
flags		: fpu vme de pse tsc msr pae mce cx8 apic sep mtrr pge mca cmov pat pse36 clflush dts acpi mmx fxsr sse sse2 ss ht tm pbe syscall nx pdpe1gb rdtscp lm constant_tsc art arch_perfmon pebs bts rep_good nopl xtopology nonstop_tsc cpuid aperfmperf pni pclmulqdq dtes64 monitor ds_cpl vmx smx est tm2 ssse3 sdbg fma cx16 xtpr pdcm pcid dca sse4_1 sse4_2 x2apic movbe popcnt tsc_deadline_timer aes xsave avx f16c rdrand lahf_lm abm 3dnowprefetch cpuid_fault epb cat_l3 cdp_l3 invpcid_single pti intel_ppin ssbd mba ibrs ibpb stibp tpr_shadow vnmi flexpriority ept vpid fsgsbase tsc_adjust bmi1 hle avx2 smep bmi2 erms invpcid rtm cqm mpx rdt_a avx512f avx512dq rdseed adx smap clflushopt clwb intel_pt avx512cd avx512bw avx512vl xsaveopt xsavec xgetbv1 xsaves cqm_llc cqm_occup_llc cqm_mbm_total cqm_mbm_local dtherm ida arat pln pts hwp hwp_act_window hwp_epp hwp_pkg_req md_clear flush_l1d
bugs		: cpu_meltdown spectre_v1 spectre_v2 spec_store_bypass l1tf mds swapgs taa itlb_multihit
bogomips	: 7399.70
clflush size	: 64
cache_alignment	: 64
address sizes	: 46 bits physical, 48 bits virtual
power management:

processor	: 9
vendor_id	: GenuineIntel
cpu family	: 6
model		: 85
model name	: Intel(R) Xeon(R) W-2135 CPU @ 3.70GHz
stepping	: 4
microcode	: 0x2006906
cpu MHz		: 1200.032
cache size	: 8448 KB
physical id	: 0
siblings	: 12
core id		: 3
cpu cores	: 6
apicid		: 7
initial apicid	: 7
fpu		: yes
fpu_exception	: yes
cpuid level	: 22
wp		: yes
flags		: fpu vme de pse tsc msr pae mce cx8 apic sep mtrr pge mca cmov pat pse36 clflush dts acpi mmx fxsr sse sse2 ss ht tm pbe syscall nx pdpe1gb rdtscp lm constant_tsc art arch_perfmon pebs bts rep_good nopl xtopology nonstop_tsc cpuid aperfmperf pni pclmulqdq dtes64 monitor ds_cpl vmx smx est tm2 ssse3 sdbg fma cx16 xtpr pdcm pcid dca sse4_1 sse4_2 x2apic movbe popcnt tsc_deadline_timer aes xsave avx f16c rdrand lahf_lm abm 3dnowprefetch cpuid_fault epb cat_l3 cdp_l3 invpcid_single pti intel_ppin ssbd mba ibrs ibpb stibp tpr_shadow vnmi flexpriority ept vpid fsgsbase tsc_adjust bmi1 hle avx2 smep bmi2 erms invpcid rtm cqm mpx rdt_a avx512f avx512dq rdseed adx smap clflushopt clwb intel_pt avx512cd avx512bw avx512vl xsaveopt xsavec xgetbv1 xsaves cqm_llc cqm_occup_llc cqm_mbm_total cqm_mbm_local dtherm ida arat pln pts hwp hwp_act_window hwp_epp hwp_pkg_req md_clear flush_l1d
bugs		: cpu_meltdown spectre_v1 spectre_v2 spec_store_bypass l1tf mds swapgs taa itlb_multihit
bogomips	: 7399.70
clflush size	: 64
cache_alignment	: 64
address sizes	: 46 bits physical, 48 bits virtual
power management:

processor	: 10
vendor_id	: GenuineIntel
cpu family	: 6
model		: 85
model name	: Intel(R) Xeon(R) W-2135 CPU @ 3.70GHz
stepping	: 4
microcode	: 0x2006906
cpu MHz		: 1200.036
cache size	: 8448 KB
physical id	: 0
siblings	: 12
core id		: 4
cpu cores	: 6
apicid		: 9
initial apicid	: 9
fpu		: yes
fpu_exception	: yes
cpuid level	: 22
wp		: yes
flags		: fpu vme de pse tsc msr pae mce cx8 apic sep mtrr pge mca cmov pat pse36 clflush dts acpi mmx fxsr sse sse2 ss ht tm pbe syscall nx pdpe1gb rdtscp lm constant_tsc art arch_perfmon pebs bts rep_good nopl xtopology nonstop_tsc cpuid aperfmperf pni pclmulqdq dtes64 monitor ds_cpl vmx smx est tm2 ssse3 sdbg fma cx16 xtpr pdcm pcid dca sse4_1 sse4_2 x2apic movbe popcnt tsc_deadline_timer aes xsave avx f16c rdrand lahf_lm abm 3dnowprefetch cpuid_fault epb cat_l3 cdp_l3 invpcid_single pti intel_ppin ssbd mba ibrs ibpb stibp tpr_shadow vnmi flexpriority ept vpid fsgsbase tsc_adjust bmi1 hle avx2 smep bmi2 erms invpcid rtm cqm mpx rdt_a avx512f avx512dq rdseed adx smap clflushopt clwb intel_pt avx512cd avx512bw avx512vl xsaveopt xsavec xgetbv1 xsaves cqm_llc cqm_occup_llc cqm_mbm_total cqm_mbm_local dtherm ida arat pln pts hwp hwp_act_window hwp_epp hwp_pkg_req md_clear flush_l1d
bugs		: cpu_meltdown spectre_v1 spectre_v2 spec_store_bypass l1tf mds swapgs taa itlb_multihit
bogomips	: 7399.70
clflush size	: 64
cache_alignment	: 64
address sizes	: 46 bits physical, 48 bits virtual
power management:

processor	: 11
vendor_id	: GenuineIntel
cpu family	: 6
model		: 85
model name	: Intel(R) Xeon(R) W-2135 CPU @ 3.70GHz
stepping	: 4
microcode	: 0x2006906
cpu MHz		: 1294.564
cache size	: 8448 KB
physical id	: 0
siblings	: 12
core id		: 5
cpu cores	: 6
apicid		: 11
initial apicid	: 11
fpu		: yes
fpu_exception	: yes
cpuid level	: 22
wp		: yes
flags		: fpu vme de pse tsc msr pae mce cx8 apic sep mtrr pge mca cmov pat pse36 clflush dts acpi mmx fxsr sse sse2 ss ht tm pbe syscall nx pdpe1gb rdtscp lm constant_tsc art arch_perfmon pebs bts rep_good nopl xtopology nonstop_tsc cpuid aperfmperf pni pclmulqdq dtes64 monitor ds_cpl vmx smx est tm2 ssse3 sdbg fma cx16 xtpr pdcm pcid dca sse4_1 sse4_2 x2apic movbe popcnt tsc_deadline_timer aes xsave avx f16c rdrand lahf_lm abm 3dnowprefetch cpuid_fault epb cat_l3 cdp_l3 invpcid_single pti intel_ppin ssbd mba ibrs ibpb stibp tpr_shadow vnmi flexpriority ept vpid fsgsbase tsc_adjust bmi1 hle avx2 smep bmi2 erms invpcid rtm cqm mpx rdt_a avx512f avx512dq rdseed adx smap clflushopt clwb intel_pt avx512cd avx512bw avx512vl xsaveopt xsavec xgetbv1 xsaves cqm_llc cqm_occup_llc cqm_mbm_total cqm_mbm_local dtherm ida arat pln pts hwp hwp_act_window hwp_epp hwp_pkg_req md_clear flush_l1d
bugs		: cpu_meltdown spectre_v1 spectre_v2 spec_store_bypass l1tf mds swapgs taa itlb_multihit
bogomips	: 7399.70
clflush size	: 64
cache_alignment	: 64
address sizes	: 46 bits physical, 48 bits virtual
power management:



Memory: 4k page, physical 32611832k(21305580k free), swap 999420k(999420k free)

vm_info: OpenJDK 64-Bit Server VM (25.265-b01) for linux-amd64 JRE (1.8.0_265-8u265-b01-0ubuntu2~16.04-b01), built on Aug  3 2020 01:38:05 by "buildd" with gcc 5.4.0 20160609

time: Fri Oct 30 08:20:50 2020
timezone: UTC
elapsed time: 3 seconds (0d 0h 0m 3s)

