#
# A fatal error has been detected by the Java Runtime Environment:
#
#  SIGSEGV (0xb) at pc=0x000000000042c1b2, pid=19007, tid=0x00007f91506bd740
#
# JRE version: OpenJDK Runtime Environment (8.0_265-b01) (build 1.8.0_265-8u265-b01-0ubuntu2~16.04-b01)
# Java VM: OpenJDK 64-Bit Server VM (25.265-b01 mixed mode linux-amd64 compressed oops)
# Problematic frame:
# C  [run+0x2c1b2]
#
# Core dump written. Default location: /root/subgraph-isomorphism-pregel/src/core or core.19007
#
# If you would like to submit a bug report, please visit:
#   http://bugreport.java.com/bugreport/crash.jsp
# The crash happened outside the Java Virtual Machine in native code.
# See problematic frame for where to report the bug.
#

---------------  T H R E A D  ---------------

Current thread (0x000000000290a800):  JavaThread "main" [_thread_in_native, id=19007, stack(0x00007ffc6f691000,0x00007ffc6f791000)]

siginfo: si_signo: 11 (SIGSEGV), si_code: 1 (SEGV_MAPERR), si_addr: 0x0000000000000028

Registers:
RAX=0x0000000000000000, RBX=0x0000000005a4ba70, RCX=0x0000000000000002, RDX=0x00000000059c5b20
RSP=0x00007ffc6f78a030, RBP=0x00007ffc6f78a1d0, RSI=0x0000000000000000, RDI=0x00007ffc6f78a0f0
R8 =0x00007f914f515780, R9 =0x00007f91506bd740, R10=0x0000000000000001, R11=0x0000000000000000
R12=0x0000000000000005, R13=0x00000000028f8860, R14=0x00007ffc6f78a700, R15=0x0000000005a4bf00
RIP=0x000000000042c1b2, EFLAGS=0x0000000000010246, CSGSFS=0x002b000000000033, ERR=0x0000000000000004
  TRAPNO=0x000000000000000e

Top of Stack: (sp=0x00007ffc6f78a030)
0x00007ffc6f78a030:   0000000005a48260 00000000059c5b98
0x00007ffc6f78a040:   00007ffc6f78a0f8 00007ffc00000000
0x00007ffc6f78a050:   0000000000000006 91d49ff67b107100
0x00007ffc6f78a060:   3f2da00000000000 00007f914fdc40a0
0x00007ffc6f78a070:   00007ffc6f78a590 00007f914f1c8242
0x00007ffc6f78a080:   00007ffc6f78a700 000000000000000b
0x00007ffc6f78a090:   00007f914f514620 00007ffc6f78a0f0
0x00007ffc6f78a0a0:   000000000000000b 0000000000000001
0x00007ffc6f78a0b0:   00007ffc6f78a0f0 00007f914f1bd7bb
0x00007ffc6f78a0c0:   0000000000000000 00007ffc6f78a1f0
0x00007ffc6f78a0d0:   00000000059c57c0 00000000059c57c4
0x00007ffc6f78a0e0:   00000000059c57c4 0000000000000001
0x00007ffc6f78a0f0:   00000000059c57e0 00000000059c57e8
0x00007ffc6f78a100:   00000000059c57e8 0000000000000001
0x00007ffc6f78a110:   0000000000000000 0000000000000000
0x00007ffc6f78a120:   0000000000000000 000000000000001c
0x00007ffc6f78a130:   000000006f78a4e0 0000000000000006
0x00007ffc6f78a140:   00007f914fdc2720 00007f914fb428e2
0x00007ffc6f78a150:   0000000000000020 00007f914f2462e9
0x00007ffc6f78a160:   0000000000000000 91d49ff600000001
0x00007ffc6f78a170:   00007f914f514620 0000000000000001
0x00007ffc6f78a180:   00000000006478e0 00007ffc6f78a4e0
0x00007ffc6f78a190:   000000007fffffff 00000000059c5b98
0x00007ffc6f78a1a0:   00000000059c5b98 0000000005a48218
0x00007ffc6f78a1b0:   00000000028f8860 0000000005a481b0
0x00007ffc6f78a1c0:   0000000005a48230 0000000005a481b0
0x00007ffc6f78a1d0:   0000000000000000 0000000000000000
0x00007ffc6f78a1e0:   0000000000000000 00007f914f1d353c
0x00007ffc6f78a1f0:   00000000059c5b80 00000000059c5b98
0x00007ffc6f78a200:   00000000059c5b98 0000000005a48218
0x00007ffc6f78a210:   00000000028f8860 91d49ff67b107100
0x00007ffc6f78a220:   0000000005a481b0 0000000000000000 

Instructions: (pc=0x000000000042c1b2)
0x000000000042c192:   48 c7 84 24 a8 01 00 00 00 00 00 00 48 c7 84 24
0x000000000042c1a2:   b0 01 00 00 00 00 00 00 48 8d ac 24 a0 01 00 00
0x000000000042c1b2:   48 63 70 28 48 8b 44 24 50 48 c1 e6 07 48 03 70
0x000000000042c1c2:   30 48 83 c6 38 e8 34 b5 fe ff 48 8b bc 24 c0 00 

Register to memory mapping:

RAX=0x0000000000000000 is an unknown value
RBX=0x0000000005a4ba70 is an unknown value
RCX=0x0000000000000002 is an unknown value
RDX=0x00000000059c5b20 is an unknown value
RSP=0x00007ffc6f78a030 is pointing into the stack for thread: 0x000000000290a800
RBP=0x00007ffc6f78a1d0 is pointing into the stack for thread: 0x000000000290a800
RSI=0x0000000000000000 is an unknown value
RDI=0x00007ffc6f78a0f0 is pointing into the stack for thread: 0x000000000290a800
R8 =0x00007f914f515780: <offset 0x3c6780> in /lib/x86_64-linux-gnu/libc.so.6 at 0x00007f914f14f000
R9 =0x00007f91506bd740 is an unknown value
R10=0x0000000000000001 is an unknown value
R11=0x0000000000000000 is an unknown value
R12=0x0000000000000005 is an unknown value
R13=0x00000000028f8860 is an unknown value
R14=0x00007ffc6f78a700 is pointing into the stack for thread: 0x000000000290a800
R15=0x0000000005a4bf00 is an unknown value


Stack: [0x00007ffc6f691000,0x00007ffc6f791000],  sp=0x00007ffc6f78a030,  free space=996k
Native frames: (J=compiled Java code, j=interpreted, Vv=VM code, C=native code)
C  [run+0x2c1b2]
C  0x0000000000000000


---------------  P R O C E S S  ---------------

Java Threads: ( => current thread )
  0x0000000005a46000 JavaThread "org.apache.hadoop.hdfs.PeerCache@5c2375a9" daemon [_thread_blocked, id=19041, stack(0x00007f91268ab000,0x00007f91269ac000)]
  0x000000000594f800 JavaThread "client DomainSocketWatcher" daemon [_thread_in_native, id=19033, stack(0x00007f9126dae000,0x00007f9126eaf000)]
  0x00000000057a7000 JavaThread "org.apache.hadoop.fs.FileSystem$Statistics$StatisticsDataReferenceCleaner" daemon [_thread_blocked, id=19032, stack(0x00007f91278dc000,0x00007f91279dd000)]
  0x00000000056c6000 JavaThread "process reaper" daemon [_thread_blocked, id=19030, stack(0x00007f912c029000,0x00007f912c062000)]
  0x0000000004d95000 JavaThread "Service Thread" daemon [_thread_blocked, id=19027, stack(0x00007f912c66c000,0x00007f912c76d000)]
  0x0000000004d6f800 JavaThread "C1 CompilerThread3" daemon [_thread_blocked, id=19026, stack(0x00007f912c76d000,0x00007f912c86e000)]
  0x0000000004d6d800 JavaThread "C2 CompilerThread2" daemon [_thread_in_native, id=19025, stack(0x00007f912c86e000,0x00007f912c96f000)]
  0x0000000004d6b800 JavaThread "C2 CompilerThread1" daemon [_thread_blocked, id=19024, stack(0x00007f912c96f000,0x00007f912ca70000)]
  0x0000000004d69000 JavaThread "C2 CompilerThread0" daemon [_thread_blocked, id=19023, stack(0x00007f912ca70000,0x00007f912cb71000)]
  0x0000000004d67000 JavaThread "Signal Dispatcher" daemon [_thread_blocked, id=19022, stack(0x00007f912cb71000,0x00007f912cc72000)]
  0x0000000004d37000 JavaThread "Finalizer" daemon [_thread_blocked, id=19021, stack(0x00007f912d17b000,0x00007f912d27c000)]
  0x0000000004d32800 JavaThread "Reference Handler" daemon [_thread_blocked, id=19020, stack(0x00007f912d27c000,0x00007f912d37d000)]
=>0x000000000290a800 JavaThread "main" [_thread_in_native, id=19007, stack(0x00007ffc6f691000,0x00007ffc6f791000)]

Other Threads:
  0x0000000004d29000 VMThread [stack: 0x00007f912d37d000,0x00007f912d47e000] [id=19019]
  0x0000000004d97800 WatcherThread [stack: 0x00007f912c56b000,0x00007f912c66c000] [id=19028]

VM state:not at safepoint (normal execution)

VM Mutex/Monitor currently owned by a thread: None

heap address: 0x00000005ce600000, size: 7962 MB, Compressed Oops mode: Zero based, Oop shift amount: 3
Narrow klass base: 0x0000000000000000, Narrow klass shift: 3
Compressed class space size: 1073741824 Address: 0x00000007c0000000

Heap:
 PSYoungGen      total 148992K, used 50395K [0x000000071a200000, 0x000000072c500000, 0x00000007c0000000)
  eden space 128000K, 28% used [0x000000071a200000,0x000000071c5951b0,0x0000000721f00000)
  from space 20992K, 66% used [0x0000000721f00000,0x0000000722ca1ca0,0x0000000723380000)
  to   space 20992K, 0% used [0x000000072b080000,0x000000072b080000,0x000000072c500000)
 ParOldGen       total 339968K, used 16K [0x00000005ce600000, 0x00000005e3200000, 0x000000071a200000)
  object space 339968K, 0% used [0x00000005ce600000,0x00000005ce604000,0x00000005e3200000)
 Metaspace       used 20416K, capacity 20648K, committed 20864K, reserved 1067008K
  class space    used 2288K, capacity 2344K, committed 2432K, reserved 1048576K

Card table byte_map: [0x00007f912fc3f000,0x00007f9130bcd000] byte_map_base: 0x00007f912cdcc000

Marking Bits: (ParMarkBitMap*) 0x00007f914f132700
 Begin Bits: [0x00007f90d0730000, 0x00007f90d8398000)
 End Bits:   [0x00007f90d8398000, 0x00007f90e0000000)

Polling page: 0x00007f91506eb000

CodeCache: size=245760Kb used=4270Kb max_used=4270Kb free=241490Kb
 bounds [0x00007f9130f8d000, 0x00007f91313cd000, 0x00007f913ff8d000]
 total_blobs=1445 nmethods=1024 adapters=336
 compilation: enabled

Compilation events (10 events):
Event: 1.008 Thread 0x0000000004d6f800 nmethod 1021 0x00007f91313b5e50 code [0x00007f91313b6000, 0x00007f91313b64e8]
Event: 1.009 Thread 0x0000000004d6f800 1022       3       com.google.protobuf.CodedInputStream::isAtEnd (25 bytes)
Event: 1.009 Thread 0x0000000004d6f800 nmethod 1022 0x00007f91313b6650 code [0x00007f91313b67c0, 0x00007f91313b69e8]
Event: 1.009 Thread 0x0000000004d6f800 1024       3       java.lang.Integer::parseInt (261 bytes)
Event: 1.010 Thread 0x0000000004d6b800 nmethod 1015% 0x00007f91313b9b10 code [0x00007f91313b9ca0, 0x00007f91313ba0f8]
Event: 1.012 Thread 0x0000000004d6f800 nmethod 1024 0x00007f91313ba4d0 code [0x00007f91313ba8a0, 0x00007f91313bc748]
Event: 1.012 Thread 0x0000000004d6f800 1025       3       com.google.protobuf.CodedOutputStream::computeRawVarint32Size (39 bytes)
Event: 1.012 Thread 0x0000000004d6f800 nmethod 1025 0x00007f91313b9690 code [0x00007f91313b9800, 0x00007f91313b9a90]
Event: 1.012 Thread 0x0000000004d6f800 1023       1       java.net.InetAddress::holder (5 bytes)
Event: 1.012 Thread 0x0000000004d6f800 nmethod 1023 0x00007f91313b93d0 code [0x00007f91313b9520, 0x00007f91313b9630]

GC Heap History (2 events):
Event: 0.743 GC heap before
{Heap before GC invocations=1 (full 0):
 PSYoungGen      total 148992K, used 128000K [0x000000071a200000, 0x0000000724800000, 0x00000007c0000000)
  eden space 128000K, 100% used [0x000000071a200000,0x0000000721f00000,0x0000000721f00000)
  from space 20992K, 0% used [0x0000000723380000,0x0000000723380000,0x0000000724800000)
  to   space 20992K, 0% used [0x0000000721f00000,0x0000000721f00000,0x0000000723380000)
 ParOldGen       total 339968K, used 0K [0x00000005ce600000, 0x00000005e3200000, 0x000000071a200000)
  object space 339968K, 0% used [0x00000005ce600000,0x00000005ce600000,0x00000005e3200000)
 Metaspace       used 17877K, capacity 18182K, committed 18304K, reserved 1064960K
  class space    used 2032K, capacity 2119K, committed 2176K, reserved 1048576K
Event: 0.751 GC heap after
Heap after GC invocations=1 (full 0):
 PSYoungGen      total 148992K, used 13959K [0x000000071a200000, 0x000000072c500000, 0x00000007c0000000)
  eden space 128000K, 0% used [0x000000071a200000,0x000000071a200000,0x0000000721f00000)
  from space 20992K, 66% used [0x0000000721f00000,0x0000000722ca1ca0,0x0000000723380000)
  to   space 20992K, 0% used [0x000000072b080000,0x000000072b080000,0x000000072c500000)
 ParOldGen       total 339968K, used 16K [0x00000005ce600000, 0x00000005e3200000, 0x000000071a200000)
  object space 339968K, 0% used [0x00000005ce600000,0x00000005ce604000,0x00000005e3200000)
 Metaspace       used 17877K, capacity 18182K, committed 18304K, reserved 1064960K
  class space    used 2032K, capacity 2119K, committed 2176K, reserved 1048576K
}

Deoptimization events (10 events):
Event: 0.761 Thread 0x000000000290a800 Uncommon trap: reason=class_check action=maybe_recompile pc=0x00007f9131316444 method=java.io.DataOutputStream.write(I)V @ 5
Event: 0.761 Thread 0x000000000290a800 Uncommon trap: reason=class_check action=maybe_recompile pc=0x00007f9131316444 method=java.io.DataOutputStream.write(I)V @ 5
Event: 0.827 Thread 0x000000000290a800 Uncommon trap: reason=class_check action=maybe_recompile pc=0x00007f9131316444 method=java.io.DataOutputStream.write(I)V @ 5
Event: 0.850 Thread 0x000000000290a800 Uncommon trap: reason=predicate action=maybe_recompile pc=0x00007f913135e38c method=java.util.LinkedList.toArray([Ljava/lang/Object;)[Ljava/lang/Object; @ 45
Event: 0.900 Thread 0x000000000290a800 Uncommon trap: reason=bimorphic action=maybe_recompile pc=0x00007f91312f8fe0 method=java.io.DataOutputStream.writeShort(I)V @ 12
Event: 0.921 Thread 0x000000000290a800 Uncommon trap: reason=array_check action=maybe_recompile pc=0x00007f913135eb58 method=java.util.LinkedList.toArray([Ljava/lang/Object;)[Ljava/lang/Object; @ 55
Event: 0.922 Thread 0x000000000290a800 Uncommon trap: reason=array_check action=maybe_recompile pc=0x00007f913135eb58 method=java.util.LinkedList.toArray([Ljava/lang/Object;)[Ljava/lang/Object; @ 55
Event: 0.922 Thread 0x000000000290a800 Uncommon trap: reason=array_check action=maybe_recompile pc=0x00007f913135eb58 method=java.util.LinkedList.toArray([Ljava/lang/Object;)[Ljava/lang/Object; @ 55
Event: 0.922 Thread 0x000000000290a800 Uncommon trap: reason=array_check action=maybe_recompile pc=0x00007f913135eb58 method=java.util.LinkedList.toArray([Ljava/lang/Object;)[Ljava/lang/Object; @ 55
Event: 1.009 Thread 0x000000000290a800 Uncommon trap: reason=bimorphic action=maybe_recompile pc=0x00007f91312f8fe0 method=java.io.DataOutputStream.writeShort(I)V @ 12

Classes redefined (0 events):
No events

Internal exceptions (10 events):
Event: 0.410 Thread 0x000000000290a800 Exception <a 'java/lang/NoSuchFieldError': method resolution failed> (0x000000071ceef868) thrown at [/build/openjdk-8-jsjOeo/openjdk-8-8u265-b01/src/hotspot/src/share/vm/prims/methodHandles.cpp, line 1169]
Event: 0.454 Thread 0x000000000290a800 Exception <a 'java/io/FileNotFoundException'> (0x000000071d05a820) thrown at [/build/openjdk-8-jsjOeo/openjdk-8-8u265-b01/src/hotspot/src/share/vm/prims/jni.cpp, line 711]
Event: 0.454 Thread 0x000000000290a800 Exception <a 'java/security/PrivilegedActionException'> (0x000000071d05abe0) thrown at [/build/openjdk-8-jsjOeo/openjdk-8-8u265-b01/src/hotspot/src/share/vm/prims/jvm.cpp, line 1512]
Event: 0.454 Thread 0x000000000290a800 Exception <a 'java/lang/reflect/InvocationTargetException'> (0x000000071d05cd28) thrown at [/build/openjdk-8-jsjOeo/openjdk-8-8u265-b01/src/hotspot/src/share/vm/runtime/reflection.cpp, line 1092]
Event: 0.794 Thread 0x000000000598d000 Exception <a 'java/lang/InterruptedException'> (0x000000071a8f79e8) thrown at [/build/openjdk-8-jsjOeo/openjdk-8-8u265-b01/src/hotspot/src/share/vm/runtime/objectMonitor.cpp, line 1692]
Event: 0.831 Thread 0x000000000598b800 Exception <a 'java/lang/InterruptedException'> (0x000000071aeb4740) thrown at [/build/openjdk-8-jsjOeo/openjdk-8-8u265-b01/src/hotspot/src/share/vm/runtime/objectMonitor.cpp, line 1692]
Event: 0.909 Thread 0x00000000059c5000 Exception <a 'java/lang/InterruptedException'> (0x000000071b2cc628) thrown at [/build/openjdk-8-jsjOeo/openjdk-8-8u265-b01/src/hotspot/src/share/vm/runtime/objectMonitor.cpp, line 1692]
Event: 0.945 Thread 0x0000000005a4a800 Exception <a 'java/lang/InterruptedException'> (0x000000071c093390) thrown at [/build/openjdk-8-jsjOeo/openjdk-8-8u265-b01/src/hotspot/src/share/vm/runtime/objectMonitor.cpp, line 1692]
Event: 0.978 Thread 0x0000000005a4a800 Exception <a 'java/lang/InterruptedException'> (0x000000071c23ef18) thrown at [/build/openjdk-8-jsjOeo/openjdk-8-8u265-b01/src/hotspot/src/share/vm/runtime/objectMonitor.cpp, line 1692]
Event: 1.011 Thread 0x0000000005a4a800 Exception <a 'java/lang/InterruptedException'> (0x000000071c3eaca0) thrown at [/build/openjdk-8-jsjOeo/openjdk-8-8u265-b01/src/hotspot/src/share/vm/runtime/objectMonitor.cpp, line 1692]

Events (10 events):
Event: 0.976 Thread 0x0000000005a4b800 Thread added: 0x0000000005a4b800
Event: 0.978 Thread 0x0000000005a4a800 Thread exited: 0x0000000005a4a800
Event: 0.988 Thread 0x0000000005a4b800 Thread exited: 0x0000000005a4b800
Event: 1.005 Thread 0x0000000005a4a800 Thread added: 0x0000000005a4a800
Event: 1.005 Thread 0x0000000005a4b800 Thread added: 0x0000000005a4b800
Event: 1.009 Thread 0x000000000290a800 Uncommon trap: trap_request=0xffffffc6 fr.pc=0x00007f91312f8fe0
Event: 1.009 Thread 0x000000000290a800 DEOPT PACKING pc=0x00007f91312f8fe0 sp=0x00007ffc6f779800
Event: 1.009 Thread 0x000000000290a800 DEOPT UNPACKING pc=0x00007f9130fd247a sp=0x00007ffc6f779810 mode 2
Event: 1.011 Thread 0x0000000005a4a800 Thread exited: 0x0000000005a4a800
Event: 1.021 Thread 0x0000000005a4b800 Thread exited: 0x0000000005a4b800


Dynamic libraries:
00400000-00444000 r-xp 00000000 103:02 1708425                           /root/subgraph-isomorphism-pregel/src/run
00644000-00645000 r--p 00044000 103:02 1708425                           /root/subgraph-isomorphism-pregel/src/run
00645000-00646000 rw-p 00045000 103:02 1708425                           /root/subgraph-isomorphism-pregel/src/run
00646000-00648000 rw-p 00000000 00:00 0 
025b1000-05a9a000 rw-p 00000000 00:00 0                                  [heap]
5ce600000-5e3200000 rw-p 00000000 00:00 0 
5e3200000-71a200000 ---p 00000000 00:00 0 
71a200000-72c500000 rw-p 00000000 00:00 0 
72c500000-7c0000000 ---p 00000000 00:00 0 
7c0000000-7c0260000 rw-p 00000000 00:00 0 
7c0260000-800000000 ---p 00000000 00:00 0 
7f9094000000-7f9094021000 rw-p 00000000 00:00 0 
7f9094021000-7f9098000000 ---p 00000000 00:00 0 
7f9098000000-7f9098021000 rw-p 00000000 00:00 0 
7f9098021000-7f909c000000 ---p 00000000 00:00 0 
7f909c000000-7f909c021000 rw-p 00000000 00:00 0 
7f909c021000-7f90a0000000 ---p 00000000 00:00 0 
7f90a0000000-7f90a0026000 rw-p 00000000 00:00 0 
7f90a0026000-7f90a4000000 ---p 00000000 00:00 0 
7f90a4000000-7f90a4021000 rw-p 00000000 00:00 0 
7f90a4021000-7f90a8000000 ---p 00000000 00:00 0 
7f90a8000000-7f90a8021000 rw-p 00000000 00:00 0 
7f90a8021000-7f90ac000000 ---p 00000000 00:00 0 
7f90ac000000-7f90ac021000 rw-p 00000000 00:00 0 
7f90ac021000-7f90b0000000 ---p 00000000 00:00 0 
7f90b0000000-7f90b0021000 rw-p 00000000 00:00 0 
7f90b0021000-7f90b4000000 ---p 00000000 00:00 0 
7f90b4000000-7f90b48a2000 rw-p 00000000 00:00 0 
7f90b48a2000-7f90b8000000 ---p 00000000 00:00 0 
7f90b8000000-7f90b8412000 rw-p 00000000 00:00 0 
7f90b8412000-7f90bc000000 ---p 00000000 00:00 0 
7f90bc000000-7f90bc234000 rw-p 00000000 00:00 0 
7f90bc234000-7f90c0000000 ---p 00000000 00:00 0 
7f90c0000000-7f90c022d000 rw-p 00000000 00:00 0 
7f90c022d000-7f90c4000000 ---p 00000000 00:00 0 
7f90c4000000-7f90c4021000 rw-p 00000000 00:00 0 
7f90c4021000-7f90c8000000 ---p 00000000 00:00 0 
7f90c8000000-7f90c8021000 rw-p 00000000 00:00 0 
7f90c8021000-7f90cc000000 ---p 00000000 00:00 0 
7f90cc000000-7f90cc021000 rw-p 00000000 00:00 0 
7f90cc021000-7f90d0000000 ---p 00000000 00:00 0 
7f90d0730000-7f90e0000000 rw-p 00000000 00:00 0 
7f90e0000000-7f90e0021000 rw-p 00000000 00:00 0 
7f90e0021000-7f90e4000000 ---p 00000000 00:00 0 
7f90e4000000-7f90e4021000 rw-p 00000000 00:00 0 
7f90e4021000-7f90e8000000 ---p 00000000 00:00 0 
7f90e8000000-7f90e8021000 rw-p 00000000 00:00 0 
7f90e8021000-7f90ec000000 ---p 00000000 00:00 0 
7f90f0000000-7f90f0021000 rw-p 00000000 00:00 0 
7f90f0021000-7f90f4000000 ---p 00000000 00:00 0 
7f90f8000000-7f90f8021000 rw-p 00000000 00:00 0 
7f90f8021000-7f90fc000000 ---p 00000000 00:00 0 
7f9100000000-7f9100021000 rw-p 00000000 00:00 0 
7f9100021000-7f9104000000 ---p 00000000 00:00 0 
7f9108000000-7f9108021000 rw-p 00000000 00:00 0 
7f9108021000-7f910c000000 ---p 00000000 00:00 0 
7f9110000000-7f9110021000 rw-p 00000000 00:00 0 
7f9110021000-7f9114000000 ---p 00000000 00:00 0 
7f9118000000-7f9118021000 rw-p 00000000 00:00 0 
7f9118021000-7f911c000000 ---p 00000000 00:00 0 
7f9120000000-7f9120021000 rw-p 00000000 00:00 0 
7f9120021000-7f9124000000 ---p 00000000 00:00 0 
7f91268ab000-7f91268ae000 ---p 00000000 00:00 0 
7f91268ae000-7f91269ac000 rw-p 00000000 00:00 0 
7f91269ac000-7f91269af000 ---p 00000000 00:00 0 
7f91269af000-7f9126aad000 rw-p 00000000 00:00 0 
7f9126aad000-7f9126ab0000 ---p 00000000 00:00 0 
7f9126ab0000-7f9126dae000 rw-p 00000000 00:00 0 
7f9126dae000-7f9126db1000 ---p 00000000 00:00 0 
7f9126db1000-7f91270af000 rw-p 00000000 00:00 0 
7f91270af000-7f91272af000 rw-p 00000000 00:00 0 
7f91272af000-7f91272b1000 r--s 00016000 103:02 28583789                  /usr/lib/jvm/java-8-openjdk-amd64/jre/lib/jce.jar
7f91272b1000-7f91272b6000 r--s 000a7000 103:02 28583780                  /usr/lib/jvm/java-8-openjdk-amd64/jre/lib/jsse.jar
7f91272b6000-7f91274b6000 rw-p 00000000 00:00 0 
7f91274b6000-7f91274b7000 r-xp 00000000 103:02 28583750                  /usr/lib/jvm/java-8-openjdk-amd64/jre/lib/amd64/libjaas_unix.so
7f91274b7000-7f91276b6000 ---p 00001000 103:02 28583750                  /usr/lib/jvm/java-8-openjdk-amd64/jre/lib/amd64/libjaas_unix.so
7f91276b6000-7f91276b7000 r--p 00000000 103:02 28583750                  /usr/lib/jvm/java-8-openjdk-amd64/jre/lib/amd64/libjaas_unix.so
7f91276b7000-7f91276b8000 rw-p 00001000 103:02 28583750                  /usr/lib/jvm/java-8-openjdk-amd64/jre/lib/amd64/libjaas_unix.so
7f91276b8000-7f91276db000 r-xp 00000000 103:02 27922942                  /usr/local/hadoop/lib/native/libhadoop.so
7f91276db000-7f91278da000 ---p 00023000 103:02 27922942                  /usr/local/hadoop/lib/native/libhadoop.so
7f91278da000-7f91278db000 r--p 00022000 103:02 27922942                  /usr/local/hadoop/lib/native/libhadoop.so
7f91278db000-7f91278dc000 rw-p 00023000 103:02 27922942                  /usr/local/hadoop/lib/native/libhadoop.so
7f91278dc000-7f91278df000 ---p 00000000 00:00 0 
7f91278df000-7f9127bdd000 rw-p 00000000 00:00 0 
7f9127bdd000-7f9127be6000 r-xp 00000000 103:02 28583779                  /usr/lib/jvm/java-8-openjdk-amd64/jre/lib/amd64/libmanagement.so
7f9127be6000-7f9127de5000 ---p 00009000 103:02 28583779                  /usr/lib/jvm/java-8-openjdk-amd64/jre/lib/amd64/libmanagement.so
7f9127de5000-7f9127de6000 r--p 00008000 103:02 28583779                  /usr/lib/jvm/java-8-openjdk-amd64/jre/lib/amd64/libmanagement.so
7f9127de6000-7f9127de7000 rw-p 00009000 103:02 28583779                  /usr/lib/jvm/java-8-openjdk-amd64/jre/lib/amd64/libmanagement.so
7f9127de7000-7f9127dfe000 r-xp 00000000 103:02 28583767                  /usr/lib/jvm/java-8-openjdk-amd64/jre/lib/amd64/libnet.so
7f9127dfe000-7f9127ffe000 ---p 00017000 103:02 28583767                  /usr/lib/jvm/java-8-openjdk-amd64/jre/lib/amd64/libnet.so
7f9127ffe000-7f9127fff000 r--p 00017000 103:02 28583767                  /usr/lib/jvm/java-8-openjdk-amd64/jre/lib/amd64/libnet.so
7f9127fff000-7f9128000000 rw-p 00018000 103:02 28583767                  /usr/lib/jvm/java-8-openjdk-amd64/jre/lib/amd64/libnet.so
7f9128000000-7f9128021000 rw-p 00000000 00:00 0 
7f9128021000-7f912c000000 ---p 00000000 00:00 0 
7f912c001000-7f912c008000 r--s 00000000 103:02 12715214                  /usr/lib/x86_64-linux-gnu/gconv/gconv-modules.cache
7f912c008000-7f912c029000 r--p 00000000 103:02 16387640                  /usr/share/locale-langpack/zh_CN/LC_MESSAGES/libc.mo
7f912c029000-7f912c02c000 ---p 00000000 00:00 0 
7f912c02c000-7f912c062000 rw-p 00000000 00:00 0 
7f912c062000-7f912c067000 r--s 0003e000 103:02 27922829                  /usr/local/hadoop/share/hadoop/hdfs/hadoop-hdfs-rbf-2.10.0-tests.jar
7f912c067000-7f912c077000 r--s 000d5000 103:02 27922779                  /usr/local/hadoop/share/hadoop/hdfs/hadoop-hdfs-rbf-2.10.0.jar
7f912c077000-7f912c079000 r--s 0001f000 103:02 27922826                  /usr/local/hadoop/share/hadoop/hdfs/hadoop-hdfs-nfs-2.10.0.jar
7f912c079000-7f912c07a000 r--s 00007000 103:02 27922827                  /usr/local/hadoop/share/hadoop/hdfs/hadoop-hdfs-native-client-2.10.0-tests.jar
7f912c07a000-7f912c07b000 r--s 00007000 103:02 27922828                  /usr/local/hadoop/share/hadoop/hdfs/hadoop-hdfs-native-client-2.10.0.jar
7f912c07b000-7f912c07e000 r--s 0001d000 103:02 27922780                  /usr/local/hadoop/share/hadoop/hdfs/hadoop-hdfs-client-2.10.0-tests.jar
7f912c07e000-7f912c0b9000 r--s 003cf000 103:02 27922792                  /usr/local/hadoop/share/hadoop/hdfs/hadoop-hdfs-client-2.10.0.jar
7f912c0b9000-7f912c0e7000 r--s 00403000 103:02 27922778                  /usr/local/hadoop/share/hadoop/hdfs/hadoop-hdfs-2.10.0-tests.jar
7f912c0e7000-7f912c127000 r--s 004b1000 103:02 27922793                  /usr/local/hadoop/share/hadoop/hdfs/hadoop-hdfs-2.10.0.jar
7f912c127000-7f912c12c000 r--s 0002a000 103:02 27922765                  /usr/local/hadoop/share/hadoop/common/hadoop-nfs-2.10.0.jar
7f912c12c000-7f912c155000 r--s 00262000 103:02 27922695                  /usr/local/hadoop/share/hadoop/common/hadoop-common-2.10.0-tests.jar
7f912c155000-7f912c167000 r-xp 00000000 103:02 28583759                  /usr/lib/jvm/java-8-openjdk-amd64/jre/lib/amd64/libnio.so
7f912c167000-7f912c366000 ---p 00012000 103:02 28583759                  /usr/lib/jvm/java-8-openjdk-amd64/jre/lib/amd64/libnio.so
7f912c366000-7f912c367000 r--p 00011000 103:02 28583759                  /usr/lib/jvm/java-8-openjdk-amd64/jre/lib/amd64/libnio.so
7f912c367000-7f912c368000 rw-p 00012000 103:02 28583759                  /usr/lib/jvm/java-8-openjdk-amd64/jre/lib/amd64/libnio.so
7f912c368000-7f912c3a5000 r--s 0038d000 103:02 27922764                  /usr/local/hadoop/share/hadoop/common/hadoop-common-2.10.0.jar
7f912c3a5000-7f912c3a6000 r--s 00003000 103:02 27922819                  /usr/local/hadoop/share/hadoop/hdfs/lib/xmlenc-0.52.jar
7f912c3a6000-7f912c3af000 r--s 0002d000 103:02 27922798                  /usr/local/hadoop/share/hadoop/hdfs/lib/xml-apis-1.4.01.jar
7f912c3af000-7f912c3c8000 r--s 0013a000 103:02 27922805                  /usr/local/hadoop/share/hadoop/hdfs/lib/xercesImpl-2.12.0.jar
7f912c3c8000-7f912c3ca000 r--s 00018000 103:02 27922795                  /usr/local/hadoop/share/hadoop/hdfs/lib/servlet-api-2.5.jar
7f912c3ca000-7f912c3d2000 r--s 0007b000 103:02 27922815                  /usr/local/hadoop/share/hadoop/hdfs/lib/protobuf-java-2.5.0.jar
7f912c3d2000-7f912c3d4000 r--s 0000f000 103:02 27922817                  /usr/local/hadoop/share/hadoop/hdfs/lib/okio-1.6.0.jar
7f912c3d4000-7f912c3d9000 r--s 0004c000 103:02 27922809                  /usr/local/hadoop/share/hadoop/hdfs/lib/okhttp-2.7.5.jar
7f912c3d9000-7f912c3f6000 r--s 00196000 103:02 27922818                  /usr/local/hadoop/share/hadoop/hdfs/lib/netty-all-4.0.23.Final.jar
7f912c3f6000-7f912c40f000 r--s 00123000 103:02 27922810                  /usr/local/hadoop/share/hadoop/hdfs/lib/netty-3.10.6.Final.jar
7f912c40f000-7f912c418000 r--s 0006f000 103:02 27922799                  /usr/local/hadoop/share/hadoop/hdfs/lib/log4j-1.2.17.jar
7f912c418000-7f912c41b000 r--s 000fd000 103:02 27922802                  /usr/local/hadoop/share/hadoop/hdfs/lib/leveldbjni-all-1.8.jar
7f912c41b000-7f912c41e000 r--s 00006000 103:02 27922812                  /usr/local/hadoop/share/hadoop/hdfs/lib/jsr305-3.0.0.jar
7f912c41e000-7f912c422000 r--s 00028000 103:02 27922820                  /usr/local/hadoop/share/hadoop/hdfs/lib/jetty-util-6.1.26.jar
7f912c422000-7f912c429000 r--s 0007d000 103:02 27922808                  /usr/local/hadoop/share/hadoop/hdfs/lib/jetty-6.1.26.jar
7f912c429000-7f912c43b000 r--s 0009d000 103:02 27922822                  /usr/local/hadoop/share/hadoop/hdfs/lib/jersey-server-1.9.jar
7f912c43b000-7f912c445000 r--s 00066000 103:02 27922807                  /usr/local/hadoop/share/hadoop/hdfs/lib/jersey-core-1.9.jar
7f912c445000-7f912c453000 r--s 000b1000 103:02 27922821                  /usr/local/hadoop/share/hadoop/hdfs/lib/jackson-mapper-asl-1.9.13.jar
7f912c453000-7f912c464000 r--s 00116000 103:02 27922796                  /usr/local/hadoop/share/hadoop/hdfs/lib/jackson-databind-2.7.8.jar
7f912c464000-7f912c468000 r--s 00035000 103:02 27922804                  /usr/local/hadoop/share/hadoop/hdfs/lib/jackson-core-asl-1.9.13.jar
7f912c468000-7f912c46b000 r--s 0003b000 103:02 27922800                  /usr/local/hadoop/share/hadoop/hdfs/lib/jackson-core-2.7.8.jar
7f912c46b000-7f912c46e000 r--s 0000a000 103:02 27922813                  /usr/local/hadoop/share/hadoop/hdfs/lib/jackson-annotations-2.7.8.jar
7f912c46e000-7f912c488000 r--s 00155000 103:02 27922824                  /usr/local/hadoop/share/hadoop/hdfs/lib/htrace-core4-4.1.0-incubating.jar
7f912c488000-7f912c4c3000 r--s 003cf000 103:02 27922801                  /usr/local/hadoop/share/hadoop/hdfs/lib/hadoop-hdfs-client-2.10.0.jar
7f912c4c3000-7f912c4e4000 r--s 00172000 103:02 27922825                  /usr/local/hadoop/share/hadoop/hdfs/lib/guava-11.0.2.jar
7f912c4e4000-7f912c4e6000 r--s 0000e000 103:02 27922803                  /usr/local/hadoop/share/hadoop/hdfs/lib/commons-logging-1.1.3.jar
7f912c4e6000-7f912c4eb000 r--s 00041000 103:02 27922816                  /usr/local/hadoop/share/hadoop/hdfs/lib/commons-lang-2.6.jar
7f912c4eb000-7f912c4ef000 r--s 0002a000 103:02 27922811                  /usr/local/hadoop/share/hadoop/hdfs/lib/commons-io-2.4.jar
7f912c4ef000-7f912c4f0000 r--s 00005000 103:02 27922806                  /usr/local/hadoop/share/hadoop/hdfs/lib/commons-daemon-1.0.13.jar
7f912c4f0000-7f912c4f2000 r--s 0000d000 103:02 27922814                  /usr/local/hadoop/share/hadoop/hdfs/lib/commons-codec-1.4.jar
7f912c4f2000-7f912c4f4000 r--s 00009000 103:02 27922797                  /usr/local/hadoop/share/hadoop/hdfs/lib/commons-cli-1.2.jar
7f912c4f4000-7f912c501000 r--s 000b9000 103:02 27922743                  /usr/local/hadoop/share/hadoop/common/lib/zookeeper-3.4.9.jar
7f912c501000-7f912c507000 r--s 00078000 103:02 27922745                  /usr/local/hadoop/share/hadoop/common/lib/woodstox-core-5.0.3.jar
7f912c507000-7f912c509000 r--s 00004000 103:02 27922746                  /usr/local/hadoop/share/hadoop/common/lib/stax-api-1.0-2.jar
7f912c509000-7f912c50d000 r--s 00024000 103:02 27922707                  /usr/local/hadoop/share/hadoop/common/lib/stax2-api-3.1.4.jar
7f912c50d000-7f912c50f000 r--s 00130000 103:02 27922722                  /usr/local/hadoop/share/hadoop/common/lib/snappy-java-1.0.5.jar
7f912c50f000-7f912c511000 r--s 00009000 103:02 27922737                  /usr/local/hadoop/share/hadoop/common/lib/slf4j-api-1.7.25.jar
7f912c511000-7f912c519000 r--s 0007b000 103:02 27922742                  /usr/local/hadoop/share/hadoop/common/lib/protobuf-java-2.5.0.jar
7f912c519000-7f912c51f000 r--s 00044000 103:02 27922734                  /usr/local/hadoop/share/hadoop/common/lib/nimbus-jose-jwt-4.41.1.jar
7f912c51f000-7f912c538000 r--s 00123000 103:02 27922731                  /usr/local/hadoop/share/hadoop/common/lib/netty-3.10.6.Final.jar
7f912c538000-7f912c555000 r--s 0013e000 103:02 27922721                  /usr/local/hadoop/share/hadoop/common/lib/mockito-all-1.8.5.jar
7f912c555000-7f912c55e000 r--s 0006f000 103:02 27922710                  /usr/local/hadoop/share/hadoop/common/lib/log4j-1.2.17.jar
7f912c55e000-7f912c564000 r--s 00036000 103:02 27922719                  /usr/local/hadoop/share/hadoop/common/lib/junit-4.11.jar
7f912c564000-7f912c56b000 r--s 0007d000 103:02 27922727                  /usr/local/hadoop/share/hadoop/common/lib/jetty-6.1.26.jar
7f912c56b000-7f912c56c000 ---p 00000000 00:00 0 
7f912c56c000-7f912c66c000 rw-p 00000000 00:00 0 
7f912c66c000-7f912c66f000 ---p 00000000 00:00 0 
7f912c66f000-7f912c76d000 rw-p 00000000 00:00 0 
7f912c76d000-7f912c770000 ---p 00000000 00:00 0 
7f912c770000-7f912c86e000 rw-p 00000000 00:00 0 
7f912c86e000-7f912c871000 ---p 00000000 00:00 0 
7f912c871000-7f912c96f000 rw-p 00000000 00:00 0 
7f912c96f000-7f912c972000 ---p 00000000 00:00 0 
7f912c972000-7f912ca70000 rw-p 00000000 00:00 0 
7f912ca70000-7f912ca73000 ---p 00000000 00:00 0 
7f912ca73000-7f912cb71000 rw-p 00000000 00:00 0 
7f912cb71000-7f912cb74000 ---p 00000000 00:00 0 
7f912cb74000-7f912cc72000 rw-p 00000000 00:00 0 
7f912cc72000-7f912d17b000 r--p 00000000 103:02 11667681                  /usr/lib/locale/locale-archive
7f912d17b000-7f912d17e000 ---p 00000000 00:00 0 
7f912d17e000-7f912d27c000 rw-p 00000000 00:00 0 
7f912d27c000-7f912d27f000 ---p 00000000 00:00 0 
7f912d27f000-7f912d37d000 rw-p 00000000 00:00 0 
7f912d37d000-7f912d37e000 ---p 00000000 00:00 0 
7f912d37e000-7f912d47e000 rw-p 00000000 00:00 0 
7f912d47e000-7f912d650000 r--s 03ca8000 103:02 28583786                  /usr/lib/jvm/java-8-openjdk-amd64/jre/lib/rt.jar
7f912d650000-7f912eddd000 rw-p 00000000 00:00 0 
7f912eddd000-7f912edde000 ---p 00000000 00:00 0 
7f912edde000-7f912eede000 rw-p 00000000 00:00 0 
7f912eede000-7f912eedf000 ---p 00000000 00:00 0 
7f912eedf000-7f912efdf000 rw-p 00000000 00:00 0 
7f912efdf000-7f912efe0000 ---p 00000000 00:00 0 
7f912efe0000-7f912f0e0000 rw-p 00000000 00:00 0 
7f912f0e0000-7f912f0e1000 ---p 00000000 00:00 0 
7f912f0e1000-7f912f287000 rw-p 00000000 00:00 0 
7f912f287000-7f912fc3f000 ---p 00000000 00:00 0 
7f912fc3f000-7f912fce5000 rw-p 00000000 00:00 0 
7f912fce5000-7f913069d000 ---p 00000000 00:00 0 
7f913069d000-7f913072f000 rw-p 00000000 00:00 0 
7f913072f000-7f9130bcc000 ---p 00000000 00:00 0 
7f9130bcc000-7f9130bde000 rw-p 00000000 00:00 0 
7f9130bde000-7f9130f8d000 ---p 00000000 00:00 0 
7f9130f8d000-7f91313cd000 rwxp 00000000 00:00 0 
7f91313cd000-7f913ff8d000 ---p 00000000 00:00 0 
7f913ff8d000-7f913ffa2000 r-xp 00000000 103:02 17043920                  /usr/lib/openmpi/lib/openmpi/mca_osc_pt2pt.so
7f913ffa2000-7f91401a1000 ---p 00015000 103:02 17043920                  /usr/lib/openmpi/lib/openmpi/mca_osc_pt2pt.so
7f91401a1000-7f91401a2000 r--p 00014000 103:02 17043920                  /usr/lib/openmpi/lib/openmpi/mca_osc_pt2pt.so
7f91401a2000-7f91401a3000 rw-p 00015000 103:02 17043920                  /usr/lib/openmpi/lib/openmpi/mca_osc_pt2pt.so
7f91401a3000-7f91401a5000 r--s 00018000 103:02 27922702                  /usr/local/hadoop/share/hadoop/common/lib/servlet-api-2.5.jar
7f91401a5000-7f91401a8000 r--s 00006000 103:02 27922733                  /usr/local/hadoop/share/hadoop/common/lib/jsr305-3.0.0.jar
7f91401a8000-7f91401a9000 ---p 00000000 00:00 0 
7f91401a9000-7f91402a9000 rw-p 00000000 00:00 0 
7f91402a9000-7f91402aa000 ---p 00000000 00:00 0 
7f91402aa000-7f91403aa000 rw-p 00000000 00:00 0 
7f91403aa000-7f91403ad000 r-xp 00000000 103:02 17043874                  /usr/lib/openmpi/lib/openmpi/mca_coll_inter.so
7f91403ad000-7f91405ad000 ---p 00003000 103:02 17043874                  /usr/lib/openmpi/lib/openmpi/mca_coll_inter.so
7f91405ad000-7f91405ae000 r--p 00003000 103:02 17043874                  /usr/lib/openmpi/lib/openmpi/mca_coll_inter.so
7f91405ae000-7f91405af000 rw-p 00004000 103:02 17043874                  /usr/lib/openmpi/lib/openmpi/mca_coll_inter.so
7f91405af000-7f91405b2000 r--s 00016000 103:02 27922711                  /usr/local/hadoop/share/hadoop/common/lib/jsp-api-2.1.jar
7f91405b2000-7f91405b5000 r--s 00011000 103:02 27922704                  /usr/local/hadoop/share/hadoop/common/lib/json-smart-1.3.1.jar
7f91405b5000-7f91405c7000 r--s 0009d000 103:02 27922756                  /usr/local/hadoop/share/hadoop/common/lib/jersey-server-1.9.jar
7f91405c7000-7f91405da000 r--s 000c7000 103:02 27922701                  /usr/local/hadoop/share/hadoop/common/lib/jaxb-impl-2.2.3-1.jar
7f91405da000-7f91405df000 r-xp 00000000 103:02 17043921                  /usr/lib/openmpi/lib/openmpi/mca_osc_sm.so
7f91405df000-7f91407de000 ---p 00005000 103:02 17043921                  /usr/lib/openmpi/lib/openmpi/mca_osc_sm.so
7f91407de000-7f91407df000 r--p 00004000 103:02 17043921                  /usr/lib/openmpi/lib/openmpi/mca_osc_sm.so
7f91407df000-7f91407e1000 rw-p 00005000 103:02 17043921                  /usr/lib/openmpi/lib/openmpi/mca_osc_sm.so
7f91407e1000-7f91407ee000 r-xp 00000000 103:02 17043872                  /usr/lib/openmpi/lib/openmpi/mca_coll_basic.so
7f91407ee000-7f91409ee000 ---p 0000d000 103:02 17043872                  /usr/lib/openmpi/lib/openmpi/mca_coll_basic.so
7f91409ee000-7f91409ef000 r--p 0000d000 103:02 17043872                  /usr/lib/openmpi/lib/openmpi/mca_coll_basic.so
7f91409ef000-7f91409f0000 rw-p 0000e000 103:02 17043872                  /usr/lib/openmpi/lib/openmpi/mca_coll_basic.so
7f91409f0000-7f9140a0f000 r-xp 00000000 103:02 17043879                  /usr/lib/openmpi/lib/openmpi/mca_coll_tuned.so
7f9140a0f000-7f9140c0e000 ---p 0001f000 103:02 17043879                  /usr/lib/openmpi/lib/openmpi/mca_coll_tuned.so
7f9140c0e000-7f9140c0f000 r--p 0001e000 103:02 17043879                  /usr/lib/openmpi/lib/openmpi/mca_coll_tuned.so
7f9140c0f000-7f9140c10000 rw-p 0001f000 103:02 17043879                  /usr/lib/openmpi/lib/openmpi/mca_coll_tuned.so
7f9140c10000-7f9140c12000 r-xp 00000000 103:02 17043877                  /usr/lib/openmpi/lib/openmpi/mca_coll_self.so
7f9140c12000-7f9140e11000 ---p 00002000 103:02 17043877                  /usr/lib/openmpi/lib/openmpi/mca_coll_self.so
7f9140e11000-7f9140e12000 r--p 00001000 103:02 17043877                  /usr/lib/openmpi/lib/openmpi/mca_coll_self.so
7f9140e12000-7f9140e13000 rw-p 00002000 103:02 17043877                  /usr/lib/openmpi/lib/openmpi/mca_coll_self.so
7f9140e13000-7f9140e2c000 r-xp 00000000 103:02 17043875                  /usr/lib/openmpi/lib/openmpi/mca_coll_libnbc.so
7f9140e2c000-7f914102b000 ---p 00019000 103:02 17043875                  /usr/lib/openmpi/lib/openmpi/mca_coll_libnbc.so
7f914102b000-7f914102c000 r--p 00018000 103:02 17043875                  /usr/lib/openmpi/lib/openmpi/mca_coll_libnbc.so
7f914102c000-7f914102d000 rw-p 00019000 103:02 17043875                  /usr/lib/openmpi/lib/openmpi/mca_coll_libnbc.so
7f914102d000-7f914102e000 r--s 0000a000 103:02 27922823                  /usr/local/hadoop/share/hadoop/hdfs/lib/asm-3.2.jar
7f914102e000-7f9141033000 r--s 00040000 103:02 27922761                  /usr/local/hadoop/share/hadoop/common/lib/jsch-0.1.54.jar
7f9141033000-7f9141034000 ---p 00000000 00:00 0 
7f9141034000-7f9141134000 rw-p 00000000 00:00 0 
7f9141134000-7f9141135000 ---p 00000000 00:00 0 
7f9141135000-7f9141235000 rw-p 00000000 00:00 0 
7f9141235000-7f914124d000 r-xp 00000000 103:02 17043927                  /usr/lib/openmpi/lib/openmpi/mca_pml_ob1.so
7f914124d000-7f914144c000 ---p 00018000 103:02 17043927                  /usr/lib/openmpi/lib/openmpi/mca_pml_ob1.so
7f914144c000-7f914144d000 r--p 00017000 103:02 17043927                  /usr/lib/openmpi/lib/openmpi/mca_pml_ob1.so
7f914144d000-7f914144e000 rw-p 00018000 103:02 17043927                  /usr/lib/openmpi/lib/openmpi/mca_pml_ob1.so
7f914144e000-7f914144f000 r--s 00003000 103:02 27922753                  /usr/local/hadoop/share/hadoop/common/lib/xmlenc-0.52.jar
7f914144f000-7f9141455000 r-xp 00000000 103:02 17043873                  /usr/lib/openmpi/lib/openmpi/mca_coll_hierarch.so
7f9141455000-7f9141654000 ---p 00006000 103:02 17043873                  /usr/lib/openmpi/lib/openmpi/mca_coll_hierarch.so
7f9141654000-7f9141655000 r--p 00005000 103:02 17043873                  /usr/lib/openmpi/lib/openmpi/mca_coll_hierarch.so
7f9141655000-7f9141656000 rw-p 00006000 103:02 17043873                  /usr/lib/openmpi/lib/openmpi/mca_coll_hierarch.so
7f9141656000-7f914165a000 r--s 00028000 103:02 27922754                  /usr/local/hadoop/share/hadoop/common/lib/jetty-util-6.1.26.jar
7f914165a000-7f9141663000 r--s 0007b000 103:02 27922759                  /usr/local/hadoop/share/hadoop/common/lib/jets3t-0.9.0.jar
7f9141663000-7f914166b000 r-xp 00000000 103:02 28583778                  /usr/lib/jvm/java-8-openjdk-amd64/jre/lib/amd64/libzip.so
7f914166b000-7f914186a000 ---p 00008000 103:02 28583778                  /usr/lib/jvm/java-8-openjdk-amd64/jre/lib/amd64/libzip.so
7f914186a000-7f914186b000 r--p 00007000 103:02 28583778                  /usr/lib/jvm/java-8-openjdk-amd64/jre/lib/amd64/libzip.so
7f914186b000-7f914186c000 rw-p 00008000 103:02 28583778                  /usr/lib/jvm/java-8-openjdk-amd64/jre/lib/amd64/libzip.so
7f914186c000-7f9141895000 r-xp 00000000 103:02 28583773                  /usr/lib/jvm/java-8-openjdk-amd64/jre/lib/amd64/libjava.so
7f9141895000-7f9141a95000 ---p 00029000 103:02 28583773                  /usr/lib/jvm/java-8-openjdk-amd64/jre/lib/amd64/libjava.so
7f9141a95000-7f9141a96000 r--p 00029000 103:02 28583773                  /usr/lib/jvm/java-8-openjdk-amd64/jre/lib/amd64/libjava.so
7f9141a96000-7f9141a98000 rw-p 0002a000 103:02 28583773                  /usr/lib/jvm/java-8-openjdk-amd64/jre/lib/amd64/libjava.so
7f9141a98000-7f9141aa7000 r-xp 00000000 103:02 28583769                  /usr/lib/jvm/java-8-openjdk-amd64/jre/lib/amd64/libverify.so
7f9141aa7000-7f9141ca6000 ---p 0000f000 103:02 28583769                  /usr/lib/jvm/java-8-openjdk-amd64/jre/lib/amd64/libverify.so
7f9141ca6000-7f9141ca8000 r--p 0000e000 103:02 28583769                  /usr/lib/jvm/java-8-openjdk-amd64/jre/lib/amd64/libverify.so
7f9141ca8000-7f9141ca9000 rw-p 00010000 103:02 28583769                  /usr/lib/jvm/java-8-openjdk-amd64/jre/lib/amd64/libverify.so
7f9141ca9000-7f9141cb5000 r-xp 00000000 103:02 17043870                  /usr/lib/openmpi/lib/openmpi/mca_btl_tcp.so
7f9141cb5000-7f9141eb4000 ---p 0000c000 103:02 17043870                  /usr/lib/openmpi/lib/openmpi/mca_btl_tcp.so
7f9141eb4000-7f9141eb5000 r--p 0000b000 103:02 17043870                  /usr/lib/openmpi/lib/openmpi/mca_btl_tcp.so
7f9141eb5000-7f9141eb6000 rw-p 0000c000 103:02 17043870                  /usr/lib/openmpi/lib/openmpi/mca_btl_tcp.so
7f9141eb6000-7f9141f36000 rw-p 00000000 00:00 0 
7f9141f36000-7f9141f3c000 r-xp 00000000 103:02 17043888                  /usr/lib/openmpi/lib/openmpi/mca_dpm_orte.so
7f9141f3c000-7f914213b000 ---p 00006000 103:02 17043888                  /usr/lib/openmpi/lib/openmpi/mca_dpm_orte.so
7f914213b000-7f914213c000 r--p 00005000 103:02 17043888                  /usr/lib/openmpi/lib/openmpi/mca_dpm_orte.so
7f914213c000-7f914213d000 rw-p 00006000 103:02 17043888                  /usr/lib/openmpi/lib/openmpi/mca_dpm_orte.so
7f914213d000-7f9142140000 r-xp 00000000 103:02 17043868                  /usr/lib/openmpi/lib/openmpi/mca_btl_self.so
7f9142140000-7f914233f000 ---p 00003000 103:02 17043868                  /usr/lib/openmpi/lib/openmpi/mca_btl_self.so
7f914233f000-7f9142340000 r--p 00002000 103:02 17043868                  /usr/lib/openmpi/lib/openmpi/mca_btl_self.so
7f9142340000-7f9142341000 rw-p 00003000 103:02 17043868                  /usr/lib/openmpi/lib/openmpi/mca_btl_self.so
7f9142341000-7f9142345000 r--s 00021000 103:02 27922763                  /usr/local/hadoop/share/hadoop/common/lib/jersey-json-1.9.jar
7f9142345000-7f9142348000 r-xp 00000000 103:02 17043929                  /usr/lib/openmpi/lib/openmpi/mca_pubsub_orte.so
7f9142348000-7f9142547000 ---p 00003000 103:02 17043929                  /usr/lib/openmpi/lib/openmpi/mca_pubsub_orte.so
7f9142547000-7f9142548000 r--p 00002000 103:02 17043929                  /usr/lib/openmpi/lib/openmpi/mca_pubsub_orte.so
7f9142548000-7f9142549000 rw-p 00003000 103:02 17043929                  /usr/lib/openmpi/lib/openmpi/mca_pubsub_orte.so
7f9142549000-7f9143dff000 r-xp 00000000 103:02 17046700                  /usr/lib/x86_64-linux-gnu/libicudata.so.55.1
7f9143dff000-7f9143ffe000 ---p 018b6000 103:02 17046700                  /usr/lib/x86_64-linux-gnu/libicudata.so.55.1
7f9143ffe000-7f9143fff000 r--p 018b5000 103:02 17046700                  /usr/lib/x86_64-linux-gnu/libicudata.so.55.1
7f9143fff000-7f9144000000 rw-p 018b6000 103:02 17046700                  /usr/lib/x86_64-linux-gnu/libicudata.so.55.1
7f9144000000-7f9144021000 rw-p 00000000 00:00 0 
7f9144021000-7f9148000000 ---p 00000000 00:00 0 
7f9148000000-7f9148002000 r--s 00006000 103:02 27922716                  /usr/local/hadoop/share/hadoop/common/lib/paranamer-2.3.jar
7f9148002000-7f914800c000 r--s 00066000 103:02 27922726                  /usr/local/hadoop/share/hadoop/common/lib/jersey-core-1.9.jar
7f914800c000-7f914801a000 r--s 000b1000 103:02 27922755                  /usr/local/hadoop/share/hadoop/common/lib/jackson-mapper-asl-1.9.13.jar
7f914801a000-7f914801d000 r-xp 00000000 103:02 17043866                  /usr/lib/openmpi/lib/openmpi/mca_bml_r2.so
7f914801d000-7f914821d000 ---p 00003000 103:02 17043866                  /usr/lib/openmpi/lib/openmpi/mca_bml_r2.so
7f914821d000-7f914821e000 r--p 00003000 103:02 17043866                  /usr/lib/openmpi/lib/openmpi/mca_bml_r2.so
7f914821e000-7f914821f000 rw-p 00004000 103:02 17043866                  /usr/lib/openmpi/lib/openmpi/mca_bml_r2.so
7f914821f000-7f9148221000 r-xp 00000000 103:02 17043832                  /usr/lib/openmpi/lib/libmca_common_sm.so.4.0.4
7f9148221000-7f9148421000 ---p 00002000 103:02 17043832                  /usr/lib/openmpi/lib/libmca_common_sm.so.4.0.4
7f9148421000-7f9148422000 r--p 00002000 103:02 17043832                  /usr/lib/openmpi/lib/libmca_common_sm.so.4.0.4
7f9148422000-7f9148423000 rw-p 00003000 103:02 17043832                  /usr/lib/openmpi/lib/libmca_common_sm.so.4.0.4
7f9148423000-7f9148425000 r-xp 00000000 103:02 17043917                  /usr/lib/openmpi/lib/openmpi/mca_mpool_sm.so
7f9148425000-7f9148624000 ---p 00002000 103:02 17043917                  /usr/lib/openmpi/lib/openmpi/mca_mpool_sm.so
7f9148624000-7f9148625000 r--p 00001000 103:02 17043917                  /usr/lib/openmpi/lib/openmpi/mca_mpool_sm.so
7f9148625000-7f9148626000 rw-p 00002000 103:02 17043917                  /usr/lib/openmpi/lib/openmpi/mca_mpool_sm.so
7f9148626000-7f9148629000 r-xp 00000000 103:02 17043916                  /usr/lib/openmpi/lib/openmpi/mca_mpool_grdma.so
7f9148629000-7f9148828000 ---p 00003000 103:02 17043916                  /usr/lib/openmpi/lib/openmpi/mca_mpool_grdma.so
7f9148828000-7f9148829000 r--p 00002000 103:02 17043916                  /usr/lib/openmpi/lib/openmpi/mca_mpool_grdma.so
7f9148829000-7f914882a000 rw-p 00003000 103:02 17043916                  /usr/lib/openmpi/lib/openmpi/mca_mpool_grdma.so
7f914882a000-7f914882d000 r-xp 00000000 103:02 17043934                  /usr/lib/openmpi/lib/openmpi/mca_rcache_vma.so
7f914882d000-7f9148a2d000 ---p 00003000 103:02 17043934                  /usr/lib/openmpi/lib/openmpi/mca_rcache_vma.so
7f9148a2d000-7f9148a2e000 r--p 00003000 103:02 17043934                  /usr/lib/openmpi/lib/openmpi/mca_rcache_vma.so
7f9148a2e000-7f9148a2f000 rw-p 00004000 103:02 17043934                  /usr/lib/openmpi/lib/openmpi/mca_rcache_vma.so
7f9148a2f000-7f9148a31000 r-xp 00000000 103:02 17043862                  /usr/lib/openmpi/lib/openmpi/mca_allocator_bucket.so
7f9148a31000-7f9148c30000 ---p 00002000 103:02 17043862                  /usr/lib/openmpi/lib/openmpi/mca_allocator_bucket.so
7f9148c30000-7f9148c31000 r--p 00001000 103:02 17043862                  /usr/lib/openmpi/lib/openmpi/mca_allocator_bucket.so
7f9148c31000-7f9148c32000 rw-p 00002000 103:02 17043862                  /usr/lib/openmpi/lib/openmpi/mca_allocator_bucket.so
7f9148c32000-7f9148c34000 r-xp 00000000 103:02 17043861                  /usr/lib/openmpi/lib/openmpi/mca_allocator_basic.so
7f9148c34000-7f9148e33000 ---p 00002000 103:02 17043861                  /usr/lib/openmpi/lib/openmpi/mca_allocator_basic.so
7f9148e33000-7f9148e34000 r--p 00001000 103:02 17043861                  /usr/lib/openmpi/lib/openmpi/mca_allocator_basic.so
7f9148e34000-7f9148e35000 rw-p 00002000 103:02 17043861                  /usr/lib/openmpi/lib/openmpi/mca_allocator_basic.so
7f9148e35000-7f9148e56000 r-xp 00000000 103:02 16121954                  /lib/x86_64-linux-gnu/liblzma.so.5.0.0
7f9148e56000-7f9149055000 ---p 00021000 103:02 16121954                  /lib/x86_64-linux-gnu/liblzma.so.5.0.0
7f9149055000-7f9149056000 r--p 00020000 103:02 16121954                  /lib/x86_64-linux-gnu/liblzma.so.5.0.0
7f9149056000-7f9149057000 rw-p 00021000 103:02 16121954                  /lib/x86_64-linux-gnu/liblzma.so.5.0.0
7f9149057000-7f91491d6000 r-xp 00000000 103:02 17046728                  /usr/lib/x86_64-linux-gnu/libicuuc.so.55.1
7f91491d6000-7f91493d6000 ---p 0017f000 103:02 17046728                  /usr/lib/x86_64-linux-gnu/libicuuc.so.55.1
7f91493d6000-7f91493e6000 r--p 0017f000 103:02 17046728                  /usr/lib/x86_64-linux-gnu/libicuuc.so.55.1
7f91493e6000-7f91493e7000 rw-p 0018f000 103:02 17046728                  /usr/lib/x86_64-linux-gnu/libicuuc.so.55.1
7f91493e7000-7f91493eb000 rw-p 00000000 00:00 0 
7f91493eb000-7f914959c000 r-xp 00000000 103:02 17046819                  /usr/lib/x86_64-linux-gnu/libxml2.so.2.9.3
7f914959c000-7f914979b000 ---p 001b1000 103:02 17046819                  /usr/lib/x86_64-linux-gnu/libxml2.so.2.9.3
7f914979b000-7f91497a3000 r--p 001b0000 103:02 17046819                  /usr/lib/x86_64-linux-gnu/libxml2.so.2.9.3
7f91497a3000-7f91497a5000 rw-p 001b8000 103:02 17046819                  /usr/lib/x86_64-linux-gnu/libxml2.so.2.9.3
7f91497a5000-7f91497a6000 rw-p 00000000 00:00 0 
7f91497a6000-7f91497a9000 r-xp 00000000 103:02 17170438                  /usr/lib/x86_64-linux-gnu/hwloc/hwloc_xml_libxml.so
7f91497a9000-7f91499a8000 ---p 00003000 103:02 17170438                  /usr/lib/x86_64-linux-gnu/hwloc/hwloc_xml_libxml.so
7f91499a8000-7f91499a9000 r--p 00002000 103:02 17170438                  /usr/lib/x86_64-linux-gnu/hwloc/hwloc_xml_libxml.so
7f91499a9000-7f91499aa000 rw-p 00003000 103:02 17170438                  /usr/lib/x86_64-linux-gnu/hwloc/hwloc_xml_libxml.so
7f91499aa000-7f91499c3000 r-xp 00000000 103:02 16122022                  /lib/x86_64-linux-gnu/libz.so.1.2.8
7f91499c3000-7f9149bc2000 ---p 00019000 103:02 16122022                  /lib/x86_64-linux-gnu/libz.so.1.2.8
7f9149bc2000-7f9149bc3000 r--p 00018000 103:02 16122022                  /lib/x86_64-linux-gnu/libz.so.1.2.8
7f9149bc3000-7f9149bc4000 rw-p 00019000 103:02 16122022                  /lib/x86_64-linux-gnu/libz.so.1.2.8
7f9149bc4000-7f9149bcc000 r-xp 00000000 103:02 17046764                  /usr/lib/x86_64-linux-gnu/libpciaccess.so.0.11.1
7f9149bcc000-7f9149dcc000 ---p 00008000 103:02 17046764                  /usr/lib/x86_64-linux-gnu/libpciaccess.so.0.11.1
7f9149dcc000-7f9149dcd000 r--p 00008000 103:02 17046764                  /usr/lib/x86_64-linux-gnu/libpciaccess.so.0.11.1
7f9149dcd000-7f9149dce000 rw-p 00009000 103:02 17046764                  /usr/lib/x86_64-linux-gnu/libpciaccess.so.0.11.1
7f9149dce000-7f9149dd0000 r-xp 00000000 103:02 17170437                  /usr/lib/x86_64-linux-gnu/hwloc/hwloc_pci.so
7f9149dd0000-7f9149fd0000 ---p 00002000 103:02 17170437                  /usr/lib/x86_64-linux-gnu/hwloc/hwloc_pci.so
7f9149fd0000-7f9149fd1000 r--p 00002000 103:02 17170437                  /usr/lib/x86_64-linux-gnu/hwloc/hwloc_pci.so
7f9149fd1000-7f9149fd2000 rw-p 00003000 103:02 17170437                  /usr/lib/x86_64-linux-gnu/hwloc/hwloc_pci.so
7f9149fd2000-7f9149fd8000 r-xp 00000000 103:02 12194700                  /usr/local/cuda-10.1/targets/x86_64-linux/lib/libOpenCL.so.1.1
7f9149fd8000-7f914a1d7000 ---p 00006000 103:02 12194700                  /usr/local/cuda-10.1/targets/x86_64-linux/lib/libOpenCL.so.1.1
7f914a1d7000-7f914a1d9000 rw-p 00005000 103:02 12194700                  /usr/local/cuda-10.1/targets/x86_64-linux/lib/libOpenCL.so.1.1
7f914a1d9000-7f914a1db000 r-xp 00000000 103:02 17170436                  /usr/lib/x86_64-linux-gnu/hwloc/hwloc_opencl.so
7f914a1db000-7f914a3da000 ---p 00002000 103:02 17170436                  /usr/lib/x86_64-linux-gnu/hwloc/hwloc_opencl.so
7f914a3da000-7f914a3db000 r--p 00001000 103:02 17170436                  /usr/lib/x86_64-linux-gnu/hwloc/hwloc_opencl.so
7f914a3db000-7f914a3dc000 rw-p 00002000 103:02 17170436                  /usr/lib/x86_64-linux-gnu/hwloc/hwloc_opencl.so
7f914a3dc000-7f914a3dd000 ---p 00000000 00:00 0 
7f914a3dd000-7f914abdd000 rw-p 00000000 00:00 0 
7f914abdd000-7f914abdf000 r-xp 00000000 103:02 17043906                  /usr/lib/openmpi/lib/openmpi/mca_grpcomm_bad.so
7f914abdf000-7f914adde000 ---p 00002000 103:02 17043906                  /usr/lib/openmpi/lib/openmpi/mca_grpcomm_bad.so
7f914adde000-7f914addf000 r--p 00001000 103:02 17043906                  /usr/lib/openmpi/lib/openmpi/mca_grpcomm_bad.so
7f914addf000-7f914ade0000 rw-p 00002000 103:02 17043906                  /usr/lib/openmpi/lib/openmpi/mca_grpcomm_bad.so
7f914ade0000-7f914ade3000 r-xp 00000000 103:02 17043942                  /usr/lib/openmpi/lib/openmpi/mca_rml_oob.so
7f914ade3000-7f914afe2000 ---p 00003000 103:02 17043942                  /usr/lib/openmpi/lib/openmpi/mca_rml_oob.so
7f914afe2000-7f914afe3000 r--p 00002000 103:02 17043942                  /usr/lib/openmpi/lib/openmpi/mca_rml_oob.so
7f914afe3000-7f914afe4000 rw-p 00003000 103:02 17043942                  /usr/lib/openmpi/lib/openmpi/mca_rml_oob.so
7f914afe4000-7f914aff7000 r-xp 00000000 103:02 17043919                  /usr/lib/openmpi/lib/openmpi/mca_oob_tcp.so
7f914aff7000-7f914b1f6000 ---p 00013000 103:02 17043919                  /usr/lib/openmpi/lib/openmpi/mca_oob_tcp.so
7f914b1f6000-7f914b1f7000 r--p 00012000 103:02 17043919                  /usr/lib/openmpi/lib/openmpi/mca_oob_tcp.so
7f914b1f7000-7f914b1f8000 rw-p 00013000 103:02 17043919                  /usr/lib/openmpi/lib/openmpi/mca_oob_tcp.so
7f914b1f8000-7f914b1fa000 r-xp 00000000 103:02 17043889                  /usr/lib/openmpi/lib/openmpi/mca_errmgr_default_app.so
7f914b1fa000-7f914b3f9000 ---p 00002000 103:02 17043889                  /usr/lib/openmpi/lib/openmpi/mca_errmgr_default_app.so
7f914b3f9000-7f914b3fa000 r--p 00001000 103:02 17043889                  /usr/lib/openmpi/lib/openmpi/mca_errmgr_default_app.so
7f914b3fa000-7f914b3fb000 rw-p 00002000 103:02 17043889                  /usr/lib/openmpi/lib/openmpi/mca_errmgr_default_app.so
7f914b3fb000-7f914b3fd000 r-xp 00000000 103:02 17043962                  /usr/lib/openmpi/lib/openmpi/mca_state_app.so
7f914b3fd000-7f914b5fc000 ---p 00002000 103:02 17043962                  /usr/lib/openmpi/lib/openmpi/mca_state_app.so
7f914b5fc000-7f914b5fd000 r--p 00001000 103:02 17043962                  /usr/lib/openmpi/lib/openmpi/mca_state_app.so
7f914b5fd000-7f914b5fe000 rw-p 00002000 103:02 17043962                  /usr/lib/openmpi/lib/openmpi/mca_state_app.so
7f914b5fe000-7f914b600000 r-xp 00000000 103:02 17043945                  /usr/lib/openmpi/lib/openmpi/mca_routed_direct.so
7f914b600000-7f914b7ff000 ---p 00002000 103:02 17043945                  /usr/lib/openmpi/lib/openmpi/mca_routed_direct.so
7f914b7ff000-7f914b800000 r--p 00001000 103:02 17043945                  /usr/lib/openmpi/lib/openmpi/mca_routed_direct.so
7f914b800000-7f914b801000 rw-p 00002000 103:02 17043945                  /usr/lib/openmpi/lib/openmpi/mca_routed_direct.so
7f914b801000-7f914b802000 r--s 00002000 103:02 27922739                  /usr/local/hadoop/share/hadoop/common/lib/slf4j-log4j12-1.7.25.jar
7f914b802000-7f914b803000 r--s 00004000 103:02 27922740                  /usr/local/hadoop/share/hadoop/common/lib/jetty-sslengine-6.1.26.jar
7f914b803000-7f914b806000 r-xp 00000000 103:02 17043883                  /usr/lib/openmpi/lib/openmpi/mca_db_hash.so
7f914b806000-7f914ba05000 ---p 00003000 103:02 17043883                  /usr/lib/openmpi/lib/openmpi/mca_db_hash.so
7f914ba05000-7f914ba06000 r--p 00002000 103:02 17043883                  /usr/lib/openmpi/lib/openmpi/mca_db_hash.so
7f914ba06000-7f914ba07000 rw-p 00003000 103:02 17043883                  /usr/lib/openmpi/lib/openmpi/mca_db_hash.so
7f914ba07000-7f914ba09000 r-xp 00000000 103:02 17043884                  /usr/lib/openmpi/lib/openmpi/mca_db_print.so
7f914ba09000-7f914bc08000 ---p 00002000 103:02 17043884                  /usr/lib/openmpi/lib/openmpi/mca_db_print.so
7f914bc08000-7f914bc09000 r--p 00001000 103:02 17043884                  /usr/lib/openmpi/lib/openmpi/mca_db_print.so
7f914bc09000-7f914bc0a000 rw-p 00002000 103:02 17043884                  /usr/lib/openmpi/lib/openmpi/mca_db_print.so
7f914bc0a000-7f914bc15000 r-xp 00000000 103:02 30416215                  /lib/x86_64-linux-gnu/libnss_files-2.23.so
7f914bc15000-7f914be14000 ---p 0000b000 103:02 30416215                  /lib/x86_64-linux-gnu/libnss_files-2.23.so
7f914be14000-7f914be15000 r--p 0000a000 103:02 30416215                  /lib/x86_64-linux-gnu/libnss_files-2.23.so
7f914be15000-7f914be16000 rw-p 0000b000 103:02 30416215                  /lib/x86_64-linux-gnu/libnss_files-2.23.so
7f914be16000-7f914be1c000 rw-p 00000000 00:00 0 
7f914be1c000-7f914be27000 r-xp 00000000 103:02 30416225                  /lib/x86_64-linux-gnu/libnss_nis-2.23.so
7f914be27000-7f914c026000 ---p 0000b000 103:02 30416225                  /lib/x86_64-linux-gnu/libnss_nis-2.23.so
7f914c026000-7f914c027000 r--p 0000a000 103:02 30416225                  /lib/x86_64-linux-gnu/libnss_nis-2.23.so
7f914c027000-7f914c028000 rw-p 0000b000 103:02 30416225                  /lib/x86_64-linux-gnu/libnss_nis-2.23.so
7f914c028000-7f914c03e000 r-xp 00000000 103:02 30416209                  /lib/x86_64-linux-gnu/libnsl-2.23.so
7f914c03e000-7f914c23d000 ---p 00016000 103:02 30416209                  /lib/x86_64-linux-gnu/libnsl-2.23.so
7f914c23d000-7f914c23e000 r--p 00015000 103:02 30416209                  /lib/x86_64-linux-gnu/libnsl-2.23.so
7f914c23e000-7f914c23f000 rw-p 00016000 103:02 30416209                  /lib/x86_64-linux-gnu/libnsl-2.23.so
7f914c23f000-7f914c241000 rw-p 00000000 00:00 0 
7f914c241000-7f914c243000 r-xp 00000000 103:02 17043895                  /usr/lib/openmpi/lib/openmpi/mca_ess_singleton.so
7f914c243000-7f914c442000 ---p 00002000 103:02 17043895                  /usr/lib/openmpi/lib/openmpi/mca_ess_singleton.so
7f914c442000-7f914c443000 r--p 00001000 103:02 17043895                  /usr/lib/openmpi/lib/openmpi/mca_ess_singleton.so
7f914c443000-7f914c444000 rw-p 00002000 103:02 17043895                  /usr/lib/openmpi/lib/openmpi/mca_ess_singleton.so
7f914c444000-7f914c446000 r--s 0000f000 103:02 27922748                  /usr/local/hadoop/share/hadoop/common/lib/jettison-1.1.jar
7f914c446000-7f914c448000 r--s 00000000 103:02 27922735                  /usr/local/hadoop/share/hadoop/common/lib/jcip-annotations-1.0-1.jar
7f914c448000-7f914c44b000 r--s 00017000 103:02 27922758                  /usr/local/hadoop/share/hadoop/common/lib/jaxb-api-2.2.2.jar
7f914c44b000-7f914c44c000 r--s 00004000 103:02 27922749                  /usr/local/hadoop/share/hadoop/common/lib/java-xmlbuilder-0.4.jar
7f914c44c000-7f914c44d000 r--s 00006000 103:02 27922747                  /usr/local/hadoop/share/hadoop/common/lib/jackson-xc-1.9.13.jar
7f914c44d000-7f914c44e000 r--s 00004000 103:02 27922744                  /usr/local/hadoop/share/hadoop/common/lib/jackson-jaxrs-1.9.13.jar
7f914c44e000-7f914c452000 r--s 00035000 103:02 27922715                  /usr/local/hadoop/share/hadoop/common/lib/jackson-core-asl-1.9.13.jar
7f914c452000-7f914c459000 r--s 00049000 103:02 27922697                  /usr/local/hadoop/share/hadoop/common/lib/httpcore-4.4.4.jar
7f914c459000-7f914c466000 r--s 000a7000 103:02 27922724                  /usr/local/hadoop/share/hadoop/common/lib/httpclient-4.5.2.jar
7f914c466000-7f914c480000 r--s 00155000 103:02 27922760                  /usr/local/hadoop/share/hadoop/common/lib/htrace-core4-4.1.0-incubating.jar
7f914c480000-7f914c482000 r--s 00009000 103:02 27922730                  /usr/local/hadoop/share/hadoop/common/lib/hamcrest-core-1.3.jar
7f914c482000-7f914c485000 r--s 0001c000 103:02 27922717                  /usr/local/hadoop/share/hadoop/common/lib/hadoop-auth-2.10.0.jar
7f914c485000-7f914c487000 r--s 0000a000 103:02 27922713                  /usr/local/hadoop/share/hadoop/common/lib/hadoop-annotations-2.10.0.jar
7f914c487000-7f914c4a8000 r--s 00172000 103:02 27922762                  /usr/local/hadoop/share/hadoop/common/lib/guava-11.0.2.jar
7f914c4a8000-7f914c4ad000 r--s 0002a000 103:02 27922699                  /usr/local/hadoop/share/hadoop/common/lib/gson-2.2.4.jar
7f914c4ad000-7f914c4b5000 r--s 0003b000 103:02 27922738                  /usr/local/hadoop/share/hadoop/common/lib/curator-recipes-2.7.1.jar
7f914c4b5000-7f914c4bb000 r--s 00028000 103:02 27922751                  /usr/local/hadoop/share/hadoop/common/lib/curator-framework-2.7.1.jar
7f914c4bb000-7f914c4bd000 r--s 0000f000 103:02 27922723                  /usr/local/hadoop/share/hadoop/common/lib/curator-client-2.7.1.jar
7f914c4bd000-7f914c4c2000 r--s 0003e000 103:02 27922729                  /usr/local/hadoop/share/hadoop/common/lib/commons-net-3.1.jar
7f914c4c2000-7f914c4df000 r--s 0016a000 103:02 27922700                  /usr/local/hadoop/share/hadoop/common/lib/commons-math3-3.1.1.jar
7f914c4df000-7f914c4e1000 r--s 0000e000 103:02 27922714                  /usr/local/hadoop/share/hadoop/common/lib/commons-logging-1.1.3.jar
7f914c4e1000-7f914c4e8000 r--s 00064000 103:02 27922698                  /usr/local/hadoop/share/hadoop/common/lib/commons-lang3-3.4.jar
7f914c4e8000-7f914c4ed000 r--s 00041000 103:02 27922750                  /usr/local/hadoop/share/hadoop/common/lib/commons-lang-2.6.jar
7f914c4ed000-7f914c4f1000 r--s 0002a000 103:02 27922732                  /usr/local/hadoop/share/hadoop/common/lib/commons-io-2.4.jar
7f914c4f1000-7f914c4f5000 r--s 00020000 103:02 27922708                  /usr/local/hadoop/share/hadoop/common/lib/commons-digester-1.8.jar
7f914c4f5000-7f914c4fb000 r--s 00043000 103:02 27922705                  /usr/local/hadoop/share/hadoop/common/lib/commons-configuration-1.6.jar
7f914c4fb000-7f914c507000 r--s 0008b000 103:02 27922736                  /usr/local/hadoop/share/hadoop/common/lib/commons-compress-1.19.jar
7f914c507000-7f914c514000 r--s 00083000 103:02 27922709                  /usr/local/hadoop/share/hadoop/common/lib/commons-collections-3.2.2.jar
7f914c514000-7f914c516000 r--s 0000d000 103:02 27922741                  /usr/local/hadoop/share/hadoop/common/lib/commons-codec-1.4.jar
7f914c516000-7f914c518000 r--s 00009000 103:02 27922706                  /usr/local/hadoop/share/hadoop/common/lib/commons-cli-1.2.jar
7f914c518000-7f914c51d000 r--s 00038000 103:02 27922728                  /usr/local/hadoop/share/hadoop/common/lib/commons-beanutils-1.9.4.jar
7f914c51d000-7f914c526000 r--s 00062000 103:02 27922712                  /usr/local/hadoop/share/hadoop/common/lib/avro-1.7.7.jar
7f914c526000-7f914c527000 r--s 0000a000 103:02 27922757                  /usr/local/hadoop/share/hadoop/common/lib/asm-3.2.jar
7f914c527000-7f914c529000 r--s 00012000 103:02 27922752                  /usr/local/hadoop/share/hadoop/common/lib/api-util-1.0.0-M20.jar
7f914c529000-7f914c544000 r--s 00394000 103:02 28583818                  /usr/lib/jvm/java-8-openjdk-amd64/jre/lib/ext/cldrdata.jar
7f914c544000-7f914c545000 ---p 00000000 00:00 0 
7f914c545000-7f914c645000 rw-p 00000000 00:00 0 
7f914c645000-7f914c64d000 r-xp 00000000 103:02 30416211                  /lib/x86_64-linux-gnu/libnss_compat-2.23.so
7f914c64d000-7f914c84c000 ---p 00008000 103:02 30416211                  /lib/x86_64-linux-gnu/libnss_compat-2.23.so
7f914c84c000-7f914c84d000 r--p 00007000 103:02 30416211                  /lib/x86_64-linux-gnu/libnss_compat-2.23.so
7f914c84d000-7f914c84e000 rw-p 00008000 103:02 30416211                  /lib/x86_64-linux-gnu/libnss_compat-2.23.so
7f914c84e000-7f914c851000 r-xp 00000000 103:02 17043956                  /usr/lib/openmpi/lib/openmpi/mca_shmem_mmap.so
7f914c851000-7f914ca50000 ---p 00003000 103:02 17043956                  /usr/lib/openmpi/lib/openmpi/mca_shmem_mmap.so
7f914ca50000-7f914ca51000 r--p 00002000 103:02 17043956                  /usr/lib/openmpi/lib/openmpi/mca_shmem_mmap.so
7f914ca51000-7f914ca52000 rw-p 00003000 103:02 17043956                  /usr/lib/openmpi/lib/openmpi/mca_shmem_mmap.so
7f914ca52000-7f914ca54000 r--s 00003000 103:02 27922720                  /usr/local/hadoop/share/hadoop/common/lib/api-asn1-api-1.0.0-M20.jar
7f914ca54000-7f914ca55000 r-xp 00000000 103:02 17043952                  /usr/lib/openmpi/lib/openmpi/mca_sec_basic.so
7f914ca55000-7f914cc54000 ---p 00001000 103:02 17043952                  /usr/lib/openmpi/lib/openmpi/mca_sec_basic.so
7f914cc54000-7f914cc55000 r--p 00000000 103:02 17043952                  /usr/lib/openmpi/lib/openmpi/mca_sec_basic.so
7f914cc55000-7f914cc56000 rw-p 00001000 103:02 17043952                  /usr/lib/openmpi/lib/openmpi/mca_sec_basic.so
7f914cc56000-7f914cc5f000 r-xp 00000000 103:02 17046738                  /usr/lib/x86_64-linux-gnu/libltdl.so.7.3.1
7f914cc5f000-7f914ce5e000 ---p 00009000 103:02 17046738                  /usr/lib/x86_64-linux-gnu/libltdl.so.7.3.1
7f914ce5e000-7f914ce5f000 r--p 00008000 103:02 17046738                  /usr/lib/x86_64-linux-gnu/libltdl.so.7.3.1
7f914ce5f000-7f914ce60000 rw-p 00009000 103:02 17046738                  /usr/lib/x86_64-linux-gnu/libltdl.so.7.3.1
7f914ce60000-7f914ce6a000 r-xp 00000000 103:02 17046746                  /usr/lib/x86_64-linux-gnu/libnuma.so.1.0.0
7f914ce6a000-7f914d069000 ---p 0000a000 103:02 17046746                  /usr/lib/x86_64-linux-gnu/libnuma.so.1.0.0
7f914d069000-7f914d06a000 r--p 00009000 103:02 17046746                  /usr/lib/x86_64-linux-gnu/libnuma.so.1.0.0
7f914d06a000-7f914d06b000 rw-p 0000a000 103:02 17046746                  /usr/lib/x86_64-linux-gnu/libnuma.so.1.0.0
7f914d06b000-7f914d06d000 r-xp 00000000 103:02 30416260                  /lib/x86_64-linux-gnu/libutil-2.23.so
7f914d06d000-7f914d26c000 ---p 00002000 103:02 30416260                  /lib/x86_64-linux-gnu/libutil-2.23.so
7f914d26c000-7f914d26d000 r--p 00001000 103:02 30416260                  /lib/x86_64-linux-gnu/libutil-2.23.so
7f914d26d000-7f914d26e000 rw-p 00002000 103:02 30416260                  /lib/x86_64-linux-gnu/libutil-2.23.so
7f914d26e000-7f914d275000 r-xp 00000000 103:02 30416250                  /lib/x86_64-linux-gnu/librt-2.23.so
7f914d275000-7f914d474000 ---p 00007000 103:02 30416250                  /lib/x86_64-linux-gnu/librt-2.23.so
7f914d474000-7f914d475000 r--p 00006000 103:02 30416250                  /lib/x86_64-linux-gnu/librt-2.23.so
7f914d475000-7f914d476000 rw-p 00007000 103:02 30416250                  /lib/x86_64-linux-gnu/librt-2.23.so
7f914d476000-7f914d4af000 r-xp 00000000 103:02 17046696                  /usr/lib/x86_64-linux-gnu/libhwloc.so.5.6.8
7f914d4af000-7f914d6ae000 ---p 00039000 103:02 17046696                  /usr/lib/x86_64-linux-gnu/libhwloc.so.5.6.8
7f914d6ae000-7f914d6af000 r--p 00038000 103:02 17046696                  /usr/lib/x86_64-linux-gnu/libhwloc.so.5.6.8
7f914d6af000-7f914d6b0000 rw-p 00039000 103:02 17046696                  /usr/lib/x86_64-linux-gnu/libhwloc.so.5.6.8
7f914d6b0000-7f914d6b3000 r-xp 00000000 103:02 30416181                  /lib/x86_64-linux-gnu/libdl-2.23.so
7f914d6b3000-7f914d8b2000 ---p 00003000 103:02 30416181                  /lib/x86_64-linux-gnu/libdl-2.23.so
7f914d8b2000-7f914d8b3000 r--p 00002000 103:02 30416181                  /lib/x86_64-linux-gnu/libdl-2.23.so
7f914d8b3000-7f914d8b4000 rw-p 00003000 103:02 30416181                  /lib/x86_64-linux-gnu/libdl-2.23.so
7f914d8b4000-7f914d944000 r-xp 00000000 103:02 17043848                  /usr/lib/openmpi/lib/libopen-pal.so.13.0.2
7f914d944000-7f914db44000 ---p 00090000 103:02 17043848                  /usr/lib/openmpi/lib/libopen-pal.so.13.0.2
7f914db44000-7f914db48000 r--p 00090000 103:02 17043848                  /usr/lib/openmpi/lib/libopen-pal.so.13.0.2
7f914db48000-7f914db4c000 rw-p 00094000 103:02 17043848                  /usr/lib/openmpi/lib/libopen-pal.so.13.0.2
7f914db4c000-7f914db51000 rw-p 00000000 00:00 0 
7f914db51000-7f914dbc6000 r-xp 00000000 103:02 17043850                  /usr/lib/openmpi/lib/libopen-rte.so.12.0.2
7f914dbc6000-7f914ddc5000 ---p 00075000 103:02 17043850                  /usr/lib/openmpi/lib/libopen-rte.so.12.0.2
7f914ddc5000-7f914ddc6000 r--p 00074000 103:02 17043850                  /usr/lib/openmpi/lib/libopen-rte.so.12.0.2
7f914ddc6000-7f914ddc9000 rw-p 00075000 103:02 17043850                  /usr/lib/openmpi/lib/libopen-rte.so.12.0.2
7f914ddc9000-7f914ddcb000 rw-p 00000000 00:00 0 
7f914ddcb000-7f914ddd8000 r-xp 00000000 103:02 17043046                  /usr/lib/libibverbs.so.1.0.0
7f914ddd8000-7f914dfd8000 ---p 0000d000 103:02 17043046                  /usr/lib/libibverbs.so.1.0.0
7f914dfd8000-7f914dfd9000 r--p 0000d000 103:02 17043046                  /usr/lib/libibverbs.so.1.0.0
7f914dfd9000-7f914dfda000 rw-p 0000e000 103:02 17043046                  /usr/lib/libibverbs.so.1.0.0
7f914dfda000-7f914dff2000 r-xp 00000000 103:02 30416246                  /lib/x86_64-linux-gnu/libpthread-2.23.so
7f914dff2000-7f914e1f1000 ---p 00018000 103:02 30416246                  /lib/x86_64-linux-gnu/libpthread-2.23.so
7f914e1f1000-7f914e1f2000 r--p 00017000 103:02 30416246                  /lib/x86_64-linux-gnu/libpthread-2.23.so
7f914e1f2000-7f914e1f3000 rw-p 00018000 103:02 30416246                  /lib/x86_64-linux-gnu/libpthread-2.23.so
7f914e1f3000-7f914e1f7000 rw-p 00000000 00:00 0 
7f914e1f7000-7f914ee62000 r-xp 00000000 103:02 28583776                  /usr/lib/jvm/java-8-openjdk-amd64/jre/lib/amd64/server/libjvm.so
7f914ee62000-7f914f061000 ---p 00c6b000 103:02 28583776                  /usr/lib/jvm/java-8-openjdk-amd64/jre/lib/amd64/server/libjvm.so
7f914f061000-7f914f0f6000 r--p 00c6a000 103:02 28583776                  /usr/lib/jvm/java-8-openjdk-amd64/jre/lib/amd64/server/libjvm.so
7f914f0f6000-7f914f11f000 rw-p 00cff000 103:02 28583776                  /usr/lib/jvm/java-8-openjdk-amd64/jre/lib/amd64/server/libjvm.so
7f914f11f000-7f914f14f000 rw-p 00000000 00:00 0 
7f914f14f000-7f914f30f000 r-xp 00000000 103:02 30416171                  /lib/x86_64-linux-gnu/libc-2.23.so
7f914f30f000-7f914f50f000 ---p 001c0000 103:02 30416171                  /lib/x86_64-linux-gnu/libc-2.23.so
7f914f50f000-7f914f513000 r--p 001c0000 103:02 30416171                  /lib/x86_64-linux-gnu/libc-2.23.so
7f914f513000-7f914f515000 rw-p 001c4000 103:02 30416171                  /lib/x86_64-linux-gnu/libc-2.23.so
7f914f515000-7f914f519000 rw-p 00000000 00:00 0 
7f914f519000-7f914f530000 r-xp 00000000 103:02 18483128                  /lib/x86_64-linux-gnu/libgcc_s.so.1
7f914f530000-7f914f72f000 ---p 00017000 103:02 18483128                  /lib/x86_64-linux-gnu/libgcc_s.so.1
7f914f72f000-7f914f730000 r--p 00016000 103:02 18483128                  /lib/x86_64-linux-gnu/libgcc_s.so.1
7f914f730000-7f914f731000 rw-p 00017000 103:02 18483128                  /lib/x86_64-linux-gnu/libgcc_s.so.1
7f914f731000-7f914f839000 r-xp 00000000 103:02 30416198                  /lib/x86_64-linux-gnu/libm-2.23.so
7f914f839000-7f914fa38000 ---p 00108000 103:02 30416198                  /lib/x86_64-linux-gnu/libm-2.23.so
7f914fa38000-7f914fa39000 r--p 00107000 103:02 30416198                  /lib/x86_64-linux-gnu/libm-2.23.so
7f914fa39000-7f914fa3a000 rw-p 00108000 103:02 30416198                  /lib/x86_64-linux-gnu/libm-2.23.so
7f914fa3a000-7f914fbb6000 r-xp 00000000 103:02 18484382                  /usr/lib/x86_64-linux-gnu/libstdc++.so.6.0.25
7f914fbb6000-7f914fdb6000 ---p 0017c000 103:02 18484382                  /usr/lib/x86_64-linux-gnu/libstdc++.so.6.0.25
7f914fdb6000-7f914fdc0000 r--p 0017c000 103:02 18484382                  /usr/lib/x86_64-linux-gnu/libstdc++.so.6.0.25
7f914fdc0000-7f914fdc2000 rw-p 00186000 103:02 18484382                  /usr/lib/x86_64-linux-gnu/libstdc++.so.6.0.25
7f914fdc2000-7f914fdc6000 rw-p 00000000 00:00 0 
7f914fdc6000-7f914fe78000 r-xp 00000000 103:02 17043836                  /usr/lib/openmpi/lib/libmpi.so.12.0.2
7f914fe78000-7f9150078000 ---p 000b2000 103:02 17043836                  /usr/lib/openmpi/lib/libmpi.so.12.0.2
7f9150078000-7f9150079000 r--p 000b2000 103:02 17043836                  /usr/lib/openmpi/lib/libmpi.so.12.0.2
7f9150079000-7f9150089000 rw-p 000b3000 103:02 17043836                  /usr/lib/openmpi/lib/libmpi.so.12.0.2
7f9150089000-7f915009c000 rw-p 00000000 00:00 0 
7f915009c000-7f91500b4000 r-xp 00000000 103:02 17043838                  /usr/lib/openmpi/lib/libmpi_cxx.so.1.1.3
7f91500b4000-7f91502b4000 ---p 00018000 103:02 17043838                  /usr/lib/openmpi/lib/libmpi_cxx.so.1.1.3
7f91502b4000-7f91502b6000 r--p 00018000 103:02 17043838                  /usr/lib/openmpi/lib/libmpi_cxx.so.1.1.3
7f91502b6000-7f91502b7000 rw-p 0001a000 103:02 17043838                  /usr/lib/openmpi/lib/libmpi_cxx.so.1.1.3
7f91502b7000-7f91502c7000 r-xp 00000000 103:02 27922945                  /usr/local/hadoop/lib/native/libhdfs.so.0.0.0
7f91502c7000-7f91504c6000 ---p 00010000 103:02 27922945                  /usr/local/hadoop/lib/native/libhdfs.so.0.0.0
7f91504c6000-7f91504c7000 r--p 0000f000 103:02 27922945                  /usr/local/hadoop/lib/native/libhdfs.so.0.0.0
7f91504c7000-7f91504c8000 rw-p 00010000 103:02 27922945                  /usr/local/hadoop/lib/native/libhdfs.so.0.0.0
7f91504c8000-7f91504ee000 r-xp 00000000 103:02 30416160                  /lib/x86_64-linux-gnu/ld-2.23.so
7f91504ee000-7f9150500000 r--s 00097000 103:02 27922718                  /usr/local/hadoop/share/hadoop/common/lib/apacheds-kerberos-codec-2.0.0-M15.jar
7f9150500000-7f9150501000 r--s 0000a000 103:02 27922725                  /usr/local/hadoop/share/hadoop/common/lib/apacheds-i18n-2.0.0-M15.jar
7f9150501000-7f9150504000 r--s 0000f000 103:02 28583813                  /usr/lib/jvm/java-8-openjdk-amd64/jre/lib/ext/icedtea-sound.jar
7f9150504000-7f915051f000 r--s 001d6000 103:02 28583814                  /usr/lib/jvm/java-8-openjdk-amd64/jre/lib/ext/nashorn.jar
7f915051f000-7f91505bb000 rw-p 00000000 00:00 0 
7f91505bb000-7f91505bc000 ---p 00000000 00:00 0 
7f91505bc000-7f91506c7000 rw-p 00000000 00:00 0 
7f91506c7000-7f91506c9000 r--s 0000e000 103:02 27922703                  /usr/local/hadoop/share/hadoop/common/lib/activation-1.1.jar
7f91506c9000-7f91506cf000 r--s 0003d000 103:02 28583816                  /usr/lib/jvm/java-8-openjdk-amd64/jre/lib/ext/sunjce_provider.jar
7f91506cf000-7f91506d3000 r--s 0003a000 103:02 28583815                  /usr/lib/jvm/java-8-openjdk-amd64/jre/lib/ext/sunpkcs11.jar
7f91506d3000-7f91506dd000 r--s 00117000 103:02 28583817                  /usr/lib/jvm/java-8-openjdk-amd64/jre/lib/ext/localedata.jar
7f91506dd000-7f91506de000 r--s 0000a000 103:02 28583812                  /usr/lib/jvm/java-8-openjdk-amd64/jre/lib/ext/jaccess.jar
7f91506de000-7f91506df000 r--s 0000d000 103:02 28583810                  /usr/lib/jvm/java-8-openjdk-amd64/jre/lib/ext/sunec.jar
7f91506df000-7f91506e0000 r--s 00010000 103:02 28583811                  /usr/lib/jvm/java-8-openjdk-amd64/jre/lib/ext/zipfs.jar
7f91506e0000-7f91506e2000 r--s 00001000 103:02 28583819                  /usr/lib/jvm/java-8-openjdk-amd64/jre/lib/ext/dnsns.jar
7f91506e2000-7f91506ea000 rw-s 00000000 103:02 29370796                  /tmp/hsperfdata_root/19007
7f91506ea000-7f91506eb000 rw-p 00000000 00:00 0 
7f91506eb000-7f91506ec000 r--p 00000000 00:00 0 
7f91506ec000-7f91506ed000 rw-p 00000000 00:00 0 
7f91506ed000-7f91506ee000 r--p 00025000 103:02 30416160                  /lib/x86_64-linux-gnu/ld-2.23.so
7f91506ee000-7f91506ef000 rw-p 00026000 103:02 30416160                  /lib/x86_64-linux-gnu/ld-2.23.so
7f91506ef000-7f91506f0000 rw-p 00000000 00:00 0 
7ffc6f691000-7ffc6f694000 ---p 00000000 00:00 0 
7ffc6f694000-7ffc6f791000 rw-p 00000000 00:00 0                          [stack]
7ffc6f7da000-7ffc6f7dd000 r--p 00000000 00:00 0                          [vvar]
7ffc6f7dd000-7ffc6f7df000 r-xp 00000000 00:00 0                          [vdso]
ffffffffff600000-ffffffffff601000 r-xp 00000000 00:00 0                  [vsyscall]

VM Arguments:
java_command: <unknown>
java_class_path (initial): :/usr/local/hadoop/etc/hadoop:/usr/local/hadoop/share/hadoop/common/lib/activation-1.1.jar:/usr/local/hadoop/share/hadoop/common/lib/apacheds-i18n-2.0.0-M15.jar:/usr/local/hadoop/share/hadoop/common/lib/apacheds-kerberos-codec-2.0.0-M15.jar:/usr/local/hadoop/share/hadoop/common/lib/api-asn1-api-1.0.0-M20.jar:/usr/local/hadoop/share/hadoop/common/lib/api-util-1.0.0-M20.jar:/usr/local/hadoop/share/hadoop/common/lib/asm-3.2.jar:/usr/local/hadoop/share/hadoop/common/lib/avro-1.7.7.jar:/usr/local/hadoop/share/hadoop/common/lib/commons-beanutils-1.9.4.jar:/usr/local/hadoop/share/hadoop/common/lib/commons-cli-1.2.jar:/usr/local/hadoop/share/hadoop/common/lib/commons-codec-1.4.jar:/usr/local/hadoop/share/hadoop/common/lib/commons-collections-3.2.2.jar:/usr/local/hadoop/share/hadoop/common/lib/commons-compress-1.19.jar:/usr/local/hadoop/share/hadoop/common/lib/commons-configuration-1.6.jar:/usr/local/hadoop/share/hadoop/common/lib/commons-digester-1.8.jar:/usr/local/hadoop/share/hadoop/common/lib/commons-io-2.4.jar:/usr/local/hadoop/share/hadoop/common/lib/commons-lang-2.6.jar:/usr/local/hadoop/share/hadoop/common/lib/commons-lang3-3.4.jar:/usr/local/hadoop/share/hadoop/common/lib/commons-logging-1.1.3.jar:/usr/local/hadoop/share/hadoop/common/lib/commons-math3-3.1.1.jar:/usr/local/hadoop/share/hadoop/common/lib/commons-net-3.1.jar:/usr/local/hadoop/share/hadoop/common/lib/curator-client-2.7.1.jar:/usr/local/hadoop/share/hadoop/common/lib/curator-framework-2.7.1.jar:/usr/local/hadoop/share/hadoop/common/lib/curator-recipes-2.7.1.jar:/usr/local/hadoop/share/hadoop/common/lib/gson-2.2.4.jar:/usr/local/hadoop/share/hadoop/common/lib/guava-11.0.2.jar:/usr/local/hadoop/share/hadoop/common/lib/hadoop-annotations-2.10.0.jar:/usr/local/hadoop/share/hadoop/common/lib/hadoop-auth-2.10.0.jar:/usr/local/hadoop/share/hadoop/common/lib/hamcrest-core-1.3.jar:/usr/local/hadoop/share/hadoop/common/lib/htrace-core4-4.1.0-incubating.jar:/usr/local/hadoop/share/hado
Launcher Type: generic

Environment Variables:
JAVA_HOME=/usr/lib/jvm/java-8-openjdk-amd64
PATH=/usr/local/cuda/bin:/usr/local/miniconda3/bin:/root/.vscode-server/bin/d2e414d9e4239a252d1ab117bd7067f125afd80a/bin:/usr/local/miniconda3/envs/dl10/bin:/usr/local/miniconda3/condabin:/usr/local/cuda/bin:/usr/local/miniconda3/bin:/remote-home/source/envs/bin:/remote-home/source/envs/bin:/remote-home/source/envs/bin:/remote-home/source/envs/bin:/remote-home/source/envs/bin:/root/.vscode-server/bin/d2e414d9e4239a252d1ab117bd7067f125afd80a/bin:/usr/local/sbin:/usr/local/bin:/usr/sbin:/usr/bin:/sbin:/bin:/snap/bin:/usr/local/mpich/bin:/usr/local/hadoop/bin:/usr/local/hadoop/sbin:/usr/local/mpich/bin:/usr/local/hadoop/bin:/usr/local/hadoop/sbin
LD_LIBRARY_PATH=:/usr/lib/jvm/java-8-openjdk-amd64/jre/lib/amd64/server:/usr/local/hadoop/lib/native:/usr/lib/jvm/java-8-openjdk-amd64/jre/lib/amd64/server:/usr/local/hadoop/lib/native
SHELL=/bin/bash

Signal Handlers:
SIGSEGV: [libjvm.so+0xa791d0], sa_mask[0]=11111111011111111101111111111110, sa_flags=SA_RESTART|SA_SIGINFO
SIGBUS: [libjvm.so+0xa791d0], sa_mask[0]=11111111011111111101111111111110, sa_flags=SA_RESTART|SA_SIGINFO
SIGFPE: [libjvm.so+0x8bd050], sa_mask[0]=11111111011111111101111111111110, sa_flags=SA_RESTART|SA_SIGINFO
SIGPIPE: [libjvm.so+0x8bd050], sa_mask[0]=11111111011111111101111111111110, sa_flags=SA_RESTART|SA_SIGINFO
SIGXFSZ: [libjvm.so+0x8bd050], sa_mask[0]=11111111011111111101111111111110, sa_flags=SA_RESTART|SA_SIGINFO
SIGILL: [libjvm.so+0x8bd050], sa_mask[0]=11111111011111111101111111111110, sa_flags=SA_RESTART|SA_SIGINFO
SIGUSR1: SIG_DFL, sa_mask[0]=00000000000000000000000000000000, sa_flags=none
SIGUSR2: [libjvm.so+0x8bcf00], sa_mask[0]=00000000000000000000000000000000, sa_flags=SA_RESTART|SA_SIGINFO
SIGHUP: [libjvm.so+0x8bd590], sa_mask[0]=11111111011111111101111111111110, sa_flags=SA_RESTART|SA_SIGINFO
SIGINT: [libjvm.so+0x8bd590], sa_mask[0]=11111111011111111101111111111110, sa_flags=SA_RESTART|SA_SIGINFO
SIGTERM: [libjvm.so+0x8bd590], sa_mask[0]=11111111011111111101111111111110, sa_flags=SA_RESTART|SA_SIGINFO
SIGQUIT: [libjvm.so+0x8bd590], sa_mask[0]=11111111011111111101111111111110, sa_flags=SA_RESTART|SA_SIGINFO


---------------  S Y S T E M  ---------------

OS:DISTRIB_ID=Ubuntu
DISTRIB_RELEASE=16.04
DISTRIB_CODENAME=xenial
DISTRIB_DESCRIPTION="Ubuntu 16.04.5 LTS"

uname:Linux 4.15.0-120-generic #122~16.04.1-Ubuntu SMP Wed Sep 30 15:09:00 UTC 2020 x86_64
libc:glibc 2.23 NPTL 2.23 
rlimit: STACK 8192k, CORE infinity, NPROC infinity, NOFILE 1048576, AS infinity
load average:0.05 0.10 0.05

/proc/meminfo:
MemTotal:       32611832 kB
MemFree:        25257148 kB
MemAvailable:   29248596 kB
Buffers:         1229868 kB
Cached:          2521984 kB
SwapCached:            0 kB
Active:          4872188 kB
Inactive:        1337456 kB
Active(anon):    2454096 kB
Inactive(anon):    30324 kB
Active(file):    2418092 kB
Inactive(file):  1307132 kB
Unevictable:          48 kB
Mlocked:              48 kB
SwapTotal:        999420 kB
SwapFree:         999420 kB
Dirty:                92 kB
Writeback:             0 kB
AnonPages:       2456076 kB
Mapped:           438028 kB
Shmem:             31736 kB
Slab:             922296 kB
SReclaimable:     735860 kB
SUnreclaim:       186436 kB
KernelStack:       15116 kB
PageTables:        40404 kB
NFS_Unstable:          0 kB
Bounce:                0 kB
WritebackTmp:          0 kB
CommitLimit:    17305336 kB
Committed_AS:    9436584 kB
VmallocTotal:   34359738367 kB
VmallocUsed:           0 kB
VmallocChunk:          0 kB
HardwareCorrupted:     0 kB
AnonHugePages:         0 kB
ShmemHugePages:        0 kB
ShmemPmdMapped:        0 kB
CmaTotal:              0 kB
CmaFree:               0 kB
HugePages_Total:       0
HugePages_Free:        0
HugePages_Rsvd:        0
HugePages_Surp:        0
Hugepagesize:       2048 kB
DirectMap4k:      384132 kB
DirectMap2M:     7673856 kB
DirectMap1G:    25165824 kB

container (cgroup) information:
container_type: cgroupv1
cpu_cpuset_cpus: 0-11
cpu_memory_nodes: 0
active_processor_count: 12
cpu_quota: -1
cpu_period: 100000
cpu_shares: -1
memory_limit_in_bytes: -1
memory_and_swap_limit_in_bytes: -2
memory_soft_limit_in_bytes: -1
memory_usage_in_bytes: 2761732096
memory_max_usage_in_bytes: 17407795200


CPU:total 12 (initial active 12) (6 cores per cpu, 2 threads per core) family 6 model 85 stepping 4, cmov, cx8, fxsr, mmx, sse, sse2, sse3, ssse3, sse4.1, sse4.2, popcnt, avx, avx2, aes, clmul, erms, rtm, 3dnowpref, lzcnt, ht, tsc, tscinvbit, bmi1, bmi2, adx

/proc/cpuinfo:
processor	: 0
vendor_id	: GenuineIntel
cpu family	: 6
model		: 85
model name	: Intel(R) Xeon(R) W-2135 CPU @ 3.70GHz
stepping	: 4
microcode	: 0x2006906
cpu MHz		: 1413.819
cache size	: 8448 KB
physical id	: 0
siblings	: 12
core id		: 0
cpu cores	: 6
apicid		: 0
initial apicid	: 0
fpu		: yes
fpu_exception	: yes
cpuid level	: 22
wp		: yes
flags		: fpu vme de pse tsc msr pae mce cx8 apic sep mtrr pge mca cmov pat pse36 clflush dts acpi mmx fxsr sse sse2 ss ht tm pbe syscall nx pdpe1gb rdtscp lm constant_tsc art arch_perfmon pebs bts rep_good nopl xtopology nonstop_tsc cpuid aperfmperf pni pclmulqdq dtes64 monitor ds_cpl vmx smx est tm2 ssse3 sdbg fma cx16 xtpr pdcm pcid dca sse4_1 sse4_2 x2apic movbe popcnt tsc_deadline_timer aes xsave avx f16c rdrand lahf_lm abm 3dnowprefetch cpuid_fault epb cat_l3 cdp_l3 invpcid_single pti intel_ppin ssbd mba ibrs ibpb stibp tpr_shadow vnmi flexpriority ept vpid fsgsbase tsc_adjust bmi1 hle avx2 smep bmi2 erms invpcid rtm cqm mpx rdt_a avx512f avx512dq rdseed adx smap clflushopt clwb intel_pt avx512cd avx512bw avx512vl xsaveopt xsavec xgetbv1 xsaves cqm_llc cqm_occup_llc cqm_mbm_total cqm_mbm_local dtherm ida arat pln pts hwp hwp_act_window hwp_epp hwp_pkg_req md_clear flush_l1d
bugs		: cpu_meltdown spectre_v1 spectre_v2 spec_store_bypass l1tf mds swapgs taa itlb_multihit
bogomips	: 7399.70
clflush size	: 64
cache_alignment	: 64
address sizes	: 46 bits physical, 48 bits virtual
power management:

processor	: 1
vendor_id	: GenuineIntel
cpu family	: 6
model		: 85
model name	: Intel(R) Xeon(R) W-2135 CPU @ 3.70GHz
stepping	: 4
microcode	: 0x2006906
cpu MHz		: 2026.540
cache size	: 8448 KB
physical id	: 0
siblings	: 12
core id		: 1
cpu cores	: 6
apicid		: 2
initial apicid	: 2
fpu		: yes
fpu_exception	: yes
cpuid level	: 22
wp		: yes
flags		: fpu vme de pse tsc msr pae mce cx8 apic sep mtrr pge mca cmov pat pse36 clflush dts acpi mmx fxsr sse sse2 ss ht tm pbe syscall nx pdpe1gb rdtscp lm constant_tsc art arch_perfmon pebs bts rep_good nopl xtopology nonstop_tsc cpuid aperfmperf pni pclmulqdq dtes64 monitor ds_cpl vmx smx est tm2 ssse3 sdbg fma cx16 xtpr pdcm pcid dca sse4_1 sse4_2 x2apic movbe popcnt tsc_deadline_timer aes xsave avx f16c rdrand lahf_lm abm 3dnowprefetch cpuid_fault epb cat_l3 cdp_l3 invpcid_single pti intel_ppin ssbd mba ibrs ibpb stibp tpr_shadow vnmi flexpriority ept vpid fsgsbase tsc_adjust bmi1 hle avx2 smep bmi2 erms invpcid rtm cqm mpx rdt_a avx512f avx512dq rdseed adx smap clflushopt clwb intel_pt avx512cd avx512bw avx512vl xsaveopt xsavec xgetbv1 xsaves cqm_llc cqm_occup_llc cqm_mbm_total cqm_mbm_local dtherm ida arat pln pts hwp hwp_act_window hwp_epp hwp_pkg_req md_clear flush_l1d
bugs		: cpu_meltdown spectre_v1 spectre_v2 spec_store_bypass l1tf mds swapgs taa itlb_multihit
bogomips	: 7399.70
clflush size	: 64
cache_alignment	: 64
address sizes	: 46 bits physical, 48 bits virtual
power management:

processor	: 2
vendor_id	: GenuineIntel
cpu family	: 6
model		: 85
model name	: Intel(R) Xeon(R) W-2135 CPU @ 3.70GHz
stepping	: 4
microcode	: 0x2006906
cpu MHz		: 4455.054
cache size	: 8448 KB
physical id	: 0
siblings	: 12
core id		: 2
cpu cores	: 6
apicid		: 4
initial apicid	: 4
fpu		: yes
fpu_exception	: yes
cpuid level	: 22
wp		: yes
flags		: fpu vme de pse tsc msr pae mce cx8 apic sep mtrr pge mca cmov pat pse36 clflush dts acpi mmx fxsr sse sse2 ss ht tm pbe syscall nx pdpe1gb rdtscp lm constant_tsc art arch_perfmon pebs bts rep_good nopl xtopology nonstop_tsc cpuid aperfmperf pni pclmulqdq dtes64 monitor ds_cpl vmx smx est tm2 ssse3 sdbg fma cx16 xtpr pdcm pcid dca sse4_1 sse4_2 x2apic movbe popcnt tsc_deadline_timer aes xsave avx f16c rdrand lahf_lm abm 3dnowprefetch cpuid_fault epb cat_l3 cdp_l3 invpcid_single pti intel_ppin ssbd mba ibrs ibpb stibp tpr_shadow vnmi flexpriority ept vpid fsgsbase tsc_adjust bmi1 hle avx2 smep bmi2 erms invpcid rtm cqm mpx rdt_a avx512f avx512dq rdseed adx smap clflushopt clwb intel_pt avx512cd avx512bw avx512vl xsaveopt xsavec xgetbv1 xsaves cqm_llc cqm_occup_llc cqm_mbm_total cqm_mbm_local dtherm ida arat pln pts hwp hwp_act_window hwp_epp hwp_pkg_req md_clear flush_l1d
bugs		: cpu_meltdown spectre_v1 spectre_v2 spec_store_bypass l1tf mds swapgs taa itlb_multihit
bogomips	: 7399.70
clflush size	: 64
cache_alignment	: 64
address sizes	: 46 bits physical, 48 bits virtual
power management:

processor	: 3
vendor_id	: GenuineIntel
cpu family	: 6
model		: 85
model name	: Intel(R) Xeon(R) W-2135 CPU @ 3.70GHz
stepping	: 4
microcode	: 0x2006906
cpu MHz		: 1775.076
cache size	: 8448 KB
physical id	: 0
siblings	: 12
core id		: 3
cpu cores	: 6
apicid		: 6
initial apicid	: 6
fpu		: yes
fpu_exception	: yes
cpuid level	: 22
wp		: yes
flags		: fpu vme de pse tsc msr pae mce cx8 apic sep mtrr pge mca cmov pat pse36 clflush dts acpi mmx fxsr sse sse2 ss ht tm pbe syscall nx pdpe1gb rdtscp lm constant_tsc art arch_perfmon pebs bts rep_good nopl xtopology nonstop_tsc cpuid aperfmperf pni pclmulqdq dtes64 monitor ds_cpl vmx smx est tm2 ssse3 sdbg fma cx16 xtpr pdcm pcid dca sse4_1 sse4_2 x2apic movbe popcnt tsc_deadline_timer aes xsave avx f16c rdrand lahf_lm abm 3dnowprefetch cpuid_fault epb cat_l3 cdp_l3 invpcid_single pti intel_ppin ssbd mba ibrs ibpb stibp tpr_shadow vnmi flexpriority ept vpid fsgsbase tsc_adjust bmi1 hle avx2 smep bmi2 erms invpcid rtm cqm mpx rdt_a avx512f avx512dq rdseed adx smap clflushopt clwb intel_pt avx512cd avx512bw avx512vl xsaveopt xsavec xgetbv1 xsaves cqm_llc cqm_occup_llc cqm_mbm_total cqm_mbm_local dtherm ida arat pln pts hwp hwp_act_window hwp_epp hwp_pkg_req md_clear flush_l1d
bugs		: cpu_meltdown spectre_v1 spectre_v2 spec_store_bypass l1tf mds swapgs taa itlb_multihit
bogomips	: 7399.70
clflush size	: 64
cache_alignment	: 64
address sizes	: 46 bits physical, 48 bits virtual
power management:

processor	: 4
vendor_id	: GenuineIntel
cpu family	: 6
model		: 85
model name	: Intel(R) Xeon(R) W-2135 CPU @ 3.70GHz
stepping	: 4
microcode	: 0x2006906
cpu MHz		: 1200.362
cache size	: 8448 KB
physical id	: 0
siblings	: 12
core id		: 4
cpu cores	: 6
apicid		: 8
initial apicid	: 8
fpu		: yes
fpu_exception	: yes
cpuid level	: 22
wp		: yes
flags		: fpu vme de pse tsc msr pae mce cx8 apic sep mtrr pge mca cmov pat pse36 clflush dts acpi mmx fxsr sse sse2 ss ht tm pbe syscall nx pdpe1gb rdtscp lm constant_tsc art arch_perfmon pebs bts rep_good nopl xtopology nonstop_tsc cpuid aperfmperf pni pclmulqdq dtes64 monitor ds_cpl vmx smx est tm2 ssse3 sdbg fma cx16 xtpr pdcm pcid dca sse4_1 sse4_2 x2apic movbe popcnt tsc_deadline_timer aes xsave avx f16c rdrand lahf_lm abm 3dnowprefetch cpuid_fault epb cat_l3 cdp_l3 invpcid_single pti intel_ppin ssbd mba ibrs ibpb stibp tpr_shadow vnmi flexpriority ept vpid fsgsbase tsc_adjust bmi1 hle avx2 smep bmi2 erms invpcid rtm cqm mpx rdt_a avx512f avx512dq rdseed adx smap clflushopt clwb intel_pt avx512cd avx512bw avx512vl xsaveopt xsavec xgetbv1 xsaves cqm_llc cqm_occup_llc cqm_mbm_total cqm_mbm_local dtherm ida arat pln pts hwp hwp_act_window hwp_epp hwp_pkg_req md_clear flush_l1d
bugs		: cpu_meltdown spectre_v1 spectre_v2 spec_store_bypass l1tf mds swapgs taa itlb_multihit
bogomips	: 7399.70
clflush size	: 64
cache_alignment	: 64
address sizes	: 46 bits physical, 48 bits virtual
power management:

processor	: 5
vendor_id	: GenuineIntel
cpu family	: 6
model		: 85
model name	: Intel(R) Xeon(R) W-2135 CPU @ 3.70GHz
stepping	: 4
microcode	: 0x2006906
cpu MHz		: 1200.030
cache size	: 8448 KB
physical id	: 0
siblings	: 12
core id		: 5
cpu cores	: 6
apicid		: 10
initial apicid	: 10
fpu		: yes
fpu_exception	: yes
cpuid level	: 22
wp		: yes
flags		: fpu vme de pse tsc msr pae mce cx8 apic sep mtrr pge mca cmov pat pse36 clflush dts acpi mmx fxsr sse sse2 ss ht tm pbe syscall nx pdpe1gb rdtscp lm constant_tsc art arch_perfmon pebs bts rep_good nopl xtopology nonstop_tsc cpuid aperfmperf pni pclmulqdq dtes64 monitor ds_cpl vmx smx est tm2 ssse3 sdbg fma cx16 xtpr pdcm pcid dca sse4_1 sse4_2 x2apic movbe popcnt tsc_deadline_timer aes xsave avx f16c rdrand lahf_lm abm 3dnowprefetch cpuid_fault epb cat_l3 cdp_l3 invpcid_single pti intel_ppin ssbd mba ibrs ibpb stibp tpr_shadow vnmi flexpriority ept vpid fsgsbase tsc_adjust bmi1 hle avx2 smep bmi2 erms invpcid rtm cqm mpx rdt_a avx512f avx512dq rdseed adx smap clflushopt clwb intel_pt avx512cd avx512bw avx512vl xsaveopt xsavec xgetbv1 xsaves cqm_llc cqm_occup_llc cqm_mbm_total cqm_mbm_local dtherm ida arat pln pts hwp hwp_act_window hwp_epp hwp_pkg_req md_clear flush_l1d
bugs		: cpu_meltdown spectre_v1 spectre_v2 spec_store_bypass l1tf mds swapgs taa itlb_multihit
bogomips	: 7399.70
clflush size	: 64
cache_alignment	: 64
address sizes	: 46 bits physical, 48 bits virtual
power management:

processor	: 6
vendor_id	: GenuineIntel
cpu family	: 6
model		: 85
model name	: Intel(R) Xeon(R) W-2135 CPU @ 3.70GHz
stepping	: 4
microcode	: 0x2006906
cpu MHz		: 1424.420
cache size	: 8448 KB
physical id	: 0
siblings	: 12
core id		: 0
cpu cores	: 6
apicid		: 1
initial apicid	: 1
fpu		: yes
fpu_exception	: yes
cpuid level	: 22
wp		: yes
flags		: fpu vme de pse tsc msr pae mce cx8 apic sep mtrr pge mca cmov pat pse36 clflush dts acpi mmx fxsr sse sse2 ss ht tm pbe syscall nx pdpe1gb rdtscp lm constant_tsc art arch_perfmon pebs bts rep_good nopl xtopology nonstop_tsc cpuid aperfmperf pni pclmulqdq dtes64 monitor ds_cpl vmx smx est tm2 ssse3 sdbg fma cx16 xtpr pdcm pcid dca sse4_1 sse4_2 x2apic movbe popcnt tsc_deadline_timer aes xsave avx f16c rdrand lahf_lm abm 3dnowprefetch cpuid_fault epb cat_l3 cdp_l3 invpcid_single pti intel_ppin ssbd mba ibrs ibpb stibp tpr_shadow vnmi flexpriority ept vpid fsgsbase tsc_adjust bmi1 hle avx2 smep bmi2 erms invpcid rtm cqm mpx rdt_a avx512f avx512dq rdseed adx smap clflushopt clwb intel_pt avx512cd avx512bw avx512vl xsaveopt xsavec xgetbv1 xsaves cqm_llc cqm_occup_llc cqm_mbm_total cqm_mbm_local dtherm ida arat pln pts hwp hwp_act_window hwp_epp hwp_pkg_req md_clear flush_l1d
bugs		: cpu_meltdown spectre_v1 spectre_v2 spec_store_bypass l1tf mds swapgs taa itlb_multihit
bogomips	: 7399.70
clflush size	: 64
cache_alignment	: 64
address sizes	: 46 bits physical, 48 bits virtual
power management:

processor	: 7
vendor_id	: GenuineIntel
cpu family	: 6
model		: 85
model name	: Intel(R) Xeon(R) W-2135 CPU @ 3.70GHz
stepping	: 4
microcode	: 0x2006906
cpu MHz		: 2299.684
cache size	: 8448 KB
physical id	: 0
siblings	: 12
core id		: 1
cpu cores	: 6
apicid		: 3
initial apicid	: 3
fpu		: yes
fpu_exception	: yes
cpuid level	: 22
wp		: yes
flags		: fpu vme de pse tsc msr pae mce cx8 apic sep mtrr pge mca cmov pat pse36 clflush dts acpi mmx fxsr sse sse2 ss ht tm pbe syscall nx pdpe1gb rdtscp lm constant_tsc art arch_perfmon pebs bts rep_good nopl xtopology nonstop_tsc cpuid aperfmperf pni pclmulqdq dtes64 monitor ds_cpl vmx smx est tm2 ssse3 sdbg fma cx16 xtpr pdcm pcid dca sse4_1 sse4_2 x2apic movbe popcnt tsc_deadline_timer aes xsave avx f16c rdrand lahf_lm abm 3dnowprefetch cpuid_fault epb cat_l3 cdp_l3 invpcid_single pti intel_ppin ssbd mba ibrs ibpb stibp tpr_shadow vnmi flexpriority ept vpid fsgsbase tsc_adjust bmi1 hle avx2 smep bmi2 erms invpcid rtm cqm mpx rdt_a avx512f avx512dq rdseed adx smap clflushopt clwb intel_pt avx512cd avx512bw avx512vl xsaveopt xsavec xgetbv1 xsaves cqm_llc cqm_occup_llc cqm_mbm_total cqm_mbm_local dtherm ida arat pln pts hwp hwp_act_window hwp_epp hwp_pkg_req md_clear flush_l1d
bugs		: cpu_meltdown spectre_v1 spectre_v2 spec_store_bypass l1tf mds swapgs taa itlb_multihit
bogomips	: 7399.70
clflush size	: 64
cache_alignment	: 64
address sizes	: 46 bits physical, 48 bits virtual
power management:

processor	: 8
vendor_id	: GenuineIntel
cpu family	: 6
model		: 85
model name	: Intel(R) Xeon(R) W-2135 CPU @ 3.70GHz
stepping	: 4
microcode	: 0x2006906
cpu MHz		: 4458.043
cache size	: 8448 KB
physical id	: 0
siblings	: 12
core id		: 2
cpu cores	: 6
apicid		: 5
initial apicid	: 5
fpu		: yes
fpu_exception	: yes
cpuid level	: 22
wp		: yes
flags		: fpu vme de pse tsc msr pae mce cx8 apic sep mtrr pge mca cmov pat pse36 clflush dts acpi mmx fxsr sse sse2 ss ht tm pbe syscall nx pdpe1gb rdtscp lm constant_tsc art arch_perfmon pebs bts rep_good nopl xtopology nonstop_tsc cpuid aperfmperf pni pclmulqdq dtes64 monitor ds_cpl vmx smx est tm2 ssse3 sdbg fma cx16 xtpr pdcm pcid dca sse4_1 sse4_2 x2apic movbe popcnt tsc_deadline_timer aes xsave avx f16c rdrand lahf_lm abm 3dnowprefetch cpuid_fault epb cat_l3 cdp_l3 invpcid_single pti intel_ppin ssbd mba ibrs ibpb stibp tpr_shadow vnmi flexpriority ept vpid fsgsbase tsc_adjust bmi1 hle avx2 smep bmi2 erms invpcid rtm cqm mpx rdt_a avx512f avx512dq rdseed adx smap clflushopt clwb intel_pt avx512cd avx512bw avx512vl xsaveopt xsavec xgetbv1 xsaves cqm_llc cqm_occup_llc cqm_mbm_total cqm_mbm_local dtherm ida arat pln pts hwp hwp_act_window hwp_epp hwp_pkg_req md_clear flush_l1d
bugs		: cpu_meltdown spectre_v1 spectre_v2 spec_store_bypass l1tf mds swapgs taa itlb_multihit
bogomips	: 7399.70
clflush size	: 64
cache_alignment	: 64
address sizes	: 46 bits physical, 48 bits virtual
power management:

processor	: 9
vendor_id	: GenuineIntel
cpu family	: 6
model		: 85
model name	: Intel(R) Xeon(R) W-2135 CPU @ 3.70GHz
stepping	: 4
microcode	: 0x2006906
cpu MHz		: 1837.425
cache size	: 8448 KB
physical id	: 0
siblings	: 12
core id		: 3
cpu cores	: 6
apicid		: 7
initial apicid	: 7
fpu		: yes
fpu_exception	: yes
cpuid level	: 22
wp		: yes
flags		: fpu vme de pse tsc msr pae mce cx8 apic sep mtrr pge mca cmov pat pse36 clflush dts acpi mmx fxsr sse sse2 ss ht tm pbe syscall nx pdpe1gb rdtscp lm constant_tsc art arch_perfmon pebs bts rep_good nopl xtopology nonstop_tsc cpuid aperfmperf pni pclmulqdq dtes64 monitor ds_cpl vmx smx est tm2 ssse3 sdbg fma cx16 xtpr pdcm pcid dca sse4_1 sse4_2 x2apic movbe popcnt tsc_deadline_timer aes xsave avx f16c rdrand lahf_lm abm 3dnowprefetch cpuid_fault epb cat_l3 cdp_l3 invpcid_single pti intel_ppin ssbd mba ibrs ibpb stibp tpr_shadow vnmi flexpriority ept vpid fsgsbase tsc_adjust bmi1 hle avx2 smep bmi2 erms invpcid rtm cqm mpx rdt_a avx512f avx512dq rdseed adx smap clflushopt clwb intel_pt avx512cd avx512bw avx512vl xsaveopt xsavec xgetbv1 xsaves cqm_llc cqm_occup_llc cqm_mbm_total cqm_mbm_local dtherm ida arat pln pts hwp hwp_act_window hwp_epp hwp_pkg_req md_clear flush_l1d
bugs		: cpu_meltdown spectre_v1 spectre_v2 spec_store_bypass l1tf mds swapgs taa itlb_multihit
bogomips	: 7399.70
clflush size	: 64
cache_alignment	: 64
address sizes	: 46 bits physical, 48 bits virtual
power management:

processor	: 10
vendor_id	: GenuineIntel
cpu family	: 6
model		: 85
model name	: Intel(R) Xeon(R) W-2135 CPU @ 3.70GHz
stepping	: 4
microcode	: 0x2006906
cpu MHz		: 1200.046
cache size	: 8448 KB
physical id	: 0
siblings	: 12
core id		: 4
cpu cores	: 6
apicid		: 9
initial apicid	: 9
fpu		: yes
fpu_exception	: yes
cpuid level	: 22
wp		: yes
flags		: fpu vme de pse tsc msr pae mce cx8 apic sep mtrr pge mca cmov pat pse36 clflush dts acpi mmx fxsr sse sse2 ss ht tm pbe syscall nx pdpe1gb rdtscp lm constant_tsc art arch_perfmon pebs bts rep_good nopl xtopology nonstop_tsc cpuid aperfmperf pni pclmulqdq dtes64 monitor ds_cpl vmx smx est tm2 ssse3 sdbg fma cx16 xtpr pdcm pcid dca sse4_1 sse4_2 x2apic movbe popcnt tsc_deadline_timer aes xsave avx f16c rdrand lahf_lm abm 3dnowprefetch cpuid_fault epb cat_l3 cdp_l3 invpcid_single pti intel_ppin ssbd mba ibrs ibpb stibp tpr_shadow vnmi flexpriority ept vpid fsgsbase tsc_adjust bmi1 hle avx2 smep bmi2 erms invpcid rtm cqm mpx rdt_a avx512f avx512dq rdseed adx smap clflushopt clwb intel_pt avx512cd avx512bw avx512vl xsaveopt xsavec xgetbv1 xsaves cqm_llc cqm_occup_llc cqm_mbm_total cqm_mbm_local dtherm ida arat pln pts hwp hwp_act_window hwp_epp hwp_pkg_req md_clear flush_l1d
bugs		: cpu_meltdown spectre_v1 spectre_v2 spec_store_bypass l1tf mds swapgs taa itlb_multihit
bogomips	: 7399.70
clflush size	: 64
cache_alignment	: 64
address sizes	: 46 bits physical, 48 bits virtual
power management:

processor	: 11
vendor_id	: GenuineIntel
cpu family	: 6
model		: 85
model name	: Intel(R) Xeon(R) W-2135 CPU @ 3.70GHz
stepping	: 4
microcode	: 0x2006906
cpu MHz		: 1199.863
cache size	: 8448 KB
physical id	: 0
siblings	: 12
core id		: 5
cpu cores	: 6
apicid		: 11
initial apicid	: 11
fpu		: yes
fpu_exception	: yes
cpuid level	: 22
wp		: yes
flags		: fpu vme de pse tsc msr pae mce cx8 apic sep mtrr pge mca cmov pat pse36 clflush dts acpi mmx fxsr sse sse2 ss ht tm pbe syscall nx pdpe1gb rdtscp lm constant_tsc art arch_perfmon pebs bts rep_good nopl xtopology nonstop_tsc cpuid aperfmperf pni pclmulqdq dtes64 monitor ds_cpl vmx smx est tm2 ssse3 sdbg fma cx16 xtpr pdcm pcid dca sse4_1 sse4_2 x2apic movbe popcnt tsc_deadline_timer aes xsave avx f16c rdrand lahf_lm abm 3dnowprefetch cpuid_fault epb cat_l3 cdp_l3 invpcid_single pti intel_ppin ssbd mba ibrs ibpb stibp tpr_shadow vnmi flexpriority ept vpid fsgsbase tsc_adjust bmi1 hle avx2 smep bmi2 erms invpcid rtm cqm mpx rdt_a avx512f avx512dq rdseed adx smap clflushopt clwb intel_pt avx512cd avx512bw avx512vl xsaveopt xsavec xgetbv1 xsaves cqm_llc cqm_occup_llc cqm_mbm_total cqm_mbm_local dtherm ida arat pln pts hwp hwp_act_window hwp_epp hwp_pkg_req md_clear flush_l1d
bugs		: cpu_meltdown spectre_v1 spectre_v2 spec_store_bypass l1tf mds swapgs taa itlb_multihit
bogomips	: 7399.70
clflush size	: 64
cache_alignment	: 64
address sizes	: 46 bits physical, 48 bits virtual
power management:



Memory: 4k page, physical 32611832k(25249132k free), swap 999420k(999420k free)

vm_info: OpenJDK 64-Bit Server VM (25.265-b01) for linux-amd64 JRE (1.8.0_265-8u265-b01-0ubuntu2~16.04-b01), built on Aug  3 2020 01:38:05 by "buildd" with gcc 5.4.0 20160609

time: Thu Oct 22 13:57:20 2020
timezone: UTC
elapsed time: 1 seconds (0d 0h 0m 1s)

