#
# A fatal error has been detected by the Java Runtime Environment:
#
#  SIGSEGV (0xb) at pc=0x000055f473cc825f, pid=16797, tid=0x00007f8e519a5b40
#
# JRE version: OpenJDK Runtime Environment (8.0_292-b10) (build 1.8.0_292-8u292-b10-0ubuntu1~20.04-b10)
# Java VM: OpenJDK 64-Bit Server VM (25.292-b10 mixed mode linux-amd64 compressed oops)
# Problematic frame:
# C  [run+0x1625f]  SIBranch::expand(int, std::vector<int, std::allocator<int> >)+0x88f
#
# Failed to write core dump. Core dumps have been disabled. To enable core dumping, try "ulimit -c unlimited" before starting Java again
#
# If you would like to submit a bug report, please visit:
#   http://bugreport.java.com/bugreport/crash.jsp
# The crash happened outside the Java Virtual Machine in native code.
# See problematic frame for where to report the bug.
#

---------------  T H R E A D  ---------------

Current thread (0x000055f4746ab000):  JavaThread "main" [_thread_in_native, id=16797, stack(0x00007fffb74c2000,0x00007fffb75c2000)]

siginfo: si_signo: 11 (SIGSEGV), si_code: 1 (SEGV_MAPERR), si_addr: 0xfffffffffffffff8

Registers:
RAX=0xfffffffffffffff8, RBX=0xffffffffffffffff, RCX=0x0000000000000002, RDX=0x000055f474897120
RSP=0x00007fffb75bada0, RBP=0x000055f47545e510, RSI=0x000055f47545e510, RDI=0x000055f47545e4f0
R8 =0x0000000000000001, R9 =0x00007fffb75bac00, R10=0x0000000000000001, R11=0x0000000000000000
R12=0x000055f474896ff0, R13=0x000055f47545e520, R14=0x0000000000000004, R15=0x0000000000000008
RIP=0x000055f473cc825f, EFLAGS=0x0000000000010246, CSGSFS=0x002b000000000033, ERR=0x0000000000000005
  TRAPNO=0x000000000000000e

Top of Stack: (sp=0x00007fffb75bada0)
0x00007fffb75bada0:   000055f4754604a8 000055f474896ff0
0x00007fffb75badb0:   3000000000000001 0000000000000001
0x00007fffb75badc0:   0000000000000001 0000000000000002
0x00007fffb75badd0:   0000000000000d68 00007fffb75bafa0
0x00007fffb75bade0:   000055f47545e510 000055f47545e520
0x00007fffb75badf0:   00007fffb75bb2f0 000055f4754604b0
0x00007fffb75bae00:   0000000000000001 0000000000000004
0x00007fffb75bae10:   00000001ffffffff 000055f4754605d8
0x00007fffb75bae20:   000055f475460400 000055f475460410
0x00007fffb75bae30:   000055f475460410 0000000000000040
0x00007fffb75bae40:   000055f4754604a0 000055f4754604b0
0x00007fffb75bae50:   000055f4754604b0 0000000000000000
0x00007fffb75bae60:   000055f47545e4f0 000055f47545e4fc
0x00007fffb75bae70:   000055f47545e4fc 0000000000000000
0x00007fffb75bae80:   0000000500000004 0000000300000004
0x00007fffb75bae90:   000055f474896e90 000055f474896e98
0x00007fffb75baea0:   000055f474896e98 000055f4754603a0
0x00007fffb75baeb0:   000055f4754603ac 000055f4754603ac
0x00007fffb75baec0:   0000000000000010 b89bc80da2274c00
0x00007fffb75baed0:   00007fffb75baf80 000055f475460484
0x00007fffb75baee0:   0000000000000001 0000000000000010
0x00007fffb75baef0:   000055f474897660 000055f474896ff0
0x00007fffb75baf00:   00007fffb75bafa0 000055f473cd34c1
0x00007fffb75baf10:   00007fffb75baf80 0000000000000004
0x00007fffb75baf20:   000055f475460490 41d8302754e5fb61
0x00007fffb75baf30:   000055f474b89240 00007fffb75bb2d0
0x00007fffb75baf40:   00007fffb75bb2f0 41d8302754e5fb61
0x00007fffb75baf50:   00000004b75bafe0 41d8302754e5f302
0x00007fffb75baf60:   0000000000000000 00007f8e52b1c070
0x00007fffb75baf70:   0000000000000001 00007f8e52b1c723
0x00007fffb75baf80:   000055f474897650 000055f474897660
0x00007fffb75baf90:   000055f474897660 000000000000000a 

Instructions: (pc=0x000055f473cc825f)
0x000055f473cc823f:   c0 00 00 00 48 8b 44 24 20 83 eb 01 83 7c 24 70
0x000055f473cc824f:   ff 48 63 db 48 8d 04 40 48 8b 04 c2 48 8d 04 d8
0x000055f473cc825f:   44 8b 30 8b 58 04 74 0c 49 8b 54 24 20 49 63 c6
0x000055f473cc826f:   4c 8b 24 c2 48 8b 74 24 18 8d 56 01 48 8d 46 01 

Register to memory mapping:

RAX=0xfffffffffffffff8 is an unknown value
RBX=0xffffffffffffffff is an unknown value
RCX=0x0000000000000002 is an unknown value
RDX=0x000055f474897120 is an unknown value
RSP=0x00007fffb75bada0 is pointing into the stack for thread: 0x000055f4746ab000
RBP=0x000055f47545e510 is an unknown value
RSI=0x000055f47545e510 is an unknown value
RDI=0x000055f47545e4f0 is an unknown value
R8 =0x0000000000000001 is an unknown value
R9 =0x00007fffb75bac00 is pointing into the stack for thread: 0x000055f4746ab000
R10=0x0000000000000001 is an unknown value
R11=0x0000000000000000 is an unknown value
R12=0x000055f474896ff0 is an unknown value
R13=0x000055f47545e520 is an unknown value
R14=0x0000000000000004 is an unknown value
R15=0x0000000000000008 is an unknown value


Stack: [0x00007fffb74c2000,0x00007fffb75c2000],  sp=0x00007fffb75bada0,  free space=995k
Native frames: (J=compiled Java code, j=interpreted, Vv=VM code, C=native code)
C  [run+0x1625f]  SIBranch::expand(int, std::vector<int, std::allocator<int> >)+0x88f


---------------  P R O C E S S  ---------------

Java Threads: ( => current thread )
  0x000055f474894000 JavaThread "org.apache.hadoop.hdfs.PeerCache@d41f816" daemon [_thread_blocked, id=16822, stack(0x00007f8e3869a000,0x00007f8e3879b000)]
  0x000055f4753ea000 JavaThread "client DomainSocketWatcher" daemon [_thread_in_native, id=16815, stack(0x00007f8e38b9d000,0x00007f8e38c9e000)]
  0x000055f475234000 JavaThread "org.apache.hadoop.fs.FileSystem$Statistics$StatisticsDataReferenceCleaner" daemon [_thread_blocked, id=16814, stack(0x00007f8e394da000,0x00007f8e395db000)]
  0x000055f4751d1000 JavaThread "process reaper" daemon [_thread_blocked, id=16812, stack(0x00007f8e395db000,0x00007f8e39614000)]
  0x000055f474762000 JavaThread "Service Thread" daemon [_thread_blocked, id=16809, stack(0x00007f8e39e80000,0x00007f8e39f81000)]
  0x000055f47475f000 JavaThread "C1 CompilerThread2" daemon [_thread_blocked, id=16808, stack(0x00007f8e39f82000,0x00007f8e3a082000)]
  0x000055f47475d000 JavaThread "C2 CompilerThread1" daemon [_thread_blocked, id=16807, stack(0x00007f8e3a083000,0x00007f8e3a183000)]
  0x000055f47475a000 JavaThread "C2 CompilerThread0" daemon [_thread_in_native, id=16806, stack(0x00007f8e3a184000,0x00007f8e3a284000)]
  0x000055f474757000 JavaThread "Signal Dispatcher" daemon [_thread_blocked, id=16805, stack(0x00007f8e3a284000,0x00007f8e3a385000)]
  0x000055f474727000 JavaThread "Finalizer" daemon [_thread_blocked, id=16804, stack(0x00007f8e3a66b000,0x00007f8e3a76c000)]
  0x000055f474722800 JavaThread "Reference Handler" daemon [_thread_blocked, id=16803, stack(0x00007f8e3a76c000,0x00007f8e3a86d000)]
=>0x000055f4746ab000 JavaThread "main" [_thread_in_native, id=16797, stack(0x00007fffb74c2000,0x00007fffb75c2000)]

Other Threads:
  0x000055f474718800 VMThread [stack: 0x00007f8e3a86e000,0x00007f8e3a96e000] [id=16802]
  0x000055f474765000 WatcherThread [stack: 0x00007f8e39d80000,0x00007f8e39e80000] [id=16810]

VM state:not at safepoint (normal execution)

VM Mutex/Monitor currently owned by a thread: None

heap address: 0x00000006c5c00000, size: 4004 MB, Compressed Oops mode: Zero based, Oop shift amount: 3
Narrow klass base: 0x0000000000000000, Narrow klass shift: 3
Compressed class space size: 1073741824 Address: 0x00000007c0000000

Heap:
 PSYoungGen      total 139776K, used 22379K [0x000000076c980000, 0x0000000775c80000, 0x00000007c0000000)
  eden space 129024K, 10% used [0x000000076c980000,0x000000076d73c128,0x0000000774780000)
  from space 10752K, 77% used [0x0000000775200000,0x0000000775a1edf8,0x0000000775c80000)
  to   space 10752K, 0% used [0x0000000774780000,0x0000000774780000,0x0000000775200000)
 ParOldGen       total 172032K, used 24K [0x00000006c5c00000, 0x00000006d0400000, 0x000000076c980000)
  object space 172032K, 0% used [0x00000006c5c00000,0x00000006c5c06000,0x00000006d0400000)
 Metaspace       used 20487K, capacity 20628K, committed 20864K, reserved 1067008K
  class space    used 2348K, capacity 2404K, committed 2432K, reserved 1048576K

Card table byte_map: [0x00007f8e415a6000,0x00007f8e41d79000] byte_map_base: 0x00007f8e3df78000

Marking Bits: (ParMarkBitMap*) 0x00007f8e529116c0
 Begin Bits: [0x00007f8e1c2e0000, 0x00007f8e20170000)
 End Bits:   [0x00007f8e20170000, 0x00007f8e24000000)

Polling page: 0x00007f8e531f8000

CodeCache: size=245760Kb used=4126Kb max_used=4126Kb free=241633Kb
 bounds [0x00007f8e42139000, 0x00007f8e42549000, 0x00007f8e51139000]
 total_blobs=1405 nmethods=982 adapters=335
 compilation: enabled

Compilation events (10 events):
Event: 1.089 Thread 0x000055f47475f000 nmethod 980 0x00007f8e42536cd0 code [0x00007f8e42536f20, 0x00007f8e42537d08]
Event: 1.090 Thread 0x000055f47475d000 nmethod 977 0x00007f8e4253a5d0 code [0x00007f8e4253a7c0, 0x00007f8e4253b270]
Event: 1.090 Thread 0x000055f47475d000  979       4       java.util.jar.JarFile::maybeInstantiateVerifier (96 bytes)
Event: 1.094 Thread 0x000055f47475d000 nmethod 979 0x00007f8e42538690 code [0x00007f8e42538840, 0x00007f8e42538d58]
Event: 1.101 Thread 0x000055f47475f000  981       3       org.apache.log4j.CategoryKey::equals (56 bytes)
Event: 1.102 Thread 0x000055f47475f000 nmethod 981 0x00007f8e4250f690 code [0x00007f8e4250f880, 0x00007f8e425101c8]
Event: 1.110 Thread 0x000055f47475d000  982   !   4       java.util.zip.InflaterInputStream::read (138 bytes)
Event: 1.120 Thread 0x000055f47475d000 nmethod 982 0x00007f8e42540250 code [0x00007f8e42540480, 0x00007f8e42541a48]
Event: 1.128 Thread 0x000055f47475f000  983       3       com.google.common.base.Preconditions::checkNotNull (14 bytes)
Event: 1.128 Thread 0x000055f47475f000 nmethod 983 0x00007f8e42539290 code [0x00007f8e42539400, 0x00007f8e42539628]

GC Heap History (4 events):
Event: 0.723 GC heap before
{Heap before GC invocations=1 (full 0):
 PSYoungGen      total 75264K, used 64512K [0x000000076c980000, 0x0000000771d80000, 0x00000007c0000000)
  eden space 64512K, 100% used [0x000000076c980000,0x0000000770880000,0x0000000770880000)
  from space 10752K, 0% used [0x0000000771300000,0x0000000771300000,0x0000000771d80000)
  to   space 10752K, 0% used [0x0000000770880000,0x0000000770880000,0x0000000771300000)
 ParOldGen       total 172032K, used 0K [0x00000006c5c00000, 0x00000006d0400000, 0x000000076c980000)
  object space 172032K, 0% used [0x00000006c5c00000,0x00000006c5c00000,0x00000006d0400000)
 Metaspace       used 13332K, capacity 13490K, committed 13696K, reserved 1060864K
  class space    used 1533K, capacity 1603K, committed 1664K, reserved 1048576K
Event: 0.732 GC heap after
Heap after GC invocations=1 (full 0):
 PSYoungGen      total 75264K, used 8841K [0x000000076c980000, 0x0000000775c80000, 0x00000007c0000000)
  eden space 64512K, 0% used [0x000000076c980000,0x000000076c980000,0x0000000770880000)
  from space 10752K, 82% used [0x0000000770880000,0x00000007711227e8,0x0000000771300000)
  to   space 10752K, 0% used [0x0000000775200000,0x0000000775200000,0x0000000775c80000)
 ParOldGen       total 172032K, used 16K [0x00000006c5c00000, 0x00000006d0400000, 0x000000076c980000)
  object space 172032K, 0% used [0x00000006c5c00000,0x00000006c5c04000,0x00000006d0400000)
 Metaspace       used 13332K, capacity 13490K, committed 13696K, reserved 1060864K
  class space    used 1533K, capacity 1603K, committed 1664K, reserved 1048576K
}
Event: 1.050 GC heap before
{Heap before GC invocations=2 (full 0):
 PSYoungGen      total 75264K, used 73353K [0x000000076c980000, 0x0000000775c80000, 0x00000007c0000000)
  eden space 64512K, 100% used [0x000000076c980000,0x0000000770880000,0x0000000770880000)
  from space 10752K, 82% used [0x0000000770880000,0x00000007711227e8,0x0000000771300000)
  to   space 10752K, 0% used [0x0000000775200000,0x0000000775200000,0x0000000775c80000)
 ParOldGen       total 172032K, used 16K [0x00000006c5c00000, 0x00000006d0400000, 0x000000076c980000)
  object space 172032K, 0% used [0x00000006c5c00000,0x00000006c5c04000,0x00000006d0400000)
 Metaspace       used 19213K, capacity 19412K, committed 19712K, reserved 1067008K
  class space    used 2218K, capacity 2276K, committed 2304K, reserved 1048576K
Event: 1.058 GC heap after
Heap after GC invocations=2 (full 0):
 PSYoungGen      total 139776K, used 8315K [0x000000076c980000, 0x0000000775c80000, 0x00000007c0000000)
  eden space 129024K, 0% used [0x000000076c980000,0x000000076c980000,0x0000000774780000)
  from space 10752K, 77% used [0x0000000775200000,0x0000000775a1edf8,0x0000000775c80000)
  to   space 10752K, 0% used [0x0000000774780000,0x0000000774780000,0x0000000775200000)
 ParOldGen       total 172032K, used 24K [0x00000006c5c00000, 0x00000006d0400000, 0x000000076c980000)
  object space 172032K, 0% used [0x00000006c5c00000,0x00000006c5c06000,0x00000006d0400000)
 Metaspace       used 19213K, capacity 19412K, committed 19712K, reserved 1067008K
  class space    used 2218K, capacity 2276K, committed 2304K, reserved 1048576K
}

Deoptimization events (10 events):
Event: 0.127 Thread 0x000055f4746ab000 Uncommon trap: reason=unstable_if action=reinterpret pc=0x00007f8e422b7824 method=java.lang.String.indexOf([CII[CIII)I @ 134
Event: 0.505 Thread 0x000055f4746ab000 Uncommon trap: reason=unstable_if action=reinterpret pc=0x00007f8e423d45b4 method=com.ctc.wstx.io.WstxInputData.isNameChar(C)Z @ 31
Event: 0.510 Thread 0x000055f4746ab000 Uncommon trap: reason=unstable_if action=reinterpret pc=0x00007f8e423f0c14 method=com.ctc.wstx.sr.BasicStreamReader.readTextPrimary(C)Z @ 24
Event: 0.579 Thread 0x000055f4746ab000 Uncommon trap: reason=unstable_if action=reinterpret pc=0x00007f8e42417868 method=com.ctc.wstx.sr.StreamScanner.getNextChar(Ljava/lang/String;)C @ 8
Event: 0.964 Thread 0x000055f4746ab000 Uncommon trap: reason=class_check action=maybe_recompile pc=0x00007f8e424c02a8 method=java.io.DataOutputStream.write(I)V @ 5
Event: 0.964 Thread 0x000055f4746ab000 Uncommon trap: reason=class_check action=maybe_recompile pc=0x00007f8e424c02a8 method=java.io.DataOutputStream.write(I)V @ 5
Event: 0.964 Thread 0x000055f4746ab000 Uncommon trap: reason=class_check action=maybe_recompile pc=0x00007f8e424c02a8 method=java.io.DataOutputStream.write(I)V @ 5
Event: 1.018 Thread 0x000055f4746ab000 Uncommon trap: reason=class_check action=maybe_recompile pc=0x00007f8e424c02a8 method=java.io.DataOutputStream.write(I)V @ 5
Event: 1.036 Thread 0x000055f4746ab000 Uncommon trap: reason=predicate action=maybe_recompile pc=0x00007f8e4250bc0c method=java.util.LinkedList.toArray([Ljava/lang/Object;)[Ljava/lang/Object; @ 45
Event: 1.116 Thread 0x000055f4746ab000 Uncommon trap: reason=bimorphic action=maybe_recompile pc=0x00007f8e424af4a0 method=java.io.DataOutputStream.writeShort(I)V @ 12

Classes redefined (0 events):
No events

Internal exceptions (10 events):
Event: 0.161 Thread 0x000055f4746ab000 Exception <a 'java/lang/ClassNotFoundException': org/apache/log4j/WriterAppenderCustomizer> (0x000000076d360918) thrown at [/build/openjdk-8-4TqvnK/openjdk-8-8u292-b10/src/hotspot/src/share/vm/classfile/systemDictionary.cpp, line 217]
Event: 0.162 Thread 0x000055f4746ab000 Exception <a 'java/lang/ClassNotFoundException': org/apache/log4j/ConsoleAppenderCustomizer> (0x000000076d3848f0) thrown at [/build/openjdk-8-4TqvnK/openjdk-8-8u292-b10/src/hotspot/src/share/vm/classfile/systemDictionary.cpp, line 217]
Event: 0.550 Thread 0x000055f4746ab000 Exception <a 'java/lang/NoSuchFieldError': method resolution failed> (0x000000076f37ab88) thrown at [/build/openjdk-8-4TqvnK/openjdk-8-8u292-b10/src/hotspot/src/share/vm/prims/methodHandles.cpp, line 1169]
Event: 0.551 Thread 0x000055f4746ab000 Exception <a 'java/lang/NoSuchFieldError': method resolution failed> (0x000000076f388278) thrown at [/build/openjdk-8-4TqvnK/openjdk-8-8u292-b10/src/hotspot/src/share/vm/prims/methodHandles.cpp, line 1169]
Event: 0.590 Thread 0x000055f4746ab000 Exception <a 'java/io/FileNotFoundException'> (0x000000076f6324d0) thrown at [/build/openjdk-8-4TqvnK/openjdk-8-8u292-b10/src/hotspot/src/share/vm/prims/jni.cpp, line 711]
Event: 0.590 Thread 0x000055f4746ab000 Exception <a 'java/security/PrivilegedActionException'> (0x000000076f632938) thrown at [/build/openjdk-8-4TqvnK/openjdk-8-8u292-b10/src/hotspot/src/share/vm/prims/jvm.cpp, line 1521]
Event: 0.590 Thread 0x000055f4746ab000 Exception <a 'java/lang/reflect/InvocationTargetException'> (0x000000076f634a38) thrown at [/build/openjdk-8-4TqvnK/openjdk-8-8u292-b10/src/hotspot/src/share/vm/runtime/reflection.cpp, line 1090]
Event: 0.992 Thread 0x000055f475443000 Exception <a 'java/lang/InterruptedException'> (0x00000007702dcd90) thrown at [/build/openjdk-8-4TqvnK/openjdk-8-8u292-b10/src/hotspot/src/share/vm/runtime/objectMonitor.cpp, line 1692]
Event: 1.022 Thread 0x000055f47545a800 Exception <a 'java/lang/InterruptedException'> (0x000000077069b590) thrown at [/build/openjdk-8-4TqvnK/openjdk-8-8u292-b10/src/hotspot/src/share/vm/runtime/objectMonitor.cpp, line 1692]
Event: 1.129 Thread 0x000055f47545e800 Exception <a 'java/lang/InterruptedException'> (0x000000076ccc1a98) thrown at [/build/openjdk-8-4TqvnK/openjdk-8-8u292-b10/src/hotspot/src/share/vm/runtime/objectMonitor.cpp, line 1692]

Events (10 events):
Event: 1.128 loading class org/apache/hadoop/hdfs/PeerCache$1 done
Event: 1.128 Thread 0x000055f474894000 Thread added: 0x000055f474894000
Event: 1.128 loading class org/apache/hadoop/hdfs/PeerCache$Value
Event: 1.128 loading class org/apache/hadoop/hdfs/PeerCache$Value done
Event: 1.129 loading class com/google/common/collect/LinkedListMultimap$Node
Event: 1.129 loading class com/google/common/collect/LinkedListMultimap$Node done
Event: 1.129 loading class com/google/common/collect/Count
Event: 1.129 loading class com/google/common/collect/Count done
Event: 1.129 Thread 0x000055f47545e800 Thread exited: 0x000055f47545e800
Event: 1.139 Thread 0x000055f475460000 Thread exited: 0x000055f475460000


Dynamic libraries:
6c5c00000-6d0400000 rw-p 00000000 00:00 0 
6d0400000-76c980000 ---p 00000000 00:00 0 
76c980000-775c80000 rw-p 00000000 00:00 0 
775c80000-7c0000000 ---p 00000000 00:00 0 
7c0000000-7c0260000 rw-p 00000000 00:00 0 
7c0260000-800000000 ---p 00000000 00:00 0 
55f473cb2000-55f473cb5000 r--p 00000000 08:03 302210492                  /root/subgraph-isomorphism-pregel/src/run
55f473cb5000-55f473ce3000 r-xp 00003000 08:03 302210492                  /root/subgraph-isomorphism-pregel/src/run
55f473ce3000-55f473cea000 r--p 00031000 08:03 302210492                  /root/subgraph-isomorphism-pregel/src/run
55f473ceb000-55f473cec000 r--p 00038000 08:03 302210492                  /root/subgraph-isomorphism-pregel/src/run
55f473cec000-55f473ced000 rw-p 00039000 08:03 302210492                  /root/subgraph-isomorphism-pregel/src/run
55f474675000-55f47549e000 rw-p 00000000 00:00 0                          [heap]
7f8de0000000-7f8de0021000 rw-p 00000000 00:00 0 
7f8de0021000-7f8de4000000 ---p 00000000 00:00 0 
7f8de8000000-7f8de8030000 rw-p 00000000 00:00 0 
7f8de8030000-7f8dec000000 ---p 00000000 00:00 0 
7f8dec000000-7f8dec021000 rw-p 00000000 00:00 0 
7f8dec021000-7f8df0000000 ---p 00000000 00:00 0 
7f8df0000000-7f8df0021000 rw-p 00000000 00:00 0 
7f8df0021000-7f8df4000000 ---p 00000000 00:00 0 
7f8df4000000-7f8df4021000 rw-p 00000000 00:00 0 
7f8df4021000-7f8df8000000 ---p 00000000 00:00 0 
7f8df8000000-7f8df8021000 rw-p 00000000 00:00 0 
7f8df8021000-7f8dfc000000 ---p 00000000 00:00 0 
7f8dfc000000-7f8dfc021000 rw-p 00000000 00:00 0 
7f8dfc021000-7f8e00000000 ---p 00000000 00:00 0 
7f8e00000000-7f8e00380000 rw-p 00000000 00:00 0 
7f8e00380000-7f8e04000000 ---p 00000000 00:00 0 
7f8e04000000-7f8e04021000 rw-p 00000000 00:00 0 
7f8e04021000-7f8e08000000 ---p 00000000 00:00 0 
7f8e08000000-7f8e0851d000 rw-p 00000000 00:00 0 
7f8e0851d000-7f8e0c000000 ---p 00000000 00:00 0 
7f8e0c000000-7f8e0c37f000 rw-p 00000000 00:00 0 
7f8e0c37f000-7f8e10000000 ---p 00000000 00:00 0 
7f8e10000000-7f8e10021000 rw-p 00000000 00:00 0 
7f8e10021000-7f8e14000000 ---p 00000000 00:00 0 
7f8e14000000-7f8e14021000 rw-p 00000000 00:00 0 
7f8e14021000-7f8e18000000 ---p 00000000 00:00 0 
7f8e18000000-7f8e18021000 rw-p 00000000 00:00 0 
7f8e18021000-7f8e1c000000 ---p 00000000 00:00 0 
7f8e1c2e0000-7f8e24000000 rw-p 00000000 00:00 0 
7f8e24000000-7f8e24021000 rw-p 00000000 00:00 0 
7f8e24021000-7f8e28000000 ---p 00000000 00:00 0 
7f8e28000000-7f8e28021000 rw-p 00000000 00:00 0 
7f8e28021000-7f8e2c000000 ---p 00000000 00:00 0 
7f8e2c000000-7f8e2c021000 rw-p 00000000 00:00 0 
7f8e2c021000-7f8e30000000 ---p 00000000 00:00 0 
7f8e34000000-7f8e34021000 rw-p 00000000 00:00 0 
7f8e34021000-7f8e38000000 ---p 00000000 00:00 0 
7f8e3869a000-7f8e3869d000 ---p 00000000 00:00 0 
7f8e3869d000-7f8e3879b000 rw-p 00000000 00:00 0 
7f8e3879b000-7f8e3879e000 ---p 00000000 00:00 0 
7f8e3879e000-7f8e3889c000 rw-p 00000000 00:00 0 
7f8e3889c000-7f8e3889f000 ---p 00000000 00:00 0 
7f8e3889f000-7f8e38b9d000 rw-p 00000000 00:00 0 
7f8e38b9d000-7f8e38ba0000 ---p 00000000 00:00 0 
7f8e38ba0000-7f8e38e9e000 rw-p 00000000 00:00 0 
7f8e38e9e000-7f8e3909e000 rw-p 00000000 00:00 0 
7f8e3909e000-7f8e390a0000 r--s 00016000 08:03 335567578                  /usr/lib/jvm/java-8-openjdk-amd64/jre/lib/jce.jar
7f8e390a0000-7f8e390b1000 r--s 001bf000 08:03 335567581                  /usr/lib/jvm/java-8-openjdk-amd64/jre/lib/jsse.jar
7f8e390b1000-7f8e392b1000 rw-p 00000000 00:00 0 
7f8e392b1000-7f8e392b2000 r--p 00000000 08:03 9862227                    /usr/lib/jvm/java-8-openjdk-amd64/jre/lib/amd64/libjaas_unix.so
7f8e392b2000-7f8e392b3000 r-xp 00001000 08:03 9862227                    /usr/lib/jvm/java-8-openjdk-amd64/jre/lib/amd64/libjaas_unix.so
7f8e392b3000-7f8e392b4000 r--p 00002000 08:03 9862227                    /usr/lib/jvm/java-8-openjdk-amd64/jre/lib/amd64/libjaas_unix.so
7f8e392b4000-7f8e392b5000 r--p 00002000 08:03 9862227                    /usr/lib/jvm/java-8-openjdk-amd64/jre/lib/amd64/libjaas_unix.so
7f8e392b5000-7f8e392b6000 rw-p 00003000 08:03 9862227                    /usr/lib/jvm/java-8-openjdk-amd64/jre/lib/amd64/libjaas_unix.so
7f8e392b6000-7f8e392d9000 r-xp 00000000 08:03 100685260                  /usr/local/hadoop/lib/native/libhadoop.so.1.0.0
7f8e392d9000-7f8e394d8000 ---p 00023000 08:03 100685260                  /usr/local/hadoop/lib/native/libhadoop.so.1.0.0
7f8e394d8000-7f8e394d9000 r--p 00022000 08:03 100685260                  /usr/local/hadoop/lib/native/libhadoop.so.1.0.0
7f8e394d9000-7f8e394da000 rw-p 00023000 08:03 100685260                  /usr/local/hadoop/lib/native/libhadoop.so.1.0.0
7f8e394da000-7f8e394dd000 ---p 00000000 00:00 0 
7f8e394dd000-7f8e395db000 rw-p 00000000 00:00 0 
7f8e395db000-7f8e395de000 ---p 00000000 00:00 0 
7f8e395de000-7f8e39814000 rw-p 00000000 00:00 0 
7f8e39814000-7f8e39818000 r--p 00000000 08:03 18539505                   /usr/lib/jvm/java-8-openjdk-amd64/jre/lib/amd64/libmanagement.so
7f8e39818000-7f8e3981c000 r-xp 00004000 08:03 18539505                   /usr/lib/jvm/java-8-openjdk-amd64/jre/lib/amd64/libmanagement.so
7f8e3981c000-7f8e3981e000 r--p 00008000 08:03 18539505                   /usr/lib/jvm/java-8-openjdk-amd64/jre/lib/amd64/libmanagement.so
7f8e3981e000-7f8e3981f000 r--p 00009000 08:03 18539505                   /usr/lib/jvm/java-8-openjdk-amd64/jre/lib/amd64/libmanagement.so
7f8e3981f000-7f8e39820000 rw-p 0000a000 08:03 18539505                   /usr/lib/jvm/java-8-openjdk-amd64/jre/lib/amd64/libmanagement.so
7f8e39820000-7f8e39825000 r--s 0003e000 08:03 302046379                  /usr/local/hadoop/share/hadoop/hdfs/hadoop-hdfs-rbf-2.10.1-tests.jar
7f8e39825000-7f8e39835000 r--s 000d5000 08:03 302046378                  /usr/local/hadoop/share/hadoop/hdfs/hadoop-hdfs-rbf-2.10.1.jar
7f8e39835000-7f8e39837000 r--s 0001f000 08:03 302046380                  /usr/local/hadoop/share/hadoop/hdfs/hadoop-hdfs-nfs-2.10.1.jar
7f8e39837000-7f8e39838000 r--s 00007000 08:03 302046377                  /usr/local/hadoop/share/hadoop/hdfs/hadoop-hdfs-native-client-2.10.1-tests.jar
7f8e39838000-7f8e39839000 r--s 00007000 08:03 302046376                  /usr/local/hadoop/share/hadoop/hdfs/hadoop-hdfs-native-client-2.10.1.jar
7f8e39839000-7f8e3983c000 r--s 0001d000 08:03 302046375                  /usr/local/hadoop/share/hadoop/hdfs/hadoop-hdfs-client-2.10.1-tests.jar
7f8e3983c000-7f8e39877000 r--s 003d2000 08:03 302046374                  /usr/local/hadoop/share/hadoop/hdfs/hadoop-hdfs-client-2.10.1.jar
7f8e39877000-7f8e398a6000 r--s 00413000 08:03 302046373                  /usr/local/hadoop/share/hadoop/hdfs/hadoop-hdfs-2.10.1-tests.jar
7f8e398a6000-7f8e398e6000 r--s 004b4000 08:03 302046372                  /usr/local/hadoop/share/hadoop/hdfs/hadoop-hdfs-2.10.1.jar
7f8e398e6000-7f8e398eb000 r--s 0002a000 08:03 218175655                  /usr/local/hadoop/share/hadoop/common/hadoop-nfs-2.10.1.jar
7f8e398eb000-7f8e39913000 r--s 00261000 08:03 218175654                  /usr/local/hadoop/share/hadoop/common/hadoop-common-2.10.1-tests.jar
7f8e39913000-7f8e39944000 rw-p 00000000 00:00 0 
7f8e39944000-7f8e39949000 r--p 00000000 08:03 18539507                   /usr/lib/jvm/java-8-openjdk-amd64/jre/lib/amd64/libnet.so
7f8e39949000-7f8e3995a000 r-xp 00005000 08:03 18539507                   /usr/lib/jvm/java-8-openjdk-amd64/jre/lib/amd64/libnet.so
7f8e3995a000-7f8e3995e000 r--p 00016000 08:03 18539507                   /usr/lib/jvm/java-8-openjdk-amd64/jre/lib/amd64/libnet.so
7f8e3995e000-7f8e3995f000 r--p 00019000 08:03 18539507                   /usr/lib/jvm/java-8-openjdk-amd64/jre/lib/amd64/libnet.so
7f8e3995f000-7f8e39960000 rw-p 0001a000 08:03 18539507                   /usr/lib/jvm/java-8-openjdk-amd64/jre/lib/amd64/libnet.so
7f8e39960000-7f8e39967000 r--p 00000000 08:03 18539508                   /usr/lib/jvm/java-8-openjdk-amd64/jre/lib/amd64/libnio.so
7f8e39967000-7f8e39970000 r-xp 00007000 08:03 18539508                   /usr/lib/jvm/java-8-openjdk-amd64/jre/lib/amd64/libnio.so
7f8e39970000-7f8e39973000 r--p 00010000 08:03 18539508                   /usr/lib/jvm/java-8-openjdk-amd64/jre/lib/amd64/libnio.so
7f8e39973000-7f8e39974000 r--p 00012000 08:03 18539508                   /usr/lib/jvm/java-8-openjdk-amd64/jre/lib/amd64/libnio.so
7f8e39974000-7f8e39975000 rw-p 00013000 08:03 18539508                   /usr/lib/jvm/java-8-openjdk-amd64/jre/lib/amd64/libnio.so
7f8e39975000-7f8e399b2000 r--s 0038e000 08:03 218175653                  /usr/local/hadoop/share/hadoop/common/hadoop-common-2.10.1.jar
7f8e399b2000-7f8e399b3000 r--s 00003000 08:03 318795933                  /usr/local/hadoop/share/hadoop/hdfs/lib/xmlenc-0.52.jar
7f8e399b3000-7f8e399bc000 r--s 0002d000 08:03 318795952                  /usr/local/hadoop/share/hadoop/hdfs/lib/xml-apis-1.4.01.jar
7f8e399bc000-7f8e399d5000 r--s 0013a000 08:03 318795951                  /usr/local/hadoop/share/hadoop/hdfs/lib/xercesImpl-2.12.0.jar
7f8e399d5000-7f8e399d7000 r--s 00018000 08:03 318795935                  /usr/local/hadoop/share/hadoop/hdfs/lib/servlet-api-2.5.jar
7f8e399d7000-7f8e399df000 r--s 0007b000 08:03 318795944                  /usr/local/hadoop/share/hadoop/hdfs/lib/protobuf-java-2.5.0.jar
7f8e399df000-7f8e399e1000 r--s 0000f000 08:03 318795948                  /usr/local/hadoop/share/hadoop/hdfs/lib/okio-1.6.0.jar
7f8e399e1000-7f8e399e6000 r--s 0004c000 08:03 318795947                  /usr/local/hadoop/share/hadoop/hdfs/lib/okhttp-2.7.5.jar
7f8e399e6000-7f8e39a2e000 r--s 003bd000 08:03 318795950                  /usr/local/hadoop/share/hadoop/hdfs/lib/netty-all-4.1.50.Final.jar
7f8e39a2e000-7f8e39a47000 r--s 00123000 08:03 318795930                  /usr/local/hadoop/share/hadoop/hdfs/lib/netty-3.10.6.Final.jar
7f8e39a47000-7f8e39a50000 r--s 0006f000 08:03 318795927                  /usr/local/hadoop/share/hadoop/hdfs/lib/log4j-1.2.17.jar
7f8e39a50000-7f8e39a53000 r--s 000fd000 08:03 318795953                  /usr/local/hadoop/share/hadoop/hdfs/lib/leveldbjni-all-1.8.jar
7f8e39a53000-7f8e39a55000 r--s 00003000 08:03 318795929                  /usr/local/hadoop/share/hadoop/hdfs/lib/jsr305-3.0.2.jar
7f8e39a55000-7f8e39a59000 r--s 00028000 08:03 318795937                  /usr/local/hadoop/share/hadoop/hdfs/lib/jetty-util-6.1.26.jar
7f8e39a59000-7f8e39a60000 r--s 0007d000 08:03 318795936                  /usr/local/hadoop/share/hadoop/hdfs/lib/jetty-6.1.26.jar
7f8e39a60000-7f8e39a72000 r--s 0009d000 08:03 318795941                  /usr/local/hadoop/share/hadoop/hdfs/lib/jersey-server-1.9.jar
7f8e39a72000-7f8e39a7c000 r--s 00066000 08:03 318795938                  /usr/local/hadoop/share/hadoop/hdfs/lib/jersey-core-1.9.jar
7f8e39a7c000-7f8e39a8a000 r--s 000b1000 08:03 318795940                  /usr/local/hadoop/share/hadoop/hdfs/lib/jackson-mapper-asl-1.9.13.jar
7f8e39a8a000-7f8e39a9d000 r--s 00137000 08:03 318795954                  /usr/local/hadoop/share/hadoop/hdfs/lib/jackson-databind-2.9.10.6.jar
7f8e39a9d000-7f8e39aa1000 r--s 00035000 08:03 318795939                  /usr/local/hadoop/share/hadoop/hdfs/lib/jackson-core-asl-1.9.13.jar
7f8e39aa1000-7f8e39aa5000 r--s 0004c000 08:03 318795956                  /usr/local/hadoop/share/hadoop/hdfs/lib/jackson-core-2.9.10.jar
7f8e39aa5000-7f8e39aa8000 r--s 0000e000 08:03 318795955                  /usr/local/hadoop/share/hadoop/hdfs/lib/jackson-annotations-2.9.10.jar
7f8e39aa8000-7f8e39ac2000 r--s 00155000 08:03 318795945                  /usr/local/hadoop/share/hadoop/hdfs/lib/htrace-core4-4.1.0-incubating.jar
7f8e39ac2000-7f8e39afd000 r--s 003d2000 08:03 318795946                  /usr/local/hadoop/share/hadoop/hdfs/lib/hadoop-hdfs-client-2.10.1.jar
7f8e39afd000-7f8e39b1e000 r--s 00172000 08:03 318795931                  /usr/local/hadoop/share/hadoop/hdfs/lib/guava-11.0.2.jar
7f8e39b1e000-7f8e39b20000 r--s 0000e000 08:03 318795928                  /usr/local/hadoop/share/hadoop/hdfs/lib/commons-logging-1.1.3.jar
7f8e39b20000-7f8e39b25000 r--s 00041000 08:03 318795943                  /usr/local/hadoop/share/hadoop/hdfs/lib/commons-lang-2.6.jar
7f8e39b25000-7f8e39b29000 r--s 0002a000 08:03 318795934                  /usr/local/hadoop/share/hadoop/hdfs/lib/commons-io-2.4.jar
7f8e39b29000-7f8e39b2a000 r--s 00005000 08:03 318795949                  /usr/local/hadoop/share/hadoop/hdfs/lib/commons-daemon-1.0.13.jar
7f8e39b2a000-7f8e39b2c000 r--s 0000d000 08:03 318795926                  /usr/local/hadoop/share/hadoop/hdfs/lib/commons-codec-1.4.jar
7f8e39b2c000-7f8e39b2e000 r--s 00009000 08:03 318795932                  /usr/local/hadoop/share/hadoop/hdfs/lib/commons-cli-1.2.jar
7f8e39b2e000-7f8e39b2f000 r--s 0000a000 08:03 318795942                  /usr/local/hadoop/share/hadoop/hdfs/lib/asm-3.2.jar
7f8e39b2f000-7f8e39b3c000 r--s 000d2000 08:03 234917335                  /usr/local/hadoop/share/hadoop/common/lib/zookeeper-3.4.14.jar
7f8e39b3c000-7f8e39b3d000 r--s 00003000 08:03 234917354                  /usr/local/hadoop/share/hadoop/common/lib/xmlenc-0.52.jar
7f8e39b3d000-7f8e39b43000 r--s 00078000 08:03 234917345                  /usr/local/hadoop/share/hadoop/common/lib/woodstox-core-5.0.3.jar
7f8e39b43000-7f8e39b45000 r--s 00004000 08:03 234917239                  /usr/local/hadoop/share/hadoop/common/lib/stax-api-1.0-2.jar
7f8e39b45000-7f8e39b49000 r--s 00024000 08:03 234917344                  /usr/local/hadoop/share/hadoop/common/lib/stax2-api-3.1.4.jar
7f8e39b49000-7f8e39b4b000 r--s 00002000 08:03 234917336                  /usr/local/hadoop/share/hadoop/common/lib/spotbugs-annotations-3.1.9.jar
7f8e39b4b000-7f8e39b4d000 r--s 00130000 08:03 234917323                  /usr/local/hadoop/share/hadoop/common/lib/snappy-java-1.0.5.jar
7f8e39b4d000-7f8e39b4e000 r--s 00002000 08:03 234917320                  /usr/local/hadoop/share/hadoop/common/lib/slf4j-log4j12-1.7.25.jar
7f8e39b4e000-7f8e39b50000 r--s 00009000 08:03 234917319                  /usr/local/hadoop/share/hadoop/common/lib/slf4j-api-1.7.25.jar
7f8e39b50000-7f8e39b52000 r--s 00018000 08:03 234917229                  /usr/local/hadoop/share/hadoop/common/lib/servlet-api-2.5.jar
7f8e39b52000-7f8e39b5a000 r--s 0007b000 08:03 234917325                  /usr/local/hadoop/share/hadoop/common/lib/protobuf-java-2.5.0.jar
7f8e39b5a000-7f8e39b5c000 r--s 00006000 08:03 234917322                  /usr/local/hadoop/share/hadoop/common/lib/paranamer-2.3.jar
7f8e39b5c000-7f8e39b62000 r--s 0004d000 08:03 234917328                  /usr/local/hadoop/share/hadoop/common/lib/nimbus-jose-jwt-7.9.jar
7f8e39b62000-7f8e39b7b000 r--s 00123000 08:03 234917338                  /usr/local/hadoop/share/hadoop/common/lib/netty-3.10.6.Final.jar
7f8e39b7b000-7f8e39b98000 r--s 0013e000 08:03 234917348                  /usr/local/hadoop/share/hadoop/common/lib/mockito-all-1.8.5.jar
7f8e39b98000-7f8e39ba1000 r--s 0006f000 08:03 234917247                  /usr/local/hadoop/share/hadoop/common/lib/log4j-1.2.17.jar
7f8e39ba1000-7f8e39ba7000 r--s 00036000 08:03 234917346                  /usr/local/hadoop/share/hadoop/common/lib/junit-4.11.jar
7f8e39ba7000-7f8e39ba9000 r--s 00003000 08:03 234917351                  /usr/local/hadoop/share/hadoop/common/lib/jsr305-3.0.2.jar
7f8e39ba9000-7f8e39bac000 r--s 00016000 08:03 234917233                  /usr/local/hadoop/share/hadoop/common/lib/jsp-api-2.1.jar
7f8e39bac000-7f8e39baf000 r--s 00011000 08:03 234917330                  /usr/local/hadoop/share/hadoop/common/lib/json-smart-1.3.1.jar
7f8e39baf000-7f8e39bb3000 r--s 00041000 08:03 234917341                  /usr/local/hadoop/share/hadoop/common/lib/jsch-0.1.55.jar
7f8e39bb3000-7f8e39bb7000 r--s 00028000 08:03 234917231                  /usr/local/hadoop/share/hadoop/common/lib/jetty-util-6.1.26.jar
7f8e39bb7000-7f8e39bb8000 r--s 00004000 08:03 234917232                  /usr/local/hadoop/share/hadoop/common/lib/jetty-sslengine-6.1.26.jar
7f8e39bb8000-7f8e39bbf000 r--s 0007d000 08:03 234917230                  /usr/local/hadoop/share/hadoop/common/lib/jetty-6.1.26.jar
7f8e39bbf000-7f8e39bc1000 r--s 0000f000 08:03 234917236                  /usr/local/hadoop/share/hadoop/common/lib/jettison-1.1.jar
7f8e39bc1000-7f8e39bca000 r--s 0007b000 08:03 234917312                  /usr/local/hadoop/share/hadoop/common/lib/jets3t-0.9.0.jar
7f8e39bca000-7f8e39bdc000 r--s 0009d000 08:03 234917245                  /usr/local/hadoop/share/hadoop/common/lib/jersey-server-1.9.jar
7f8e39bdc000-7f8e39be0000 r--s 00021000 08:03 234917235                  /usr/local/hadoop/share/hadoop/common/lib/jersey-json-1.9.jar
7f8e39be0000-7f8e39bea000 r--s 00066000 08:03 234917234                  /usr/local/hadoop/share/hadoop/common/lib/jersey-core-1.9.jar
7f8e39bea000-7f8e39bec000 r--s 00000000 08:03 234917329                  /usr/local/hadoop/share/hadoop/common/lib/jcip-annotations-1.0-1.jar
7f8e39bec000-7f8e39bff000 r--s 000c7000 08:03 234917237                  /usr/local/hadoop/share/hadoop/common/lib/jaxb-impl-2.2.3-1.jar
7f8e39bff000-7f8e39c02000 r--s 00017000 08:03 234917238                  /usr/local/hadoop/share/hadoop/common/lib/jaxb-api-2.2.2.jar
7f8e39c02000-7f8e39c03000 r--s 00004000 08:03 234917313                  /usr/local/hadoop/share/hadoop/common/lib/java-xmlbuilder-0.4.jar
7f8e39c03000-7f8e39c04000 r--s 00006000 08:03 234917244                  /usr/local/hadoop/share/hadoop/common/lib/jackson-xc-1.9.13.jar
7f8e39c04000-7f8e39c12000 r--s 000b1000 08:03 234917242                  /usr/local/hadoop/share/hadoop/common/lib/jackson-mapper-asl-1.9.13.jar
7f8e39c12000-7f8e39c13000 r--s 00004000 08:03 234917243                  /usr/local/hadoop/share/hadoop/common/lib/jackson-jaxrs-1.9.13.jar
7f8e39c13000-7f8e39c17000 r--s 00035000 08:03 234917241                  /usr/local/hadoop/share/hadoop/common/lib/jackson-core-asl-1.9.13.jar
7f8e39c17000-7f8e39c1e000 r--s 00049000 08:03 234917356                  /usr/local/hadoop/share/hadoop/common/lib/httpcore-4.4.4.jar
7f8e39c1e000-7f8e39c2b000 r--s 000a7000 08:03 234917355                  /usr/local/hadoop/share/hadoop/common/lib/httpclient-4.5.2.jar
7f8e39c2b000-7f8e39c45000 r--s 00155000 08:03 234917343                  /usr/local/hadoop/share/hadoop/common/lib/htrace-core4-4.1.0-incubating.jar
7f8e39c45000-7f8e39c47000 r--s 00009000 08:03 234917347                  /usr/local/hadoop/share/hadoop/common/lib/hamcrest-core-1.3.jar
7f8e39c47000-7f8e39c4a000 r--s 0001c000 08:03 234917327                  /usr/local/hadoop/share/hadoop/common/lib/hadoop-auth-2.10.1.jar
7f8e39c4a000-7f8e39c4c000 r--s 0000a000 08:03 234917349                  /usr/local/hadoop/share/hadoop/common/lib/hadoop-annotations-2.10.1.jar
7f8e39c4c000-7f8e39c6d000 r--s 00172000 08:03 234917350                  /usr/local/hadoop/share/hadoop/common/lib/guava-11.0.2.jar
7f8e39c6d000-7f8e39c72000 r--s 0002a000 08:03 234917326                  /usr/local/hadoop/share/hadoop/common/lib/gson-2.2.4.jar
7f8e39c72000-7f8e39c7a000 r--s 0003e000 08:03 234917342                  /usr/local/hadoop/share/hadoop/common/lib/curator-recipes-2.13.0.jar
7f8e39c7a000-7f8e39c80000 r--s 0002c000 08:03 234917339                  /usr/local/hadoop/share/hadoop/common/lib/curator-framework-2.13.0.jar
7f8e39c80000-7f8e39cb7000 r--s 00219000 08:03 234917340                  /usr/local/hadoop/share/hadoop/common/lib/curator-client-2.13.0.jar
7f8e39cb7000-7f8e39cbc000 r--s 0003e000 08:03 234917360                  /usr/local/hadoop/share/hadoop/common/lib/commons-net-3.1.jar
7f8e39cbc000-7f8e39cd9000 r--s 0016a000 08:03 234917353                  /usr/local/hadoop/share/hadoop/common/lib/commons-math3-3.1.1.jar
7f8e39cd9000-7f8e39cdb000 r--s 0000e000 08:03 234917357                  /usr/local/hadoop/share/hadoop/common/lib/commons-logging-1.1.3.jar
7f8e39cdb000-7f8e39ce2000 r--s 00064000 08:03 234917318                  /usr/local/hadoop/share/hadoop/common/lib/commons-lang3-3.4.jar
7f8e39ce2000-7f8e39ce7000 r--s 00041000 08:03 234917314                  /usr/local/hadoop/share/hadoop/common/lib/commons-lang-2.6.jar
7f8e39ce7000-7f8e39ceb000 r--s 0002a000 08:03 234917359                  /usr/local/hadoop/share/hadoop/common/lib/commons-io-2.4.jar
7f8e39ceb000-7f8e39cef000 r--s 00020000 08:03 234917316                  /usr/local/hadoop/share/hadoop/common/lib/commons-digester-1.8.jar
7f8e39cef000-7f8e39cf5000 r--s 00043000 08:03 234917315                  /usr/local/hadoop/share/hadoop/common/lib/commons-configuration-1.6.jar
7f8e39cf5000-7f8e39d01000 r--s 0008b000 08:03 234917324                  /usr/local/hadoop/share/hadoop/common/lib/commons-compress-1.19.jar
7f8e39d01000-7f8e39d0e000 r--s 00083000 08:03 234917228                  /usr/local/hadoop/share/hadoop/common/lib/commons-collections-3.2.2.jar
7f8e39d0e000-7f8e39d10000 r--s 0000d000 08:03 234917358                  /usr/local/hadoop/share/hadoop/common/lib/commons-codec-1.4.jar
7f8e39d10000-7f8e39d12000 r--s 00009000 08:03 234917352                  /usr/local/hadoop/share/hadoop/common/lib/commons-cli-1.2.jar
7f8e39d12000-7f8e39d17000 r--s 00038000 08:03 234917317                  /usr/local/hadoop/share/hadoop/common/lib/commons-beanutils-1.9.4.jar
7f8e39d17000-7f8e39d20000 r--s 00062000 08:03 234917321                  /usr/local/hadoop/share/hadoop/common/lib/avro-1.7.7.jar
7f8e39d20000-7f8e39d21000 r--s 00004000 08:03 234917337                  /usr/local/hadoop/share/hadoop/common/lib/audience-annotations-0.5.0.jar
7f8e39d21000-7f8e39d22000 r--s 0000a000 08:03 234917246                  /usr/local/hadoop/share/hadoop/common/lib/asm-3.2.jar
7f8e39d22000-7f8e39d24000 r--s 00012000 08:03 234917334                  /usr/local/hadoop/share/hadoop/common/lib/api-util-1.0.0-M20.jar
7f8e39d24000-7f8e39d26000 r--s 00003000 08:03 234917333                  /usr/local/hadoop/share/hadoop/common/lib/api-asn1-api-1.0.0-M20.jar
7f8e39d26000-7f8e39d38000 r--s 00097000 08:03 234917331                  /usr/local/hadoop/share/hadoop/common/lib/apacheds-kerberos-codec-2.0.0-M15.jar
7f8e39d38000-7f8e39d39000 r--s 0000a000 08:03 234917332                  /usr/local/hadoop/share/hadoop/common/lib/apacheds-i18n-2.0.0-M15.jar
7f8e39d39000-7f8e39d3b000 r--s 0000e000 08:03 234917240                  /usr/local/hadoop/share/hadoop/common/lib/activation-1.1.jar
7f8e39d3b000-7f8e39d3d000 r--s 0000c000 08:03 18540022                   /usr/share/java/java-atk-wrapper.jar
7f8e39d3d000-7f8e39d3f000 r--s 00010000 08:03 67121742                   /usr/lib/jvm/java-8-openjdk-amd64/jre/lib/ext/zipfs.jar
7f8e39d3f000-7f8e39d43000 r--s 00040000 08:03 67121741                   /usr/lib/jvm/java-8-openjdk-amd64/jre/lib/ext/sunpkcs11.jar
7f8e39d43000-7f8e39d49000 r--s 0003d000 08:03 67121740                   /usr/lib/jvm/java-8-openjdk-amd64/jre/lib/ext/sunjce_provider.jar
7f8e39d49000-7f8e39d64000 r--s 001d6000 08:03 67121738                   /usr/lib/jvm/java-8-openjdk-amd64/jre/lib/ext/nashorn.jar
7f8e39d64000-7f8e39d7f000 r--s 00394000 08:03 67121733                   /usr/lib/jvm/java-8-openjdk-amd64/jre/lib/ext/cldrdata.jar
7f8e39d7f000-7f8e39d80000 ---p 00000000 00:00 0 
7f8e39d80000-7f8e39e80000 rw-p 00000000 00:00 0 
7f8e39e80000-7f8e39e83000 ---p 00000000 00:00 0 
7f8e39e83000-7f8e39f81000 rw-p 00000000 00:00 0 
7f8e39f81000-7f8e39f82000 ---p 00000000 00:00 0 
7f8e39f82000-7f8e39f85000 ---p 00000000 00:00 0 
7f8e39f85000-7f8e3a082000 rw-p 00000000 00:00 0 
7f8e3a082000-7f8e3a083000 ---p 00000000 00:00 0 
7f8e3a083000-7f8e3a086000 ---p 00000000 00:00 0 
7f8e3a086000-7f8e3a183000 rw-p 00000000 00:00 0 
7f8e3a183000-7f8e3a184000 ---p 00000000 00:00 0 
7f8e3a184000-7f8e3a187000 ---p 00000000 00:00 0 
7f8e3a187000-7f8e3a284000 rw-p 00000000 00:00 0 
7f8e3a284000-7f8e3a287000 ---p 00000000 00:00 0 
7f8e3a287000-7f8e3a385000 rw-p 00000000 00:00 0 
7f8e3a385000-7f8e3a66b000 r--p 00000000 08:03 269454                     /usr/lib/locale/locale-archive
7f8e3a66b000-7f8e3a66e000 ---p 00000000 00:00 0 
7f8e3a66e000-7f8e3a76c000 rw-p 00000000 00:00 0 
7f8e3a76c000-7f8e3a76f000 ---p 00000000 00:00 0 
7f8e3a76f000-7f8e3a86d000 rw-p 00000000 00:00 0 
7f8e3a86d000-7f8e3a86e000 ---p 00000000 00:00 0 
7f8e3a86e000-7f8e3c000000 rw-p 00000000 00:00 0 
7f8e3c000000-7f8e3c021000 rw-p 00000000 00:00 0 
7f8e3c021000-7f8e40000000 ---p 00000000 00:00 0 
7f8e40000000-7f8e40002000 r--s 00008000 08:03 67121739                   /usr/lib/jvm/java-8-openjdk-amd64/jre/lib/ext/sunec.jar
7f8e40002000-7f8e4000d000 r--s 00116000 08:03 67121737                   /usr/lib/jvm/java-8-openjdk-amd64/jre/lib/ext/localedata.jar
7f8e4000d000-7f8e40010000 r--s 0000f000 08:03 67121735                   /usr/lib/jvm/java-8-openjdk-amd64/jre/lib/ext/icedtea-sound.jar
7f8e40010000-7f8e40180000 rw-p 00000000 00:00 0 
7f8e40180000-7f8e40351000 r--s 03ca5000 08:03 335567586                  /usr/lib/jvm/java-8-openjdk-amd64/jre/lib/rt.jar
7f8e40351000-7f8e40c6b000 rw-p 00000000 00:00 0 
7f8e40c6b000-7f8e40c6c000 ---p 00000000 00:00 0 
7f8e40c6c000-7f8e40d6c000 rw-p 00000000 00:00 0 
7f8e40d6c000-7f8e40d6d000 ---p 00000000 00:00 0 
7f8e40d6d000-7f8e40e6d000 rw-p 00000000 00:00 0 
7f8e40e6d000-7f8e40e6e000 ---p 00000000 00:00 0 
7f8e40e6e000-7f8e40f6e000 rw-p 00000000 00:00 0 
7f8e40f6e000-7f8e40f6f000 ---p 00000000 00:00 0 
7f8e40f6f000-7f8e410c3000 rw-p 00000000 00:00 0 
7f8e410c3000-7f8e415a6000 ---p 00000000 00:00 0 
7f8e415a6000-7f8e415fa000 rw-p 00000000 00:00 0 
7f8e415fa000-7f8e41adc000 ---p 00000000 00:00 0 
7f8e41adc000-7f8e41b27000 rw-p 00000000 00:00 0 
7f8e41b27000-7f8e41d78000 ---p 00000000 00:00 0 
7f8e41d78000-7f8e41d8a000 rw-p 00000000 00:00 0 
7f8e41d8a000-7f8e42139000 ---p 00000000 00:00 0 
7f8e42139000-7f8e42559000 rwxp 00000000 00:00 0 
7f8e42559000-7f8e51139000 ---p 00000000 00:00 0 
7f8e51139000-7f8e5113b000 r--p 00000000 08:03 50409929                   /usr/lib/x86_64-linux-gnu/libz.so.1.2.11
7f8e5113b000-7f8e5114c000 r-xp 00002000 08:03 50409929                   /usr/lib/x86_64-linux-gnu/libz.so.1.2.11
7f8e5114c000-7f8e51152000 r--p 00013000 08:03 50409929                   /usr/lib/x86_64-linux-gnu/libz.so.1.2.11
7f8e51152000-7f8e51153000 ---p 00019000 08:03 50409929                   /usr/lib/x86_64-linux-gnu/libz.so.1.2.11
7f8e51153000-7f8e51154000 r--p 00019000 08:03 50409929                   /usr/lib/x86_64-linux-gnu/libz.so.1.2.11
7f8e51154000-7f8e51155000 rw-p 0001a000 08:03 50409929                   /usr/lib/x86_64-linux-gnu/libz.so.1.2.11
7f8e51155000-7f8e51158000 r--p 00000000 08:03 18539515                   /usr/lib/jvm/java-8-openjdk-amd64/jre/lib/amd64/libzip.so
7f8e51158000-7f8e5115d000 r-xp 00003000 08:03 18539515                   /usr/lib/jvm/java-8-openjdk-amd64/jre/lib/amd64/libzip.so
7f8e5115d000-7f8e5115f000 r--p 00008000 08:03 18539515                   /usr/lib/jvm/java-8-openjdk-amd64/jre/lib/amd64/libzip.so
7f8e5115f000-7f8e51160000 r--p 00009000 08:03 18539515                   /usr/lib/jvm/java-8-openjdk-amd64/jre/lib/amd64/libzip.so
7f8e51160000-7f8e51161000 rw-p 0000a000 08:03 18539515                   /usr/lib/jvm/java-8-openjdk-amd64/jre/lib/amd64/libzip.so
7f8e51161000-7f8e51164000 r--p 00000000 08:03 51481870                   /usr/lib/x86_64-linux-gnu/libnss_files-2.31.so
7f8e51164000-7f8e5116b000 r-xp 00003000 08:03 51481870                   /usr/lib/x86_64-linux-gnu/libnss_files-2.31.so
7f8e5116b000-7f8e5116d000 r--p 0000a000 08:03 51481870                   /usr/lib/x86_64-linux-gnu/libnss_files-2.31.so
7f8e5116d000-7f8e5116e000 r--p 0000b000 08:03 51481870                   /usr/lib/x86_64-linux-gnu/libnss_files-2.31.so
7f8e5116e000-7f8e5116f000 rw-p 0000c000 08:03 51481870                   /usr/lib/x86_64-linux-gnu/libnss_files-2.31.so
7f8e5116f000-7f8e51175000 rw-p 00000000 00:00 0 
7f8e51175000-7f8e51176000 r--s 0000a000 08:03 67121736                   /usr/lib/jvm/java-8-openjdk-amd64/jre/lib/ext/jaccess.jar
7f8e51176000-7f8e51178000 r--s 00001000 08:03 67121734                   /usr/lib/jvm/java-8-openjdk-amd64/jre/lib/ext/dnsns.jar
7f8e51178000-7f8e5117e000 r--s 000d3000 08:03 335567580                  /usr/lib/jvm/java-8-openjdk-amd64/jre/lib/jfr.jar
7f8e5117e000-7f8e5118b000 r--p 00000000 08:03 18539496                   /usr/lib/jvm/java-8-openjdk-amd64/jre/lib/amd64/libjava.so
7f8e5118b000-7f8e511a3000 r-xp 0000d000 08:03 18539496                   /usr/lib/jvm/java-8-openjdk-amd64/jre/lib/amd64/libjava.so
7f8e511a3000-7f8e511aa000 r--p 00025000 08:03 18539496                   /usr/lib/jvm/java-8-openjdk-amd64/jre/lib/amd64/libjava.so
7f8e511aa000-7f8e511ab000 r--p 0002b000 08:03 18539496                   /usr/lib/jvm/java-8-openjdk-amd64/jre/lib/amd64/libjava.so
7f8e511ab000-7f8e511ad000 rw-p 0002c000 08:03 18539496                   /usr/lib/jvm/java-8-openjdk-amd64/jre/lib/amd64/libjava.so
7f8e511ad000-7f8e511b2000 r--p 00000000 08:03 18539514                   /usr/lib/jvm/java-8-openjdk-amd64/jre/lib/amd64/libverify.so
7f8e511b2000-7f8e511bb000 r-xp 00005000 08:03 18539514                   /usr/lib/jvm/java-8-openjdk-amd64/jre/lib/amd64/libverify.so
7f8e511bb000-7f8e511bd000 r--p 0000e000 08:03 18539514                   /usr/lib/jvm/java-8-openjdk-amd64/jre/lib/amd64/libverify.so
7f8e511bd000-7f8e511bf000 r--p 0000f000 08:03 18539514                   /usr/lib/jvm/java-8-openjdk-amd64/jre/lib/amd64/libverify.so
7f8e511bf000-7f8e511c0000 rw-p 00011000 08:03 18539514                   /usr/lib/jvm/java-8-openjdk-amd64/jre/lib/amd64/libverify.so
7f8e511c0000-7f8e519aa000 rw-p 00000000 00:00 0 
7f8e519aa000-7f8e519ab000 r--p 00000000 08:03 50765880                   /usr/lib/x86_64-linux-gnu/libdl-2.31.so
7f8e519ab000-7f8e519ad000 r-xp 00001000 08:03 50765880                   /usr/lib/x86_64-linux-gnu/libdl-2.31.so
7f8e519ad000-7f8e519ae000 r--p 00003000 08:03 50765880                   /usr/lib/x86_64-linux-gnu/libdl-2.31.so
7f8e519ae000-7f8e519af000 r--p 00003000 08:03 50765880                   /usr/lib/x86_64-linux-gnu/libdl-2.31.so
7f8e519af000-7f8e519b0000 rw-p 00004000 08:03 50765880                   /usr/lib/x86_64-linux-gnu/libdl-2.31.so
7f8e519b0000-7f8e519bf000 r--p 00000000 08:03 50765881                   /usr/lib/x86_64-linux-gnu/libm-2.31.so
7f8e519bf000-7f8e51a66000 r-xp 0000f000 08:03 50765881                   /usr/lib/x86_64-linux-gnu/libm-2.31.so
7f8e51a66000-7f8e51afd000 r--p 000b6000 08:03 50765881                   /usr/lib/x86_64-linux-gnu/libm-2.31.so
7f8e51afd000-7f8e51afe000 r--p 0014c000 08:03 50765881                   /usr/lib/x86_64-linux-gnu/libm-2.31.so
7f8e51afe000-7f8e51aff000 rw-p 0014d000 08:03 50765881                   /usr/lib/x86_64-linux-gnu/libm-2.31.so
7f8e51aff000-7f8e51b02000 r--p 00000000 08:03 51481877                   /usr/lib/x86_64-linux-gnu/librt-2.31.so
7f8e51b02000-7f8e51b06000 r-xp 00003000 08:03 51481877                   /usr/lib/x86_64-linux-gnu/librt-2.31.so
7f8e51b06000-7f8e51b07000 r--p 00007000 08:03 51481877                   /usr/lib/x86_64-linux-gnu/librt-2.31.so
7f8e51b07000-7f8e51b08000 ---p 00008000 08:03 51481877                   /usr/lib/x86_64-linux-gnu/librt-2.31.so
7f8e51b08000-7f8e51b09000 r--p 00008000 08:03 51481877                   /usr/lib/x86_64-linux-gnu/librt-2.31.so
7f8e51b09000-7f8e51b0a000 rw-p 00009000 08:03 51481877                   /usr/lib/x86_64-linux-gnu/librt-2.31.so
7f8e51b0a000-7f8e51b11000 r--p 00000000 08:03 51481875                   /usr/lib/x86_64-linux-gnu/libpthread-2.31.so
7f8e51b11000-7f8e51b22000 r-xp 00007000 08:03 51481875                   /usr/lib/x86_64-linux-gnu/libpthread-2.31.so
7f8e51b22000-7f8e51b27000 r--p 00018000 08:03 51481875                   /usr/lib/x86_64-linux-gnu/libpthread-2.31.so
7f8e51b27000-7f8e51b28000 r--p 0001c000 08:03 51481875                   /usr/lib/x86_64-linux-gnu/libpthread-2.31.so
7f8e51b28000-7f8e51b29000 rw-p 0001d000 08:03 51481875                   /usr/lib/x86_64-linux-gnu/libpthread-2.31.so
7f8e51b29000-7f8e51b2d000 rw-p 00000000 00:00 0 
7f8e51b2d000-7f8e51d22000 r--p 00000000 08:03 34428563                   /usr/lib/jvm/java-8-openjdk-amd64/jre/lib/amd64/server/libjvm.so
7f8e51d22000-7f8e5268a000 r-xp 001f5000 08:03 34428563                   /usr/lib/jvm/java-8-openjdk-amd64/jre/lib/amd64/server/libjvm.so
7f8e5268a000-7f8e5283b000 r--p 00b5d000 08:03 34428563                   /usr/lib/jvm/java-8-openjdk-amd64/jre/lib/amd64/server/libjvm.so
7f8e5283b000-7f8e5283c000 ---p 00d0e000 08:03 34428563                   /usr/lib/jvm/java-8-openjdk-amd64/jre/lib/amd64/server/libjvm.so
7f8e5283c000-7f8e528d2000 r--p 00d0e000 08:03 34428563                   /usr/lib/jvm/java-8-openjdk-amd64/jre/lib/amd64/server/libjvm.so
7f8e528d2000-7f8e528fb000 rw-p 00da4000 08:03 34428563                   /usr/lib/jvm/java-8-openjdk-amd64/jre/lib/amd64/server/libjvm.so
7f8e528fb000-7f8e52930000 rw-p 00000000 00:00 0 
7f8e52930000-7f8e52955000 r--p 00000000 08:03 50765305                   /usr/lib/x86_64-linux-gnu/libc-2.31.so
7f8e52955000-7f8e52acd000 r-xp 00025000 08:03 50765305                   /usr/lib/x86_64-linux-gnu/libc-2.31.so
7f8e52acd000-7f8e52b17000 r--p 0019d000 08:03 50765305                   /usr/lib/x86_64-linux-gnu/libc-2.31.so
7f8e52b17000-7f8e52b18000 ---p 001e7000 08:03 50765305                   /usr/lib/x86_64-linux-gnu/libc-2.31.so
7f8e52b18000-7f8e52b1b000 r--p 001e7000 08:03 50765305                   /usr/lib/x86_64-linux-gnu/libc-2.31.so
7f8e52b1b000-7f8e52b1e000 rw-p 001ea000 08:03 50765305                   /usr/lib/x86_64-linux-gnu/libc-2.31.so
7f8e52b1e000-7f8e52b22000 rw-p 00000000 00:00 0 
7f8e52b22000-7f8e52b25000 r--p 00000000 08:03 50765878                   /usr/lib/x86_64-linux-gnu/libgcc_s.so.1
7f8e52b25000-7f8e52b37000 r-xp 00003000 08:03 50765878                   /usr/lib/x86_64-linux-gnu/libgcc_s.so.1
7f8e52b37000-7f8e52b3b000 r--p 00015000 08:03 50765878                   /usr/lib/x86_64-linux-gnu/libgcc_s.so.1
7f8e52b3b000-7f8e52b3c000 r--p 00018000 08:03 50765878                   /usr/lib/x86_64-linux-gnu/libgcc_s.so.1
7f8e52b3c000-7f8e52b3d000 rw-p 00019000 08:03 50765878                   /usr/lib/x86_64-linux-gnu/libgcc_s.so.1
7f8e52b3d000-7f8e52bd3000 r--p 00000000 08:03 50764832                   /usr/lib/x86_64-linux-gnu/libstdc++.so.6.0.28
7f8e52bd3000-7f8e52cc3000 r-xp 00096000 08:03 50764832                   /usr/lib/x86_64-linux-gnu/libstdc++.so.6.0.28
7f8e52cc3000-7f8e52d0c000 r--p 00186000 08:03 50764832                   /usr/lib/x86_64-linux-gnu/libstdc++.so.6.0.28
7f8e52d0c000-7f8e52d0d000 ---p 001cf000 08:03 50764832                   /usr/lib/x86_64-linux-gnu/libstdc++.so.6.0.28
7f8e52d0d000-7f8e52d18000 r--p 001cf000 08:03 50764832                   /usr/lib/x86_64-linux-gnu/libstdc++.so.6.0.28
7f8e52d18000-7f8e52d1b000 rw-p 001da000 08:03 50764832                   /usr/lib/x86_64-linux-gnu/libstdc++.so.6.0.28
7f8e52d1b000-7f8e52d1e000 rw-p 00000000 00:00 0 
7f8e52d1e000-7f8e52d26000 rw-s 00000000 08:03 301992162                  /tmp/hsperfdata_root/16797
7f8e52d26000-7f8e52d27000 rw-p 00000000 00:00 0 
7f8e52d27000-7f8e52d62000 r--p 00000000 08:03 268460931                  /usr/local/mpich/lib/libmpi.so.12.1.1
7f8e52d62000-7f8e52ee6000 r-xp 0003b000 08:03 268460931                  /usr/local/mpich/lib/libmpi.so.12.1.1
7f8e52ee6000-7f8e52f6b000 r--p 001bf000 08:03 268460931                  /usr/local/mpich/lib/libmpi.so.12.1.1
7f8e52f6b000-7f8e52f6c000 ---p 00244000 08:03 268460931                  /usr/local/mpich/lib/libmpi.so.12.1.1
7f8e52f6c000-7f8e52f7a000 r--p 00244000 08:03 268460931                  /usr/local/mpich/lib/libmpi.so.12.1.1
7f8e52f7a000-7f8e52f7e000 rw-p 00252000 08:03 268460931                  /usr/local/mpich/lib/libmpi.so.12.1.1
7f8e52f7e000-7f8e52fb8000 rw-p 00000000 00:00 0 
7f8e52fb8000-7f8e52fc9000 r-xp 00000000 08:03 100685263                  /usr/local/hadoop/lib/native/libhdfs.so.0.0.0
7f8e52fc9000-7f8e531c8000 ---p 00011000 08:03 100685263                  /usr/local/hadoop/lib/native/libhdfs.so.0.0.0
7f8e531c8000-7f8e531c9000 r--p 00010000 08:03 100685263                  /usr/local/hadoop/lib/native/libhdfs.so.0.0.0
7f8e531c9000-7f8e531ca000 rw-p 00011000 08:03 100685263                  /usr/local/hadoop/lib/native/libhdfs.so.0.0.0
7f8e531ca000-7f8e531cc000 rw-p 00000000 00:00 0 
7f8e531cc000-7f8e531cd000 r--p 00000000 08:03 50765301                   /usr/lib/x86_64-linux-gnu/ld-2.31.so
7f8e531cd000-7f8e531f0000 r-xp 00001000 08:03 50765301                   /usr/lib/x86_64-linux-gnu/ld-2.31.so
7f8e531f0000-7f8e531f8000 r--p 00024000 08:03 50765301                   /usr/lib/x86_64-linux-gnu/ld-2.31.so
7f8e531f8000-7f8e531f9000 r--p 00000000 00:00 0 
7f8e531f9000-7f8e531fa000 r--p 0002c000 08:03 50765301                   /usr/lib/x86_64-linux-gnu/ld-2.31.so
7f8e531fa000-7f8e531fb000 rw-p 0002d000 08:03 50765301                   /usr/lib/x86_64-linux-gnu/ld-2.31.so
7f8e531fb000-7f8e531fc000 rw-p 00000000 00:00 0 
7fffb74c2000-7fffb74c5000 ---p 00000000 00:00 0 
7fffb74c5000-7fffb75c2000 rw-p 00000000 00:00 0                          [stack]
7fffb75cc000-7fffb75cf000 r--p 00000000 00:00 0                          [vvar]
7fffb75cf000-7fffb75d0000 r-xp 00000000 00:00 0                          [vdso]
ffffffffff600000-ffffffffff601000 --xp 00000000 00:00 0                  [vsyscall]

VM Arguments:
java_command: <unknown>
java_class_path (initial): /usr/local/hadoop/etc/hadoop:/usr/local/hadoop/share/hadoop/common/lib/activation-1.1.jar:/usr/local/hadoop/share/hadoop/common/lib/apacheds-i18n-2.0.0-M15.jar:/usr/local/hadoop/share/hadoop/common/lib/apacheds-kerberos-codec-2.0.0-M15.jar:/usr/local/hadoop/share/hadoop/common/lib/api-asn1-api-1.0.0-M20.jar:/usr/local/hadoop/share/hadoop/common/lib/api-util-1.0.0-M20.jar:/usr/local/hadoop/share/hadoop/common/lib/asm-3.2.jar:/usr/local/hadoop/share/hadoop/common/lib/audience-annotations-0.5.0.jar:/usr/local/hadoop/share/hadoop/common/lib/avro-1.7.7.jar:/usr/local/hadoop/share/hadoop/common/lib/commons-beanutils-1.9.4.jar:/usr/local/hadoop/share/hadoop/common/lib/commons-cli-1.2.jar:/usr/local/hadoop/share/hadoop/common/lib/commons-codec-1.4.jar:/usr/local/hadoop/share/hadoop/common/lib/commons-collections-3.2.2.jar:/usr/local/hadoop/share/hadoop/common/lib/commons-compress-1.19.jar:/usr/local/hadoop/share/hadoop/common/lib/commons-configuration-1.6.jar:/usr/local/hadoop/share/hadoop/common/lib/commons-digester-1.8.jar:/usr/local/hadoop/share/hadoop/common/lib/commons-io-2.4.jar:/usr/local/hadoop/share/hadoop/common/lib/commons-lang-2.6.jar:/usr/local/hadoop/share/hadoop/common/lib/commons-lang3-3.4.jar:/usr/local/hadoop/share/hadoop/common/lib/commons-logging-1.1.3.jar:/usr/local/hadoop/share/hadoop/common/lib/commons-math3-3.1.1.jar:/usr/local/hadoop/share/hadoop/common/lib/commons-net-3.1.jar:/usr/local/hadoop/share/hadoop/common/lib/curator-client-2.13.0.jar:/usr/local/hadoop/share/hadoop/common/lib/curator-framework-2.13.0.jar:/usr/local/hadoop/share/hadoop/common/lib/curator-recipes-2.13.0.jar:/usr/local/hadoop/share/hadoop/common/lib/gson-2.2.4.jar:/usr/local/hadoop/share/hadoop/common/lib/guava-11.0.2.jar:/usr/local/hadoop/share/hadoop/common/lib/hadoop-annotations-2.10.1.jar:/usr/local/hadoop/share/hadoop/common/lib/hadoop-auth-2.10.1.jar:/usr/local/hadoop/share/hadoop/common/lib/hamcrest-core-1.3.jar:/usr/local/hadoop/share/hadoo
Launcher Type: generic

Environment Variables:
JAVA_HOME=/usr/lib/jvm/java-8-openjdk-amd64
PATH=/root/.vscode-server/bin/054a9295330880ed74ceaedda236253b4f39a335/bin:/root/.vscode-server/bin/054a9295330880ed74ceaedda236253b4f39a335/bin:/usr/local/sbin:/usr/local/bin:/usr/sbin:/usr/bin:/sbin:/bin:/usr/games:/usr/local/games:/snap/bin:/usr/local/mpich/bin:/usr/local/hadoop/bin:/usr/local/hadoop/sbin:/usr/local/mpich/bin:/usr/local/hadoop/bin:/usr/local/hadoop/sbin
LD_LIBRARY_PATH=:/usr/lib/jvm/java-8-openjdk-amd64/jre/lib/amd64/server:/usr/local/hadoop/lib/native:/usr/lib/jvm/java-8-openjdk-amd64/jre/lib/amd64/server:/usr/local/hadoop/lib/native
SHELL=/bin/bash

Signal Handlers:
SIGSEGV: [libjvm.so+0xb365d0], sa_mask[0]=11111111011111111101111111111110, sa_flags=SA_RESTART|SA_SIGINFO
SIGBUS: [libjvm.so+0xb365d0], sa_mask[0]=11111111011111111101111111111110, sa_flags=SA_RESTART|SA_SIGINFO
SIGFPE: [libjvm.so+0x97b8c0], sa_mask[0]=11111111011111111101111111111110, sa_flags=SA_RESTART|SA_SIGINFO
SIGPIPE: [libjvm.so+0x97b8c0], sa_mask[0]=11111111011111111101111111111110, sa_flags=SA_RESTART|SA_SIGINFO
SIGXFSZ: [libjvm.so+0x97b8c0], sa_mask[0]=11111111011111111101111111111110, sa_flags=SA_RESTART|SA_SIGINFO
SIGILL: [libjvm.so+0x97b8c0], sa_mask[0]=11111111011111111101111111111110, sa_flags=SA_RESTART|SA_SIGINFO
SIGUSR1: [libmpi.so.12+0x150930], sa_mask[0]=00000000010000000000000000000000, sa_flags=SA_RESTART
SIGUSR2: [libjvm.so+0x97b770], sa_mask[0]=00000000000000000000000000000000, sa_flags=SA_RESTART|SA_SIGINFO
SIGHUP: [libjvm.so+0x97bb40], sa_mask[0]=11111111011111111101111111111110, sa_flags=SA_RESTART|SA_SIGINFO
SIGINT: [libjvm.so+0x97bb40], sa_mask[0]=11111111011111111101111111111110, sa_flags=SA_RESTART|SA_SIGINFO
SIGTERM: [libjvm.so+0x97bb40], sa_mask[0]=11111111011111111101111111111110, sa_flags=SA_RESTART|SA_SIGINFO
SIGQUIT: [libjvm.so+0x97bb40], sa_mask[0]=11111111011111111101111111111110, sa_flags=SA_RESTART|SA_SIGINFO


---------------  S Y S T E M  ---------------

OS:DISTRIB_ID=Ubuntu
DISTRIB_RELEASE=20.04
DISTRIB_CODENAME=focal
DISTRIB_DESCRIPTION="Ubuntu 20.04.1 LTS"

uname:Linux 5.4.0-74-generic #83-Ubuntu SMP Sat May 8 02:35:39 UTC 2021 x86_64
libc:glibc 2.31 NPTL 2.31 
rlimit: STACK 8192k, CORE 0k, NPROC 63705, NOFILE 1048576, AS infinity
load average:0.09 0.05 0.01

/proc/meminfo:
MemTotal:       16397984 kB
MemFree:        14182720 kB
MemAvailable:   14788704 kB
Buffers:           20092 kB
Cached:           810560 kB
SwapCached:            0 kB
Active:          1650868 kB
Inactive:         306384 kB
Active(anon):    1135644 kB
Inactive(anon):      160 kB
Active(file):     515224 kB
Inactive(file):   306224 kB
Unevictable:       18512 kB
Mlocked:           18512 kB
SwapTotal:       5242872 kB
SwapFree:        5242872 kB
Dirty:               320 kB
Writeback:             0 kB
AnonPages:       1145240 kB
Mapped:           154996 kB
Shmem:              1024 kB
KReclaimable:      76336 kB
Slab:             157340 kB
SReclaimable:      76336 kB
SUnreclaim:        81004 kB
KernelStack:        5020 kB
PageTables:         9040 kB
NFS_Unstable:          0 kB
Bounce:                0 kB
WritebackTmp:          0 kB
CommitLimit:    13441864 kB
Committed_AS:    2711420 kB
VmallocTotal:   34359738367 kB
VmallocUsed:       17048 kB
VmallocChunk:          0 kB
Percpu:             3552 kB
HardwareCorrupted:     0 kB
AnonHugePages:         0 kB
ShmemHugePages:        0 kB
ShmemPmdMapped:        0 kB
FileHugePages:         0 kB
FilePmdMapped:         0 kB
CmaTotal:              0 kB
CmaFree:               0 kB
HugePages_Total:       0
HugePages_Free:        0
HugePages_Rsvd:        0
HugePages_Surp:        0
Hugepagesize:       2048 kB
Hugetlb:               0 kB
DirectMap4k:      196464 kB
DirectMap2M:     3997696 kB
DirectMap1G:    14680064 kB

container (cgroup) information:
container_type: cgroupv1
cpu_cpuset_cpus: 0-3
cpu_memory_nodes: 0
active_processor_count: 4
cpu_quota: -1
cpu_period: 100000
cpu_shares: -1
memory_limit_in_bytes: -1
memory_and_swap_limit_in_bytes: -2
memory_soft_limit_in_bytes: -1
memory_usage_in_bytes: 914051072
memory_max_usage_in_bytes: 12789661696


CPU:total 4 (initial active 4) (1 cores per cpu, 1 threads per core) family 6 model 85 stepping 4, cmov, cx8, fxsr, mmx, sse, sse2, sse3, ssse3, sse4.1, sse4.2, popcnt, avx, avx2, aes, clmul, erms, rtm, 3dnowpref, lzcnt, tsc, bmi1, bmi2, adx

/proc/cpuinfo:
processor	: 0
vendor_id	: GenuineIntel
cpu family	: 6
model		: 85
model name	: Intel Xeon Processor (Skylake, IBRS)
stepping	: 4
microcode	: 0x1
cpu MHz		: 2893.202
cache size	: 16384 KB
physical id	: 0
siblings	: 1
core id		: 0
cpu cores	: 1
apicid		: 0
initial apicid	: 0
fpu		: yes
fpu_exception	: yes
cpuid level	: 13
wp		: yes
flags		: fpu vme de pse tsc msr pae mce cx8 apic sep mtrr pge mca cmov pat pse36 clflush mmx fxsr sse sse2 syscall nx pdpe1gb rdtscp lm constant_tsc rep_good nopl xtopology cpuid tsc_known_freq pni pclmulqdq ssse3 fma cx16 pcid sse4_1 sse4_2 x2apic movbe popcnt tsc_deadline_timer aes xsave avx f16c rdrand hypervisor lahf_lm abm 3dnowprefetch invpcid_single pti ibrs ibpb fsgsbase bmi1 hle avx2 smep bmi2 erms invpcid rtm mpx avx512f avx512dq rdseed adx smap clwb avx512cd avx512bw avx512vl xsaveopt xsavec xgetbv1 arat
bugs		: cpu_meltdown spectre_v1 spectre_v2 spec_store_bypass l1tf mds swapgs taa itlb_multihit
bogomips	: 5786.40
clflush size	: 64
cache_alignment	: 64
address sizes	: 46 bits physical, 48 bits virtual
power management:

processor	: 1
vendor_id	: GenuineIntel
cpu family	: 6
model		: 85
model name	: Intel Xeon Processor (Skylake, IBRS)
stepping	: 4
microcode	: 0x1
cpu MHz		: 2893.202
cache size	: 16384 KB
physical id	: 1
siblings	: 1
core id		: 0
cpu cores	: 1
apicid		: 1
initial apicid	: 1
fpu		: yes
fpu_exception	: yes
cpuid level	: 13
wp		: yes
flags		: fpu vme de pse tsc msr pae mce cx8 apic sep mtrr pge mca cmov pat pse36 clflush mmx fxsr sse sse2 syscall nx pdpe1gb rdtscp lm constant_tsc rep_good nopl xtopology cpuid tsc_known_freq pni pclmulqdq ssse3 fma cx16 pcid sse4_1 sse4_2 x2apic movbe popcnt tsc_deadline_timer aes xsave avx f16c rdrand hypervisor lahf_lm abm 3dnowprefetch invpcid_single pti ibrs ibpb fsgsbase bmi1 hle avx2 smep bmi2 erms invpcid rtm mpx avx512f avx512dq rdseed adx smap clwb avx512cd avx512bw avx512vl xsaveopt xsavec xgetbv1 arat
bugs		: cpu_meltdown spectre_v1 spectre_v2 spec_store_bypass l1tf mds swapgs taa itlb_multihit
bogomips	: 5786.40
clflush size	: 64
cache_alignment	: 64
address sizes	: 46 bits physical, 48 bits virtual
power management:

processor	: 2
vendor_id	: GenuineIntel
cpu family	: 6
model		: 85
model name	: Intel Xeon Processor (Skylake, IBRS)
stepping	: 4
microcode	: 0x1
cpu MHz		: 2893.202
cache size	: 16384 KB
physical id	: 2
siblings	: 1
core id		: 0
cpu cores	: 1
apicid		: 2
initial apicid	: 2
fpu		: yes
fpu_exception	: yes
cpuid level	: 13
wp		: yes
flags		: fpu vme de pse tsc msr pae mce cx8 apic sep mtrr pge mca cmov pat pse36 clflush mmx fxsr sse sse2 syscall nx pdpe1gb rdtscp lm constant_tsc rep_good nopl xtopology cpuid tsc_known_freq pni pclmulqdq ssse3 fma cx16 pcid sse4_1 sse4_2 x2apic movbe popcnt tsc_deadline_timer aes xsave avx f16c rdrand hypervisor lahf_lm abm 3dnowprefetch invpcid_single pti ibrs ibpb fsgsbase bmi1 hle avx2 smep bmi2 erms invpcid rtm mpx avx512f avx512dq rdseed adx smap clwb avx512cd avx512bw avx512vl xsaveopt xsavec xgetbv1 arat
bugs		: cpu_meltdown spectre_v1 spectre_v2 spec_store_bypass l1tf mds swapgs taa itlb_multihit
bogomips	: 5786.40
clflush size	: 64
cache_alignment	: 64
address sizes	: 46 bits physical, 48 bits virtual
power management:

processor	: 3
vendor_id	: GenuineIntel
cpu family	: 6
model		: 85
model name	: Intel Xeon Processor (Skylake, IBRS)
stepping	: 4
microcode	: 0x1
cpu MHz		: 2893.202
cache size	: 16384 KB
physical id	: 3
siblings	: 1
core id		: 0
cpu cores	: 1
apicid		: 3
initial apicid	: 3
fpu		: yes
fpu_exception	: yes
cpuid level	: 13
wp		: yes
flags		: fpu vme de pse tsc msr pae mce cx8 apic sep mtrr pge mca cmov pat pse36 clflush mmx fxsr sse sse2 syscall nx pdpe1gb rdtscp lm constant_tsc rep_good nopl xtopology cpuid tsc_known_freq pni pclmulqdq ssse3 fma cx16 pcid sse4_1 sse4_2 x2apic movbe popcnt tsc_deadline_timer aes xsave avx f16c rdrand hypervisor lahf_lm abm 3dnowprefetch invpcid_single pti ibrs ibpb fsgsbase bmi1 hle avx2 smep bmi2 erms invpcid rtm mpx avx512f avx512dq rdseed adx smap clwb avx512cd avx512bw avx512vl xsaveopt xsavec xgetbv1 arat
bugs		: cpu_meltdown spectre_v1 spectre_v2 spec_store_bypass l1tf mds swapgs taa itlb_multihit
bogomips	: 5786.40
clflush size	: 64
cache_alignment	: 64
address sizes	: 46 bits physical, 48 bits virtual
power management:



Memory: 4k page, physical 16397984k(14182720k free), swap 5242872k(5242872k free)

vm_info: OpenJDK 64-Bit Server VM (25.292-b10) for linux-amd64 JRE (1.8.0_292-8u292-b10-0ubuntu1~20.04-b10), built on Apr 21 2021 11:46:09 by "buildd" with gcc 9.3.0

time: Wed Jun  9 18:52:03 2021
timezone: CST
elapsed time: 1.146120 seconds (0d 0h 0m 1s)

