#
# A fatal error has been detected by the Java Runtime Environment:
#
#  SIGSEGV (0xb) at pc=0x0000000000415c93, pid=81290, tid=0x00007f1f3a4f7740
#
# JRE version: OpenJDK Runtime Environment (8.0_275-b01) (build 1.8.0_275-8u275-b01-0ubuntu1~16.04-b01)
# Java VM: OpenJDK 64-Bit Server VM (25.275-b01 mixed mode linux-amd64 compressed oops)
# Problematic frame:
# C  [run+0x15c93]
#
# Core dump written. Default location: /root/subgraph-isomorphism-pregel/src/core or core.81290
#
# If you would like to submit a bug report, please visit:
#   http://bugreport.java.com/bugreport/crash.jsp
# The crash happened outside the Java Virtual Machine in native code.
# See problematic frame for where to report the bug.
#

---------------  T H R E A D  ---------------

Current thread (0x0000000002739000):  JavaThread "main" [_thread_in_native, id=81290, stack(0x00007ffe21eea000,0x00007ffe21fea000)]

siginfo: si_signo: 11 (SIGSEGV), si_code: 128 (SI_KERNEL), si_addr: 0x0000000000000000

Registers:
RAX=0x11000c290007000c, RBX=0x0000000000000000, RCX=0x000000000582c2a0, RDX=0x00007ffe21fe3160
RSP=0x00007ffe21fe3010, RBP=0x00007ffe21fe34f0, RSI=0x0000000005822120, RDI=0x000000000582c318
R8 =0x00007f1f379688c0, R9 =0x00000000057b97c0, R10=0x0000000000000001, R11=0x000000000f9e8da6
R12=0x0000000002722780, R13=0x0000000002722730, R14=0x6db6db6db6db6db7, R15=0x0000000000000000
RIP=0x0000000000415c93, EFLAGS=0x0000000000010246, CSGSFS=0x0000000000000033, ERR=0x0000000000000000
  TRAPNO=0x000000000000000d

Top of Stack: (sp=0x00007ffe21fe3010)
0x00007ffe21fe3010:   3fc40c8400000000 3fabd87800000000
0x00007ffe21fe3020:   3fee1c9900000000 000000000009f13f
0x00007ffe21fe3030:   0000000000000000 0000000000000000
0x00007ffe21fe3040:   000000005fbb4be4 00007ffe21fe3160
0x00007ffe21fe3050:   41d7eed2f929b396 3eb0000000000000
0x00007ffe21fe3060:   3eb4000000000000 0000000000000000
0x00007ffe21fe3070:   00007ffe21fe3550 00007ffe21fe3290
0x00007ffe21fe3080:   aaaaaaaaaaaaaaab 3ee1000000000000
0x00007ffe21fe3090:   0000000000000000 0000000000000000
0x00007ffe21fe30a0:   0000000f0000000f 0000000000000000
0x00007ffe21fe30b0:   0000000f0000000f 0000000000000000
0x00007ffe21fe30c0:   0000000000000000 0000000000000000
0x00007ffe21fe30d0:   0000000000000000 0000000000000000
0x00007ffe21fe30e0:   0000000000000000 0000000000000000
0x00007ffe21fe30f0:   0000000000000000 0000000000000000
0x00007ffe21fe3100:   0000000000000018 00007ffe21fe3380
0x00007ffe21fe3110:   0000000002720bc0 00007f1f393aaa3c
0x00007ffe21fe3120:   0000000000000000 0000000000000000
0x00007ffe21fe3130:   0000000000000000 0000000002720bc0
0x00007ffe21fe3140:   0000000000000000 0000000000000000
0x00007ffe21fe3150:   0000000000000000 0000000002720bc0
0x00007ffe21fe3160:   0000000000432170 00000000057b97c0
0x00007ffe21fe3170:   00000000057b9808 00000000057b9808
0x00007ffe21fe3180:   000000005fbb4be4 000000000009f142
0x00007ffe21fe3190:   00000000057cba58 0000000000000000
0x00007ffe21fe31a0:   ffff800100000000 0000000000000000
0x00007ffe21fe31b0:   00000000004320e8 0000003000000002
0x00007ffe21fe31c0:   0000000002725cd0 00000000027262d8
0x00007ffe21fe31d0:   00000000027262d8 0000000000000005
0x00007ffe21fe31e0:   0000000005837820 0000000005837aa0
0x00007ffe21fe31f0:   0000000005837c20 0000000000000005
0x00007ffe21fe3200:   0000000000000000 0000000000000004 

Instructions: (pc=0x0000000000415c93)
0x0000000000415c73:   48 85 c0 0f 85 ec 00 00 00 e9 3d 01 00 00 0f 1f
0x0000000000415c83:   80 00 00 00 00 48 8b 86 d0 00 00 00 4c 8b 4a 08
0x0000000000415c93:   48 8b 50 08 48 2b 10 4d 8b 01 48 c1 fa 03 48 85
0x0000000000415ca3:   d2 0f 88 f6 00 00 00 66 0f ef c0 f2 48 0f 2a c2 

Register to memory mapping:

RAX=0x11000c290007000c is an unknown value
RBX=0x0000000000000000 is an unknown value
RCX=0x000000000582c2a0 is an unknown value
RDX=0x00007ffe21fe3160 is pointing into the stack for thread: 0x0000000002739000
RSP=0x00007ffe21fe3010 is pointing into the stack for thread: 0x0000000002739000
RBP=0x00007ffe21fe34f0 is pointing into the stack for thread: 0x0000000002739000
RSI=0x0000000005822120 is an unknown value
RDI=0x000000000582c318 is an unknown value
R8 =0x00007f1f379688c0: <offset 0x2f8c0> in /usr/lib/libopen-pal.so.13 at 0x00007f1f37939000
R9 =0x00000000057b97c0 is an unknown value
R10=0x0000000000000001 is an unknown value
R11=0x000000000f9e8da6 is an unknown value
R12=0x0000000002722780 is an unknown value
R13=0x0000000002722730 is an unknown value
R14=0x6db6db6db6db6db7 is an unknown value
R15=0x0000000000000000 is an unknown value


Stack: [0x00007ffe21eea000,0x00007ffe21fea000],  sp=0x00007ffe21fe3010,  free space=996k
Native frames: (J=compiled Java code, j=interpreted, Vv=VM code, C=native code)
C  [run+0x15c93]
C  [run+0xa25d]


---------------  P R O C E S S  ---------------

Java Threads: ( => current thread )
  0x0000000005835000 JavaThread "org.apache.hadoop.hdfs.PeerCache@7582ff54" daemon [_thread_blocked, id=81324, stack(0x00007f1f085b3000,0x00007f1f086b4000)]
  0x000000000574a000 JavaThread "client DomainSocketWatcher" daemon [_thread_in_native, id=81316, stack(0x00007f1f08ab6000,0x00007f1f08bb7000)]
  0x000000000558c800 JavaThread "org.apache.hadoop.fs.FileSystem$Statistics$StatisticsDataReferenceCleaner" daemon [_thread_blocked, id=81315, stack(0x00007f1f09618000,0x00007f1f09719000)]
  0x0000000005518000 JavaThread "process reaper" daemon [_thread_blocked, id=81313, stack(0x00007f1f09719000,0x00007f1f09752000)]
  0x0000000004bad000 JavaThread "Service Thread" daemon [_thread_blocked, id=81310, stack(0x00007f1f0a261000,0x00007f1f0a362000)]
  0x0000000004b9f800 JavaThread "C1 CompilerThread3" daemon [_thread_blocked, id=81309, stack(0x00007f1f0a362000,0x00007f1f0a463000)]
  0x0000000004b9e000 JavaThread "C2 CompilerThread2" daemon [_thread_blocked, id=81308, stack(0x00007f1f0a463000,0x00007f1f0a564000)]
  0x0000000004b9c000 JavaThread "C2 CompilerThread1" daemon [_thread_in_native, id=81307, stack(0x00007f1f0a564000,0x00007f1f0a665000)]
  0x0000000004b99000 JavaThread "C2 CompilerThread0" daemon [_thread_blocked, id=81306, stack(0x00007f1f0a665000,0x00007f1f0a766000)]
  0x0000000004b96000 JavaThread "Signal Dispatcher" daemon [_thread_blocked, id=81305, stack(0x00007f1f0a766000,0x00007f1f0a867000)]
  0x0000000004b66000 JavaThread "Finalizer" daemon [_thread_blocked, id=81304, stack(0x00007f1f0ad70000,0x00007f1f0ae71000)]
  0x0000000004b61800 JavaThread "Reference Handler" daemon [_thread_blocked, id=81303, stack(0x00007f1f0ae71000,0x00007f1f0af72000)]
=>0x0000000002739000 JavaThread "main" [_thread_in_native, id=81290, stack(0x00007ffe21eea000,0x00007ffe21fea000)]

Other Threads:
  0x0000000004b57800 VMThread [stack: 0x00007f1f0af72000,0x00007f1f0b073000] [id=81302]
  0x0000000004baf800 WatcherThread [stack: 0x00007f1f0a160000,0x00007f1f0a261000] [id=81311]

VM state:not at safepoint (normal execution)

VM Mutex/Monitor currently owned by a thread: None

heap address: 0x00000005ce600000, size: 7962 MB, Compressed Oops mode: Zero based, Oop shift amount: 3
Narrow klass base: 0x0000000000000000, Narrow klass shift: 3
Compressed class space size: 1073741824 Address: 0x00000007c0000000

Heap:
 PSYoungGen      total 148992K, used 49346K [0x000000071a200000, 0x000000072c500000, 0x00000007c0000000)
  eden space 128000K, 27% used [0x000000071a200000,0x000000071c450e40,0x0000000721f00000)
  from space 20992K, 67% used [0x0000000721f00000,0x0000000722cdfaf0,0x0000000723380000)
  to   space 20992K, 0% used [0x000000072b080000,0x000000072b080000,0x000000072c500000)
 ParOldGen       total 339968K, used 16K [0x00000005ce600000, 0x00000005e3200000, 0x000000071a200000)
  object space 339968K, 0% used [0x00000005ce600000,0x00000005ce604030,0x00000005e3200000)
 Metaspace       used 20493K, capacity 20700K, committed 20864K, reserved 1067008K
  class space    used 2347K, capacity 2408K, committed 2432K, reserved 1048576K

Card table byte_map: [0x00007f1f1965e000,0x00007f1f1a5ec000] byte_map_base: 0x00007f1f167eb000

Marking Bits: (ParMarkBitMap*) 0x00007f1f39275860
 Begin Bits: [0x00007f1ecc730000, 0x00007f1ed4398000)
 End Bits:   [0x00007f1ed4398000, 0x00007f1edc000000)

Polling page: 0x00007f1f3a526000

CodeCache: size=245760Kb used=4281Kb max_used=4295Kb free=241478Kb
 bounds [0x00007f1f1a9ac000, 0x00007f1f1adec000, 0x00007f1f299ac000]
 total_blobs=1435 nmethods=1014 adapters=335
 compilation: enabled

Compilation events (10 events):
Event: 1.007 Thread 0x0000000004b9f800 nmethod 1011 0x00007f1f1add99d0 code [0x00007f1f1add9b40, 0x00007f1f1add9e48]
Event: 1.007 Thread 0x0000000004b9f800 1014       3       com.google.protobuf.LiteralByteString::size (6 bytes)
Event: 1.007 Thread 0x0000000004b9f800 nmethod 1014 0x00007f1f1add9650 code [0x00007f1f1add97c0, 0x00007f1f1add9930]
Event: 1.007 Thread 0x0000000004b9f800 1012       3       com.google.protobuf.CodedInputStream::readTag (41 bytes)
Event: 1.008 Thread 0x0000000004b9f800 nmethod 1012 0x00007f1f1addba90 code [0x00007f1f1addbc40, 0x00007f1f1addc128]
Event: 1.008 Thread 0x0000000004b9f800 1013       3       com.google.protobuf.CodedInputStream::isAtEnd (25 bytes)
Event: 1.008 Thread 0x0000000004b9f800 nmethod 1013 0x00007f1f1add9210 code [0x00007f1f1add9380, 0x00007f1f1add95a8]
Event: 1.008 Thread 0x0000000004b9f800 1015       1       java.net.InetAddress::holder (5 bytes)
Event: 1.008 Thread 0x0000000004b9f800 nmethod 1015 0x00007f1f1add8f50 code [0x00007f1f1add90a0, 0x00007f1f1add91b0]
Event: 1.008 Thread 0x0000000004b99000 nmethod 1004% 0x00007f1f1ade03d0 code [0x00007f1f1ade05e0, 0x00007f1f1ade1100]

GC Heap History (2 events):
Event: 0.727 GC heap before
{Heap before GC invocations=1 (full 0):
 PSYoungGen      total 148992K, used 128000K [0x000000071a200000, 0x0000000724800000, 0x00000007c0000000)
  eden space 128000K, 100% used [0x000000071a200000,0x0000000721f00000,0x0000000721f00000)
  from space 20992K, 0% used [0x0000000723380000,0x0000000723380000,0x0000000724800000)
  to   space 20992K, 0% used [0x0000000721f00000,0x0000000721f00000,0x0000000723380000)
 ParOldGen       total 339968K, used 0K [0x00000005ce600000, 0x00000005e3200000, 0x000000071a200000)
  object space 339968K, 0% used [0x00000005ce600000,0x00000005ce600030,0x00000005e3200000)
 Metaspace       used 18401K, capacity 18620K, committed 18944K, reserved 1067008K
  class space    used 2139K, capacity 2184K, committed 2304K, reserved 1048576K
Event: 0.739 GC heap after
Heap after GC invocations=1 (full 0):
 PSYoungGen      total 148992K, used 14206K [0x000000071a200000, 0x000000072c500000, 0x00000007c0000000)
  eden space 128000K, 0% used [0x000000071a200000,0x000000071a200000,0x0000000721f00000)
  from space 20992K, 67% used [0x0000000721f00000,0x0000000722cdfaf0,0x0000000723380000)
  to   space 20992K, 0% used [0x000000072b080000,0x000000072b080000,0x000000072c500000)
 ParOldGen       total 339968K, used 16K [0x00000005ce600000, 0x00000005e3200000, 0x000000071a200000)
  object space 339968K, 0% used [0x00000005ce600000,0x00000005ce604030,0x00000005e3200000)
 Metaspace       used 18401K, capacity 18620K, committed 18944K, reserved 1067008K
  class space    used 2139K, capacity 2184K, committed 2304K, reserved 1048576K
}

Deoptimization events (10 events):
Event: 0.723 Thread 0x0000000002739000 Uncommon trap: reason=class_check action=maybe_recompile pc=0x00007f1f1ad1f2c4 method=java.io.DataOutputStream.write(I)V @ 5
Event: 0.723 Thread 0x0000000002739000 Uncommon trap: reason=class_check action=maybe_recompile pc=0x00007f1f1ad1f2c4 method=java.io.DataOutputStream.write(I)V @ 5
Event: 0.815 Thread 0x0000000002739000 Uncommon trap: reason=class_check action=maybe_recompile pc=0x00007f1f1ad1f2c4 method=java.io.DataOutputStream.write(I)V @ 5
Event: 0.838 Thread 0x0000000002739000 Uncommon trap: reason=predicate action=maybe_recompile pc=0x00007f1f1ad8050c method=java.util.LinkedList.toArray([Ljava/lang/Object;)[Ljava/lang/Object; @ 45
Event: 0.844 Thread 0x0000000002739000 Uncommon trap: reason=array_check action=maybe_recompile pc=0x00007f1f1ad7f858 method=java.util.LinkedList.toArray([Ljava/lang/Object;)[Ljava/lang/Object; @ 55
Event: 0.844 Thread 0x0000000002739000 Uncommon trap: reason=array_check action=maybe_recompile pc=0x00007f1f1ad7f858 method=java.util.LinkedList.toArray([Ljava/lang/Object;)[Ljava/lang/Object; @ 55
Event: 0.844 Thread 0x0000000002739000 Uncommon trap: reason=array_check action=maybe_recompile pc=0x00007f1f1ad7f858 method=java.util.LinkedList.toArray([Ljava/lang/Object;)[Ljava/lang/Object; @ 55
Event: 0.844 Thread 0x0000000002739000 Uncommon trap: reason=array_check action=maybe_recompile pc=0x00007f1f1ad7f858 method=java.util.LinkedList.toArray([Ljava/lang/Object;)[Ljava/lang/Object; @ 55
Event: 0.917 Thread 0x0000000002739000 Uncommon trap: reason=bimorphic action=maybe_recompile pc=0x00007f1f1ad18c60 method=java.io.DataOutputStream.writeShort(I)V @ 12
Event: 1.007 Thread 0x0000000002739000 Uncommon trap: reason=bimorphic action=maybe_recompile pc=0x00007f1f1ad18c60 method=java.io.DataOutputStream.writeShort(I)V @ 12

Classes redefined (0 events):
No events

Internal exceptions (10 events):
Event: 0.400 Thread 0x0000000002739000 Exception <a 'java/lang/NoSuchFieldError': method resolution failed> (0x000000071cdacc50) thrown at [/build/openjdk-8-tHGPRh/openjdk-8-8u275-b01/src/hotspot/src/share/vm/prims/methodHandles.cpp, line 1169]
Event: 0.434 Thread 0x0000000002739000 Exception <a 'java/io/FileNotFoundException'> (0x000000071cf146f8) thrown at [/build/openjdk-8-tHGPRh/openjdk-8-8u275-b01/src/hotspot/src/share/vm/prims/jni.cpp, line 711]
Event: 0.434 Thread 0x0000000002739000 Exception <a 'java/security/PrivilegedActionException'> (0x000000071cf14ab8) thrown at [/build/openjdk-8-tHGPRh/openjdk-8-8u275-b01/src/hotspot/src/share/vm/prims/jvm.cpp, line 1523]
Event: 0.434 Thread 0x0000000002739000 Exception <a 'java/lang/reflect/InvocationTargetException'> (0x000000071d196c80) thrown at [/build/openjdk-8-tHGPRh/openjdk-8-8u275-b01/src/hotspot/src/share/vm/runtime/reflection.cpp, line 1092]
Event: 0.774 Thread 0x0000000005786000 Exception <a 'java/lang/InterruptedException'> (0x000000071a524640) thrown at [/build/openjdk-8-tHGPRh/openjdk-8-8u275-b01/src/hotspot/src/share/vm/runtime/objectMonitor.cpp, line 1692]
Event: 0.818 Thread 0x0000000005783000 Exception <a 'java/lang/InterruptedException'> (0x000000071ab56e10) thrown at [/build/openjdk-8-tHGPRh/openjdk-8-8u275-b01/src/hotspot/src/share/vm/runtime/objectMonitor.cpp, line 1692]
Event: 0.930 Thread 0x00000000057ca800 Exception <a 'java/lang/InterruptedException'> (0x000000071af63030) thrown at [/build/openjdk-8-tHGPRh/openjdk-8-8u275-b01/src/hotspot/src/share/vm/runtime/objectMonitor.cpp, line 1692]
Event: 0.955 Thread 0x0000000005826000 Exception <a 'java/lang/InterruptedException'> (0x000000071bceeef0) thrown at [/build/openjdk-8-tHGPRh/openjdk-8-8u275-b01/src/hotspot/src/share/vm/runtime/objectMonitor.cpp, line 1692]
Event: 0.979 Thread 0x0000000005826000 Exception <a 'java/lang/InterruptedException'> (0x000000071be9aa70) thrown at [/build/openjdk-8-tHGPRh/openjdk-8-8u275-b01/src/hotspot/src/share/vm/runtime/objectMonitor.cpp, line 1692]
Event: 1.009 Thread 0x0000000005826000 Exception <a 'java/lang/InterruptedException'> (0x000000071c2a6938) thrown at [/build/openjdk-8-tHGPRh/openjdk-8-8u275-b01/src/hotspot/src/share/vm/runtime/objectMonitor.cpp, line 1692]

Events (10 events):
Event: 0.978 Thread 0x00000000057ca800 Thread added: 0x00000000057ca800
Event: 0.979 Thread 0x0000000005826000 Thread exited: 0x0000000005826000
Event: 0.990 Thread 0x00000000057ca800 Thread exited: 0x00000000057ca800
Event: 1.005 Thread 0x0000000005826000 Thread added: 0x0000000005826000
Event: 1.005 Thread 0x00000000057ca800 Thread added: 0x00000000057ca800
Event: 1.007 Thread 0x0000000002739000 Uncommon trap: trap_request=0xffffffc6 fr.pc=0x00007f1f1ad18c60
Event: 1.007 Thread 0x0000000002739000 DEOPT PACKING pc=0x00007f1f1ad18c60 sp=0x00007ffe21fd2180
Event: 1.007 Thread 0x0000000002739000 DEOPT UNPACKING pc=0x00007f1f1a9f147a sp=0x00007ffe21fd2190 mode 2
Event: 1.009 Thread 0x0000000005826000 Thread exited: 0x0000000005826000
Event: 1.020 Thread 0x00000000057ca800 Thread exited: 0x00000000057ca800


Dynamic libraries:
00400000-0043a000 r-xp 00000000 103:03 12198536                          /root/subgraph-isomorphism-pregel/src/run
0063a000-0063b000 r--p 0003a000 103:03 12198536                          /root/subgraph-isomorphism-pregel/src/run
0063b000-0063c000 rw-p 0003b000 103:03 12198536                          /root/subgraph-isomorphism-pregel/src/run
0063c000-0063e000 rw-p 00000000 00:00 0 
023dd000-05861000 rw-p 00000000 00:00 0                                  [heap]
5ce600000-5e3200000 rw-p 00000000 00:00 0 
5e3200000-71a200000 ---p 00000000 00:00 0 
71a200000-72c500000 rw-p 00000000 00:00 0 
72c500000-7c0000000 ---p 00000000 00:00 0 
7c0000000-7c0260000 rw-p 00000000 00:00 0 
7c0260000-800000000 ---p 00000000 00:00 0 
7f1e90000000-7f1e90021000 rw-p 00000000 00:00 0 
7f1e90021000-7f1e94000000 ---p 00000000 00:00 0 
7f1e94000000-7f1e94021000 rw-p 00000000 00:00 0 
7f1e94021000-7f1e98000000 ---p 00000000 00:00 0 
7f1e98000000-7f1e98021000 rw-p 00000000 00:00 0 
7f1e98021000-7f1e9c000000 ---p 00000000 00:00 0 
7f1e9c000000-7f1e9c026000 rw-p 00000000 00:00 0 
7f1e9c026000-7f1ea0000000 ---p 00000000 00:00 0 
7f1ea0000000-7f1ea0021000 rw-p 00000000 00:00 0 
7f1ea0021000-7f1ea4000000 ---p 00000000 00:00 0 
7f1ea4000000-7f1ea4021000 rw-p 00000000 00:00 0 
7f1ea4021000-7f1ea8000000 ---p 00000000 00:00 0 
7f1ea8000000-7f1ea8021000 rw-p 00000000 00:00 0 
7f1ea8021000-7f1eac000000 ---p 00000000 00:00 0 
7f1eac000000-7f1eac021000 rw-p 00000000 00:00 0 
7f1eac021000-7f1eb0000000 ---p 00000000 00:00 0 
7f1eb0000000-7f1eb017d000 rw-p 00000000 00:00 0 
7f1eb017d000-7f1eb4000000 ---p 00000000 00:00 0 
7f1eb4000000-7f1eb42dc000 rw-p 00000000 00:00 0 
7f1eb42dc000-7f1eb8000000 ---p 00000000 00:00 0 
7f1eb8000000-7f1eb83e2000 rw-p 00000000 00:00 0 
7f1eb83e2000-7f1ebc000000 ---p 00000000 00:00 0 
7f1ebc000000-7f1ebc6cc000 rw-p 00000000 00:00 0 
7f1ebc6cc000-7f1ec0000000 ---p 00000000 00:00 0 
7f1ec0000000-7f1ec0021000 rw-p 00000000 00:00 0 
7f1ec0021000-7f1ec4000000 ---p 00000000 00:00 0 
7f1ec4000000-7f1ec4021000 rw-p 00000000 00:00 0 
7f1ec4021000-7f1ec8000000 ---p 00000000 00:00 0 
7f1ec8000000-7f1ec8021000 rw-p 00000000 00:00 0 
7f1ec8021000-7f1ecc000000 ---p 00000000 00:00 0 
7f1ecc730000-7f1edc000000 rw-p 00000000 00:00 0 
7f1edc000000-7f1edc021000 rw-p 00000000 00:00 0 
7f1edc021000-7f1ee0000000 ---p 00000000 00:00 0 
7f1ee0000000-7f1ee0021000 rw-p 00000000 00:00 0 
7f1ee0021000-7f1ee4000000 ---p 00000000 00:00 0 
7f1ee4000000-7f1ee4021000 rw-p 00000000 00:00 0 
7f1ee4021000-7f1ee8000000 ---p 00000000 00:00 0 
7f1ee8000000-7f1ee8021000 rw-p 00000000 00:00 0 
7f1ee8021000-7f1eec000000 ---p 00000000 00:00 0 
7f1eec000000-7f1eec021000 rw-p 00000000 00:00 0 
7f1eec021000-7f1ef0000000 ---p 00000000 00:00 0 
7f1ef4000000-7f1ef4021000 rw-p 00000000 00:00 0 
7f1ef4021000-7f1ef8000000 ---p 00000000 00:00 0 
7f1efc000000-7f1efc021000 rw-p 00000000 00:00 0 
7f1efc021000-7f1f00000000 ---p 00000000 00:00 0 
7f1f04000000-7f1f04021000 rw-p 00000000 00:00 0 
7f1f04021000-7f1f08000000 ---p 00000000 00:00 0 
7f1f085b3000-7f1f085b6000 ---p 00000000 00:00 0 
7f1f085b6000-7f1f086b4000 rw-p 00000000 00:00 0 
7f1f086b4000-7f1f086b7000 ---p 00000000 00:00 0 
7f1f086b7000-7f1f087b5000 rw-p 00000000 00:00 0 
7f1f087b5000-7f1f087b8000 ---p 00000000 00:00 0 
7f1f087b8000-7f1f08ab6000 rw-p 00000000 00:00 0 
7f1f08ab6000-7f1f08ab9000 ---p 00000000 00:00 0 
7f1f08ab9000-7f1f08db7000 rw-p 00000000 00:00 0 
7f1f08db7000-7f1f08fb7000 rw-p 00000000 00:00 0 
7f1f08fb7000-7f1f08fb9000 r--s 00016000 103:03 11800555                  /usr/lib/jvm/java-8-openjdk-amd64/jre/lib/jce.jar
7f1f08fb9000-7f1f08fca000 r--s 001bc000 103:03 11800613                  /usr/lib/jvm/java-8-openjdk-amd64/jre/lib/jsse.jar
7f1f08fca000-7f1f08fcb000 r-xp 00000000 103:03 11800610                  /usr/lib/jvm/java-8-openjdk-amd64/jre/lib/amd64/libjaas_unix.so
7f1f08fcb000-7f1f091ca000 ---p 00001000 103:03 11800610                  /usr/lib/jvm/java-8-openjdk-amd64/jre/lib/amd64/libjaas_unix.so
7f1f091ca000-7f1f091cb000 r--p 00000000 103:03 11800610                  /usr/lib/jvm/java-8-openjdk-amd64/jre/lib/amd64/libjaas_unix.so
7f1f091cb000-7f1f091cc000 rw-p 00001000 103:03 11800610                  /usr/lib/jvm/java-8-openjdk-amd64/jre/lib/amd64/libjaas_unix.so
7f1f091cc000-7f1f093cc000 rw-p 00000000 00:00 0 
7f1f093cc000-7f1f093ef000 r-xp 00000000 103:03 11927640                  /usr/local/hadoop-2.10.1/lib/native/libhadoop.so.1.0.0
7f1f093ef000-7f1f095ee000 ---p 00023000 103:03 11927640                  /usr/local/hadoop-2.10.1/lib/native/libhadoop.so.1.0.0
7f1f095ee000-7f1f095ef000 r--p 00022000 103:03 11927640                  /usr/local/hadoop-2.10.1/lib/native/libhadoop.so.1.0.0
7f1f095ef000-7f1f095f0000 rw-p 00023000 103:03 11927640                  /usr/local/hadoop-2.10.1/lib/native/libhadoop.so.1.0.0
7f1f095f0000-7f1f095f7000 r--s 00000000 103:03 9572876                   /usr/lib/x86_64-linux-gnu/gconv/gconv-modules.cache
7f1f095f7000-7f1f09618000 r--p 00000000 103:03 27134171                  /usr/share/locale-langpack/zh_CN/LC_MESSAGES/libc.mo
7f1f09618000-7f1f0961b000 ---p 00000000 00:00 0 
7f1f0961b000-7f1f09719000 rw-p 00000000 00:00 0 
7f1f09719000-7f1f0971c000 ---p 00000000 00:00 0 
7f1f0971c000-7f1f09952000 rw-p 00000000 00:00 0 
7f1f09952000-7f1f0995b000 r-xp 00000000 103:03 11800589                  /usr/lib/jvm/java-8-openjdk-amd64/jre/lib/amd64/libmanagement.so
7f1f0995b000-7f1f09b5a000 ---p 00009000 103:03 11800589                  /usr/lib/jvm/java-8-openjdk-amd64/jre/lib/amd64/libmanagement.so
7f1f09b5a000-7f1f09b5b000 r--p 00008000 103:03 11800589                  /usr/lib/jvm/java-8-openjdk-amd64/jre/lib/amd64/libmanagement.so
7f1f09b5b000-7f1f09b5c000 rw-p 00009000 103:03 11800589                  /usr/lib/jvm/java-8-openjdk-amd64/jre/lib/amd64/libmanagement.so
7f1f09b5c000-7f1f09b61000 r--s 0003e000 103:03 12196769                  /usr/local/hadoop-2.10.1/share/hadoop/hdfs/hadoop-hdfs-rbf-2.10.1-tests.jar
7f1f09b61000-7f1f09b71000 r--s 000d5000 103:03 12196768                  /usr/local/hadoop-2.10.1/share/hadoop/hdfs/hadoop-hdfs-rbf-2.10.1.jar
7f1f09b71000-7f1f09b73000 r--s 0001f000 103:03 12196770                  /usr/local/hadoop-2.10.1/share/hadoop/hdfs/hadoop-hdfs-nfs-2.10.1.jar
7f1f09b73000-7f1f09b74000 r--s 00007000 103:03 12196767                  /usr/local/hadoop-2.10.1/share/hadoop/hdfs/hadoop-hdfs-native-client-2.10.1-tests.jar
7f1f09b74000-7f1f09b75000 r--s 00007000 103:03 12196766                  /usr/local/hadoop-2.10.1/share/hadoop/hdfs/hadoop-hdfs-native-client-2.10.1.jar
7f1f09b75000-7f1f09b78000 r--s 0001d000 103:03 12196765                  /usr/local/hadoop-2.10.1/share/hadoop/hdfs/hadoop-hdfs-client-2.10.1-tests.jar
7f1f09b78000-7f1f09bb3000 r--s 003d2000 103:03 12196764                  /usr/local/hadoop-2.10.1/share/hadoop/hdfs/hadoop-hdfs-client-2.10.1.jar
7f1f09bb3000-7f1f09be2000 r--s 00413000 103:03 12196763                  /usr/local/hadoop-2.10.1/share/hadoop/hdfs/hadoop-hdfs-2.10.1-tests.jar
7f1f09be2000-7f1f09c22000 r--s 004b4000 103:03 12196762                  /usr/local/hadoop-2.10.1/share/hadoop/hdfs/hadoop-hdfs-2.10.1.jar
7f1f09c22000-7f1f09c4a000 r--s 00261000 103:03 11937430                  /usr/local/hadoop-2.10.1/share/hadoop/common/hadoop-common-2.10.1-tests.jar
7f1f09c4a000-7f1f09c62000 r-xp 00000000 103:03 11800586                  /usr/lib/jvm/java-8-openjdk-amd64/jre/lib/amd64/libnet.so
7f1f09c62000-7f1f09e61000 ---p 00018000 103:03 11800586                  /usr/lib/jvm/java-8-openjdk-amd64/jre/lib/amd64/libnet.so
7f1f09e61000-7f1f09e62000 r--p 00017000 103:03 11800586                  /usr/lib/jvm/java-8-openjdk-amd64/jre/lib/amd64/libnet.so
7f1f09e62000-7f1f09e63000 rw-p 00018000 103:03 11800586                  /usr/lib/jvm/java-8-openjdk-amd64/jre/lib/amd64/libnet.so
7f1f09e63000-7f1f09e75000 r-xp 00000000 103:03 11800599                  /usr/lib/jvm/java-8-openjdk-amd64/jre/lib/amd64/libnio.so
7f1f09e75000-7f1f0a074000 ---p 00012000 103:03 11800599                  /usr/lib/jvm/java-8-openjdk-amd64/jre/lib/amd64/libnio.so
7f1f0a074000-7f1f0a075000 r--p 00011000 103:03 11800599                  /usr/lib/jvm/java-8-openjdk-amd64/jre/lib/amd64/libnio.so
7f1f0a075000-7f1f0a076000 rw-p 00012000 103:03 11800599                  /usr/lib/jvm/java-8-openjdk-amd64/jre/lib/amd64/libnio.so
7f1f0a076000-7f1f0a0b3000 r--s 0038e000 103:03 11937429                  /usr/local/hadoop-2.10.1/share/hadoop/common/hadoop-common-2.10.1.jar
7f1f0a0b3000-7f1f0a0bc000 r--s 0002d000 103:03 12196666                  /usr/local/hadoop-2.10.1/share/hadoop/hdfs/lib/xml-apis-1.4.01.jar
7f1f0a0bc000-7f1f0a0d5000 r--s 0013a000 103:03 12196665                  /usr/local/hadoop-2.10.1/share/hadoop/hdfs/lib/xercesImpl-2.12.0.jar
7f1f0a0d5000-7f1f0a0dd000 r--s 0007b000 103:03 12196658                  /usr/local/hadoop-2.10.1/share/hadoop/hdfs/lib/protobuf-java-2.5.0.jar
7f1f0a0dd000-7f1f0a125000 r--s 003bd000 103:03 12196664                  /usr/local/hadoop-2.10.1/share/hadoop/hdfs/lib/netty-all-4.1.50.Final.jar
7f1f0a125000-7f1f0a160000 r--s 003d2000 103:03 12196660                  /usr/local/hadoop-2.10.1/share/hadoop/hdfs/lib/hadoop-hdfs-client-2.10.1.jar
7f1f0a160000-7f1f0a161000 ---p 00000000 00:00 0 
7f1f0a161000-7f1f0a261000 rw-p 00000000 00:00 0 
7f1f0a261000-7f1f0a264000 ---p 00000000 00:00 0 
7f1f0a264000-7f1f0a362000 rw-p 00000000 00:00 0 
7f1f0a362000-7f1f0a365000 ---p 00000000 00:00 0 
7f1f0a365000-7f1f0a463000 rw-p 00000000 00:00 0 
7f1f0a463000-7f1f0a466000 ---p 00000000 00:00 0 
7f1f0a466000-7f1f0a564000 rw-p 00000000 00:00 0 
7f1f0a564000-7f1f0a567000 ---p 00000000 00:00 0 
7f1f0a567000-7f1f0a665000 rw-p 00000000 00:00 0 
7f1f0a665000-7f1f0a668000 ---p 00000000 00:00 0 
7f1f0a668000-7f1f0a766000 rw-p 00000000 00:00 0 
7f1f0a766000-7f1f0a769000 ---p 00000000 00:00 0 
7f1f0a769000-7f1f0a867000 rw-p 00000000 00:00 0 
7f1f0a867000-7f1f0ad70000 r--p 00000000 103:03 9446624                   /usr/lib/locale/locale-archive
7f1f0ad70000-7f1f0ad73000 ---p 00000000 00:00 0 
7f1f0ad73000-7f1f0ae71000 rw-p 00000000 00:00 0 
7f1f0ae71000-7f1f0ae74000 ---p 00000000 00:00 0 
7f1f0ae74000-7f1f0af72000 rw-p 00000000 00:00 0 
7f1f0af72000-7f1f0af73000 ---p 00000000 00:00 0 
7f1f0af73000-7f1f0c000000 rw-p 00000000 00:00 0 
7f1f0c000000-7f1f0c021000 rw-p 00000000 00:00 0 
7f1f0c021000-7f1f10000000 ---p 00000000 00:00 0 
7f1f10000000-7f1f10021000 rw-p 00000000 00:00 0 
7f1f10021000-7f1f14000000 ---p 00000000 00:00 0 
7f1f14000000-7f1f14021000 rw-p 00000000 00:00 0 
7f1f14021000-7f1f18000000 ---p 00000000 00:00 0 
7f1f18000000-7f1f18005000 r--s 0002a000 103:03 11937431                  /usr/local/hadoop-2.10.1/share/hadoop/common/hadoop-nfs-2.10.1.jar
7f1f18005000-7f1f18006000 r--s 00003000 103:03 12196647                  /usr/local/hadoop-2.10.1/share/hadoop/hdfs/lib/xmlenc-0.52.jar
7f1f18006000-7f1f1800b000 r--s 0004c000 103:03 12196661                  /usr/local/hadoop-2.10.1/share/hadoop/hdfs/lib/okhttp-2.7.5.jar
7f1f1800b000-7f1f18024000 r--s 00123000 103:03 12196644                  /usr/local/hadoop-2.10.1/share/hadoop/hdfs/lib/netty-3.10.6.Final.jar
7f1f18024000-7f1f1802d000 r--s 0006f000 103:03 12196641                  /usr/local/hadoop-2.10.1/share/hadoop/hdfs/lib/log4j-1.2.17.jar
7f1f1802d000-7f1f181fe000 r--s 03c94000 103:03 11800615                  /usr/lib/jvm/java-8-openjdk-amd64/jre/lib/rt.jar
7f1f181fe000-7f1f189fe000 rw-p 00000000 00:00 0 
7f1f189fe000-7f1f189ff000 ---p 00000000 00:00 0 
7f1f189ff000-7f1f18aff000 rw-p 00000000 00:00 0 
7f1f18aff000-7f1f18b00000 ---p 00000000 00:00 0 
7f1f18b00000-7f1f18ca6000 rw-p 00000000 00:00 0 
7f1f18ca6000-7f1f1965e000 ---p 00000000 00:00 0 
7f1f1965e000-7f1f19704000 rw-p 00000000 00:00 0 
7f1f19704000-7f1f1a0bc000 ---p 00000000 00:00 0 
7f1f1a0bc000-7f1f1a14e000 rw-p 00000000 00:00 0 
7f1f1a14e000-7f1f1a5eb000 ---p 00000000 00:00 0 
7f1f1a5eb000-7f1f1a5fd000 rw-p 00000000 00:00 0 
7f1f1a5fd000-7f1f1a9ac000 ---p 00000000 00:00 0 
7f1f1a9ac000-7f1f1adec000 rwxp 00000000 00:00 0 
7f1f1adec000-7f1f299ac000 ---p 00000000 00:00 0 
7f1f299ac000-7f1f299d6000 r-xp 00000000 103:03 11800573                  /usr/lib/jvm/java-8-openjdk-amd64/jre/lib/amd64/libjava.so
7f1f299d6000-7f1f29bd5000 ---p 0002a000 103:03 11800573                  /usr/lib/jvm/java-8-openjdk-amd64/jre/lib/amd64/libjava.so
7f1f29bd5000-7f1f29bd6000 r--p 00029000 103:03 11800573                  /usr/lib/jvm/java-8-openjdk-amd64/jre/lib/amd64/libjava.so
7f1f29bd6000-7f1f29bd8000 rw-p 0002a000 103:03 11800573                  /usr/lib/jvm/java-8-openjdk-amd64/jre/lib/amd64/libjava.so
7f1f29bd8000-7f1f29bdd000 r-xp 00000000 103:03 27656588                  /usr/lib/openmpi/lib/openmpi/mca_osc_sm.so
7f1f29bdd000-7f1f29ddc000 ---p 00005000 103:03 27656588                  /usr/lib/openmpi/lib/openmpi/mca_osc_sm.so
7f1f29ddc000-7f1f29ddd000 r--p 00004000 103:03 27656588                  /usr/lib/openmpi/lib/openmpi/mca_osc_sm.so
7f1f29ddd000-7f1f29ddf000 rw-p 00005000 103:03 27656588                  /usr/lib/openmpi/lib/openmpi/mca_osc_sm.so
7f1f29ddf000-7f1f29de1000 r-xp 00000000 103:03 27656544                  /usr/lib/openmpi/lib/openmpi/mca_coll_self.so
7f1f29de1000-7f1f29fe0000 ---p 00002000 103:03 27656544                  /usr/lib/openmpi/lib/openmpi/mca_coll_self.so
7f1f29fe0000-7f1f29fe1000 r--p 00001000 103:03 27656544                  /usr/lib/openmpi/lib/openmpi/mca_coll_self.so
7f1f29fe1000-7f1f29fe2000 rw-p 00002000 103:03 27656544                  /usr/lib/openmpi/lib/openmpi/mca_coll_self.so
7f1f29fe2000-7f1f29ffb000 r-xp 00000000 103:03 27656542                  /usr/lib/openmpi/lib/openmpi/mca_coll_libnbc.so
7f1f29ffb000-7f1f2a1fa000 ---p 00019000 103:03 27656542                  /usr/lib/openmpi/lib/openmpi/mca_coll_libnbc.so
7f1f2a1fa000-7f1f2a1fb000 r--p 00018000 103:03 27656542                  /usr/lib/openmpi/lib/openmpi/mca_coll_libnbc.so
7f1f2a1fb000-7f1f2a1fc000 rw-p 00019000 103:03 27656542                  /usr/lib/openmpi/lib/openmpi/mca_coll_libnbc.so
7f1f2a1fc000-7f1f2a202000 r-xp 00000000 103:03 27656540                  /usr/lib/openmpi/lib/openmpi/mca_coll_hierarch.so
7f1f2a202000-7f1f2a401000 ---p 00006000 103:03 27656540                  /usr/lib/openmpi/lib/openmpi/mca_coll_hierarch.so
7f1f2a401000-7f1f2a402000 r--p 00005000 103:03 27656540                  /usr/lib/openmpi/lib/openmpi/mca_coll_hierarch.so
7f1f2a402000-7f1f2a403000 rw-p 00006000 103:03 27656540                  /usr/lib/openmpi/lib/openmpi/mca_coll_hierarch.so
7f1f2a403000-7f1f2a405000 r--s 00018000 103:03 12196649                  /usr/local/hadoop-2.10.1/share/hadoop/hdfs/lib/servlet-api-2.5.jar
7f1f2a405000-7f1f2a408000 r--s 000fd000 103:03 12196667                  /usr/local/hadoop-2.10.1/share/hadoop/hdfs/lib/leveldbjni-all-1.8.jar
7f1f2a408000-7f1f2a409000 ---p 00000000 00:00 0 
7f1f2a409000-7f1f2a509000 rw-p 00000000 00:00 0 
7f1f2a509000-7f1f2a50a000 ---p 00000000 00:00 0 
7f1f2a50a000-7f1f2a60a000 rw-p 00000000 00:00 0 
7f1f2a60a000-7f1f2a629000 r-xp 00000000 103:03 27656546                  /usr/lib/openmpi/lib/openmpi/mca_coll_tuned.so
7f1f2a629000-7f1f2a828000 ---p 0001f000 103:03 27656546                  /usr/lib/openmpi/lib/openmpi/mca_coll_tuned.so
7f1f2a828000-7f1f2a829000 r--p 0001e000 103:03 27656546                  /usr/lib/openmpi/lib/openmpi/mca_coll_tuned.so
7f1f2a829000-7f1f2a82a000 rw-p 0001f000 103:03 27656546                  /usr/lib/openmpi/lib/openmpi/mca_coll_tuned.so
7f1f2a82a000-7f1f2a83c000 r--s 0009d000 103:03 12196655                  /usr/local/hadoop-2.10.1/share/hadoop/hdfs/lib/jersey-server-1.9.jar
7f1f2a83c000-7f1f2a846000 r--s 00066000 103:03 12196652                  /usr/local/hadoop-2.10.1/share/hadoop/hdfs/lib/jersey-core-1.9.jar
7f1f2a846000-7f1f2a85b000 r-xp 00000000 103:03 27656587                  /usr/lib/openmpi/lib/openmpi/mca_osc_pt2pt.so
7f1f2a85b000-7f1f2aa5a000 ---p 00015000 103:03 27656587                  /usr/lib/openmpi/lib/openmpi/mca_osc_pt2pt.so
7f1f2aa5a000-7f1f2aa5b000 r--p 00014000 103:03 27656587                  /usr/lib/openmpi/lib/openmpi/mca_osc_pt2pt.so
7f1f2aa5b000-7f1f2aa5c000 rw-p 00015000 103:03 27656587                  /usr/lib/openmpi/lib/openmpi/mca_osc_pt2pt.so
7f1f2aa5c000-7f1f2aa69000 r-xp 00000000 103:03 27656539                  /usr/lib/openmpi/lib/openmpi/mca_coll_basic.so
7f1f2aa69000-7f1f2ac69000 ---p 0000d000 103:03 27656539                  /usr/lib/openmpi/lib/openmpi/mca_coll_basic.so
7f1f2ac69000-7f1f2ac6a000 r--p 0000d000 103:03 27656539                  /usr/lib/openmpi/lib/openmpi/mca_coll_basic.so
7f1f2ac6a000-7f1f2ac6b000 rw-p 0000e000 103:03 27656539                  /usr/lib/openmpi/lib/openmpi/mca_coll_basic.so
7f1f2ac6b000-7f1f2ac6d000 r--s 0000f000 103:03 12196662                  /usr/local/hadoop-2.10.1/share/hadoop/hdfs/lib/okio-1.6.0.jar
7f1f2ac6d000-7f1f2ac71000 r--s 00028000 103:03 12196651                  /usr/local/hadoop-2.10.1/share/hadoop/hdfs/lib/jetty-util-6.1.26.jar
7f1f2ac71000-7f1f2ac72000 ---p 00000000 00:00 0 
7f1f2ac72000-7f1f2ad72000 rw-p 00000000 00:00 0 
7f1f2ad72000-7f1f2ad73000 ---p 00000000 00:00 0 
7f1f2ad73000-7f1f2ae73000 rw-p 00000000 00:00 0 
7f1f2ae73000-7f1f2ae8b000 r-xp 00000000 103:03 27656594                  /usr/lib/openmpi/lib/openmpi/mca_pml_ob1.so
7f1f2ae8b000-7f1f2b08a000 ---p 00018000 103:03 27656594                  /usr/lib/openmpi/lib/openmpi/mca_pml_ob1.so
7f1f2b08a000-7f1f2b08b000 r--p 00017000 103:03 27656594                  /usr/lib/openmpi/lib/openmpi/mca_pml_ob1.so
7f1f2b08b000-7f1f2b08c000 rw-p 00018000 103:03 27656594                  /usr/lib/openmpi/lib/openmpi/mca_pml_ob1.so
7f1f2b08c000-7f1f2b093000 r--s 0007d000 103:03 12196650                  /usr/local/hadoop-2.10.1/share/hadoop/hdfs/lib/jetty-6.1.26.jar
7f1f2b093000-7f1f2b0a6000 r--s 00137000 103:03 12196668                  /usr/local/hadoop-2.10.1/share/hadoop/hdfs/lib/jackson-databind-2.9.10.6.jar
7f1f2b0a6000-7f1f2b0ae000 r-xp 00000000 103:03 11800606                  /usr/lib/jvm/java-8-openjdk-amd64/jre/lib/amd64/libzip.so
7f1f2b0ae000-7f1f2b2ad000 ---p 00008000 103:03 11800606                  /usr/lib/jvm/java-8-openjdk-amd64/jre/lib/amd64/libzip.so
7f1f2b2ad000-7f1f2b2ae000 r--p 00007000 103:03 11800606                  /usr/lib/jvm/java-8-openjdk-amd64/jre/lib/amd64/libzip.so
7f1f2b2ae000-7f1f2b2af000 rw-p 00008000 103:03 11800606                  /usr/lib/jvm/java-8-openjdk-amd64/jre/lib/amd64/libzip.so
7f1f2b2af000-7f1f2b2b2000 r-xp 00000000 103:03 27656541                  /usr/lib/openmpi/lib/openmpi/mca_coll_inter.so
7f1f2b2b2000-7f1f2b4b2000 ---p 00003000 103:03 27656541                  /usr/lib/openmpi/lib/openmpi/mca_coll_inter.so
7f1f2b4b2000-7f1f2b4b3000 r--p 00003000 103:03 27656541                  /usr/lib/openmpi/lib/openmpi/mca_coll_inter.so
7f1f2b4b3000-7f1f2b4b4000 rw-p 00004000 103:03 27656541                  /usr/lib/openmpi/lib/openmpi/mca_coll_inter.so
7f1f2b4b4000-7f1f2b4b7000 r-xp 00000000 103:03 27656535                  /usr/lib/openmpi/lib/openmpi/mca_btl_self.so
7f1f2b4b7000-7f1f2b6b6000 ---p 00003000 103:03 27656535                  /usr/lib/openmpi/lib/openmpi/mca_btl_self.so
7f1f2b6b6000-7f1f2b6b7000 r--p 00002000 103:03 27656535                  /usr/lib/openmpi/lib/openmpi/mca_btl_self.so
7f1f2b6b7000-7f1f2b6b8000 rw-p 00003000 103:03 27656535                  /usr/lib/openmpi/lib/openmpi/mca_btl_self.so
7f1f2b6b8000-7f1f2b6ba000 r--s 00003000 103:03 12196643                  /usr/local/hadoop-2.10.1/share/hadoop/hdfs/lib/jsr305-3.0.2.jar
7f1f2b6ba000-7f1f2b6c8000 r--s 000b1000 103:03 12196654                  /usr/local/hadoop-2.10.1/share/hadoop/hdfs/lib/jackson-mapper-asl-1.9.13.jar
7f1f2b6c8000-7f1f2b6cc000 r--s 00035000 103:03 12196653                  /usr/local/hadoop-2.10.1/share/hadoop/hdfs/lib/jackson-core-asl-1.9.13.jar
7f1f2b6cc000-7f1f2b6d0000 r--s 0004c000 103:03 12196670                  /usr/local/hadoop-2.10.1/share/hadoop/hdfs/lib/jackson-core-2.9.10.jar
7f1f2b6d0000-7f1f2b6d3000 r--s 0000e000 103:03 12196669                  /usr/local/hadoop-2.10.1/share/hadoop/hdfs/lib/jackson-annotations-2.9.10.jar
7f1f2b6d3000-7f1f2b6ed000 r--s 00155000 103:03 12196659                  /usr/local/hadoop-2.10.1/share/hadoop/hdfs/lib/htrace-core4-4.1.0-incubating.jar
7f1f2b6ed000-7f1f2b70e000 r--s 00172000 103:03 12196645                  /usr/local/hadoop-2.10.1/share/hadoop/hdfs/lib/guava-11.0.2.jar
7f1f2b70e000-7f1f2b710000 r--s 0000e000 103:03 12196642                  /usr/local/hadoop-2.10.1/share/hadoop/hdfs/lib/commons-logging-1.1.3.jar
7f1f2b710000-7f1f2b715000 r--s 00041000 103:03 12196657                  /usr/local/hadoop-2.10.1/share/hadoop/hdfs/lib/commons-lang-2.6.jar
7f1f2b715000-7f1f2b719000 r--s 0002a000 103:03 12196648                  /usr/local/hadoop-2.10.1/share/hadoop/hdfs/lib/commons-io-2.4.jar
7f1f2b719000-7f1f2b71a000 r--s 00005000 103:03 12196663                  /usr/local/hadoop-2.10.1/share/hadoop/hdfs/lib/commons-daemon-1.0.13.jar
7f1f2b71a000-7f1f2b71c000 r--s 0000d000 103:03 12196640                  /usr/local/hadoop-2.10.1/share/hadoop/hdfs/lib/commons-codec-1.4.jar
7f1f2b71c000-7f1f2b71e000 r--s 00009000 103:03 12196646                  /usr/local/hadoop-2.10.1/share/hadoop/hdfs/lib/commons-cli-1.2.jar
7f1f2b71e000-7f1f2b71f000 r--s 0000a000 103:03 12196656                  /usr/local/hadoop-2.10.1/share/hadoop/hdfs/lib/asm-3.2.jar
7f1f2b71f000-7f1f2b72c000 r--s 000d2000 103:03 11937398                  /usr/local/hadoop-2.10.1/share/hadoop/common/lib/zookeeper-3.4.14.jar
7f1f2b72c000-7f1f2b732000 r--s 00078000 103:03 11937408                  /usr/local/hadoop-2.10.1/share/hadoop/common/lib/woodstox-core-5.0.3.jar
7f1f2b732000-7f1f2b734000 r--s 00004000 103:03 11937366                  /usr/local/hadoop-2.10.1/share/hadoop/common/lib/stax-api-1.0-2.jar
7f1f2b734000-7f1f2b738000 r--s 00024000 103:03 11937407                  /usr/local/hadoop-2.10.1/share/hadoop/common/lib/stax2-api-3.1.4.jar
7f1f2b738000-7f1f2b73a000 r--s 00002000 103:03 11937399                  /usr/local/hadoop-2.10.1/share/hadoop/common/lib/spotbugs-annotations-3.1.9.jar
7f1f2b73a000-7f1f2b73c000 r--s 00130000 103:03 11937386                  /usr/local/hadoop-2.10.1/share/hadoop/common/lib/snappy-java-1.0.5.jar
7f1f2b73c000-7f1f2b73e000 r--s 00009000 103:03 11937382                  /usr/local/hadoop-2.10.1/share/hadoop/common/lib/slf4j-api-1.7.25.jar
7f1f2b73e000-7f1f2b740000 r--s 00018000 103:03 11937356                  /usr/local/hadoop-2.10.1/share/hadoop/common/lib/servlet-api-2.5.jar
7f1f2b740000-7f1f2b748000 r--s 0007b000 103:03 11937388                  /usr/local/hadoop-2.10.1/share/hadoop/common/lib/protobuf-java-2.5.0.jar
7f1f2b748000-7f1f2b74a000 r--s 00006000 103:03 11937385                  /usr/local/hadoop-2.10.1/share/hadoop/common/lib/paranamer-2.3.jar
7f1f2b74a000-7f1f2b750000 r--s 0004d000 103:03 11937391                  /usr/local/hadoop-2.10.1/share/hadoop/common/lib/nimbus-jose-jwt-7.9.jar
7f1f2b750000-7f1f2b769000 r--s 00123000 103:03 11937401                  /usr/local/hadoop-2.10.1/share/hadoop/common/lib/netty-3.10.6.Final.jar
7f1f2b769000-7f1f2b786000 r--s 0013e000 103:03 11937411                  /usr/local/hadoop-2.10.1/share/hadoop/common/lib/mockito-all-1.8.5.jar
7f1f2b786000-7f1f2b78f000 r--s 0006f000 103:03 11937374                  /usr/local/hadoop-2.10.1/share/hadoop/common/lib/log4j-1.2.17.jar
7f1f2b78f000-7f1f2b795000 r--s 00036000 103:03 11937409                  /usr/local/hadoop-2.10.1/share/hadoop/common/lib/junit-4.11.jar
7f1f2b795000-7f1f2b797000 r--s 00003000 103:03 11937414                  /usr/local/hadoop-2.10.1/share/hadoop/common/lib/jsr305-3.0.2.jar
7f1f2b797000-7f1f2b79a000 r--s 00016000 103:03 11937360                  /usr/local/hadoop-2.10.1/share/hadoop/common/lib/jsp-api-2.1.jar
7f1f2b79a000-7f1f2b79d000 r--s 00011000 103:03 11937393                  /usr/local/hadoop-2.10.1/share/hadoop/common/lib/json-smart-1.3.1.jar
7f1f2b79d000-7f1f2b7a1000 r--s 00041000 103:03 11937404                  /usr/local/hadoop-2.10.1/share/hadoop/common/lib/jsch-0.1.55.jar
7f1f2b7a1000-7f1f2b7a5000 r--s 00028000 103:03 11937358                  /usr/local/hadoop-2.10.1/share/hadoop/common/lib/jetty-util-6.1.26.jar
7f1f2b7a5000-7f1f2b7ac000 r--s 0007d000 103:03 11937357                  /usr/local/hadoop-2.10.1/share/hadoop/common/lib/jetty-6.1.26.jar
7f1f2b7ac000-7f1f2b7b5000 r--s 0007b000 103:03 11937375                  /usr/local/hadoop-2.10.1/share/hadoop/common/lib/jets3t-0.9.0.jar
7f1f2b7b5000-7f1f2b7b6000 ---p 00000000 00:00 0 
7f1f2b7b6000-7f1f2b8b6000 rw-p 00000000 00:00 0 
7f1f2b8b6000-7f1f2b8c5000 r-xp 00000000 103:03 11800585                  /usr/lib/jvm/java-8-openjdk-amd64/jre/lib/amd64/libverify.so
7f1f2b8c5000-7f1f2bac4000 ---p 0000f000 103:03 11800585                  /usr/lib/jvm/java-8-openjdk-amd64/jre/lib/amd64/libverify.so
7f1f2bac4000-7f1f2bac6000 r--p 0000e000 103:03 11800585                  /usr/lib/jvm/java-8-openjdk-amd64/jre/lib/amd64/libverify.so
7f1f2bac6000-7f1f2bac7000 rw-p 00010000 103:03 11800585                  /usr/lib/jvm/java-8-openjdk-amd64/jre/lib/amd64/libverify.so
7f1f2bac7000-7f1f2bad3000 r-xp 00000000 103:03 27656537                  /usr/lib/openmpi/lib/openmpi/mca_btl_tcp.so
7f1f2bad3000-7f1f2bcd2000 ---p 0000c000 103:03 27656537                  /usr/lib/openmpi/lib/openmpi/mca_btl_tcp.so
7f1f2bcd2000-7f1f2bcd3000 r--p 0000b000 103:03 27656537                  /usr/lib/openmpi/lib/openmpi/mca_btl_tcp.so
7f1f2bcd3000-7f1f2bcd4000 rw-p 0000c000 103:03 27656537                  /usr/lib/openmpi/lib/openmpi/mca_btl_tcp.so
7f1f2bcd4000-7f1f2bd54000 rw-p 00000000 00:00 0 
7f1f2bd54000-7f1f2bd55000 r--s 00003000 103:03 11937417                  /usr/local/hadoop-2.10.1/share/hadoop/common/lib/xmlenc-0.52.jar
7f1f2bd55000-7f1f2bd57000 r--s 0000f000 103:03 11937363                  /usr/local/hadoop-2.10.1/share/hadoop/common/lib/jettison-1.1.jar
7f1f2bd57000-7f1f2bd69000 r--s 0009d000 103:03 11937372                  /usr/local/hadoop-2.10.1/share/hadoop/common/lib/jersey-server-1.9.jar
7f1f2bd69000-7f1f2bd7c000 r--s 000c7000 103:03 11937364                  /usr/local/hadoop-2.10.1/share/hadoop/common/lib/jaxb-impl-2.2.3-1.jar
7f1f2bd7c000-7f1f2bd82000 r-xp 00000000 103:03 27656555                  /usr/lib/openmpi/lib/openmpi/mca_dpm_orte.so
7f1f2bd82000-7f1f2bf81000 ---p 00006000 103:03 27656555                  /usr/lib/openmpi/lib/openmpi/mca_dpm_orte.so
7f1f2bf81000-7f1f2bf82000 r--p 00005000 103:03 27656555                  /usr/lib/openmpi/lib/openmpi/mca_dpm_orte.so
7f1f2bf82000-7f1f2bf83000 rw-p 00006000 103:03 27656555                  /usr/lib/openmpi/lib/openmpi/mca_dpm_orte.so
7f1f2bf83000-7f1f2bf86000 r-xp 00000000 103:03 27656596                  /usr/lib/openmpi/lib/openmpi/mca_pubsub_orte.so
7f1f2bf86000-7f1f2c185000 ---p 00003000 103:03 27656596                  /usr/lib/openmpi/lib/openmpi/mca_pubsub_orte.so
7f1f2c185000-7f1f2c186000 r--p 00002000 103:03 27656596                  /usr/lib/openmpi/lib/openmpi/mca_pubsub_orte.so
7f1f2c186000-7f1f2c187000 rw-p 00003000 103:03 27656596                  /usr/lib/openmpi/lib/openmpi/mca_pubsub_orte.so
7f1f2c187000-7f1f2c18a000 r-xp 00000000 103:03 27656533                  /usr/lib/openmpi/lib/openmpi/mca_bml_r2.so
7f1f2c18a000-7f1f2c38a000 ---p 00003000 103:03 27656533                  /usr/lib/openmpi/lib/openmpi/mca_bml_r2.so
7f1f2c38a000-7f1f2c38b000 r--p 00003000 103:03 27656533                  /usr/lib/openmpi/lib/openmpi/mca_bml_r2.so
7f1f2c38b000-7f1f2c38c000 rw-p 00004000 103:03 27656533                  /usr/lib/openmpi/lib/openmpi/mca_bml_r2.so
7f1f2c38c000-7f1f2c38e000 r-xp 00000000 103:03 27656499                  /usr/lib/openmpi/lib/libmca_common_sm.so.4.0.4
7f1f2c38e000-7f1f2c58e000 ---p 00002000 103:03 27656499                  /usr/lib/openmpi/lib/libmca_common_sm.so.4.0.4
7f1f2c58e000-7f1f2c58f000 r--p 00002000 103:03 27656499                  /usr/lib/openmpi/lib/libmca_common_sm.so.4.0.4
7f1f2c58f000-7f1f2c590000 rw-p 00003000 103:03 27656499                  /usr/lib/openmpi/lib/libmca_common_sm.so.4.0.4
7f1f2c590000-7f1f2c592000 r-xp 00000000 103:03 27656584                  /usr/lib/openmpi/lib/openmpi/mca_mpool_sm.so
7f1f2c592000-7f1f2c791000 ---p 00002000 103:03 27656584                  /usr/lib/openmpi/lib/openmpi/mca_mpool_sm.so
7f1f2c791000-7f1f2c792000 r--p 00001000 103:03 27656584                  /usr/lib/openmpi/lib/openmpi/mca_mpool_sm.so
7f1f2c792000-7f1f2c793000 rw-p 00002000 103:03 27656584                  /usr/lib/openmpi/lib/openmpi/mca_mpool_sm.so
7f1f2c793000-7f1f2c796000 r-xp 00000000 103:03 27656583                  /usr/lib/openmpi/lib/openmpi/mca_mpool_grdma.so
7f1f2c796000-7f1f2c995000 ---p 00003000 103:03 27656583                  /usr/lib/openmpi/lib/openmpi/mca_mpool_grdma.so
7f1f2c995000-7f1f2c996000 r--p 00002000 103:03 27656583                  /usr/lib/openmpi/lib/openmpi/mca_mpool_grdma.so
7f1f2c996000-7f1f2c997000 rw-p 00003000 103:03 27656583                  /usr/lib/openmpi/lib/openmpi/mca_mpool_grdma.so
7f1f2c997000-7f1f2c99a000 r-xp 00000000 103:03 27656601                  /usr/lib/openmpi/lib/openmpi/mca_rcache_vma.so
7f1f2c99a000-7f1f2cb9a000 ---p 00003000 103:03 27656601                  /usr/lib/openmpi/lib/openmpi/mca_rcache_vma.so
7f1f2cb9a000-7f1f2cb9b000 r--p 00003000 103:03 27656601                  /usr/lib/openmpi/lib/openmpi/mca_rcache_vma.so
7f1f2cb9b000-7f1f2cb9c000 rw-p 00004000 103:03 27656601                  /usr/lib/openmpi/lib/openmpi/mca_rcache_vma.so
7f1f2cb9c000-7f1f2cb9e000 r-xp 00000000 103:03 27656529                  /usr/lib/openmpi/lib/openmpi/mca_allocator_bucket.so
7f1f2cb9e000-7f1f2cd9d000 ---p 00002000 103:03 27656529                  /usr/lib/openmpi/lib/openmpi/mca_allocator_bucket.so
7f1f2cd9d000-7f1f2cd9e000 r--p 00001000 103:03 27656529                  /usr/lib/openmpi/lib/openmpi/mca_allocator_bucket.so
7f1f2cd9e000-7f1f2cd9f000 rw-p 00002000 103:03 27656529                  /usr/lib/openmpi/lib/openmpi/mca_allocator_bucket.so
7f1f2cd9f000-7f1f2cda1000 r-xp 00000000 103:03 27656528                  /usr/lib/openmpi/lib/openmpi/mca_allocator_basic.so
7f1f2cda1000-7f1f2cfa0000 ---p 00002000 103:03 27656528                  /usr/lib/openmpi/lib/openmpi/mca_allocator_basic.so
7f1f2cfa0000-7f1f2cfa1000 r--p 00001000 103:03 27656528                  /usr/lib/openmpi/lib/openmpi/mca_allocator_basic.so
7f1f2cfa1000-7f1f2cfa2000 rw-p 00002000 103:03 27656528                  /usr/lib/openmpi/lib/openmpi/mca_allocator_basic.so
7f1f2cfa2000-7f1f2e858000 r-xp 00000000 103:03 27659382                  /usr/lib/x86_64-linux-gnu/libicudata.so.55.1
7f1f2e858000-7f1f2ea57000 ---p 018b6000 103:03 27659382                  /usr/lib/x86_64-linux-gnu/libicudata.so.55.1
7f1f2ea57000-7f1f2ea58000 r--p 018b5000 103:03 27659382                  /usr/lib/x86_64-linux-gnu/libicudata.so.55.1
7f1f2ea58000-7f1f2ea59000 rw-p 018b6000 103:03 27659382                  /usr/lib/x86_64-linux-gnu/libicudata.so.55.1
7f1f2ea59000-7f1f2ea7a000 r-xp 00000000 103:03 26870915                  /lib/x86_64-linux-gnu/liblzma.so.5.0.0
7f1f2ea7a000-7f1f2ec79000 ---p 00021000 103:03 26870915                  /lib/x86_64-linux-gnu/liblzma.so.5.0.0
7f1f2ec79000-7f1f2ec7a000 r--p 00020000 103:03 26870915                  /lib/x86_64-linux-gnu/liblzma.so.5.0.0
7f1f2ec7a000-7f1f2ec7b000 rw-p 00021000 103:03 26870915                  /lib/x86_64-linux-gnu/liblzma.so.5.0.0
7f1f2ec7b000-7f1f2edfa000 r-xp 00000000 103:03 27659410                  /usr/lib/x86_64-linux-gnu/libicuuc.so.55.1
7f1f2edfa000-7f1f2effa000 ---p 0017f000 103:03 27659410                  /usr/lib/x86_64-linux-gnu/libicuuc.so.55.1
7f1f2effa000-7f1f2f00a000 r--p 0017f000 103:03 27659410                  /usr/lib/x86_64-linux-gnu/libicuuc.so.55.1
7f1f2f00a000-7f1f2f00b000 rw-p 0018f000 103:03 27659410                  /usr/lib/x86_64-linux-gnu/libicuuc.so.55.1
7f1f2f00b000-7f1f2f00f000 rw-p 00000000 00:00 0 
7f1f2f00f000-7f1f2f1c0000 r-xp 00000000 103:03 27659501                  /usr/lib/x86_64-linux-gnu/libxml2.so.2.9.3
7f1f2f1c0000-7f1f2f3bf000 ---p 001b1000 103:03 27659501                  /usr/lib/x86_64-linux-gnu/libxml2.so.2.9.3
7f1f2f3bf000-7f1f2f3c7000 r--p 001b0000 103:03 27659501                  /usr/lib/x86_64-linux-gnu/libxml2.so.2.9.3
7f1f2f3c7000-7f1f2f3c9000 rw-p 001b8000 103:03 27659501                  /usr/lib/x86_64-linux-gnu/libxml2.so.2.9.3
7f1f2f3c9000-7f1f2f3ca000 rw-p 00000000 00:00 0 
7f1f2f3ca000-7f1f2f3cd000 r-xp 00000000 103:03 27659053                  /usr/lib/x86_64-linux-gnu/hwloc/hwloc_xml_libxml.so
7f1f2f3cd000-7f1f2f5cc000 ---p 00003000 103:03 27659053                  /usr/lib/x86_64-linux-gnu/hwloc/hwloc_xml_libxml.so
7f1f2f5cc000-7f1f2f5cd000 r--p 00002000 103:03 27659053                  /usr/lib/x86_64-linux-gnu/hwloc/hwloc_xml_libxml.so
7f1f2f5cd000-7f1f2f5ce000 rw-p 00003000 103:03 27659053                  /usr/lib/x86_64-linux-gnu/hwloc/hwloc_xml_libxml.so
7f1f2f5ce000-7f1f2f5e7000 r-xp 00000000 103:03 26870983                  /lib/x86_64-linux-gnu/libz.so.1.2.8
7f1f2f5e7000-7f1f2f7e6000 ---p 00019000 103:03 26870983                  /lib/x86_64-linux-gnu/libz.so.1.2.8
7f1f2f7e6000-7f1f2f7e7000 r--p 00018000 103:03 26870983                  /lib/x86_64-linux-gnu/libz.so.1.2.8
7f1f2f7e7000-7f1f2f7e8000 rw-p 00019000 103:03 26870983                  /lib/x86_64-linux-gnu/libz.so.1.2.8
7f1f2f7e8000-7f1f2f7f0000 r-xp 00000000 103:03 27659446                  /usr/lib/x86_64-linux-gnu/libpciaccess.so.0.11.1
7f1f2f7f0000-7f1f2f9f0000 ---p 00008000 103:03 27659446                  /usr/lib/x86_64-linux-gnu/libpciaccess.so.0.11.1
7f1f2f9f0000-7f1f2f9f1000 r--p 00008000 103:03 27659446                  /usr/lib/x86_64-linux-gnu/libpciaccess.so.0.11.1
7f1f2f9f1000-7f1f2f9f2000 rw-p 00009000 103:03 27659446                  /usr/lib/x86_64-linux-gnu/libpciaccess.so.0.11.1
7f1f2f9f2000-7f1f2f9f4000 r-xp 00000000 103:03 27659052                  /usr/lib/x86_64-linux-gnu/hwloc/hwloc_pci.so
7f1f2f9f4000-7f1f2fbf4000 ---p 00002000 103:03 27659052                  /usr/lib/x86_64-linux-gnu/hwloc/hwloc_pci.so
7f1f2fbf4000-7f1f2fbf5000 r--p 00002000 103:03 27659052                  /usr/lib/x86_64-linux-gnu/hwloc/hwloc_pci.so
7f1f2fbf5000-7f1f2fbf6000 rw-p 00003000 103:03 27659052                  /usr/lib/x86_64-linux-gnu/hwloc/hwloc_pci.so
7f1f2fbf6000-7f1f2fbfc000 r-xp 00000000 103:03 4853323                   /usr/local/cuda-10.1/targets/x86_64-linux/lib/libOpenCL.so.1.1
7f1f2fbfc000-7f1f2fdfb000 ---p 00006000 103:03 4853323                   /usr/local/cuda-10.1/targets/x86_64-linux/lib/libOpenCL.so.1.1
7f1f2fdfb000-7f1f2fdfd000 rw-p 00005000 103:03 4853323                   /usr/local/cuda-10.1/targets/x86_64-linux/lib/libOpenCL.so.1.1
7f1f2fdfd000-7f1f2fdff000 r-xp 00000000 103:03 27659051                  /usr/lib/x86_64-linux-gnu/hwloc/hwloc_opencl.so
7f1f2fdff000-7f1f2fffe000 ---p 00002000 103:03 27659051                  /usr/lib/x86_64-linux-gnu/hwloc/hwloc_opencl.so
7f1f2fffe000-7f1f2ffff000 r--p 00001000 103:03 27659051                  /usr/lib/x86_64-linux-gnu/hwloc/hwloc_opencl.so
7f1f2ffff000-7f1f30000000 rw-p 00002000 103:03 27659051                  /usr/lib/x86_64-linux-gnu/hwloc/hwloc_opencl.so
7f1f30000000-7f1f30021000 rw-p 00000000 00:00 0 
7f1f30021000-7f1f34000000 ---p 00000000 00:00 0 
7f1f34000000-7f1f34001000 r--s 00002000 103:03 11937383                  /usr/local/hadoop-2.10.1/share/hadoop/common/lib/slf4j-log4j12-1.7.25.jar
7f1f34001000-7f1f34005000 r--s 00021000 103:03 11937362                  /usr/local/hadoop-2.10.1/share/hadoop/common/lib/jersey-json-1.9.jar
7f1f34005000-7f1f3400f000 r--s 00066000 103:03 11937361                  /usr/local/hadoop-2.10.1/share/hadoop/common/lib/jersey-core-1.9.jar
7f1f3400f000-7f1f34011000 r--s 00000000 103:03 11937392                  /usr/local/hadoop-2.10.1/share/hadoop/common/lib/jcip-annotations-1.0-1.jar
7f1f34011000-7f1f34014000 r--s 00017000 103:03 11937365                  /usr/local/hadoop-2.10.1/share/hadoop/common/lib/jaxb-api-2.2.2.jar
7f1f34014000-7f1f34022000 r--s 000b1000 103:03 11937369                  /usr/local/hadoop-2.10.1/share/hadoop/common/lib/jackson-mapper-asl-1.9.13.jar
7f1f34022000-7f1f34026000 r--s 00035000 103:03 11937368                  /usr/local/hadoop-2.10.1/share/hadoop/common/lib/jackson-core-asl-1.9.13.jar
7f1f34026000-7f1f34033000 r--s 000a7000 103:03 11937418                  /usr/local/hadoop-2.10.1/share/hadoop/common/lib/httpclient-4.5.2.jar
7f1f34033000-7f1f3404d000 r--s 00155000 103:03 11937406                  /usr/local/hadoop-2.10.1/share/hadoop/common/lib/htrace-core4-4.1.0-incubating.jar
7f1f3404d000-7f1f3406e000 r--s 00172000 103:03 11937413                  /usr/local/hadoop-2.10.1/share/hadoop/common/lib/guava-11.0.2.jar
7f1f3406e000-7f1f3406f000 ---p 00000000 00:00 0 
7f1f3406f000-7f1f3416f000 rw-p 00000000 00:00 0 
7f1f3416f000-7f1f34170000 ---p 00000000 00:00 0 
7f1f34170000-7f1f34970000 rw-p 00000000 00:00 0 
7f1f34970000-7f1f34973000 r-xp 00000000 103:03 27656550                  /usr/lib/openmpi/lib/openmpi/mca_db_hash.so
7f1f34973000-7f1f34b72000 ---p 00003000 103:03 27656550                  /usr/lib/openmpi/lib/openmpi/mca_db_hash.so
7f1f34b72000-7f1f34b73000 r--p 00002000 103:03 27656550                  /usr/lib/openmpi/lib/openmpi/mca_db_hash.so
7f1f34b73000-7f1f34b74000 rw-p 00003000 103:03 27656550                  /usr/lib/openmpi/lib/openmpi/mca_db_hash.so
7f1f34b74000-7f1f34b77000 r-xp 00000000 103:03 27656609                  /usr/lib/openmpi/lib/openmpi/mca_rml_oob.so
7f1f34b77000-7f1f34d76000 ---p 00003000 103:03 27656609                  /usr/lib/openmpi/lib/openmpi/mca_rml_oob.so
7f1f34d76000-7f1f34d77000 r--p 00002000 103:03 27656609                  /usr/lib/openmpi/lib/openmpi/mca_rml_oob.so
7f1f34d77000-7f1f34d78000 rw-p 00003000 103:03 27656609                  /usr/lib/openmpi/lib/openmpi/mca_rml_oob.so
7f1f34d78000-7f1f34d8b000 r-xp 00000000 103:03 27656586                  /usr/lib/openmpi/lib/openmpi/mca_oob_tcp.so
7f1f34d8b000-7f1f34f8a000 ---p 00013000 103:03 27656586                  /usr/lib/openmpi/lib/openmpi/mca_oob_tcp.so
7f1f34f8a000-7f1f34f8b000 r--p 00012000 103:03 27656586                  /usr/lib/openmpi/lib/openmpi/mca_oob_tcp.so
7f1f34f8b000-7f1f34f8c000 rw-p 00013000 103:03 27656586                  /usr/lib/openmpi/lib/openmpi/mca_oob_tcp.so
7f1f34f8c000-7f1f34f8e000 r-xp 00000000 103:03 27656573                  /usr/lib/openmpi/lib/openmpi/mca_grpcomm_bad.so
7f1f34f8e000-7f1f3518d000 ---p 00002000 103:03 27656573                  /usr/lib/openmpi/lib/openmpi/mca_grpcomm_bad.so
7f1f3518d000-7f1f3518e000 r--p 00001000 103:03 27656573                  /usr/lib/openmpi/lib/openmpi/mca_grpcomm_bad.so
7f1f3518e000-7f1f3518f000 rw-p 00002000 103:03 27656573                  /usr/lib/openmpi/lib/openmpi/mca_grpcomm_bad.so
7f1f3518f000-7f1f35191000 r-xp 00000000 103:03 27656629                  /usr/lib/openmpi/lib/openmpi/mca_state_app.so
7f1f35191000-7f1f35390000 ---p 00002000 103:03 27656629                  /usr/lib/openmpi/lib/openmpi/mca_state_app.so
7f1f35390000-7f1f35391000 r--p 00001000 103:03 27656629                  /usr/lib/openmpi/lib/openmpi/mca_state_app.so
7f1f35391000-7f1f35392000 rw-p 00002000 103:03 27656629                  /usr/lib/openmpi/lib/openmpi/mca_state_app.so
7f1f35392000-7f1f35394000 r-xp 00000000 103:03 27656556                  /usr/lib/openmpi/lib/openmpi/mca_errmgr_default_app.so
7f1f35394000-7f1f35593000 ---p 00002000 103:03 27656556                  /usr/lib/openmpi/lib/openmpi/mca_errmgr_default_app.so
7f1f35593000-7f1f35594000 r--p 00001000 103:03 27656556                  /usr/lib/openmpi/lib/openmpi/mca_errmgr_default_app.so
7f1f35594000-7f1f35595000 rw-p 00002000 103:03 27656556                  /usr/lib/openmpi/lib/openmpi/mca_errmgr_default_app.so
7f1f35595000-7f1f35596000 r--s 00004000 103:03 11937359                  /usr/local/hadoop-2.10.1/share/hadoop/common/lib/jetty-sslengine-6.1.26.jar
7f1f35596000-7f1f35598000 r-xp 00000000 103:03 27656612                  /usr/lib/openmpi/lib/openmpi/mca_routed_direct.so
7f1f35598000-7f1f35797000 ---p 00002000 103:03 27656612                  /usr/lib/openmpi/lib/openmpi/mca_routed_direct.so
7f1f35797000-7f1f35798000 r--p 00001000 103:03 27656612                  /usr/lib/openmpi/lib/openmpi/mca_routed_direct.so
7f1f35798000-7f1f35799000 rw-p 00002000 103:03 27656612                  /usr/lib/openmpi/lib/openmpi/mca_routed_direct.so
7f1f35799000-7f1f357a4000 r-xp 00000000 103:03 9438026                   /lib/x86_64-linux-gnu/libnss_files-2.23.so
7f1f357a4000-7f1f359a3000 ---p 0000b000 103:03 9438026                   /lib/x86_64-linux-gnu/libnss_files-2.23.so
7f1f359a3000-7f1f359a4000 r--p 0000a000 103:03 9438026                   /lib/x86_64-linux-gnu/libnss_files-2.23.so
7f1f359a4000-7f1f359a5000 rw-p 0000b000 103:03 9438026                   /lib/x86_64-linux-gnu/libnss_files-2.23.so
7f1f359a5000-7f1f359ab000 rw-p 00000000 00:00 0 
7f1f359ab000-7f1f359b6000 r-xp 00000000 103:03 9438036                   /lib/x86_64-linux-gnu/libnss_nis-2.23.so
7f1f359b6000-7f1f35bb5000 ---p 0000b000 103:03 9438036                   /lib/x86_64-linux-gnu/libnss_nis-2.23.so
7f1f35bb5000-7f1f35bb6000 r--p 0000a000 103:03 9438036                   /lib/x86_64-linux-gnu/libnss_nis-2.23.so
7f1f35bb6000-7f1f35bb7000 rw-p 0000b000 103:03 9438036                   /lib/x86_64-linux-gnu/libnss_nis-2.23.so
7f1f35bb7000-7f1f35bb9000 r-xp 00000000 103:03 27656562                  /usr/lib/openmpi/lib/openmpi/mca_ess_singleton.so
7f1f35bb9000-7f1f35db8000 ---p 00002000 103:03 27656562                  /usr/lib/openmpi/lib/openmpi/mca_ess_singleton.so
7f1f35db8000-7f1f35db9000 r--p 00001000 103:03 27656562                  /usr/lib/openmpi/lib/openmpi/mca_ess_singleton.so
7f1f35db9000-7f1f35dba000 rw-p 00002000 103:03 27656562                  /usr/lib/openmpi/lib/openmpi/mca_ess_singleton.so
7f1f35dba000-7f1f35dbb000 r--s 00004000 103:03 11937376                  /usr/local/hadoop-2.10.1/share/hadoop/common/lib/java-xmlbuilder-0.4.jar
7f1f35dbb000-7f1f35dbc000 r--s 00006000 103:03 11937371                  /usr/local/hadoop-2.10.1/share/hadoop/common/lib/jackson-xc-1.9.13.jar
7f1f35dbc000-7f1f35dbd000 r--s 00004000 103:03 11937370                  /usr/local/hadoop-2.10.1/share/hadoop/common/lib/jackson-jaxrs-1.9.13.jar
7f1f35dbd000-7f1f35dc4000 r--s 00049000 103:03 11937419                  /usr/local/hadoop-2.10.1/share/hadoop/common/lib/httpcore-4.4.4.jar
7f1f35dc4000-7f1f35dc6000 r--s 00009000 103:03 11937410                  /usr/local/hadoop-2.10.1/share/hadoop/common/lib/hamcrest-core-1.3.jar
7f1f35dc6000-7f1f35dc9000 r--s 0001c000 103:03 11937390                  /usr/local/hadoop-2.10.1/share/hadoop/common/lib/hadoop-auth-2.10.1.jar
7f1f35dc9000-7f1f35dcb000 r--s 0000a000 103:03 11937412                  /usr/local/hadoop-2.10.1/share/hadoop/common/lib/hadoop-annotations-2.10.1.jar
7f1f35dcb000-7f1f35dd0000 r--s 0002a000 103:03 11937389                  /usr/local/hadoop-2.10.1/share/hadoop/common/lib/gson-2.2.4.jar
7f1f35dd0000-7f1f35dd8000 r--s 0003e000 103:03 11937405                  /usr/local/hadoop-2.10.1/share/hadoop/common/lib/curator-recipes-2.13.0.jar
7f1f35dd8000-7f1f35dde000 r--s 0002c000 103:03 11937402                  /usr/local/hadoop-2.10.1/share/hadoop/common/lib/curator-framework-2.13.0.jar
7f1f35dde000-7f1f35e15000 r--s 00219000 103:03 11937403                  /usr/local/hadoop-2.10.1/share/hadoop/common/lib/curator-client-2.13.0.jar
7f1f35e15000-7f1f35e1a000 r--s 0003e000 103:03 11937423                  /usr/local/hadoop-2.10.1/share/hadoop/common/lib/commons-net-3.1.jar
7f1f35e1a000-7f1f35e37000 r--s 0016a000 103:03 11937416                  /usr/local/hadoop-2.10.1/share/hadoop/common/lib/commons-math3-3.1.1.jar
7f1f35e37000-7f1f35e39000 r--s 0000e000 103:03 11937420                  /usr/local/hadoop-2.10.1/share/hadoop/common/lib/commons-logging-1.1.3.jar
7f1f35e39000-7f1f35e40000 r--s 00064000 103:03 11937381                  /usr/local/hadoop-2.10.1/share/hadoop/common/lib/commons-lang3-3.4.jar
7f1f35e40000-7f1f35e45000 r--s 00041000 103:03 11937377                  /usr/local/hadoop-2.10.1/share/hadoop/common/lib/commons-lang-2.6.jar
7f1f35e45000-7f1f35e49000 r--s 0002a000 103:03 11937422                  /usr/local/hadoop-2.10.1/share/hadoop/common/lib/commons-io-2.4.jar
7f1f35e49000-7f1f35e4d000 r--s 00020000 103:03 11937379                  /usr/local/hadoop-2.10.1/share/hadoop/common/lib/commons-digester-1.8.jar
7f1f35e4d000-7f1f35e53000 r--s 00043000 103:03 11937378                  /usr/local/hadoop-2.10.1/share/hadoop/common/lib/commons-configuration-1.6.jar
7f1f35e53000-7f1f35e5f000 r--s 0008b000 103:03 11937387                  /usr/local/hadoop-2.10.1/share/hadoop/common/lib/commons-compress-1.19.jar
7f1f35e5f000-7f1f35e6c000 r--s 00083000 103:03 11937355                  /usr/local/hadoop-2.10.1/share/hadoop/common/lib/commons-collections-3.2.2.jar
7f1f35e6c000-7f1f35e6e000 r--s 0000d000 103:03 11937421                  /usr/local/hadoop-2.10.1/share/hadoop/common/lib/commons-codec-1.4.jar
7f1f35e6e000-7f1f35e77000 r--s 00062000 103:03 11937384                  /usr/local/hadoop-2.10.1/share/hadoop/common/lib/avro-1.7.7.jar
7f1f35e77000-7f1f35e89000 r--s 00097000 103:03 11937394                  /usr/local/hadoop-2.10.1/share/hadoop/common/lib/apacheds-kerberos-codec-2.0.0-M15.jar
7f1f35e89000-7f1f35ea4000 r--s 00394000 103:03 11800630                  /usr/lib/jvm/java-8-openjdk-amd64/jre/lib/ext/cldrdata.jar
7f1f35ea4000-7f1f35ea5000 ---p 00000000 00:00 0 
7f1f35ea5000-7f1f35fa5000 rw-p 00000000 00:00 0 
7f1f35fa5000-7f1f35fbb000 r-xp 00000000 103:03 9438020                   /lib/x86_64-linux-gnu/libnsl-2.23.so
7f1f35fbb000-7f1f361ba000 ---p 00016000 103:03 9438020                   /lib/x86_64-linux-gnu/libnsl-2.23.so
7f1f361ba000-7f1f361bb000 r--p 00015000 103:03 9438020                   /lib/x86_64-linux-gnu/libnsl-2.23.so
7f1f361bb000-7f1f361bc000 rw-p 00016000 103:03 9438020                   /lib/x86_64-linux-gnu/libnsl-2.23.so
7f1f361bc000-7f1f361be000 rw-p 00000000 00:00 0 
7f1f361be000-7f1f361c6000 r-xp 00000000 103:03 9438022                   /lib/x86_64-linux-gnu/libnss_compat-2.23.so
7f1f361c6000-7f1f363c5000 ---p 00008000 103:03 9438022                   /lib/x86_64-linux-gnu/libnss_compat-2.23.so
7f1f363c5000-7f1f363c6000 r--p 00007000 103:03 9438022                   /lib/x86_64-linux-gnu/libnss_compat-2.23.so
7f1f363c6000-7f1f363c7000 rw-p 00008000 103:03 9438022                   /lib/x86_64-linux-gnu/libnss_compat-2.23.so
7f1f363c7000-7f1f363ca000 r-xp 00000000 103:03 27656623                  /usr/lib/openmpi/lib/openmpi/mca_shmem_mmap.so
7f1f363ca000-7f1f365c9000 ---p 00003000 103:03 27656623                  /usr/lib/openmpi/lib/openmpi/mca_shmem_mmap.so
7f1f365c9000-7f1f365ca000 r--p 00002000 103:03 27656623                  /usr/lib/openmpi/lib/openmpi/mca_shmem_mmap.so
7f1f365ca000-7f1f365cb000 rw-p 00003000 103:03 27656623                  /usr/lib/openmpi/lib/openmpi/mca_shmem_mmap.so
7f1f365cb000-7f1f365cd000 r--s 00009000 103:03 11937415                  /usr/local/hadoop-2.10.1/share/hadoop/common/lib/commons-cli-1.2.jar
7f1f365cd000-7f1f365cf000 r-xp 00000000 103:03 27656551                  /usr/lib/openmpi/lib/openmpi/mca_db_print.so
7f1f365cf000-7f1f367ce000 ---p 00002000 103:03 27656551                  /usr/lib/openmpi/lib/openmpi/mca_db_print.so
7f1f367ce000-7f1f367cf000 r--p 00001000 103:03 27656551                  /usr/lib/openmpi/lib/openmpi/mca_db_print.so
7f1f367cf000-7f1f367d0000 rw-p 00002000 103:03 27656551                  /usr/lib/openmpi/lib/openmpi/mca_db_print.so
7f1f367d0000-7f1f367d1000 r-xp 00000000 103:03 27656619                  /usr/lib/openmpi/lib/openmpi/mca_sec_basic.so
7f1f367d1000-7f1f369d0000 ---p 00001000 103:03 27656619                  /usr/lib/openmpi/lib/openmpi/mca_sec_basic.so
7f1f369d0000-7f1f369d1000 r--p 00000000 103:03 27656619                  /usr/lib/openmpi/lib/openmpi/mca_sec_basic.so
7f1f369d1000-7f1f369d2000 rw-p 00001000 103:03 27656619                  /usr/lib/openmpi/lib/openmpi/mca_sec_basic.so
7f1f369d2000-7f1f369db000 r-xp 00000000 103:03 27659420                  /usr/lib/x86_64-linux-gnu/libltdl.so.7.3.1
7f1f369db000-7f1f36bda000 ---p 00009000 103:03 27659420                  /usr/lib/x86_64-linux-gnu/libltdl.so.7.3.1
7f1f36bda000-7f1f36bdb000 r--p 00008000 103:03 27659420                  /usr/lib/x86_64-linux-gnu/libltdl.so.7.3.1
7f1f36bdb000-7f1f36bdc000 rw-p 00009000 103:03 27659420                  /usr/lib/x86_64-linux-gnu/libltdl.so.7.3.1
7f1f36bdc000-7f1f36be6000 r-xp 00000000 103:03 27659428                  /usr/lib/x86_64-linux-gnu/libnuma.so.1.0.0
7f1f36be6000-7f1f36de5000 ---p 0000a000 103:03 27659428                  /usr/lib/x86_64-linux-gnu/libnuma.so.1.0.0
7f1f36de5000-7f1f36de6000 r--p 00009000 103:03 27659428                  /usr/lib/x86_64-linux-gnu/libnuma.so.1.0.0
7f1f36de6000-7f1f36de7000 rw-p 0000a000 103:03 27659428                  /usr/lib/x86_64-linux-gnu/libnuma.so.1.0.0
7f1f36de7000-7f1f36de9000 r-xp 00000000 103:03 9438071                   /lib/x86_64-linux-gnu/libutil-2.23.so
7f1f36de9000-7f1f36fe8000 ---p 00002000 103:03 9438071                   /lib/x86_64-linux-gnu/libutil-2.23.so
7f1f36fe8000-7f1f36fe9000 r--p 00001000 103:03 9438071                   /lib/x86_64-linux-gnu/libutil-2.23.so
7f1f36fe9000-7f1f36fea000 rw-p 00002000 103:03 9438071                   /lib/x86_64-linux-gnu/libutil-2.23.so
7f1f36fea000-7f1f36ff1000 r-xp 00000000 103:03 9438061                   /lib/x86_64-linux-gnu/librt-2.23.so
7f1f36ff1000-7f1f371f0000 ---p 00007000 103:03 9438061                   /lib/x86_64-linux-gnu/librt-2.23.so
7f1f371f0000-7f1f371f1000 r--p 00006000 103:03 9438061                   /lib/x86_64-linux-gnu/librt-2.23.so
7f1f371f1000-7f1f371f2000 rw-p 00007000 103:03 9438061                   /lib/x86_64-linux-gnu/librt-2.23.so
7f1f371f2000-7f1f3722b000 r-xp 00000000 103:03 27659378                  /usr/lib/x86_64-linux-gnu/libhwloc.so.5.6.8
7f1f3722b000-7f1f3742a000 ---p 00039000 103:03 27659378                  /usr/lib/x86_64-linux-gnu/libhwloc.so.5.6.8
7f1f3742a000-7f1f3742b000 r--p 00038000 103:03 27659378                  /usr/lib/x86_64-linux-gnu/libhwloc.so.5.6.8
7f1f3742b000-7f1f3742c000 rw-p 00039000 103:03 27659378                  /usr/lib/x86_64-linux-gnu/libhwloc.so.5.6.8
7f1f3742c000-7f1f3742f000 r-xp 00000000 103:03 9437992                   /lib/x86_64-linux-gnu/libdl-2.23.so
7f1f3742f000-7f1f3762e000 ---p 00003000 103:03 9437992                   /lib/x86_64-linux-gnu/libdl-2.23.so
7f1f3762e000-7f1f3762f000 r--p 00002000 103:03 9437992                   /lib/x86_64-linux-gnu/libdl-2.23.so
7f1f3762f000-7f1f37630000 rw-p 00003000 103:03 9437992                   /lib/x86_64-linux-gnu/libdl-2.23.so
7f1f37630000-7f1f37738000 r-xp 00000000 103:03 9438009                   /lib/x86_64-linux-gnu/libm-2.23.so
7f1f37738000-7f1f37937000 ---p 00108000 103:03 9438009                   /lib/x86_64-linux-gnu/libm-2.23.so
7f1f37937000-7f1f37938000 r--p 00107000 103:03 9438009                   /lib/x86_64-linux-gnu/libm-2.23.so
7f1f37938000-7f1f37939000 rw-p 00108000 103:03 9438009                   /lib/x86_64-linux-gnu/libm-2.23.so
7f1f37939000-7f1f379c9000 r-xp 00000000 103:03 27656515                  /usr/lib/openmpi/lib/libopen-pal.so.13.0.2
7f1f379c9000-7f1f37bc9000 ---p 00090000 103:03 27656515                  /usr/lib/openmpi/lib/libopen-pal.so.13.0.2
7f1f37bc9000-7f1f37bcd000 r--p 00090000 103:03 27656515                  /usr/lib/openmpi/lib/libopen-pal.so.13.0.2
7f1f37bcd000-7f1f37bd1000 rw-p 00094000 103:03 27656515                  /usr/lib/openmpi/lib/libopen-pal.so.13.0.2
7f1f37bd1000-7f1f37bd6000 rw-p 00000000 00:00 0 
7f1f37bd6000-7f1f37c4b000 r-xp 00000000 103:03 27656517                  /usr/lib/openmpi/lib/libopen-rte.so.12.0.2
7f1f37c4b000-7f1f37e4a000 ---p 00075000 103:03 27656517                  /usr/lib/openmpi/lib/libopen-rte.so.12.0.2
7f1f37e4a000-7f1f37e4b000 r--p 00074000 103:03 27656517                  /usr/lib/openmpi/lib/libopen-rte.so.12.0.2
7f1f37e4b000-7f1f37e4e000 rw-p 00075000 103:03 27656517                  /usr/lib/openmpi/lib/libopen-rte.so.12.0.2
7f1f37e4e000-7f1f37e50000 rw-p 00000000 00:00 0 
7f1f37e50000-7f1f37e5d000 r-xp 00000000 103:03 27534412                  /usr/lib/libibverbs.so.1.0.0
7f1f37e5d000-7f1f3805d000 ---p 0000d000 103:03 27534412                  /usr/lib/libibverbs.so.1.0.0
7f1f3805d000-7f1f3805e000 r--p 0000d000 103:03 27534412                  /usr/lib/libibverbs.so.1.0.0
7f1f3805e000-7f1f3805f000 rw-p 0000e000 103:03 27534412                  /usr/lib/libibverbs.so.1.0.0
7f1f3805f000-7f1f38077000 r-xp 00000000 103:03 9438057                   /lib/x86_64-linux-gnu/libpthread-2.23.so
7f1f38077000-7f1f38276000 ---p 00018000 103:03 9438057                   /lib/x86_64-linux-gnu/libpthread-2.23.so
7f1f38276000-7f1f38277000 r--p 00017000 103:03 9438057                   /lib/x86_64-linux-gnu/libpthread-2.23.so
7f1f38277000-7f1f38278000 rw-p 00018000 103:03 9438057                   /lib/x86_64-linux-gnu/libpthread-2.23.so
7f1f38278000-7f1f3827c000 rw-p 00000000 00:00 0 
7f1f3827c000-7f1f38fa1000 r-xp 00000000 103:03 11800597                  /usr/lib/jvm/java-8-openjdk-amd64/jre/lib/amd64/server/libjvm.so
7f1f38fa1000-7f1f391a0000 ---p 00d25000 103:03 11800597                  /usr/lib/jvm/java-8-openjdk-amd64/jre/lib/amd64/server/libjvm.so
7f1f391a0000-7f1f39236000 r--p 00d24000 103:03 11800597                  /usr/lib/jvm/java-8-openjdk-amd64/jre/lib/amd64/server/libjvm.so
7f1f39236000-7f1f3925f000 rw-p 00dba000 103:03 11800597                  /usr/lib/jvm/java-8-openjdk-amd64/jre/lib/amd64/server/libjvm.so
7f1f3925f000-7f1f39292000 rw-p 00000000 00:00 0 
7f1f39292000-7f1f39452000 r-xp 00000000 103:03 9437982                   /lib/x86_64-linux-gnu/libc-2.23.so
7f1f39452000-7f1f39652000 ---p 001c0000 103:03 9437982                   /lib/x86_64-linux-gnu/libc-2.23.so
7f1f39652000-7f1f39656000 r--p 001c0000 103:03 9437982                   /lib/x86_64-linux-gnu/libc-2.23.so
7f1f39656000-7f1f39658000 rw-p 001c4000 103:03 9437982                   /lib/x86_64-linux-gnu/libc-2.23.so
7f1f39658000-7f1f3965c000 rw-p 00000000 00:00 0 
7f1f3965c000-7f1f39673000 r-xp 00000000 103:03 28706093                  /lib/x86_64-linux-gnu/libgcc_s.so.1
7f1f39673000-7f1f39872000 ---p 00017000 103:03 28706093                  /lib/x86_64-linux-gnu/libgcc_s.so.1
7f1f39872000-7f1f39873000 r--p 00016000 103:03 28706093                  /lib/x86_64-linux-gnu/libgcc_s.so.1
7f1f39873000-7f1f39874000 rw-p 00017000 103:03 28706093                  /lib/x86_64-linux-gnu/libgcc_s.so.1
7f1f39874000-7f1f399f0000 r-xp 00000000 103:03 28707347                  /usr/lib/x86_64-linux-gnu/libstdc++.so.6.0.25
7f1f399f0000-7f1f39bf0000 ---p 0017c000 103:03 28707347                  /usr/lib/x86_64-linux-gnu/libstdc++.so.6.0.25
7f1f39bf0000-7f1f39bfa000 r--p 0017c000 103:03 28707347                  /usr/lib/x86_64-linux-gnu/libstdc++.so.6.0.25
7f1f39bfa000-7f1f39bfc000 rw-p 00186000 103:03 28707347                  /usr/lib/x86_64-linux-gnu/libstdc++.so.6.0.25
7f1f39bfc000-7f1f39c00000 rw-p 00000000 00:00 0 
7f1f39c00000-7f1f39cb2000 r-xp 00000000 103:03 27656503                  /usr/lib/openmpi/lib/libmpi.so.12.0.2
7f1f39cb2000-7f1f39eb2000 ---p 000b2000 103:03 27656503                  /usr/lib/openmpi/lib/libmpi.so.12.0.2
7f1f39eb2000-7f1f39eb3000 r--p 000b2000 103:03 27656503                  /usr/lib/openmpi/lib/libmpi.so.12.0.2
7f1f39eb3000-7f1f39ec3000 rw-p 000b3000 103:03 27656503                  /usr/lib/openmpi/lib/libmpi.so.12.0.2
7f1f39ec3000-7f1f39ed6000 rw-p 00000000 00:00 0 
7f1f39ed6000-7f1f39eee000 r-xp 00000000 103:03 27656505                  /usr/lib/openmpi/lib/libmpi_cxx.so.1.1.3
7f1f39eee000-7f1f3a0ee000 ---p 00018000 103:03 27656505                  /usr/lib/openmpi/lib/libmpi_cxx.so.1.1.3
7f1f3a0ee000-7f1f3a0f0000 r--p 00018000 103:03 27656505                  /usr/lib/openmpi/lib/libmpi_cxx.so.1.1.3
7f1f3a0f0000-7f1f3a0f1000 rw-p 0001a000 103:03 27656505                  /usr/lib/openmpi/lib/libmpi_cxx.so.1.1.3
7f1f3a0f1000-7f1f3a102000 r-xp 00000000 103:03 11927643                  /usr/local/hadoop-2.10.1/lib/native/libhdfs.so.0.0.0
7f1f3a102000-7f1f3a301000 ---p 00011000 103:03 11927643                  /usr/local/hadoop-2.10.1/lib/native/libhdfs.so.0.0.0
7f1f3a301000-7f1f3a302000 r--p 00010000 103:03 11927643                  /usr/local/hadoop-2.10.1/lib/native/libhdfs.so.0.0.0
7f1f3a302000-7f1f3a303000 rw-p 00011000 103:03 11927643                  /usr/local/hadoop-2.10.1/lib/native/libhdfs.so.0.0.0
7f1f3a303000-7f1f3a329000 r-xp 00000000 103:03 9437971                   /lib/x86_64-linux-gnu/ld-2.23.so
7f1f3a329000-7f1f3a32e000 r--s 00038000 103:03 11937380                  /usr/local/hadoop-2.10.1/share/hadoop/common/lib/commons-beanutils-1.9.4.jar
7f1f3a32e000-7f1f3a32f000 r--s 00004000 103:03 11937400                  /usr/local/hadoop-2.10.1/share/hadoop/common/lib/audience-annotations-0.5.0.jar
7f1f3a32f000-7f1f3a330000 r--s 0000a000 103:03 11937373                  /usr/local/hadoop-2.10.1/share/hadoop/common/lib/asm-3.2.jar
7f1f3a330000-7f1f3a332000 r--s 00012000 103:03 11937397                  /usr/local/hadoop-2.10.1/share/hadoop/common/lib/api-util-1.0.0-M20.jar
7f1f3a332000-7f1f3a334000 r--s 00003000 103:03 11937396                  /usr/local/hadoop-2.10.1/share/hadoop/common/lib/api-asn1-api-1.0.0-M20.jar
7f1f3a334000-7f1f3a335000 r--s 0000a000 103:03 11937395                  /usr/local/hadoop-2.10.1/share/hadoop/common/lib/apacheds-i18n-2.0.0-M15.jar
7f1f3a335000-7f1f3a337000 r--s 0000e000 103:03 11937367                  /usr/local/hadoop-2.10.1/share/hadoop/common/lib/activation-1.1.jar
7f1f3a337000-7f1f3a339000 r--s 00010000 103:03 11800628                  /usr/lib/jvm/java-8-openjdk-amd64/jre/lib/ext/zipfs.jar
7f1f3a339000-7f1f3a33c000 r--s 0000f000 103:03 11800629                  /usr/lib/jvm/java-8-openjdk-amd64/jre/lib/ext/icedtea-sound.jar
7f1f3a33c000-7f1f3a33e000 r--s 00001000 103:03 11800633                  /usr/lib/jvm/java-8-openjdk-amd64/jre/lib/ext/dnsns.jar
7f1f3a33e000-7f1f3a359000 r--s 001d6000 103:03 11800637                  /usr/lib/jvm/java-8-openjdk-amd64/jre/lib/ext/nashorn.jar
7f1f3a359000-7f1f3a3f5000 rw-p 00000000 00:00 0 
7f1f3a3f5000-7f1f3a3f6000 ---p 00000000 00:00 0 
7f1f3a3f6000-7f1f3a501000 rw-p 00000000 00:00 0 
7f1f3a501000-7f1f3a50b000 r--s 00117000 103:03 11800631                  /usr/lib/jvm/java-8-openjdk-amd64/jre/lib/ext/localedata.jar
7f1f3a50b000-7f1f3a50c000 r--s 0000d000 103:03 11800632                  /usr/lib/jvm/java-8-openjdk-amd64/jre/lib/ext/sunec.jar
7f1f3a50c000-7f1f3a50d000 r--s 0000a000 103:03 11800635                  /usr/lib/jvm/java-8-openjdk-amd64/jre/lib/ext/jaccess.jar
7f1f3a50d000-7f1f3a511000 r--s 00040000 103:03 11800636                  /usr/lib/jvm/java-8-openjdk-amd64/jre/lib/ext/sunpkcs11.jar
7f1f3a511000-7f1f3a517000 r--s 0003d000 103:03 11800634                  /usr/lib/jvm/java-8-openjdk-amd64/jre/lib/ext/sunjce_provider.jar
7f1f3a517000-7f1f3a51d000 r--s 000d3000 103:03 11800618                  /usr/lib/jvm/java-8-openjdk-amd64/jre/lib/jfr.jar
7f1f3a51d000-7f1f3a525000 rw-s 00000000 103:03 11801703                  /tmp/hsperfdata_root/81290
7f1f3a525000-7f1f3a526000 rw-p 00000000 00:00 0 
7f1f3a526000-7f1f3a527000 r--p 00000000 00:00 0 
7f1f3a527000-7f1f3a528000 rw-p 00000000 00:00 0 
7f1f3a528000-7f1f3a529000 r--p 00025000 103:03 9437971                   /lib/x86_64-linux-gnu/ld-2.23.so
7f1f3a529000-7f1f3a52a000 rw-p 00026000 103:03 9437971                   /lib/x86_64-linux-gnu/ld-2.23.so
7f1f3a52a000-7f1f3a52b000 rw-p 00000000 00:00 0 
7ffe21eea000-7ffe21eed000 ---p 00000000 00:00 0 
7ffe21eed000-7ffe21fea000 rw-p 00000000 00:00 0                          [stack]
7ffe21ff2000-7ffe21ff4000 r--p 00000000 00:00 0                          [vvar]
7ffe21ff4000-7ffe21ff6000 r-xp 00000000 00:00 0                          [vdso]
ffffffffff600000-ffffffffff601000 r-xp 00000000 00:00 0                  [vsyscall]

VM Arguments:
java_command: <unknown>
java_class_path (initial): /usr/local/hadoop-2.10.1/etc/hadoop:/usr/local/hadoop-2.10.1/share/hadoop/common/lib/activation-1.1.jar:/usr/local/hadoop-2.10.1/share/hadoop/common/lib/apacheds-i18n-2.0.0-M15.jar:/usr/local/hadoop-2.10.1/share/hadoop/common/lib/apacheds-kerberos-codec-2.0.0-M15.jar:/usr/local/hadoop-2.10.1/share/hadoop/common/lib/api-asn1-api-1.0.0-M20.jar:/usr/local/hadoop-2.10.1/share/hadoop/common/lib/api-util-1.0.0-M20.jar:/usr/local/hadoop-2.10.1/share/hadoop/common/lib/asm-3.2.jar:/usr/local/hadoop-2.10.1/share/hadoop/common/lib/audience-annotations-0.5.0.jar:/usr/local/hadoop-2.10.1/share/hadoop/common/lib/avro-1.7.7.jar:/usr/local/hadoop-2.10.1/share/hadoop/common/lib/commons-beanutils-1.9.4.jar:/usr/local/hadoop-2.10.1/share/hadoop/common/lib/commons-cli-1.2.jar:/usr/local/hadoop-2.10.1/share/hadoop/common/lib/commons-codec-1.4.jar:/usr/local/hadoop-2.10.1/share/hadoop/common/lib/commons-collections-3.2.2.jar:/usr/local/hadoop-2.10.1/share/hadoop/common/lib/commons-compress-1.19.jar:/usr/local/hadoop-2.10.1/share/hadoop/common/lib/commons-configuration-1.6.jar:/usr/local/hadoop-2.10.1/share/hadoop/common/lib/commons-digester-1.8.jar:/usr/local/hadoop-2.10.1/share/hadoop/common/lib/commons-io-2.4.jar:/usr/local/hadoop-2.10.1/share/hadoop/common/lib/commons-lang-2.6.jar:/usr/local/hadoop-2.10.1/share/hadoop/common/lib/commons-lang3-3.4.jar:/usr/local/hadoop-2.10.1/share/hadoop/common/lib/commons-logging-1.1.3.jar:/usr/local/hadoop-2.10.1/share/hadoop/common/lib/commons-math3-3.1.1.jar:/usr/local/hadoop-2.10.1/share/hadoop/common/lib/commons-net-3.1.jar:/usr/local/hadoop-2.10.1/share/hadoop/common/lib/curator-client-2.13.0.jar:/usr/local/hadoop-2.10.1/share/hadoop/common/lib/curator-framework-2.13.0.jar:/usr/local/hadoop-2.10.1/share/hadoop/common/lib/curator-recipes-2.13.0.jar:/usr/local/hadoop-2.10.1/share/hadoop/common/lib/gson-2.2.4.jar:/usr/local/hadoop-2.10.1/share/hadoop/common/lib/guava-11.0.2.jar:/usr/local/hadoop-2.10.1/share/hadoop/com
Launcher Type: generic

Environment Variables:
JAVA_HOME=/usr/lib/jvm/java-8-openjdk-amd64
PATH=/usr/local/cuda/bin:/usr/local/miniconda3/bin:/root/.vscode-server/bin/e5a624b788d92b8d34d1392e4c4d9789406efe8f/bin:/usr/local/miniconda3/envs/dl10/bin:/usr/local/miniconda3/condabin:/usr/local/cuda/bin:/usr/local/miniconda3/bin:/remote-home/source/envs/bin:/remote-home/source/envs/bin:/remote-home/source/envs/bin:/remote-home/source/envs/bin:/remote-home/source/envs/bin:/root/.vscode-server/bin/e5a624b788d92b8d34d1392e4c4d9789406efe8f/bin:/usr/local/sbin:/usr/local/bin:/usr/sbin:/usr/bin:/sbin:/bin:/snap/bin:/usr/local/mpich/bin:/usr/local/hadoop-2.10.1/bin:/usr/local/hadoop-2.10.1/sbin:/usr/local/mpich/bin:/usr/local/hadoop-2.10.1/bin:/usr/local/hadoop-2.10.1/sbin
LD_LIBRARY_PATH=:/usr/lib/jvm/java-8-openjdk-amd64/jre/lib/amd64/server:/usr/local/hadoop-2.10.1/lib/native:/usr/lib/jvm/java-8-openjdk-amd64/jre/lib/amd64/server:/usr/local/hadoop-2.10.1/lib/native
SHELL=/bin/bash

Signal Handlers:
SIGSEGV: [libjvm.so+0xb1e940], sa_mask[0]=11111111011111111101111111111110, sa_flags=SA_RESTART|SA_SIGINFO
SIGBUS: [libjvm.so+0xb1e940], sa_mask[0]=11111111011111111101111111111110, sa_flags=SA_RESTART|SA_SIGINFO
SIGFPE: [libjvm.so+0x956450], sa_mask[0]=11111111011111111101111111111110, sa_flags=SA_RESTART|SA_SIGINFO
SIGPIPE: [libjvm.so+0x956450], sa_mask[0]=11111111011111111101111111111110, sa_flags=SA_RESTART|SA_SIGINFO
SIGXFSZ: [libjvm.so+0x956450], sa_mask[0]=11111111011111111101111111111110, sa_flags=SA_RESTART|SA_SIGINFO
SIGILL: [libjvm.so+0x956450], sa_mask[0]=11111111011111111101111111111110, sa_flags=SA_RESTART|SA_SIGINFO
SIGUSR1: SIG_DFL, sa_mask[0]=00000000000000000000000000000000, sa_flags=none
SIGUSR2: [libjvm.so+0x956300], sa_mask[0]=00000000000000000000000000000000, sa_flags=SA_RESTART|SA_SIGINFO
SIGHUP: [libjvm.so+0x956990], sa_mask[0]=11111111011111111101111111111110, sa_flags=SA_RESTART|SA_SIGINFO
SIGINT: [libjvm.so+0x956990], sa_mask[0]=11111111011111111101111111111110, sa_flags=SA_RESTART|SA_SIGINFO
SIGTERM: [libjvm.so+0x956990], sa_mask[0]=11111111011111111101111111111110, sa_flags=SA_RESTART|SA_SIGINFO
SIGQUIT: [libjvm.so+0x956990], sa_mask[0]=11111111011111111101111111111110, sa_flags=SA_RESTART|SA_SIGINFO


---------------  S Y S T E M  ---------------

OS:DISTRIB_ID=Ubuntu
DISTRIB_RELEASE=16.04
DISTRIB_CODENAME=xenial
DISTRIB_DESCRIPTION="Ubuntu 16.04.5 LTS"

uname:Linux 4.4.0-190-generic #220-Ubuntu SMP Fri Aug 28 23:02:15 UTC 2020 x86_64
libc:glibc 2.23 NPTL 2.23 
rlimit: STACK 8192k, CORE infinity, NPROC infinity, NOFILE 1048576, AS infinity
load average:0.22 0.13 0.10

/proc/meminfo:
MemTotal:       32605620 kB
MemFree:        16616932 kB
MemAvailable:   28478024 kB
Buffers:         4841100 kB
Cached:          6636416 kB
SwapCached:            0 kB
Active:         11229676 kB
Inactive:        3481748 kB
Active(anon):    3256556 kB
Inactive(anon):    66116 kB
Active(file):    7973120 kB
Inactive(file):  3415632 kB
Unevictable:          32 kB
Mlocked:              32 kB
SwapTotal:             0 kB
SwapFree:              0 kB
Dirty:             10224 kB
Writeback:             0 kB
AnonPages:       3234164 kB
Mapped:           649188 kB
Shmem:             88768 kB
Slab:             995192 kB
SReclaimable:     881312 kB
SUnreclaim:       113880 kB
KernelStack:       17712 kB
PageTables:        47856 kB
NFS_Unstable:          0 kB
Bounce:                0 kB
WritebackTmp:          0 kB
CommitLimit:    16302808 kB
Committed_AS:   11123328 kB
VmallocTotal:   34359738367 kB
VmallocUsed:           0 kB
VmallocChunk:          0 kB
HardwareCorrupted:     0 kB
AnonHugePages:         0 kB
CmaTotal:              0 kB
CmaFree:               0 kB
HugePages_Total:       0
HugePages_Free:        0
HugePages_Rsvd:        0
HugePages_Surp:        0
Hugepagesize:       2048 kB
DirectMap4k:      287876 kB
DirectMap2M:     9867264 kB
DirectMap1G:    23068672 kB

container (cgroup) information:
container_type: cgroupv1
cpu_cpuset_cpus: 0-11
cpu_memory_nodes: 0
active_processor_count: 12
cpu_quota: -1
cpu_period: 100000
cpu_shares: -1
memory_limit_in_bytes: -1
memory_and_swap_limit_in_bytes: -2
memory_soft_limit_in_bytes: -1
memory_usage_in_bytes: 5554839552
memory_max_usage_in_bytes: 6109421568


CPU:total 12 (initial active 12) (6 cores per cpu, 2 threads per core) family 6 model 85 stepping 4, cmov, cx8, fxsr, mmx, sse, sse2, sse3, ssse3, sse4.1, sse4.2, popcnt, avx, avx2, aes, clmul, erms, rtm, 3dnowpref, lzcnt, ht, tsc, tscinvbit, bmi1, bmi2, adx

/proc/cpuinfo:
processor	: 0
vendor_id	: GenuineIntel
cpu family	: 6
model		: 85
model name	: Intel(R) Xeon(R) W-2135 CPU @ 3.70GHz
stepping	: 4
microcode	: 0x2006906
cpu MHz		: 1909.980
cache size	: 8448 KB
physical id	: 0
siblings	: 12
core id		: 0
cpu cores	: 6
apicid		: 0
initial apicid	: 0
fpu		: yes
fpu_exception	: yes
cpuid level	: 22
wp		: yes
flags		: fpu vme de pse tsc msr pae mce cx8 apic sep mtrr pge mca cmov pat pse36 clflush dts acpi mmx fxsr sse sse2 ss ht tm pbe syscall nx pdpe1gb rdtscp lm constant_tsc art arch_perfmon pebs bts rep_good nopl xtopology nonstop_tsc aperfmperf pni pclmulqdq dtes64 monitor ds_cpl vmx smx est tm2 ssse3 sdbg fma cx16 xtpr pdcm pcid dca sse4_1 sse4_2 x2apic movbe popcnt tsc_deadline_timer aes xsave avx f16c rdrand lahf_lm abm 3dnowprefetch epb invpcid_single intel_pt ssbd ibrs ibpb stibp kaiser tpr_shadow vnmi flexpriority ept vpid fsgsbase tsc_adjust bmi1 hle avx2 smep bmi2 erms invpcid rtm cqm mpx avx512f rdseed adx smap clflushopt clwb avx512cd xsaveopt xsavec xgetbv1 cqm_llc cqm_occup_llc cqm_mbm_total cqm_mbm_local dtherm ida arat pln pts hwp hwp_act_window hwp_epp hwp_pkg_req md_clear flush_l1d
bugs		: cpu_meltdown spectre_v1 spectre_v2 spec_store_bypass l1tf mds swapgs taa itlb_multihit
bogomips	: 7391.82
clflush size	: 64
cache_alignment	: 64
address sizes	: 46 bits physical, 48 bits virtual
power management:

processor	: 1
vendor_id	: GenuineIntel
cpu family	: 6
model		: 85
model name	: Intel(R) Xeon(R) W-2135 CPU @ 3.70GHz
stepping	: 4
microcode	: 0x2006906
cpu MHz		: 1592.589
cache size	: 8448 KB
physical id	: 0
siblings	: 12
core id		: 1
cpu cores	: 6
apicid		: 2
initial apicid	: 2
fpu		: yes
fpu_exception	: yes
cpuid level	: 22
wp		: yes
flags		: fpu vme de pse tsc msr pae mce cx8 apic sep mtrr pge mca cmov pat pse36 clflush dts acpi mmx fxsr sse sse2 ss ht tm pbe syscall nx pdpe1gb rdtscp lm constant_tsc art arch_perfmon pebs bts rep_good nopl xtopology nonstop_tsc aperfmperf pni pclmulqdq dtes64 monitor ds_cpl vmx smx est tm2 ssse3 sdbg fma cx16 xtpr pdcm pcid dca sse4_1 sse4_2 x2apic movbe popcnt tsc_deadline_timer aes xsave avx f16c rdrand lahf_lm abm 3dnowprefetch epb invpcid_single intel_pt ssbd ibrs ibpb stibp kaiser tpr_shadow vnmi flexpriority ept vpid fsgsbase tsc_adjust bmi1 hle avx2 smep bmi2 erms invpcid rtm cqm mpx avx512f rdseed adx smap clflushopt clwb avx512cd xsaveopt xsavec xgetbv1 cqm_llc cqm_occup_llc cqm_mbm_total cqm_mbm_local dtherm ida arat pln pts hwp hwp_act_window hwp_epp hwp_pkg_req md_clear flush_l1d
bugs		: cpu_meltdown spectre_v1 spectre_v2 spec_store_bypass l1tf mds swapgs taa itlb_multihit
bogomips	: 7391.82
clflush size	: 64
cache_alignment	: 64
address sizes	: 46 bits physical, 48 bits virtual
power management:

processor	: 2
vendor_id	: GenuineIntel
cpu family	: 6
model		: 85
model name	: Intel(R) Xeon(R) W-2135 CPU @ 3.70GHz
stepping	: 4
microcode	: 0x2006906
cpu MHz		: 4173.484
cache size	: 8448 KB
physical id	: 0
siblings	: 12
core id		: 2
cpu cores	: 6
apicid		: 4
initial apicid	: 4
fpu		: yes
fpu_exception	: yes
cpuid level	: 22
wp		: yes
flags		: fpu vme de pse tsc msr pae mce cx8 apic sep mtrr pge mca cmov pat pse36 clflush dts acpi mmx fxsr sse sse2 ss ht tm pbe syscall nx pdpe1gb rdtscp lm constant_tsc art arch_perfmon pebs bts rep_good nopl xtopology nonstop_tsc aperfmperf pni pclmulqdq dtes64 monitor ds_cpl vmx smx est tm2 ssse3 sdbg fma cx16 xtpr pdcm pcid dca sse4_1 sse4_2 x2apic movbe popcnt tsc_deadline_timer aes xsave avx f16c rdrand lahf_lm abm 3dnowprefetch epb invpcid_single intel_pt ssbd ibrs ibpb stibp kaiser tpr_shadow vnmi flexpriority ept vpid fsgsbase tsc_adjust bmi1 hle avx2 smep bmi2 erms invpcid rtm cqm mpx avx512f rdseed adx smap clflushopt clwb avx512cd xsaveopt xsavec xgetbv1 cqm_llc cqm_occup_llc cqm_mbm_total cqm_mbm_local dtherm ida arat pln pts hwp hwp_act_window hwp_epp hwp_pkg_req md_clear flush_l1d
bugs		: cpu_meltdown spectre_v1 spectre_v2 spec_store_bypass l1tf mds swapgs taa itlb_multihit
bogomips	: 7391.82
clflush size	: 64
cache_alignment	: 64
address sizes	: 46 bits physical, 48 bits virtual
power management:

processor	: 3
vendor_id	: GenuineIntel
cpu family	: 6
model		: 85
model name	: Intel(R) Xeon(R) W-2135 CPU @ 3.70GHz
stepping	: 4
microcode	: 0x2006906
cpu MHz		: 1600.972
cache size	: 8448 KB
physical id	: 0
siblings	: 12
core id		: 3
cpu cores	: 6
apicid		: 6
initial apicid	: 6
fpu		: yes
fpu_exception	: yes
cpuid level	: 22
wp		: yes
flags		: fpu vme de pse tsc msr pae mce cx8 apic sep mtrr pge mca cmov pat pse36 clflush dts acpi mmx fxsr sse sse2 ss ht tm pbe syscall nx pdpe1gb rdtscp lm constant_tsc art arch_perfmon pebs bts rep_good nopl xtopology nonstop_tsc aperfmperf pni pclmulqdq dtes64 monitor ds_cpl vmx smx est tm2 ssse3 sdbg fma cx16 xtpr pdcm pcid dca sse4_1 sse4_2 x2apic movbe popcnt tsc_deadline_timer aes xsave avx f16c rdrand lahf_lm abm 3dnowprefetch epb invpcid_single intel_pt ssbd ibrs ibpb stibp kaiser tpr_shadow vnmi flexpriority ept vpid fsgsbase tsc_adjust bmi1 hle avx2 smep bmi2 erms invpcid rtm cqm mpx avx512f rdseed adx smap clflushopt clwb avx512cd xsaveopt xsavec xgetbv1 cqm_llc cqm_occup_llc cqm_mbm_total cqm_mbm_local dtherm ida arat pln pts hwp hwp_act_window hwp_epp hwp_pkg_req md_clear flush_l1d
bugs		: cpu_meltdown spectre_v1 spectre_v2 spec_store_bypass l1tf mds swapgs taa itlb_multihit
bogomips	: 7391.82
clflush size	: 64
cache_alignment	: 64
address sizes	: 46 bits physical, 48 bits virtual
power management:

processor	: 4
vendor_id	: GenuineIntel
cpu family	: 6
model		: 85
model name	: Intel(R) Xeon(R) W-2135 CPU @ 3.70GHz
stepping	: 4
microcode	: 0x2006906
cpu MHz		: 3501.992
cache size	: 8448 KB
physical id	: 0
siblings	: 12
core id		: 4
cpu cores	: 6
apicid		: 8
initial apicid	: 8
fpu		: yes
fpu_exception	: yes
cpuid level	: 22
wp		: yes
flags		: fpu vme de pse tsc msr pae mce cx8 apic sep mtrr pge mca cmov pat pse36 clflush dts acpi mmx fxsr sse sse2 ss ht tm pbe syscall nx pdpe1gb rdtscp lm constant_tsc art arch_perfmon pebs bts rep_good nopl xtopology nonstop_tsc aperfmperf pni pclmulqdq dtes64 monitor ds_cpl vmx smx est tm2 ssse3 sdbg fma cx16 xtpr pdcm pcid dca sse4_1 sse4_2 x2apic movbe popcnt tsc_deadline_timer aes xsave avx f16c rdrand lahf_lm abm 3dnowprefetch epb invpcid_single intel_pt ssbd ibrs ibpb stibp kaiser tpr_shadow vnmi flexpriority ept vpid fsgsbase tsc_adjust bmi1 hle avx2 smep bmi2 erms invpcid rtm cqm mpx avx512f rdseed adx smap clflushopt clwb avx512cd xsaveopt xsavec xgetbv1 cqm_llc cqm_occup_llc cqm_mbm_total cqm_mbm_local dtherm ida arat pln pts hwp hwp_act_window hwp_epp hwp_pkg_req md_clear flush_l1d
bugs		: cpu_meltdown spectre_v1 spectre_v2 spec_store_bypass l1tf mds swapgs taa itlb_multihit
bogomips	: 7391.82
clflush size	: 64
cache_alignment	: 64
address sizes	: 46 bits physical, 48 bits virtual
power management:

processor	: 5
vendor_id	: GenuineIntel
cpu family	: 6
model		: 85
model name	: Intel(R) Xeon(R) W-2135 CPU @ 3.70GHz
stepping	: 4
microcode	: 0x2006906
cpu MHz		: 1578.714
cache size	: 8448 KB
physical id	: 0
siblings	: 12
core id		: 5
cpu cores	: 6
apicid		: 10
initial apicid	: 10
fpu		: yes
fpu_exception	: yes
cpuid level	: 22
wp		: yes
flags		: fpu vme de pse tsc msr pae mce cx8 apic sep mtrr pge mca cmov pat pse36 clflush dts acpi mmx fxsr sse sse2 ss ht tm pbe syscall nx pdpe1gb rdtscp lm constant_tsc art arch_perfmon pebs bts rep_good nopl xtopology nonstop_tsc aperfmperf pni pclmulqdq dtes64 monitor ds_cpl vmx smx est tm2 ssse3 sdbg fma cx16 xtpr pdcm pcid dca sse4_1 sse4_2 x2apic movbe popcnt tsc_deadline_timer aes xsave avx f16c rdrand lahf_lm abm 3dnowprefetch epb invpcid_single intel_pt ssbd ibrs ibpb stibp kaiser tpr_shadow vnmi flexpriority ept vpid fsgsbase tsc_adjust bmi1 hle avx2 smep bmi2 erms invpcid rtm cqm mpx avx512f rdseed adx smap clflushopt clwb avx512cd xsaveopt xsavec xgetbv1 cqm_llc cqm_occup_llc cqm_mbm_total cqm_mbm_local dtherm ida arat pln pts hwp hwp_act_window hwp_epp hwp_pkg_req md_clear flush_l1d
bugs		: cpu_meltdown spectre_v1 spectre_v2 spec_store_bypass l1tf mds swapgs taa itlb_multihit
bogomips	: 7391.82
clflush size	: 64
cache_alignment	: 64
address sizes	: 46 bits physical, 48 bits virtual
power management:

processor	: 6
vendor_id	: GenuineIntel
cpu family	: 6
model		: 85
model name	: Intel(R) Xeon(R) W-2135 CPU @ 3.70GHz
stepping	: 4
microcode	: 0x2006906
cpu MHz		: 1599.960
cache size	: 8448 KB
physical id	: 0
siblings	: 12
core id		: 0
cpu cores	: 6
apicid		: 1
initial apicid	: 1
fpu		: yes
fpu_exception	: yes
cpuid level	: 22
wp		: yes
flags		: fpu vme de pse tsc msr pae mce cx8 apic sep mtrr pge mca cmov pat pse36 clflush dts acpi mmx fxsr sse sse2 ss ht tm pbe syscall nx pdpe1gb rdtscp lm constant_tsc art arch_perfmon pebs bts rep_good nopl xtopology nonstop_tsc aperfmperf pni pclmulqdq dtes64 monitor ds_cpl vmx smx est tm2 ssse3 sdbg fma cx16 xtpr pdcm pcid dca sse4_1 sse4_2 x2apic movbe popcnt tsc_deadline_timer aes xsave avx f16c rdrand lahf_lm abm 3dnowprefetch epb invpcid_single intel_pt ssbd ibrs ibpb stibp kaiser tpr_shadow vnmi flexpriority ept vpid fsgsbase tsc_adjust bmi1 hle avx2 smep bmi2 erms invpcid rtm cqm mpx avx512f rdseed adx smap clflushopt clwb avx512cd xsaveopt xsavec xgetbv1 cqm_llc cqm_occup_llc cqm_mbm_total cqm_mbm_local dtherm ida arat pln pts hwp hwp_act_window hwp_epp hwp_pkg_req md_clear flush_l1d
bugs		: cpu_meltdown spectre_v1 spectre_v2 spec_store_bypass l1tf mds swapgs taa itlb_multihit
bogomips	: 7391.82
clflush size	: 64
cache_alignment	: 64
address sizes	: 46 bits physical, 48 bits virtual
power management:

processor	: 7
vendor_id	: GenuineIntel
cpu family	: 6
model		: 85
model name	: Intel(R) Xeon(R) W-2135 CPU @ 3.70GHz
stepping	: 4
microcode	: 0x2006906
cpu MHz		: 1593.312
cache size	: 8448 KB
physical id	: 0
siblings	: 12
core id		: 1
cpu cores	: 6
apicid		: 3
initial apicid	: 3
fpu		: yes
fpu_exception	: yes
cpuid level	: 22
wp		: yes
flags		: fpu vme de pse tsc msr pae mce cx8 apic sep mtrr pge mca cmov pat pse36 clflush dts acpi mmx fxsr sse sse2 ss ht tm pbe syscall nx pdpe1gb rdtscp lm constant_tsc art arch_perfmon pebs bts rep_good nopl xtopology nonstop_tsc aperfmperf pni pclmulqdq dtes64 monitor ds_cpl vmx smx est tm2 ssse3 sdbg fma cx16 xtpr pdcm pcid dca sse4_1 sse4_2 x2apic movbe popcnt tsc_deadline_timer aes xsave avx f16c rdrand lahf_lm abm 3dnowprefetch epb invpcid_single intel_pt ssbd ibrs ibpb stibp kaiser tpr_shadow vnmi flexpriority ept vpid fsgsbase tsc_adjust bmi1 hle avx2 smep bmi2 erms invpcid rtm cqm mpx avx512f rdseed adx smap clflushopt clwb avx512cd xsaveopt xsavec xgetbv1 cqm_llc cqm_occup_llc cqm_mbm_total cqm_mbm_local dtherm ida arat pln pts hwp hwp_act_window hwp_epp hwp_pkg_req md_clear flush_l1d
bugs		: cpu_meltdown spectre_v1 spectre_v2 spec_store_bypass l1tf mds swapgs taa itlb_multihit
bogomips	: 7391.82
clflush size	: 64
cache_alignment	: 64
address sizes	: 46 bits physical, 48 bits virtual
power management:

processor	: 8
vendor_id	: GenuineIntel
cpu family	: 6
model		: 85
model name	: Intel(R) Xeon(R) W-2135 CPU @ 3.70GHz
stepping	: 4
microcode	: 0x2006906
cpu MHz		: 3412.527
cache size	: 8448 KB
physical id	: 0
siblings	: 12
core id		: 2
cpu cores	: 6
apicid		: 5
initial apicid	: 5
fpu		: yes
fpu_exception	: yes
cpuid level	: 22
wp		: yes
flags		: fpu vme de pse tsc msr pae mce cx8 apic sep mtrr pge mca cmov pat pse36 clflush dts acpi mmx fxsr sse sse2 ss ht tm pbe syscall nx pdpe1gb rdtscp lm constant_tsc art arch_perfmon pebs bts rep_good nopl xtopology nonstop_tsc aperfmperf pni pclmulqdq dtes64 monitor ds_cpl vmx smx est tm2 ssse3 sdbg fma cx16 xtpr pdcm pcid dca sse4_1 sse4_2 x2apic movbe popcnt tsc_deadline_timer aes xsave avx f16c rdrand lahf_lm abm 3dnowprefetch epb invpcid_single intel_pt ssbd ibrs ibpb stibp kaiser tpr_shadow vnmi flexpriority ept vpid fsgsbase tsc_adjust bmi1 hle avx2 smep bmi2 erms invpcid rtm cqm mpx avx512f rdseed adx smap clflushopt clwb avx512cd xsaveopt xsavec xgetbv1 cqm_llc cqm_occup_llc cqm_mbm_total cqm_mbm_local dtherm ida arat pln pts hwp hwp_act_window hwp_epp hwp_pkg_req md_clear flush_l1d
bugs		: cpu_meltdown spectre_v1 spectre_v2 spec_store_bypass l1tf mds swapgs taa itlb_multihit
bogomips	: 7391.82
clflush size	: 64
cache_alignment	: 64
address sizes	: 46 bits physical, 48 bits virtual
power management:

processor	: 9
vendor_id	: GenuineIntel
cpu family	: 6
model		: 85
model name	: Intel(R) Xeon(R) W-2135 CPU @ 3.70GHz
stepping	: 4
microcode	: 0x2006906
cpu MHz		: 1641.296
cache size	: 8448 KB
physical id	: 0
siblings	: 12
core id		: 3
cpu cores	: 6
apicid		: 7
initial apicid	: 7
fpu		: yes
fpu_exception	: yes
cpuid level	: 22
wp		: yes
flags		: fpu vme de pse tsc msr pae mce cx8 apic sep mtrr pge mca cmov pat pse36 clflush dts acpi mmx fxsr sse sse2 ss ht tm pbe syscall nx pdpe1gb rdtscp lm constant_tsc art arch_perfmon pebs bts rep_good nopl xtopology nonstop_tsc aperfmperf pni pclmulqdq dtes64 monitor ds_cpl vmx smx est tm2 ssse3 sdbg fma cx16 xtpr pdcm pcid dca sse4_1 sse4_2 x2apic movbe popcnt tsc_deadline_timer aes xsave avx f16c rdrand lahf_lm abm 3dnowprefetch epb invpcid_single intel_pt ssbd ibrs ibpb stibp kaiser tpr_shadow vnmi flexpriority ept vpid fsgsbase tsc_adjust bmi1 hle avx2 smep bmi2 erms invpcid rtm cqm mpx avx512f rdseed adx smap clflushopt clwb avx512cd xsaveopt xsavec xgetbv1 cqm_llc cqm_occup_llc cqm_mbm_total cqm_mbm_local dtherm ida arat pln pts hwp hwp_act_window hwp_epp hwp_pkg_req md_clear flush_l1d
bugs		: cpu_meltdown spectre_v1 spectre_v2 spec_store_bypass l1tf mds swapgs taa itlb_multihit
bogomips	: 7391.82
clflush size	: 64
cache_alignment	: 64
address sizes	: 46 bits physical, 48 bits virtual
power management:

processor	: 10
vendor_id	: GenuineIntel
cpu family	: 6
model		: 85
model name	: Intel(R) Xeon(R) W-2135 CPU @ 3.70GHz
stepping	: 4
microcode	: 0x2006906
cpu MHz		: 3153.816
cache size	: 8448 KB
physical id	: 0
siblings	: 12
core id		: 4
cpu cores	: 6
apicid		: 9
initial apicid	: 9
fpu		: yes
fpu_exception	: yes
cpuid level	: 22
wp		: yes
flags		: fpu vme de pse tsc msr pae mce cx8 apic sep mtrr pge mca cmov pat pse36 clflush dts acpi mmx fxsr sse sse2 ss ht tm pbe syscall nx pdpe1gb rdtscp lm constant_tsc art arch_perfmon pebs bts rep_good nopl xtopology nonstop_tsc aperfmperf pni pclmulqdq dtes64 monitor ds_cpl vmx smx est tm2 ssse3 sdbg fma cx16 xtpr pdcm pcid dca sse4_1 sse4_2 x2apic movbe popcnt tsc_deadline_timer aes xsave avx f16c rdrand lahf_lm abm 3dnowprefetch epb invpcid_single intel_pt ssbd ibrs ibpb stibp kaiser tpr_shadow vnmi flexpriority ept vpid fsgsbase tsc_adjust bmi1 hle avx2 smep bmi2 erms invpcid rtm cqm mpx avx512f rdseed adx smap clflushopt clwb avx512cd xsaveopt xsavec xgetbv1 cqm_llc cqm_occup_llc cqm_mbm_total cqm_mbm_local dtherm ida arat pln pts hwp hwp_act_window hwp_epp hwp_pkg_req md_clear flush_l1d
bugs		: cpu_meltdown spectre_v1 spectre_v2 spec_store_bypass l1tf mds swapgs taa itlb_multihit
bogomips	: 7391.82
clflush size	: 64
cache_alignment	: 64
address sizes	: 46 bits physical, 48 bits virtual
power management:

processor	: 11
vendor_id	: GenuineIntel
cpu family	: 6
model		: 85
model name	: Intel(R) Xeon(R) W-2135 CPU @ 3.70GHz
stepping	: 4
microcode	: 0x2006906
cpu MHz		: 1588.976
cache size	: 8448 KB
physical id	: 0
siblings	: 12
core id		: 5
cpu cores	: 6
apicid		: 11
initial apicid	: 11
fpu		: yes
fpu_exception	: yes
cpuid level	: 22
wp		: yes
flags		: fpu vme de pse tsc msr pae mce cx8 apic sep mtrr pge mca cmov pat pse36 clflush dts acpi mmx fxsr sse sse2 ss ht tm pbe syscall nx pdpe1gb rdtscp lm constant_tsc art arch_perfmon pebs bts rep_good nopl xtopology nonstop_tsc aperfmperf pni pclmulqdq dtes64 monitor ds_cpl vmx smx est tm2 ssse3 sdbg fma cx16 xtpr pdcm pcid dca sse4_1 sse4_2 x2apic movbe popcnt tsc_deadline_timer aes xsave avx f16c rdrand lahf_lm abm 3dnowprefetch epb invpcid_single intel_pt ssbd ibrs ibpb stibp kaiser tpr_shadow vnmi flexpriority ept vpid fsgsbase tsc_adjust bmi1 hle avx2 smep bmi2 erms invpcid rtm cqm mpx avx512f rdseed adx smap clflushopt clwb avx512cd xsaveopt xsavec xgetbv1 cqm_llc cqm_occup_llc cqm_mbm_total cqm_mbm_local dtherm ida arat pln pts hwp hwp_act_window hwp_epp hwp_pkg_req md_clear flush_l1d
bugs		: cpu_meltdown spectre_v1 spectre_v2 spec_store_bypass l1tf mds swapgs taa itlb_multihit
bogomips	: 7391.82
clflush size	: 64
cache_alignment	: 64
address sizes	: 46 bits physical, 48 bits virtual
power management:



Memory: 4k page, physical 32605620k(16616124k free), swap 0k(0k free)

vm_info: OpenJDK 64-Bit Server VM (25.275-b01) for linux-amd64 JRE (1.8.0_275-8u275-b01-0ubuntu1~16.04-b01), built on Nov  9 2020 03:41:32 by "buildd" with gcc 5.4.0 20160609

time: Mon Nov 23 05:43:00 2020
timezone: UTC
elapsed time: 1.028823 seconds (0d 0h 0m 1s)

