Data graph path: /data/labelyou.txt
Query graph path: /query/query.txt
Output graph path: /output
Partition Method: 
Preprocess Method: 1
Filter Method: 0
Order Method: random
Enumerate Method: 1
=================Start loading data graph ...=====================
Load Graph Time : 2.985245 seconds
================Start preprocessing...=================
Superstep 1:
*0.305577: [0.229759, 0.00821877, 0.0079031]
Superstep 1 done.Time elapsed: 0.305662 seconds
#msgs: 0
Superstep 2:
*0.0861101: [0.00832844, 0.00769615, 0.0083735]
Superstep 2 done.Time elapsed: 0.0862191 seconds
#msgs: 0
Superstep 3:
Subgraph preprocessing done. 
Total Computational Time : 0.411943 seconds
 - Active Compute Time : 0.391749 seconds
 - Sync Message Time : 0.000014 seconds
 - Communication Time : 0.000047 seconds
    - Serialization Time : 0.000006 seconds
    - Transfer Time : 0.000037 seconds
Total #msgs=0, Total #vadd=0
=================Start loading query...===================
Worker 0: "hdfs://36279a66fe8e:9000/query/query.txt" loaded
Communication Time : 0.000018 seconds
- Serialization Time : 0.000013 seconds
- Transfer Time : 0.000005 seconds
Load Query Time : 0.069668 seconds
=================Start building query tree...===================
this->nodes size: 5
Node 0
Label: 97
Branch number: 0
Neighbors: [1, 2]
Backward neighbors: []
Backward same labels: []
It has 1 children.
Node 1
Label: 98
Branch number: 0
Neighbors: [0, 2]
Backward neighbors: []
Backward same labels: []
It has 1 children.
Node 2
Label: 99
Branch number: 0
Neighbors: [0, 1, 3]
Backward neighbors: [0]
Backward same labels: []
It has 1 children.
Node 3
Label: 98
Branch number: 0
Neighbors: [2, 4]
Backward neighbors: []
Backward same labels: [1]
It has 1 children.
Node 4
Label: 100
Branch number: 0
Neighbors: [3]
Backward neighbors: []
Backward same labels: []
It has 0 children.
Build Query Tree Time : 0.000144 seconds
================Start matching...======================
Superstep 1:
*0.126788: [0.0725837, 0.0131357, 0.00826311]
Superstep 1 done.Time elapsed: 0.128608 seconds
#msgs: 6072
Superstep 2:
*0.0105331: [0.00210142, 3.05176e-05, 2.90871e-05]
Superstep 2 done.Time elapsed: 0.01174 seconds
#msgs: 2451
Superstep 3:
*0.01282: [0.00442314, 2.57492e-05, 2.55108e-05]
Superstep 3 done.Time elapsed: 0.0134521 seconds
#msgs: 720
Superstep 4:
*0.01015: [0.00193167, 1.69277e-05, 8.82149e-06]
Superstep 4 done.Time elapsed: 0.0119312 seconds
#msgs: 1290
Superstep 5:
*0.0142069: [0.00598574, 1.26362e-05, 1.12057e-05]
Superstep 5 done.Time elapsed: 0.014251 seconds
#msgs: 0
Superstep 6:
Subgraph matching done. 
Total Computational Time : 0.199419 seconds
 - Active Compute Time : 0.174601 seconds
 - Sync Message Time : 0.005230 seconds
 - Communication Time : 0.002860 seconds
    - Serialization Time : 0.001436 seconds
    - Transfer Time : 0.001418 seconds
Total #msgs=10533, Total #vadd=0
1. Arrange messages: 0.00707912 s
2. Check feasibility: 0.035593 s
	 - Check vertex uniqueness: 0.00778627 s
	 - Check non-tree edge: 0.020627 s
3. Construct neighbor map: 0.00677371 s
4. Update out messages buffer: 0.00365424 s
5. Clear out neighbor map: 0.00108123 s
Main Computation: 0.0556836 s
================Start enumerating...===================
Superstep 1:
*0.0539329: [0.00733852, 0.00788355, 0.00784016]
Superstep 1 done.Time elapsed: 0.053978 seconds
#msgs: 0
Superstep 2:
Subgraph enumeration done. 
Total Computational Time : 0.072715 seconds
 - Active Compute Time : 0.053950 seconds
 - Sync Message Time : 0.000005 seconds
 - Communication Time : 0.000017 seconds
    - Serialization Time : 0.000005 seconds
    - Transfer Time : 0.000011 seconds
Total #msgs=0, Total #vadd=0
From start to end: total time: 0.035593 s
 - continue enumerating: 0.00365424 s
 - expand time: 0.00108123 s
Sync Time: 3.8147e-06 s
=================Start dumping graph...===================
output path: /output
Dump Time : 0.182765 seconds
================ Final Report ===============
Mapping count: 238901
Load time: 3.05491 s.
Dump time: 0.182765 s.
Compute time: 0.272343 s.
Offline time: 4.21306 s.
Online time: 0.587416 s.
