Data graph path: /fdu-zyj/labelSK
Query graph path: /fdu-zyj/query
Output graph path: /fdu-zyj/output
Partition Method: 
Preprocess Method: 0
Filter Method: 0
Order Method: random
Enumerate Method: 1
=================Start loading data graph ...=====================
Load Graph Time : 52.780216 seconds
=================Start loading query...===================
Worker 0: "hdfs://master:9000/fdu-zyj/query/query.txt" loaded
Communication Time : 0.000113 seconds
- Serialization Time : 0.000010 seconds
- Transfer Time : 0.000102 seconds
Load Query Time : 0.677732 seconds
=================Start building query tree...===================
this->nodes size: 5
Node 0
Label: 97
Branch number: 0
Neighbors: [1, 2]
Backward neighbors: []
Backward same labels: []
It has 1 children.
Node 1
Label: 98
Branch number: 0
Neighbors: [0, 2]
Backward neighbors: []
Backward same labels: []
It has 1 children.
Node 2
Label: 99
Branch number: 0
Neighbors: [0, 1, 3]
Backward neighbors: [0]
Backward same labels: []
It has 1 children.
Node 3
Label: 98
Branch number: 0
Neighbors: [2, 4]
Backward neighbors: []
Backward same labels: [1]
It has 1 children.
Node 4
Label: 100
Branch number: 0
Neighbors: [3]
Backward neighbors: []
Backward same labels: []
It has 0 children.
Build Query Tree Time : 0.041673 seconds
================Start matching...======================
Superstep 1 done.Time elapsed: 0.513423 seconds
#msgs: 34624
Superstep 2 done.Time elapsed: 2.97781 seconds
#msgs: 22113
Superstep 3 done.Time elapsed: 1.15759 seconds
#msgs: 12698
Superstep 4 done.Time elapsed: 7.81683 seconds
#msgs: 15481
Superstep 5 done.Time elapsed: 0.97579 seconds
#msgs: 0
Subgraph matching done. 
Communication Time : 4.025795 seconds
- Serialization Time : 0.262803 seconds
- Transfer Time : 3.730714 seconds
Total Computational Time : 13.563815 seconds
Total #msgs=84916, Total #vadd=0
[0][0]: 10.1231
[0][1]: 6.32763
[0][2]: 0.608896
[1][0]: 10.1242
[1][1]: 10.1247
[1][2]: 0
[2][0]: 0.000473976
[2][1]: 0.000935793
[2][2]: 0
================Start enumerating...===================
Superstep 1 done.Time elapsed: 0.450579 seconds
#msgs: 0
Subgraph enumeration done. 
Communication Time : 0.260661 seconds
- Serialization Time : 0.000159 seconds
- Transfer Time : 0.260435 seconds
Total Computational Time : 0.601491 seconds
Total #msgs=0, Total #vadd=0
[0][0]: 7.84184e+06
[0][1]: 0
[0][2]: 0
[1][0]: 0
[1][1]: 0
[1][2]: 0
[2][0]: 0
[2][1]: 0
[2][2]: 0
================ Final Report ===============
Mapping count: 7.84184e+06
Load time: 53.4579 s.
Dump time: 0 s.
Compute time: 14.2178 s.
Offline time: 57.5467 s.
Online time: 15.1198 s.
