Data graph path: /fdu-zyj/labelyou
Query graph path: /fdu-zyj/query
Output graph path: /fdu-zyj/output
Partition Method: 
Preprocess Method: 0
Filter Method: 1
Order Method: random
Enumerate Method: 1
=================Start loading data graph ...=====================
Load Graph Time : 23.577581 seconds
=================Start loading query...===================
Worker 0: "hdfs://master:9000/fdu-zyj/query/query.txt" loaded
Communication Time : 0.000134 seconds
- Serialization Time : 0.000024 seconds
- Transfer Time : 0.000109 seconds
Load Query Time : 0.479019 seconds
================Start filtering...=================
Superstep 1 done.Time elapsed: 0.820418 seconds
#msgs: 854703
Superstep 2 done.Time elapsed: 0.577587 seconds
#msgs: 24109
Superstep 3 done.Time elapsed: 0.543147 seconds
#msgs: 2339
Superstep 4 done.Time elapsed: 0.459687 seconds
#msgs: 674
Superstep 5 done.Time elapsed: 0.47556 seconds
#msgs: 168
Superstep 6 done.Time elapsed: 0.432076 seconds
#msgs: 79
Superstep 7 done.Time elapsed: 0.49719 seconds
#msgs: 21
Superstep 8 done.Time elapsed: 0.523297 seconds
#msgs: 1
Superstep 9 done.Time elapsed: 0.5341 seconds
#msgs: 0
Candidate filtering done.
Communication Time : 2.244868 seconds
- Serialization Time : 0.025152 seconds
- Transfer Time : 2.207216 seconds
Total Computational Time : 5.183641 seconds
Total #msgs=882094, Total #vadd=0
=================Start building query tree...===================
this->nodes size: 5
Node 0
Label: 97
Branch number: 0
Neighbors: [1, 2]
Backward neighbors: []
Backward same labels: []
It has 1 children.
Node 1
Label: 98
Branch number: 0
Neighbors: [0, 2]
Backward neighbors: []
Backward same labels: []
It has 1 children.
Node 2
Label: 99
Branch number: 0
Neighbors: [0, 1, 3]
Backward neighbors: [0]
Backward same labels: []
It has 1 children.
Node 3
Label: 98
Branch number: 0
Neighbors: [2, 4]
Backward neighbors: []
Backward same labels: [1]
It has 1 children.
Node 4
Label: 100
Branch number: 0
Neighbors: [3]
Backward neighbors: []
Backward same labels: []
It has 0 children.
Build Query Tree Time : 0.021044 seconds
================Start matching...======================
Superstep 1 done.Time elapsed: 0.580492 seconds
#msgs: 2126
Superstep 2 done.Time elapsed: 0.470543 seconds
#msgs: 2284
Superstep 3 done.Time elapsed: 0.478484 seconds
#msgs: 1604
Superstep 4 done.Time elapsed: 0.598036 seconds
#msgs: 3187
Superstep 5 done.Time elapsed: 0.456238 seconds
#msgs: 0
Subgraph matching done. 
Communication Time : 1.184281 seconds
- Serialization Time : 0.008386 seconds
- Transfer Time : 1.174345 seconds
Total Computational Time : 2.721483 seconds
Total #msgs=9201, Total #vadd=0
[0][0]: 0.334428
[0][1]: 0.232694
[0][2]: 0.0129671
[1][0]: 0.334656
[1][1]: 0.334764
[1][2]: 0
[2][0]: 0.000120878
[2][1]: 0.000231504
[2][2]: 0
================Start enumerating...===================
Superstep 1 done.Time elapsed: 0.418655 seconds
#msgs: 0
Subgraph enumeration done. 
Communication Time : 0.202634 seconds
- Serialization Time : 0.000171 seconds
- Transfer Time : 0.202413 seconds
Total Computational Time : 0.581009 seconds
Total #msgs=0, Total #vadd=0
[0][0]: 238901
[0][1]: 0
[0][2]: 0
[1][0]: 0
[1][1]: 0
[1][2]: 0
[2][0]: 0
[2][1]: 0
[2][2]: 0
================ Final Report ===============
Mapping count: 238901
Load time: 24.0566 s.
Dump time: 0 s.
Compute time: 8.50777 s.
Offline time: 30.9969 s.
Online time: 9.1734 s.
