Data graph path: /fdu-zyj/labelSK
Query graph path: /fdu-zyj/query
Output graph path: /fdu-zyj/output
Partition Method: 
Preprocess Method: 0
Filter Method: 1
Order Method: random
Enumerate Method: 1
=================Start loading data graph ...=====================
Load Graph Time : 51.619417 seconds
=================Start loading query...===================
Worker 0: "hdfs://master:9000/fdu-zyj/query/query.txt" loaded
Communication Time : 0.000133 seconds
- Serialization Time : 0.000011 seconds
- Transfer Time : 0.000121 seconds
Load Query Time : 0.540682 seconds
================Start filtering...=================
Superstep 1 done.Time elapsed: 1.57354 seconds
#msgs: 3389153
Superstep 2 done.Time elapsed: 0.77572 seconds
#msgs: 96618
Superstep 3 done.Time elapsed: 0.517864 seconds
#msgs: 9892
Superstep 4 done.Time elapsed: 0.512555 seconds
#msgs: 3331
Superstep 5 done.Time elapsed: 0.499831 seconds
#msgs: 881
Superstep 6 done.Time elapsed: 0.570775 seconds
#msgs: 295
Superstep 7 done.Time elapsed: 0.50847 seconds
#msgs: 144
Superstep 8 done.Time elapsed: 0.463705 seconds
#msgs: 37
Superstep 9 done.Time elapsed: 0.546282 seconds
#msgs: 10
Superstep 10 done.Time elapsed: 0.491866 seconds
#msgs: 11
Superstep 11 done.Time elapsed: 0.462936 seconds
#msgs: 0
Candidate filtering done.
Communication Time : 2.958385 seconds
- Serialization Time : 0.126345 seconds
- Transfer Time : 2.809619 seconds
Total Computational Time : 7.227814 seconds
Total #msgs=3500372, Total #vadd=0
=================Start building query tree...===================
this->nodes size: 5
Node 0
Label: 97
Branch number: 0
Neighbors: [1, 2]
Backward neighbors: []
Backward same labels: []
It has 1 children.
Node 1
Label: 98
Branch number: 0
Neighbors: [0, 2]
Backward neighbors: []
Backward same labels: []
It has 1 children.
Node 2
Label: 99
Branch number: 0
Neighbors: [0, 1, 3]
Backward neighbors: [0]
Backward same labels: []
It has 1 children.
Node 3
Label: 98
Branch number: 0
Neighbors: [2, 4]
Backward neighbors: []
Backward same labels: [1]
It has 1 children.
Node 4
Label: 100
Branch number: 0
Neighbors: [3]
Backward neighbors: []
Backward same labels: []
It has 0 children.
Build Query Tree Time : 0.044719 seconds
================Start matching...======================
Superstep 1 done.Time elapsed: 0.47979 seconds
#msgs: 10669
Superstep 2 done.Time elapsed: 1.31436 seconds
#msgs: 12326
Superstep 3 done.Time elapsed: 0.994451 seconds
#msgs: 8757
Superstep 4 done.Time elapsed: 9.1791 seconds
#msgs: 15481
Superstep 5 done.Time elapsed: 0.976562 seconds
#msgs: 0
Subgraph matching done. 
Communication Time : 4.182967 seconds
- Serialization Time : 0.334357 seconds
- Transfer Time : 3.828596 seconds
Total Computational Time : 13.136145 seconds
Total #msgs=47233, Total #vadd=0
[0][0]: 11.2143
[0][1]: 7.10614
[0][2]: 0.680986
[1][0]: 11.2155
[1][1]: 11.2159
[1][2]: 0
[2][0]: 0.000466108
[2][1]: 0.000926018
[2][2]: 0
================Start enumerating...===================
Superstep 1 done.Time elapsed: 0.432667 seconds
#msgs: 0
Subgraph enumeration done. 
Communication Time : 0.232637 seconds
- Serialization Time : 0.000174 seconds
- Transfer Time : 0.232426 seconds
Total Computational Time : 0.592089 seconds
Total #msgs=0, Total #vadd=0
[0][0]: 7.84184e+06
[0][1]: 0
[0][2]: 0
[1][0]: 0
[1][1]: 0
[1][2]: 0
[2][0]: 0
[2][1]: 0
[2][2]: 0
================ Final Report ===============
Mapping count: 7.84184e+06
Load time: 52.1601 s.
Dump time: 0 s.
Compute time: 21.0013 s.
Offline time: 56.3018 s.
Online time: 21.7004 s.
