Data graph path: /fdu-zyj/labelSK
Query graph path: /fdu-zyj/query
Output graph path: /fdu-zyj/output
Partition Method: 
Preprocess Method: 0
Filter Method: 1
Order Method: degree
Enumerate Method: 1
=================Start loading data graph ...=====================
Load Graph Time : 89.433459 seconds
=================Start loading query...===================
Worker 0: "hdfs://master:9000/fdu-zyj/query/query.txt" loaded
Communication Time : 0.000122 seconds
- Serialization Time : 0.000022 seconds
- Transfer Time : 0.000099 seconds
Load Query Time : 0.462362 seconds
================Start filtering...=================
Superstep 1 done.Time elapsed: 1.54362 seconds
#msgs: 3389153
Superstep 2 done.Time elapsed: 0.6009 seconds
#msgs: 96618
Superstep 3 done.Time elapsed: 0.348056 seconds
#msgs: 9892
Superstep 4 done.Time elapsed: 0.240517 seconds
#msgs: 3331
Superstep 5 done.Time elapsed: 0.404847 seconds
#msgs: 881
Superstep 6 done.Time elapsed: 0.255913 seconds
#msgs: 295
Superstep 7 done.Time elapsed: 0.264816 seconds
#msgs: 144
Superstep 8 done.Time elapsed: 0.245827 seconds
#msgs: 37
Superstep 9 done.Time elapsed: 0.187262 seconds
#msgs: 10
Superstep 10 done.Time elapsed: 0.388909 seconds
#msgs: 11
Superstep 11 done.Time elapsed: 0.307944 seconds
#msgs: 0
Candidate filtering done.
Communication Time : 1.901102 seconds
- Serialization Time : 0.238069 seconds
- Transfer Time : 1.658817 seconds
Total Computational Time : 5.058168 seconds
Total #msgs=3500372, Total #vadd=0
=================Start building query tree...===================
this->nodes size: 5
Node 2
Label: 99
Branch number: 1
Neighbors: [0, 1, 3]
It has 2 children.
Node 0
Label: 97
Branch number: 1
Neighbors: [1, 2]
It has 1 children.
Node 1
Label: 98
Branch number: 1
Neighbors: [0, 2]
It has 0 children.
Node 3
Label: 98
Branch number: 1
Neighbors: [2, 4]
It has 1 children.
Node 4
Label: 100
Branch number: 1
Neighbors: [3]
It has 0 children.
Build Query Tree Time : 0.042143 seconds
================Start matching...======================
Superstep 1 done.Time elapsed: 0.260194 seconds
#msgs: 23494
Superstep 2 done.Time elapsed: 3.93137 seconds
#msgs: 3004090
Superstep 3 done.Time elapsed: 0.523814 seconds
#msgs: 0
Subgraph matching done. 
Communication Time : 2.256818 seconds
- Serialization Time : 1.064976 seconds
- Transfer Time : 1.071193 seconds
Total Computational Time : 4.841528 seconds
Total #msgs=3027584, Total #vadd=64958
================Start enumerating...===================
Superstep 1 done.Time elapsed: 1.6996 seconds
#msgs: 2402881
Superstep 2 done.Time elapsed: 5.80774 seconds
#msgs: 0
Subgraph enumeration done. 
Communication Time : 0.682144 seconds
- Serialization Time : 0.195621 seconds
- Transfer Time : 0.483286 seconds
Total Computational Time : 7.630253 seconds
Total #msgs=2402881, Total #vadd=0
=================Start dumping graph...===================
output path: /fdu-zyj/output
Dump Time : 2.799261 seconds
================ Final Report ===============
Mapping count: 7841842
Load time: 89.8958 s.
Dump time: 2.79926 s.
Compute time: 17.5724 s.
Offline time: 93.412 s.
Online time: 21.4288 s.
============ Load Balance Report ==============
Rank: 0 Sync_time: 0.0914419
============ Load Balance Report ==============
Rank: 3 Sync_time: 0.411298
============ Load Balance Report ==============
Rank: 11 Sync_time: 0.92149
============ Load Balance Report ==============
Rank: 4 Sync_time: 0.435848
============ Load Balance Report ==============
Rank: 13 Sync_time: 0.76985
============ Load Balance Report ==============
Rank: 21 Sync_time: 0.893338
============ Load Balance Report ==============
Rank: 30 Sync_time: 0.334048
============ Load Balance Report ==============
Rank: 27 Sync_time: 0.334705
============ Load Balance Report ==============
Rank: 32 Sync_time: 0.307248
============ Load Balance Report ==============
Rank: 23 Sync_time: 0.969245
============ Load Balance Report ==============
Rank: 29 Sync_time: 0.419126
============ Load Balance Report ==============
Rank: 28 Sync_time: 0.393624
============ Load Balance Report ==============
Rank: 7 Sync_time: 0.120178
============ Load Balance Report ==============
Rank: 10 Sync_time: 0.949499
============ Load Balance Report ==============
Rank: 6 Sync_time: 0.322442
============ Load Balance Report ==============
Rank: 26 Sync_time: 0.262436
============ Load Balance Report ==============
Rank: 22 Sync_time: 1.01717
============ Load Balance Report ==============
Rank: 14 Sync_time: 0.796684
============ Load Balance Report ==============
Rank: 2 Sync_time: 0.378821
============ Load Balance Report ==============
Rank: 1 Sync_time: 0.373694
============ Load Balance Report ==============
Rank: 31 Sync_time: 0.406493
============ Load Balance Report ==============
Rank: 18 Sync_time: 0.841519
============ Load Balance Report ==============
Rank: 24 Sync_time: 0.913142
============ Load Balance Report ==============
Rank: 9 Sync_time: 0.957664
============ Load Balance Report ==============
Rank: 8 Sync_time: 0.945446
============ Load Balance Report ==============
Rank: 12 Sync_time: 0.928196
============ Load Balance Report ==============
Rank: 25 Sync_time: 0.20261
============ Load Balance Report ==============
Rank: 16 Sync_time: 0.838525
============ Load Balance Report ==============
Rank: 15 Sync_time: 0.753286
============ Load Balance Report ==============
Rank: 19 Sync_time: 0.801893
============ Load Balance Report ==============
Rank: 20 Sync_time: 0.921622
============ Load Balance Report ==============
Rank: 17 Sync_time: 0.872312
============ Load Balance Report ==============
Rank: 5 Sync_time: 0.38013
