Data graph path: /fdu-zyj/labelSK
Query graph path: /fdu-zyj/query
Output graph path: /fdu-zyj/output
Partition Method: 
Preprocess Method: 0
Filter Method: 0
Order Method: random
Enumerate Method: 1
=================Start loading data graph ...=====================
Load Graph Time : 92.058443 seconds
=================Start loading query...===================
Worker 0: "hdfs://master:9000/fdu-zyj/query/query.txt" loaded
Communication Time : 0.000118 seconds
- Serialization Time : 0.000008 seconds
- Transfer Time : 0.000110 seconds
Load Query Time : 0.544376 seconds
=================Start building query tree...===================
this->nodes size: 5
Node 0
Label: 97
Branch number: 0
Neighbors: [1, 2]
It has 1 children.
Node 1
Label: 98
Branch number: 0
Neighbors: [0, 2]
It has 1 children.
Node 2
Label: 99
Branch number: 0
Neighbors: [0, 1, 3]
It has 1 children.
Node 3
Label: 98
Branch number: 0
Neighbors: [2, 4]
It has 1 children.
Node 4
Label: 100
Branch number: 0
Neighbors: [3]
It has 0 children.
Build Query Tree Time : 0.059601 seconds
================Start matching...======================
Superstep 1 done.Time elapsed: 0.220964 seconds
#msgs: 34624
Superstep 2 done.Time elapsed: 5.06718 seconds
#msgs: 3420845
Superstep 3 done.Time elapsed: 1.23903 seconds
#msgs: 508286
Superstep 4 done.Time elapsed: 12.3455 seconds
#msgs: 7841842
Superstep 5 done.Time elapsed: 0.888042 seconds
#msgs: 0
Subgraph matching done. 
Communication Time : 8.458154 seconds
- Serialization Time : 0.815938 seconds
- Transfer Time : 7.626401 seconds
Total Computational Time : 19.931177 seconds
Total #msgs=11805597, Total #vadd=0
================Start enumerating...===================
Superstep 1 done.Time elapsed: 0.214647 seconds
#msgs: 0
Subgraph enumeration done. 
Communication Time : 0.116526 seconds
- Serialization Time : 0.000061 seconds
- Transfer Time : 0.116442 seconds
Total Computational Time : 0.443365 seconds
Total #msgs=0, Total #vadd=0
=================Start dumping graph...===================
output path: /fdu-zyj/output
Dump Time : 3.724535 seconds
================ Final Report ===============
Mapping count: 7841842
Load time: 92.6028 s.
Dump time: 3.72453 s.
Compute time: 20.4409 s.
Offline time: 96.5004 s.
Online time: 25.3054 s.
============ Load Balance Report ==============
Rank: 0 Sync_time: 1.99079
============ Load Balance Report ==============
Rank: 5 Sync_time: 0.850864
============ Load Balance Report ==============
Rank: 22 Sync_time: 4.16889
============ Load Balance Report ==============
Rank: 4 Sync_time: 1.59364
============ Load Balance Report ==============
Rank: 3 Sync_time: 1.82754
============ Load Balance Report ==============
Rank: 27 Sync_time: 0.767201
============ Load Balance Report ==============
Rank: 13 Sync_time: 2.80381
============ Load Balance Report ==============
Rank: 30 Sync_time: 1.73293
============ Load Balance Report ==============
Rank: 20 Sync_time: 4.17293
============ Load Balance Report ==============
Rank: 17 Sync_time: 3.68427
============ Load Balance Report ==============
Rank: 23 Sync_time: 4.2413
============ Load Balance Report ==============
Rank: 19 Sync_time: 3.04606
============ Load Balance Report ==============
Rank: 10 Sync_time: 4.29226
============ Load Balance Report ==============
Rank: 21 Sync_time: 3.86492
============ Load Balance Report ==============
Rank: 25 Sync_time: 0.0825729
============ Load Balance Report ==============
Rank: 8 Sync_time: 4.43958
============ Load Balance Report ==============
Rank: 11 Sync_time: 3.68957
============ Load Balance Report ==============
Rank: 24 Sync_time: 4.44784
============ Load Balance Report ==============
Rank: 32 Sync_time: 2.24372
============ Load Balance Report ==============
Rank: 26 Sync_time: 0.47804
============ Load Balance Report ==============
Rank: 28 Sync_time: 1.52349
============ Load Balance Report ==============
Rank: 18 Sync_time: 3.33323
============ Load Balance Report ==============
Rank: 9 Sync_time: 4.2672
============ Load Balance Report ==============
Rank: 29 Sync_time: 1.63785
============ Load Balance Report ==============
Rank: 31 Sync_time: 2.04537
============ Load Balance Report ==============
Rank: 14 Sync_time: 3.33994
============ Load Balance Report ==============
Rank: 7 Sync_time: 0.192473
============ Load Balance Report ==============
Rank: 2 Sync_time: 1.74492
============ Load Balance Report ==============
Rank: 12 Sync_time: 4.12988
============ Load Balance Report ==============
Rank: 1 Sync_time: 1.81893
============ Load Balance Report ==============
Rank: 15 Sync_time: 3.51446
============ Load Balance Report ==============
Rank: 16 Sync_time: 3.39155
============ Load Balance Report ==============
Rank: 6 Sync_time: 0.347007
