Data graph path: /g-thinker/newdata/youtube_f.txt
Query graph path: /fdu-zyj/query
Output graph path: /fdu-zyj/output
Partition Method: 
Preprocess Method: 0
Filter Method: 0
Order Method: degree
Enumerate Method: 1
=================Start loading data graph ...=====================
Load Graph Time : 46.865501 seconds
=================Start loading query...===================
Worker 0: "hdfs://master:9000/fdu-zyj/query/query.txt" loaded
Communication Time : 0.000109 seconds
- Serialization Time : 0.000013 seconds
- Transfer Time : 0.000096 seconds
Load Query Time : 0.595686 seconds
=================Start building query tree...===================
this->nodes size: 5
Node 2
Label: 99
Branch number: 1
Neighbors: [0, 1, 3]
It has 2 children.
Node 0
Label: 97
Branch number: 1
Neighbors: [1, 2]
It has 1 children.
Node 1
Label: 98
Branch number: 1
Neighbors: [0, 2]
It has 0 children.
Node 3
Label: 98
Branch number: 1
Neighbors: [2, 4]
It has 1 children.
Node 4
Label: 100
Branch number: 1
Neighbors: [3]
It has 0 children.
Build Query Tree Time : 0.027459 seconds
================Start matching...======================
Superstep 1 done.Time elapsed: 0.453634 seconds
#msgs: 244204
Superstep 2 done.Time elapsed: 8.63752 seconds
#msgs: 10785780
Superstep 3 done.Time elapsed: 0.887379 seconds
#msgs: 0
Subgraph matching done. 
Communication Time : 3.759593 seconds
- Serialization Time : 0.346540 seconds
- Transfer Time : 3.412342 seconds
Total Computational Time : 10.047172 seconds
Total #msgs=11029984, Total #vadd=161265
================Start enumerating...===================
Superstep 1 done.Time elapsed: 2.93923 seconds
#msgs: 6019001
Superstep 2 done.Time elapsed: 78.9481 seconds
#msgs: 0
============ Load Balance Report ==============
Rank: 3 Sync_time: 1.47847
============ Load Balance Report ==============
Rank: 12 Sync_time: ============ Load Balance Report ==============
Rank: 6 Sync_time: ============ Load Balance Report ==============
Rank: ============ Load Balance Report ========================== Load Balance Report ==============
Rank: 13 Sync_time: ============ Load Balance Report ==============
Rank: 7 Sync_time: 1.09349============ Load Balance Report ==============
Rank: 28 Sync_time: ============ Load Balance Report ==============
Rank: 0.607575

============ Load Balance Report ==============
Rank: 29 Sync_time: 15 Sync_time: 1.16904

1.37228
Rank: ============ Load Balance Report ==============
Rank: ============ Load Balance Report ==============
Rank: 30 Sync_time: 1.34748
2.63462
============ Load Balance Report ==============
Rank: 10 Sync_time: ============ Load Balance Report ==============
Rank: 31 Sync_time: 0.892933
17============ Load Balance Report ==============
Rank: 32 Sync_time: 1.16783
 Sync_time: 2.88066
============ Load Balance Report ==============
Rank: 16 Sync_time: 2.86122
Subgraph enumeration done. 
Communication Time : 1.369549 seconds
- Serialization Time : 0.405175 seconds
- Transfer Time : 0.954739 seconds
Total Computational Time : 82.068811 seconds
Total #msgs=6019001, Total #vadd=0
================ Final Report ===============
Mapping count: 100401613
Load time: 47.4612 s.
Dump time: 0 s.
Compute time: 92.1445 s.
Offline time: 51.1827 s.
Online time: 92.9021 s.
============ Load Balance Report ==============
Rank: 0 Sync_time: 1.19759
============ Load Balance Report ==============
Rank: 22 Sync_time: ============ Load Balance Report ==============
Rank: 23 Sync_time: 0.667277
9 Sync_time: 0.664862
0.791042
1.09142
27 Sync_time: 1.16261
============ Load Balance Report ==============
Rank: 18 Sync_time: 0.094645
0.702513
============ Load Balance Report ==============
Rank: 14 Sync_time: 0.16874
============ Load Balance Report ==============
Rank: 8 Sync_time: 0.969887
============ Load Balance Report ==============
Rank: 19 Sync_time: 0.615737
============ Load Balance Report ==============
Rank: 11 Sync_time: 0.868282
============ Load Balance Report ==============
Rank: 20 Sync_time: 0.834959
============ Load Balance Report ==============
Rank: 2 Sync_time: 1.33362
============ Load Balance Report ==============
Rank: 24 Sync_time: 0.832486
============ Load Balance Report ==============
Rank: 25 Sync_time: 1.19667
============ Load Balance Report ==============
Rank: 26 Sync_time: 1.18933
============ Load Balance Report ==============
Rank: 21 Sync_time: 0.63735
0.717745
============ Load Balance Report ==============
Rank: 5 Sync_time: 1.04202
============ Load Balance Report ==============
Rank: 4 Sync_time: 1.47049
============ Load Balance Report ==============
Rank: 1 Sync_time: 1.14188
