Data graph path: /g-thinker/newdata/youtube_f.txt
Query graph path: /fdu-zyj/query
Output graph path: /fdu-zyj/output
Partition Method: 
Preprocess Method: 0
Filter Method: 1
Order Method: candidate
Enumerate Method: 1
=================Start loading data graph ...=====================
Load Graph Time : 46.089328 seconds
=================Start loading query...===================
Worker 0: "hdfs://master:9000/fdu-zyj/query/query.txt" loaded
Communication Time : 0.000119 seconds
- Serialization Time : 0.000014 seconds
- Transfer Time : 0.000105 seconds
Load Query Time : 0.537625 seconds
================Start filtering...=================
Superstep 1 done.Time elapsed: 1.16377 seconds
#msgs: 3088327
Superstep 2 done.Time elapsed: 0.939367 seconds
#msgs: 167867
Superstep 3 done.Time elapsed: 0.387653 seconds
#msgs: 17812
Superstep 4 done.Time elapsed: 0.303965 seconds
#msgs: 4971
Superstep 5 done.Time elapsed: 0.269513 seconds
#msgs: 1025
Superstep 6 done.Time elapsed: 0.210751 seconds
#msgs: 297
Superstep 7 done.Time elapsed: 0.28183 seconds
#msgs: 152
Superstep 8 done.Time elapsed: 0.274835 seconds
#msgs: 17
Superstep 9 done.Time elapsed: 0.341546 seconds
#msgs: 1
Superstep 10 done.Time elapsed: 0.347017 seconds
#msgs: 0
Candidate filtering done.
Communication Time : 1.473596 seconds
- Serialization Time : 0.244670 seconds
- Transfer Time : 1.227947 seconds
Total Computational Time : 4.806047 seconds
Total #msgs=3280469, Total #vadd=0
=================Start building query tree...===================
this->nodes size: 5
Node 2
Label: 99
Branch number: 1
Neighbors: [0, 1, 3]
It has 2 children.
Node 1
Label: 98
Branch number: 1
Neighbors: [0, 2]
It has 1 children.
Node 0
Label: 97
Branch number: 1
Neighbors: [1, 2]
It has 0 children.
Node 3
Label: 98
Branch number: 1
Neighbors: [2, 4]
It has 1 children.
Node 4
Label: 100
Branch number: 1
Neighbors: [3]
It has 0 children.
Build Query Tree Time : 0.021007 seconds
================Start matching...======================
Superstep 1 done.Time elapsed: 0.470074 seconds
#msgs: 113694
Superstep 2 done.Time elapsed: 4.87297 seconds
#msgs: 4959407
Superstep 3 done.Time elapsed: 0.601905 seconds
#msgs: 0
Subgraph matching done. 
Communication Time : 2.565284 seconds
- Serialization Time : 0.327016 seconds
- Transfer Time : 2.235400 seconds
Total Computational Time : 6.046737 seconds
Total #msgs=5073101, Total #vadd=161265
================Start enumerating...===================
Superstep 1 done.Time elapsed: 1.82623 seconds
#msgs: 3099872
Superstep 2 done.Time elapsed: 74.615 seconds
#msgs: 0
============ Load Balance Report ==============
Rank: 6 Sync_time: ============ Load Balance Report ==============
Rank: 18 Sync_time: ============ Load Balance Report ==============
Rank: ============ Load Balance Report ==============
Rank: 8 Sync_time: ============ Load Balance Report ==============
Rank: 20 Sync_time: 0.264758
============ Load Balance Report ==============0.769759
15 Sync_time: 1.88622

Rank: 17 Sync_time: 1.81772
============ Load Balance Report ==============
Rank: 3 Sync_time: ============ Load Balance Report ==============
Rank: ============ Load Balance Report ==============
Rank: 21 Sync_time: ============ Load Balance Report ==============
Rank: 27 Sync_time: ============ Load Balance Report ==============
Rank: 4 Sync_time: 1.05458
============ Load Balance Report ==============
Rank: 10 Sync_time: ============ Load Balance Report ==============
Rank: 23 Sync_time: ============ Load Balance Report ==============
Rank: 28 Sync_time: 1.01447
============ Load Balance Report ==============
Rank: 5 Sync_time: 0.956576
============ Load Balance Report ==============
Rank: 11 Sync_time: 0.437704
0.437854
============ Load Balance Report ==============
Rank: 29 Sync_time: 0.939755
Subgraph enumeration done. 0.988315
0.385654
============ Load Balance Report ==============
Rank: 12 Sync_time: 0.242041
============ Load Balance Report ==============
Rank: 7 Sync_time: 0.698717
0.59415
0.898184
============ Load Balance Report ==============
Rank: 30 Sync_time: 0.999077
0.180512
============ Load Balance Report ==============
Rank: ============ Load Balance Report ==============
============ Load Balance Report ==============
Rank: 14 Sync_time: 0.191736
0.479934
============ Load Balance Report ==============
Rank: 31 Sync_time: 0.830306
============ Load Balance Report ==============
Rank: 19 Sync_time: 0.228102
16 Sync_time: ============ Load Balance Report ==============
Rank: ============ Load Balance Report ==============
Rank: 32 Sync_time: 0.77018
1.92201
Rank: 1 Sync_time: 2 Sync_time: 
Communication Time : 0.866291 seconds
- Serialization Time : 0.222471 seconds
- Transfer Time : 0.640710 seconds
Total Computational Time : 76.655337 seconds
Total #msgs=3099872, Total #vadd=0
================ Final Report ===============
Mapping count: 100401613
Load time: 46.627 s.
Dump time: 0 s.
Compute time: 87.5298 s.
Offline time: 50.3829 s.
Online time: 88.3823 s.
============ Load Balance Report ==============
Rank: 0 Sync_time: 0.66551
0.835804
0.967561
============ Load Balance Report ==============
Rank: 13 Sync_time: 0.182202
============ Load Balance Report ==============
Rank: 22 Sync_time: 0.402607
============ Load Balance Report ==============
Rank: 24 Sync_time: 0.568527
============ Load Balance Report ==============
Rank: 25 Sync_time: 0.678436
============ Load Balance Report ==============
Rank: 26 Sync_time: 0.649184
9 Sync_time: 0.574277
