Data graph path: /fdu-zyj/labelyou
Query graph path: /fdu-zyj/query
Output graph path: /fdu-zyj/output
Partition Method: 
Preprocess Method: 0
Filter Method: 1
Order Method: candidate
Enumerate Method: 1
=================Start loading data graph ...=====================
Load Graph Time : 43.887675 seconds
=================Start loading query...===================
Worker 0: "hdfs://master:9000/fdu-zyj/query/query.txt" loaded
Communication Time : 0.000099 seconds
- Serialization Time : 0.000011 seconds
- Transfer Time : 0.000088 seconds
Load Query Time : 0.588954 seconds
================Start filtering...=================
Superstep 1 done.Time elapsed: 0.648879 seconds
#msgs: 854703
Superstep 2 done.Time elapsed: 0.483497 seconds
#msgs: 24109
Superstep 3 done.Time elapsed: 0.284441 seconds
#msgs: 2339
Superstep 4 done.Time elapsed: 0.321155 seconds
#msgs: 674
Superstep 5 done.Time elapsed: 0.281258 seconds
#msgs: 168
Superstep 6 done.Time elapsed: 0.255785 seconds
#msgs: 79
Superstep 7 done.Time elapsed: 0.13159 seconds
#msgs: 21
Superstep 8 done.Time elapsed: 0.221234 seconds
#msgs: 1
Superstep 9 done.Time elapsed: 0.245179 seconds
#msgs: 0
Candidate filtering done.
Communication Time : 1.258928 seconds
- Serialization Time : 0.042869 seconds
- Transfer Time : 1.215739 seconds
Total Computational Time : 3.080011 seconds
Total #msgs=882094, Total #vadd=0
=================Start building query tree...===================
this->nodes size: 5
Node 2
Label: 99
Branch number: 1
Neighbors: [0, 1, 3]
It has 2 children.
Node 0
Label: 97
Branch number: 1
Neighbors: [1, 2]
It has 1 children.
Node 1
Label: 98
Branch number: 1
Neighbors: [0, 2]
It has 0 children.
Node 3
Label: 98
Branch number: 1
Neighbors: [2, 4]
It has 1 children.
Node 4
Label: 100
Branch number: 1
Neighbors: [3]
It has 0 children.
Build Query Tree Time : 0.009286 seconds
================Start matching...======================
Superstep 1 done.Time elapsed: 0.415269 seconds
#msgs: 4738
Superstep 2 done.Time elapsed: 0.451947 seconds
#msgs: 54737
Superstep 3 done.Time elapsed: 0.236839 seconds
#msgs: 0
Subgraph matching done. 
Communication Time : 0.380165 seconds
- Serialization Time : 0.002133 seconds
- Transfer Time : 0.377959 seconds
Total Computational Time : 1.223444 seconds
Total #msgs=59475, Total #vadd=43597
================Start enumerating...===================
Superstep 1 done.Time elapsed: 0.344948 seconds
#msgs: 39592
Superstep 2 done.Time elapsed: 0.295171 seconds
#msgs: 0
Subgraph enumeration done. 
Communication Time : 0.187315 seconds
- Serialization Time : 0.003311 seconds
- Transfer Time : 0.183960 seconds
Total Computational Time : 0.837436 seconds
Total #msgs=39592, Total #vadd=0
=================Start dumping graph...===================
output path: /fdu-zyj/output
Dump Time : 0.876125 seconds
================ Final Report ===============
Mapping count: 238901
Load time: 44.4766 s.
Dump time: 0.876125 s.
Compute time: 5.15335 s.
Offline time: 48.2686 s.
Online time: 7.00151 s.
============ Load Balance Report ==============
Rank: 0 Sync_time: 0.24261
============ Load Balance Report ==============
Rank: 3 Sync_time: 0.12403
============ Load Balance Report ==============
Rank: 30 Sync_time: 0.092978
============ Load Balance Report ==============
Rank: 9 Sync_time: 0.158009
============ Load Balance Report ==============
Rank: 32 Sync_time: 0.244567
============ Load Balance Report ==============
Rank: 11 Sync_time: 0.160943
============ Load Balance Report ==============
Rank: 10 Sync_time: 0.169849
============ Load Balance Report ==============
Rank: 20 Sync_time: 0.157267
============ Load Balance Report ==============
Rank: 27 Sync_time: 0.129105
============ Load Balance Report ==============
Rank: 4 Sync_time: 0.14057
============ Load Balance Report ==============
Rank: 5 Sync_time: 0.155006
============ Load Balance Report ==============
Rank: 29 Sync_time: 0.10961
============ Load Balance Report ==============
Rank: 19 Sync_time: 0.196368
============ Load Balance Report ==============
Rank: 22 Sync_time: 0.168992
============ Load Balance Report ==============
Rank: 2 Sync_time: 0.07934
============ Load Balance Report ==============
Rank: 31 Sync_time: 0.193419
============ Load Balance Report ==============
Rank: 13 Sync_time: 0.16836
============ Load Balance Report ==============
Rank: 16 Sync_time: 0.299903
============ Load Balance Report ==============
Rank: 21 Sync_time: 0.130784
============ Load Balance Report ==============
Rank: 25 Sync_time: 0.164569
============ Load Balance Report ==============
Rank: 28 Sync_time: 0.137333
============ Load Balance Report ==============
Rank: 6 Sync_time: 0.117363
============ Load Balance Report ==============
Rank: 24 Sync_time: 0.149629
============ Load Balance Report ==============
Rank: 26 Sync_time: 0.135455
============ Load Balance Report ==============
Rank: 23 Sync_time: 0.158703
============ Load Balance Report ==============
Rank: 18 Sync_time: 0.252146
============ Load Balance Report ==============
Rank: 7 Sync_time: 0.163419
============ Load Balance Report ==============
Rank: 14 Sync_time: 0.281356
============ Load Balance Report ==============
Rank: 1 Sync_time: 0.178838
============ Load Balance Report ==============
Rank: 17 Sync_time: 0.295862
============ Load Balance Report ==============
Rank: 8 Sync_time: 0.165286
============ Load Balance Report ==============
Rank: 15 Sync_time: 0.295839
============ Load Balance Report ==============
Rank: 12 Sync_time: 0.148699
