Data graph path: /g-thinker/newdata/youtube_f.txt
Query graph path: /fdu-zyj/query
Output graph path: /fdu-zyj/output
Partition Method: 
Preprocess Method: 0
Filter Method: 1
Order Method: degree
Enumerate Method: 1
=================Start loading data graph ...=====================
Load Graph Time : 46.176930 seconds
=================Start loading query...===================
Worker 0: "hdfs://master:9000/fdu-zyj/query/query.txt" loaded
Communication Time : 0.000109 seconds
- Serialization Time : 0.000011 seconds
- Transfer Time : 0.000098 seconds
Load Query Time : 0.756452 seconds
================Start filtering...=================
Superstep 1 done.Time elapsed: 1.15264 seconds
#msgs: 3088327
Superstep 2 done.Time elapsed: 0.934896 seconds
#msgs: 167867
Superstep 3 done.Time elapsed: 0.324492 seconds
#msgs: 17812
Superstep 4 done.Time elapsed: 0.304306 seconds
#msgs: 4971
Superstep 5 done.Time elapsed: 0.339732 seconds
#msgs: 1025
Superstep 6 done.Time elapsed: 0.226413 seconds
#msgs: 297
Superstep 7 done.Time elapsed: 0.260098 seconds
#msgs: 152
Superstep 8 done.Time elapsed: 0.286668 seconds
#msgs: 17
Superstep 9 done.Time elapsed: 0.354472 seconds
#msgs: 1
Superstep 10 done.Time elapsed: 0.203874 seconds
#msgs: 0
Candidate filtering done.
Communication Time : 1.563055 seconds
- Serialization Time : 0.141587 seconds
- Transfer Time : 1.420570 seconds
Total Computational Time : 4.658216 seconds
Total #msgs=3280469, Total #vadd=0
=================Start building query tree...===================
this->nodes size: 5
Node 2
Label: 99
Branch number: 1
Neighbors: [0, 1, 3]
It has 2 children.
Node 0
Label: 97
Branch number: 1
Neighbors: [1, 2]
It has 1 children.
Node 1
Label: 98
Branch number: 1
Neighbors: [0, 2]
It has 0 children.
Node 3
Label: 98
Branch number: 1
Neighbors: [2, 4]
It has 1 children.
Node 4
Label: 100
Branch number: 1
Neighbors: [3]
It has 0 children.
Build Query Tree Time : 0.039602 seconds
================Start matching...======================
Superstep 1 done.Time elapsed: 0.506583 seconds
#msgs: 114605
Superstep 2 done.Time elapsed: 3.44101 seconds
#msgs: 4901379
Superstep 3 done.Time elapsed: 0.518811 seconds
#msgs: 0
Subgraph matching done. 
Communication Time : 1.756748 seconds
- Serialization Time : 0.276997 seconds
- Transfer Time : 1.478976 seconds
Total Computational Time : 4.497327 seconds
Total #msgs=5015984, Total #vadd=161265
================Start enumerating...===================
Superstep 1 done.Time elapsed: 1.93042 seconds
#msgs: 3099872
Superstep 2 done.Time elapsed: 71.8485 seconds
#msgs: 0
============ Load Balance Report ==============
Rank: 3 Sync_time: 0.560767
============ Load Balance Report ========================== Load Balance Report ==============
Rank: ============ Load Balance Report ==============
Rank: 24 Sync_time: 0.149307
============ Load Balance Report ==============
Rank: ============ Load Balance Report ==============
Rank: 4 Sync_time: 0.449466
============ Load Balance Report ==============
Rank: 13 Sync_time: ============ Load Balance Report ==============
Rank: 29 Sync_time: ============ Load Balance Report ==============
Rank: 25 Sync_time: 0.230971
============ Load Balance Report ========================== Load Balance Report ==============
Rank: 14 Sync_time: ============ Load Balance Report ==============
Rank: 17 Sync_time: 15 Sync_time: 1.01791============ Load Balance Report ==============
Rank: 5 Sync_time: 0.475151
============ Load Balance Report ==============
Rank: 9 Sync_time: ============ Load Balance Report ==============
Rank: 6 Sync_time: 0.0528944

Rank: 12 Sync_time: 0.101596
============ Load Balance Report ==============
Rank: 30 Sync_time: 27 Sync_time: 0.439828
============ Load Balance Report ==============
Rank: 21 Sync_time: 0.293376
============ Load Balance Report ==============
Rank: 18 Sync_time: 
Rank: 16 Sync_time: ============ Load Balance Report ==============
Rank: 11 Sync_time: ============ Load Balance Report ==============
Rank: 7 Sync_time: 0.252782
0.249118
============ Load Balance Report ==============
Rank: 31 Sync_time: ============ Load Balance Report ==============
Rank: 28 Sync_time: 0.473113
============ Load Balance Report ==============
Rank: 22 Sync_time: 0.233923
============ Load Balance Report ==============
Rank: 19 Sync_time: 
0.304754
============ Load Balance Report ==============
Rank: 8 Sync_time: 0.169179
============ Load Balance Report ==============
Rank: 32 Sync_time: 0.5712
0.434182
============ Load Balance Report ==============
Rank: 23 Sync_time: 0.237626
============ Load Balance Report ==============
Rank: 20 Sync_time: 0.261895
1.036140.451946

0.94782
Subgraph enumeration done. 
Communication Time : 0.826854 seconds
- Serialization Time : 0.296280 seconds
- Transfer Time : 0.527735 seconds
Total Computational Time : 73.970142 seconds
Total #msgs=3099872, Total #vadd=0
================ Final Report ===============
Mapping count: 100401613
Load time: 46.9334 s.
Dump time: 0 s.
Compute time: 83.169 s.
Offline time: 49.471 s.
Online time: 84.1938 s.
============ Load Balance Report ==============
Rank: 0 Sync_time: 0.402117
============ Load Balance Report ==============
Rank: 10 Sync_time: 0.29782
0.246881
0.519194
0.207937
============ Load Balance Report ==============
Rank: 2 Sync_time: 0.539425
0.203991
0.206494
============ Load Balance Report ==============
Rank: 26 Sync_time: 0.208559
============ Load Balance Report ==============
Rank: 1 Sync_time: 0.532718
