Data graph path: /g-thinker/newdata/youtube_f.txt
Query graph path: /fdu-zyj/query
Output graph path: /fdu-zyj/output
Partition Method: 
Preprocess Method: 0
Filter Method: 1
Order Method: random
Enumerate Method: 1
=================Start loading data graph ...=====================
Load Graph Time : 44.168672 seconds
=================Start loading query...===================
Worker 0: "hdfs://master:9000/fdu-zyj/query/query.txt" loaded
Communication Time : 0.000125 seconds
- Serialization Time : 0.000012 seconds
- Transfer Time : 0.000113 seconds
Load Query Time : 0.473910 seconds
================Start filtering...=================
Superstep 1 done.Time elapsed: 1.10817 seconds
#msgs: 3088327
Superstep 2 done.Time elapsed: 0.99622 seconds
#msgs: 167867
Superstep 3 done.Time elapsed: 0.331049 seconds
#msgs: 17812
Superstep 4 done.Time elapsed: 0.245646 seconds
#msgs: 4971
Superstep 5 done.Time elapsed: 0.259166 seconds
#msgs: 1025
Superstep 6 done.Time elapsed: 0.390518 seconds
#msgs: 297
Superstep 7 done.Time elapsed: 0.292909 seconds
#msgs: 152
Superstep 8 done.Time elapsed: 0.33741 seconds
#msgs: 17
Superstep 9 done.Time elapsed: 0.305418 seconds
#msgs: 1
Superstep 10 done.Time elapsed: 0.297627 seconds
#msgs: 0
Candidate filtering done.
Communication Time : 1.574883 seconds
- Serialization Time : 0.166486 seconds
- Transfer Time : 1.407191 seconds
Total Computational Time : 4.868744 seconds
Total #msgs=3280469, Total #vadd=0
=================Start building query tree...===================
this->nodes size: 5
Node 0
Label: 97
Branch number: 0
Neighbors: [1, 2]
It has 1 children.
Node 1
Label: 98
Branch number: 0
Neighbors: [0, 2]
It has 1 children.
Node 2
Label: 99
Branch number: 0
Neighbors: [0, 1, 3]
It has 1 children.
Node 3
Label: 98
Branch number: 0
Neighbors: [2, 4]
It has 1 children.
Node 4
Label: 100
Branch number: 0
Neighbors: [3]
It has 0 children.
Build Query Tree Time : 0.059674 seconds
================Start matching...======================
Superstep 1 done.Time elapsed: 0.403414 seconds
#msgs: 57140
Superstep 2 done.Time elapsed: 1.49005 seconds
#msgs: 1914253
Superstep 3 done.Time elapsed: 7.33604 seconds
#msgs: 5667926
Superstep 4 done.Time elapsed: 54.4777 seconds
#msgs: 100401613
Superstep 5 done.Time elapsed: 12.0931 seconds
#msgs: 0
Subgraph matching done. 
Communication Time : 29.636296 seconds
- Serialization Time : 5.776623 seconds
- Transfer Time : 23.849066 seconds
Total Computational Time : 75.835950 seconds
Total #msgs=108040932, Total #vadd=0
================Start enumerating...===================
Superstep 1 done.Time elapsed: 0.157049 seconds
#msgs: 0
Subgraph enumeration done. 
Communication Time : 0.060466 seconds
- Serialization Time : 0.000081 seconds
- Transfer Time : 0.060347 seconds
Total Computational Time : 0.273227 seconds
Total #msgs=0, Total #vadd=0
================ Final Report ===============
Mapping count: 100401613
Load time: 44.6426 s.
Dump time: 0 s.
Compute time: 81.0379 s.
Offline time: 48.5696 s.
Online time: 81.7023 s.
============ Load Balance Report ==============
Rank: 0 Sync_time: 1.47505
============ Load Balance Report ==============
Rank: 3 Sync_time: 7.22955
============ Load Balance Report ==============
Rank: 9 Sync_time: ============ Load Balance Report ========================== Load Balance Report ==============
Rank: 12 Sync_time: 6.7521
============ Load Balance Report ==============
Rank: 27 Sync_time: 7.56787
============ Load Balance Report ==============
Rank: 24 Sync_time: 8.05213
============ Load Balance Report ========================== Load Balance Report ==============
Rank: 1 Sync_time: 3.51011
============ Load Balance Report ==============
Rank: 10 Sync_time: ============ Load Balance Report ==============
Rank: 8 Sync_time: ============ Load Balance Report ==============
Rank: 13 Sync_time: 6.77148
============ Load Balance Report ==============
Rank: 26 Sync_time: 5.88854
============ Load Balance Report ==============
Rank: 17 Sync_time: ============ Load Balance Report ==============
Rank: 2 Sync_time: 5.55541
============ Load Balance Report ==============
Rank: 11 Sync_time: 6.02661
============ Load Balance Report ==============
Rank: 14 Sync_time: 
10.0725
Rank: 15 Sync_time: 9.19034
9.60502

Rank: 6 Sync_time: 6.42983
4.06463
============ Load Balance Report ==============
Rank: 30 Sync_time: 5.44435
============ Load Balance Report ==============
Rank: 18 Sync_time: 4.90102
============ Load Balance Report ==============
Rank: 25 Sync_time: 3.24186
============ Load Balance Report ==============
Rank: 8.36102
============ Load Balance Report ==============
Rank: 7 Sync_time: 6.23955
============ Load Balance Report ==============
Rank: 31 Sync_time: 2.69585
============ Load Balance Report ==============
Rank: 19 Sync_time: 6.41444
16 Sync_time: 7.0496
============ Load Balance Report ==============
Rank: 32 Sync_time: 5.3543
============ Load Balance Report ==============
Rank: 20 Sync_time: 7.6783
10.9783
============ Load Balance Report ==============
Rank: 5 Sync_time: 8.26672
============ Load Balance Report ==============
Rank: 29 Sync_time: 5.2584
============ Load Balance Report ==============
Rank: 21 Sync_time: 5.85645
============ Load Balance Report ==============
Rank: 4 Sync_time: 6.84969
============ Load Balance Report ==============
Rank: 22 Sync_time: 7.22433
============ Load Balance Report ==============
Rank: 23 Sync_time: 8.7162
============ Load Balance Report ==============
Rank: 28 Sync_time: 5.27357
