Data graph path: /fdu-zyj/labelyou
Query graph path: /fdu-zyj/query
Output graph path: /fdu-zyj/output
Partition Method: 
Preprocess Method: 0
Filter Method: 1
Order Method: random
Enumerate Method: 1
=================Start loading data graph ...=====================
Load Graph Time : 45.520254 seconds
=================Start loading query...===================
Worker 0: "hdfs://master:9000/fdu-zyj/query/query.txt" loaded
Communication Time : 0.000115 seconds
- Serialization Time : 0.000014 seconds
- Transfer Time : 0.000100 seconds
Load Query Time : 0.535446 seconds
================Start filtering...=================
Superstep 1 done.Time elapsed: 0.52342 seconds
#msgs: 854703
Superstep 2 done.Time elapsed: 0.425829 seconds
#msgs: 24109
Superstep 3 done.Time elapsed: 0.304452 seconds
#msgs: 2339
Superstep 4 done.Time elapsed: 0.262981 seconds
#msgs: 674
Superstep 5 done.Time elapsed: 0.282047 seconds
#msgs: 168
Superstep 6 done.Time elapsed: 0.227496 seconds
#msgs: 79
Superstep 7 done.Time elapsed: 0.190925 seconds
#msgs: 21
Superstep 8 done.Time elapsed: 0.372726 seconds
#msgs: 1
Superstep 9 done.Time elapsed: 0.343313 seconds
#msgs: 0
Candidate filtering done.
Communication Time : 1.017280 seconds
- Serialization Time : 0.051781 seconds
- Transfer Time : 0.965235 seconds
Total Computational Time : 3.132647 seconds
Total #msgs=882094, Total #vadd=0
=================Start building query tree...===================
this->nodes size: 5
Node 0
Label: 97
Branch number: 0
Neighbors: [1, 2]
It has 1 children.
Node 1
Label: 98
Branch number: 0
Neighbors: [0, 2]
It has 1 children.
Node 2
Label: 99
Branch number: 0
Neighbors: [0, 1, 3]
It has 1 children.
Node 3
Label: 98
Branch number: 0
Neighbors: [2, 4]
It has 1 children.
Node 4
Label: 100
Branch number: 0
Neighbors: [3]
It has 0 children.
Build Query Tree Time : 0.019130 seconds
================Start matching...======================
Superstep 1 done.Time elapsed: 0.16797 seconds
#msgs: 2126
Superstep 2 done.Time elapsed: 0.203166 seconds
#msgs: 17801
Superstep 3 done.Time elapsed: 0.317447 seconds
#msgs: 21218
Superstep 4 done.Time elapsed: 0.456256 seconds
#msgs: 238901
Superstep 5 done.Time elapsed: 0.231757 seconds
#msgs: 0
Subgraph matching done. 
Communication Time : 0.532919 seconds
- Serialization Time : 0.028372 seconds
- Transfer Time : 0.504420 seconds
Total Computational Time : 1.432352 seconds
Total #msgs=280046, Total #vadd=0
================Start enumerating...===================
Superstep 1 done.Time elapsed: 0.118008 seconds
#msgs: 0
Subgraph enumeration done. 
Communication Time : 0.053142 seconds
- Serialization Time : 0.000072 seconds
- Transfer Time : 0.053044 seconds
Total Computational Time : 0.211709 seconds
Total #msgs=0, Total #vadd=0
=================Start dumping graph...===================
output path: /fdu-zyj/output
Dump Time : 0.810652 seconds
================ Final Report ===============
Mapping count: 238901
Load time: 46.0557 s.
Dump time: 0.810652 s.
Compute time: 4.79615 s.
Offline time: 49.4771 s.
Online time: 6.51931 s.
============ Load Balance Report ==============
Rank: 0 Sync_time: 0.195888
============ Load Balance Report ==============
Rank: 10 Sync_time: 0.156499
============ Load Balance Report ==============
Rank: 9 Sync_time: 0.112727
============ Load Balance Report ==============
Rank: 5 Sync_time: 0.137905
============ Load Balance Report ==============
Rank: 11 Sync_time: 0.169987
============ Load Balance Report ==============
Rank: 4 Sync_time: 0.168755
============ Load Balance Report ==============
Rank: 19 Sync_time: 0.173782
============ Load Balance Report ==============
Rank: 23 Sync_time: 0.12976
============ Load Balance Report ==============
Rank: 3 Sync_time: 0.160255
============ Load Balance Report ==============
Rank: 30 Sync_time: 0.152606
============ Load Balance Report ==============
Rank: 20 Sync_time: 0.18487
============ Load Balance Report ==============
Rank: 28 Sync_time: 0.16567
============ Load Balance Report ==============
Rank: 15 Sync_time: 0.240057
============ Load Balance Report ==============
Rank: 31 Sync_time: 0.257765
============ Load Balance Report ==============
Rank: 21 Sync_time: 0.1333
============ Load Balance Report ==============
Rank: 25 Sync_time: 0.0684443
============ Load Balance Report ==============
Rank: 22 Sync_time: 0.152187
============ Load Balance Report ==============
Rank: 1 Sync_time: 0.241388
============ Load Balance Report ==============
Rank: 18 Sync_time: 0.187079
============ Load Balance Report ==============
Rank: 32 Sync_time: 0.248916
============ Load Balance Report ==============
Rank: 8 Sync_time: 0.0857632
============ Load Balance Report ==============
Rank: 14 Sync_time: 0.206355
============ Load Balance Report ==============
Rank: 12 Sync_time: 0.18144
============ Load Balance Report ==============
Rank: 6 Sync_time: 0.0637898
============ Load Balance Report ==============
Rank: 24 Sync_time: 0.0816357
============ Load Balance Report ==============
Rank: 29 Sync_time: 0.15922
============ Load Balance Report ==============
Rank: 2 Sync_time: 0.175241
============ Load Balance Report ==============
Rank: 16 Sync_time: 0.25665
============ Load Balance Report ==============
Rank: 17 Sync_time: 0.27726
============ Load Balance Report ==============
Rank: 13 Sync_time: 0.157136
============ Load Balance Report ==============
Rank: 27 Sync_time: 0.126549
============ Load Balance Report ==============
Rank: 26 Sync_time: 0.0732343
============ Load Balance Report ==============
Rank: 7 Sync_time: 0.0743282
