Data graph path: /fdu-zyj/labelyou
Query graph path: /fdu-zyj/query
Output graph path: /fdu-zyj/output
Partition Method: 
Preprocess Method: 0
Filter Method: 0
Order Method: random
Enumerate Method: 1
=================Start loading data graph ...=====================
Load Graph Time : 45.346636 seconds
=================Start loading query...===================
Worker 0: "hdfs://master:9000/fdu-zyj/query/query.txt" loaded
Communication Time : 0.000112 seconds
- Serialization Time : 0.000009 seconds
- Transfer Time : 0.000103 seconds
Load Query Time : 0.582722 seconds
=================Start building query tree...===================
this->nodes size: 5
Node 0
Label: 97
Branch number: 0
Neighbors: [1, 2]
It has 1 children.
Node 1
Label: 98
Branch number: 0
Neighbors: [0, 2]
It has 1 children.
Node 2
Label: 99
Branch number: 0
Neighbors: [0, 1, 3]
It has 1 children.
Node 3
Label: 98
Branch number: 0
Neighbors: [2, 4]
It has 1 children.
Node 4
Label: 100
Branch number: 0
Neighbors: [3]
It has 0 children.
Build Query Tree Time : 0.015480 seconds
================Start matching...======================
Superstep 1 done.Time elapsed: 0.248778 seconds
#msgs: 8620
Superstep 2 done.Time elapsed: 0.239518 seconds
#msgs: 97569
Superstep 3 done.Time elapsed: 0.195157 seconds
#msgs: 37037
Superstep 4 done.Time elapsed: 0.369252 seconds
#msgs: 238901
Superstep 5 done.Time elapsed: 0.30011 seconds
#msgs: 0
Subgraph matching done. 
Communication Time : 0.609867 seconds
- Serialization Time : 0.015009 seconds
- Transfer Time : 0.594761 seconds
Total Computational Time : 1.518117 seconds
Total #msgs=382127, Total #vadd=0
================Start enumerating...===================
Superstep 1 done.Time elapsed: 0.218719 seconds
#msgs: 0
Subgraph enumeration done. 
Communication Time : 0.108035 seconds
- Serialization Time : 0.000067 seconds
- Transfer Time : 0.107946 seconds
Total Computational Time : 0.404791 seconds
Total #msgs=0, Total #vadd=0
=================Start dumping graph...===================
output path: /fdu-zyj/output
Dump Time : 0.946290 seconds
================ Final Report ===============
Mapping count: 238901
Load time: 45.9294 s.
Dump time: 0.94629 s.
Compute time: 1.94079 s.
Offline time: 49.6427 s.
Online time: 3.98815 s.
============ Load Balance Report ==============
Rank: 0 Sync_time: 0.214238
============ Load Balance Report ==============
Rank: 19 Sync_time: 0.279218
============ Load Balance Report ==============
Rank: 4 Sync_time: 0.198536
============ Load Balance Report ==============
Rank: 11 Sync_time: 0.244842
============ Load Balance Report ==============
Rank: 3 Sync_time: 0.134833
============ Load Balance Report ==============
Rank: 21 Sync_time: 0.23784
============ Load Balance Report ==============
Rank: 14 Sync_time: 0.317124
============ Load Balance Report ==============
Rank: 5 Sync_time: 0.169338
============ Load Balance Report ==============
Rank: 26 Sync_time: 0.182271
============ Load Balance Report ==============
Rank: 32 Sync_time: 0.244442
============ Load Balance Report ==============
Rank: 28 Sync_time: 0.204542
============ Load Balance Report ==============
Rank: 20 Sync_time: 0.215989
============ Load Balance Report ==============
Rank: 9 Sync_time: 0.243729
============ Load Balance Report ==============
Rank: 29 Sync_time: 0.147736
============ Load Balance Report ==============
Rank: 10 Sync_time: 0.255968
============ Load Balance Report ==============
Rank: 8 Sync_time: 0.214457
============ Load Balance Report ==============
Rank: 22 Sync_time: 0.258141
============ Load Balance Report ==============
Rank: 27 Sync_time: 0.178287
============ Load Balance Report ==============
Rank: 17 Sync_time: 0.364821
============ Load Balance Report ==============
Rank: 6 Sync_time: 0.174818
============ Load Balance Report ==============
Rank: 24 Sync_time: 0.226201
============ Load Balance Report ==============
Rank: 25 Sync_time: 0.211765
============ Load Balance Report ==============
Rank: 1 Sync_time: 0.138909
============ Load Balance Report ==============
Rank: 31 Sync_time: 0.134771
============ Load Balance Report ==============
Rank: 13 Sync_time: 0.290069
============ Load Balance Report ==============
Rank: 15 Sync_time: 0.337096
============ Load Balance Report ==============
Rank: 30 Sync_time: 0.131791
============ Load Balance Report ==============
Rank: 23 Sync_time: 0.2525
============ Load Balance Report ==============
Rank: 16 Sync_time: 0.37758
============ Load Balance Report ==============
Rank: 2 Sync_time: 0.131742
============ Load Balance Report ==============
Rank: 18 Sync_time: 0.315949
============ Load Balance Report ==============
Rank: 7 Sync_time: 0.185446
============ Load Balance Report ==============
Rank: 12 Sync_time: 0.24232
