Data graph path: /g-thinker/newdata/youtube_f.txt
Query graph path: /fdu-zyj/query
Output graph path: /fdu-zyj/output
Partition Method: 
Preprocess Method: 0
Filter Method: 0
Order Method: random
Enumerate Method: 1
=================Start loading data graph ...=====================
Load Graph Time : 46.393062 seconds
=================Start loading query...===================
Worker 0: "hdfs://master:9000/fdu-zyj/query/query.txt" loaded
Communication Time : 0.000102 seconds
- Serialization Time : 0.000009 seconds
- Transfer Time : 0.000092 seconds
Load Query Time : 0.485168 seconds
=================Start building query tree...===================
this->nodes size: 5
Node 0
Label: 97
Branch number: 0
Neighbors: [1, 2]
It has 1 children.
Node 1
Label: 98
Branch number: 0
Neighbors: [0, 2]
It has 1 children.
Node 2
Label: 99
Branch number: 0
Neighbors: [0, 1, 3]
It has 1 children.
Node 3
Label: 98
Branch number: 0
Neighbors: [2, 4]
It has 1 children.
Node 4
Label: 100
Branch number: 0
Neighbors: [3]
It has 0 children.
Build Query Tree Time : 0.043784 seconds
================Start matching...======================
Superstep 1 done.Time elapsed: 0.254229 seconds
#msgs: 122246
Superstep 2 done.Time elapsed: 7.27062 seconds
#msgs: 6005115
Superstep 3 done.Time elapsed: 14.2225 seconds
#msgs: 8782722
Superstep 4 done.Time elapsed: 53.715 seconds
#msgs: 100401613
Superstep 5 done.Time elapsed: 10.3043 seconds
#msgs: 0
Subgraph matching done. 
Communication Time : 32.960095 seconds
- Serialization Time : 5.978769 seconds
- Transfer Time : 26.938823 seconds
Total Computational Time : 85.889217 seconds
Total #msgs=115311696, Total #vadd=0
================Start enumerating...===================
Superstep 1 done.Time elapsed: 0.181987 seconds
#msgs: 0
Subgraph enumeration done. 
Communication Time : 0.113351 seconds
- Serialization Time : 0.000087 seconds
- Transfer Time : 0.113235 seconds
Total Computational Time : 0.314861 seconds
Total #msgs=0, Total #vadd=0
=================Start dumping graph...===================
output path: /fdu-zyj/output
============ Load Balance Report ==============
Rank: 28 Sync_time: 8.51802
============ Load Balance Report ==============
Rank: 24 Sync_time: 5.48993
============ Load Balance Report ==============
Rank: 32 Sync_time: 8.58248
============ Load Balance Report ==============
Rank: 23 Sync_time: 7.14534
============ Load Balance Report ==============
Rank: 4 Sync_time: 10.3433
============ Load Balance Report ==============
Rank: 5 Sync_time: 11.3119
============ Load Balance Report ==============
Rank: 18 Sync_time: 3.41881
============ Load Balance Report ==============
Rank: 20 Sync_time: 6.32673
============ Load Balance Report ==============
Rank: 30 Sync_time: 8.19104
============ Load Balance Report ==============
Rank: 3 Sync_time: 11.2593
============ Load Balance Report ==============
Rank: 29 Sync_time: 10.2004
============ Load Balance Report ==============
Rank: 22 Sync_time: 5.23614
============ Load Balance Report ==============
Rank: 9 Sync_time: 8.1425
============ Load Balance Report ==============
Rank: 25 Sync_time: 3.94566
============ Load Balance Report ==============
Rank: 27 Sync_time: 8.46721
============ Load Balance Report ==============
Rank: 26 Sync_time: 8.32394
============ Load Balance Report ==============
Rank: 31 Sync_time: 7.04859
============ Load Balance Report ==============
Rank: 21 Sync_time: 4.78679
============ Load Balance Report ==============
Rank: 11 Sync_time: 4.66216
============ Load Balance Report ==============
Rank: 10 Sync_time: 5.94057
============ Load Balance Report ==============
Rank: 16 Sync_time: 12.8918
============ Load Balance Report ==============
Rank: 15 Sync_time: 13.3636
============ Load Balance Report ==============
Rank: 19 Sync_time: 5.58098
============ Load Balance Report ==============
Rank: 1 Sync_time: 6.31398
============ Load Balance Report ==============
Rank: 7 Sync_time: 3.72475
============ Load Balance Report ==============
Rank: 12 Sync_time: 5.57726
============ Load Balance Report ==============
Rank: 14 Sync_time: 3.48228
============ Load Balance Report ==============
Rank: 6 Sync_time: 9.54197
============ Load Balance Report ==============
Rank: 13 Sync_time: 5.07783
============ Load Balance Report ==============
Rank: 17 Sync_time: 13.51
============ Load Balance Report ==============
Rank: 2 Sync_time: 7.48493
Dump Time : 25.656086 seconds
================ Final Report ===============
Mapping count: 100401613
Load time: 46.8782 s.
Dump time: 25.6561 s.
Compute time: 86.2504 s.
Offline time: 50.4239 s.
Online time: 113.028 s.
============ Load Balance Report ==============
Rank: 0 Sync_time: 6.58397
============ Load Balance Report ==============
Rank: 8 Sync_time: 4.5681
