Data graph path: /fdu-zyj/labelSK
Query graph path: /fdu-zyj/query
Output graph path: /fdu-zyj/output
Partition Method: 
Preprocess Method: 0
Filter Method: 1
Order Method: random
Enumerate Method: 1
=================Start loading data graph ...=====================
Load Graph Time : 88.126610 seconds
=================Start loading query...===================
Worker 0: "hdfs://master:9000/fdu-zyj/query/query.txt" loaded
Communication Time : 0.000112 seconds
- Serialization Time : 0.000021 seconds
- Transfer Time : 0.000091 seconds
Load Query Time : 0.487517 seconds
================Start filtering...=================
Superstep 1 done.Time elapsed: 1.48282 seconds
#msgs: 3389153
Superstep 2 done.Time elapsed: 0.700286 seconds
#msgs: 96618
Superstep 3 done.Time elapsed: 0.3828 seconds
#msgs: 9892
Superstep 4 done.Time elapsed: 0.196538 seconds
#msgs: 3331
Superstep 5 done.Time elapsed: 0.266123 seconds
#msgs: 881
Superstep 6 done.Time elapsed: 0.262998 seconds
#msgs: 295
Superstep 7 done.Time elapsed: 0.247484 seconds
#msgs: 144
Superstep 8 done.Time elapsed: 0.294067 seconds
#msgs: 37
Superstep 9 done.Time elapsed: 0.187683 seconds
#msgs: 10
Superstep 10 done.Time elapsed: 0.29417 seconds
#msgs: 11
Superstep 11 done.Time elapsed: 0.238716 seconds
#msgs: 0
Candidate filtering done.
Communication Time : 1.534054 seconds
- Serialization Time : 0.333846 seconds
- Transfer Time : 1.195509 seconds
Total Computational Time : 4.764084 seconds
Total #msgs=3500372, Total #vadd=0
=================Start building query tree...===================
this->nodes size: 5
Node 0
Label: 97
Branch number: 0
Neighbors: [1, 2]
It has 1 children.
Node 1
Label: 98
Branch number: 0
Neighbors: [0, 2]
It has 1 children.
Node 2
Label: 99
Branch number: 0
Neighbors: [0, 1, 3]
It has 1 children.
Node 3
Label: 98
Branch number: 0
Neighbors: [2, 4]
It has 1 children.
Node 4
Label: 100
Branch number: 0
Neighbors: [3]
It has 0 children.
Build Query Tree Time : 0.016753 seconds
================Start matching...======================
Superstep 1 done.Time elapsed: 0.240973 seconds
#msgs: 10669
Superstep 2 done.Time elapsed: 1.54064 seconds
#msgs: 858698
Superstep 3 done.Time elapsed: 0.9053 seconds
#msgs: 391926
Superstep 4 done.Time elapsed: 11.6688 seconds
#msgs: 7841842
Superstep 5 done.Time elapsed: 1.01754 seconds
#msgs: 0
Subgraph matching done. 
Communication Time : 5.653804 seconds
- Serialization Time : 0.377707 seconds
- Transfer Time : 5.270048 seconds
Total Computational Time : 15.552789 seconds
Total #msgs=9103135, Total #vadd=0
================Start enumerating...===================
Superstep 1 done.Time elapsed: 0.25142 seconds
#msgs: 0
Subgraph enumeration done. 
Communication Time : 0.099091 seconds
- Serialization Time : 0.000144 seconds
- Transfer Time : 0.098920 seconds
Total Computational Time : 0.438527 seconds
Total #msgs=0, Total #vadd=0
=================Start dumping graph...===================
output path: /fdu-zyj/output
Dump Time : 3.217812 seconds
================ Final Report ===============
Mapping count: 7841842
Load time: 88.6141 s.
Dump time: 3.21781 s.
Compute time: 20.7725 s.
Offline time: 92.3645 s.
Online time: 24.9859 s.
============ Load Balance Report ==============
Rank: 0 Sync_time: 1.69311
============ Load Balance Report ==============
Rank: 3 Sync_time: 1.36733
============ Load Balance Report ==============
Rank: 5 Sync_time: 0.9081
============ Load Balance Report ==============
Rank: 9 Sync_time: 2.58142
============ Load Balance Report ==============
Rank: 21 Sync_time: 2.30423
============ Load Balance Report ==============
Rank: 4 Sync_time: 1.27768
============ Load Balance Report ==============
Rank: 30 Sync_time: 1.3957
============ Load Balance Report ==============
Rank: 32 Sync_time: 1.8481
============ Load Balance Report ==============
Rank: 24 Sync_time: 2.66061
============ Load Balance Report ==============
Rank: 22 Sync_time: 2.36114
============ Load Balance Report ==============
Rank: 10 Sync_time: 2.4597
============ Load Balance Report ==============
Rank: 29 Sync_time: 1.46118
============ Load Balance Report ==============
Rank: 13 Sync_time: 1.24906
============ Load Balance Report ==============
Rank: 19 Sync_time: 1.39146
============ Load Balance Report ==============
Rank: 17 Sync_time: 1.59226
============ Load Balance Report ==============
Rank: 23 Sync_time: 2.67449
============ Load Balance Report ==============
Rank: 20 Sync_time: 2.30761
============ Load Balance Report ==============
Rank: 28 Sync_time: 1.22367
============ Load Balance Report ==============
Rank: 12 Sync_time: 2.14285
============ Load Balance Report ==============
Rank: 2 Sync_time: 1.43599
============ Load Balance Report ==============
Rank: 31 Sync_time: 1.87086
============ Load Balance Report ==============
Rank: 26 Sync_time: 0.559528
============ Load Balance Report ==============
Rank: 11 Sync_time: 2.27386
============ Load Balance Report ==============
Rank: 27 Sync_time: 0.66091
============ Load Balance Report ==============
Rank: 25 Sync_time: 0.212419
============ Load Balance Report ==============
Rank: 8 Sync_time: 2.70661
============ Load Balance Report ==============
Rank: 18 Sync_time: 1.44505
============ Load Balance Report ==============
Rank: 1 Sync_time: 1.82338
============ Load Balance Report ==============
Rank: 15 Sync_time: 1.6576
============ Load Balance Report ==============
Rank: 14 Sync_time: 1.36419
============ Load Balance Report ==============
Rank: 7 Sync_time: 0.282175
============ Load Balance Report ==============
Rank: 16 Sync_time: 1.66265
============ Load Balance Report ==============
Rank: 6 Sync_time: 0.401083
