Data graph path: /fdu-zyj/labelSK
Query graph path: /fdu-zyj/query
Output graph path: /fdu-zyj/output
Partition Method: 
Preprocess Method: 0
Filter Method: 1
Order Method: candidate
Enumerate Method: 1
=================Start loading data graph ...=====================
Load Graph Time : 83.789996 seconds
=================Start loading query...===================
Worker 0: "hdfs://master:9000/fdu-zyj/query/query.txt" loaded
Communication Time : 0.000131 seconds
- Serialization Time : 0.000026 seconds
- Transfer Time : 0.000105 seconds
Load Query Time : 0.567579 seconds
================Start filtering...=================
Superstep 1 done.Time elapsed: 1.90747 seconds
#msgs: 3389153
Superstep 2 done.Time elapsed: 0.704014 seconds
#msgs: 96618
Superstep 3 done.Time elapsed: 0.325932 seconds
#msgs: 9892
Superstep 4 done.Time elapsed: 0.285109 seconds
#msgs: 3331
Superstep 5 done.Time elapsed: 0.231059 seconds
#msgs: 881
Superstep 6 done.Time elapsed: 0.169244 seconds
#msgs: 295
Superstep 7 done.Time elapsed: 0.304007 seconds
#msgs: 144
Superstep 8 done.Time elapsed: 0.313083 seconds
#msgs: 37
Superstep 9 done.Time elapsed: 0.431774 seconds
#msgs: 10
Superstep 10 done.Time elapsed: 0.251888 seconds
#msgs: 11
Superstep 11 done.Time elapsed: 0.284035 seconds
#msgs: 0
Candidate filtering done.
Communication Time : 1.920096 seconds
- Serialization Time : 0.437935 seconds
- Transfer Time : 1.456870 seconds
Total Computational Time : 5.513362 seconds
Total #msgs=3500372, Total #vadd=0
=================Start building query tree...===================
this->nodes size: 5
Node 0
Label: 97
Branch number: 0
Neighbors: [1, 2]
It has 1 children.
Node 1
Label: 98
Branch number: 0
Neighbors: [0, 2]
It has 1 children.
Node 2
Label: 99
Branch number: 0
Neighbors: [0, 1, 3]
It has 1 children.
Node 3
Label: 98
Branch number: 0
Neighbors: [2, 4]
It has 1 children.
Node 4
Label: 100
Branch number: 0
Neighbors: [3]
It has 0 children.
Build Query Tree Time : 0.011631 seconds
================Start matching...======================
Superstep 1 done.Time elapsed: 0.261903 seconds
#msgs: 10669
Superstep 2 done.Time elapsed: 1.59814 seconds
#msgs: 858698
Superstep 3 done.Time elapsed: 0.939259 seconds
#msgs: 391926
Superstep 4 done.Time elapsed: 13.2128 seconds
#msgs: 7841842
Superstep 5 done.Time elapsed: 1.10477 seconds
#msgs: 0
Subgraph matching done. 
Communication Time : 6.112612 seconds
- Serialization Time : 0.408764 seconds
- Transfer Time : 5.696635 seconds
Total Computational Time : 17.212217 seconds
Total #msgs=9103135, Total #vadd=0
================Start enumerating...===================
Superstep 1 done.Time elapsed: 0.229777 seconds
#msgs: 0
Subgraph enumeration done. 
Communication Time : 0.134649 seconds
- Serialization Time : 0.000079 seconds
- Transfer Time : 0.134543 seconds
Total Computational Time : 0.337918 seconds
Total #msgs=0, Total #vadd=0
=================Start dumping graph...===================
output path: /fdu-zyj/output
Dump Time : 3.403758 seconds
================ Final Report ===============
Mapping count: 7841842
Load time: 84.3576 s.
Dump time: 3.40376 s.
Compute time: 23.0755 s.
Offline time: 87.9306 s.
Online time: 27.4303 s.
============ Load Balance Report ==============
Rank: 0 Sync_time: 2.00476
============ Load Balance Report ==============
Rank: 5 Sync_time: 0.695729
============ Load Balance Report ==============
Rank: 4 Sync_time: 1.06498
============ Load Balance Report ==============
Rank: 21 Sync_time: 2.89015
============ Load Balance Report ==============
Rank: 29 Sync_time: 1.47026
============ Load Balance Report ==============
Rank: 22 Sync_time: 3.03839
============ Load Balance Report ==============
Rank: 28 Sync_time: 1.02
============ Load Balance Report ==============
Rank: 31 Sync_time: 1.99495
============ Load Balance Report ==============
Rank: 11 Sync_time: 2.79626
============ Load Balance Report ==============
Rank: 24 Sync_time: 3.14815
============ Load Balance Report ==============
Rank: 9 Sync_time: 3.23591
============ Load Balance Report ==============
Rank: 27 Sync_time: 0.635917
============ Load Balance Report ==============
Rank: 18 Sync_time: 2.20359
============ Load Balance Report ==============
Rank: 3 Sync_time: 1.50804
============ Load Balance Report ==============
Rank: 8 Sync_time: 3.24761
============ Load Balance Report ==============
Rank: 19 Sync_time: 2.11342
============ Load Balance Report ==============
Rank: 30 Sync_time: 1.64775
============ Load Balance Report ==============
Rank: 13 Sync_time: ============ Load Balance Report ==============
Rank: 25 Sync_time: 0.214143
2.02188
============ Load Balance Report ==============
Rank: 17 Sync_time: 2.18932
============ Load Balance Report ==============
Rank: 23 Sync_time: 3.09208
============ Load Balance Report ==============
Rank: 10 Sync_time: 2.79991
============ Load Balance Report ==============
Rank: 20 Sync_time: 2.7308
============ Load Balance Report ==============
Rank: 26 Sync_time: 0.458329
============ Load Balance Report ==============
Rank: 32 Sync_time: 2.02593
============ Load Balance Report ==============
Rank: 1 Sync_time: 1.95083
============ Load Balance Report ==============
Rank: 12 Sync_time: 2.78693
============ Load Balance Report ==============
Rank: 2 Sync_time: 1.50144
============ Load Balance Report ==============
Rank: 7 Sync_time: 0.114244
============ Load Balance Report ==============
Rank: 14 Sync_time: 2.14117
============ Load Balance Report ==============
Rank: 6 Sync_time: 0.239741
============ Load Balance Report ==============
Rank: 15 Sync_time: 2.12695
============ Load Balance Report ==============
Rank: 16 Sync_time: 1.96945
