Data graph path: /g-thinker/newdata/skitter_f.txt
Query graph path: /fdu-zyj/query
Output graph path: /fdu-zyj/output
Partition Method: 
Preprocess Method: 0
Filter Method: 1
Order Method: candidate
Enumerate Method: 1
=================Start loading data graph ...=====================
Load Graph Time : 84.734535 seconds
=================Start loading query...===================
Worker 0: "hdfs://master:9000/fdu-zyj/query/query.txt" loaded
Communication Time : 0.000129 seconds
- Serialization Time : 0.000023 seconds
- Transfer Time : 0.000106 seconds
Load Query Time : 0.602730 seconds
================Start filtering...=================
Superstep 1 done.Time elapsed: 3.61898 seconds
#msgs: 12483712
Superstep 2 done.Time elapsed: 2.24044 seconds
#msgs: 524835
Superstep 3 done.Time elapsed: 0.480827 seconds
#msgs: 55734
Superstep 4 done.Time elapsed: 0.22637 seconds
#msgs: 16976
Superstep 5 done.Time elapsed: 0.19274 seconds
#msgs: 4063
Superstep 6 done.Time elapsed: 0.291289 seconds
#msgs: 1159
Superstep 7 done.Time elapsed: 0.280577 seconds
#msgs: 547
Superstep 8 done.Time elapsed: 0.260717 seconds
#msgs: 77
Superstep 9 done.Time elapsed: 0.254735 seconds
#msgs: 21
Superstep 10 done.Time elapsed: 0.245846 seconds
#msgs: 2
Superstep 11 done.Time elapsed: 0.226411 seconds
#msgs: 2
Superstep 12 done.Time elapsed: 0.27422 seconds
#msgs: 2
Superstep 13 done.Time elapsed: 0.209547 seconds
#msgs: 1
Superstep 14 done.Time elapsed: 0.300693 seconds
#msgs: 0
Candidate filtering done.
Communication Time : 2.827462 seconds
- Serialization Time : 0.644657 seconds
- Transfer Time : 2.181408 seconds
Total Computational Time : 9.415091 seconds
Total #msgs=13087131, Total #vadd=0
=================Start building query tree...===================
this->nodes size: 5
Node 1
Label: 98
Branch number: 0
Neighbors: [0, 2]
It has 1 children.
Node 2
Label: 99
Branch number: 1
Neighbors: [0, 1, 3]
It has 2 children.
Node 0
Label: 97
Branch number: 1
Neighbors: [1, 2]
It has 0 children.
Node 3
Label: 98
Branch number: 1
Neighbors: [2, 4]
It has 1 children.
Node 4
Label: 100
Branch number: 1
Neighbors: [3]
It has 0 children.
Build Query Tree Time : 0.041135 seconds
================Start matching...======================
Superstep 1 done.Time elapsed: 0.403311 seconds
#msgs: 308199
Superstep 2 done.Time elapsed: 114.488 seconds
#msgs: 109141374

===================================================================================
=   BAD TERMINATION OF ONE OF YOUR APPLICATION PROCESSES
=   PID 26862 RUNNING AT master
=   EXIT CODE: 9
=   CLEANING UP REMAINING PROCESSES
=   YOU CAN IGNORE THE BELOW CLEANUP MESSAGES
===================================================================================
