Data graph path: /fdu-zyj/labelyou
Query graph path: /fdu-zyj/query
Output graph path: /fdu-zyj/output
Partition Method: 
Preprocess Method: 0
Filter Method: 0
Order Method: degree
Enumerate Method: 1
=================Start loading data graph ...=====================
Load Graph Time : 44.409961 seconds
=================Start loading query...===================
Worker 0: "hdfs://master:9000/fdu-zyj/query/query.txt" loaded
Communication Time : 0.000127 seconds
- Serialization Time : 0.000014 seconds
- Transfer Time : 0.000111 seconds
Load Query Time : 0.635949 seconds
=================Start building query tree...===================
this->nodes size: 5
Node 2
Label: 99
Branch number: 1
Neighbors: [0, 1, 3]
It has 2 children.
Node 0
Label: 97
Branch number: 1
Neighbors: [1, 2]
It has 1 children.
Node 1
Label: 98
Branch number: 1
Neighbors: [0, 2]
It has 0 children.
Node 3
Label: 98
Branch number: 1
Neighbors: [2, 4]
It has 1 children.
Node 4
Label: 100
Branch number: 1
Neighbors: [3]
It has 0 children.
Build Query Tree Time : 0.027602 seconds
================Start matching...======================
Superstep 1 done.Time elapsed: 0.271916 seconds
#msgs: 18541
Superstep 2 done.Time elapsed: 0.347806 seconds
#msgs: 183688
Superstep 3 done.Time elapsed: 0.277782 seconds
#msgs: 0
Subgraph matching done. 
Communication Time : 0.260561 seconds
- Serialization Time : 0.007107 seconds
- Transfer Time : 0.253393 seconds
Total Computational Time : 0.981819 seconds
Total #msgs=202229, Total #vadd=43597
================Start enumerating...===================
Superstep 1 done.Time elapsed: 0.315485 seconds
#msgs: 100085
Superstep 2 done.Time elapsed: 0.397635 seconds
#msgs: 0
Subgraph enumeration done. 
Communication Time : 0.122463 seconds
- Serialization Time : 0.007058 seconds
- Transfer Time : 0.115321 seconds
Total Computational Time : 0.911071 seconds
Total #msgs=100085, Total #vadd=0
=================Start dumping graph...===================
output path: /fdu-zyj/output
Dump Time : 1.119291 seconds
================ Final Report ===============
Mapping count: 238901
Load time: 45.0459 s.
Dump time: 1.11929 s.
Compute time: 1.92072 s.
Offline time: 48.4251 s.
Online time: 4.13604 s.
============ Load Balance Report ==============
Rank: 0 Sync_time: 0.217444
============ Load Balance Report ==============
Rank: 3 Sync_time: 0.172195
============ Load Balance Report ==============
Rank: 4 Sync_time: 0.117521
============ Load Balance Report ==============
Rank: 27 Sync_time: 0.108495
============ Load Balance Report ==============
Rank: 31 Sync_time: 0.251909
============ Load Balance Report ==============
Rank: 9 Sync_time: 0.0849731
============ Load Balance Report ==============
Rank: 22 Sync_time: 0.102279
============ Load Balance Report ==============
Rank: 11 Sync_time: 0.072711
============ Load Balance Report ==============
Rank: 19 Sync_time: 0.142625
============ Load Balance Report ==============
Rank: 10 Sync_time: 0.105348
============ Load Balance Report ==============
Rank: 5 Sync_time: 0.120548
============ Load Balance Report ==============
Rank: 8 Sync_time: 0.0915539
============ Load Balance Report ==============
Rank: 20 Sync_time: 0.112256
============ Load Balance Report ==============
Rank: 25 Sync_time: 0.0847719
============ Load Balance Report ==============
Rank: 26 Sync_time: 0.119539
============ Load Balance Report ==============
Rank: 21 Sync_time: 0.0918651
============ Load Balance Report ==============
Rank: 23 Sync_time: 0.127015
============ Load Balance Report ==============
Rank: 32 Sync_time: 0.227629
============ Load Balance Report ==============
Rank: 29 Sync_time: 0.179821
============ Load Balance Report ==============
Rank: 30 Sync_time: 0.179827
============ Load Balance Report ==============
Rank: 6 Sync_time: 0.121129
============ Load Balance Report ==============
Rank: 1 Sync_time: 0.23634
============ Load Balance Report ==============
Rank: 14 Sync_time: 0.186752
============ Load Balance Report ==============
Rank: 24 Sync_time: 0.0847433
============ Load Balance Report ==============
Rank: 16 Sync_time: 0.195379
============ Load Balance Report ==============
Rank: 18 Sync_time: 0.145372
============ Load Balance Report ==============
Rank: 7 Sync_time: 0.0952957
============ Load Balance Report ==============
Rank: 12 Sync_time: 0.112742
============ Load Balance Report ==============
Rank: 28 Sync_time: 0.121387
============ Load Balance Report ==============
Rank: 2 Sync_time: 0.172623
============ Load Balance Report ==============
Rank: ============ Load Balance Report ==============
Rank: 13 Sync_time: 0.13785
17 Sync_time: 0.182755
============ Load Balance Report ==============
Rank: 15 Sync_time: 0.17932
